[0m08:54:47.156558 [debug] [MainThread]: Sending event: {'category': 'dbt', 'action': 'invocation', 'label': 'start', 'context': [<snowplow_tracker.self_describing_json.SelfDescribingJson object at 0x75656a05d8b0>, <snowplow_tracker.self_describing_json.SelfDescribingJson object at 0x756569db20c0>, <snowplow_tracker.self_describing_json.SelfDescribingJson object at 0x75656a05e570>]}


============================== 08:54:47.161763 | 4593e3f3-7711-4b1b-9046-49d4c3ed972e ==============================
[0m08:54:47.161763 [info ] [MainThread]: Running with dbt=1.9.2
[0m08:54:47.162262 [debug] [MainThread]: running dbt with arguments {'printer_width': '80', 'indirect_selection': 'eager', 'write_json': 'True', 'log_cache_events': 'False', 'partial_parse': 'True', 'cache_selected_only': 'False', 'profiles_dir': '/opt/airflow/etldbt', 'fail_fast': 'False', 'debug': 'False', 'log_path': 'logs', 'version_check': 'True', 'warn_error': 'None', 'use_colors': 'True', 'use_experimental_parser': 'False', 'empty': 'None', 'quiet': 'False', 'no_print': 'None', 'log_format': 'default', 'invocation_command': 'dbt init my_project --profiles-dir /opt/airflow/etldbt', 'static_parser': 'True', 'warn_error_options': 'WarnErrorOptions(include=[], exclude=[])', 'target_path': 'None', 'introspect': 'True', 'send_anonymous_usage_stats': 'True'}
[0m08:54:47.167394 [debug] [MainThread]: Starter project path: /home/airflow/.local/lib/python3.12/site-packages/dbt/include/starter_project
[0m08:54:47.168617 [info ] [MainThread]: 
Your new dbt project "my_project" was created!

For more information on how to configure the profiles.yml file,
please consult the dbt documentation here:

  https://docs.getdbt.com/docs/configure-your-profile

One more thing:

Need help? Don't hesitate to reach out to us via GitHub issues or on Slack:

  https://community.getdbt.com/

Happy modeling!

[0m08:54:47.168914 [info ] [MainThread]: Setting up your profile.
[0m08:54:47.195913 [info ] [MainThread]: Profile my_project written to /opt/airflow/etldbt/profiles.yml using target's sample configuration. Once updated, you'll be able to start developing with dbt.
[0m08:54:47.196608 [debug] [MainThread]: Resource report: {"command_name": "init", "command_success": true, "command_wall_clock_time": 0.100044474, "process_in_blocks": "0", "process_kernel_time": 0.074918, "process_mem_max_rss": "111284", "process_out_blocks": "72", "process_user_time": 1.303583}
[0m08:54:47.196986 [debug] [MainThread]: Command `dbt init` succeeded at 08:54:47.196918 after 0.10 seconds
[0m08:54:47.197236 [debug] [MainThread]: Sending event: {'category': 'dbt', 'action': 'invocation', 'label': 'end', 'context': [<snowplow_tracker.self_describing_json.SelfDescribingJson object at 0x7565698d5ee0>, <snowplow_tracker.self_describing_json.SelfDescribingJson object at 0x7565698422a0>, <snowplow_tracker.self_describing_json.SelfDescribingJson object at 0x756569841a60>]}
[0m08:54:47.197499 [debug] [MainThread]: Flushing usage events
[0m08:54:48.780450 [debug] [MainThread]: An error was encountered while trying to flush usage events
