[2025-02-04T14:07:52.975+0000] {processor.py:186} INFO - Started process (PID=122) to work on /home/airflow/.local/lib/python3.12/site-packages/airflow/example_dags/example_branch_day_of_week_operator.py
[2025-02-04T14:07:52.990+0000] {processor.py:914} INFO - Processing file /home/airflow/.local/lib/python3.12/site-packages/airflow/example_dags/example_branch_day_of_week_operator.py for tasks to queue
[2025-02-04T14:07:53.007+0000] {logging_mixin.py:190} INFO - [2025-02-04T14:07:53.004+0000] {dagbag.py:588} INFO - Filling up the DagBag from /home/airflow/.local/lib/python3.12/site-packages/airflow/example_dags/example_branch_day_of_week_operator.py
[2025-02-04T14:07:53.074+0000] {processor.py:925} INFO - DAG(s) 'example_weekday_branch_operator' retrieved from /home/airflow/.local/lib/python3.12/site-packages/airflow/example_dags/example_branch_day_of_week_operator.py
[2025-02-04T14:07:54.849+0000] {logging_mixin.py:190} INFO - [2025-02-04T14:07:54.847+0000] {override.py:1911} INFO - Created Permission View: can delete on DAG:example_weekday_branch_operator
[2025-02-04T14:07:55.272+0000] {logging_mixin.py:190} INFO - [2025-02-04T14:07:55.271+0000] {override.py:1911} INFO - Created Permission View: can read on DAG:example_weekday_branch_operator
[2025-02-04T14:07:55.543+0000] {logging_mixin.py:190} INFO - [2025-02-04T14:07:55.542+0000] {override.py:1911} INFO - Created Permission View: can edit on DAG:example_weekday_branch_operator
[2025-02-04T14:07:55.730+0000] {logging_mixin.py:190} INFO - [2025-02-04T14:07:55.728+0000] {override.py:1911} INFO - Created Permission View: can delete on DAG Run:example_weekday_branch_operator
[2025-02-04T14:07:55.870+0000] {logging_mixin.py:190} INFO - [2025-02-04T14:07:55.869+0000] {override.py:1911} INFO - Created Permission View: menu access on DAG Run:example_weekday_branch_operator
[2025-02-04T14:07:55.953+0000] {logging_mixin.py:190} INFO - [2025-02-04T14:07:55.953+0000] {override.py:1911} INFO - Created Permission View: can read on DAG Run:example_weekday_branch_operator
[2025-02-04T14:07:56.024+0000] {logging_mixin.py:190} INFO - [2025-02-04T14:07:56.023+0000] {override.py:1911} INFO - Created Permission View: can create on DAG Run:example_weekday_branch_operator
[2025-02-04T14:07:56.038+0000] {logging_mixin.py:190} INFO - [2025-02-04T14:07:56.033+0000] {dag.py:3239} INFO - Sync 1 DAGs
[2025-02-04T14:07:56.227+0000] {logging_mixin.py:190} INFO - [2025-02-04T14:07:56.226+0000] {dag.py:3262} INFO - Creating ORM DAG for example_weekday_branch_operator
[2025-02-04T14:07:56.304+0000] {logging_mixin.py:190} INFO - [2025-02-04T14:07:56.304+0000] {dag.py:4180} INFO - Setting next_dagrun for example_weekday_branch_operator to 2025-02-03 00:00:00+00:00, run_after=2025-02-04 00:00:00+00:00
[2025-02-04T14:07:56.539+0000] {processor.py:208} INFO - Processing /home/airflow/.local/lib/python3.12/site-packages/airflow/example_dags/example_branch_day_of_week_operator.py took 3.138 seconds
[2025-02-04T14:08:35.796+0000] {processor.py:186} INFO - Started process (PID=192) to work on /home/airflow/.local/lib/python3.12/site-packages/airflow/example_dags/example_branch_day_of_week_operator.py
[2025-02-04T14:08:35.798+0000] {processor.py:914} INFO - Processing file /home/airflow/.local/lib/python3.12/site-packages/airflow/example_dags/example_branch_day_of_week_operator.py for tasks to queue
[2025-02-04T14:08:35.806+0000] {logging_mixin.py:190} INFO - [2025-02-04T14:08:35.805+0000] {dagbag.py:588} INFO - Filling up the DagBag from /home/airflow/.local/lib/python3.12/site-packages/airflow/example_dags/example_branch_day_of_week_operator.py
[2025-02-04T14:08:35.834+0000] {processor.py:925} INFO - DAG(s) 'example_weekday_branch_operator' retrieved from /home/airflow/.local/lib/python3.12/site-packages/airflow/example_dags/example_branch_day_of_week_operator.py
[2025-02-04T14:08:35.880+0000] {logging_mixin.py:190} INFO - [2025-02-04T14:08:35.879+0000] {dag.py:3239} INFO - Sync 1 DAGs
[2025-02-04T14:08:35.964+0000] {logging_mixin.py:190} INFO - [2025-02-04T14:08:35.963+0000] {dag.py:4180} INFO - Setting next_dagrun for example_weekday_branch_operator to 2025-02-03 00:00:00+00:00, run_after=2025-02-04 00:00:00+00:00
[2025-02-04T14:08:36.014+0000] {processor.py:208} INFO - Processing /home/airflow/.local/lib/python3.12/site-packages/airflow/example_dags/example_branch_day_of_week_operator.py took 0.233 seconds
[2025-02-04T14:09:06.542+0000] {processor.py:186} INFO - Started process (PID=255) to work on /home/airflow/.local/lib/python3.12/site-packages/airflow/example_dags/example_branch_day_of_week_operator.py
[2025-02-04T14:09:06.545+0000] {processor.py:914} INFO - Processing file /home/airflow/.local/lib/python3.12/site-packages/airflow/example_dags/example_branch_day_of_week_operator.py for tasks to queue
[2025-02-04T14:09:06.550+0000] {logging_mixin.py:190} INFO - [2025-02-04T14:09:06.550+0000] {dagbag.py:588} INFO - Filling up the DagBag from /home/airflow/.local/lib/python3.12/site-packages/airflow/example_dags/example_branch_day_of_week_operator.py
[2025-02-04T14:09:06.574+0000] {processor.py:925} INFO - DAG(s) 'example_weekday_branch_operator' retrieved from /home/airflow/.local/lib/python3.12/site-packages/airflow/example_dags/example_branch_day_of_week_operator.py
[2025-02-04T14:09:06.628+0000] {logging_mixin.py:190} INFO - [2025-02-04T14:09:06.628+0000] {dag.py:3239} INFO - Sync 1 DAGs
[2025-02-04T14:09:06.715+0000] {logging_mixin.py:190} INFO - [2025-02-04T14:09:06.715+0000] {dag.py:4180} INFO - Setting next_dagrun for example_weekday_branch_operator to 2025-02-03 00:00:00+00:00, run_after=2025-02-04 00:00:00+00:00
[2025-02-04T14:09:06.792+0000] {processor.py:208} INFO - Processing /home/airflow/.local/lib/python3.12/site-packages/airflow/example_dags/example_branch_day_of_week_operator.py took 0.263 seconds
[2025-02-04T14:09:37.221+0000] {processor.py:186} INFO - Started process (PID=318) to work on /home/airflow/.local/lib/python3.12/site-packages/airflow/example_dags/example_branch_day_of_week_operator.py
[2025-02-04T14:09:37.224+0000] {processor.py:914} INFO - Processing file /home/airflow/.local/lib/python3.12/site-packages/airflow/example_dags/example_branch_day_of_week_operator.py for tasks to queue
[2025-02-04T14:09:37.229+0000] {logging_mixin.py:190} INFO - [2025-02-04T14:09:37.229+0000] {dagbag.py:588} INFO - Filling up the DagBag from /home/airflow/.local/lib/python3.12/site-packages/airflow/example_dags/example_branch_day_of_week_operator.py
[2025-02-04T14:09:37.252+0000] {processor.py:925} INFO - DAG(s) 'example_weekday_branch_operator' retrieved from /home/airflow/.local/lib/python3.12/site-packages/airflow/example_dags/example_branch_day_of_week_operator.py
[2025-02-04T14:09:37.297+0000] {logging_mixin.py:190} INFO - [2025-02-04T14:09:37.297+0000] {dag.py:3239} INFO - Sync 1 DAGs
[2025-02-04T14:09:37.343+0000] {logging_mixin.py:190} INFO - [2025-02-04T14:09:37.343+0000] {dag.py:4180} INFO - Setting next_dagrun for example_weekday_branch_operator to 2025-02-03 00:00:00+00:00, run_after=2025-02-04 00:00:00+00:00
[2025-02-04T14:09:37.382+0000] {processor.py:208} INFO - Processing /home/airflow/.local/lib/python3.12/site-packages/airflow/example_dags/example_branch_day_of_week_operator.py took 0.174 seconds
[2025-02-04T14:10:08.116+0000] {processor.py:186} INFO - Started process (PID=382) to work on /home/airflow/.local/lib/python3.12/site-packages/airflow/example_dags/example_branch_day_of_week_operator.py
[2025-02-04T14:10:08.118+0000] {processor.py:914} INFO - Processing file /home/airflow/.local/lib/python3.12/site-packages/airflow/example_dags/example_branch_day_of_week_operator.py for tasks to queue
[2025-02-04T14:10:08.123+0000] {logging_mixin.py:190} INFO - [2025-02-04T14:10:08.123+0000] {dagbag.py:588} INFO - Filling up the DagBag from /home/airflow/.local/lib/python3.12/site-packages/airflow/example_dags/example_branch_day_of_week_operator.py
[2025-02-04T14:10:08.140+0000] {processor.py:925} INFO - DAG(s) 'example_weekday_branch_operator' retrieved from /home/airflow/.local/lib/python3.12/site-packages/airflow/example_dags/example_branch_day_of_week_operator.py
[2025-02-04T14:10:08.174+0000] {logging_mixin.py:190} INFO - [2025-02-04T14:10:08.174+0000] {dag.py:3239} INFO - Sync 1 DAGs
[2025-02-04T14:10:08.215+0000] {logging_mixin.py:190} INFO - [2025-02-04T14:10:08.214+0000] {dag.py:4180} INFO - Setting next_dagrun for example_weekday_branch_operator to 2025-02-03 00:00:00+00:00, run_after=2025-02-04 00:00:00+00:00
[2025-02-04T14:10:08.251+0000] {processor.py:208} INFO - Processing /home/airflow/.local/lib/python3.12/site-packages/airflow/example_dags/example_branch_day_of_week_operator.py took 0.144 seconds
[2025-02-04T14:10:53.043+0000] {processor.py:186} INFO - Started process (PID=446) to work on /home/airflow/.local/lib/python3.12/site-packages/airflow/example_dags/example_branch_day_of_week_operator.py
[2025-02-04T14:10:53.056+0000] {processor.py:914} INFO - Processing file /home/airflow/.local/lib/python3.12/site-packages/airflow/example_dags/example_branch_day_of_week_operator.py for tasks to queue
[2025-02-04T14:10:53.070+0000] {logging_mixin.py:190} INFO - [2025-02-04T14:10:53.069+0000] {dagbag.py:588} INFO - Filling up the DagBag from /home/airflow/.local/lib/python3.12/site-packages/airflow/example_dags/example_branch_day_of_week_operator.py
[2025-02-04T14:10:53.127+0000] {processor.py:925} INFO - DAG(s) 'example_weekday_branch_operator' retrieved from /home/airflow/.local/lib/python3.12/site-packages/airflow/example_dags/example_branch_day_of_week_operator.py
[2025-02-04T14:10:53.261+0000] {logging_mixin.py:190} INFO - [2025-02-04T14:10:53.261+0000] {dag.py:3239} INFO - Sync 1 DAGs
[2025-02-04T14:10:53.432+0000] {logging_mixin.py:190} INFO - [2025-02-04T14:10:53.432+0000] {dag.py:4180} INFO - Setting next_dagrun for example_weekday_branch_operator to 2025-02-03 00:00:00+00:00, run_after=2025-02-04 00:00:00+00:00
[2025-02-04T14:10:53.495+0000] {processor.py:208} INFO - Processing /home/airflow/.local/lib/python3.12/site-packages/airflow/example_dags/example_branch_day_of_week_operator.py took 0.483 seconds
[2025-02-04T14:11:30.899+0000] {processor.py:186} INFO - Started process (PID=514) to work on /home/airflow/.local/lib/python3.12/site-packages/airflow/example_dags/example_branch_day_of_week_operator.py
[2025-02-04T14:11:30.901+0000] {processor.py:914} INFO - Processing file /home/airflow/.local/lib/python3.12/site-packages/airflow/example_dags/example_branch_day_of_week_operator.py for tasks to queue
[2025-02-04T14:11:30.906+0000] {logging_mixin.py:190} INFO - [2025-02-04T14:11:30.906+0000] {dagbag.py:588} INFO - Filling up the DagBag from /home/airflow/.local/lib/python3.12/site-packages/airflow/example_dags/example_branch_day_of_week_operator.py
[2025-02-04T14:11:30.938+0000] {processor.py:925} INFO - DAG(s) 'example_weekday_branch_operator' retrieved from /home/airflow/.local/lib/python3.12/site-packages/airflow/example_dags/example_branch_day_of_week_operator.py
[2025-02-04T14:11:31.156+0000] {logging_mixin.py:190} INFO - [2025-02-04T14:11:31.154+0000] {dag.py:3239} INFO - Sync 1 DAGs
[2025-02-04T14:11:31.348+0000] {logging_mixin.py:190} INFO - [2025-02-04T14:11:31.347+0000] {dag.py:4180} INFO - Setting next_dagrun for example_weekday_branch_operator to 2025-02-03 00:00:00+00:00, run_after=2025-02-04 00:00:00+00:00
[2025-02-04T14:11:31.476+0000] {processor.py:208} INFO - Processing /home/airflow/.local/lib/python3.12/site-packages/airflow/example_dags/example_branch_day_of_week_operator.py took 0.596 seconds
[2025-02-04T14:18:43.770+0000] {processor.py:186} INFO - Started process (PID=108) to work on /home/airflow/.local/lib/python3.12/site-packages/airflow/example_dags/example_branch_day_of_week_operator.py
[2025-02-04T14:18:43.772+0000] {processor.py:914} INFO - Processing file /home/airflow/.local/lib/python3.12/site-packages/airflow/example_dags/example_branch_day_of_week_operator.py for tasks to queue
[2025-02-04T14:18:43.779+0000] {logging_mixin.py:190} INFO - [2025-02-04T14:18:43.778+0000] {dagbag.py:588} INFO - Filling up the DagBag from /home/airflow/.local/lib/python3.12/site-packages/airflow/example_dags/example_branch_day_of_week_operator.py
[2025-02-04T14:18:43.805+0000] {processor.py:925} INFO - DAG(s) 'example_weekday_branch_operator' retrieved from /home/airflow/.local/lib/python3.12/site-packages/airflow/example_dags/example_branch_day_of_week_operator.py
[2025-02-04T14:18:43.853+0000] {logging_mixin.py:190} INFO - [2025-02-04T14:18:43.852+0000] {dag.py:3239} INFO - Sync 1 DAGs
[2025-02-04T14:18:43.931+0000] {logging_mixin.py:190} INFO - [2025-02-04T14:18:43.930+0000] {dag.py:4180} INFO - Setting next_dagrun for example_weekday_branch_operator to 2025-02-03 00:00:00+00:00, run_after=2025-02-04 00:00:00+00:00
[2025-02-04T14:18:43.986+0000] {processor.py:208} INFO - Processing /home/airflow/.local/lib/python3.12/site-packages/airflow/example_dags/example_branch_day_of_week_operator.py took 0.228 seconds
[2025-02-04T14:19:15.398+0000] {processor.py:186} INFO - Started process (PID=172) to work on /home/airflow/.local/lib/python3.12/site-packages/airflow/example_dags/example_branch_day_of_week_operator.py
[2025-02-04T14:19:15.400+0000] {processor.py:914} INFO - Processing file /home/airflow/.local/lib/python3.12/site-packages/airflow/example_dags/example_branch_day_of_week_operator.py for tasks to queue
[2025-02-04T14:19:15.407+0000] {logging_mixin.py:190} INFO - [2025-02-04T14:19:15.406+0000] {dagbag.py:588} INFO - Filling up the DagBag from /home/airflow/.local/lib/python3.12/site-packages/airflow/example_dags/example_branch_day_of_week_operator.py
[2025-02-04T14:19:15.446+0000] {processor.py:925} INFO - DAG(s) 'example_weekday_branch_operator' retrieved from /home/airflow/.local/lib/python3.12/site-packages/airflow/example_dags/example_branch_day_of_week_operator.py
[2025-02-04T14:19:15.524+0000] {logging_mixin.py:190} INFO - [2025-02-04T14:19:15.524+0000] {dag.py:3239} INFO - Sync 1 DAGs
[2025-02-04T14:19:15.615+0000] {logging_mixin.py:190} INFO - [2025-02-04T14:19:15.614+0000] {dag.py:4180} INFO - Setting next_dagrun for example_weekday_branch_operator to 2025-02-03 00:00:00+00:00, run_after=2025-02-04 00:00:00+00:00
[2025-02-04T14:19:15.691+0000] {processor.py:208} INFO - Processing /home/airflow/.local/lib/python3.12/site-packages/airflow/example_dags/example_branch_day_of_week_operator.py took 0.304 seconds
[2025-02-04T14:19:45.875+0000] {processor.py:186} INFO - Started process (PID=243) to work on /home/airflow/.local/lib/python3.12/site-packages/airflow/example_dags/example_branch_day_of_week_operator.py
[2025-02-04T14:19:45.887+0000] {processor.py:914} INFO - Processing file /home/airflow/.local/lib/python3.12/site-packages/airflow/example_dags/example_branch_day_of_week_operator.py for tasks to queue
[2025-02-04T14:19:45.892+0000] {logging_mixin.py:190} INFO - [2025-02-04T14:19:45.891+0000] {dagbag.py:588} INFO - Filling up the DagBag from /home/airflow/.local/lib/python3.12/site-packages/airflow/example_dags/example_branch_day_of_week_operator.py
[2025-02-04T14:19:45.937+0000] {processor.py:925} INFO - DAG(s) 'example_weekday_branch_operator' retrieved from /home/airflow/.local/lib/python3.12/site-packages/airflow/example_dags/example_branch_day_of_week_operator.py
[2025-02-04T14:19:45.988+0000] {logging_mixin.py:190} INFO - [2025-02-04T14:19:45.988+0000] {dag.py:3239} INFO - Sync 1 DAGs
[2025-02-04T14:19:46.036+0000] {logging_mixin.py:190} INFO - [2025-02-04T14:19:46.036+0000] {dag.py:4180} INFO - Setting next_dagrun for example_weekday_branch_operator to 2025-02-03 00:00:00+00:00, run_after=2025-02-04 00:00:00+00:00
[2025-02-04T14:19:46.087+0000] {processor.py:208} INFO - Processing /home/airflow/.local/lib/python3.12/site-packages/airflow/example_dags/example_branch_day_of_week_operator.py took 0.252 seconds
[2025-02-04T14:20:16.725+0000] {processor.py:186} INFO - Started process (PID=312) to work on /home/airflow/.local/lib/python3.12/site-packages/airflow/example_dags/example_branch_day_of_week_operator.py
[2025-02-04T14:20:16.728+0000] {processor.py:914} INFO - Processing file /home/airflow/.local/lib/python3.12/site-packages/airflow/example_dags/example_branch_day_of_week_operator.py for tasks to queue
[2025-02-04T14:20:16.732+0000] {logging_mixin.py:190} INFO - [2025-02-04T14:20:16.732+0000] {dagbag.py:588} INFO - Filling up the DagBag from /home/airflow/.local/lib/python3.12/site-packages/airflow/example_dags/example_branch_day_of_week_operator.py
[2025-02-04T14:20:16.756+0000] {processor.py:925} INFO - DAG(s) 'example_weekday_branch_operator' retrieved from /home/airflow/.local/lib/python3.12/site-packages/airflow/example_dags/example_branch_day_of_week_operator.py
[2025-02-04T14:20:16.796+0000] {logging_mixin.py:190} INFO - [2025-02-04T14:20:16.796+0000] {dag.py:3239} INFO - Sync 1 DAGs
[2025-02-04T14:20:16.845+0000] {logging_mixin.py:190} INFO - [2025-02-04T14:20:16.845+0000] {dag.py:4180} INFO - Setting next_dagrun for example_weekday_branch_operator to 2025-02-03 00:00:00+00:00, run_after=2025-02-04 00:00:00+00:00
[2025-02-04T14:20:16.896+0000] {processor.py:208} INFO - Processing /home/airflow/.local/lib/python3.12/site-packages/airflow/example_dags/example_branch_day_of_week_operator.py took 0.194 seconds
[2025-02-04T14:20:54.543+0000] {processor.py:186} INFO - Started process (PID=382) to work on /home/airflow/.local/lib/python3.12/site-packages/airflow/example_dags/example_branch_day_of_week_operator.py
[2025-02-04T14:20:54.546+0000] {processor.py:914} INFO - Processing file /home/airflow/.local/lib/python3.12/site-packages/airflow/example_dags/example_branch_day_of_week_operator.py for tasks to queue
[2025-02-04T14:20:54.548+0000] {logging_mixin.py:190} INFO - [2025-02-04T14:20:54.548+0000] {dagbag.py:588} INFO - Filling up the DagBag from /home/airflow/.local/lib/python3.12/site-packages/airflow/example_dags/example_branch_day_of_week_operator.py
[2025-02-04T14:20:54.568+0000] {processor.py:925} INFO - DAG(s) 'example_weekday_branch_operator' retrieved from /home/airflow/.local/lib/python3.12/site-packages/airflow/example_dags/example_branch_day_of_week_operator.py
[2025-02-04T14:20:54.618+0000] {logging_mixin.py:190} INFO - [2025-02-04T14:20:54.617+0000] {dag.py:3239} INFO - Sync 1 DAGs
[2025-02-04T14:20:54.690+0000] {logging_mixin.py:190} INFO - [2025-02-04T14:20:54.690+0000] {dag.py:4180} INFO - Setting next_dagrun for example_weekday_branch_operator to 2025-02-03 00:00:00+00:00, run_after=2025-02-04 00:00:00+00:00
[2025-02-04T14:20:54.729+0000] {processor.py:208} INFO - Processing /home/airflow/.local/lib/python3.12/site-packages/airflow/example_dags/example_branch_day_of_week_operator.py took 0.200 seconds
[2025-02-04T14:21:25.744+0000] {processor.py:186} INFO - Started process (PID=455) to work on /home/airflow/.local/lib/python3.12/site-packages/airflow/example_dags/example_branch_day_of_week_operator.py
[2025-02-04T14:21:25.746+0000] {processor.py:914} INFO - Processing file /home/airflow/.local/lib/python3.12/site-packages/airflow/example_dags/example_branch_day_of_week_operator.py for tasks to queue
[2025-02-04T14:21:25.750+0000] {logging_mixin.py:190} INFO - [2025-02-04T14:21:25.748+0000] {dagbag.py:588} INFO - Filling up the DagBag from /home/airflow/.local/lib/python3.12/site-packages/airflow/example_dags/example_branch_day_of_week_operator.py
[2025-02-04T14:21:25.791+0000] {processor.py:925} INFO - DAG(s) 'example_weekday_branch_operator' retrieved from /home/airflow/.local/lib/python3.12/site-packages/airflow/example_dags/example_branch_day_of_week_operator.py
[2025-02-04T14:21:25.911+0000] {logging_mixin.py:190} INFO - [2025-02-04T14:21:25.910+0000] {dag.py:3239} INFO - Sync 1 DAGs
[2025-02-04T14:21:25.986+0000] {logging_mixin.py:190} INFO - [2025-02-04T14:21:25.986+0000] {dag.py:4180} INFO - Setting next_dagrun for example_weekday_branch_operator to 2025-02-03 00:00:00+00:00, run_after=2025-02-04 00:00:00+00:00
[2025-02-04T14:21:26.028+0000] {processor.py:208} INFO - Processing /home/airflow/.local/lib/python3.12/site-packages/airflow/example_dags/example_branch_day_of_week_operator.py took 0.310 seconds
[2025-02-04T14:21:57.499+0000] {processor.py:186} INFO - Started process (PID=520) to work on /home/airflow/.local/lib/python3.12/site-packages/airflow/example_dags/example_branch_day_of_week_operator.py
[2025-02-04T14:21:57.503+0000] {processor.py:914} INFO - Processing file /home/airflow/.local/lib/python3.12/site-packages/airflow/example_dags/example_branch_day_of_week_operator.py for tasks to queue
[2025-02-04T14:21:57.506+0000] {logging_mixin.py:190} INFO - [2025-02-04T14:21:57.506+0000] {dagbag.py:588} INFO - Filling up the DagBag from /home/airflow/.local/lib/python3.12/site-packages/airflow/example_dags/example_branch_day_of_week_operator.py
[2025-02-04T14:21:57.528+0000] {processor.py:925} INFO - DAG(s) 'example_weekday_branch_operator' retrieved from /home/airflow/.local/lib/python3.12/site-packages/airflow/example_dags/example_branch_day_of_week_operator.py
[2025-02-04T14:21:57.569+0000] {logging_mixin.py:190} INFO - [2025-02-04T14:21:57.568+0000] {dag.py:3239} INFO - Sync 1 DAGs
[2025-02-04T14:21:57.623+0000] {logging_mixin.py:190} INFO - [2025-02-04T14:21:57.623+0000] {dag.py:4180} INFO - Setting next_dagrun for example_weekday_branch_operator to 2025-02-03 00:00:00+00:00, run_after=2025-02-04 00:00:00+00:00
[2025-02-04T14:21:57.665+0000] {processor.py:208} INFO - Processing /home/airflow/.local/lib/python3.12/site-packages/airflow/example_dags/example_branch_day_of_week_operator.py took 0.179 seconds
[2025-02-04T14:22:30.116+0000] {processor.py:186} INFO - Started process (PID=593) to work on /home/airflow/.local/lib/python3.12/site-packages/airflow/example_dags/example_branch_day_of_week_operator.py
[2025-02-04T14:22:30.118+0000] {processor.py:914} INFO - Processing file /home/airflow/.local/lib/python3.12/site-packages/airflow/example_dags/example_branch_day_of_week_operator.py for tasks to queue
[2025-02-04T14:22:30.122+0000] {logging_mixin.py:190} INFO - [2025-02-04T14:22:30.121+0000] {dagbag.py:588} INFO - Filling up the DagBag from /home/airflow/.local/lib/python3.12/site-packages/airflow/example_dags/example_branch_day_of_week_operator.py
[2025-02-04T14:22:30.151+0000] {processor.py:925} INFO - DAG(s) 'example_weekday_branch_operator' retrieved from /home/airflow/.local/lib/python3.12/site-packages/airflow/example_dags/example_branch_day_of_week_operator.py
[2025-02-04T14:22:30.217+0000] {logging_mixin.py:190} INFO - [2025-02-04T14:22:30.216+0000] {dag.py:3239} INFO - Sync 1 DAGs
[2025-02-04T14:22:30.319+0000] {logging_mixin.py:190} INFO - [2025-02-04T14:22:30.318+0000] {dag.py:4180} INFO - Setting next_dagrun for example_weekday_branch_operator to 2025-02-03 00:00:00+00:00, run_after=2025-02-04 00:00:00+00:00
[2025-02-04T14:22:30.371+0000] {processor.py:208} INFO - Processing /home/airflow/.local/lib/python3.12/site-packages/airflow/example_dags/example_branch_day_of_week_operator.py took 0.272 seconds
[2025-02-04T14:23:00.983+0000] {processor.py:186} INFO - Started process (PID=661) to work on /home/airflow/.local/lib/python3.12/site-packages/airflow/example_dags/example_branch_day_of_week_operator.py
[2025-02-04T14:23:00.985+0000] {processor.py:914} INFO - Processing file /home/airflow/.local/lib/python3.12/site-packages/airflow/example_dags/example_branch_day_of_week_operator.py for tasks to queue
[2025-02-04T14:23:00.989+0000] {logging_mixin.py:190} INFO - [2025-02-04T14:23:00.988+0000] {dagbag.py:588} INFO - Filling up the DagBag from /home/airflow/.local/lib/python3.12/site-packages/airflow/example_dags/example_branch_day_of_week_operator.py
[2025-02-04T14:23:01.012+0000] {processor.py:925} INFO - DAG(s) 'example_weekday_branch_operator' retrieved from /home/airflow/.local/lib/python3.12/site-packages/airflow/example_dags/example_branch_day_of_week_operator.py
[2025-02-04T14:23:01.053+0000] {logging_mixin.py:190} INFO - [2025-02-04T14:23:01.053+0000] {dag.py:3239} INFO - Sync 1 DAGs
[2025-02-04T14:23:01.114+0000] {logging_mixin.py:190} INFO - [2025-02-04T14:23:01.113+0000] {dag.py:4180} INFO - Setting next_dagrun for example_weekday_branch_operator to 2025-02-03 00:00:00+00:00, run_after=2025-02-04 00:00:00+00:00
[2025-02-04T14:23:01.178+0000] {processor.py:208} INFO - Processing /home/airflow/.local/lib/python3.12/site-packages/airflow/example_dags/example_branch_day_of_week_operator.py took 0.206 seconds
[2025-02-04T14:23:31.837+0000] {processor.py:186} INFO - Started process (PID=725) to work on /home/airflow/.local/lib/python3.12/site-packages/airflow/example_dags/example_branch_day_of_week_operator.py
[2025-02-04T14:23:31.838+0000] {processor.py:914} INFO - Processing file /home/airflow/.local/lib/python3.12/site-packages/airflow/example_dags/example_branch_day_of_week_operator.py for tasks to queue
[2025-02-04T14:23:31.840+0000] {logging_mixin.py:190} INFO - [2025-02-04T14:23:31.840+0000] {dagbag.py:588} INFO - Filling up the DagBag from /home/airflow/.local/lib/python3.12/site-packages/airflow/example_dags/example_branch_day_of_week_operator.py
[2025-02-04T14:23:31.856+0000] {processor.py:925} INFO - DAG(s) 'example_weekday_branch_operator' retrieved from /home/airflow/.local/lib/python3.12/site-packages/airflow/example_dags/example_branch_day_of_week_operator.py
[2025-02-04T14:23:31.887+0000] {logging_mixin.py:190} INFO - [2025-02-04T14:23:31.886+0000] {dag.py:3239} INFO - Sync 1 DAGs
[2025-02-04T14:23:31.932+0000] {logging_mixin.py:190} INFO - [2025-02-04T14:23:31.932+0000] {dag.py:4180} INFO - Setting next_dagrun for example_weekday_branch_operator to 2025-02-03 00:00:00+00:00, run_after=2025-02-04 00:00:00+00:00
[2025-02-04T14:23:31.965+0000] {processor.py:208} INFO - Processing /home/airflow/.local/lib/python3.12/site-packages/airflow/example_dags/example_branch_day_of_week_operator.py took 0.138 seconds
[2025-02-04T14:24:03.169+0000] {processor.py:186} INFO - Started process (PID=789) to work on /home/airflow/.local/lib/python3.12/site-packages/airflow/example_dags/example_branch_day_of_week_operator.py
[2025-02-04T14:24:03.170+0000] {processor.py:914} INFO - Processing file /home/airflow/.local/lib/python3.12/site-packages/airflow/example_dags/example_branch_day_of_week_operator.py for tasks to queue
[2025-02-04T14:24:03.173+0000] {logging_mixin.py:190} INFO - [2025-02-04T14:24:03.173+0000] {dagbag.py:588} INFO - Filling up the DagBag from /home/airflow/.local/lib/python3.12/site-packages/airflow/example_dags/example_branch_day_of_week_operator.py
[2025-02-04T14:24:03.192+0000] {processor.py:925} INFO - DAG(s) 'example_weekday_branch_operator' retrieved from /home/airflow/.local/lib/python3.12/site-packages/airflow/example_dags/example_branch_day_of_week_operator.py
[2025-02-04T14:24:03.236+0000] {logging_mixin.py:190} INFO - [2025-02-04T14:24:03.236+0000] {dag.py:3239} INFO - Sync 1 DAGs
[2025-02-04T14:24:03.291+0000] {logging_mixin.py:190} INFO - [2025-02-04T14:24:03.290+0000] {dag.py:4180} INFO - Setting next_dagrun for example_weekday_branch_operator to 2025-02-03 00:00:00+00:00, run_after=2025-02-04 00:00:00+00:00
[2025-02-04T14:24:03.324+0000] {processor.py:208} INFO - Processing /home/airflow/.local/lib/python3.12/site-packages/airflow/example_dags/example_branch_day_of_week_operator.py took 0.168 seconds
[2025-02-04T14:32:58.191+0000] {processor.py:186} INFO - Started process (PID=126) to work on /home/airflow/.local/lib/python3.12/site-packages/airflow/example_dags/example_branch_day_of_week_operator.py
[2025-02-04T14:32:58.194+0000] {processor.py:914} INFO - Processing file /home/airflow/.local/lib/python3.12/site-packages/airflow/example_dags/example_branch_day_of_week_operator.py for tasks to queue
[2025-02-04T14:32:58.199+0000] {logging_mixin.py:190} INFO - [2025-02-04T14:32:58.198+0000] {dagbag.py:588} INFO - Filling up the DagBag from /home/airflow/.local/lib/python3.12/site-packages/airflow/example_dags/example_branch_day_of_week_operator.py
[2025-02-04T14:32:58.217+0000] {processor.py:925} INFO - DAG(s) 'example_weekday_branch_operator' retrieved from /home/airflow/.local/lib/python3.12/site-packages/airflow/example_dags/example_branch_day_of_week_operator.py
[2025-02-04T14:32:58.453+0000] {logging_mixin.py:190} INFO - [2025-02-04T14:32:58.452+0000] {override.py:1911} INFO - Created Permission View: can delete on DAG:example_weekday_branch_operator
[2025-02-04T14:32:58.478+0000] {logging_mixin.py:190} INFO - [2025-02-04T14:32:58.477+0000] {override.py:1911} INFO - Created Permission View: can read on DAG:example_weekday_branch_operator
[2025-02-04T14:32:58.494+0000] {logging_mixin.py:190} INFO - [2025-02-04T14:32:58.494+0000] {override.py:1911} INFO - Created Permission View: can edit on DAG:example_weekday_branch_operator
[2025-02-04T14:32:58.512+0000] {logging_mixin.py:190} INFO - [2025-02-04T14:32:58.512+0000] {override.py:1911} INFO - Created Permission View: can create on DAG Run:example_weekday_branch_operator
[2025-02-04T14:32:58.532+0000] {logging_mixin.py:190} INFO - [2025-02-04T14:32:58.532+0000] {override.py:1911} INFO - Created Permission View: can delete on DAG Run:example_weekday_branch_operator
[2025-02-04T14:32:58.552+0000] {logging_mixin.py:190} INFO - [2025-02-04T14:32:58.552+0000] {override.py:1911} INFO - Created Permission View: can read on DAG Run:example_weekday_branch_operator
[2025-02-04T14:32:58.569+0000] {logging_mixin.py:190} INFO - [2025-02-04T14:32:58.568+0000] {override.py:1911} INFO - Created Permission View: menu access on DAG Run:example_weekday_branch_operator
[2025-02-04T14:32:58.570+0000] {logging_mixin.py:190} INFO - [2025-02-04T14:32:58.570+0000] {dag.py:3239} INFO - Sync 1 DAGs
[2025-02-04T14:32:58.604+0000] {logging_mixin.py:190} INFO - [2025-02-04T14:32:58.603+0000] {dag.py:3262} INFO - Creating ORM DAG for example_weekday_branch_operator
[2025-02-04T14:32:58.628+0000] {logging_mixin.py:190} INFO - [2025-02-04T14:32:58.628+0000] {dag.py:4180} INFO - Setting next_dagrun for example_weekday_branch_operator to 2025-02-03 00:00:00+00:00, run_after=2025-02-04 00:00:00+00:00
[2025-02-04T14:32:58.676+0000] {processor.py:208} INFO - Processing /home/airflow/.local/lib/python3.12/site-packages/airflow/example_dags/example_branch_day_of_week_operator.py took 0.497 seconds
[2025-02-04T14:33:29.482+0000] {processor.py:186} INFO - Started process (PID=190) to work on /home/airflow/.local/lib/python3.12/site-packages/airflow/example_dags/example_branch_day_of_week_operator.py
[2025-02-04T14:33:29.485+0000] {processor.py:914} INFO - Processing file /home/airflow/.local/lib/python3.12/site-packages/airflow/example_dags/example_branch_day_of_week_operator.py for tasks to queue
[2025-02-04T14:33:29.493+0000] {logging_mixin.py:190} INFO - [2025-02-04T14:33:29.492+0000] {dagbag.py:588} INFO - Filling up the DagBag from /home/airflow/.local/lib/python3.12/site-packages/airflow/example_dags/example_branch_day_of_week_operator.py
[2025-02-04T14:33:29.518+0000] {processor.py:925} INFO - DAG(s) 'example_weekday_branch_operator' retrieved from /home/airflow/.local/lib/python3.12/site-packages/airflow/example_dags/example_branch_day_of_week_operator.py
[2025-02-04T14:33:29.563+0000] {logging_mixin.py:190} INFO - [2025-02-04T14:33:29.562+0000] {dag.py:3239} INFO - Sync 1 DAGs
[2025-02-04T14:33:29.613+0000] {logging_mixin.py:190} INFO - [2025-02-04T14:33:29.613+0000] {dag.py:4180} INFO - Setting next_dagrun for example_weekday_branch_operator to 2025-02-03 00:00:00+00:00, run_after=2025-02-04 00:00:00+00:00
[2025-02-04T14:33:29.654+0000] {processor.py:208} INFO - Processing /home/airflow/.local/lib/python3.12/site-packages/airflow/example_dags/example_branch_day_of_week_operator.py took 0.185 seconds
[2025-02-04T14:34:00.218+0000] {processor.py:186} INFO - Started process (PID=254) to work on /home/airflow/.local/lib/python3.12/site-packages/airflow/example_dags/example_branch_day_of_week_operator.py
[2025-02-04T14:34:00.255+0000] {processor.py:914} INFO - Processing file /home/airflow/.local/lib/python3.12/site-packages/airflow/example_dags/example_branch_day_of_week_operator.py for tasks to queue
[2025-02-04T14:34:00.283+0000] {logging_mixin.py:190} INFO - [2025-02-04T14:34:00.282+0000] {dagbag.py:588} INFO - Filling up the DagBag from /home/airflow/.local/lib/python3.12/site-packages/airflow/example_dags/example_branch_day_of_week_operator.py
[2025-02-04T14:34:00.363+0000] {processor.py:925} INFO - DAG(s) 'example_weekday_branch_operator' retrieved from /home/airflow/.local/lib/python3.12/site-packages/airflow/example_dags/example_branch_day_of_week_operator.py
[2025-02-04T14:34:00.473+0000] {logging_mixin.py:190} INFO - [2025-02-04T14:34:00.472+0000] {dag.py:3239} INFO - Sync 1 DAGs
[2025-02-04T14:34:00.586+0000] {logging_mixin.py:190} INFO - [2025-02-04T14:34:00.586+0000] {dag.py:4180} INFO - Setting next_dagrun for example_weekday_branch_operator to 2025-02-03 00:00:00+00:00, run_after=2025-02-04 00:00:00+00:00
[2025-02-04T14:34:00.638+0000] {processor.py:208} INFO - Processing /home/airflow/.local/lib/python3.12/site-packages/airflow/example_dags/example_branch_day_of_week_operator.py took 0.478 seconds
[2025-02-04T14:34:30.799+0000] {processor.py:186} INFO - Started process (PID=317) to work on /home/airflow/.local/lib/python3.12/site-packages/airflow/example_dags/example_branch_day_of_week_operator.py
[2025-02-04T14:34:30.801+0000] {processor.py:914} INFO - Processing file /home/airflow/.local/lib/python3.12/site-packages/airflow/example_dags/example_branch_day_of_week_operator.py for tasks to queue
[2025-02-04T14:34:30.807+0000] {logging_mixin.py:190} INFO - [2025-02-04T14:34:30.806+0000] {dagbag.py:588} INFO - Filling up the DagBag from /home/airflow/.local/lib/python3.12/site-packages/airflow/example_dags/example_branch_day_of_week_operator.py
[2025-02-04T14:34:30.826+0000] {processor.py:925} INFO - DAG(s) 'example_weekday_branch_operator' retrieved from /home/airflow/.local/lib/python3.12/site-packages/airflow/example_dags/example_branch_day_of_week_operator.py
[2025-02-04T14:34:30.874+0000] {logging_mixin.py:190} INFO - [2025-02-04T14:34:30.874+0000] {dag.py:3239} INFO - Sync 1 DAGs
[2025-02-04T14:34:30.913+0000] {logging_mixin.py:190} INFO - [2025-02-04T14:34:30.913+0000] {dag.py:4180} INFO - Setting next_dagrun for example_weekday_branch_operator to 2025-02-03 00:00:00+00:00, run_after=2025-02-04 00:00:00+00:00
[2025-02-04T14:34:30.946+0000] {processor.py:208} INFO - Processing /home/airflow/.local/lib/python3.12/site-packages/airflow/example_dags/example_branch_day_of_week_operator.py took 0.158 seconds
[2025-02-04T14:35:01.725+0000] {processor.py:186} INFO - Started process (PID=381) to work on /home/airflow/.local/lib/python3.12/site-packages/airflow/example_dags/example_branch_day_of_week_operator.py
[2025-02-04T14:35:01.727+0000] {processor.py:914} INFO - Processing file /home/airflow/.local/lib/python3.12/site-packages/airflow/example_dags/example_branch_day_of_week_operator.py for tasks to queue
[2025-02-04T14:35:01.734+0000] {logging_mixin.py:190} INFO - [2025-02-04T14:35:01.733+0000] {dagbag.py:588} INFO - Filling up the DagBag from /home/airflow/.local/lib/python3.12/site-packages/airflow/example_dags/example_branch_day_of_week_operator.py
[2025-02-04T14:35:01.773+0000] {processor.py:925} INFO - DAG(s) 'example_weekday_branch_operator' retrieved from /home/airflow/.local/lib/python3.12/site-packages/airflow/example_dags/example_branch_day_of_week_operator.py
[2025-02-04T14:35:01.839+0000] {logging_mixin.py:190} INFO - [2025-02-04T14:35:01.838+0000] {dag.py:3239} INFO - Sync 1 DAGs
[2025-02-04T14:35:01.892+0000] {logging_mixin.py:190} INFO - [2025-02-04T14:35:01.891+0000] {dag.py:4180} INFO - Setting next_dagrun for example_weekday_branch_operator to 2025-02-03 00:00:00+00:00, run_after=2025-02-04 00:00:00+00:00
[2025-02-04T14:35:01.957+0000] {processor.py:208} INFO - Processing /home/airflow/.local/lib/python3.12/site-packages/airflow/example_dags/example_branch_day_of_week_operator.py took 0.244 seconds
[2025-02-04T14:35:32.653+0000] {processor.py:186} INFO - Started process (PID=445) to work on /home/airflow/.local/lib/python3.12/site-packages/airflow/example_dags/example_branch_day_of_week_operator.py
[2025-02-04T14:35:32.655+0000] {processor.py:914} INFO - Processing file /home/airflow/.local/lib/python3.12/site-packages/airflow/example_dags/example_branch_day_of_week_operator.py for tasks to queue
[2025-02-04T14:35:32.658+0000] {logging_mixin.py:190} INFO - [2025-02-04T14:35:32.658+0000] {dagbag.py:588} INFO - Filling up the DagBag from /home/airflow/.local/lib/python3.12/site-packages/airflow/example_dags/example_branch_day_of_week_operator.py
[2025-02-04T14:35:32.675+0000] {processor.py:925} INFO - DAG(s) 'example_weekday_branch_operator' retrieved from /home/airflow/.local/lib/python3.12/site-packages/airflow/example_dags/example_branch_day_of_week_operator.py
[2025-02-04T14:35:32.709+0000] {logging_mixin.py:190} INFO - [2025-02-04T14:35:32.708+0000] {dag.py:3239} INFO - Sync 1 DAGs
[2025-02-04T14:35:32.749+0000] {logging_mixin.py:190} INFO - [2025-02-04T14:35:32.748+0000] {dag.py:4180} INFO - Setting next_dagrun for example_weekday_branch_operator to 2025-02-03 00:00:00+00:00, run_after=2025-02-04 00:00:00+00:00
[2025-02-04T14:35:32.779+0000] {processor.py:208} INFO - Processing /home/airflow/.local/lib/python3.12/site-packages/airflow/example_dags/example_branch_day_of_week_operator.py took 0.136 seconds
[2025-02-04T14:36:03.567+0000] {processor.py:186} INFO - Started process (PID=508) to work on /home/airflow/.local/lib/python3.12/site-packages/airflow/example_dags/example_branch_day_of_week_operator.py
[2025-02-04T14:36:03.570+0000] {processor.py:914} INFO - Processing file /home/airflow/.local/lib/python3.12/site-packages/airflow/example_dags/example_branch_day_of_week_operator.py for tasks to queue
[2025-02-04T14:36:03.575+0000] {logging_mixin.py:190} INFO - [2025-02-04T14:36:03.575+0000] {dagbag.py:588} INFO - Filling up the DagBag from /home/airflow/.local/lib/python3.12/site-packages/airflow/example_dags/example_branch_day_of_week_operator.py
[2025-02-04T14:36:03.596+0000] {processor.py:925} INFO - DAG(s) 'example_weekday_branch_operator' retrieved from /home/airflow/.local/lib/python3.12/site-packages/airflow/example_dags/example_branch_day_of_week_operator.py
[2025-02-04T14:36:03.636+0000] {logging_mixin.py:190} INFO - [2025-02-04T14:36:03.635+0000] {dag.py:3239} INFO - Sync 1 DAGs
[2025-02-04T14:36:03.682+0000] {logging_mixin.py:190} INFO - [2025-02-04T14:36:03.681+0000] {dag.py:4180} INFO - Setting next_dagrun for example_weekday_branch_operator to 2025-02-03 00:00:00+00:00, run_after=2025-02-04 00:00:00+00:00
[2025-02-04T14:36:03.718+0000] {processor.py:208} INFO - Processing /home/airflow/.local/lib/python3.12/site-packages/airflow/example_dags/example_branch_day_of_week_operator.py took 0.165 seconds
[2025-02-04T14:36:46.133+0000] {processor.py:186} INFO - Started process (PID=572) to work on /home/airflow/.local/lib/python3.12/site-packages/airflow/example_dags/example_branch_day_of_week_operator.py
[2025-02-04T14:36:46.142+0000] {processor.py:914} INFO - Processing file /home/airflow/.local/lib/python3.12/site-packages/airflow/example_dags/example_branch_day_of_week_operator.py for tasks to queue
[2025-02-04T14:36:46.147+0000] {logging_mixin.py:190} INFO - [2025-02-04T14:36:46.146+0000] {dagbag.py:588} INFO - Filling up the DagBag from /home/airflow/.local/lib/python3.12/site-packages/airflow/example_dags/example_branch_day_of_week_operator.py
[2025-02-04T14:36:46.183+0000] {processor.py:925} INFO - DAG(s) 'example_weekday_branch_operator' retrieved from /home/airflow/.local/lib/python3.12/site-packages/airflow/example_dags/example_branch_day_of_week_operator.py
[2025-02-04T14:36:46.222+0000] {logging_mixin.py:190} INFO - [2025-02-04T14:36:46.222+0000] {dag.py:3239} INFO - Sync 1 DAGs
[2025-02-04T14:36:46.262+0000] {logging_mixin.py:190} INFO - [2025-02-04T14:36:46.262+0000] {dag.py:4180} INFO - Setting next_dagrun for example_weekday_branch_operator to 2025-02-03 00:00:00+00:00, run_after=2025-02-04 00:00:00+00:00
[2025-02-04T14:36:46.295+0000] {processor.py:208} INFO - Processing /home/airflow/.local/lib/python3.12/site-packages/airflow/example_dags/example_branch_day_of_week_operator.py took 0.184 seconds
[2025-02-04T14:37:18.024+0000] {processor.py:186} INFO - Started process (PID=640) to work on /home/airflow/.local/lib/python3.12/site-packages/airflow/example_dags/example_branch_day_of_week_operator.py
[2025-02-04T14:37:18.026+0000] {processor.py:914} INFO - Processing file /home/airflow/.local/lib/python3.12/site-packages/airflow/example_dags/example_branch_day_of_week_operator.py for tasks to queue
[2025-02-04T14:37:18.029+0000] {logging_mixin.py:190} INFO - [2025-02-04T14:37:18.029+0000] {dagbag.py:588} INFO - Filling up the DagBag from /home/airflow/.local/lib/python3.12/site-packages/airflow/example_dags/example_branch_day_of_week_operator.py
[2025-02-04T14:37:18.052+0000] {processor.py:925} INFO - DAG(s) 'example_weekday_branch_operator' retrieved from /home/airflow/.local/lib/python3.12/site-packages/airflow/example_dags/example_branch_day_of_week_operator.py
[2025-02-04T14:37:18.083+0000] {logging_mixin.py:190} INFO - [2025-02-04T14:37:18.082+0000] {dag.py:3239} INFO - Sync 1 DAGs
[2025-02-04T14:37:18.122+0000] {logging_mixin.py:190} INFO - [2025-02-04T14:37:18.122+0000] {dag.py:4180} INFO - Setting next_dagrun for example_weekday_branch_operator to 2025-02-03 00:00:00+00:00, run_after=2025-02-04 00:00:00+00:00
[2025-02-04T14:37:18.152+0000] {processor.py:208} INFO - Processing /home/airflow/.local/lib/python3.12/site-packages/airflow/example_dags/example_branch_day_of_week_operator.py took 0.139 seconds
[2025-02-04T14:37:53.768+0000] {processor.py:186} INFO - Started process (PID=711) to work on /home/airflow/.local/lib/python3.12/site-packages/airflow/example_dags/example_branch_day_of_week_operator.py
[2025-02-04T14:37:53.770+0000] {processor.py:914} INFO - Processing file /home/airflow/.local/lib/python3.12/site-packages/airflow/example_dags/example_branch_day_of_week_operator.py for tasks to queue
[2025-02-04T14:37:53.776+0000] {logging_mixin.py:190} INFO - [2025-02-04T14:37:53.775+0000] {dagbag.py:588} INFO - Filling up the DagBag from /home/airflow/.local/lib/python3.12/site-packages/airflow/example_dags/example_branch_day_of_week_operator.py
[2025-02-04T14:37:53.796+0000] {processor.py:925} INFO - DAG(s) 'example_weekday_branch_operator' retrieved from /home/airflow/.local/lib/python3.12/site-packages/airflow/example_dags/example_branch_day_of_week_operator.py
[2025-02-04T14:37:53.839+0000] {logging_mixin.py:190} INFO - [2025-02-04T14:37:53.839+0000] {dag.py:3239} INFO - Sync 1 DAGs
[2025-02-04T14:37:53.887+0000] {logging_mixin.py:190} INFO - [2025-02-04T14:37:53.887+0000] {dag.py:4180} INFO - Setting next_dagrun for example_weekday_branch_operator to 2025-02-03 00:00:00+00:00, run_after=2025-02-04 00:00:00+00:00
[2025-02-04T14:37:53.928+0000] {processor.py:208} INFO - Processing /home/airflow/.local/lib/python3.12/site-packages/airflow/example_dags/example_branch_day_of_week_operator.py took 0.175 seconds
[2025-02-04T14:38:24.695+0000] {processor.py:186} INFO - Started process (PID=775) to work on /home/airflow/.local/lib/python3.12/site-packages/airflow/example_dags/example_branch_day_of_week_operator.py
[2025-02-04T14:38:24.696+0000] {processor.py:914} INFO - Processing file /home/airflow/.local/lib/python3.12/site-packages/airflow/example_dags/example_branch_day_of_week_operator.py for tasks to queue
[2025-02-04T14:38:24.701+0000] {logging_mixin.py:190} INFO - [2025-02-04T14:38:24.700+0000] {dagbag.py:588} INFO - Filling up the DagBag from /home/airflow/.local/lib/python3.12/site-packages/airflow/example_dags/example_branch_day_of_week_operator.py
[2025-02-04T14:38:24.717+0000] {processor.py:925} INFO - DAG(s) 'example_weekday_branch_operator' retrieved from /home/airflow/.local/lib/python3.12/site-packages/airflow/example_dags/example_branch_day_of_week_operator.py
[2025-02-04T14:38:24.748+0000] {logging_mixin.py:190} INFO - [2025-02-04T14:38:24.748+0000] {dag.py:3239} INFO - Sync 1 DAGs
[2025-02-04T14:38:24.791+0000] {logging_mixin.py:190} INFO - [2025-02-04T14:38:24.790+0000] {dag.py:4180} INFO - Setting next_dagrun for example_weekday_branch_operator to 2025-02-03 00:00:00+00:00, run_after=2025-02-04 00:00:00+00:00
[2025-02-04T14:38:24.821+0000] {processor.py:208} INFO - Processing /home/airflow/.local/lib/python3.12/site-packages/airflow/example_dags/example_branch_day_of_week_operator.py took 0.136 seconds
[2025-02-04T14:38:58.838+0000] {processor.py:186} INFO - Started process (PID=840) to work on /home/airflow/.local/lib/python3.12/site-packages/airflow/example_dags/example_branch_day_of_week_operator.py
[2025-02-04T14:38:58.840+0000] {processor.py:914} INFO - Processing file /home/airflow/.local/lib/python3.12/site-packages/airflow/example_dags/example_branch_day_of_week_operator.py for tasks to queue
[2025-02-04T14:38:58.845+0000] {logging_mixin.py:190} INFO - [2025-02-04T14:38:58.844+0000] {dagbag.py:588} INFO - Filling up the DagBag from /home/airflow/.local/lib/python3.12/site-packages/airflow/example_dags/example_branch_day_of_week_operator.py
[2025-02-04T14:38:58.863+0000] {processor.py:925} INFO - DAG(s) 'example_weekday_branch_operator' retrieved from /home/airflow/.local/lib/python3.12/site-packages/airflow/example_dags/example_branch_day_of_week_operator.py
[2025-02-04T14:38:58.902+0000] {logging_mixin.py:190} INFO - [2025-02-04T14:38:58.901+0000] {dag.py:3239} INFO - Sync 1 DAGs
[2025-02-04T14:38:58.959+0000] {logging_mixin.py:190} INFO - [2025-02-04T14:38:58.959+0000] {dag.py:4180} INFO - Setting next_dagrun for example_weekday_branch_operator to 2025-02-03 00:00:00+00:00, run_after=2025-02-04 00:00:00+00:00
[2025-02-04T14:38:58.997+0000] {processor.py:208} INFO - Processing /home/airflow/.local/lib/python3.12/site-packages/airflow/example_dags/example_branch_day_of_week_operator.py took 0.169 seconds
[2025-02-04T14:39:29.374+0000] {processor.py:186} INFO - Started process (PID=904) to work on /home/airflow/.local/lib/python3.12/site-packages/airflow/example_dags/example_branch_day_of_week_operator.py
[2025-02-04T14:39:29.378+0000] {processor.py:914} INFO - Processing file /home/airflow/.local/lib/python3.12/site-packages/airflow/example_dags/example_branch_day_of_week_operator.py for tasks to queue
[2025-02-04T14:39:29.385+0000] {logging_mixin.py:190} INFO - [2025-02-04T14:39:29.385+0000] {dagbag.py:588} INFO - Filling up the DagBag from /home/airflow/.local/lib/python3.12/site-packages/airflow/example_dags/example_branch_day_of_week_operator.py
[2025-02-04T14:39:29.420+0000] {processor.py:925} INFO - DAG(s) 'example_weekday_branch_operator' retrieved from /home/airflow/.local/lib/python3.12/site-packages/airflow/example_dags/example_branch_day_of_week_operator.py
[2025-02-04T14:39:29.502+0000] {logging_mixin.py:190} INFO - [2025-02-04T14:39:29.497+0000] {dag.py:3239} INFO - Sync 1 DAGs
[2025-02-04T14:39:29.617+0000] {logging_mixin.py:190} INFO - [2025-02-04T14:39:29.617+0000] {dag.py:4180} INFO - Setting next_dagrun for example_weekday_branch_operator to 2025-02-03 00:00:00+00:00, run_after=2025-02-04 00:00:00+00:00
[2025-02-04T14:39:29.675+0000] {processor.py:208} INFO - Processing /home/airflow/.local/lib/python3.12/site-packages/airflow/example_dags/example_branch_day_of_week_operator.py took 0.318 seconds
[2025-02-04T14:40:01.865+0000] {processor.py:186} INFO - Started process (PID=969) to work on /home/airflow/.local/lib/python3.12/site-packages/airflow/example_dags/example_branch_day_of_week_operator.py
[2025-02-04T14:40:01.867+0000] {processor.py:914} INFO - Processing file /home/airflow/.local/lib/python3.12/site-packages/airflow/example_dags/example_branch_day_of_week_operator.py for tasks to queue
[2025-02-04T14:40:01.872+0000] {logging_mixin.py:190} INFO - [2025-02-04T14:40:01.872+0000] {dagbag.py:588} INFO - Filling up the DagBag from /home/airflow/.local/lib/python3.12/site-packages/airflow/example_dags/example_branch_day_of_week_operator.py
[2025-02-04T14:40:01.909+0000] {processor.py:925} INFO - DAG(s) 'example_weekday_branch_operator' retrieved from /home/airflow/.local/lib/python3.12/site-packages/airflow/example_dags/example_branch_day_of_week_operator.py
[2025-02-04T14:40:01.961+0000] {logging_mixin.py:190} INFO - [2025-02-04T14:40:01.961+0000] {dag.py:3239} INFO - Sync 1 DAGs
[2025-02-04T14:40:02.012+0000] {logging_mixin.py:190} INFO - [2025-02-04T14:40:02.011+0000] {dag.py:4180} INFO - Setting next_dagrun for example_weekday_branch_operator to 2025-02-03 00:00:00+00:00, run_after=2025-02-04 00:00:00+00:00
[2025-02-04T14:40:02.047+0000] {processor.py:208} INFO - Processing /home/airflow/.local/lib/python3.12/site-packages/airflow/example_dags/example_branch_day_of_week_operator.py took 0.197 seconds
[2025-02-04T14:40:35.018+0000] {processor.py:186} INFO - Started process (PID=1036) to work on /home/airflow/.local/lib/python3.12/site-packages/airflow/example_dags/example_branch_day_of_week_operator.py
[2025-02-04T14:40:35.020+0000] {processor.py:914} INFO - Processing file /home/airflow/.local/lib/python3.12/site-packages/airflow/example_dags/example_branch_day_of_week_operator.py for tasks to queue
[2025-02-04T14:40:35.024+0000] {logging_mixin.py:190} INFO - [2025-02-04T14:40:35.024+0000] {dagbag.py:588} INFO - Filling up the DagBag from /home/airflow/.local/lib/python3.12/site-packages/airflow/example_dags/example_branch_day_of_week_operator.py
[2025-02-04T14:40:35.041+0000] {processor.py:925} INFO - DAG(s) 'example_weekday_branch_operator' retrieved from /home/airflow/.local/lib/python3.12/site-packages/airflow/example_dags/example_branch_day_of_week_operator.py
[2025-02-04T14:40:35.072+0000] {logging_mixin.py:190} INFO - [2025-02-04T14:40:35.072+0000] {dag.py:3239} INFO - Sync 1 DAGs
[2025-02-04T14:40:35.109+0000] {logging_mixin.py:190} INFO - [2025-02-04T14:40:35.108+0000] {dag.py:4180} INFO - Setting next_dagrun for example_weekday_branch_operator to 2025-02-03 00:00:00+00:00, run_after=2025-02-04 00:00:00+00:00
[2025-02-04T14:40:35.140+0000] {processor.py:208} INFO - Processing /home/airflow/.local/lib/python3.12/site-packages/airflow/example_dags/example_branch_day_of_week_operator.py took 0.131 seconds
[2025-02-04T14:41:05.987+0000] {processor.py:186} INFO - Started process (PID=1100) to work on /home/airflow/.local/lib/python3.12/site-packages/airflow/example_dags/example_branch_day_of_week_operator.py
[2025-02-04T14:41:05.989+0000] {processor.py:914} INFO - Processing file /home/airflow/.local/lib/python3.12/site-packages/airflow/example_dags/example_branch_day_of_week_operator.py for tasks to queue
[2025-02-04T14:41:05.993+0000] {logging_mixin.py:190} INFO - [2025-02-04T14:41:05.992+0000] {dagbag.py:588} INFO - Filling up the DagBag from /home/airflow/.local/lib/python3.12/site-packages/airflow/example_dags/example_branch_day_of_week_operator.py
[2025-02-04T14:41:06.015+0000] {processor.py:925} INFO - DAG(s) 'example_weekday_branch_operator' retrieved from /home/airflow/.local/lib/python3.12/site-packages/airflow/example_dags/example_branch_day_of_week_operator.py
[2025-02-04T14:41:06.055+0000] {logging_mixin.py:190} INFO - [2025-02-04T14:41:06.054+0000] {dag.py:3239} INFO - Sync 1 DAGs
[2025-02-04T14:41:06.109+0000] {logging_mixin.py:190} INFO - [2025-02-04T14:41:06.109+0000] {dag.py:4180} INFO - Setting next_dagrun for example_weekday_branch_operator to 2025-02-03 00:00:00+00:00, run_after=2025-02-04 00:00:00+00:00
[2025-02-04T14:41:06.146+0000] {processor.py:208} INFO - Processing /home/airflow/.local/lib/python3.12/site-packages/airflow/example_dags/example_branch_day_of_week_operator.py took 0.170 seconds
[2025-02-04T14:41:39.299+0000] {processor.py:186} INFO - Started process (PID=1164) to work on /home/airflow/.local/lib/python3.12/site-packages/airflow/example_dags/example_branch_day_of_week_operator.py
[2025-02-04T14:41:39.301+0000] {processor.py:914} INFO - Processing file /home/airflow/.local/lib/python3.12/site-packages/airflow/example_dags/example_branch_day_of_week_operator.py for tasks to queue
[2025-02-04T14:41:39.306+0000] {logging_mixin.py:190} INFO - [2025-02-04T14:41:39.305+0000] {dagbag.py:588} INFO - Filling up the DagBag from /home/airflow/.local/lib/python3.12/site-packages/airflow/example_dags/example_branch_day_of_week_operator.py
[2025-02-04T14:41:39.329+0000] {processor.py:925} INFO - DAG(s) 'example_weekday_branch_operator' retrieved from /home/airflow/.local/lib/python3.12/site-packages/airflow/example_dags/example_branch_day_of_week_operator.py
[2025-02-04T14:41:39.430+0000] {logging_mixin.py:190} INFO - [2025-02-04T14:41:39.429+0000] {dag.py:3239} INFO - Sync 1 DAGs
[2025-02-04T14:41:39.638+0000] {logging_mixin.py:190} INFO - [2025-02-04T14:41:39.638+0000] {dag.py:4180} INFO - Setting next_dagrun for example_weekday_branch_operator to 2025-02-03 00:00:00+00:00, run_after=2025-02-04 00:00:00+00:00
[2025-02-04T14:41:39.701+0000] {processor.py:208} INFO - Processing /home/airflow/.local/lib/python3.12/site-packages/airflow/example_dags/example_branch_day_of_week_operator.py took 0.415 seconds
[2025-02-04T14:42:10.056+0000] {processor.py:186} INFO - Started process (PID=1228) to work on /home/airflow/.local/lib/python3.12/site-packages/airflow/example_dags/example_branch_day_of_week_operator.py
[2025-02-04T14:42:10.058+0000] {processor.py:914} INFO - Processing file /home/airflow/.local/lib/python3.12/site-packages/airflow/example_dags/example_branch_day_of_week_operator.py for tasks to queue
[2025-02-04T14:42:10.062+0000] {logging_mixin.py:190} INFO - [2025-02-04T14:42:10.062+0000] {dagbag.py:588} INFO - Filling up the DagBag from /home/airflow/.local/lib/python3.12/site-packages/airflow/example_dags/example_branch_day_of_week_operator.py
[2025-02-04T14:42:10.088+0000] {processor.py:925} INFO - DAG(s) 'example_weekday_branch_operator' retrieved from /home/airflow/.local/lib/python3.12/site-packages/airflow/example_dags/example_branch_day_of_week_operator.py
[2025-02-04T14:42:10.132+0000] {logging_mixin.py:190} INFO - [2025-02-04T14:42:10.131+0000] {dag.py:3239} INFO - Sync 1 DAGs
[2025-02-04T14:42:10.175+0000] {logging_mixin.py:190} INFO - [2025-02-04T14:42:10.175+0000] {dag.py:4180} INFO - Setting next_dagrun for example_weekday_branch_operator to 2025-02-03 00:00:00+00:00, run_after=2025-02-04 00:00:00+00:00
[2025-02-04T14:42:10.204+0000] {processor.py:208} INFO - Processing /home/airflow/.local/lib/python3.12/site-packages/airflow/example_dags/example_branch_day_of_week_operator.py took 0.160 seconds
[2025-02-04T14:42:41.279+0000] {processor.py:186} INFO - Started process (PID=1292) to work on /home/airflow/.local/lib/python3.12/site-packages/airflow/example_dags/example_branch_day_of_week_operator.py
[2025-02-04T14:42:41.281+0000] {processor.py:914} INFO - Processing file /home/airflow/.local/lib/python3.12/site-packages/airflow/example_dags/example_branch_day_of_week_operator.py for tasks to queue
[2025-02-04T14:42:41.286+0000] {logging_mixin.py:190} INFO - [2025-02-04T14:42:41.286+0000] {dagbag.py:588} INFO - Filling up the DagBag from /home/airflow/.local/lib/python3.12/site-packages/airflow/example_dags/example_branch_day_of_week_operator.py
[2025-02-04T14:42:41.309+0000] {processor.py:925} INFO - DAG(s) 'example_weekday_branch_operator' retrieved from /home/airflow/.local/lib/python3.12/site-packages/airflow/example_dags/example_branch_day_of_week_operator.py
[2025-02-04T14:42:41.362+0000] {logging_mixin.py:190} INFO - [2025-02-04T14:42:41.362+0000] {dag.py:3239} INFO - Sync 1 DAGs
[2025-02-04T14:42:41.428+0000] {logging_mixin.py:190} INFO - [2025-02-04T14:42:41.427+0000] {dag.py:4180} INFO - Setting next_dagrun for example_weekday_branch_operator to 2025-02-03 00:00:00+00:00, run_after=2025-02-04 00:00:00+00:00
[2025-02-04T14:42:41.475+0000] {processor.py:208} INFO - Processing /home/airflow/.local/lib/python3.12/site-packages/airflow/example_dags/example_branch_day_of_week_operator.py took 0.216 seconds
[2025-02-04T14:43:12.549+0000] {processor.py:186} INFO - Started process (PID=1355) to work on /home/airflow/.local/lib/python3.12/site-packages/airflow/example_dags/example_branch_day_of_week_operator.py
[2025-02-04T14:43:12.550+0000] {processor.py:914} INFO - Processing file /home/airflow/.local/lib/python3.12/site-packages/airflow/example_dags/example_branch_day_of_week_operator.py for tasks to queue
[2025-02-04T14:43:12.554+0000] {logging_mixin.py:190} INFO - [2025-02-04T14:43:12.554+0000] {dagbag.py:588} INFO - Filling up the DagBag from /home/airflow/.local/lib/python3.12/site-packages/airflow/example_dags/example_branch_day_of_week_operator.py
[2025-02-04T14:43:12.570+0000] {processor.py:925} INFO - DAG(s) 'example_weekday_branch_operator' retrieved from /home/airflow/.local/lib/python3.12/site-packages/airflow/example_dags/example_branch_day_of_week_operator.py
[2025-02-04T14:43:12.608+0000] {logging_mixin.py:190} INFO - [2025-02-04T14:43:12.608+0000] {dag.py:3239} INFO - Sync 1 DAGs
[2025-02-04T14:43:12.652+0000] {logging_mixin.py:190} INFO - [2025-02-04T14:43:12.652+0000] {dag.py:4180} INFO - Setting next_dagrun for example_weekday_branch_operator to 2025-02-03 00:00:00+00:00, run_after=2025-02-04 00:00:00+00:00
[2025-02-04T14:43:12.683+0000] {processor.py:208} INFO - Processing /home/airflow/.local/lib/python3.12/site-packages/airflow/example_dags/example_branch_day_of_week_operator.py took 0.144 seconds
[2025-02-04T14:43:43.395+0000] {processor.py:186} INFO - Started process (PID=1419) to work on /home/airflow/.local/lib/python3.12/site-packages/airflow/example_dags/example_branch_day_of_week_operator.py
[2025-02-04T14:43:43.396+0000] {processor.py:914} INFO - Processing file /home/airflow/.local/lib/python3.12/site-packages/airflow/example_dags/example_branch_day_of_week_operator.py for tasks to queue
[2025-02-04T14:43:43.400+0000] {logging_mixin.py:190} INFO - [2025-02-04T14:43:43.400+0000] {dagbag.py:588} INFO - Filling up the DagBag from /home/airflow/.local/lib/python3.12/site-packages/airflow/example_dags/example_branch_day_of_week_operator.py
[2025-02-04T14:43:43.416+0000] {processor.py:925} INFO - DAG(s) 'example_weekday_branch_operator' retrieved from /home/airflow/.local/lib/python3.12/site-packages/airflow/example_dags/example_branch_day_of_week_operator.py
[2025-02-04T14:43:43.447+0000] {logging_mixin.py:190} INFO - [2025-02-04T14:43:43.447+0000] {dag.py:3239} INFO - Sync 1 DAGs
[2025-02-04T14:43:43.490+0000] {logging_mixin.py:190} INFO - [2025-02-04T14:43:43.490+0000] {dag.py:4180} INFO - Setting next_dagrun for example_weekday_branch_operator to 2025-02-03 00:00:00+00:00, run_after=2025-02-04 00:00:00+00:00
[2025-02-04T14:43:43.518+0000] {processor.py:208} INFO - Processing /home/airflow/.local/lib/python3.12/site-packages/airflow/example_dags/example_branch_day_of_week_operator.py took 0.133 seconds
[2025-02-04T14:44:13.612+0000] {processor.py:186} INFO - Started process (PID=1482) to work on /home/airflow/.local/lib/python3.12/site-packages/airflow/example_dags/example_branch_day_of_week_operator.py
[2025-02-04T14:44:13.614+0000] {processor.py:914} INFO - Processing file /home/airflow/.local/lib/python3.12/site-packages/airflow/example_dags/example_branch_day_of_week_operator.py for tasks to queue
[2025-02-04T14:44:13.617+0000] {logging_mixin.py:190} INFO - [2025-02-04T14:44:13.617+0000] {dagbag.py:588} INFO - Filling up the DagBag from /home/airflow/.local/lib/python3.12/site-packages/airflow/example_dags/example_branch_day_of_week_operator.py
[2025-02-04T14:44:13.632+0000] {processor.py:925} INFO - DAG(s) 'example_weekday_branch_operator' retrieved from /home/airflow/.local/lib/python3.12/site-packages/airflow/example_dags/example_branch_day_of_week_operator.py
[2025-02-04T14:44:13.663+0000] {logging_mixin.py:190} INFO - [2025-02-04T14:44:13.662+0000] {dag.py:3239} INFO - Sync 1 DAGs
[2025-02-04T14:44:13.704+0000] {logging_mixin.py:190} INFO - [2025-02-04T14:44:13.704+0000] {dag.py:4180} INFO - Setting next_dagrun for example_weekday_branch_operator to 2025-02-03 00:00:00+00:00, run_after=2025-02-04 00:00:00+00:00
[2025-02-04T14:44:13.731+0000] {processor.py:208} INFO - Processing /home/airflow/.local/lib/python3.12/site-packages/airflow/example_dags/example_branch_day_of_week_operator.py took 0.127 seconds
[2025-02-04T14:44:44.471+0000] {processor.py:186} INFO - Started process (PID=1546) to work on /home/airflow/.local/lib/python3.12/site-packages/airflow/example_dags/example_branch_day_of_week_operator.py
[2025-02-04T14:44:44.472+0000] {processor.py:914} INFO - Processing file /home/airflow/.local/lib/python3.12/site-packages/airflow/example_dags/example_branch_day_of_week_operator.py for tasks to queue
[2025-02-04T14:44:44.478+0000] {logging_mixin.py:190} INFO - [2025-02-04T14:44:44.477+0000] {dagbag.py:588} INFO - Filling up the DagBag from /home/airflow/.local/lib/python3.12/site-packages/airflow/example_dags/example_branch_day_of_week_operator.py
[2025-02-04T14:44:44.503+0000] {processor.py:925} INFO - DAG(s) 'example_weekday_branch_operator' retrieved from /home/airflow/.local/lib/python3.12/site-packages/airflow/example_dags/example_branch_day_of_week_operator.py
[2025-02-04T14:44:44.552+0000] {logging_mixin.py:190} INFO - [2025-02-04T14:44:44.551+0000] {dag.py:3239} INFO - Sync 1 DAGs
[2025-02-04T14:44:44.614+0000] {logging_mixin.py:190} INFO - [2025-02-04T14:44:44.613+0000] {dag.py:4180} INFO - Setting next_dagrun for example_weekday_branch_operator to 2025-02-03 00:00:00+00:00, run_after=2025-02-04 00:00:00+00:00
[2025-02-04T14:44:44.653+0000] {processor.py:208} INFO - Processing /home/airflow/.local/lib/python3.12/site-packages/airflow/example_dags/example_branch_day_of_week_operator.py took 0.197 seconds
[2025-02-04T14:45:14.844+0000] {processor.py:186} INFO - Started process (PID=1610) to work on /home/airflow/.local/lib/python3.12/site-packages/airflow/example_dags/example_branch_day_of_week_operator.py
[2025-02-04T14:45:14.846+0000] {processor.py:914} INFO - Processing file /home/airflow/.local/lib/python3.12/site-packages/airflow/example_dags/example_branch_day_of_week_operator.py for tasks to queue
[2025-02-04T14:45:14.852+0000] {logging_mixin.py:190} INFO - [2025-02-04T14:45:14.851+0000] {dagbag.py:588} INFO - Filling up the DagBag from /home/airflow/.local/lib/python3.12/site-packages/airflow/example_dags/example_branch_day_of_week_operator.py
[2025-02-04T14:45:14.875+0000] {processor.py:925} INFO - DAG(s) 'example_weekday_branch_operator' retrieved from /home/airflow/.local/lib/python3.12/site-packages/airflow/example_dags/example_branch_day_of_week_operator.py
[2025-02-04T14:45:14.907+0000] {logging_mixin.py:190} INFO - [2025-02-04T14:45:14.907+0000] {dag.py:3239} INFO - Sync 1 DAGs
[2025-02-04T14:45:14.951+0000] {logging_mixin.py:190} INFO - [2025-02-04T14:45:14.951+0000] {dag.py:4180} INFO - Setting next_dagrun for example_weekday_branch_operator to 2025-02-03 00:00:00+00:00, run_after=2025-02-04 00:00:00+00:00
[2025-02-04T14:45:14.987+0000] {processor.py:208} INFO - Processing /home/airflow/.local/lib/python3.12/site-packages/airflow/example_dags/example_branch_day_of_week_operator.py took 0.166 seconds
[2025-02-04T14:45:46.647+0000] {processor.py:186} INFO - Started process (PID=1674) to work on /home/airflow/.local/lib/python3.12/site-packages/airflow/example_dags/example_branch_day_of_week_operator.py
[2025-02-04T14:45:46.649+0000] {processor.py:914} INFO - Processing file /home/airflow/.local/lib/python3.12/site-packages/airflow/example_dags/example_branch_day_of_week_operator.py for tasks to queue
[2025-02-04T14:45:46.658+0000] {logging_mixin.py:190} INFO - [2025-02-04T14:45:46.656+0000] {dagbag.py:588} INFO - Filling up the DagBag from /home/airflow/.local/lib/python3.12/site-packages/airflow/example_dags/example_branch_day_of_week_operator.py
[2025-02-04T14:45:46.686+0000] {processor.py:925} INFO - DAG(s) 'example_weekday_branch_operator' retrieved from /home/airflow/.local/lib/python3.12/site-packages/airflow/example_dags/example_branch_day_of_week_operator.py
[2025-02-04T14:45:46.750+0000] {logging_mixin.py:190} INFO - [2025-02-04T14:45:46.749+0000] {dag.py:3239} INFO - Sync 1 DAGs
[2025-02-04T14:45:46.823+0000] {logging_mixin.py:190} INFO - [2025-02-04T14:45:46.823+0000] {dag.py:4180} INFO - Setting next_dagrun for example_weekday_branch_operator to 2025-02-03 00:00:00+00:00, run_after=2025-02-04 00:00:00+00:00
[2025-02-04T14:45:46.890+0000] {processor.py:208} INFO - Processing /home/airflow/.local/lib/python3.12/site-packages/airflow/example_dags/example_branch_day_of_week_operator.py took 0.273 seconds
[2025-02-04T14:49:26.966+0000] {processor.py:186} INFO - Started process (PID=115) to work on /home/airflow/.local/lib/python3.12/site-packages/airflow/example_dags/example_branch_day_of_week_operator.py
[2025-02-04T14:49:26.969+0000] {processor.py:914} INFO - Processing file /home/airflow/.local/lib/python3.12/site-packages/airflow/example_dags/example_branch_day_of_week_operator.py for tasks to queue
[2025-02-04T14:49:26.974+0000] {logging_mixin.py:190} INFO - [2025-02-04T14:49:26.973+0000] {dagbag.py:588} INFO - Filling up the DagBag from /home/airflow/.local/lib/python3.12/site-packages/airflow/example_dags/example_branch_day_of_week_operator.py
[2025-02-04T14:49:27.002+0000] {processor.py:925} INFO - DAG(s) 'example_weekday_branch_operator' retrieved from /home/airflow/.local/lib/python3.12/site-packages/airflow/example_dags/example_branch_day_of_week_operator.py
[2025-02-04T14:49:27.050+0000] {logging_mixin.py:190} INFO - [2025-02-04T14:49:27.050+0000] {dag.py:3239} INFO - Sync 1 DAGs
[2025-02-04T14:49:27.120+0000] {logging_mixin.py:190} INFO - [2025-02-04T14:49:27.119+0000] {dag.py:4180} INFO - Setting next_dagrun for example_weekday_branch_operator to 2025-02-03 00:00:00+00:00, run_after=2025-02-04 00:00:00+00:00
[2025-02-04T14:49:27.196+0000] {processor.py:208} INFO - Processing /home/airflow/.local/lib/python3.12/site-packages/airflow/example_dags/example_branch_day_of_week_operator.py took 0.244 seconds
[2025-02-04T14:49:58.362+0000] {processor.py:186} INFO - Started process (PID=180) to work on /home/airflow/.local/lib/python3.12/site-packages/airflow/example_dags/example_branch_day_of_week_operator.py
[2025-02-04T14:49:58.364+0000] {processor.py:914} INFO - Processing file /home/airflow/.local/lib/python3.12/site-packages/airflow/example_dags/example_branch_day_of_week_operator.py for tasks to queue
[2025-02-04T14:49:58.368+0000] {logging_mixin.py:190} INFO - [2025-02-04T14:49:58.368+0000] {dagbag.py:588} INFO - Filling up the DagBag from /home/airflow/.local/lib/python3.12/site-packages/airflow/example_dags/example_branch_day_of_week_operator.py
[2025-02-04T14:49:58.387+0000] {processor.py:925} INFO - DAG(s) 'example_weekday_branch_operator' retrieved from /home/airflow/.local/lib/python3.12/site-packages/airflow/example_dags/example_branch_day_of_week_operator.py
[2025-02-04T14:49:58.422+0000] {logging_mixin.py:190} INFO - [2025-02-04T14:49:58.422+0000] {dag.py:3239} INFO - Sync 1 DAGs
[2025-02-04T14:49:58.486+0000] {logging_mixin.py:190} INFO - [2025-02-04T14:49:58.485+0000] {dag.py:4180} INFO - Setting next_dagrun for example_weekday_branch_operator to 2025-02-03 00:00:00+00:00, run_after=2025-02-04 00:00:00+00:00
[2025-02-04T14:49:58.517+0000] {processor.py:208} INFO - Processing /home/airflow/.local/lib/python3.12/site-packages/airflow/example_dags/example_branch_day_of_week_operator.py took 0.166 seconds
[2025-02-04T14:50:29.280+0000] {processor.py:186} INFO - Started process (PID=243) to work on /home/airflow/.local/lib/python3.12/site-packages/airflow/example_dags/example_branch_day_of_week_operator.py
[2025-02-04T14:50:29.282+0000] {processor.py:914} INFO - Processing file /home/airflow/.local/lib/python3.12/site-packages/airflow/example_dags/example_branch_day_of_week_operator.py for tasks to queue
[2025-02-04T14:50:29.287+0000] {logging_mixin.py:190} INFO - [2025-02-04T14:50:29.287+0000] {dagbag.py:588} INFO - Filling up the DagBag from /home/airflow/.local/lib/python3.12/site-packages/airflow/example_dags/example_branch_day_of_week_operator.py
[2025-02-04T14:50:29.310+0000] {processor.py:925} INFO - DAG(s) 'example_weekday_branch_operator' retrieved from /home/airflow/.local/lib/python3.12/site-packages/airflow/example_dags/example_branch_day_of_week_operator.py
[2025-02-04T14:50:29.380+0000] {logging_mixin.py:190} INFO - [2025-02-04T14:50:29.379+0000] {dag.py:3239} INFO - Sync 1 DAGs
[2025-02-04T14:50:29.492+0000] {logging_mixin.py:190} INFO - [2025-02-04T14:50:29.492+0000] {dag.py:4180} INFO - Setting next_dagrun for example_weekday_branch_operator to 2025-02-03 00:00:00+00:00, run_after=2025-02-04 00:00:00+00:00
[2025-02-04T14:50:29.579+0000] {processor.py:208} INFO - Processing /home/airflow/.local/lib/python3.12/site-packages/airflow/example_dags/example_branch_day_of_week_operator.py took 0.311 seconds
[2025-02-04T14:51:05.074+0000] {processor.py:186} INFO - Started process (PID=308) to work on /home/airflow/.local/lib/python3.12/site-packages/airflow/example_dags/example_branch_day_of_week_operator.py
[2025-02-04T14:51:05.080+0000] {processor.py:914} INFO - Processing file /home/airflow/.local/lib/python3.12/site-packages/airflow/example_dags/example_branch_day_of_week_operator.py for tasks to queue
[2025-02-04T14:51:05.085+0000] {logging_mixin.py:190} INFO - [2025-02-04T14:51:05.084+0000] {dagbag.py:588} INFO - Filling up the DagBag from /home/airflow/.local/lib/python3.12/site-packages/airflow/example_dags/example_branch_day_of_week_operator.py
[2025-02-04T14:51:05.112+0000] {processor.py:925} INFO - DAG(s) 'example_weekday_branch_operator' retrieved from /home/airflow/.local/lib/python3.12/site-packages/airflow/example_dags/example_branch_day_of_week_operator.py
[2025-02-04T14:51:05.161+0000] {logging_mixin.py:190} INFO - [2025-02-04T14:51:05.160+0000] {dag.py:3239} INFO - Sync 1 DAGs
[2025-02-04T14:51:05.251+0000] {logging_mixin.py:190} INFO - [2025-02-04T14:51:05.249+0000] {dag.py:4180} INFO - Setting next_dagrun for example_weekday_branch_operator to 2025-02-03 00:00:00+00:00, run_after=2025-02-04 00:00:00+00:00
[2025-02-04T14:51:05.313+0000] {processor.py:208} INFO - Processing /home/airflow/.local/lib/python3.12/site-packages/airflow/example_dags/example_branch_day_of_week_operator.py took 0.253 seconds
[2025-02-04T14:51:37.343+0000] {processor.py:186} INFO - Started process (PID=371) to work on /home/airflow/.local/lib/python3.12/site-packages/airflow/example_dags/example_branch_day_of_week_operator.py
[2025-02-04T14:51:37.349+0000] {processor.py:914} INFO - Processing file /home/airflow/.local/lib/python3.12/site-packages/airflow/example_dags/example_branch_day_of_week_operator.py for tasks to queue
[2025-02-04T14:51:37.363+0000] {logging_mixin.py:190} INFO - [2025-02-04T14:51:37.362+0000] {dagbag.py:588} INFO - Filling up the DagBag from /home/airflow/.local/lib/python3.12/site-packages/airflow/example_dags/example_branch_day_of_week_operator.py
[2025-02-04T14:51:37.406+0000] {processor.py:925} INFO - DAG(s) 'example_weekday_branch_operator' retrieved from /home/airflow/.local/lib/python3.12/site-packages/airflow/example_dags/example_branch_day_of_week_operator.py
[2025-02-04T14:51:37.506+0000] {logging_mixin.py:190} INFO - [2025-02-04T14:51:37.506+0000] {dag.py:3239} INFO - Sync 1 DAGs
[2025-02-04T14:51:37.606+0000] {logging_mixin.py:190} INFO - [2025-02-04T14:51:37.605+0000] {dag.py:4180} INFO - Setting next_dagrun for example_weekday_branch_operator to 2025-02-03 00:00:00+00:00, run_after=2025-02-04 00:00:00+00:00
[2025-02-04T14:51:37.814+0000] {processor.py:208} INFO - Processing /home/airflow/.local/lib/python3.12/site-packages/airflow/example_dags/example_branch_day_of_week_operator.py took 0.501 seconds
[2025-02-04T14:52:41.489+0000] {processor.py:186} INFO - Started process (PID=444) to work on /home/airflow/.local/lib/python3.12/site-packages/airflow/example_dags/example_branch_day_of_week_operator.py
[2025-02-04T14:52:41.492+0000] {processor.py:914} INFO - Processing file /home/airflow/.local/lib/python3.12/site-packages/airflow/example_dags/example_branch_day_of_week_operator.py for tasks to queue
[2025-02-04T14:52:41.498+0000] {logging_mixin.py:190} INFO - [2025-02-04T14:52:41.497+0000] {dagbag.py:588} INFO - Filling up the DagBag from /home/airflow/.local/lib/python3.12/site-packages/airflow/example_dags/example_branch_day_of_week_operator.py
[2025-02-04T14:52:41.535+0000] {processor.py:925} INFO - DAG(s) 'example_weekday_branch_operator' retrieved from /home/airflow/.local/lib/python3.12/site-packages/airflow/example_dags/example_branch_day_of_week_operator.py
[2025-02-04T14:52:41.651+0000] {logging_mixin.py:190} INFO - [2025-02-04T14:52:41.651+0000] {dag.py:3239} INFO - Sync 1 DAGs
[2025-02-04T14:52:41.745+0000] {logging_mixin.py:190} INFO - [2025-02-04T14:52:41.744+0000] {dag.py:4180} INFO - Setting next_dagrun for example_weekday_branch_operator to 2025-02-03 00:00:00+00:00, run_after=2025-02-04 00:00:00+00:00
[2025-02-04T14:52:41.828+0000] {processor.py:208} INFO - Processing /home/airflow/.local/lib/python3.12/site-packages/airflow/example_dags/example_branch_day_of_week_operator.py took 0.355 seconds
[2025-02-04T14:53:12.528+0000] {processor.py:186} INFO - Started process (PID=512) to work on /home/airflow/.local/lib/python3.12/site-packages/airflow/example_dags/example_branch_day_of_week_operator.py
[2025-02-04T14:53:12.531+0000] {processor.py:914} INFO - Processing file /home/airflow/.local/lib/python3.12/site-packages/airflow/example_dags/example_branch_day_of_week_operator.py for tasks to queue
[2025-02-04T14:53:12.534+0000] {logging_mixin.py:190} INFO - [2025-02-04T14:53:12.533+0000] {dagbag.py:588} INFO - Filling up the DagBag from /home/airflow/.local/lib/python3.12/site-packages/airflow/example_dags/example_branch_day_of_week_operator.py
[2025-02-04T14:53:12.552+0000] {processor.py:925} INFO - DAG(s) 'example_weekday_branch_operator' retrieved from /home/airflow/.local/lib/python3.12/site-packages/airflow/example_dags/example_branch_day_of_week_operator.py
[2025-02-04T14:53:12.589+0000] {logging_mixin.py:190} INFO - [2025-02-04T14:53:12.589+0000] {dag.py:3239} INFO - Sync 1 DAGs
[2025-02-04T14:53:12.635+0000] {logging_mixin.py:190} INFO - [2025-02-04T14:53:12.635+0000] {dag.py:4180} INFO - Setting next_dagrun for example_weekday_branch_operator to 2025-02-03 00:00:00+00:00, run_after=2025-02-04 00:00:00+00:00
[2025-02-04T14:53:12.672+0000] {processor.py:208} INFO - Processing /home/airflow/.local/lib/python3.12/site-packages/airflow/example_dags/example_branch_day_of_week_operator.py took 0.153 seconds
[2025-02-04T14:53:43.208+0000] {processor.py:186} INFO - Started process (PID=578) to work on /home/airflow/.local/lib/python3.12/site-packages/airflow/example_dags/example_branch_day_of_week_operator.py
[2025-02-04T14:53:43.211+0000] {processor.py:914} INFO - Processing file /home/airflow/.local/lib/python3.12/site-packages/airflow/example_dags/example_branch_day_of_week_operator.py for tasks to queue
[2025-02-04T14:53:43.221+0000] {logging_mixin.py:190} INFO - [2025-02-04T14:53:43.220+0000] {dagbag.py:588} INFO - Filling up the DagBag from /home/airflow/.local/lib/python3.12/site-packages/airflow/example_dags/example_branch_day_of_week_operator.py
[2025-02-04T14:53:43.255+0000] {processor.py:925} INFO - DAG(s) 'example_weekday_branch_operator' retrieved from /home/airflow/.local/lib/python3.12/site-packages/airflow/example_dags/example_branch_day_of_week_operator.py
[2025-02-04T14:53:43.304+0000] {logging_mixin.py:190} INFO - [2025-02-04T14:53:43.304+0000] {dag.py:3239} INFO - Sync 1 DAGs
[2025-02-04T14:53:43.363+0000] {logging_mixin.py:190} INFO - [2025-02-04T14:53:43.363+0000] {dag.py:4180} INFO - Setting next_dagrun for example_weekday_branch_operator to 2025-02-03 00:00:00+00:00, run_after=2025-02-04 00:00:00+00:00
[2025-02-04T14:53:43.407+0000] {processor.py:208} INFO - Processing /home/airflow/.local/lib/python3.12/site-packages/airflow/example_dags/example_branch_day_of_week_operator.py took 0.233 seconds
[2025-02-04T14:54:14.063+0000] {processor.py:186} INFO - Started process (PID=644) to work on /home/airflow/.local/lib/python3.12/site-packages/airflow/example_dags/example_branch_day_of_week_operator.py
[2025-02-04T14:54:14.065+0000] {processor.py:914} INFO - Processing file /home/airflow/.local/lib/python3.12/site-packages/airflow/example_dags/example_branch_day_of_week_operator.py for tasks to queue
[2025-02-04T14:54:14.071+0000] {logging_mixin.py:190} INFO - [2025-02-04T14:54:14.070+0000] {dagbag.py:588} INFO - Filling up the DagBag from /home/airflow/.local/lib/python3.12/site-packages/airflow/example_dags/example_branch_day_of_week_operator.py
[2025-02-04T14:54:14.097+0000] {processor.py:925} INFO - DAG(s) 'example_weekday_branch_operator' retrieved from /home/airflow/.local/lib/python3.12/site-packages/airflow/example_dags/example_branch_day_of_week_operator.py
[2025-02-04T14:54:14.150+0000] {logging_mixin.py:190} INFO - [2025-02-04T14:54:14.149+0000] {dag.py:3239} INFO - Sync 1 DAGs
[2025-02-04T14:54:14.245+0000] {logging_mixin.py:190} INFO - [2025-02-04T14:54:14.244+0000] {dag.py:4180} INFO - Setting next_dagrun for example_weekday_branch_operator to 2025-02-03 00:00:00+00:00, run_after=2025-02-04 00:00:00+00:00
[2025-02-04T14:54:14.291+0000] {processor.py:208} INFO - Processing /home/airflow/.local/lib/python3.12/site-packages/airflow/example_dags/example_branch_day_of_week_operator.py took 0.241 seconds
[2025-02-04T14:54:44.427+0000] {processor.py:186} INFO - Started process (PID=713) to work on /home/airflow/.local/lib/python3.12/site-packages/airflow/example_dags/example_branch_day_of_week_operator.py
[2025-02-04T14:54:44.429+0000] {processor.py:914} INFO - Processing file /home/airflow/.local/lib/python3.12/site-packages/airflow/example_dags/example_branch_day_of_week_operator.py for tasks to queue
[2025-02-04T14:54:44.433+0000] {logging_mixin.py:190} INFO - [2025-02-04T14:54:44.432+0000] {dagbag.py:588} INFO - Filling up the DagBag from /home/airflow/.local/lib/python3.12/site-packages/airflow/example_dags/example_branch_day_of_week_operator.py
[2025-02-04T14:54:44.449+0000] {processor.py:925} INFO - DAG(s) 'example_weekday_branch_operator' retrieved from /home/airflow/.local/lib/python3.12/site-packages/airflow/example_dags/example_branch_day_of_week_operator.py
[2025-02-04T14:54:44.488+0000] {logging_mixin.py:190} INFO - [2025-02-04T14:54:44.488+0000] {dag.py:3239} INFO - Sync 1 DAGs
[2025-02-04T14:54:44.544+0000] {logging_mixin.py:190} INFO - [2025-02-04T14:54:44.543+0000] {dag.py:4180} INFO - Setting next_dagrun for example_weekday_branch_operator to 2025-02-03 00:00:00+00:00, run_after=2025-02-04 00:00:00+00:00
[2025-02-04T14:54:44.590+0000] {processor.py:208} INFO - Processing /home/airflow/.local/lib/python3.12/site-packages/airflow/example_dags/example_branch_day_of_week_operator.py took 0.174 seconds
[2025-02-04T14:55:15.327+0000] {processor.py:186} INFO - Started process (PID=778) to work on /home/airflow/.local/lib/python3.12/site-packages/airflow/example_dags/example_branch_day_of_week_operator.py
[2025-02-04T14:55:15.330+0000] {processor.py:914} INFO - Processing file /home/airflow/.local/lib/python3.12/site-packages/airflow/example_dags/example_branch_day_of_week_operator.py for tasks to queue
[2025-02-04T14:55:15.335+0000] {logging_mixin.py:190} INFO - [2025-02-04T14:55:15.335+0000] {dagbag.py:588} INFO - Filling up the DagBag from /home/airflow/.local/lib/python3.12/site-packages/airflow/example_dags/example_branch_day_of_week_operator.py
[2025-02-04T14:55:15.360+0000] {processor.py:925} INFO - DAG(s) 'example_weekday_branch_operator' retrieved from /home/airflow/.local/lib/python3.12/site-packages/airflow/example_dags/example_branch_day_of_week_operator.py
[2025-02-04T14:55:15.399+0000] {logging_mixin.py:190} INFO - [2025-02-04T14:55:15.398+0000] {dag.py:3239} INFO - Sync 1 DAGs
[2025-02-04T14:55:15.449+0000] {logging_mixin.py:190} INFO - [2025-02-04T14:55:15.449+0000] {dag.py:4180} INFO - Setting next_dagrun for example_weekday_branch_operator to 2025-02-03 00:00:00+00:00, run_after=2025-02-04 00:00:00+00:00
[2025-02-04T14:55:15.502+0000] {processor.py:208} INFO - Processing /home/airflow/.local/lib/python3.12/site-packages/airflow/example_dags/example_branch_day_of_week_operator.py took 0.189 seconds
[2025-02-04T14:55:51.979+0000] {processor.py:186} INFO - Started process (PID=845) to work on /home/airflow/.local/lib/python3.12/site-packages/airflow/example_dags/example_branch_day_of_week_operator.py
[2025-02-04T14:55:51.988+0000] {processor.py:914} INFO - Processing file /home/airflow/.local/lib/python3.12/site-packages/airflow/example_dags/example_branch_day_of_week_operator.py for tasks to queue
[2025-02-04T14:55:52.000+0000] {logging_mixin.py:190} INFO - [2025-02-04T14:55:51.998+0000] {dagbag.py:588} INFO - Filling up the DagBag from /home/airflow/.local/lib/python3.12/site-packages/airflow/example_dags/example_branch_day_of_week_operator.py
[2025-02-04T14:55:52.118+0000] {processor.py:925} INFO - DAG(s) 'example_weekday_branch_operator' retrieved from /home/airflow/.local/lib/python3.12/site-packages/airflow/example_dags/example_branch_day_of_week_operator.py
[2025-02-04T14:55:52.365+0000] {logging_mixin.py:190} INFO - [2025-02-04T14:55:52.364+0000] {dag.py:3239} INFO - Sync 1 DAGs
[2025-02-04T14:55:52.644+0000] {logging_mixin.py:190} INFO - [2025-02-04T14:55:52.644+0000] {dag.py:4180} INFO - Setting next_dagrun for example_weekday_branch_operator to 2025-02-03 00:00:00+00:00, run_after=2025-02-04 00:00:00+00:00
[2025-02-04T14:55:52.746+0000] {processor.py:208} INFO - Processing /home/airflow/.local/lib/python3.12/site-packages/airflow/example_dags/example_branch_day_of_week_operator.py took 0.817 seconds
[2025-02-04T14:56:22.892+0000] {processor.py:186} INFO - Started process (PID=909) to work on /home/airflow/.local/lib/python3.12/site-packages/airflow/example_dags/example_branch_day_of_week_operator.py
[2025-02-04T14:56:22.894+0000] {processor.py:914} INFO - Processing file /home/airflow/.local/lib/python3.12/site-packages/airflow/example_dags/example_branch_day_of_week_operator.py for tasks to queue
[2025-02-04T14:56:22.899+0000] {logging_mixin.py:190} INFO - [2025-02-04T14:56:22.898+0000] {dagbag.py:588} INFO - Filling up the DagBag from /home/airflow/.local/lib/python3.12/site-packages/airflow/example_dags/example_branch_day_of_week_operator.py
[2025-02-04T14:56:22.925+0000] {processor.py:925} INFO - DAG(s) 'example_weekday_branch_operator' retrieved from /home/airflow/.local/lib/python3.12/site-packages/airflow/example_dags/example_branch_day_of_week_operator.py
[2025-02-04T14:56:22.963+0000] {logging_mixin.py:190} INFO - [2025-02-04T14:56:22.963+0000] {dag.py:3239} INFO - Sync 1 DAGs
[2025-02-04T14:56:23.013+0000] {logging_mixin.py:190} INFO - [2025-02-04T14:56:23.012+0000] {dag.py:4180} INFO - Setting next_dagrun for example_weekday_branch_operator to 2025-02-03 00:00:00+00:00, run_after=2025-02-04 00:00:00+00:00
[2025-02-04T14:56:23.047+0000] {processor.py:208} INFO - Processing /home/airflow/.local/lib/python3.12/site-packages/airflow/example_dags/example_branch_day_of_week_operator.py took 0.167 seconds
[2025-02-04T14:56:54.927+0000] {processor.py:186} INFO - Started process (PID=973) to work on /home/airflow/.local/lib/python3.12/site-packages/airflow/example_dags/example_branch_day_of_week_operator.py
[2025-02-04T14:56:54.929+0000] {processor.py:914} INFO - Processing file /home/airflow/.local/lib/python3.12/site-packages/airflow/example_dags/example_branch_day_of_week_operator.py for tasks to queue
[2025-02-04T14:56:54.933+0000] {logging_mixin.py:190} INFO - [2025-02-04T14:56:54.932+0000] {dagbag.py:588} INFO - Filling up the DagBag from /home/airflow/.local/lib/python3.12/site-packages/airflow/example_dags/example_branch_day_of_week_operator.py
[2025-02-04T14:56:54.949+0000] {processor.py:925} INFO - DAG(s) 'example_weekday_branch_operator' retrieved from /home/airflow/.local/lib/python3.12/site-packages/airflow/example_dags/example_branch_day_of_week_operator.py
[2025-02-04T14:56:54.982+0000] {logging_mixin.py:190} INFO - [2025-02-04T14:56:54.981+0000] {dag.py:3239} INFO - Sync 1 DAGs
[2025-02-04T14:56:55.038+0000] {logging_mixin.py:190} INFO - [2025-02-04T14:56:55.037+0000] {dag.py:4180} INFO - Setting next_dagrun for example_weekday_branch_operator to 2025-02-03 00:00:00+00:00, run_after=2025-02-04 00:00:00+00:00
[2025-02-04T14:56:55.069+0000] {processor.py:208} INFO - Processing /home/airflow/.local/lib/python3.12/site-packages/airflow/example_dags/example_branch_day_of_week_operator.py took 0.154 seconds
[2025-02-04T14:57:25.155+0000] {processor.py:186} INFO - Started process (PID=1037) to work on /home/airflow/.local/lib/python3.12/site-packages/airflow/example_dags/example_branch_day_of_week_operator.py
[2025-02-04T14:57:25.157+0000] {processor.py:914} INFO - Processing file /home/airflow/.local/lib/python3.12/site-packages/airflow/example_dags/example_branch_day_of_week_operator.py for tasks to queue
[2025-02-04T14:57:25.161+0000] {logging_mixin.py:190} INFO - [2025-02-04T14:57:25.160+0000] {dagbag.py:588} INFO - Filling up the DagBag from /home/airflow/.local/lib/python3.12/site-packages/airflow/example_dags/example_branch_day_of_week_operator.py
[2025-02-04T14:57:25.175+0000] {processor.py:925} INFO - DAG(s) 'example_weekday_branch_operator' retrieved from /home/airflow/.local/lib/python3.12/site-packages/airflow/example_dags/example_branch_day_of_week_operator.py
[2025-02-04T14:57:25.206+0000] {logging_mixin.py:190} INFO - [2025-02-04T14:57:25.205+0000] {dag.py:3239} INFO - Sync 1 DAGs
[2025-02-04T14:57:25.240+0000] {logging_mixin.py:190} INFO - [2025-02-04T14:57:25.240+0000] {dag.py:4180} INFO - Setting next_dagrun for example_weekday_branch_operator to 2025-02-03 00:00:00+00:00, run_after=2025-02-04 00:00:00+00:00
[2025-02-04T14:57:25.268+0000] {processor.py:208} INFO - Processing /home/airflow/.local/lib/python3.12/site-packages/airflow/example_dags/example_branch_day_of_week_operator.py took 0.121 seconds
[2025-02-04T14:57:57.882+0000] {processor.py:186} INFO - Started process (PID=1101) to work on /home/airflow/.local/lib/python3.12/site-packages/airflow/example_dags/example_branch_day_of_week_operator.py
[2025-02-04T14:57:57.885+0000] {processor.py:914} INFO - Processing file /home/airflow/.local/lib/python3.12/site-packages/airflow/example_dags/example_branch_day_of_week_operator.py for tasks to queue
[2025-02-04T14:57:57.889+0000] {logging_mixin.py:190} INFO - [2025-02-04T14:57:57.888+0000] {dagbag.py:588} INFO - Filling up the DagBag from /home/airflow/.local/lib/python3.12/site-packages/airflow/example_dags/example_branch_day_of_week_operator.py
[2025-02-04T14:57:57.911+0000] {processor.py:925} INFO - DAG(s) 'example_weekday_branch_operator' retrieved from /home/airflow/.local/lib/python3.12/site-packages/airflow/example_dags/example_branch_day_of_week_operator.py
[2025-02-04T14:57:57.956+0000] {logging_mixin.py:190} INFO - [2025-02-04T14:57:57.956+0000] {dag.py:3239} INFO - Sync 1 DAGs
[2025-02-04T14:57:58.006+0000] {logging_mixin.py:190} INFO - [2025-02-04T14:57:58.005+0000] {dag.py:4180} INFO - Setting next_dagrun for example_weekday_branch_operator to 2025-02-03 00:00:00+00:00, run_after=2025-02-04 00:00:00+00:00
[2025-02-04T14:57:58.041+0000] {processor.py:208} INFO - Processing /home/airflow/.local/lib/python3.12/site-packages/airflow/example_dags/example_branch_day_of_week_operator.py took 0.169 seconds
[2025-02-04T14:58:30.962+0000] {processor.py:186} INFO - Started process (PID=1166) to work on /home/airflow/.local/lib/python3.12/site-packages/airflow/example_dags/example_branch_day_of_week_operator.py
[2025-02-04T14:58:30.964+0000] {processor.py:914} INFO - Processing file /home/airflow/.local/lib/python3.12/site-packages/airflow/example_dags/example_branch_day_of_week_operator.py for tasks to queue
[2025-02-04T14:58:30.970+0000] {logging_mixin.py:190} INFO - [2025-02-04T14:58:30.969+0000] {dagbag.py:588} INFO - Filling up the DagBag from /home/airflow/.local/lib/python3.12/site-packages/airflow/example_dags/example_branch_day_of_week_operator.py
[2025-02-04T14:58:30.996+0000] {processor.py:925} INFO - DAG(s) 'example_weekday_branch_operator' retrieved from /home/airflow/.local/lib/python3.12/site-packages/airflow/example_dags/example_branch_day_of_week_operator.py
[2025-02-04T14:58:31.040+0000] {logging_mixin.py:190} INFO - [2025-02-04T14:58:31.040+0000] {dag.py:3239} INFO - Sync 1 DAGs
[2025-02-04T14:58:31.098+0000] {logging_mixin.py:190} INFO - [2025-02-04T14:58:31.097+0000] {dag.py:4180} INFO - Setting next_dagrun for example_weekday_branch_operator to 2025-02-03 00:00:00+00:00, run_after=2025-02-04 00:00:00+00:00
[2025-02-04T14:58:31.140+0000] {processor.py:208} INFO - Processing /home/airflow/.local/lib/python3.12/site-packages/airflow/example_dags/example_branch_day_of_week_operator.py took 0.189 seconds
[2025-02-04T14:59:02.237+0000] {processor.py:186} INFO - Started process (PID=1231) to work on /home/airflow/.local/lib/python3.12/site-packages/airflow/example_dags/example_branch_day_of_week_operator.py
[2025-02-04T14:59:02.240+0000] {processor.py:914} INFO - Processing file /home/airflow/.local/lib/python3.12/site-packages/airflow/example_dags/example_branch_day_of_week_operator.py for tasks to queue
[2025-02-04T14:59:02.245+0000] {logging_mixin.py:190} INFO - [2025-02-04T14:59:02.244+0000] {dagbag.py:588} INFO - Filling up the DagBag from /home/airflow/.local/lib/python3.12/site-packages/airflow/example_dags/example_branch_day_of_week_operator.py
[2025-02-04T14:59:02.266+0000] {processor.py:925} INFO - DAG(s) 'example_weekday_branch_operator' retrieved from /home/airflow/.local/lib/python3.12/site-packages/airflow/example_dags/example_branch_day_of_week_operator.py
[2025-02-04T14:59:02.303+0000] {logging_mixin.py:190} INFO - [2025-02-04T14:59:02.303+0000] {dag.py:3239} INFO - Sync 1 DAGs
[2025-02-04T14:59:02.349+0000] {logging_mixin.py:190} INFO - [2025-02-04T14:59:02.349+0000] {dag.py:4180} INFO - Setting next_dagrun for example_weekday_branch_operator to 2025-02-03 00:00:00+00:00, run_after=2025-02-04 00:00:00+00:00
[2025-02-04T14:59:02.382+0000] {processor.py:208} INFO - Processing /home/airflow/.local/lib/python3.12/site-packages/airflow/example_dags/example_branch_day_of_week_operator.py took 0.157 seconds
[2025-02-04T14:59:36.576+0000] {processor.py:186} INFO - Started process (PID=1295) to work on /home/airflow/.local/lib/python3.12/site-packages/airflow/example_dags/example_branch_day_of_week_operator.py
[2025-02-04T14:59:36.579+0000] {processor.py:914} INFO - Processing file /home/airflow/.local/lib/python3.12/site-packages/airflow/example_dags/example_branch_day_of_week_operator.py for tasks to queue
[2025-02-04T14:59:36.584+0000] {logging_mixin.py:190} INFO - [2025-02-04T14:59:36.583+0000] {dagbag.py:588} INFO - Filling up the DagBag from /home/airflow/.local/lib/python3.12/site-packages/airflow/example_dags/example_branch_day_of_week_operator.py
[2025-02-04T14:59:36.615+0000] {processor.py:925} INFO - DAG(s) 'example_weekday_branch_operator' retrieved from /home/airflow/.local/lib/python3.12/site-packages/airflow/example_dags/example_branch_day_of_week_operator.py
[2025-02-04T14:59:36.667+0000] {logging_mixin.py:190} INFO - [2025-02-04T14:59:36.667+0000] {dag.py:3239} INFO - Sync 1 DAGs
[2025-02-04T14:59:36.731+0000] {logging_mixin.py:190} INFO - [2025-02-04T14:59:36.730+0000] {dag.py:4180} INFO - Setting next_dagrun for example_weekday_branch_operator to 2025-02-03 00:00:00+00:00, run_after=2025-02-04 00:00:00+00:00
[2025-02-04T14:59:36.819+0000] {processor.py:208} INFO - Processing /home/airflow/.local/lib/python3.12/site-packages/airflow/example_dags/example_branch_day_of_week_operator.py took 0.257 seconds
[2025-02-04T15:00:07.369+0000] {processor.py:186} INFO - Started process (PID=1359) to work on /home/airflow/.local/lib/python3.12/site-packages/airflow/example_dags/example_branch_day_of_week_operator.py
[2025-02-04T15:00:07.371+0000] {processor.py:914} INFO - Processing file /home/airflow/.local/lib/python3.12/site-packages/airflow/example_dags/example_branch_day_of_week_operator.py for tasks to queue
[2025-02-04T15:00:07.375+0000] {logging_mixin.py:190} INFO - [2025-02-04T15:00:07.374+0000] {dagbag.py:588} INFO - Filling up the DagBag from /home/airflow/.local/lib/python3.12/site-packages/airflow/example_dags/example_branch_day_of_week_operator.py
[2025-02-04T15:00:07.397+0000] {processor.py:925} INFO - DAG(s) 'example_weekday_branch_operator' retrieved from /home/airflow/.local/lib/python3.12/site-packages/airflow/example_dags/example_branch_day_of_week_operator.py
[2025-02-04T15:00:07.428+0000] {logging_mixin.py:190} INFO - [2025-02-04T15:00:07.428+0000] {dag.py:3239} INFO - Sync 1 DAGs
[2025-02-04T15:00:07.470+0000] {logging_mixin.py:190} INFO - [2025-02-04T15:00:07.469+0000] {dag.py:4180} INFO - Setting next_dagrun for example_weekday_branch_operator to 2025-02-03 00:00:00+00:00, run_after=2025-02-04 00:00:00+00:00
[2025-02-04T15:00:07.501+0000] {processor.py:208} INFO - Processing /home/airflow/.local/lib/python3.12/site-packages/airflow/example_dags/example_branch_day_of_week_operator.py took 0.141 seconds
[2025-02-04T15:00:38.339+0000] {processor.py:186} INFO - Started process (PID=1423) to work on /home/airflow/.local/lib/python3.12/site-packages/airflow/example_dags/example_branch_day_of_week_operator.py
[2025-02-04T15:00:38.341+0000] {processor.py:914} INFO - Processing file /home/airflow/.local/lib/python3.12/site-packages/airflow/example_dags/example_branch_day_of_week_operator.py for tasks to queue
[2025-02-04T15:00:38.345+0000] {logging_mixin.py:190} INFO - [2025-02-04T15:00:38.344+0000] {dagbag.py:588} INFO - Filling up the DagBag from /home/airflow/.local/lib/python3.12/site-packages/airflow/example_dags/example_branch_day_of_week_operator.py
[2025-02-04T15:00:38.362+0000] {processor.py:925} INFO - DAG(s) 'example_weekday_branch_operator' retrieved from /home/airflow/.local/lib/python3.12/site-packages/airflow/example_dags/example_branch_day_of_week_operator.py
[2025-02-04T15:00:38.395+0000] {logging_mixin.py:190} INFO - [2025-02-04T15:00:38.394+0000] {dag.py:3239} INFO - Sync 1 DAGs
[2025-02-04T15:00:38.436+0000] {logging_mixin.py:190} INFO - [2025-02-04T15:00:38.436+0000] {dag.py:4180} INFO - Setting next_dagrun for example_weekday_branch_operator to 2025-02-03 00:00:00+00:00, run_after=2025-02-04 00:00:00+00:00
[2025-02-04T15:00:38.466+0000] {processor.py:208} INFO - Processing /home/airflow/.local/lib/python3.12/site-packages/airflow/example_dags/example_branch_day_of_week_operator.py took 0.142 seconds
[2025-02-04T15:01:10.565+0000] {processor.py:186} INFO - Started process (PID=1488) to work on /home/airflow/.local/lib/python3.12/site-packages/airflow/example_dags/example_branch_day_of_week_operator.py
[2025-02-04T15:01:10.567+0000] {processor.py:914} INFO - Processing file /home/airflow/.local/lib/python3.12/site-packages/airflow/example_dags/example_branch_day_of_week_operator.py for tasks to queue
[2025-02-04T15:01:10.571+0000] {logging_mixin.py:190} INFO - [2025-02-04T15:01:10.570+0000] {dagbag.py:588} INFO - Filling up the DagBag from /home/airflow/.local/lib/python3.12/site-packages/airflow/example_dags/example_branch_day_of_week_operator.py
[2025-02-04T15:01:10.588+0000] {processor.py:925} INFO - DAG(s) 'example_weekday_branch_operator' retrieved from /home/airflow/.local/lib/python3.12/site-packages/airflow/example_dags/example_branch_day_of_week_operator.py
[2025-02-04T15:01:10.628+0000] {logging_mixin.py:190} INFO - [2025-02-04T15:01:10.628+0000] {dag.py:3239} INFO - Sync 1 DAGs
[2025-02-04T15:01:10.674+0000] {logging_mixin.py:190} INFO - [2025-02-04T15:01:10.674+0000] {dag.py:4180} INFO - Setting next_dagrun for example_weekday_branch_operator to 2025-02-03 00:00:00+00:00, run_after=2025-02-04 00:00:00+00:00
[2025-02-04T15:01:10.712+0000] {processor.py:208} INFO - Processing /home/airflow/.local/lib/python3.12/site-packages/airflow/example_dags/example_branch_day_of_week_operator.py took 0.157 seconds
[2025-02-04T15:01:45.573+0000] {processor.py:186} INFO - Started process (PID=1552) to work on /home/airflow/.local/lib/python3.12/site-packages/airflow/example_dags/example_branch_day_of_week_operator.py
[2025-02-04T15:01:45.601+0000] {processor.py:914} INFO - Processing file /home/airflow/.local/lib/python3.12/site-packages/airflow/example_dags/example_branch_day_of_week_operator.py for tasks to queue
[2025-02-04T15:01:45.619+0000] {logging_mixin.py:190} INFO - [2025-02-04T15:01:45.618+0000] {dagbag.py:588} INFO - Filling up the DagBag from /home/airflow/.local/lib/python3.12/site-packages/airflow/example_dags/example_branch_day_of_week_operator.py
[2025-02-04T15:01:45.691+0000] {processor.py:925} INFO - DAG(s) 'example_weekday_branch_operator' retrieved from /home/airflow/.local/lib/python3.12/site-packages/airflow/example_dags/example_branch_day_of_week_operator.py
[2025-02-04T15:01:45.809+0000] {logging_mixin.py:190} INFO - [2025-02-04T15:01:45.809+0000] {dag.py:3239} INFO - Sync 1 DAGs
[2025-02-04T15:01:46.009+0000] {logging_mixin.py:190} INFO - [2025-02-04T15:01:46.008+0000] {dag.py:4180} INFO - Setting next_dagrun for example_weekday_branch_operator to 2025-02-03 00:00:00+00:00, run_after=2025-02-04 00:00:00+00:00
[2025-02-04T15:01:46.109+0000] {processor.py:208} INFO - Processing /home/airflow/.local/lib/python3.12/site-packages/airflow/example_dags/example_branch_day_of_week_operator.py took 0.561 seconds
