[2025-02-04T14:07:32.295+0000] {processor.py:186} INFO - Started process (PID=111) to work on /home/airflow/.local/lib/python3.12/site-packages/airflow/example_dags/example_display_name.py
[2025-02-04T14:07:32.304+0000] {processor.py:914} INFO - Processing file /home/airflow/.local/lib/python3.12/site-packages/airflow/example_dags/example_display_name.py for tasks to queue
[2025-02-04T14:07:32.321+0000] {logging_mixin.py:190} INFO - [2025-02-04T14:07:32.320+0000] {dagbag.py:588} INFO - Filling up the DagBag from /home/airflow/.local/lib/python3.12/site-packages/airflow/example_dags/example_display_name.py
[2025-02-04T14:07:32.448+0000] {processor.py:925} INFO - DAG(s) 'example_display_name' retrieved from /home/airflow/.local/lib/python3.12/site-packages/airflow/example_dags/example_display_name.py
[2025-02-04T14:07:33.164+0000] {logging_mixin.py:190} INFO - [2025-02-04T14:07:33.162+0000] {override.py:1911} INFO - Created Permission View: can delete on DAG:example_display_name
[2025-02-04T14:07:33.230+0000] {logging_mixin.py:190} INFO - [2025-02-04T14:07:33.229+0000] {override.py:1911} INFO - Created Permission View: can read on DAG:example_display_name
[2025-02-04T14:07:33.876+0000] {logging_mixin.py:190} INFO - [2025-02-04T14:07:33.875+0000] {override.py:1911} INFO - Created Permission View: can edit on DAG:example_display_name
[2025-02-04T14:07:33.971+0000] {logging_mixin.py:190} INFO - [2025-02-04T14:07:33.970+0000] {override.py:1911} INFO - Created Permission View: can delete on DAG Run:example_display_name
[2025-02-04T14:07:34.040+0000] {logging_mixin.py:190} INFO - [2025-02-04T14:07:34.038+0000] {override.py:1911} INFO - Created Permission View: menu access on DAG Run:example_display_name
[2025-02-04T14:07:34.093+0000] {logging_mixin.py:190} INFO - [2025-02-04T14:07:34.087+0000] {override.py:1911} INFO - Created Permission View: can read on DAG Run:example_display_name
[2025-02-04T14:07:34.198+0000] {logging_mixin.py:190} INFO - [2025-02-04T14:07:34.198+0000] {override.py:1911} INFO - Created Permission View: can create on DAG Run:example_display_name
[2025-02-04T14:07:34.244+0000] {logging_mixin.py:190} INFO - [2025-02-04T14:07:34.244+0000] {dag.py:3239} INFO - Sync 1 DAGs
[2025-02-04T14:07:34.332+0000] {logging_mixin.py:190} INFO - [2025-02-04T14:07:34.332+0000] {dag.py:3262} INFO - Creating ORM DAG for example_display_name
[2025-02-04T14:07:34.392+0000] {logging_mixin.py:190} INFO - [2025-02-04T14:07:34.391+0000] {dag.py:4180} INFO - Setting next_dagrun for example_display_name to None, run_after=None
[2025-02-04T14:07:34.514+0000] {processor.py:208} INFO - Processing /home/airflow/.local/lib/python3.12/site-packages/airflow/example_dags/example_display_name.py took 2.236 seconds
[2025-02-04T14:08:32.485+0000] {processor.py:186} INFO - Started process (PID=181) to work on /home/airflow/.local/lib/python3.12/site-packages/airflow/example_dags/example_display_name.py
[2025-02-04T14:08:32.487+0000] {processor.py:914} INFO - Processing file /home/airflow/.local/lib/python3.12/site-packages/airflow/example_dags/example_display_name.py for tasks to queue
[2025-02-04T14:08:32.498+0000] {logging_mixin.py:190} INFO - [2025-02-04T14:08:32.497+0000] {dagbag.py:588} INFO - Filling up the DagBag from /home/airflow/.local/lib/python3.12/site-packages/airflow/example_dags/example_display_name.py
[2025-02-04T14:08:32.525+0000] {processor.py:925} INFO - DAG(s) 'example_display_name' retrieved from /home/airflow/.local/lib/python3.12/site-packages/airflow/example_dags/example_display_name.py
[2025-02-04T14:08:32.586+0000] {logging_mixin.py:190} INFO - [2025-02-04T14:08:32.586+0000] {dag.py:3239} INFO - Sync 1 DAGs
[2025-02-04T14:08:32.689+0000] {logging_mixin.py:190} INFO - [2025-02-04T14:08:32.688+0000] {dag.py:4180} INFO - Setting next_dagrun for example_display_name to None, run_after=None
[2025-02-04T14:08:32.744+0000] {processor.py:208} INFO - Processing /home/airflow/.local/lib/python3.12/site-packages/airflow/example_dags/example_display_name.py took 0.286 seconds
[2025-02-04T14:09:02.936+0000] {processor.py:186} INFO - Started process (PID=245) to work on /home/airflow/.local/lib/python3.12/site-packages/airflow/example_dags/example_display_name.py
[2025-02-04T14:09:02.938+0000] {processor.py:914} INFO - Processing file /home/airflow/.local/lib/python3.12/site-packages/airflow/example_dags/example_display_name.py for tasks to queue
[2025-02-04T14:09:02.945+0000] {logging_mixin.py:190} INFO - [2025-02-04T14:09:02.944+0000] {dagbag.py:588} INFO - Filling up the DagBag from /home/airflow/.local/lib/python3.12/site-packages/airflow/example_dags/example_display_name.py
[2025-02-04T14:09:02.962+0000] {processor.py:925} INFO - DAG(s) 'example_display_name' retrieved from /home/airflow/.local/lib/python3.12/site-packages/airflow/example_dags/example_display_name.py
[2025-02-04T14:09:03.006+0000] {logging_mixin.py:190} INFO - [2025-02-04T14:09:03.006+0000] {dag.py:3239} INFO - Sync 1 DAGs
[2025-02-04T14:09:03.048+0000] {logging_mixin.py:190} INFO - [2025-02-04T14:09:03.048+0000] {dag.py:4180} INFO - Setting next_dagrun for example_display_name to None, run_after=None
[2025-02-04T14:09:03.090+0000] {processor.py:208} INFO - Processing /home/airflow/.local/lib/python3.12/site-packages/airflow/example_dags/example_display_name.py took 0.167 seconds
[2025-02-04T14:09:34.082+0000] {processor.py:186} INFO - Started process (PID=308) to work on /home/airflow/.local/lib/python3.12/site-packages/airflow/example_dags/example_display_name.py
[2025-02-04T14:09:34.084+0000] {processor.py:914} INFO - Processing file /home/airflow/.local/lib/python3.12/site-packages/airflow/example_dags/example_display_name.py for tasks to queue
[2025-02-04T14:09:34.090+0000] {logging_mixin.py:190} INFO - [2025-02-04T14:09:34.089+0000] {dagbag.py:588} INFO - Filling up the DagBag from /home/airflow/.local/lib/python3.12/site-packages/airflow/example_dags/example_display_name.py
[2025-02-04T14:09:34.105+0000] {processor.py:925} INFO - DAG(s) 'example_display_name' retrieved from /home/airflow/.local/lib/python3.12/site-packages/airflow/example_dags/example_display_name.py
[2025-02-04T14:09:34.137+0000] {logging_mixin.py:190} INFO - [2025-02-04T14:09:34.137+0000] {dag.py:3239} INFO - Sync 1 DAGs
[2025-02-04T14:09:34.163+0000] {logging_mixin.py:190} INFO - [2025-02-04T14:09:34.162+0000] {dag.py:4180} INFO - Setting next_dagrun for example_display_name to None, run_after=None
[2025-02-04T14:09:34.197+0000] {processor.py:208} INFO - Processing /home/airflow/.local/lib/python3.12/site-packages/airflow/example_dags/example_display_name.py took 0.130 seconds
[2025-02-04T14:10:04.969+0000] {processor.py:186} INFO - Started process (PID=372) to work on /home/airflow/.local/lib/python3.12/site-packages/airflow/example_dags/example_display_name.py
[2025-02-04T14:10:04.971+0000] {processor.py:914} INFO - Processing file /home/airflow/.local/lib/python3.12/site-packages/airflow/example_dags/example_display_name.py for tasks to queue
[2025-02-04T14:10:04.974+0000] {logging_mixin.py:190} INFO - [2025-02-04T14:10:04.974+0000] {dagbag.py:588} INFO - Filling up the DagBag from /home/airflow/.local/lib/python3.12/site-packages/airflow/example_dags/example_display_name.py
[2025-02-04T14:10:04.988+0000] {processor.py:925} INFO - DAG(s) 'example_display_name' retrieved from /home/airflow/.local/lib/python3.12/site-packages/airflow/example_dags/example_display_name.py
[2025-02-04T14:10:05.021+0000] {logging_mixin.py:190} INFO - [2025-02-04T14:10:05.020+0000] {dag.py:3239} INFO - Sync 1 DAGs
[2025-02-04T14:10:05.051+0000] {logging_mixin.py:190} INFO - [2025-02-04T14:10:05.051+0000] {dag.py:4180} INFO - Setting next_dagrun for example_display_name to None, run_after=None
[2025-02-04T14:10:05.083+0000] {processor.py:208} INFO - Processing /home/airflow/.local/lib/python3.12/site-packages/airflow/example_dags/example_display_name.py took 0.124 seconds
[2025-02-04T14:10:51.106+0000] {processor.py:186} INFO - Started process (PID=436) to work on /home/airflow/.local/lib/python3.12/site-packages/airflow/example_dags/example_display_name.py
[2025-02-04T14:10:51.108+0000] {processor.py:914} INFO - Processing file /home/airflow/.local/lib/python3.12/site-packages/airflow/example_dags/example_display_name.py for tasks to queue
[2025-02-04T14:10:51.122+0000] {logging_mixin.py:190} INFO - [2025-02-04T14:10:51.121+0000] {dagbag.py:588} INFO - Filling up the DagBag from /home/airflow/.local/lib/python3.12/site-packages/airflow/example_dags/example_display_name.py
[2025-02-04T14:10:51.149+0000] {processor.py:925} INFO - DAG(s) 'example_display_name' retrieved from /home/airflow/.local/lib/python3.12/site-packages/airflow/example_dags/example_display_name.py
[2025-02-04T14:10:51.191+0000] {logging_mixin.py:190} INFO - [2025-02-04T14:10:51.190+0000] {dag.py:3239} INFO - Sync 1 DAGs
[2025-02-04T14:10:51.227+0000] {logging_mixin.py:190} INFO - [2025-02-04T14:10:51.227+0000] {dag.py:4180} INFO - Setting next_dagrun for example_display_name to None, run_after=None
[2025-02-04T14:10:51.293+0000] {processor.py:208} INFO - Processing /home/airflow/.local/lib/python3.12/site-packages/airflow/example_dags/example_display_name.py took 0.204 seconds
[2025-02-04T14:11:26.436+0000] {processor.py:186} INFO - Started process (PID=500) to work on /home/airflow/.local/lib/python3.12/site-packages/airflow/example_dags/example_display_name.py
[2025-02-04T14:11:26.438+0000] {processor.py:914} INFO - Processing file /home/airflow/.local/lib/python3.12/site-packages/airflow/example_dags/example_display_name.py for tasks to queue
[2025-02-04T14:11:26.453+0000] {logging_mixin.py:190} INFO - [2025-02-04T14:11:26.448+0000] {dagbag.py:588} INFO - Filling up the DagBag from /home/airflow/.local/lib/python3.12/site-packages/airflow/example_dags/example_display_name.py
[2025-02-04T14:11:26.477+0000] {processor.py:925} INFO - DAG(s) 'example_display_name' retrieved from /home/airflow/.local/lib/python3.12/site-packages/airflow/example_dags/example_display_name.py
[2025-02-04T14:11:26.561+0000] {logging_mixin.py:190} INFO - [2025-02-04T14:11:26.561+0000] {dag.py:3239} INFO - Sync 1 DAGs
[2025-02-04T14:11:26.684+0000] {logging_mixin.py:190} INFO - [2025-02-04T14:11:26.684+0000] {dag.py:4180} INFO - Setting next_dagrun for example_display_name to None, run_after=None
[2025-02-04T14:11:26.730+0000] {processor.py:208} INFO - Processing /home/airflow/.local/lib/python3.12/site-packages/airflow/example_dags/example_display_name.py took 0.339 seconds
[2025-02-04T14:18:39.692+0000] {processor.py:186} INFO - Started process (PID=97) to work on /home/airflow/.local/lib/python3.12/site-packages/airflow/example_dags/example_display_name.py
[2025-02-04T14:18:39.695+0000] {processor.py:914} INFO - Processing file /home/airflow/.local/lib/python3.12/site-packages/airflow/example_dags/example_display_name.py for tasks to queue
[2025-02-04T14:18:39.704+0000] {logging_mixin.py:190} INFO - [2025-02-04T14:18:39.702+0000] {dagbag.py:588} INFO - Filling up the DagBag from /home/airflow/.local/lib/python3.12/site-packages/airflow/example_dags/example_display_name.py
[2025-02-04T14:18:39.725+0000] {processor.py:925} INFO - DAG(s) 'example_display_name' retrieved from /home/airflow/.local/lib/python3.12/site-packages/airflow/example_dags/example_display_name.py
[2025-02-04T14:18:39.778+0000] {logging_mixin.py:190} INFO - [2025-02-04T14:18:39.777+0000] {dag.py:3239} INFO - Sync 1 DAGs
[2025-02-04T14:18:39.814+0000] {logging_mixin.py:190} INFO - [2025-02-04T14:18:39.814+0000] {dag.py:4180} INFO - Setting next_dagrun for example_display_name to None, run_after=None
[2025-02-04T14:18:39.862+0000] {processor.py:208} INFO - Processing /home/airflow/.local/lib/python3.12/site-packages/airflow/example_dags/example_display_name.py took 0.186 seconds
[2025-02-04T14:19:10.339+0000] {processor.py:186} INFO - Started process (PID=161) to work on /home/airflow/.local/lib/python3.12/site-packages/airflow/example_dags/example_display_name.py
[2025-02-04T14:19:10.342+0000] {processor.py:914} INFO - Processing file /home/airflow/.local/lib/python3.12/site-packages/airflow/example_dags/example_display_name.py for tasks to queue
[2025-02-04T14:19:10.348+0000] {logging_mixin.py:190} INFO - [2025-02-04T14:19:10.347+0000] {dagbag.py:588} INFO - Filling up the DagBag from /home/airflow/.local/lib/python3.12/site-packages/airflow/example_dags/example_display_name.py
[2025-02-04T14:19:10.369+0000] {processor.py:925} INFO - DAG(s) 'example_display_name' retrieved from /home/airflow/.local/lib/python3.12/site-packages/airflow/example_dags/example_display_name.py
[2025-02-04T14:19:10.421+0000] {logging_mixin.py:190} INFO - [2025-02-04T14:19:10.421+0000] {dag.py:3239} INFO - Sync 1 DAGs
[2025-02-04T14:19:10.459+0000] {logging_mixin.py:190} INFO - [2025-02-04T14:19:10.459+0000] {dag.py:4180} INFO - Setting next_dagrun for example_display_name to None, run_after=None
[2025-02-04T14:19:10.513+0000] {processor.py:208} INFO - Processing /home/airflow/.local/lib/python3.12/site-packages/airflow/example_dags/example_display_name.py took 0.187 seconds
[2025-02-04T14:19:42.666+0000] {processor.py:186} INFO - Started process (PID=231) to work on /home/airflow/.local/lib/python3.12/site-packages/airflow/example_dags/example_display_name.py
[2025-02-04T14:19:42.667+0000] {processor.py:914} INFO - Processing file /home/airflow/.local/lib/python3.12/site-packages/airflow/example_dags/example_display_name.py for tasks to queue
[2025-02-04T14:19:42.671+0000] {logging_mixin.py:190} INFO - [2025-02-04T14:19:42.670+0000] {dagbag.py:588} INFO - Filling up the DagBag from /home/airflow/.local/lib/python3.12/site-packages/airflow/example_dags/example_display_name.py
[2025-02-04T14:19:42.687+0000] {processor.py:925} INFO - DAG(s) 'example_display_name' retrieved from /home/airflow/.local/lib/python3.12/site-packages/airflow/example_dags/example_display_name.py
[2025-02-04T14:19:42.738+0000] {logging_mixin.py:190} INFO - [2025-02-04T14:19:42.738+0000] {dag.py:3239} INFO - Sync 1 DAGs
[2025-02-04T14:19:42.782+0000] {logging_mixin.py:190} INFO - [2025-02-04T14:19:42.781+0000] {dag.py:4180} INFO - Setting next_dagrun for example_display_name to None, run_after=None
[2025-02-04T14:19:42.823+0000] {processor.py:208} INFO - Processing /home/airflow/.local/lib/python3.12/site-packages/airflow/example_dags/example_display_name.py took 0.173 seconds
[2025-02-04T14:20:13.863+0000] {processor.py:186} INFO - Started process (PID=302) to work on /home/airflow/.local/lib/python3.12/site-packages/airflow/example_dags/example_display_name.py
[2025-02-04T14:20:13.865+0000] {processor.py:914} INFO - Processing file /home/airflow/.local/lib/python3.12/site-packages/airflow/example_dags/example_display_name.py for tasks to queue
[2025-02-04T14:20:13.868+0000] {logging_mixin.py:190} INFO - [2025-02-04T14:20:13.867+0000] {dagbag.py:588} INFO - Filling up the DagBag from /home/airflow/.local/lib/python3.12/site-packages/airflow/example_dags/example_display_name.py
[2025-02-04T14:20:13.884+0000] {processor.py:925} INFO - DAG(s) 'example_display_name' retrieved from /home/airflow/.local/lib/python3.12/site-packages/airflow/example_dags/example_display_name.py
[2025-02-04T14:20:13.924+0000] {logging_mixin.py:190} INFO - [2025-02-04T14:20:13.924+0000] {dag.py:3239} INFO - Sync 1 DAGs
[2025-02-04T14:20:13.958+0000] {logging_mixin.py:190} INFO - [2025-02-04T14:20:13.957+0000] {dag.py:4180} INFO - Setting next_dagrun for example_display_name to None, run_after=None
[2025-02-04T14:20:14.006+0000] {processor.py:208} INFO - Processing /home/airflow/.local/lib/python3.12/site-packages/airflow/example_dags/example_display_name.py took 0.162 seconds
[2025-02-04T14:20:52.734+0000] {processor.py:186} INFO - Started process (PID=372) to work on /home/airflow/.local/lib/python3.12/site-packages/airflow/example_dags/example_display_name.py
[2025-02-04T14:20:52.736+0000] {processor.py:914} INFO - Processing file /home/airflow/.local/lib/python3.12/site-packages/airflow/example_dags/example_display_name.py for tasks to queue
[2025-02-04T14:20:52.738+0000] {logging_mixin.py:190} INFO - [2025-02-04T14:20:52.738+0000] {dagbag.py:588} INFO - Filling up the DagBag from /home/airflow/.local/lib/python3.12/site-packages/airflow/example_dags/example_display_name.py
[2025-02-04T14:20:52.766+0000] {processor.py:925} INFO - DAG(s) 'example_display_name' retrieved from /home/airflow/.local/lib/python3.12/site-packages/airflow/example_dags/example_display_name.py
[2025-02-04T14:20:52.821+0000] {logging_mixin.py:190} INFO - [2025-02-04T14:20:52.821+0000] {dag.py:3239} INFO - Sync 1 DAGs
[2025-02-04T14:20:52.868+0000] {logging_mixin.py:190} INFO - [2025-02-04T14:20:52.867+0000] {dag.py:4180} INFO - Setting next_dagrun for example_display_name to None, run_after=None
[2025-02-04T14:20:52.990+0000] {processor.py:208} INFO - Processing /home/airflow/.local/lib/python3.12/site-packages/airflow/example_dags/example_display_name.py took 0.266 seconds
[2025-02-04T14:21:23.592+0000] {processor.py:186} INFO - Started process (PID=445) to work on /home/airflow/.local/lib/python3.12/site-packages/airflow/example_dags/example_display_name.py
[2025-02-04T14:21:23.594+0000] {processor.py:914} INFO - Processing file /home/airflow/.local/lib/python3.12/site-packages/airflow/example_dags/example_display_name.py for tasks to queue
[2025-02-04T14:21:23.597+0000] {logging_mixin.py:190} INFO - [2025-02-04T14:21:23.596+0000] {dagbag.py:588} INFO - Filling up the DagBag from /home/airflow/.local/lib/python3.12/site-packages/airflow/example_dags/example_display_name.py
[2025-02-04T14:21:23.613+0000] {processor.py:925} INFO - DAG(s) 'example_display_name' retrieved from /home/airflow/.local/lib/python3.12/site-packages/airflow/example_dags/example_display_name.py
[2025-02-04T14:21:23.650+0000] {logging_mixin.py:190} INFO - [2025-02-04T14:21:23.650+0000] {dag.py:3239} INFO - Sync 1 DAGs
[2025-02-04T14:21:23.676+0000] {logging_mixin.py:190} INFO - [2025-02-04T14:21:23.676+0000] {dag.py:4180} INFO - Setting next_dagrun for example_display_name to None, run_after=None
[2025-02-04T14:21:23.715+0000] {processor.py:208} INFO - Processing /home/airflow/.local/lib/python3.12/site-packages/airflow/example_dags/example_display_name.py took 0.135 seconds
[2025-02-04T14:21:56.270+0000] {processor.py:186} INFO - Started process (PID=510) to work on /home/airflow/.local/lib/python3.12/site-packages/airflow/example_dags/example_display_name.py
[2025-02-04T14:21:56.272+0000] {processor.py:914} INFO - Processing file /home/airflow/.local/lib/python3.12/site-packages/airflow/example_dags/example_display_name.py for tasks to queue
[2025-02-04T14:21:56.275+0000] {logging_mixin.py:190} INFO - [2025-02-04T14:21:56.274+0000] {dagbag.py:588} INFO - Filling up the DagBag from /home/airflow/.local/lib/python3.12/site-packages/airflow/example_dags/example_display_name.py
[2025-02-04T14:21:56.291+0000] {processor.py:925} INFO - DAG(s) 'example_display_name' retrieved from /home/airflow/.local/lib/python3.12/site-packages/airflow/example_dags/example_display_name.py
[2025-02-04T14:21:56.358+0000] {logging_mixin.py:190} INFO - [2025-02-04T14:21:56.358+0000] {dag.py:3239} INFO - Sync 1 DAGs
[2025-02-04T14:21:56.394+0000] {logging_mixin.py:190} INFO - [2025-02-04T14:21:56.394+0000] {dag.py:4180} INFO - Setting next_dagrun for example_display_name to None, run_after=None
[2025-02-04T14:21:56.437+0000] {processor.py:208} INFO - Processing /home/airflow/.local/lib/python3.12/site-packages/airflow/example_dags/example_display_name.py took 0.181 seconds
[2025-02-04T14:22:27.448+0000] {processor.py:186} INFO - Started process (PID=583) to work on /home/airflow/.local/lib/python3.12/site-packages/airflow/example_dags/example_display_name.py
[2025-02-04T14:22:27.450+0000] {processor.py:914} INFO - Processing file /home/airflow/.local/lib/python3.12/site-packages/airflow/example_dags/example_display_name.py for tasks to queue
[2025-02-04T14:22:27.453+0000] {logging_mixin.py:190} INFO - [2025-02-04T14:22:27.452+0000] {dagbag.py:588} INFO - Filling up the DagBag from /home/airflow/.local/lib/python3.12/site-packages/airflow/example_dags/example_display_name.py
[2025-02-04T14:22:27.471+0000] {processor.py:925} INFO - DAG(s) 'example_display_name' retrieved from /home/airflow/.local/lib/python3.12/site-packages/airflow/example_dags/example_display_name.py
[2025-02-04T14:22:27.517+0000] {logging_mixin.py:190} INFO - [2025-02-04T14:22:27.517+0000] {dag.py:3239} INFO - Sync 1 DAGs
[2025-02-04T14:22:27.564+0000] {logging_mixin.py:190} INFO - [2025-02-04T14:22:27.563+0000] {dag.py:4180} INFO - Setting next_dagrun for example_display_name to None, run_after=None
[2025-02-04T14:22:27.608+0000] {processor.py:208} INFO - Processing /home/airflow/.local/lib/python3.12/site-packages/airflow/example_dags/example_display_name.py took 0.175 seconds
[2025-02-04T14:22:59.342+0000] {processor.py:186} INFO - Started process (PID=650) to work on /home/airflow/.local/lib/python3.12/site-packages/airflow/example_dags/example_display_name.py
[2025-02-04T14:22:59.344+0000] {processor.py:914} INFO - Processing file /home/airflow/.local/lib/python3.12/site-packages/airflow/example_dags/example_display_name.py for tasks to queue
[2025-02-04T14:22:59.347+0000] {logging_mixin.py:190} INFO - [2025-02-04T14:22:59.346+0000] {dagbag.py:588} INFO - Filling up the DagBag from /home/airflow/.local/lib/python3.12/site-packages/airflow/example_dags/example_display_name.py
[2025-02-04T14:22:59.364+0000] {processor.py:925} INFO - DAG(s) 'example_display_name' retrieved from /home/airflow/.local/lib/python3.12/site-packages/airflow/example_dags/example_display_name.py
[2025-02-04T14:22:59.410+0000] {logging_mixin.py:190} INFO - [2025-02-04T14:22:59.409+0000] {dag.py:3239} INFO - Sync 1 DAGs
[2025-02-04T14:22:59.447+0000] {logging_mixin.py:190} INFO - [2025-02-04T14:22:59.447+0000] {dag.py:4180} INFO - Setting next_dagrun for example_display_name to None, run_after=None
[2025-02-04T14:22:59.481+0000] {processor.py:208} INFO - Processing /home/airflow/.local/lib/python3.12/site-packages/airflow/example_dags/example_display_name.py took 0.153 seconds
[2025-02-04T14:23:30.299+0000] {processor.py:186} INFO - Started process (PID=714) to work on /home/airflow/.local/lib/python3.12/site-packages/airflow/example_dags/example_display_name.py
[2025-02-04T14:23:30.301+0000] {processor.py:914} INFO - Processing file /home/airflow/.local/lib/python3.12/site-packages/airflow/example_dags/example_display_name.py for tasks to queue
[2025-02-04T14:23:30.304+0000] {logging_mixin.py:190} INFO - [2025-02-04T14:23:30.303+0000] {dagbag.py:588} INFO - Filling up the DagBag from /home/airflow/.local/lib/python3.12/site-packages/airflow/example_dags/example_display_name.py
[2025-02-04T14:23:30.322+0000] {processor.py:925} INFO - DAG(s) 'example_display_name' retrieved from /home/airflow/.local/lib/python3.12/site-packages/airflow/example_dags/example_display_name.py
[2025-02-04T14:23:30.349+0000] {logging_mixin.py:190} INFO - [2025-02-04T14:23:30.349+0000] {dag.py:3239} INFO - Sync 1 DAGs
[2025-02-04T14:23:30.376+0000] {logging_mixin.py:190} INFO - [2025-02-04T14:23:30.376+0000] {dag.py:4180} INFO - Setting next_dagrun for example_display_name to None, run_after=None
[2025-02-04T14:23:30.409+0000] {processor.py:208} INFO - Processing /home/airflow/.local/lib/python3.12/site-packages/airflow/example_dags/example_display_name.py took 0.119 seconds
[2025-02-04T14:24:00.579+0000] {processor.py:186} INFO - Started process (PID=777) to work on /home/airflow/.local/lib/python3.12/site-packages/airflow/example_dags/example_display_name.py
[2025-02-04T14:24:00.580+0000] {processor.py:914} INFO - Processing file /home/airflow/.local/lib/python3.12/site-packages/airflow/example_dags/example_display_name.py for tasks to queue
[2025-02-04T14:24:00.582+0000] {logging_mixin.py:190} INFO - [2025-02-04T14:24:00.582+0000] {dagbag.py:588} INFO - Filling up the DagBag from /home/airflow/.local/lib/python3.12/site-packages/airflow/example_dags/example_display_name.py
[2025-02-04T14:24:00.597+0000] {processor.py:925} INFO - DAG(s) 'example_display_name' retrieved from /home/airflow/.local/lib/python3.12/site-packages/airflow/example_dags/example_display_name.py
[2025-02-04T14:24:00.627+0000] {logging_mixin.py:190} INFO - [2025-02-04T14:24:00.626+0000] {dag.py:3239} INFO - Sync 1 DAGs
[2025-02-04T14:24:00.650+0000] {logging_mixin.py:190} INFO - [2025-02-04T14:24:00.650+0000] {dag.py:4180} INFO - Setting next_dagrun for example_display_name to None, run_after=None
[2025-02-04T14:24:00.684+0000] {processor.py:208} INFO - Processing /home/airflow/.local/lib/python3.12/site-packages/airflow/example_dags/example_display_name.py took 0.114 seconds
[2025-02-04T14:24:43.063+0000] {processor.py:186} INFO - Started process (PID=851) to work on /home/airflow/.local/lib/python3.12/site-packages/airflow/example_dags/example_display_name.py
[2025-02-04T14:24:43.066+0000] {processor.py:914} INFO - Processing file /home/airflow/.local/lib/python3.12/site-packages/airflow/example_dags/example_display_name.py for tasks to queue
[2025-02-04T14:24:43.068+0000] {logging_mixin.py:190} INFO - [2025-02-04T14:24:43.068+0000] {dagbag.py:588} INFO - Filling up the DagBag from /home/airflow/.local/lib/python3.12/site-packages/airflow/example_dags/example_display_name.py
[2025-02-04T14:24:43.082+0000] {processor.py:925} INFO - DAG(s) 'example_display_name' retrieved from /home/airflow/.local/lib/python3.12/site-packages/airflow/example_dags/example_display_name.py
[2025-02-04T14:24:43.126+0000] {logging_mixin.py:190} INFO - [2025-02-04T14:24:43.125+0000] {dag.py:3239} INFO - Sync 1 DAGs
[2025-02-04T14:24:43.159+0000] {logging_mixin.py:190} INFO - [2025-02-04T14:24:43.158+0000] {dag.py:4180} INFO - Setting next_dagrun for example_display_name to None, run_after=None
[2025-02-04T14:24:43.198+0000] {processor.py:208} INFO - Processing /home/airflow/.local/lib/python3.12/site-packages/airflow/example_dags/example_display_name.py took 0.146 seconds
[2025-02-04T14:32:50.912+0000] {processor.py:186} INFO - Started process (PID=115) to work on /home/airflow/.local/lib/python3.12/site-packages/airflow/example_dags/example_display_name.py
[2025-02-04T14:32:50.915+0000] {processor.py:914} INFO - Processing file /home/airflow/.local/lib/python3.12/site-packages/airflow/example_dags/example_display_name.py for tasks to queue
[2025-02-04T14:32:50.942+0000] {logging_mixin.py:190} INFO - [2025-02-04T14:32:50.930+0000] {dagbag.py:588} INFO - Filling up the DagBag from /home/airflow/.local/lib/python3.12/site-packages/airflow/example_dags/example_display_name.py
[2025-02-04T14:32:50.991+0000] {processor.py:925} INFO - DAG(s) 'example_display_name' retrieved from /home/airflow/.local/lib/python3.12/site-packages/airflow/example_dags/example_display_name.py
[2025-02-04T14:32:51.409+0000] {logging_mixin.py:190} INFO - [2025-02-04T14:32:51.407+0000] {override.py:1911} INFO - Created Permission View: can delete on DAG:example_display_name
[2025-02-04T14:32:51.446+0000] {logging_mixin.py:190} INFO - [2025-02-04T14:32:51.445+0000] {override.py:1911} INFO - Created Permission View: can read on DAG:example_display_name
[2025-02-04T14:32:51.462+0000] {logging_mixin.py:190} INFO - [2025-02-04T14:32:51.461+0000] {override.py:1911} INFO - Created Permission View: can edit on DAG:example_display_name
[2025-02-04T14:32:51.499+0000] {logging_mixin.py:190} INFO - [2025-02-04T14:32:51.498+0000] {override.py:1911} INFO - Created Permission View: can create on DAG Run:example_display_name
[2025-02-04T14:32:51.523+0000] {logging_mixin.py:190} INFO - [2025-02-04T14:32:51.522+0000] {override.py:1911} INFO - Created Permission View: can delete on DAG Run:example_display_name
[2025-02-04T14:32:51.548+0000] {logging_mixin.py:190} INFO - [2025-02-04T14:32:51.547+0000] {override.py:1911} INFO - Created Permission View: can read on DAG Run:example_display_name
[2025-02-04T14:32:51.568+0000] {logging_mixin.py:190} INFO - [2025-02-04T14:32:51.568+0000] {override.py:1911} INFO - Created Permission View: menu access on DAG Run:example_display_name
[2025-02-04T14:32:51.570+0000] {logging_mixin.py:190} INFO - [2025-02-04T14:32:51.569+0000] {dag.py:3239} INFO - Sync 1 DAGs
[2025-02-04T14:32:51.619+0000] {logging_mixin.py:190} INFO - [2025-02-04T14:32:51.619+0000] {dag.py:3262} INFO - Creating ORM DAG for example_display_name
[2025-02-04T14:32:51.624+0000] {logging_mixin.py:190} INFO - [2025-02-04T14:32:51.624+0000] {dag.py:4180} INFO - Setting next_dagrun for example_display_name to None, run_after=None
[2025-02-04T14:32:51.673+0000] {processor.py:208} INFO - Processing /home/airflow/.local/lib/python3.12/site-packages/airflow/example_dags/example_display_name.py took 0.825 seconds
[2025-02-04T14:33:21.825+0000] {processor.py:186} INFO - Started process (PID=178) to work on /home/airflow/.local/lib/python3.12/site-packages/airflow/example_dags/example_display_name.py
[2025-02-04T14:33:21.828+0000] {processor.py:914} INFO - Processing file /home/airflow/.local/lib/python3.12/site-packages/airflow/example_dags/example_display_name.py for tasks to queue
[2025-02-04T14:33:21.832+0000] {logging_mixin.py:190} INFO - [2025-02-04T14:33:21.832+0000] {dagbag.py:588} INFO - Filling up the DagBag from /home/airflow/.local/lib/python3.12/site-packages/airflow/example_dags/example_display_name.py
[2025-02-04T14:33:21.845+0000] {processor.py:925} INFO - DAG(s) 'example_display_name' retrieved from /home/airflow/.local/lib/python3.12/site-packages/airflow/example_dags/example_display_name.py
[2025-02-04T14:33:21.876+0000] {logging_mixin.py:190} INFO - [2025-02-04T14:33:21.875+0000] {dag.py:3239} INFO - Sync 1 DAGs
[2025-02-04T14:33:21.903+0000] {logging_mixin.py:190} INFO - [2025-02-04T14:33:21.903+0000] {dag.py:4180} INFO - Setting next_dagrun for example_display_name to None, run_after=None
[2025-02-04T14:33:21.944+0000] {processor.py:208} INFO - Processing /home/airflow/.local/lib/python3.12/site-packages/airflow/example_dags/example_display_name.py took 0.131 seconds
[2025-02-04T14:33:52.266+0000] {processor.py:186} INFO - Started process (PID=242) to work on /home/airflow/.local/lib/python3.12/site-packages/airflow/example_dags/example_display_name.py
[2025-02-04T14:33:52.268+0000] {processor.py:914} INFO - Processing file /home/airflow/.local/lib/python3.12/site-packages/airflow/example_dags/example_display_name.py for tasks to queue
[2025-02-04T14:33:52.282+0000] {logging_mixin.py:190} INFO - [2025-02-04T14:33:52.274+0000] {dagbag.py:588} INFO - Filling up the DagBag from /home/airflow/.local/lib/python3.12/site-packages/airflow/example_dags/example_display_name.py
[2025-02-04T14:33:52.325+0000] {processor.py:925} INFO - DAG(s) 'example_display_name' retrieved from /home/airflow/.local/lib/python3.12/site-packages/airflow/example_dags/example_display_name.py
[2025-02-04T14:33:52.378+0000] {logging_mixin.py:190} INFO - [2025-02-04T14:33:52.378+0000] {dag.py:3239} INFO - Sync 1 DAGs
[2025-02-04T14:33:52.415+0000] {logging_mixin.py:190} INFO - [2025-02-04T14:33:52.415+0000] {dag.py:4180} INFO - Setting next_dagrun for example_display_name to None, run_after=None
[2025-02-04T14:33:52.461+0000] {processor.py:208} INFO - Processing /home/airflow/.local/lib/python3.12/site-packages/airflow/example_dags/example_display_name.py took 0.223 seconds
[2025-02-04T14:34:23.135+0000] {processor.py:186} INFO - Started process (PID=307) to work on /home/airflow/.local/lib/python3.12/site-packages/airflow/example_dags/example_display_name.py
[2025-02-04T14:34:23.137+0000] {processor.py:914} INFO - Processing file /home/airflow/.local/lib/python3.12/site-packages/airflow/example_dags/example_display_name.py for tasks to queue
[2025-02-04T14:34:23.144+0000] {logging_mixin.py:190} INFO - [2025-02-04T14:34:23.142+0000] {dagbag.py:588} INFO - Filling up the DagBag from /home/airflow/.local/lib/python3.12/site-packages/airflow/example_dags/example_display_name.py
[2025-02-04T14:34:23.161+0000] {processor.py:925} INFO - DAG(s) 'example_display_name' retrieved from /home/airflow/.local/lib/python3.12/site-packages/airflow/example_dags/example_display_name.py
[2025-02-04T14:34:23.217+0000] {logging_mixin.py:190} INFO - [2025-02-04T14:34:23.216+0000] {dag.py:3239} INFO - Sync 1 DAGs
[2025-02-04T14:34:23.242+0000] {logging_mixin.py:190} INFO - [2025-02-04T14:34:23.242+0000] {dag.py:4180} INFO - Setting next_dagrun for example_display_name to None, run_after=None
[2025-02-04T14:34:23.275+0000] {processor.py:208} INFO - Processing /home/airflow/.local/lib/python3.12/site-packages/airflow/example_dags/example_display_name.py took 0.153 seconds
[2025-02-04T14:34:53.483+0000] {processor.py:186} INFO - Started process (PID=371) to work on /home/airflow/.local/lib/python3.12/site-packages/airflow/example_dags/example_display_name.py
[2025-02-04T14:34:53.496+0000] {processor.py:914} INFO - Processing file /home/airflow/.local/lib/python3.12/site-packages/airflow/example_dags/example_display_name.py for tasks to queue
[2025-02-04T14:34:53.501+0000] {logging_mixin.py:190} INFO - [2025-02-04T14:34:53.500+0000] {dagbag.py:588} INFO - Filling up the DagBag from /home/airflow/.local/lib/python3.12/site-packages/airflow/example_dags/example_display_name.py
[2025-02-04T14:34:53.539+0000] {processor.py:925} INFO - DAG(s) 'example_display_name' retrieved from /home/airflow/.local/lib/python3.12/site-packages/airflow/example_dags/example_display_name.py
[2025-02-04T14:34:53.587+0000] {logging_mixin.py:190} INFO - [2025-02-04T14:34:53.586+0000] {dag.py:3239} INFO - Sync 1 DAGs
[2025-02-04T14:34:53.609+0000] {logging_mixin.py:190} INFO - [2025-02-04T14:34:53.608+0000] {dag.py:4180} INFO - Setting next_dagrun for example_display_name to None, run_after=None
[2025-02-04T14:34:53.639+0000] {processor.py:208} INFO - Processing /home/airflow/.local/lib/python3.12/site-packages/airflow/example_dags/example_display_name.py took 0.169 seconds
[2025-02-04T14:35:24.305+0000] {processor.py:186} INFO - Started process (PID=435) to work on /home/airflow/.local/lib/python3.12/site-packages/airflow/example_dags/example_display_name.py
[2025-02-04T14:35:24.307+0000] {processor.py:914} INFO - Processing file /home/airflow/.local/lib/python3.12/site-packages/airflow/example_dags/example_display_name.py for tasks to queue
[2025-02-04T14:35:24.311+0000] {logging_mixin.py:190} INFO - [2025-02-04T14:35:24.311+0000] {dagbag.py:588} INFO - Filling up the DagBag from /home/airflow/.local/lib/python3.12/site-packages/airflow/example_dags/example_display_name.py
[2025-02-04T14:35:24.324+0000] {processor.py:925} INFO - DAG(s) 'example_display_name' retrieved from /home/airflow/.local/lib/python3.12/site-packages/airflow/example_dags/example_display_name.py
[2025-02-04T14:35:24.373+0000] {logging_mixin.py:190} INFO - [2025-02-04T14:35:24.373+0000] {dag.py:3239} INFO - Sync 1 DAGs
[2025-02-04T14:35:24.432+0000] {logging_mixin.py:190} INFO - [2025-02-04T14:35:24.431+0000] {dag.py:4180} INFO - Setting next_dagrun for example_display_name to None, run_after=None
[2025-02-04T14:35:24.511+0000] {processor.py:208} INFO - Processing /home/airflow/.local/lib/python3.12/site-packages/airflow/example_dags/example_display_name.py took 0.217 seconds
[2025-02-04T14:35:57.112+0000] {processor.py:186} INFO - Started process (PID=498) to work on /home/airflow/.local/lib/python3.12/site-packages/airflow/example_dags/example_display_name.py
[2025-02-04T14:35:57.113+0000] {processor.py:914} INFO - Processing file /home/airflow/.local/lib/python3.12/site-packages/airflow/example_dags/example_display_name.py for tasks to queue
[2025-02-04T14:35:57.117+0000] {logging_mixin.py:190} INFO - [2025-02-04T14:35:57.117+0000] {dagbag.py:588} INFO - Filling up the DagBag from /home/airflow/.local/lib/python3.12/site-packages/airflow/example_dags/example_display_name.py
[2025-02-04T14:35:57.130+0000] {processor.py:925} INFO - DAG(s) 'example_display_name' retrieved from /home/airflow/.local/lib/python3.12/site-packages/airflow/example_dags/example_display_name.py
[2025-02-04T14:35:57.175+0000] {logging_mixin.py:190} INFO - [2025-02-04T14:35:57.174+0000] {dag.py:3239} INFO - Sync 1 DAGs
[2025-02-04T14:35:57.211+0000] {logging_mixin.py:190} INFO - [2025-02-04T14:35:57.211+0000] {dag.py:4180} INFO - Setting next_dagrun for example_display_name to None, run_after=None
[2025-02-04T14:35:57.254+0000] {processor.py:208} INFO - Processing /home/airflow/.local/lib/python3.12/site-packages/airflow/example_dags/example_display_name.py took 0.152 seconds
[2025-02-04T14:36:44.586+0000] {processor.py:186} INFO - Started process (PID=562) to work on /home/airflow/.local/lib/python3.12/site-packages/airflow/example_dags/example_display_name.py
[2025-02-04T14:36:44.588+0000] {processor.py:914} INFO - Processing file /home/airflow/.local/lib/python3.12/site-packages/airflow/example_dags/example_display_name.py for tasks to queue
[2025-02-04T14:36:44.592+0000] {logging_mixin.py:190} INFO - [2025-02-04T14:36:44.592+0000] {dagbag.py:588} INFO - Filling up the DagBag from /home/airflow/.local/lib/python3.12/site-packages/airflow/example_dags/example_display_name.py
[2025-02-04T14:36:44.609+0000] {processor.py:925} INFO - DAG(s) 'example_display_name' retrieved from /home/airflow/.local/lib/python3.12/site-packages/airflow/example_dags/example_display_name.py
[2025-02-04T14:36:44.635+0000] {logging_mixin.py:190} INFO - [2025-02-04T14:36:44.635+0000] {dag.py:3239} INFO - Sync 1 DAGs
[2025-02-04T14:36:44.655+0000] {logging_mixin.py:190} INFO - [2025-02-04T14:36:44.655+0000] {dag.py:4180} INFO - Setting next_dagrun for example_display_name to None, run_after=None
[2025-02-04T14:36:44.683+0000] {processor.py:208} INFO - Processing /home/airflow/.local/lib/python3.12/site-packages/airflow/example_dags/example_display_name.py took 0.105 seconds
[2025-02-04T14:37:16.617+0000] {processor.py:186} INFO - Started process (PID=627) to work on /home/airflow/.local/lib/python3.12/site-packages/airflow/example_dags/example_display_name.py
[2025-02-04T14:37:16.619+0000] {processor.py:914} INFO - Processing file /home/airflow/.local/lib/python3.12/site-packages/airflow/example_dags/example_display_name.py for tasks to queue
[2025-02-04T14:37:16.629+0000] {logging_mixin.py:190} INFO - [2025-02-04T14:37:16.628+0000] {dagbag.py:588} INFO - Filling up the DagBag from /home/airflow/.local/lib/python3.12/site-packages/airflow/example_dags/example_display_name.py
[2025-02-04T14:37:16.646+0000] {processor.py:925} INFO - DAG(s) 'example_display_name' retrieved from /home/airflow/.local/lib/python3.12/site-packages/airflow/example_dags/example_display_name.py
[2025-02-04T14:37:16.681+0000] {logging_mixin.py:190} INFO - [2025-02-04T14:37:16.681+0000] {dag.py:3239} INFO - Sync 1 DAGs
[2025-02-04T14:37:16.710+0000] {logging_mixin.py:190} INFO - [2025-02-04T14:37:16.710+0000] {dag.py:4180} INFO - Setting next_dagrun for example_display_name to None, run_after=None
[2025-02-04T14:37:16.748+0000] {processor.py:208} INFO - Processing /home/airflow/.local/lib/python3.12/site-packages/airflow/example_dags/example_display_name.py took 0.151 seconds
[2025-02-04T14:37:52.057+0000] {processor.py:186} INFO - Started process (PID=694) to work on /home/airflow/.local/lib/python3.12/site-packages/airflow/example_dags/example_display_name.py
[2025-02-04T14:37:52.059+0000] {processor.py:914} INFO - Processing file /home/airflow/.local/lib/python3.12/site-packages/airflow/example_dags/example_display_name.py for tasks to queue
[2025-02-04T14:37:52.065+0000] {logging_mixin.py:190} INFO - [2025-02-04T14:37:52.064+0000] {dagbag.py:588} INFO - Filling up the DagBag from /home/airflow/.local/lib/python3.12/site-packages/airflow/example_dags/example_display_name.py
[2025-02-04T14:37:52.080+0000] {processor.py:925} INFO - DAG(s) 'example_display_name' retrieved from /home/airflow/.local/lib/python3.12/site-packages/airflow/example_dags/example_display_name.py
[2025-02-04T14:37:52.121+0000] {logging_mixin.py:190} INFO - [2025-02-04T14:37:52.121+0000] {dag.py:3239} INFO - Sync 1 DAGs
[2025-02-04T14:37:52.153+0000] {logging_mixin.py:190} INFO - [2025-02-04T14:37:52.153+0000] {dag.py:4180} INFO - Setting next_dagrun for example_display_name to None, run_after=None
[2025-02-04T14:37:52.189+0000] {processor.py:208} INFO - Processing /home/airflow/.local/lib/python3.12/site-packages/airflow/example_dags/example_display_name.py took 0.147 seconds
[2025-02-04T14:38:22.274+0000] {processor.py:186} INFO - Started process (PID=759) to work on /home/airflow/.local/lib/python3.12/site-packages/airflow/example_dags/example_display_name.py
[2025-02-04T14:38:22.276+0000] {processor.py:914} INFO - Processing file /home/airflow/.local/lib/python3.12/site-packages/airflow/example_dags/example_display_name.py for tasks to queue
[2025-02-04T14:38:22.279+0000] {logging_mixin.py:190} INFO - [2025-02-04T14:38:22.279+0000] {dagbag.py:588} INFO - Filling up the DagBag from /home/airflow/.local/lib/python3.12/site-packages/airflow/example_dags/example_display_name.py
[2025-02-04T14:38:22.301+0000] {processor.py:925} INFO - DAG(s) 'example_display_name' retrieved from /home/airflow/.local/lib/python3.12/site-packages/airflow/example_dags/example_display_name.py
[2025-02-04T14:38:22.353+0000] {logging_mixin.py:190} INFO - [2025-02-04T14:38:22.353+0000] {dag.py:3239} INFO - Sync 1 DAGs
[2025-02-04T14:38:22.394+0000] {logging_mixin.py:190} INFO - [2025-02-04T14:38:22.394+0000] {dag.py:4180} INFO - Setting next_dagrun for example_display_name to None, run_after=None
[2025-02-04T14:38:22.489+0000] {processor.py:208} INFO - Processing /home/airflow/.local/lib/python3.12/site-packages/airflow/example_dags/example_display_name.py took 0.226 seconds
[2025-02-04T14:38:56.908+0000] {processor.py:186} INFO - Started process (PID=830) to work on /home/airflow/.local/lib/python3.12/site-packages/airflow/example_dags/example_display_name.py
[2025-02-04T14:38:56.910+0000] {processor.py:914} INFO - Processing file /home/airflow/.local/lib/python3.12/site-packages/airflow/example_dags/example_display_name.py for tasks to queue
[2025-02-04T14:38:56.914+0000] {logging_mixin.py:190} INFO - [2025-02-04T14:38:56.914+0000] {dagbag.py:588} INFO - Filling up the DagBag from /home/airflow/.local/lib/python3.12/site-packages/airflow/example_dags/example_display_name.py
[2025-02-04T14:38:56.933+0000] {processor.py:925} INFO - DAG(s) 'example_display_name' retrieved from /home/airflow/.local/lib/python3.12/site-packages/airflow/example_dags/example_display_name.py
[2025-02-04T14:38:56.993+0000] {logging_mixin.py:190} INFO - [2025-02-04T14:38:56.993+0000] {dag.py:3239} INFO - Sync 1 DAGs
[2025-02-04T14:38:57.028+0000] {logging_mixin.py:190} INFO - [2025-02-04T14:38:57.027+0000] {dag.py:4180} INFO - Setting next_dagrun for example_display_name to None, run_after=None
[2025-02-04T14:38:57.069+0000] {processor.py:208} INFO - Processing /home/airflow/.local/lib/python3.12/site-packages/airflow/example_dags/example_display_name.py took 0.170 seconds
[2025-02-04T14:39:27.375+0000] {processor.py:186} INFO - Started process (PID=894) to work on /home/airflow/.local/lib/python3.12/site-packages/airflow/example_dags/example_display_name.py
[2025-02-04T14:39:27.377+0000] {processor.py:914} INFO - Processing file /home/airflow/.local/lib/python3.12/site-packages/airflow/example_dags/example_display_name.py for tasks to queue
[2025-02-04T14:39:27.381+0000] {logging_mixin.py:190} INFO - [2025-02-04T14:39:27.381+0000] {dagbag.py:588} INFO - Filling up the DagBag from /home/airflow/.local/lib/python3.12/site-packages/airflow/example_dags/example_display_name.py
[2025-02-04T14:39:27.397+0000] {processor.py:925} INFO - DAG(s) 'example_display_name' retrieved from /home/airflow/.local/lib/python3.12/site-packages/airflow/example_dags/example_display_name.py
[2025-02-04T14:39:27.456+0000] {logging_mixin.py:190} INFO - [2025-02-04T14:39:27.455+0000] {dag.py:3239} INFO - Sync 1 DAGs
[2025-02-04T14:39:27.490+0000] {logging_mixin.py:190} INFO - [2025-02-04T14:39:27.490+0000] {dag.py:4180} INFO - Setting next_dagrun for example_display_name to None, run_after=None
[2025-02-04T14:39:27.539+0000] {processor.py:208} INFO - Processing /home/airflow/.local/lib/python3.12/site-packages/airflow/example_dags/example_display_name.py took 0.174 seconds
[2025-02-04T14:39:59.153+0000] {processor.py:186} INFO - Started process (PID=959) to work on /home/airflow/.local/lib/python3.12/site-packages/airflow/example_dags/example_display_name.py
[2025-02-04T14:39:59.155+0000] {processor.py:914} INFO - Processing file /home/airflow/.local/lib/python3.12/site-packages/airflow/example_dags/example_display_name.py for tasks to queue
[2025-02-04T14:39:59.160+0000] {logging_mixin.py:190} INFO - [2025-02-04T14:39:59.159+0000] {dagbag.py:588} INFO - Filling up the DagBag from /home/airflow/.local/lib/python3.12/site-packages/airflow/example_dags/example_display_name.py
[2025-02-04T14:39:59.182+0000] {processor.py:925} INFO - DAG(s) 'example_display_name' retrieved from /home/airflow/.local/lib/python3.12/site-packages/airflow/example_dags/example_display_name.py
[2025-02-04T14:39:59.783+0000] {logging_mixin.py:190} INFO - [2025-02-04T14:39:59.783+0000] {dag.py:3239} INFO - Sync 1 DAGs
[2025-02-04T14:39:59.812+0000] {logging_mixin.py:190} INFO - [2025-02-04T14:39:59.812+0000] {dag.py:4180} INFO - Setting next_dagrun for example_display_name to None, run_after=None
[2025-02-04T14:39:59.849+0000] {processor.py:208} INFO - Processing /home/airflow/.local/lib/python3.12/site-packages/airflow/example_dags/example_display_name.py took 0.249 seconds
[2025-02-04T14:40:33.311+0000] {processor.py:186} INFO - Started process (PID=1024) to work on /home/airflow/.local/lib/python3.12/site-packages/airflow/example_dags/example_display_name.py
[2025-02-04T14:40:33.313+0000] {processor.py:914} INFO - Processing file /home/airflow/.local/lib/python3.12/site-packages/airflow/example_dags/example_display_name.py for tasks to queue
[2025-02-04T14:40:33.316+0000] {logging_mixin.py:190} INFO - [2025-02-04T14:40:33.316+0000] {dagbag.py:588} INFO - Filling up the DagBag from /home/airflow/.local/lib/python3.12/site-packages/airflow/example_dags/example_display_name.py
[2025-02-04T14:40:33.331+0000] {processor.py:925} INFO - DAG(s) 'example_display_name' retrieved from /home/airflow/.local/lib/python3.12/site-packages/airflow/example_dags/example_display_name.py
[2025-02-04T14:40:33.374+0000] {logging_mixin.py:190} INFO - [2025-02-04T14:40:33.374+0000] {dag.py:3239} INFO - Sync 1 DAGs
[2025-02-04T14:40:33.407+0000] {logging_mixin.py:190} INFO - [2025-02-04T14:40:33.407+0000] {dag.py:4180} INFO - Setting next_dagrun for example_display_name to None, run_after=None
[2025-02-04T14:40:33.448+0000] {processor.py:208} INFO - Processing /home/airflow/.local/lib/python3.12/site-packages/airflow/example_dags/example_display_name.py took 0.147 seconds
[2025-02-04T14:41:03.531+0000] {processor.py:186} INFO - Started process (PID=1087) to work on /home/airflow/.local/lib/python3.12/site-packages/airflow/example_dags/example_display_name.py
[2025-02-04T14:41:03.533+0000] {processor.py:914} INFO - Processing file /home/airflow/.local/lib/python3.12/site-packages/airflow/example_dags/example_display_name.py for tasks to queue
[2025-02-04T14:41:03.539+0000] {logging_mixin.py:190} INFO - [2025-02-04T14:41:03.538+0000] {dagbag.py:588} INFO - Filling up the DagBag from /home/airflow/.local/lib/python3.12/site-packages/airflow/example_dags/example_display_name.py
[2025-02-04T14:41:03.556+0000] {processor.py:925} INFO - DAG(s) 'example_display_name' retrieved from /home/airflow/.local/lib/python3.12/site-packages/airflow/example_dags/example_display_name.py
[2025-02-04T14:41:03.602+0000] {logging_mixin.py:190} INFO - [2025-02-04T14:41:03.601+0000] {dag.py:3239} INFO - Sync 1 DAGs
[2025-02-04T14:41:03.635+0000] {logging_mixin.py:190} INFO - [2025-02-04T14:41:03.634+0000] {dag.py:4180} INFO - Setting next_dagrun for example_display_name to None, run_after=None
[2025-02-04T14:41:03.674+0000] {processor.py:208} INFO - Processing /home/airflow/.local/lib/python3.12/site-packages/airflow/example_dags/example_display_name.py took 0.157 seconds
[2025-02-04T14:41:34.352+0000] {processor.py:186} INFO - Started process (PID=1151) to work on /home/airflow/.local/lib/python3.12/site-packages/airflow/example_dags/example_display_name.py
[2025-02-04T14:41:34.362+0000] {processor.py:914} INFO - Processing file /home/airflow/.local/lib/python3.12/site-packages/airflow/example_dags/example_display_name.py for tasks to queue
[2025-02-04T14:41:34.368+0000] {logging_mixin.py:190} INFO - [2025-02-04T14:41:34.367+0000] {dagbag.py:588} INFO - Filling up the DagBag from /home/airflow/.local/lib/python3.12/site-packages/airflow/example_dags/example_display_name.py
[2025-02-04T14:41:34.420+0000] {processor.py:925} INFO - DAG(s) 'example_display_name' retrieved from /home/airflow/.local/lib/python3.12/site-packages/airflow/example_dags/example_display_name.py
[2025-02-04T14:41:34.482+0000] {logging_mixin.py:190} INFO - [2025-02-04T14:41:34.482+0000] {dag.py:3239} INFO - Sync 1 DAGs
[2025-02-04T14:41:34.545+0000] {logging_mixin.py:190} INFO - [2025-02-04T14:41:34.544+0000] {dag.py:4180} INFO - Setting next_dagrun for example_display_name to None, run_after=None
[2025-02-04T14:41:34.616+0000] {processor.py:208} INFO - Processing /home/airflow/.local/lib/python3.12/site-packages/airflow/example_dags/example_display_name.py took 0.283 seconds
[2025-02-04T14:42:04.725+0000] {processor.py:186} INFO - Started process (PID=1214) to work on /home/airflow/.local/lib/python3.12/site-packages/airflow/example_dags/example_display_name.py
[2025-02-04T14:42:04.727+0000] {processor.py:914} INFO - Processing file /home/airflow/.local/lib/python3.12/site-packages/airflow/example_dags/example_display_name.py for tasks to queue
[2025-02-04T14:42:04.731+0000] {logging_mixin.py:190} INFO - [2025-02-04T14:42:04.730+0000] {dagbag.py:588} INFO - Filling up the DagBag from /home/airflow/.local/lib/python3.12/site-packages/airflow/example_dags/example_display_name.py
[2025-02-04T14:42:04.743+0000] {processor.py:925} INFO - DAG(s) 'example_display_name' retrieved from /home/airflow/.local/lib/python3.12/site-packages/airflow/example_dags/example_display_name.py
[2025-02-04T14:42:04.775+0000] {logging_mixin.py:190} INFO - [2025-02-04T14:42:04.775+0000] {dag.py:3239} INFO - Sync 1 DAGs
[2025-02-04T14:42:04.798+0000] {logging_mixin.py:190} INFO - [2025-02-04T14:42:04.797+0000] {dag.py:4180} INFO - Setting next_dagrun for example_display_name to None, run_after=None
[2025-02-04T14:42:04.829+0000] {processor.py:208} INFO - Processing /home/airflow/.local/lib/python3.12/site-packages/airflow/example_dags/example_display_name.py took 0.113 seconds
[2025-02-04T14:42:35.741+0000] {processor.py:186} INFO - Started process (PID=1278) to work on /home/airflow/.local/lib/python3.12/site-packages/airflow/example_dags/example_display_name.py
[2025-02-04T14:42:35.742+0000] {processor.py:914} INFO - Processing file /home/airflow/.local/lib/python3.12/site-packages/airflow/example_dags/example_display_name.py for tasks to queue
[2025-02-04T14:42:35.746+0000] {logging_mixin.py:190} INFO - [2025-02-04T14:42:35.746+0000] {dagbag.py:588} INFO - Filling up the DagBag from /home/airflow/.local/lib/python3.12/site-packages/airflow/example_dags/example_display_name.py
[2025-02-04T14:42:35.760+0000] {processor.py:925} INFO - DAG(s) 'example_display_name' retrieved from /home/airflow/.local/lib/python3.12/site-packages/airflow/example_dags/example_display_name.py
[2025-02-04T14:42:35.789+0000] {logging_mixin.py:190} INFO - [2025-02-04T14:42:35.788+0000] {dag.py:3239} INFO - Sync 1 DAGs
[2025-02-04T14:42:35.809+0000] {logging_mixin.py:190} INFO - [2025-02-04T14:42:35.809+0000] {dag.py:4180} INFO - Setting next_dagrun for example_display_name to None, run_after=None
[2025-02-04T14:42:35.848+0000] {processor.py:208} INFO - Processing /home/airflow/.local/lib/python3.12/site-packages/airflow/example_dags/example_display_name.py took 0.117 seconds
[2025-02-04T14:43:06.539+0000] {processor.py:186} INFO - Started process (PID=1342) to work on /home/airflow/.local/lib/python3.12/site-packages/airflow/example_dags/example_display_name.py
[2025-02-04T14:43:06.541+0000] {processor.py:914} INFO - Processing file /home/airflow/.local/lib/python3.12/site-packages/airflow/example_dags/example_display_name.py for tasks to queue
[2025-02-04T14:43:06.545+0000] {logging_mixin.py:190} INFO - [2025-02-04T14:43:06.545+0000] {dagbag.py:588} INFO - Filling up the DagBag from /home/airflow/.local/lib/python3.12/site-packages/airflow/example_dags/example_display_name.py
[2025-02-04T14:43:06.561+0000] {processor.py:925} INFO - DAG(s) 'example_display_name' retrieved from /home/airflow/.local/lib/python3.12/site-packages/airflow/example_dags/example_display_name.py
[2025-02-04T14:43:06.601+0000] {logging_mixin.py:190} INFO - [2025-02-04T14:43:06.600+0000] {dag.py:3239} INFO - Sync 1 DAGs
[2025-02-04T14:43:06.622+0000] {logging_mixin.py:190} INFO - [2025-02-04T14:43:06.622+0000] {dag.py:4180} INFO - Setting next_dagrun for example_display_name to None, run_after=None
[2025-02-04T14:43:06.653+0000] {processor.py:208} INFO - Processing /home/airflow/.local/lib/python3.12/site-packages/airflow/example_dags/example_display_name.py took 0.123 seconds
[2025-02-04T14:43:36.926+0000] {processor.py:186} INFO - Started process (PID=1405) to work on /home/airflow/.local/lib/python3.12/site-packages/airflow/example_dags/example_display_name.py
[2025-02-04T14:43:36.928+0000] {processor.py:914} INFO - Processing file /home/airflow/.local/lib/python3.12/site-packages/airflow/example_dags/example_display_name.py for tasks to queue
[2025-02-04T14:43:36.932+0000] {logging_mixin.py:190} INFO - [2025-02-04T14:43:36.932+0000] {dagbag.py:588} INFO - Filling up the DagBag from /home/airflow/.local/lib/python3.12/site-packages/airflow/example_dags/example_display_name.py
[2025-02-04T14:43:36.949+0000] {processor.py:925} INFO - DAG(s) 'example_display_name' retrieved from /home/airflow/.local/lib/python3.12/site-packages/airflow/example_dags/example_display_name.py
[2025-02-04T14:43:36.983+0000] {logging_mixin.py:190} INFO - [2025-02-04T14:43:36.982+0000] {dag.py:3239} INFO - Sync 1 DAGs
[2025-02-04T14:43:37.014+0000] {logging_mixin.py:190} INFO - [2025-02-04T14:43:37.013+0000] {dag.py:4180} INFO - Setting next_dagrun for example_display_name to None, run_after=None
[2025-02-04T14:43:37.045+0000] {processor.py:208} INFO - Processing /home/airflow/.local/lib/python3.12/site-packages/airflow/example_dags/example_display_name.py took 0.129 seconds
[2025-02-04T14:44:07.364+0000] {processor.py:186} INFO - Started process (PID=1469) to work on /home/airflow/.local/lib/python3.12/site-packages/airflow/example_dags/example_display_name.py
[2025-02-04T14:44:07.366+0000] {processor.py:914} INFO - Processing file /home/airflow/.local/lib/python3.12/site-packages/airflow/example_dags/example_display_name.py for tasks to queue
[2025-02-04T14:44:07.371+0000] {logging_mixin.py:190} INFO - [2025-02-04T14:44:07.370+0000] {dagbag.py:588} INFO - Filling up the DagBag from /home/airflow/.local/lib/python3.12/site-packages/airflow/example_dags/example_display_name.py
[2025-02-04T14:44:07.388+0000] {processor.py:925} INFO - DAG(s) 'example_display_name' retrieved from /home/airflow/.local/lib/python3.12/site-packages/airflow/example_dags/example_display_name.py
[2025-02-04T14:44:07.434+0000] {logging_mixin.py:190} INFO - [2025-02-04T14:44:07.433+0000] {dag.py:3239} INFO - Sync 1 DAGs
[2025-02-04T14:44:07.480+0000] {logging_mixin.py:190} INFO - [2025-02-04T14:44:07.479+0000] {dag.py:4180} INFO - Setting next_dagrun for example_display_name to None, run_after=None
[2025-02-04T14:44:07.565+0000] {processor.py:208} INFO - Processing /home/airflow/.local/lib/python3.12/site-packages/airflow/example_dags/example_display_name.py took 0.214 seconds
[2025-02-04T14:44:38.721+0000] {processor.py:186} INFO - Started process (PID=1533) to work on /home/airflow/.local/lib/python3.12/site-packages/airflow/example_dags/example_display_name.py
[2025-02-04T14:44:38.723+0000] {processor.py:914} INFO - Processing file /home/airflow/.local/lib/python3.12/site-packages/airflow/example_dags/example_display_name.py for tasks to queue
[2025-02-04T14:44:38.729+0000] {logging_mixin.py:190} INFO - [2025-02-04T14:44:38.728+0000] {dagbag.py:588} INFO - Filling up the DagBag from /home/airflow/.local/lib/python3.12/site-packages/airflow/example_dags/example_display_name.py
[2025-02-04T14:44:38.750+0000] {processor.py:925} INFO - DAG(s) 'example_display_name' retrieved from /home/airflow/.local/lib/python3.12/site-packages/airflow/example_dags/example_display_name.py
[2025-02-04T14:44:38.789+0000] {logging_mixin.py:190} INFO - [2025-02-04T14:44:38.789+0000] {dag.py:3239} INFO - Sync 1 DAGs
[2025-02-04T14:44:38.827+0000] {logging_mixin.py:190} INFO - [2025-02-04T14:44:38.827+0000] {dag.py:4180} INFO - Setting next_dagrun for example_display_name to None, run_after=None
[2025-02-04T14:44:38.881+0000] {processor.py:208} INFO - Processing /home/airflow/.local/lib/python3.12/site-packages/airflow/example_dags/example_display_name.py took 0.183 seconds
[2025-02-04T14:45:10.043+0000] {processor.py:186} INFO - Started process (PID=1597) to work on /home/airflow/.local/lib/python3.12/site-packages/airflow/example_dags/example_display_name.py
[2025-02-04T14:45:10.045+0000] {processor.py:914} INFO - Processing file /home/airflow/.local/lib/python3.12/site-packages/airflow/example_dags/example_display_name.py for tasks to queue
[2025-02-04T14:45:10.055+0000] {logging_mixin.py:190} INFO - [2025-02-04T14:45:10.050+0000] {dagbag.py:588} INFO - Filling up the DagBag from /home/airflow/.local/lib/python3.12/site-packages/airflow/example_dags/example_display_name.py
[2025-02-04T14:45:10.074+0000] {processor.py:925} INFO - DAG(s) 'example_display_name' retrieved from /home/airflow/.local/lib/python3.12/site-packages/airflow/example_dags/example_display_name.py
[2025-02-04T14:45:10.152+0000] {logging_mixin.py:190} INFO - [2025-02-04T14:45:10.152+0000] {dag.py:3239} INFO - Sync 1 DAGs
[2025-02-04T14:45:10.212+0000] {logging_mixin.py:190} INFO - [2025-02-04T14:45:10.211+0000] {dag.py:4180} INFO - Setting next_dagrun for example_display_name to None, run_after=None
[2025-02-04T14:45:10.271+0000] {processor.py:208} INFO - Processing /home/airflow/.local/lib/python3.12/site-packages/airflow/example_dags/example_display_name.py took 0.237 seconds
[2025-02-04T14:45:42.069+0000] {processor.py:186} INFO - Started process (PID=1661) to work on /home/airflow/.local/lib/python3.12/site-packages/airflow/example_dags/example_display_name.py
[2025-02-04T14:45:42.076+0000] {processor.py:914} INFO - Processing file /home/airflow/.local/lib/python3.12/site-packages/airflow/example_dags/example_display_name.py for tasks to queue
[2025-02-04T14:45:42.082+0000] {logging_mixin.py:190} INFO - [2025-02-04T14:45:42.081+0000] {dagbag.py:588} INFO - Filling up the DagBag from /home/airflow/.local/lib/python3.12/site-packages/airflow/example_dags/example_display_name.py
[2025-02-04T14:45:42.139+0000] {processor.py:925} INFO - DAG(s) 'example_display_name' retrieved from /home/airflow/.local/lib/python3.12/site-packages/airflow/example_dags/example_display_name.py
[2025-02-04T14:45:42.199+0000] {logging_mixin.py:190} INFO - [2025-02-04T14:45:42.199+0000] {dag.py:3239} INFO - Sync 1 DAGs
[2025-02-04T14:45:42.256+0000] {logging_mixin.py:190} INFO - [2025-02-04T14:45:42.256+0000] {dag.py:4180} INFO - Setting next_dagrun for example_display_name to None, run_after=None
[2025-02-04T14:45:42.341+0000] {processor.py:208} INFO - Processing /home/airflow/.local/lib/python3.12/site-packages/airflow/example_dags/example_display_name.py took 0.294 seconds
[2025-02-04T14:46:13.545+0000] {processor.py:186} INFO - Started process (PID=1727) to work on /home/airflow/.local/lib/python3.12/site-packages/airflow/example_dags/example_display_name.py
[2025-02-04T14:46:13.548+0000] {processor.py:914} INFO - Processing file /home/airflow/.local/lib/python3.12/site-packages/airflow/example_dags/example_display_name.py for tasks to queue
[2025-02-04T14:46:13.552+0000] {logging_mixin.py:190} INFO - [2025-02-04T14:46:13.551+0000] {dagbag.py:588} INFO - Filling up the DagBag from /home/airflow/.local/lib/python3.12/site-packages/airflow/example_dags/example_display_name.py
[2025-02-04T14:46:13.566+0000] {processor.py:925} INFO - DAG(s) 'example_display_name' retrieved from /home/airflow/.local/lib/python3.12/site-packages/airflow/example_dags/example_display_name.py
[2025-02-04T14:46:13.597+0000] {logging_mixin.py:190} INFO - [2025-02-04T14:46:13.597+0000] {dag.py:3239} INFO - Sync 1 DAGs
[2025-02-04T14:46:13.619+0000] {logging_mixin.py:190} INFO - [2025-02-04T14:46:13.619+0000] {dag.py:4180} INFO - Setting next_dagrun for example_display_name to None, run_after=None
[2025-02-04T14:46:13.648+0000] {processor.py:208} INFO - Processing /home/airflow/.local/lib/python3.12/site-packages/airflow/example_dags/example_display_name.py took 0.113 seconds
[2025-02-04T14:49:19.011+0000] {processor.py:186} INFO - Started process (PID=98) to work on /home/airflow/.local/lib/python3.12/site-packages/airflow/example_dags/example_display_name.py
[2025-02-04T14:49:19.017+0000] {processor.py:914} INFO - Processing file /home/airflow/.local/lib/python3.12/site-packages/airflow/example_dags/example_display_name.py for tasks to queue
[2025-02-04T14:49:19.033+0000] {logging_mixin.py:190} INFO - [2025-02-04T14:49:19.028+0000] {dagbag.py:588} INFO - Filling up the DagBag from /home/airflow/.local/lib/python3.12/site-packages/airflow/example_dags/example_display_name.py
[2025-02-04T14:49:19.209+0000] {processor.py:925} INFO - DAG(s) 'example_display_name' retrieved from /home/airflow/.local/lib/python3.12/site-packages/airflow/example_dags/example_display_name.py
[2025-02-04T14:49:19.402+0000] {logging_mixin.py:190} INFO - [2025-02-04T14:49:19.401+0000] {dag.py:3239} INFO - Sync 1 DAGs
[2025-02-04T14:49:19.636+0000] {logging_mixin.py:190} INFO - [2025-02-04T14:49:19.634+0000] {dag.py:4180} INFO - Setting next_dagrun for example_display_name to None, run_after=None
[2025-02-04T14:49:19.797+0000] {processor.py:208} INFO - Processing /home/airflow/.local/lib/python3.12/site-packages/airflow/example_dags/example_display_name.py took 0.816 seconds
[2025-02-04T14:49:53.654+0000] {processor.py:186} INFO - Started process (PID=162) to work on /home/airflow/.local/lib/python3.12/site-packages/airflow/example_dags/example_display_name.py
[2025-02-04T14:49:53.656+0000] {processor.py:914} INFO - Processing file /home/airflow/.local/lib/python3.12/site-packages/airflow/example_dags/example_display_name.py for tasks to queue
[2025-02-04T14:49:53.660+0000] {logging_mixin.py:190} INFO - [2025-02-04T14:49:53.659+0000] {dagbag.py:588} INFO - Filling up the DagBag from /home/airflow/.local/lib/python3.12/site-packages/airflow/example_dags/example_display_name.py
[2025-02-04T14:49:53.672+0000] {processor.py:925} INFO - DAG(s) 'example_display_name' retrieved from /home/airflow/.local/lib/python3.12/site-packages/airflow/example_dags/example_display_name.py
[2025-02-04T14:49:53.703+0000] {logging_mixin.py:190} INFO - [2025-02-04T14:49:53.703+0000] {dag.py:3239} INFO - Sync 1 DAGs
[2025-02-04T14:49:53.726+0000] {logging_mixin.py:190} INFO - [2025-02-04T14:49:53.726+0000] {dag.py:4180} INFO - Setting next_dagrun for example_display_name to None, run_after=None
[2025-02-04T14:49:53.756+0000] {processor.py:208} INFO - Processing /home/airflow/.local/lib/python3.12/site-packages/airflow/example_dags/example_display_name.py took 0.111 seconds
[2025-02-04T14:50:26.877+0000] {processor.py:186} INFO - Started process (PID=227) to work on /home/airflow/.local/lib/python3.12/site-packages/airflow/example_dags/example_display_name.py
[2025-02-04T14:50:26.879+0000] {processor.py:914} INFO - Processing file /home/airflow/.local/lib/python3.12/site-packages/airflow/example_dags/example_display_name.py for tasks to queue
[2025-02-04T14:50:26.883+0000] {logging_mixin.py:190} INFO - [2025-02-04T14:50:26.882+0000] {dagbag.py:588} INFO - Filling up the DagBag from /home/airflow/.local/lib/python3.12/site-packages/airflow/example_dags/example_display_name.py
[2025-02-04T14:50:26.894+0000] {processor.py:925} INFO - DAG(s) 'example_display_name' retrieved from /home/airflow/.local/lib/python3.12/site-packages/airflow/example_dags/example_display_name.py
[2025-02-04T14:50:26.923+0000] {logging_mixin.py:190} INFO - [2025-02-04T14:50:26.923+0000] {dag.py:3239} INFO - Sync 1 DAGs
[2025-02-04T14:50:26.945+0000] {logging_mixin.py:190} INFO - [2025-02-04T14:50:26.945+0000] {dag.py:4180} INFO - Setting next_dagrun for example_display_name to None, run_after=None
[2025-02-04T14:50:26.975+0000] {processor.py:208} INFO - Processing /home/airflow/.local/lib/python3.12/site-packages/airflow/example_dags/example_display_name.py took 0.107 seconds
[2025-02-04T14:51:02.274+0000] {processor.py:186} INFO - Started process (PID=297) to work on /home/airflow/.local/lib/python3.12/site-packages/airflow/example_dags/example_display_name.py
[2025-02-04T14:51:02.283+0000] {processor.py:914} INFO - Processing file /home/airflow/.local/lib/python3.12/site-packages/airflow/example_dags/example_display_name.py for tasks to queue
[2025-02-04T14:51:02.300+0000] {logging_mixin.py:190} INFO - [2025-02-04T14:51:02.299+0000] {dagbag.py:588} INFO - Filling up the DagBag from /home/airflow/.local/lib/python3.12/site-packages/airflow/example_dags/example_display_name.py
[2025-02-04T14:51:02.328+0000] {processor.py:925} INFO - DAG(s) 'example_display_name' retrieved from /home/airflow/.local/lib/python3.12/site-packages/airflow/example_dags/example_display_name.py
[2025-02-04T14:51:02.396+0000] {logging_mixin.py:190} INFO - [2025-02-04T14:51:02.396+0000] {dag.py:3239} INFO - Sync 1 DAGs
[2025-02-04T14:51:02.441+0000] {logging_mixin.py:190} INFO - [2025-02-04T14:51:02.440+0000] {dag.py:4180} INFO - Setting next_dagrun for example_display_name to None, run_after=None
[2025-02-04T14:51:02.524+0000] {processor.py:208} INFO - Processing /home/airflow/.local/lib/python3.12/site-packages/airflow/example_dags/example_display_name.py took 0.291 seconds
[2025-02-04T14:51:34.399+0000] {processor.py:186} INFO - Started process (PID=360) to work on /home/airflow/.local/lib/python3.12/site-packages/airflow/example_dags/example_display_name.py
[2025-02-04T14:51:34.404+0000] {processor.py:914} INFO - Processing file /home/airflow/.local/lib/python3.12/site-packages/airflow/example_dags/example_display_name.py for tasks to queue
[2025-02-04T14:51:34.418+0000] {logging_mixin.py:190} INFO - [2025-02-04T14:51:34.417+0000] {dagbag.py:588} INFO - Filling up the DagBag from /home/airflow/.local/lib/python3.12/site-packages/airflow/example_dags/example_display_name.py
[2025-02-04T14:51:34.468+0000] {processor.py:925} INFO - DAG(s) 'example_display_name' retrieved from /home/airflow/.local/lib/python3.12/site-packages/airflow/example_dags/example_display_name.py
[2025-02-04T14:51:34.515+0000] {logging_mixin.py:190} INFO - [2025-02-04T14:51:34.515+0000] {dag.py:3239} INFO - Sync 1 DAGs
[2025-02-04T14:51:34.553+0000] {logging_mixin.py:190} INFO - [2025-02-04T14:51:34.552+0000] {dag.py:4180} INFO - Setting next_dagrun for example_display_name to None, run_after=None
[2025-02-04T14:51:34.617+0000] {processor.py:208} INFO - Processing /home/airflow/.local/lib/python3.12/site-packages/airflow/example_dags/example_display_name.py took 0.256 seconds
[2025-02-04T14:52:33.318+0000] {processor.py:186} INFO - Started process (PID=424) to work on /home/airflow/.local/lib/python3.12/site-packages/airflow/example_dags/example_display_name.py
[2025-02-04T14:52:33.332+0000] {processor.py:914} INFO - Processing file /home/airflow/.local/lib/python3.12/site-packages/airflow/example_dags/example_display_name.py for tasks to queue
[2025-02-04T14:52:33.347+0000] {logging_mixin.py:190} INFO - [2025-02-04T14:52:33.346+0000] {dagbag.py:588} INFO - Filling up the DagBag from /home/airflow/.local/lib/python3.12/site-packages/airflow/example_dags/example_display_name.py
[2025-02-04T14:52:33.410+0000] {processor.py:925} INFO - DAG(s) 'example_display_name' retrieved from /home/airflow/.local/lib/python3.12/site-packages/airflow/example_dags/example_display_name.py
[2025-02-04T14:52:33.712+0000] {logging_mixin.py:190} INFO - [2025-02-04T14:52:33.711+0000] {dag.py:3239} INFO - Sync 1 DAGs
[2025-02-04T14:52:33.917+0000] {logging_mixin.py:190} INFO - [2025-02-04T14:52:33.916+0000] {dag.py:4180} INFO - Setting next_dagrun for example_display_name to None, run_after=None
[2025-02-04T14:52:34.408+0000] {processor.py:208} INFO - Processing /home/airflow/.local/lib/python3.12/site-packages/airflow/example_dags/example_display_name.py took 1.136 seconds
[2025-02-04T14:53:05.149+0000] {processor.py:186} INFO - Started process (PID=494) to work on /home/airflow/.local/lib/python3.12/site-packages/airflow/example_dags/example_display_name.py
[2025-02-04T14:53:05.155+0000] {processor.py:914} INFO - Processing file /home/airflow/.local/lib/python3.12/site-packages/airflow/example_dags/example_display_name.py for tasks to queue
[2025-02-04T14:53:05.163+0000] {logging_mixin.py:190} INFO - [2025-02-04T14:53:05.162+0000] {dagbag.py:588} INFO - Filling up the DagBag from /home/airflow/.local/lib/python3.12/site-packages/airflow/example_dags/example_display_name.py
[2025-02-04T14:53:05.196+0000] {processor.py:925} INFO - DAG(s) 'example_display_name' retrieved from /home/airflow/.local/lib/python3.12/site-packages/airflow/example_dags/example_display_name.py
[2025-02-04T14:53:05.356+0000] {logging_mixin.py:190} INFO - [2025-02-04T14:53:05.355+0000] {dag.py:3239} INFO - Sync 1 DAGs
[2025-02-04T14:53:05.407+0000] {logging_mixin.py:190} INFO - [2025-02-04T14:53:05.405+0000] {dag.py:4180} INFO - Setting next_dagrun for example_display_name to None, run_after=None
[2025-02-04T14:53:05.470+0000] {processor.py:208} INFO - Processing /home/airflow/.local/lib/python3.12/site-packages/airflow/example_dags/example_display_name.py took 0.343 seconds
[2025-02-04T14:53:36.259+0000] {processor.py:186} INFO - Started process (PID=558) to work on /home/airflow/.local/lib/python3.12/site-packages/airflow/example_dags/example_display_name.py
[2025-02-04T14:53:36.261+0000] {processor.py:914} INFO - Processing file /home/airflow/.local/lib/python3.12/site-packages/airflow/example_dags/example_display_name.py for tasks to queue
[2025-02-04T14:53:36.266+0000] {logging_mixin.py:190} INFO - [2025-02-04T14:53:36.265+0000] {dagbag.py:588} INFO - Filling up the DagBag from /home/airflow/.local/lib/python3.12/site-packages/airflow/example_dags/example_display_name.py
[2025-02-04T14:53:36.279+0000] {processor.py:925} INFO - DAG(s) 'example_display_name' retrieved from /home/airflow/.local/lib/python3.12/site-packages/airflow/example_dags/example_display_name.py
[2025-02-04T14:53:36.314+0000] {logging_mixin.py:190} INFO - [2025-02-04T14:53:36.314+0000] {dag.py:3239} INFO - Sync 1 DAGs
[2025-02-04T14:53:36.340+0000] {logging_mixin.py:190} INFO - [2025-02-04T14:53:36.340+0000] {dag.py:4180} INFO - Setting next_dagrun for example_display_name to None, run_after=None
[2025-02-04T14:53:36.372+0000] {processor.py:208} INFO - Processing /home/airflow/.local/lib/python3.12/site-packages/airflow/example_dags/example_display_name.py took 0.130 seconds
[2025-02-04T14:54:06.752+0000] {processor.py:186} INFO - Started process (PID=626) to work on /home/airflow/.local/lib/python3.12/site-packages/airflow/example_dags/example_display_name.py
[2025-02-04T14:54:06.754+0000] {processor.py:914} INFO - Processing file /home/airflow/.local/lib/python3.12/site-packages/airflow/example_dags/example_display_name.py for tasks to queue
[2025-02-04T14:54:06.758+0000] {logging_mixin.py:190} INFO - [2025-02-04T14:54:06.757+0000] {dagbag.py:588} INFO - Filling up the DagBag from /home/airflow/.local/lib/python3.12/site-packages/airflow/example_dags/example_display_name.py
[2025-02-04T14:54:06.771+0000] {processor.py:925} INFO - DAG(s) 'example_display_name' retrieved from /home/airflow/.local/lib/python3.12/site-packages/airflow/example_dags/example_display_name.py
[2025-02-04T14:54:06.805+0000] {logging_mixin.py:190} INFO - [2025-02-04T14:54:06.805+0000] {dag.py:3239} INFO - Sync 1 DAGs
[2025-02-04T14:54:06.837+0000] {logging_mixin.py:190} INFO - [2025-02-04T14:54:06.837+0000] {dag.py:4180} INFO - Setting next_dagrun for example_display_name to None, run_after=None
[2025-02-04T14:54:06.881+0000] {processor.py:208} INFO - Processing /home/airflow/.local/lib/python3.12/site-packages/airflow/example_dags/example_display_name.py took 0.139 seconds
[2025-02-04T14:54:37.608+0000] {processor.py:186} INFO - Started process (PID=695) to work on /home/airflow/.local/lib/python3.12/site-packages/airflow/example_dags/example_display_name.py
[2025-02-04T14:54:37.609+0000] {processor.py:914} INFO - Processing file /home/airflow/.local/lib/python3.12/site-packages/airflow/example_dags/example_display_name.py for tasks to queue
[2025-02-04T14:54:37.614+0000] {logging_mixin.py:190} INFO - [2025-02-04T14:54:37.613+0000] {dagbag.py:588} INFO - Filling up the DagBag from /home/airflow/.local/lib/python3.12/site-packages/airflow/example_dags/example_display_name.py
[2025-02-04T14:54:37.634+0000] {processor.py:925} INFO - DAG(s) 'example_display_name' retrieved from /home/airflow/.local/lib/python3.12/site-packages/airflow/example_dags/example_display_name.py
[2025-02-04T14:54:37.713+0000] {logging_mixin.py:190} INFO - [2025-02-04T14:54:37.712+0000] {dag.py:3239} INFO - Sync 1 DAGs
[2025-02-04T14:54:37.838+0000] {logging_mixin.py:190} INFO - [2025-02-04T14:54:37.837+0000] {dag.py:4180} INFO - Setting next_dagrun for example_display_name to None, run_after=None
[2025-02-04T14:54:38.026+0000] {processor.py:208} INFO - Processing /home/airflow/.local/lib/python3.12/site-packages/airflow/example_dags/example_display_name.py took 0.432 seconds
[2025-02-04T14:55:08.385+0000] {processor.py:186} INFO - Started process (PID=760) to work on /home/airflow/.local/lib/python3.12/site-packages/airflow/example_dags/example_display_name.py
[2025-02-04T14:55:08.391+0000] {processor.py:914} INFO - Processing file /home/airflow/.local/lib/python3.12/site-packages/airflow/example_dags/example_display_name.py for tasks to queue
[2025-02-04T14:55:08.396+0000] {logging_mixin.py:190} INFO - [2025-02-04T14:55:08.395+0000] {dagbag.py:588} INFO - Filling up the DagBag from /home/airflow/.local/lib/python3.12/site-packages/airflow/example_dags/example_display_name.py
[2025-02-04T14:55:08.416+0000] {processor.py:925} INFO - DAG(s) 'example_display_name' retrieved from /home/airflow/.local/lib/python3.12/site-packages/airflow/example_dags/example_display_name.py
[2025-02-04T14:55:08.474+0000] {logging_mixin.py:190} INFO - [2025-02-04T14:55:08.473+0000] {dag.py:3239} INFO - Sync 1 DAGs
[2025-02-04T14:55:08.534+0000] {logging_mixin.py:190} INFO - [2025-02-04T14:55:08.533+0000] {dag.py:4180} INFO - Setting next_dagrun for example_display_name to None, run_after=None
[2025-02-04T14:55:08.605+0000] {processor.py:208} INFO - Processing /home/airflow/.local/lib/python3.12/site-packages/airflow/example_dags/example_display_name.py took 0.237 seconds
[2025-02-04T14:55:43.759+0000] {processor.py:186} INFO - Started process (PID=833) to work on /home/airflow/.local/lib/python3.12/site-packages/airflow/example_dags/example_display_name.py
[2025-02-04T14:55:43.782+0000] {processor.py:914} INFO - Processing file /home/airflow/.local/lib/python3.12/site-packages/airflow/example_dags/example_display_name.py for tasks to queue
[2025-02-04T14:55:43.829+0000] {logging_mixin.py:190} INFO - [2025-02-04T14:55:43.828+0000] {dagbag.py:588} INFO - Filling up the DagBag from /home/airflow/.local/lib/python3.12/site-packages/airflow/example_dags/example_display_name.py
[2025-02-04T14:55:44.288+0000] {processor.py:925} INFO - DAG(s) 'example_display_name' retrieved from /home/airflow/.local/lib/python3.12/site-packages/airflow/example_dags/example_display_name.py
[2025-02-04T14:55:44.882+0000] {logging_mixin.py:190} INFO - [2025-02-04T14:55:44.880+0000] {dag.py:3239} INFO - Sync 1 DAGs
[2025-02-04T14:55:45.008+0000] {logging_mixin.py:190} INFO - [2025-02-04T14:55:45.007+0000] {dag.py:4180} INFO - Setting next_dagrun for example_display_name to None, run_after=None
[2025-02-04T14:55:45.334+0000] {processor.py:208} INFO - Processing /home/airflow/.local/lib/python3.12/site-packages/airflow/example_dags/example_display_name.py took 1.655 seconds
[2025-02-04T14:56:19.642+0000] {processor.py:186} INFO - Started process (PID=899) to work on /home/airflow/.local/lib/python3.12/site-packages/airflow/example_dags/example_display_name.py
[2025-02-04T14:56:19.644+0000] {processor.py:914} INFO - Processing file /home/airflow/.local/lib/python3.12/site-packages/airflow/example_dags/example_display_name.py for tasks to queue
[2025-02-04T14:56:19.649+0000] {logging_mixin.py:190} INFO - [2025-02-04T14:56:19.648+0000] {dagbag.py:588} INFO - Filling up the DagBag from /home/airflow/.local/lib/python3.12/site-packages/airflow/example_dags/example_display_name.py
[2025-02-04T14:56:19.666+0000] {processor.py:925} INFO - DAG(s) 'example_display_name' retrieved from /home/airflow/.local/lib/python3.12/site-packages/airflow/example_dags/example_display_name.py
[2025-02-04T14:56:19.725+0000] {logging_mixin.py:190} INFO - [2025-02-04T14:56:19.724+0000] {dag.py:3239} INFO - Sync 1 DAGs
[2025-02-04T14:56:19.767+0000] {logging_mixin.py:190} INFO - [2025-02-04T14:56:19.766+0000] {dag.py:4180} INFO - Setting next_dagrun for example_display_name to None, run_after=None
[2025-02-04T14:56:19.825+0000] {processor.py:208} INFO - Processing /home/airflow/.local/lib/python3.12/site-packages/airflow/example_dags/example_display_name.py took 0.194 seconds
[2025-02-04T14:56:53.359+0000] {processor.py:186} INFO - Started process (PID=963) to work on /home/airflow/.local/lib/python3.12/site-packages/airflow/example_dags/example_display_name.py
[2025-02-04T14:56:53.361+0000] {processor.py:914} INFO - Processing file /home/airflow/.local/lib/python3.12/site-packages/airflow/example_dags/example_display_name.py for tasks to queue
[2025-02-04T14:56:53.367+0000] {logging_mixin.py:190} INFO - [2025-02-04T14:56:53.365+0000] {dagbag.py:588} INFO - Filling up the DagBag from /home/airflow/.local/lib/python3.12/site-packages/airflow/example_dags/example_display_name.py
[2025-02-04T14:56:53.391+0000] {processor.py:925} INFO - DAG(s) 'example_display_name' retrieved from /home/airflow/.local/lib/python3.12/site-packages/airflow/example_dags/example_display_name.py
[2025-02-04T14:56:53.441+0000] {logging_mixin.py:190} INFO - [2025-02-04T14:56:53.441+0000] {dag.py:3239} INFO - Sync 1 DAGs
[2025-02-04T14:56:53.475+0000] {logging_mixin.py:190} INFO - [2025-02-04T14:56:53.475+0000] {dag.py:4180} INFO - Setting next_dagrun for example_display_name to None, run_after=None
[2025-02-04T14:56:53.522+0000] {processor.py:208} INFO - Processing /home/airflow/.local/lib/python3.12/site-packages/airflow/example_dags/example_display_name.py took 0.174 seconds
[2025-02-04T14:57:23.960+0000] {processor.py:186} INFO - Started process (PID=1027) to work on /home/airflow/.local/lib/python3.12/site-packages/airflow/example_dags/example_display_name.py
[2025-02-04T14:57:23.962+0000] {processor.py:914} INFO - Processing file /home/airflow/.local/lib/python3.12/site-packages/airflow/example_dags/example_display_name.py for tasks to queue
[2025-02-04T14:57:23.966+0000] {logging_mixin.py:190} INFO - [2025-02-04T14:57:23.965+0000] {dagbag.py:588} INFO - Filling up the DagBag from /home/airflow/.local/lib/python3.12/site-packages/airflow/example_dags/example_display_name.py
[2025-02-04T14:57:23.980+0000] {processor.py:925} INFO - DAG(s) 'example_display_name' retrieved from /home/airflow/.local/lib/python3.12/site-packages/airflow/example_dags/example_display_name.py
[2025-02-04T14:57:24.045+0000] {logging_mixin.py:190} INFO - [2025-02-04T14:57:24.045+0000] {dag.py:3239} INFO - Sync 1 DAGs
[2025-02-04T14:57:24.074+0000] {logging_mixin.py:190} INFO - [2025-02-04T14:57:24.073+0000] {dag.py:4180} INFO - Setting next_dagrun for example_display_name to None, run_after=None
[2025-02-04T14:57:24.114+0000] {processor.py:208} INFO - Processing /home/airflow/.local/lib/python3.12/site-packages/airflow/example_dags/example_display_name.py took 0.166 seconds
[2025-02-04T14:57:56.953+0000] {processor.py:186} INFO - Started process (PID=1091) to work on /home/airflow/.local/lib/python3.12/site-packages/airflow/example_dags/example_display_name.py
[2025-02-04T14:57:56.955+0000] {processor.py:914} INFO - Processing file /home/airflow/.local/lib/python3.12/site-packages/airflow/example_dags/example_display_name.py for tasks to queue
[2025-02-04T14:57:56.959+0000] {logging_mixin.py:190} INFO - [2025-02-04T14:57:56.958+0000] {dagbag.py:588} INFO - Filling up the DagBag from /home/airflow/.local/lib/python3.12/site-packages/airflow/example_dags/example_display_name.py
[2025-02-04T14:57:56.973+0000] {processor.py:925} INFO - DAG(s) 'example_display_name' retrieved from /home/airflow/.local/lib/python3.12/site-packages/airflow/example_dags/example_display_name.py
[2025-02-04T14:57:57.015+0000] {logging_mixin.py:190} INFO - [2025-02-04T14:57:57.014+0000] {dag.py:3239} INFO - Sync 1 DAGs
[2025-02-04T14:57:57.055+0000] {logging_mixin.py:190} INFO - [2025-02-04T14:57:57.055+0000] {dag.py:4180} INFO - Setting next_dagrun for example_display_name to None, run_after=None
[2025-02-04T14:57:57.090+0000] {processor.py:208} INFO - Processing /home/airflow/.local/lib/python3.12/site-packages/airflow/example_dags/example_display_name.py took 0.149 seconds
[2025-02-04T14:58:29.682+0000] {processor.py:186} INFO - Started process (PID=1156) to work on /home/airflow/.local/lib/python3.12/site-packages/airflow/example_dags/example_display_name.py
[2025-02-04T14:58:29.684+0000] {processor.py:914} INFO - Processing file /home/airflow/.local/lib/python3.12/site-packages/airflow/example_dags/example_display_name.py for tasks to queue
[2025-02-04T14:58:29.689+0000] {logging_mixin.py:190} INFO - [2025-02-04T14:58:29.688+0000] {dagbag.py:588} INFO - Filling up the DagBag from /home/airflow/.local/lib/python3.12/site-packages/airflow/example_dags/example_display_name.py
[2025-02-04T14:58:29.706+0000] {processor.py:925} INFO - DAG(s) 'example_display_name' retrieved from /home/airflow/.local/lib/python3.12/site-packages/airflow/example_dags/example_display_name.py
[2025-02-04T14:58:29.745+0000] {logging_mixin.py:190} INFO - [2025-02-04T14:58:29.744+0000] {dag.py:3239} INFO - Sync 1 DAGs
[2025-02-04T14:58:29.783+0000] {logging_mixin.py:190} INFO - [2025-02-04T14:58:29.782+0000] {dag.py:4180} INFO - Setting next_dagrun for example_display_name to None, run_after=None
[2025-02-04T14:58:29.821+0000] {processor.py:208} INFO - Processing /home/airflow/.local/lib/python3.12/site-packages/airflow/example_dags/example_display_name.py took 0.153 seconds
[2025-02-04T14:59:01.294+0000] {processor.py:186} INFO - Started process (PID=1221) to work on /home/airflow/.local/lib/python3.12/site-packages/airflow/example_dags/example_display_name.py
[2025-02-04T14:59:01.296+0000] {processor.py:914} INFO - Processing file /home/airflow/.local/lib/python3.12/site-packages/airflow/example_dags/example_display_name.py for tasks to queue
[2025-02-04T14:59:01.302+0000] {logging_mixin.py:190} INFO - [2025-02-04T14:59:01.300+0000] {dagbag.py:588} INFO - Filling up the DagBag from /home/airflow/.local/lib/python3.12/site-packages/airflow/example_dags/example_display_name.py
[2025-02-04T14:59:01.319+0000] {processor.py:925} INFO - DAG(s) 'example_display_name' retrieved from /home/airflow/.local/lib/python3.12/site-packages/airflow/example_dags/example_display_name.py
[2025-02-04T14:59:01.353+0000] {logging_mixin.py:190} INFO - [2025-02-04T14:59:01.353+0000] {dag.py:3239} INFO - Sync 1 DAGs
[2025-02-04T14:59:01.385+0000] {logging_mixin.py:190} INFO - [2025-02-04T14:59:01.384+0000] {dag.py:4180} INFO - Setting next_dagrun for example_display_name to None, run_after=None
[2025-02-04T14:59:01.433+0000] {processor.py:208} INFO - Processing /home/airflow/.local/lib/python3.12/site-packages/airflow/example_dags/example_display_name.py took 0.148 seconds
[2025-02-04T14:59:33.515+0000] {processor.py:186} INFO - Started process (PID=1285) to work on /home/airflow/.local/lib/python3.12/site-packages/airflow/example_dags/example_display_name.py
[2025-02-04T14:59:33.518+0000] {processor.py:914} INFO - Processing file /home/airflow/.local/lib/python3.12/site-packages/airflow/example_dags/example_display_name.py for tasks to queue
[2025-02-04T14:59:33.523+0000] {logging_mixin.py:190} INFO - [2025-02-04T14:59:33.522+0000] {dagbag.py:588} INFO - Filling up the DagBag from /home/airflow/.local/lib/python3.12/site-packages/airflow/example_dags/example_display_name.py
[2025-02-04T14:59:33.543+0000] {processor.py:925} INFO - DAG(s) 'example_display_name' retrieved from /home/airflow/.local/lib/python3.12/site-packages/airflow/example_dags/example_display_name.py
[2025-02-04T14:59:33.585+0000] {logging_mixin.py:190} INFO - [2025-02-04T14:59:33.584+0000] {dag.py:3239} INFO - Sync 1 DAGs
[2025-02-04T14:59:33.645+0000] {logging_mixin.py:190} INFO - [2025-02-04T14:59:33.644+0000] {dag.py:4180} INFO - Setting next_dagrun for example_display_name to None, run_after=None
[2025-02-04T14:59:33.709+0000] {processor.py:208} INFO - Processing /home/airflow/.local/lib/python3.12/site-packages/airflow/example_dags/example_display_name.py took 0.212 seconds
[2025-02-04T15:00:04.603+0000] {processor.py:186} INFO - Started process (PID=1349) to work on /home/airflow/.local/lib/python3.12/site-packages/airflow/example_dags/example_display_name.py
[2025-02-04T15:00:04.604+0000] {processor.py:914} INFO - Processing file /home/airflow/.local/lib/python3.12/site-packages/airflow/example_dags/example_display_name.py for tasks to queue
[2025-02-04T15:00:04.609+0000] {logging_mixin.py:190} INFO - [2025-02-04T15:00:04.608+0000] {dagbag.py:588} INFO - Filling up the DagBag from /home/airflow/.local/lib/python3.12/site-packages/airflow/example_dags/example_display_name.py
[2025-02-04T15:00:04.621+0000] {processor.py:925} INFO - DAG(s) 'example_display_name' retrieved from /home/airflow/.local/lib/python3.12/site-packages/airflow/example_dags/example_display_name.py
[2025-02-04T15:00:04.652+0000] {logging_mixin.py:190} INFO - [2025-02-04T15:00:04.651+0000] {dag.py:3239} INFO - Sync 1 DAGs
[2025-02-04T15:00:04.681+0000] {logging_mixin.py:190} INFO - [2025-02-04T15:00:04.681+0000] {dag.py:4180} INFO - Setting next_dagrun for example_display_name to None, run_after=None
[2025-02-04T15:00:04.715+0000] {processor.py:208} INFO - Processing /home/airflow/.local/lib/python3.12/site-packages/airflow/example_dags/example_display_name.py took 0.125 seconds
[2025-02-04T15:00:35.352+0000] {processor.py:186} INFO - Started process (PID=1412) to work on /home/airflow/.local/lib/python3.12/site-packages/airflow/example_dags/example_display_name.py
[2025-02-04T15:00:35.353+0000] {processor.py:914} INFO - Processing file /home/airflow/.local/lib/python3.12/site-packages/airflow/example_dags/example_display_name.py for tasks to queue
[2025-02-04T15:00:35.357+0000] {logging_mixin.py:190} INFO - [2025-02-04T15:00:35.357+0000] {dagbag.py:588} INFO - Filling up the DagBag from /home/airflow/.local/lib/python3.12/site-packages/airflow/example_dags/example_display_name.py
[2025-02-04T15:00:35.371+0000] {processor.py:925} INFO - DAG(s) 'example_display_name' retrieved from /home/airflow/.local/lib/python3.12/site-packages/airflow/example_dags/example_display_name.py
[2025-02-04T15:00:35.404+0000] {logging_mixin.py:190} INFO - [2025-02-04T15:00:35.404+0000] {dag.py:3239} INFO - Sync 1 DAGs
[2025-02-04T15:00:35.433+0000] {logging_mixin.py:190} INFO - [2025-02-04T15:00:35.432+0000] {dag.py:4180} INFO - Setting next_dagrun for example_display_name to None, run_after=None
[2025-02-04T15:00:35.480+0000] {processor.py:208} INFO - Processing /home/airflow/.local/lib/python3.12/site-packages/airflow/example_dags/example_display_name.py took 0.142 seconds
[2025-02-04T15:01:06.492+0000] {processor.py:186} INFO - Started process (PID=1476) to work on /home/airflow/.local/lib/python3.12/site-packages/airflow/example_dags/example_display_name.py
[2025-02-04T15:01:06.495+0000] {processor.py:914} INFO - Processing file /home/airflow/.local/lib/python3.12/site-packages/airflow/example_dags/example_display_name.py for tasks to queue
[2025-02-04T15:01:06.502+0000] {logging_mixin.py:190} INFO - [2025-02-04T15:01:06.501+0000] {dagbag.py:588} INFO - Filling up the DagBag from /home/airflow/.local/lib/python3.12/site-packages/airflow/example_dags/example_display_name.py
[2025-02-04T15:01:06.520+0000] {processor.py:925} INFO - DAG(s) 'example_display_name' retrieved from /home/airflow/.local/lib/python3.12/site-packages/airflow/example_dags/example_display_name.py
[2025-02-04T15:01:06.577+0000] {logging_mixin.py:190} INFO - [2025-02-04T15:01:06.576+0000] {dag.py:3239} INFO - Sync 1 DAGs
[2025-02-04T15:01:06.634+0000] {logging_mixin.py:190} INFO - [2025-02-04T15:01:06.633+0000] {dag.py:4180} INFO - Setting next_dagrun for example_display_name to None, run_after=None
[2025-02-04T15:01:06.725+0000] {processor.py:208} INFO - Processing /home/airflow/.local/lib/python3.12/site-packages/airflow/example_dags/example_display_name.py took 0.262 seconds
[2025-02-04T15:01:37.209+0000] {processor.py:186} INFO - Started process (PID=1538) to work on /home/airflow/.local/lib/python3.12/site-packages/airflow/example_dags/example_display_name.py
[2025-02-04T15:01:37.211+0000] {processor.py:914} INFO - Processing file /home/airflow/.local/lib/python3.12/site-packages/airflow/example_dags/example_display_name.py for tasks to queue
[2025-02-04T15:01:37.216+0000] {logging_mixin.py:190} INFO - [2025-02-04T15:01:37.215+0000] {dagbag.py:588} INFO - Filling up the DagBag from /home/airflow/.local/lib/python3.12/site-packages/airflow/example_dags/example_display_name.py
[2025-02-04T15:01:37.233+0000] {processor.py:925} INFO - DAG(s) 'example_display_name' retrieved from /home/airflow/.local/lib/python3.12/site-packages/airflow/example_dags/example_display_name.py
[2025-02-04T15:01:37.266+0000] {logging_mixin.py:190} INFO - [2025-02-04T15:01:37.266+0000] {dag.py:3239} INFO - Sync 1 DAGs
[2025-02-04T15:01:37.292+0000] {logging_mixin.py:190} INFO - [2025-02-04T15:01:37.291+0000] {dag.py:4180} INFO - Setting next_dagrun for example_display_name to None, run_after=None
[2025-02-04T15:01:37.328+0000] {processor.py:208} INFO - Processing /home/airflow/.local/lib/python3.12/site-packages/airflow/example_dags/example_display_name.py took 0.132 seconds
