[2025-02-04T14:07:23.484+0000] {processor.py:186} INFO - Started process (PID=100) to work on /home/airflow/.local/lib/python3.12/site-packages/airflow/example_dags/example_task_group_decorator.py
[2025-02-04T14:07:23.498+0000] {processor.py:914} INFO - Processing file /home/airflow/.local/lib/python3.12/site-packages/airflow/example_dags/example_task_group_decorator.py for tasks to queue
[2025-02-04T14:07:23.614+0000] {logging_mixin.py:190} INFO - [2025-02-04T14:07:23.613+0000] {dagbag.py:588} INFO - Filling up the DagBag from /home/airflow/.local/lib/python3.12/site-packages/airflow/example_dags/example_task_group_decorator.py
[2025-02-04T14:07:24.753+0000] {processor.py:925} INFO - DAG(s) 'example_task_group_decorator' retrieved from /home/airflow/.local/lib/python3.12/site-packages/airflow/example_dags/example_task_group_decorator.py
[2025-02-04T14:07:26.710+0000] {logging_mixin.py:190} INFO - [2025-02-04T14:07:26.700+0000] {override.py:1911} INFO - Created Permission View: can delete on DAG:example_task_group_decorator
[2025-02-04T14:07:26.776+0000] {logging_mixin.py:190} INFO - [2025-02-04T14:07:26.775+0000] {override.py:1911} INFO - Created Permission View: can read on DAG:example_task_group_decorator
[2025-02-04T14:07:26.805+0000] {logging_mixin.py:190} INFO - [2025-02-04T14:07:26.803+0000] {override.py:1911} INFO - Created Permission View: can edit on DAG:example_task_group_decorator
[2025-02-04T14:07:26.901+0000] {logging_mixin.py:190} INFO - [2025-02-04T14:07:26.900+0000] {override.py:1911} INFO - Created Permission View: can delete on DAG Run:example_task_group_decorator
[2025-02-04T14:07:27.000+0000] {logging_mixin.py:190} INFO - [2025-02-04T14:07:26.999+0000] {override.py:1911} INFO - Created Permission View: menu access on DAG Run:example_task_group_decorator
[2025-02-04T14:07:27.037+0000] {logging_mixin.py:190} INFO - [2025-02-04T14:07:27.036+0000] {override.py:1911} INFO - Created Permission View: can read on DAG Run:example_task_group_decorator
[2025-02-04T14:07:27.072+0000] {logging_mixin.py:190} INFO - [2025-02-04T14:07:27.071+0000] {override.py:1911} INFO - Created Permission View: can create on DAG Run:example_task_group_decorator
[2025-02-04T14:07:27.083+0000] {logging_mixin.py:190} INFO - [2025-02-04T14:07:27.083+0000] {dag.py:3239} INFO - Sync 1 DAGs
[2025-02-04T14:07:27.171+0000] {logging_mixin.py:190} INFO - [2025-02-04T14:07:27.171+0000] {dag.py:3262} INFO - Creating ORM DAG for example_task_group_decorator
[2025-02-04T14:07:27.177+0000] {logging_mixin.py:190} INFO - [2025-02-04T14:07:27.176+0000] {dag.py:4180} INFO - Setting next_dagrun for example_task_group_decorator to None, run_after=None
[2025-02-04T14:07:27.291+0000] {processor.py:208} INFO - Processing /home/airflow/.local/lib/python3.12/site-packages/airflow/example_dags/example_task_group_decorator.py took 3.878 seconds
[2025-02-04T14:08:30.083+0000] {processor.py:186} INFO - Started process (PID=175) to work on /home/airflow/.local/lib/python3.12/site-packages/airflow/example_dags/example_task_group_decorator.py
[2025-02-04T14:08:30.087+0000] {processor.py:914} INFO - Processing file /home/airflow/.local/lib/python3.12/site-packages/airflow/example_dags/example_task_group_decorator.py for tasks to queue
[2025-02-04T14:08:30.108+0000] {logging_mixin.py:190} INFO - [2025-02-04T14:08:30.108+0000] {dagbag.py:588} INFO - Filling up the DagBag from /home/airflow/.local/lib/python3.12/site-packages/airflow/example_dags/example_task_group_decorator.py
[2025-02-04T14:08:30.231+0000] {processor.py:925} INFO - DAG(s) 'example_task_group_decorator' retrieved from /home/airflow/.local/lib/python3.12/site-packages/airflow/example_dags/example_task_group_decorator.py
[2025-02-04T14:08:30.368+0000] {logging_mixin.py:190} INFO - [2025-02-04T14:08:30.368+0000] {dag.py:3239} INFO - Sync 1 DAGs
[2025-02-04T14:08:30.453+0000] {logging_mixin.py:190} INFO - [2025-02-04T14:08:30.452+0000] {dag.py:4180} INFO - Setting next_dagrun for example_task_group_decorator to None, run_after=None
[2025-02-04T14:08:30.553+0000] {processor.py:208} INFO - Processing /home/airflow/.local/lib/python3.12/site-packages/airflow/example_dags/example_task_group_decorator.py took 0.527 seconds
[2025-02-04T14:09:01.046+0000] {processor.py:186} INFO - Started process (PID=239) to work on /home/airflow/.local/lib/python3.12/site-packages/airflow/example_dags/example_task_group_decorator.py
[2025-02-04T14:09:01.048+0000] {processor.py:914} INFO - Processing file /home/airflow/.local/lib/python3.12/site-packages/airflow/example_dags/example_task_group_decorator.py for tasks to queue
[2025-02-04T14:09:01.053+0000] {logging_mixin.py:190} INFO - [2025-02-04T14:09:01.052+0000] {dagbag.py:588} INFO - Filling up the DagBag from /home/airflow/.local/lib/python3.12/site-packages/airflow/example_dags/example_task_group_decorator.py
[2025-02-04T14:09:01.092+0000] {processor.py:925} INFO - DAG(s) 'example_task_group_decorator' retrieved from /home/airflow/.local/lib/python3.12/site-packages/airflow/example_dags/example_task_group_decorator.py
[2025-02-04T14:09:01.136+0000] {logging_mixin.py:190} INFO - [2025-02-04T14:09:01.135+0000] {dag.py:3239} INFO - Sync 1 DAGs
[2025-02-04T14:09:01.168+0000] {logging_mixin.py:190} INFO - [2025-02-04T14:09:01.168+0000] {dag.py:4180} INFO - Setting next_dagrun for example_task_group_decorator to None, run_after=None
[2025-02-04T14:09:01.220+0000] {processor.py:208} INFO - Processing /home/airflow/.local/lib/python3.12/site-packages/airflow/example_dags/example_task_group_decorator.py took 0.187 seconds
[2025-02-04T14:09:32.304+0000] {processor.py:186} INFO - Started process (PID=302) to work on /home/airflow/.local/lib/python3.12/site-packages/airflow/example_dags/example_task_group_decorator.py
[2025-02-04T14:09:32.306+0000] {processor.py:914} INFO - Processing file /home/airflow/.local/lib/python3.12/site-packages/airflow/example_dags/example_task_group_decorator.py for tasks to queue
[2025-02-04T14:09:32.311+0000] {logging_mixin.py:190} INFO - [2025-02-04T14:09:32.310+0000] {dagbag.py:588} INFO - Filling up the DagBag from /home/airflow/.local/lib/python3.12/site-packages/airflow/example_dags/example_task_group_decorator.py
[2025-02-04T14:09:32.341+0000] {processor.py:925} INFO - DAG(s) 'example_task_group_decorator' retrieved from /home/airflow/.local/lib/python3.12/site-packages/airflow/example_dags/example_task_group_decorator.py
[2025-02-04T14:09:32.390+0000] {logging_mixin.py:190} INFO - [2025-02-04T14:09:32.390+0000] {dag.py:3239} INFO - Sync 1 DAGs
[2025-02-04T14:09:32.415+0000] {logging_mixin.py:190} INFO - [2025-02-04T14:09:32.414+0000] {dag.py:4180} INFO - Setting next_dagrun for example_task_group_decorator to None, run_after=None
[2025-02-04T14:09:32.451+0000] {processor.py:208} INFO - Processing /home/airflow/.local/lib/python3.12/site-packages/airflow/example_dags/example_task_group_decorator.py took 0.158 seconds
[2025-02-04T14:10:02.809+0000] {processor.py:186} INFO - Started process (PID=366) to work on /home/airflow/.local/lib/python3.12/site-packages/airflow/example_dags/example_task_group_decorator.py
[2025-02-04T14:10:02.810+0000] {processor.py:914} INFO - Processing file /home/airflow/.local/lib/python3.12/site-packages/airflow/example_dags/example_task_group_decorator.py for tasks to queue
[2025-02-04T14:10:02.814+0000] {logging_mixin.py:190} INFO - [2025-02-04T14:10:02.814+0000] {dagbag.py:588} INFO - Filling up the DagBag from /home/airflow/.local/lib/python3.12/site-packages/airflow/example_dags/example_task_group_decorator.py
[2025-02-04T14:10:02.844+0000] {processor.py:925} INFO - DAG(s) 'example_task_group_decorator' retrieved from /home/airflow/.local/lib/python3.12/site-packages/airflow/example_dags/example_task_group_decorator.py
[2025-02-04T14:10:02.892+0000] {logging_mixin.py:190} INFO - [2025-02-04T14:10:02.892+0000] {dag.py:3239} INFO - Sync 1 DAGs
[2025-02-04T14:10:02.969+0000] {logging_mixin.py:190} INFO - [2025-02-04T14:10:02.969+0000] {dag.py:4180} INFO - Setting next_dagrun for example_task_group_decorator to None, run_after=None
[2025-02-04T14:10:03.046+0000] {processor.py:208} INFO - Processing /home/airflow/.local/lib/python3.12/site-packages/airflow/example_dags/example_task_group_decorator.py took 0.248 seconds
[2025-02-04T14:10:50.191+0000] {processor.py:186} INFO - Started process (PID=430) to work on /home/airflow/.local/lib/python3.12/site-packages/airflow/example_dags/example_task_group_decorator.py
[2025-02-04T14:10:50.258+0000] {processor.py:914} INFO - Processing file /home/airflow/.local/lib/python3.12/site-packages/airflow/example_dags/example_task_group_decorator.py for tasks to queue
[2025-02-04T14:10:50.265+0000] {logging_mixin.py:190} INFO - [2025-02-04T14:10:50.264+0000] {dagbag.py:588} INFO - Filling up the DagBag from /home/airflow/.local/lib/python3.12/site-packages/airflow/example_dags/example_task_group_decorator.py
[2025-02-04T14:10:50.314+0000] {processor.py:925} INFO - DAG(s) 'example_task_group_decorator' retrieved from /home/airflow/.local/lib/python3.12/site-packages/airflow/example_dags/example_task_group_decorator.py
[2025-02-04T14:10:50.379+0000] {logging_mixin.py:190} INFO - [2025-02-04T14:10:50.378+0000] {dag.py:3239} INFO - Sync 1 DAGs
[2025-02-04T14:10:50.440+0000] {logging_mixin.py:190} INFO - [2025-02-04T14:10:50.440+0000] {dag.py:4180} INFO - Setting next_dagrun for example_task_group_decorator to None, run_after=None
[2025-02-04T14:10:50.542+0000] {processor.py:208} INFO - Processing /home/airflow/.local/lib/python3.12/site-packages/airflow/example_dags/example_task_group_decorator.py took 0.373 seconds
[2025-02-04T14:11:24.839+0000] {processor.py:186} INFO - Started process (PID=494) to work on /home/airflow/.local/lib/python3.12/site-packages/airflow/example_dags/example_task_group_decorator.py
[2025-02-04T14:11:24.842+0000] {processor.py:914} INFO - Processing file /home/airflow/.local/lib/python3.12/site-packages/airflow/example_dags/example_task_group_decorator.py for tasks to queue
[2025-02-04T14:11:24.851+0000] {logging_mixin.py:190} INFO - [2025-02-04T14:11:24.850+0000] {dagbag.py:588} INFO - Filling up the DagBag from /home/airflow/.local/lib/python3.12/site-packages/airflow/example_dags/example_task_group_decorator.py
[2025-02-04T14:11:24.953+0000] {processor.py:925} INFO - DAG(s) 'example_task_group_decorator' retrieved from /home/airflow/.local/lib/python3.12/site-packages/airflow/example_dags/example_task_group_decorator.py
[2025-02-04T14:11:25.090+0000] {logging_mixin.py:190} INFO - [2025-02-04T14:11:25.090+0000] {dag.py:3239} INFO - Sync 1 DAGs
[2025-02-04T14:11:25.159+0000] {logging_mixin.py:190} INFO - [2025-02-04T14:11:25.158+0000] {dag.py:4180} INFO - Setting next_dagrun for example_task_group_decorator to None, run_after=None
[2025-02-04T14:11:25.369+0000] {processor.py:208} INFO - Processing /home/airflow/.local/lib/python3.12/site-packages/airflow/example_dags/example_task_group_decorator.py took 0.553 seconds
[2025-02-04T14:18:38.603+0000] {processor.py:186} INFO - Started process (PID=91) to work on /home/airflow/.local/lib/python3.12/site-packages/airflow/example_dags/example_task_group_decorator.py
[2025-02-04T14:18:38.605+0000] {processor.py:914} INFO - Processing file /home/airflow/.local/lib/python3.12/site-packages/airflow/example_dags/example_task_group_decorator.py for tasks to queue
[2025-02-04T14:18:38.609+0000] {logging_mixin.py:190} INFO - [2025-02-04T14:18:38.608+0000] {dagbag.py:588} INFO - Filling up the DagBag from /home/airflow/.local/lib/python3.12/site-packages/airflow/example_dags/example_task_group_decorator.py
[2025-02-04T14:18:38.642+0000] {processor.py:925} INFO - DAG(s) 'example_task_group_decorator' retrieved from /home/airflow/.local/lib/python3.12/site-packages/airflow/example_dags/example_task_group_decorator.py
[2025-02-04T14:18:38.706+0000] {logging_mixin.py:190} INFO - [2025-02-04T14:18:38.706+0000] {dag.py:3239} INFO - Sync 1 DAGs
[2025-02-04T14:18:38.731+0000] {logging_mixin.py:190} INFO - [2025-02-04T14:18:38.731+0000] {dag.py:4180} INFO - Setting next_dagrun for example_task_group_decorator to None, run_after=None
[2025-02-04T14:18:38.770+0000] {processor.py:208} INFO - Processing /home/airflow/.local/lib/python3.12/site-packages/airflow/example_dags/example_task_group_decorator.py took 0.179 seconds
[2025-02-04T14:19:09.486+0000] {processor.py:186} INFO - Started process (PID=155) to work on /home/airflow/.local/lib/python3.12/site-packages/airflow/example_dags/example_task_group_decorator.py
[2025-02-04T14:19:09.488+0000] {processor.py:914} INFO - Processing file /home/airflow/.local/lib/python3.12/site-packages/airflow/example_dags/example_task_group_decorator.py for tasks to queue
[2025-02-04T14:19:09.494+0000] {logging_mixin.py:190} INFO - [2025-02-04T14:19:09.493+0000] {dagbag.py:588} INFO - Filling up the DagBag from /home/airflow/.local/lib/python3.12/site-packages/airflow/example_dags/example_task_group_decorator.py
[2025-02-04T14:19:09.527+0000] {processor.py:925} INFO - DAG(s) 'example_task_group_decorator' retrieved from /home/airflow/.local/lib/python3.12/site-packages/airflow/example_dags/example_task_group_decorator.py
[2025-02-04T14:19:09.582+0000] {logging_mixin.py:190} INFO - [2025-02-04T14:19:09.582+0000] {dag.py:3239} INFO - Sync 1 DAGs
[2025-02-04T14:19:09.615+0000] {logging_mixin.py:190} INFO - [2025-02-04T14:19:09.615+0000] {dag.py:4180} INFO - Setting next_dagrun for example_task_group_decorator to None, run_after=None
[2025-02-04T14:19:09.660+0000] {processor.py:208} INFO - Processing /home/airflow/.local/lib/python3.12/site-packages/airflow/example_dags/example_task_group_decorator.py took 0.186 seconds
[2025-02-04T14:19:41.621+0000] {processor.py:186} INFO - Started process (PID=225) to work on /home/airflow/.local/lib/python3.12/site-packages/airflow/example_dags/example_task_group_decorator.py
[2025-02-04T14:19:41.623+0000] {processor.py:914} INFO - Processing file /home/airflow/.local/lib/python3.12/site-packages/airflow/example_dags/example_task_group_decorator.py for tasks to queue
[2025-02-04T14:19:41.626+0000] {logging_mixin.py:190} INFO - [2025-02-04T14:19:41.625+0000] {dagbag.py:588} INFO - Filling up the DagBag from /home/airflow/.local/lib/python3.12/site-packages/airflow/example_dags/example_task_group_decorator.py
[2025-02-04T14:19:41.659+0000] {processor.py:925} INFO - DAG(s) 'example_task_group_decorator' retrieved from /home/airflow/.local/lib/python3.12/site-packages/airflow/example_dags/example_task_group_decorator.py
[2025-02-04T14:19:41.716+0000] {logging_mixin.py:190} INFO - [2025-02-04T14:19:41.716+0000] {dag.py:3239} INFO - Sync 1 DAGs
[2025-02-04T14:19:41.746+0000] {logging_mixin.py:190} INFO - [2025-02-04T14:19:41.746+0000] {dag.py:4180} INFO - Setting next_dagrun for example_task_group_decorator to None, run_after=None
[2025-02-04T14:19:41.787+0000] {processor.py:208} INFO - Processing /home/airflow/.local/lib/python3.12/site-packages/airflow/example_dags/example_task_group_decorator.py took 0.177 seconds
[2025-02-04T14:20:13.138+0000] {processor.py:186} INFO - Started process (PID=296) to work on /home/airflow/.local/lib/python3.12/site-packages/airflow/example_dags/example_task_group_decorator.py
[2025-02-04T14:20:13.140+0000] {processor.py:914} INFO - Processing file /home/airflow/.local/lib/python3.12/site-packages/airflow/example_dags/example_task_group_decorator.py for tasks to queue
[2025-02-04T14:20:13.142+0000] {logging_mixin.py:190} INFO - [2025-02-04T14:20:13.142+0000] {dagbag.py:588} INFO - Filling up the DagBag from /home/airflow/.local/lib/python3.12/site-packages/airflow/example_dags/example_task_group_decorator.py
[2025-02-04T14:20:13.176+0000] {processor.py:925} INFO - DAG(s) 'example_task_group_decorator' retrieved from /home/airflow/.local/lib/python3.12/site-packages/airflow/example_dags/example_task_group_decorator.py
[2025-02-04T14:20:13.241+0000] {logging_mixin.py:190} INFO - [2025-02-04T14:20:13.241+0000] {dag.py:3239} INFO - Sync 1 DAGs
[2025-02-04T14:20:13.294+0000] {logging_mixin.py:190} INFO - [2025-02-04T14:20:13.293+0000] {dag.py:4180} INFO - Setting next_dagrun for example_task_group_decorator to None, run_after=None
[2025-02-04T14:20:13.339+0000] {processor.py:208} INFO - Processing /home/airflow/.local/lib/python3.12/site-packages/airflow/example_dags/example_task_group_decorator.py took 0.223 seconds
[2025-02-04T14:20:51.615+0000] {processor.py:186} INFO - Started process (PID=366) to work on /home/airflow/.local/lib/python3.12/site-packages/airflow/example_dags/example_task_group_decorator.py
[2025-02-04T14:20:51.617+0000] {processor.py:914} INFO - Processing file /home/airflow/.local/lib/python3.12/site-packages/airflow/example_dags/example_task_group_decorator.py for tasks to queue
[2025-02-04T14:20:51.620+0000] {logging_mixin.py:190} INFO - [2025-02-04T14:20:51.619+0000] {dagbag.py:588} INFO - Filling up the DagBag from /home/airflow/.local/lib/python3.12/site-packages/airflow/example_dags/example_task_group_decorator.py
[2025-02-04T14:20:51.658+0000] {processor.py:925} INFO - DAG(s) 'example_task_group_decorator' retrieved from /home/airflow/.local/lib/python3.12/site-packages/airflow/example_dags/example_task_group_decorator.py
[2025-02-04T14:20:51.720+0000] {logging_mixin.py:190} INFO - [2025-02-04T14:20:51.719+0000] {dag.py:3239} INFO - Sync 1 DAGs
[2025-02-04T14:20:51.753+0000] {logging_mixin.py:190} INFO - [2025-02-04T14:20:51.752+0000] {dag.py:4180} INFO - Setting next_dagrun for example_task_group_decorator to None, run_after=None
[2025-02-04T14:20:51.825+0000] {processor.py:208} INFO - Processing /home/airflow/.local/lib/python3.12/site-packages/airflow/example_dags/example_task_group_decorator.py took 0.222 seconds
[2025-02-04T14:21:22.203+0000] {processor.py:186} INFO - Started process (PID=439) to work on /home/airflow/.local/lib/python3.12/site-packages/airflow/example_dags/example_task_group_decorator.py
[2025-02-04T14:21:22.204+0000] {processor.py:914} INFO - Processing file /home/airflow/.local/lib/python3.12/site-packages/airflow/example_dags/example_task_group_decorator.py for tasks to queue
[2025-02-04T14:21:22.207+0000] {logging_mixin.py:190} INFO - [2025-02-04T14:21:22.207+0000] {dagbag.py:588} INFO - Filling up the DagBag from /home/airflow/.local/lib/python3.12/site-packages/airflow/example_dags/example_task_group_decorator.py
[2025-02-04T14:21:22.259+0000] {processor.py:925} INFO - DAG(s) 'example_task_group_decorator' retrieved from /home/airflow/.local/lib/python3.12/site-packages/airflow/example_dags/example_task_group_decorator.py
[2025-02-04T14:21:22.340+0000] {logging_mixin.py:190} INFO - [2025-02-04T14:21:22.339+0000] {dag.py:3239} INFO - Sync 1 DAGs
[2025-02-04T14:21:22.376+0000] {logging_mixin.py:190} INFO - [2025-02-04T14:21:22.375+0000] {dag.py:4180} INFO - Setting next_dagrun for example_task_group_decorator to None, run_after=None
[2025-02-04T14:21:22.426+0000] {processor.py:208} INFO - Processing /home/airflow/.local/lib/python3.12/site-packages/airflow/example_dags/example_task_group_decorator.py took 0.239 seconds
[2025-02-04T14:21:55.425+0000] {processor.py:186} INFO - Started process (PID=504) to work on /home/airflow/.local/lib/python3.12/site-packages/airflow/example_dags/example_task_group_decorator.py
[2025-02-04T14:21:55.428+0000] {processor.py:914} INFO - Processing file /home/airflow/.local/lib/python3.12/site-packages/airflow/example_dags/example_task_group_decorator.py for tasks to queue
[2025-02-04T14:21:55.431+0000] {logging_mixin.py:190} INFO - [2025-02-04T14:21:55.430+0000] {dagbag.py:588} INFO - Filling up the DagBag from /home/airflow/.local/lib/python3.12/site-packages/airflow/example_dags/example_task_group_decorator.py
[2025-02-04T14:21:55.477+0000] {processor.py:925} INFO - DAG(s) 'example_task_group_decorator' retrieved from /home/airflow/.local/lib/python3.12/site-packages/airflow/example_dags/example_task_group_decorator.py
[2025-02-04T14:21:55.547+0000] {logging_mixin.py:190} INFO - [2025-02-04T14:21:55.546+0000] {dag.py:3239} INFO - Sync 1 DAGs
[2025-02-04T14:21:55.585+0000] {logging_mixin.py:190} INFO - [2025-02-04T14:21:55.585+0000] {dag.py:4180} INFO - Setting next_dagrun for example_task_group_decorator to None, run_after=None
[2025-02-04T14:21:55.628+0000] {processor.py:208} INFO - Processing /home/airflow/.local/lib/python3.12/site-packages/airflow/example_dags/example_task_group_decorator.py took 0.217 seconds
[2025-02-04T14:22:26.168+0000] {processor.py:186} INFO - Started process (PID=577) to work on /home/airflow/.local/lib/python3.12/site-packages/airflow/example_dags/example_task_group_decorator.py
[2025-02-04T14:22:26.170+0000] {processor.py:914} INFO - Processing file /home/airflow/.local/lib/python3.12/site-packages/airflow/example_dags/example_task_group_decorator.py for tasks to queue
[2025-02-04T14:22:26.173+0000] {logging_mixin.py:190} INFO - [2025-02-04T14:22:26.172+0000] {dagbag.py:588} INFO - Filling up the DagBag from /home/airflow/.local/lib/python3.12/site-packages/airflow/example_dags/example_task_group_decorator.py
[2025-02-04T14:22:26.199+0000] {processor.py:925} INFO - DAG(s) 'example_task_group_decorator' retrieved from /home/airflow/.local/lib/python3.12/site-packages/airflow/example_dags/example_task_group_decorator.py
[2025-02-04T14:22:26.251+0000] {logging_mixin.py:190} INFO - [2025-02-04T14:22:26.251+0000] {dag.py:3239} INFO - Sync 1 DAGs
[2025-02-04T14:22:26.279+0000] {logging_mixin.py:190} INFO - [2025-02-04T14:22:26.279+0000] {dag.py:4180} INFO - Setting next_dagrun for example_task_group_decorator to None, run_after=None
[2025-02-04T14:22:26.318+0000] {processor.py:208} INFO - Processing /home/airflow/.local/lib/python3.12/site-packages/airflow/example_dags/example_task_group_decorator.py took 0.160 seconds
[2025-02-04T14:22:57.562+0000] {processor.py:186} INFO - Started process (PID=643) to work on /home/airflow/.local/lib/python3.12/site-packages/airflow/example_dags/example_task_group_decorator.py
[2025-02-04T14:22:57.563+0000] {processor.py:914} INFO - Processing file /home/airflow/.local/lib/python3.12/site-packages/airflow/example_dags/example_task_group_decorator.py for tasks to queue
[2025-02-04T14:22:57.567+0000] {logging_mixin.py:190} INFO - [2025-02-04T14:22:57.566+0000] {dagbag.py:588} INFO - Filling up the DagBag from /home/airflow/.local/lib/python3.12/site-packages/airflow/example_dags/example_task_group_decorator.py
[2025-02-04T14:22:57.610+0000] {processor.py:925} INFO - DAG(s) 'example_task_group_decorator' retrieved from /home/airflow/.local/lib/python3.12/site-packages/airflow/example_dags/example_task_group_decorator.py
[2025-02-04T14:22:57.665+0000] {logging_mixin.py:190} INFO - [2025-02-04T14:22:57.665+0000] {dag.py:3239} INFO - Sync 1 DAGs
[2025-02-04T14:22:57.699+0000] {logging_mixin.py:190} INFO - [2025-02-04T14:22:57.698+0000] {dag.py:4180} INFO - Setting next_dagrun for example_task_group_decorator to None, run_after=None
[2025-02-04T14:22:57.734+0000] {processor.py:208} INFO - Processing /home/airflow/.local/lib/python3.12/site-packages/airflow/example_dags/example_task_group_decorator.py took 0.184 seconds
[2025-02-04T14:23:28.552+0000] {processor.py:186} INFO - Started process (PID=707) to work on /home/airflow/.local/lib/python3.12/site-packages/airflow/example_dags/example_task_group_decorator.py
[2025-02-04T14:23:28.553+0000] {processor.py:914} INFO - Processing file /home/airflow/.local/lib/python3.12/site-packages/airflow/example_dags/example_task_group_decorator.py for tasks to queue
[2025-02-04T14:23:28.555+0000] {logging_mixin.py:190} INFO - [2025-02-04T14:23:28.555+0000] {dagbag.py:588} INFO - Filling up the DagBag from /home/airflow/.local/lib/python3.12/site-packages/airflow/example_dags/example_task_group_decorator.py
[2025-02-04T14:23:28.591+0000] {processor.py:925} INFO - DAG(s) 'example_task_group_decorator' retrieved from /home/airflow/.local/lib/python3.12/site-packages/airflow/example_dags/example_task_group_decorator.py
[2025-02-04T14:23:28.638+0000] {logging_mixin.py:190} INFO - [2025-02-04T14:23:28.637+0000] {dag.py:3239} INFO - Sync 1 DAGs
[2025-02-04T14:23:28.668+0000] {logging_mixin.py:190} INFO - [2025-02-04T14:23:28.668+0000] {dag.py:4180} INFO - Setting next_dagrun for example_task_group_decorator to None, run_after=None
[2025-02-04T14:23:28.710+0000] {processor.py:208} INFO - Processing /home/airflow/.local/lib/python3.12/site-packages/airflow/example_dags/example_task_group_decorator.py took 0.167 seconds
[2025-02-04T14:23:59.215+0000] {processor.py:186} INFO - Started process (PID=770) to work on /home/airflow/.local/lib/python3.12/site-packages/airflow/example_dags/example_task_group_decorator.py
[2025-02-04T14:23:59.216+0000] {processor.py:914} INFO - Processing file /home/airflow/.local/lib/python3.12/site-packages/airflow/example_dags/example_task_group_decorator.py for tasks to queue
[2025-02-04T14:23:59.218+0000] {logging_mixin.py:190} INFO - [2025-02-04T14:23:59.218+0000] {dagbag.py:588} INFO - Filling up the DagBag from /home/airflow/.local/lib/python3.12/site-packages/airflow/example_dags/example_task_group_decorator.py
[2025-02-04T14:23:59.256+0000] {processor.py:925} INFO - DAG(s) 'example_task_group_decorator' retrieved from /home/airflow/.local/lib/python3.12/site-packages/airflow/example_dags/example_task_group_decorator.py
[2025-02-04T14:23:59.405+0000] {logging_mixin.py:190} INFO - [2025-02-04T14:23:59.404+0000] {dag.py:3239} INFO - Sync 1 DAGs
[2025-02-04T14:23:59.507+0000] {logging_mixin.py:190} INFO - [2025-02-04T14:23:59.495+0000] {dag.py:4180} INFO - Setting next_dagrun for example_task_group_decorator to None, run_after=None
[2025-02-04T14:23:59.635+0000] {processor.py:208} INFO - Processing /home/airflow/.local/lib/python3.12/site-packages/airflow/example_dags/example_task_group_decorator.py took 0.430 seconds
[2025-02-04T14:24:40.715+0000] {processor.py:186} INFO - Started process (PID=845) to work on /home/airflow/.local/lib/python3.12/site-packages/airflow/example_dags/example_task_group_decorator.py
[2025-02-04T14:24:40.718+0000] {processor.py:914} INFO - Processing file /home/airflow/.local/lib/python3.12/site-packages/airflow/example_dags/example_task_group_decorator.py for tasks to queue
[2025-02-04T14:24:40.721+0000] {logging_mixin.py:190} INFO - [2025-02-04T14:24:40.720+0000] {dagbag.py:588} INFO - Filling up the DagBag from /home/airflow/.local/lib/python3.12/site-packages/airflow/example_dags/example_task_group_decorator.py
[2025-02-04T14:24:40.772+0000] {processor.py:925} INFO - DAG(s) 'example_task_group_decorator' retrieved from /home/airflow/.local/lib/python3.12/site-packages/airflow/example_dags/example_task_group_decorator.py
[2025-02-04T14:24:40.841+0000] {logging_mixin.py:190} INFO - [2025-02-04T14:24:40.841+0000] {dag.py:3239} INFO - Sync 1 DAGs
[2025-02-04T14:24:40.881+0000] {logging_mixin.py:190} INFO - [2025-02-04T14:24:40.880+0000] {dag.py:4180} INFO - Setting next_dagrun for example_task_group_decorator to None, run_after=None
[2025-02-04T14:24:40.976+0000] {processor.py:208} INFO - Processing /home/airflow/.local/lib/python3.12/site-packages/airflow/example_dags/example_task_group_decorator.py took 0.295 seconds
[2025-02-04T14:32:42.606+0000] {processor.py:186} INFO - Started process (PID=109) to work on /home/airflow/.local/lib/python3.12/site-packages/airflow/example_dags/example_task_group_decorator.py
[2025-02-04T14:32:42.620+0000] {processor.py:914} INFO - Processing file /home/airflow/.local/lib/python3.12/site-packages/airflow/example_dags/example_task_group_decorator.py for tasks to queue
[2025-02-04T14:32:42.627+0000] {logging_mixin.py:190} INFO - [2025-02-04T14:32:42.626+0000] {dagbag.py:588} INFO - Filling up the DagBag from /home/airflow/.local/lib/python3.12/site-packages/airflow/example_dags/example_task_group_decorator.py
[2025-02-04T14:32:42.737+0000] {processor.py:925} INFO - DAG(s) 'example_task_group_decorator' retrieved from /home/airflow/.local/lib/python3.12/site-packages/airflow/example_dags/example_task_group_decorator.py
[2025-02-04T14:32:44.106+0000] {logging_mixin.py:190} INFO - [2025-02-04T14:32:44.102+0000] {override.py:1911} INFO - Created Permission View: can delete on DAG:example_task_group_decorator
[2025-02-04T14:32:44.180+0000] {logging_mixin.py:190} INFO - [2025-02-04T14:32:44.179+0000] {override.py:1911} INFO - Created Permission View: can read on DAG:example_task_group_decorator
[2025-02-04T14:32:44.222+0000] {logging_mixin.py:190} INFO - [2025-02-04T14:32:44.220+0000] {override.py:1911} INFO - Created Permission View: can edit on DAG:example_task_group_decorator
[2025-02-04T14:32:44.266+0000] {logging_mixin.py:190} INFO - [2025-02-04T14:32:44.265+0000] {override.py:1911} INFO - Created Permission View: can create on DAG Run:example_task_group_decorator
[2025-02-04T14:32:44.332+0000] {logging_mixin.py:190} INFO - [2025-02-04T14:32:44.326+0000] {override.py:1911} INFO - Created Permission View: can delete on DAG Run:example_task_group_decorator
[2025-02-04T14:32:44.404+0000] {logging_mixin.py:190} INFO - [2025-02-04T14:32:44.403+0000] {override.py:1911} INFO - Created Permission View: can read on DAG Run:example_task_group_decorator
[2025-02-04T14:32:44.519+0000] {logging_mixin.py:190} INFO - [2025-02-04T14:32:44.518+0000] {override.py:1911} INFO - Created Permission View: menu access on DAG Run:example_task_group_decorator
[2025-02-04T14:32:44.526+0000] {logging_mixin.py:190} INFO - [2025-02-04T14:32:44.524+0000] {dag.py:3239} INFO - Sync 1 DAGs
[2025-02-04T14:32:44.707+0000] {logging_mixin.py:190} INFO - [2025-02-04T14:32:44.706+0000] {dag.py:3262} INFO - Creating ORM DAG for example_task_group_decorator
[2025-02-04T14:32:44.725+0000] {logging_mixin.py:190} INFO - [2025-02-04T14:32:44.724+0000] {dag.py:4180} INFO - Setting next_dagrun for example_task_group_decorator to None, run_after=None
[2025-02-04T14:32:45.214+0000] {processor.py:208} INFO - Processing /home/airflow/.local/lib/python3.12/site-packages/airflow/example_dags/example_task_group_decorator.py took 2.681 seconds
[2025-02-04T14:33:17.894+0000] {processor.py:186} INFO - Started process (PID=173) to work on /home/airflow/.local/lib/python3.12/site-packages/airflow/example_dags/example_task_group_decorator.py
[2025-02-04T14:33:17.911+0000] {processor.py:914} INFO - Processing file /home/airflow/.local/lib/python3.12/site-packages/airflow/example_dags/example_task_group_decorator.py for tasks to queue
[2025-02-04T14:33:17.915+0000] {logging_mixin.py:190} INFO - [2025-02-04T14:33:17.914+0000] {dagbag.py:588} INFO - Filling up the DagBag from /home/airflow/.local/lib/python3.12/site-packages/airflow/example_dags/example_task_group_decorator.py
[2025-02-04T14:33:17.941+0000] {processor.py:925} INFO - DAG(s) 'example_task_group_decorator' retrieved from /home/airflow/.local/lib/python3.12/site-packages/airflow/example_dags/example_task_group_decorator.py
[2025-02-04T14:33:18.009+0000] {logging_mixin.py:190} INFO - [2025-02-04T14:33:18.009+0000] {dag.py:3239} INFO - Sync 1 DAGs
[2025-02-04T14:33:18.084+0000] {logging_mixin.py:190} INFO - [2025-02-04T14:33:18.084+0000] {dag.py:4180} INFO - Setting next_dagrun for example_task_group_decorator to None, run_after=None
[2025-02-04T14:33:18.168+0000] {processor.py:208} INFO - Processing /home/airflow/.local/lib/python3.12/site-packages/airflow/example_dags/example_task_group_decorator.py took 0.288 seconds
[2025-02-04T14:33:48.591+0000] {processor.py:186} INFO - Started process (PID=237) to work on /home/airflow/.local/lib/python3.12/site-packages/airflow/example_dags/example_task_group_decorator.py
[2025-02-04T14:33:48.593+0000] {processor.py:914} INFO - Processing file /home/airflow/.local/lib/python3.12/site-packages/airflow/example_dags/example_task_group_decorator.py for tasks to queue
[2025-02-04T14:33:48.598+0000] {logging_mixin.py:190} INFO - [2025-02-04T14:33:48.598+0000] {dagbag.py:588} INFO - Filling up the DagBag from /home/airflow/.local/lib/python3.12/site-packages/airflow/example_dags/example_task_group_decorator.py
[2025-02-04T14:33:48.637+0000] {processor.py:925} INFO - DAG(s) 'example_task_group_decorator' retrieved from /home/airflow/.local/lib/python3.12/site-packages/airflow/example_dags/example_task_group_decorator.py
[2025-02-04T14:33:48.696+0000] {logging_mixin.py:190} INFO - [2025-02-04T14:33:48.696+0000] {dag.py:3239} INFO - Sync 1 DAGs
[2025-02-04T14:33:48.733+0000] {logging_mixin.py:190} INFO - [2025-02-04T14:33:48.732+0000] {dag.py:4180} INFO - Setting next_dagrun for example_task_group_decorator to None, run_after=None
[2025-02-04T14:33:48.781+0000] {processor.py:208} INFO - Processing /home/airflow/.local/lib/python3.12/site-packages/airflow/example_dags/example_task_group_decorator.py took 0.204 seconds
[2025-02-04T14:34:20.194+0000] {processor.py:186} INFO - Started process (PID=301) to work on /home/airflow/.local/lib/python3.12/site-packages/airflow/example_dags/example_task_group_decorator.py
[2025-02-04T14:34:20.197+0000] {processor.py:914} INFO - Processing file /home/airflow/.local/lib/python3.12/site-packages/airflow/example_dags/example_task_group_decorator.py for tasks to queue
[2025-02-04T14:34:20.204+0000] {logging_mixin.py:190} INFO - [2025-02-04T14:34:20.204+0000] {dagbag.py:588} INFO - Filling up the DagBag from /home/airflow/.local/lib/python3.12/site-packages/airflow/example_dags/example_task_group_decorator.py
[2025-02-04T14:34:20.255+0000] {processor.py:925} INFO - DAG(s) 'example_task_group_decorator' retrieved from /home/airflow/.local/lib/python3.12/site-packages/airflow/example_dags/example_task_group_decorator.py
[2025-02-04T14:34:20.339+0000] {logging_mixin.py:190} INFO - [2025-02-04T14:34:20.339+0000] {dag.py:3239} INFO - Sync 1 DAGs
[2025-02-04T14:34:20.438+0000] {logging_mixin.py:190} INFO - [2025-02-04T14:34:20.427+0000] {dag.py:4180} INFO - Setting next_dagrun for example_task_group_decorator to None, run_after=None
[2025-02-04T14:34:20.514+0000] {processor.py:208} INFO - Processing /home/airflow/.local/lib/python3.12/site-packages/airflow/example_dags/example_task_group_decorator.py took 0.339 seconds
[2025-02-04T14:34:52.013+0000] {processor.py:186} INFO - Started process (PID=365) to work on /home/airflow/.local/lib/python3.12/site-packages/airflow/example_dags/example_task_group_decorator.py
[2025-02-04T14:34:52.016+0000] {processor.py:914} INFO - Processing file /home/airflow/.local/lib/python3.12/site-packages/airflow/example_dags/example_task_group_decorator.py for tasks to queue
[2025-02-04T14:34:52.028+0000] {logging_mixin.py:190} INFO - [2025-02-04T14:34:52.028+0000] {dagbag.py:588} INFO - Filling up the DagBag from /home/airflow/.local/lib/python3.12/site-packages/airflow/example_dags/example_task_group_decorator.py
[2025-02-04T14:34:52.065+0000] {processor.py:925} INFO - DAG(s) 'example_task_group_decorator' retrieved from /home/airflow/.local/lib/python3.12/site-packages/airflow/example_dags/example_task_group_decorator.py
[2025-02-04T14:34:52.144+0000] {logging_mixin.py:190} INFO - [2025-02-04T14:34:52.144+0000] {dag.py:3239} INFO - Sync 1 DAGs
[2025-02-04T14:34:52.189+0000] {logging_mixin.py:190} INFO - [2025-02-04T14:34:52.189+0000] {dag.py:4180} INFO - Setting next_dagrun for example_task_group_decorator to None, run_after=None
[2025-02-04T14:34:52.323+0000] {processor.py:208} INFO - Processing /home/airflow/.local/lib/python3.12/site-packages/airflow/example_dags/example_task_group_decorator.py took 0.332 seconds
[2025-02-04T14:35:22.845+0000] {processor.py:186} INFO - Started process (PID=428) to work on /home/airflow/.local/lib/python3.12/site-packages/airflow/example_dags/example_task_group_decorator.py
[2025-02-04T14:35:22.846+0000] {processor.py:914} INFO - Processing file /home/airflow/.local/lib/python3.12/site-packages/airflow/example_dags/example_task_group_decorator.py for tasks to queue
[2025-02-04T14:35:22.850+0000] {logging_mixin.py:190} INFO - [2025-02-04T14:35:22.849+0000] {dagbag.py:588} INFO - Filling up the DagBag from /home/airflow/.local/lib/python3.12/site-packages/airflow/example_dags/example_task_group_decorator.py
[2025-02-04T14:35:22.878+0000] {processor.py:925} INFO - DAG(s) 'example_task_group_decorator' retrieved from /home/airflow/.local/lib/python3.12/site-packages/airflow/example_dags/example_task_group_decorator.py
[2025-02-04T14:35:22.933+0000] {logging_mixin.py:190} INFO - [2025-02-04T14:35:22.933+0000] {dag.py:3239} INFO - Sync 1 DAGs
[2025-02-04T14:35:22.972+0000] {logging_mixin.py:190} INFO - [2025-02-04T14:35:22.972+0000] {dag.py:4180} INFO - Setting next_dagrun for example_task_group_decorator to None, run_after=None
[2025-02-04T14:35:23.021+0000] {processor.py:208} INFO - Processing /home/airflow/.local/lib/python3.12/site-packages/airflow/example_dags/example_task_group_decorator.py took 0.190 seconds
[2025-02-04T14:35:55.661+0000] {processor.py:186} INFO - Started process (PID=491) to work on /home/airflow/.local/lib/python3.12/site-packages/airflow/example_dags/example_task_group_decorator.py
[2025-02-04T14:35:55.663+0000] {processor.py:914} INFO - Processing file /home/airflow/.local/lib/python3.12/site-packages/airflow/example_dags/example_task_group_decorator.py for tasks to queue
[2025-02-04T14:35:55.668+0000] {logging_mixin.py:190} INFO - [2025-02-04T14:35:55.668+0000] {dagbag.py:588} INFO - Filling up the DagBag from /home/airflow/.local/lib/python3.12/site-packages/airflow/example_dags/example_task_group_decorator.py
[2025-02-04T14:35:55.716+0000] {processor.py:925} INFO - DAG(s) 'example_task_group_decorator' retrieved from /home/airflow/.local/lib/python3.12/site-packages/airflow/example_dags/example_task_group_decorator.py
[2025-02-04T14:35:55.801+0000] {logging_mixin.py:190} INFO - [2025-02-04T14:35:55.801+0000] {dag.py:3239} INFO - Sync 1 DAGs
[2025-02-04T14:35:55.845+0000] {logging_mixin.py:190} INFO - [2025-02-04T14:35:55.843+0000] {dag.py:4180} INFO - Setting next_dagrun for example_task_group_decorator to None, run_after=None
[2025-02-04T14:35:55.898+0000] {processor.py:208} INFO - Processing /home/airflow/.local/lib/python3.12/site-packages/airflow/example_dags/example_task_group_decorator.py took 0.252 seconds
[2025-02-04T14:36:43.373+0000] {processor.py:186} INFO - Started process (PID=556) to work on /home/airflow/.local/lib/python3.12/site-packages/airflow/example_dags/example_task_group_decorator.py
[2025-02-04T14:36:43.381+0000] {processor.py:914} INFO - Processing file /home/airflow/.local/lib/python3.12/site-packages/airflow/example_dags/example_task_group_decorator.py for tasks to queue
[2025-02-04T14:36:43.386+0000] {logging_mixin.py:190} INFO - [2025-02-04T14:36:43.385+0000] {dagbag.py:588} INFO - Filling up the DagBag from /home/airflow/.local/lib/python3.12/site-packages/airflow/example_dags/example_task_group_decorator.py
[2025-02-04T14:36:43.425+0000] {processor.py:925} INFO - DAG(s) 'example_task_group_decorator' retrieved from /home/airflow/.local/lib/python3.12/site-packages/airflow/example_dags/example_task_group_decorator.py
[2025-02-04T14:36:43.484+0000] {logging_mixin.py:190} INFO - [2025-02-04T14:36:43.484+0000] {dag.py:3239} INFO - Sync 1 DAGs
[2025-02-04T14:36:43.521+0000] {logging_mixin.py:190} INFO - [2025-02-04T14:36:43.520+0000] {dag.py:4180} INFO - Setting next_dagrun for example_task_group_decorator to None, run_after=None
[2025-02-04T14:36:43.566+0000] {processor.py:208} INFO - Processing /home/airflow/.local/lib/python3.12/site-packages/airflow/example_dags/example_task_group_decorator.py took 0.207 seconds
[2025-02-04T14:37:14.692+0000] {processor.py:186} INFO - Started process (PID=621) to work on /home/airflow/.local/lib/python3.12/site-packages/airflow/example_dags/example_task_group_decorator.py
[2025-02-04T14:37:14.699+0000] {processor.py:914} INFO - Processing file /home/airflow/.local/lib/python3.12/site-packages/airflow/example_dags/example_task_group_decorator.py for tasks to queue
[2025-02-04T14:37:14.718+0000] {logging_mixin.py:190} INFO - [2025-02-04T14:37:14.717+0000] {dagbag.py:588} INFO - Filling up the DagBag from /home/airflow/.local/lib/python3.12/site-packages/airflow/example_dags/example_task_group_decorator.py
[2025-02-04T14:37:14.856+0000] {processor.py:925} INFO - DAG(s) 'example_task_group_decorator' retrieved from /home/airflow/.local/lib/python3.12/site-packages/airflow/example_dags/example_task_group_decorator.py
[2025-02-04T14:37:14.924+0000] {logging_mixin.py:190} INFO - [2025-02-04T14:37:14.923+0000] {dag.py:3239} INFO - Sync 1 DAGs
[2025-02-04T14:37:14.956+0000] {logging_mixin.py:190} INFO - [2025-02-04T14:37:14.955+0000] {dag.py:4180} INFO - Setting next_dagrun for example_task_group_decorator to None, run_after=None
[2025-02-04T14:37:15.017+0000] {processor.py:208} INFO - Processing /home/airflow/.local/lib/python3.12/site-packages/airflow/example_dags/example_task_group_decorator.py took 0.346 seconds
[2025-02-04T14:37:50.048+0000] {processor.py:186} INFO - Started process (PID=684) to work on /home/airflow/.local/lib/python3.12/site-packages/airflow/example_dags/example_task_group_decorator.py
[2025-02-04T14:37:50.050+0000] {processor.py:914} INFO - Processing file /home/airflow/.local/lib/python3.12/site-packages/airflow/example_dags/example_task_group_decorator.py for tasks to queue
[2025-02-04T14:37:50.056+0000] {logging_mixin.py:190} INFO - [2025-02-04T14:37:50.056+0000] {dagbag.py:588} INFO - Filling up the DagBag from /home/airflow/.local/lib/python3.12/site-packages/airflow/example_dags/example_task_group_decorator.py
[2025-02-04T14:37:50.126+0000] {processor.py:925} INFO - DAG(s) 'example_task_group_decorator' retrieved from /home/airflow/.local/lib/python3.12/site-packages/airflow/example_dags/example_task_group_decorator.py
[2025-02-04T14:37:50.186+0000] {logging_mixin.py:190} INFO - [2025-02-04T14:37:50.185+0000] {dag.py:3239} INFO - Sync 1 DAGs
[2025-02-04T14:37:50.227+0000] {logging_mixin.py:190} INFO - [2025-02-04T14:37:50.227+0000] {dag.py:4180} INFO - Setting next_dagrun for example_task_group_decorator to None, run_after=None
[2025-02-04T14:37:50.277+0000] {processor.py:208} INFO - Processing /home/airflow/.local/lib/python3.12/site-packages/airflow/example_dags/example_task_group_decorator.py took 0.249 seconds
[2025-02-04T14:38:20.735+0000] {processor.py:186} INFO - Started process (PID=749) to work on /home/airflow/.local/lib/python3.12/site-packages/airflow/example_dags/example_task_group_decorator.py
[2025-02-04T14:38:20.737+0000] {processor.py:914} INFO - Processing file /home/airflow/.local/lib/python3.12/site-packages/airflow/example_dags/example_task_group_decorator.py for tasks to queue
[2025-02-04T14:38:20.742+0000] {logging_mixin.py:190} INFO - [2025-02-04T14:38:20.742+0000] {dagbag.py:588} INFO - Filling up the DagBag from /home/airflow/.local/lib/python3.12/site-packages/airflow/example_dags/example_task_group_decorator.py
[2025-02-04T14:38:20.776+0000] {processor.py:925} INFO - DAG(s) 'example_task_group_decorator' retrieved from /home/airflow/.local/lib/python3.12/site-packages/airflow/example_dags/example_task_group_decorator.py
[2025-02-04T14:38:20.831+0000] {logging_mixin.py:190} INFO - [2025-02-04T14:38:20.830+0000] {dag.py:3239} INFO - Sync 1 DAGs
[2025-02-04T14:38:20.866+0000] {logging_mixin.py:190} INFO - [2025-02-04T14:38:20.866+0000] {dag.py:4180} INFO - Setting next_dagrun for example_task_group_decorator to None, run_after=None
[2025-02-04T14:38:20.901+0000] {processor.py:208} INFO - Processing /home/airflow/.local/lib/python3.12/site-packages/airflow/example_dags/example_task_group_decorator.py took 0.179 seconds
[2025-02-04T14:38:55.909+0000] {processor.py:186} INFO - Started process (PID=824) to work on /home/airflow/.local/lib/python3.12/site-packages/airflow/example_dags/example_task_group_decorator.py
[2025-02-04T14:38:55.927+0000] {processor.py:914} INFO - Processing file /home/airflow/.local/lib/python3.12/site-packages/airflow/example_dags/example_task_group_decorator.py for tasks to queue
[2025-02-04T14:38:55.931+0000] {logging_mixin.py:190} INFO - [2025-02-04T14:38:55.930+0000] {dagbag.py:588} INFO - Filling up the DagBag from /home/airflow/.local/lib/python3.12/site-packages/airflow/example_dags/example_task_group_decorator.py
[2025-02-04T14:38:55.959+0000] {processor.py:925} INFO - DAG(s) 'example_task_group_decorator' retrieved from /home/airflow/.local/lib/python3.12/site-packages/airflow/example_dags/example_task_group_decorator.py
[2025-02-04T14:38:55.999+0000] {logging_mixin.py:190} INFO - [2025-02-04T14:38:55.999+0000] {dag.py:3239} INFO - Sync 1 DAGs
[2025-02-04T14:38:56.026+0000] {logging_mixin.py:190} INFO - [2025-02-04T14:38:56.025+0000] {dag.py:4180} INFO - Setting next_dagrun for example_task_group_decorator to None, run_after=None
[2025-02-04T14:38:56.111+0000] {processor.py:208} INFO - Processing /home/airflow/.local/lib/python3.12/site-packages/airflow/example_dags/example_task_group_decorator.py took 0.225 seconds
[2025-02-04T14:39:26.820+0000] {processor.py:186} INFO - Started process (PID=888) to work on /home/airflow/.local/lib/python3.12/site-packages/airflow/example_dags/example_task_group_decorator.py
[2025-02-04T14:39:26.822+0000] {processor.py:914} INFO - Processing file /home/airflow/.local/lib/python3.12/site-packages/airflow/example_dags/example_task_group_decorator.py for tasks to queue
[2025-02-04T14:39:26.827+0000] {logging_mixin.py:190} INFO - [2025-02-04T14:39:26.826+0000] {dagbag.py:588} INFO - Filling up the DagBag from /home/airflow/.local/lib/python3.12/site-packages/airflow/example_dags/example_task_group_decorator.py
[2025-02-04T14:39:26.863+0000] {processor.py:925} INFO - DAG(s) 'example_task_group_decorator' retrieved from /home/airflow/.local/lib/python3.12/site-packages/airflow/example_dags/example_task_group_decorator.py
[2025-02-04T14:39:26.904+0000] {logging_mixin.py:190} INFO - [2025-02-04T14:39:26.904+0000] {dag.py:3239} INFO - Sync 1 DAGs
[2025-02-04T14:39:26.925+0000] {logging_mixin.py:190} INFO - [2025-02-04T14:39:26.925+0000] {dag.py:4180} INFO - Setting next_dagrun for example_task_group_decorator to None, run_after=None
[2025-02-04T14:39:26.956+0000] {processor.py:208} INFO - Processing /home/airflow/.local/lib/python3.12/site-packages/airflow/example_dags/example_task_group_decorator.py took 0.145 seconds
[2025-02-04T14:39:57.264+0000] {processor.py:186} INFO - Started process (PID=946) to work on /home/airflow/.local/lib/python3.12/site-packages/airflow/example_dags/example_task_group_decorator.py
[2025-02-04T14:39:57.266+0000] {processor.py:914} INFO - Processing file /home/airflow/.local/lib/python3.12/site-packages/airflow/example_dags/example_task_group_decorator.py for tasks to queue
[2025-02-04T14:39:57.270+0000] {logging_mixin.py:190} INFO - [2025-02-04T14:39:57.270+0000] {dagbag.py:588} INFO - Filling up the DagBag from /home/airflow/.local/lib/python3.12/site-packages/airflow/example_dags/example_task_group_decorator.py
[2025-02-04T14:39:57.301+0000] {processor.py:925} INFO - DAG(s) 'example_task_group_decorator' retrieved from /home/airflow/.local/lib/python3.12/site-packages/airflow/example_dags/example_task_group_decorator.py
[2025-02-04T14:39:57.382+0000] {logging_mixin.py:190} INFO - [2025-02-04T14:39:57.381+0000] {dag.py:3239} INFO - Sync 1 DAGs
[2025-02-04T14:39:57.409+0000] {logging_mixin.py:190} INFO - [2025-02-04T14:39:57.409+0000] {dag.py:4180} INFO - Setting next_dagrun for example_task_group_decorator to None, run_after=None
[2025-02-04T14:39:57.458+0000] {processor.py:208} INFO - Processing /home/airflow/.local/lib/python3.12/site-packages/airflow/example_dags/example_task_group_decorator.py took 0.205 seconds
[2025-02-04T14:40:30.023+0000] {processor.py:186} INFO - Started process (PID=1017) to work on /home/airflow/.local/lib/python3.12/site-packages/airflow/example_dags/example_task_group_decorator.py
[2025-02-04T14:40:30.027+0000] {processor.py:914} INFO - Processing file /home/airflow/.local/lib/python3.12/site-packages/airflow/example_dags/example_task_group_decorator.py for tasks to queue
[2025-02-04T14:40:30.035+0000] {logging_mixin.py:190} INFO - [2025-02-04T14:40:30.034+0000] {dagbag.py:588} INFO - Filling up the DagBag from /home/airflow/.local/lib/python3.12/site-packages/airflow/example_dags/example_task_group_decorator.py
[2025-02-04T14:40:30.628+0000] {processor.py:925} INFO - DAG(s) 'example_task_group_decorator' retrieved from /home/airflow/.local/lib/python3.12/site-packages/airflow/example_dags/example_task_group_decorator.py
[2025-02-04T14:40:30.795+0000] {logging_mixin.py:190} INFO - [2025-02-04T14:40:30.794+0000] {dag.py:3239} INFO - Sync 1 DAGs
[2025-02-04T14:40:30.874+0000] {logging_mixin.py:190} INFO - [2025-02-04T14:40:30.874+0000] {dag.py:4180} INFO - Setting next_dagrun for example_task_group_decorator to None, run_after=None
[2025-02-04T14:40:30.944+0000] {processor.py:208} INFO - Processing /home/airflow/.local/lib/python3.12/site-packages/airflow/example_dags/example_task_group_decorator.py took 0.440 seconds
[2025-02-04T14:41:01.713+0000] {processor.py:186} INFO - Started process (PID=1081) to work on /home/airflow/.local/lib/python3.12/site-packages/airflow/example_dags/example_task_group_decorator.py
[2025-02-04T14:41:01.715+0000] {processor.py:914} INFO - Processing file /home/airflow/.local/lib/python3.12/site-packages/airflow/example_dags/example_task_group_decorator.py for tasks to queue
[2025-02-04T14:41:01.720+0000] {logging_mixin.py:190} INFO - [2025-02-04T14:41:01.719+0000] {dagbag.py:588} INFO - Filling up the DagBag from /home/airflow/.local/lib/python3.12/site-packages/airflow/example_dags/example_task_group_decorator.py
[2025-02-04T14:41:01.764+0000] {processor.py:925} INFO - DAG(s) 'example_task_group_decorator' retrieved from /home/airflow/.local/lib/python3.12/site-packages/airflow/example_dags/example_task_group_decorator.py
[2025-02-04T14:41:01.867+0000] {logging_mixin.py:190} INFO - [2025-02-04T14:41:01.867+0000] {dag.py:3239} INFO - Sync 1 DAGs
[2025-02-04T14:41:01.899+0000] {logging_mixin.py:190} INFO - [2025-02-04T14:41:01.898+0000] {dag.py:4180} INFO - Setting next_dagrun for example_task_group_decorator to None, run_after=None
[2025-02-04T14:41:01.940+0000] {processor.py:208} INFO - Processing /home/airflow/.local/lib/python3.12/site-packages/airflow/example_dags/example_task_group_decorator.py took 0.239 seconds
[2025-02-04T14:41:32.787+0000] {processor.py:186} INFO - Started process (PID=1144) to work on /home/airflow/.local/lib/python3.12/site-packages/airflow/example_dags/example_task_group_decorator.py
[2025-02-04T14:41:32.789+0000] {processor.py:914} INFO - Processing file /home/airflow/.local/lib/python3.12/site-packages/airflow/example_dags/example_task_group_decorator.py for tasks to queue
[2025-02-04T14:41:32.795+0000] {logging_mixin.py:190} INFO - [2025-02-04T14:41:32.794+0000] {dagbag.py:588} INFO - Filling up the DagBag from /home/airflow/.local/lib/python3.12/site-packages/airflow/example_dags/example_task_group_decorator.py
[2025-02-04T14:41:32.824+0000] {processor.py:925} INFO - DAG(s) 'example_task_group_decorator' retrieved from /home/airflow/.local/lib/python3.12/site-packages/airflow/example_dags/example_task_group_decorator.py
[2025-02-04T14:41:32.892+0000] {logging_mixin.py:190} INFO - [2025-02-04T14:41:32.891+0000] {dag.py:3239} INFO - Sync 1 DAGs
[2025-02-04T14:41:32.939+0000] {logging_mixin.py:190} INFO - [2025-02-04T14:41:32.938+0000] {dag.py:4180} INFO - Setting next_dagrun for example_task_group_decorator to None, run_after=None
[2025-02-04T14:41:33.000+0000] {processor.py:208} INFO - Processing /home/airflow/.local/lib/python3.12/site-packages/airflow/example_dags/example_task_group_decorator.py took 0.224 seconds
[2025-02-04T14:42:03.654+0000] {processor.py:186} INFO - Started process (PID=1208) to work on /home/airflow/.local/lib/python3.12/site-packages/airflow/example_dags/example_task_group_decorator.py
[2025-02-04T14:42:03.656+0000] {processor.py:914} INFO - Processing file /home/airflow/.local/lib/python3.12/site-packages/airflow/example_dags/example_task_group_decorator.py for tasks to queue
[2025-02-04T14:42:03.661+0000] {logging_mixin.py:190} INFO - [2025-02-04T14:42:03.660+0000] {dagbag.py:588} INFO - Filling up the DagBag from /home/airflow/.local/lib/python3.12/site-packages/airflow/example_dags/example_task_group_decorator.py
[2025-02-04T14:42:03.689+0000] {processor.py:925} INFO - DAG(s) 'example_task_group_decorator' retrieved from /home/airflow/.local/lib/python3.12/site-packages/airflow/example_dags/example_task_group_decorator.py
[2025-02-04T14:42:03.743+0000] {logging_mixin.py:190} INFO - [2025-02-04T14:42:03.743+0000] {dag.py:3239} INFO - Sync 1 DAGs
[2025-02-04T14:42:03.776+0000] {logging_mixin.py:190} INFO - [2025-02-04T14:42:03.775+0000] {dag.py:4180} INFO - Setting next_dagrun for example_task_group_decorator to None, run_after=None
[2025-02-04T14:42:03.812+0000] {processor.py:208} INFO - Processing /home/airflow/.local/lib/python3.12/site-packages/airflow/example_dags/example_task_group_decorator.py took 0.172 seconds
[2025-02-04T14:42:34.565+0000] {processor.py:186} INFO - Started process (PID=1272) to work on /home/airflow/.local/lib/python3.12/site-packages/airflow/example_dags/example_task_group_decorator.py
[2025-02-04T14:42:34.566+0000] {processor.py:914} INFO - Processing file /home/airflow/.local/lib/python3.12/site-packages/airflow/example_dags/example_task_group_decorator.py for tasks to queue
[2025-02-04T14:42:34.571+0000] {logging_mixin.py:190} INFO - [2025-02-04T14:42:34.570+0000] {dagbag.py:588} INFO - Filling up the DagBag from /home/airflow/.local/lib/python3.12/site-packages/airflow/example_dags/example_task_group_decorator.py
[2025-02-04T14:42:34.603+0000] {processor.py:925} INFO - DAG(s) 'example_task_group_decorator' retrieved from /home/airflow/.local/lib/python3.12/site-packages/airflow/example_dags/example_task_group_decorator.py
[2025-02-04T14:42:34.647+0000] {logging_mixin.py:190} INFO - [2025-02-04T14:42:34.647+0000] {dag.py:3239} INFO - Sync 1 DAGs
[2025-02-04T14:42:34.678+0000] {logging_mixin.py:190} INFO - [2025-02-04T14:42:34.677+0000] {dag.py:4180} INFO - Setting next_dagrun for example_task_group_decorator to None, run_after=None
[2025-02-04T14:42:34.738+0000] {processor.py:208} INFO - Processing /home/airflow/.local/lib/python3.12/site-packages/airflow/example_dags/example_task_group_decorator.py took 0.181 seconds
[2025-02-04T14:43:05.575+0000] {processor.py:186} INFO - Started process (PID=1335) to work on /home/airflow/.local/lib/python3.12/site-packages/airflow/example_dags/example_task_group_decorator.py
[2025-02-04T14:43:05.576+0000] {processor.py:914} INFO - Processing file /home/airflow/.local/lib/python3.12/site-packages/airflow/example_dags/example_task_group_decorator.py for tasks to queue
[2025-02-04T14:43:05.582+0000] {logging_mixin.py:190} INFO - [2025-02-04T14:43:05.580+0000] {dagbag.py:588} INFO - Filling up the DagBag from /home/airflow/.local/lib/python3.12/site-packages/airflow/example_dags/example_task_group_decorator.py
[2025-02-04T14:43:05.611+0000] {processor.py:925} INFO - DAG(s) 'example_task_group_decorator' retrieved from /home/airflow/.local/lib/python3.12/site-packages/airflow/example_dags/example_task_group_decorator.py
[2025-02-04T14:43:05.650+0000] {logging_mixin.py:190} INFO - [2025-02-04T14:43:05.650+0000] {dag.py:3239} INFO - Sync 1 DAGs
[2025-02-04T14:43:05.675+0000] {logging_mixin.py:190} INFO - [2025-02-04T14:43:05.675+0000] {dag.py:4180} INFO - Setting next_dagrun for example_task_group_decorator to None, run_after=None
[2025-02-04T14:43:05.712+0000] {processor.py:208} INFO - Processing /home/airflow/.local/lib/python3.12/site-packages/airflow/example_dags/example_task_group_decorator.py took 0.147 seconds
[2025-02-04T14:43:35.847+0000] {processor.py:186} INFO - Started process (PID=1399) to work on /home/airflow/.local/lib/python3.12/site-packages/airflow/example_dags/example_task_group_decorator.py
[2025-02-04T14:43:35.849+0000] {processor.py:914} INFO - Processing file /home/airflow/.local/lib/python3.12/site-packages/airflow/example_dags/example_task_group_decorator.py for tasks to queue
[2025-02-04T14:43:35.854+0000] {logging_mixin.py:190} INFO - [2025-02-04T14:43:35.853+0000] {dagbag.py:588} INFO - Filling up the DagBag from /home/airflow/.local/lib/python3.12/site-packages/airflow/example_dags/example_task_group_decorator.py
[2025-02-04T14:43:35.904+0000] {processor.py:925} INFO - DAG(s) 'example_task_group_decorator' retrieved from /home/airflow/.local/lib/python3.12/site-packages/airflow/example_dags/example_task_group_decorator.py
[2025-02-04T14:43:35.960+0000] {logging_mixin.py:190} INFO - [2025-02-04T14:43:35.960+0000] {dag.py:3239} INFO - Sync 1 DAGs
[2025-02-04T14:43:35.997+0000] {logging_mixin.py:190} INFO - [2025-02-04T14:43:35.996+0000] {dag.py:4180} INFO - Setting next_dagrun for example_task_group_decorator to None, run_after=None
[2025-02-04T14:43:36.066+0000] {processor.py:208} INFO - Processing /home/airflow/.local/lib/python3.12/site-packages/airflow/example_dags/example_task_group_decorator.py took 0.230 seconds
[2025-02-04T14:44:06.546+0000] {processor.py:186} INFO - Started process (PID=1463) to work on /home/airflow/.local/lib/python3.12/site-packages/airflow/example_dags/example_task_group_decorator.py
[2025-02-04T14:44:06.547+0000] {processor.py:914} INFO - Processing file /home/airflow/.local/lib/python3.12/site-packages/airflow/example_dags/example_task_group_decorator.py for tasks to queue
[2025-02-04T14:44:06.552+0000] {logging_mixin.py:190} INFO - [2025-02-04T14:44:06.551+0000] {dagbag.py:588} INFO - Filling up the DagBag from /home/airflow/.local/lib/python3.12/site-packages/airflow/example_dags/example_task_group_decorator.py
[2025-02-04T14:44:06.578+0000] {processor.py:925} INFO - DAG(s) 'example_task_group_decorator' retrieved from /home/airflow/.local/lib/python3.12/site-packages/airflow/example_dags/example_task_group_decorator.py
[2025-02-04T14:44:06.627+0000] {logging_mixin.py:190} INFO - [2025-02-04T14:44:06.626+0000] {dag.py:3239} INFO - Sync 1 DAGs
[2025-02-04T14:44:06.656+0000] {logging_mixin.py:190} INFO - [2025-02-04T14:44:06.655+0000] {dag.py:4180} INFO - Setting next_dagrun for example_task_group_decorator to None, run_after=None
[2025-02-04T14:44:06.694+0000] {processor.py:208} INFO - Processing /home/airflow/.local/lib/python3.12/site-packages/airflow/example_dags/example_task_group_decorator.py took 0.158 seconds
[2025-02-04T14:44:37.371+0000] {processor.py:186} INFO - Started process (PID=1527) to work on /home/airflow/.local/lib/python3.12/site-packages/airflow/example_dags/example_task_group_decorator.py
[2025-02-04T14:44:37.373+0000] {processor.py:914} INFO - Processing file /home/airflow/.local/lib/python3.12/site-packages/airflow/example_dags/example_task_group_decorator.py for tasks to queue
[2025-02-04T14:44:37.380+0000] {logging_mixin.py:190} INFO - [2025-02-04T14:44:37.379+0000] {dagbag.py:588} INFO - Filling up the DagBag from /home/airflow/.local/lib/python3.12/site-packages/airflow/example_dags/example_task_group_decorator.py
[2025-02-04T14:44:37.414+0000] {processor.py:925} INFO - DAG(s) 'example_task_group_decorator' retrieved from /home/airflow/.local/lib/python3.12/site-packages/airflow/example_dags/example_task_group_decorator.py
[2025-02-04T14:44:37.464+0000] {logging_mixin.py:190} INFO - [2025-02-04T14:44:37.464+0000] {dag.py:3239} INFO - Sync 1 DAGs
[2025-02-04T14:44:37.504+0000] {logging_mixin.py:190} INFO - [2025-02-04T14:44:37.503+0000] {dag.py:4180} INFO - Setting next_dagrun for example_task_group_decorator to None, run_after=None
[2025-02-04T14:44:38.043+0000] {processor.py:208} INFO - Processing /home/airflow/.local/lib/python3.12/site-packages/airflow/example_dags/example_task_group_decorator.py took 0.182 seconds
[2025-02-04T14:45:09.257+0000] {processor.py:186} INFO - Started process (PID=1591) to work on /home/airflow/.local/lib/python3.12/site-packages/airflow/example_dags/example_task_group_decorator.py
[2025-02-04T14:45:09.258+0000] {processor.py:914} INFO - Processing file /home/airflow/.local/lib/python3.12/site-packages/airflow/example_dags/example_task_group_decorator.py for tasks to queue
[2025-02-04T14:45:09.264+0000] {logging_mixin.py:190} INFO - [2025-02-04T14:45:09.263+0000] {dagbag.py:588} INFO - Filling up the DagBag from /home/airflow/.local/lib/python3.12/site-packages/airflow/example_dags/example_task_group_decorator.py
[2025-02-04T14:45:09.299+0000] {processor.py:925} INFO - DAG(s) 'example_task_group_decorator' retrieved from /home/airflow/.local/lib/python3.12/site-packages/airflow/example_dags/example_task_group_decorator.py
[2025-02-04T14:45:09.350+0000] {logging_mixin.py:190} INFO - [2025-02-04T14:45:09.349+0000] {dag.py:3239} INFO - Sync 1 DAGs
[2025-02-04T14:45:09.378+0000] {logging_mixin.py:190} INFO - [2025-02-04T14:45:09.378+0000] {dag.py:4180} INFO - Setting next_dagrun for example_task_group_decorator to None, run_after=None
[2025-02-04T14:45:09.412+0000] {processor.py:208} INFO - Processing /home/airflow/.local/lib/python3.12/site-packages/airflow/example_dags/example_task_group_decorator.py took 0.168 seconds
[2025-02-04T14:45:40.458+0000] {processor.py:186} INFO - Started process (PID=1655) to work on /home/airflow/.local/lib/python3.12/site-packages/airflow/example_dags/example_task_group_decorator.py
[2025-02-04T14:45:40.461+0000] {processor.py:914} INFO - Processing file /home/airflow/.local/lib/python3.12/site-packages/airflow/example_dags/example_task_group_decorator.py for tasks to queue
[2025-02-04T14:45:40.474+0000] {logging_mixin.py:190} INFO - [2025-02-04T14:45:40.473+0000] {dagbag.py:588} INFO - Filling up the DagBag from /home/airflow/.local/lib/python3.12/site-packages/airflow/example_dags/example_task_group_decorator.py
[2025-02-04T14:45:40.547+0000] {processor.py:925} INFO - DAG(s) 'example_task_group_decorator' retrieved from /home/airflow/.local/lib/python3.12/site-packages/airflow/example_dags/example_task_group_decorator.py
[2025-02-04T14:45:40.670+0000] {logging_mixin.py:190} INFO - [2025-02-04T14:45:40.669+0000] {dag.py:3239} INFO - Sync 1 DAGs
[2025-02-04T14:45:40.732+0000] {logging_mixin.py:190} INFO - [2025-02-04T14:45:40.731+0000] {dag.py:4180} INFO - Setting next_dagrun for example_task_group_decorator to None, run_after=None
[2025-02-04T14:45:40.796+0000] {processor.py:208} INFO - Processing /home/airflow/.local/lib/python3.12/site-packages/airflow/example_dags/example_task_group_decorator.py took 0.368 seconds
[2025-02-04T14:46:11.551+0000] {processor.py:186} INFO - Started process (PID=1719) to work on /home/airflow/.local/lib/python3.12/site-packages/airflow/example_dags/example_task_group_decorator.py
[2025-02-04T14:46:11.557+0000] {processor.py:914} INFO - Processing file /home/airflow/.local/lib/python3.12/site-packages/airflow/example_dags/example_task_group_decorator.py for tasks to queue
[2025-02-04T14:46:11.565+0000] {logging_mixin.py:190} INFO - [2025-02-04T14:46:11.564+0000] {dagbag.py:588} INFO - Filling up the DagBag from /home/airflow/.local/lib/python3.12/site-packages/airflow/example_dags/example_task_group_decorator.py
[2025-02-04T14:46:11.603+0000] {processor.py:925} INFO - DAG(s) 'example_task_group_decorator' retrieved from /home/airflow/.local/lib/python3.12/site-packages/airflow/example_dags/example_task_group_decorator.py
[2025-02-04T14:46:11.663+0000] {logging_mixin.py:190} INFO - [2025-02-04T14:46:11.663+0000] {dag.py:3239} INFO - Sync 1 DAGs
[2025-02-04T14:46:11.691+0000] {logging_mixin.py:190} INFO - [2025-02-04T14:46:11.691+0000] {dag.py:4180} INFO - Setting next_dagrun for example_task_group_decorator to None, run_after=None
[2025-02-04T14:46:11.725+0000] {processor.py:208} INFO - Processing /home/airflow/.local/lib/python3.12/site-packages/airflow/example_dags/example_task_group_decorator.py took 0.189 seconds
[2025-02-04T14:49:14.954+0000] {processor.py:186} INFO - Started process (PID=92) to work on /home/airflow/.local/lib/python3.12/site-packages/airflow/example_dags/example_task_group_decorator.py
[2025-02-04T14:49:14.977+0000] {processor.py:914} INFO - Processing file /home/airflow/.local/lib/python3.12/site-packages/airflow/example_dags/example_task_group_decorator.py for tasks to queue
[2025-02-04T14:49:15.029+0000] {logging_mixin.py:190} INFO - [2025-02-04T14:49:15.028+0000] {dagbag.py:588} INFO - Filling up the DagBag from /home/airflow/.local/lib/python3.12/site-packages/airflow/example_dags/example_task_group_decorator.py
[2025-02-04T14:49:15.170+0000] {processor.py:925} INFO - DAG(s) 'example_task_group_decorator' retrieved from /home/airflow/.local/lib/python3.12/site-packages/airflow/example_dags/example_task_group_decorator.py
[2025-02-04T14:49:15.282+0000] {logging_mixin.py:190} INFO - [2025-02-04T14:49:15.282+0000] {dag.py:3239} INFO - Sync 1 DAGs
[2025-02-04T14:49:15.331+0000] {logging_mixin.py:190} INFO - [2025-02-04T14:49:15.330+0000] {dag.py:4180} INFO - Setting next_dagrun for example_task_group_decorator to None, run_after=None
[2025-02-04T14:49:15.899+0000] {processor.py:208} INFO - Processing /home/airflow/.local/lib/python3.12/site-packages/airflow/example_dags/example_task_group_decorator.py took 0.549 seconds
[2025-02-04T14:49:52.658+0000] {processor.py:186} INFO - Started process (PID=156) to work on /home/airflow/.local/lib/python3.12/site-packages/airflow/example_dags/example_task_group_decorator.py
[2025-02-04T14:49:52.661+0000] {processor.py:914} INFO - Processing file /home/airflow/.local/lib/python3.12/site-packages/airflow/example_dags/example_task_group_decorator.py for tasks to queue
[2025-02-04T14:49:52.667+0000] {logging_mixin.py:190} INFO - [2025-02-04T14:49:52.666+0000] {dagbag.py:588} INFO - Filling up the DagBag from /home/airflow/.local/lib/python3.12/site-packages/airflow/example_dags/example_task_group_decorator.py
[2025-02-04T14:49:52.713+0000] {processor.py:925} INFO - DAG(s) 'example_task_group_decorator' retrieved from /home/airflow/.local/lib/python3.12/site-packages/airflow/example_dags/example_task_group_decorator.py
[2025-02-04T14:49:52.800+0000] {logging_mixin.py:190} INFO - [2025-02-04T14:49:52.799+0000] {dag.py:3239} INFO - Sync 1 DAGs
[2025-02-04T14:49:52.878+0000] {logging_mixin.py:190} INFO - [2025-02-04T14:49:52.877+0000] {dag.py:4180} INFO - Setting next_dagrun for example_task_group_decorator to None, run_after=None
[2025-02-04T14:49:52.958+0000] {processor.py:208} INFO - Processing /home/airflow/.local/lib/python3.12/site-packages/airflow/example_dags/example_task_group_decorator.py took 0.329 seconds
[2025-02-04T14:50:26.174+0000] {processor.py:186} INFO - Started process (PID=221) to work on /home/airflow/.local/lib/python3.12/site-packages/airflow/example_dags/example_task_group_decorator.py
[2025-02-04T14:50:26.176+0000] {processor.py:914} INFO - Processing file /home/airflow/.local/lib/python3.12/site-packages/airflow/example_dags/example_task_group_decorator.py for tasks to queue
[2025-02-04T14:50:26.179+0000] {logging_mixin.py:190} INFO - [2025-02-04T14:50:26.179+0000] {dagbag.py:588} INFO - Filling up the DagBag from /home/airflow/.local/lib/python3.12/site-packages/airflow/example_dags/example_task_group_decorator.py
[2025-02-04T14:50:26.206+0000] {processor.py:925} INFO - DAG(s) 'example_task_group_decorator' retrieved from /home/airflow/.local/lib/python3.12/site-packages/airflow/example_dags/example_task_group_decorator.py
[2025-02-04T14:50:26.247+0000] {logging_mixin.py:190} INFO - [2025-02-04T14:50:26.247+0000] {dag.py:3239} INFO - Sync 1 DAGs
[2025-02-04T14:50:26.275+0000] {logging_mixin.py:190} INFO - [2025-02-04T14:50:26.275+0000] {dag.py:4180} INFO - Setting next_dagrun for example_task_group_decorator to None, run_after=None
[2025-02-04T14:50:26.306+0000] {processor.py:208} INFO - Processing /home/airflow/.local/lib/python3.12/site-packages/airflow/example_dags/example_task_group_decorator.py took 0.141 seconds
[2025-02-04T14:51:00.881+0000] {processor.py:186} INFO - Started process (PID=291) to work on /home/airflow/.local/lib/python3.12/site-packages/airflow/example_dags/example_task_group_decorator.py
[2025-02-04T14:51:00.884+0000] {processor.py:914} INFO - Processing file /home/airflow/.local/lib/python3.12/site-packages/airflow/example_dags/example_task_group_decorator.py for tasks to queue
[2025-02-04T14:51:00.892+0000] {logging_mixin.py:190} INFO - [2025-02-04T14:51:00.891+0000] {dagbag.py:588} INFO - Filling up the DagBag from /home/airflow/.local/lib/python3.12/site-packages/airflow/example_dags/example_task_group_decorator.py
[2025-02-04T14:51:00.964+0000] {processor.py:925} INFO - DAG(s) 'example_task_group_decorator' retrieved from /home/airflow/.local/lib/python3.12/site-packages/airflow/example_dags/example_task_group_decorator.py
[2025-02-04T14:51:01.050+0000] {logging_mixin.py:190} INFO - [2025-02-04T14:51:01.050+0000] {dag.py:3239} INFO - Sync 1 DAGs
[2025-02-04T14:51:01.102+0000] {logging_mixin.py:190} INFO - [2025-02-04T14:51:01.102+0000] {dag.py:4180} INFO - Setting next_dagrun for example_task_group_decorator to None, run_after=None
[2025-02-04T14:51:01.166+0000] {processor.py:208} INFO - Processing /home/airflow/.local/lib/python3.12/site-packages/airflow/example_dags/example_task_group_decorator.py took 0.316 seconds
[2025-02-04T14:51:33.162+0000] {processor.py:186} INFO - Started process (PID=354) to work on /home/airflow/.local/lib/python3.12/site-packages/airflow/example_dags/example_task_group_decorator.py
[2025-02-04T14:51:33.164+0000] {processor.py:914} INFO - Processing file /home/airflow/.local/lib/python3.12/site-packages/airflow/example_dags/example_task_group_decorator.py for tasks to queue
[2025-02-04T14:51:33.170+0000] {logging_mixin.py:190} INFO - [2025-02-04T14:51:33.169+0000] {dagbag.py:588} INFO - Filling up the DagBag from /home/airflow/.local/lib/python3.12/site-packages/airflow/example_dags/example_task_group_decorator.py
[2025-02-04T14:51:33.219+0000] {processor.py:925} INFO - DAG(s) 'example_task_group_decorator' retrieved from /home/airflow/.local/lib/python3.12/site-packages/airflow/example_dags/example_task_group_decorator.py
[2025-02-04T14:51:33.301+0000] {logging_mixin.py:190} INFO - [2025-02-04T14:51:33.301+0000] {dag.py:3239} INFO - Sync 1 DAGs
[2025-02-04T14:51:33.342+0000] {logging_mixin.py:190} INFO - [2025-02-04T14:51:33.342+0000] {dag.py:4180} INFO - Setting next_dagrun for example_task_group_decorator to None, run_after=None
[2025-02-04T14:51:33.387+0000] {processor.py:208} INFO - Processing /home/airflow/.local/lib/python3.12/site-packages/airflow/example_dags/example_task_group_decorator.py took 0.240 seconds
[2025-02-04T14:52:29.694+0000] {processor.py:186} INFO - Started process (PID=418) to work on /home/airflow/.local/lib/python3.12/site-packages/airflow/example_dags/example_task_group_decorator.py
[2025-02-04T14:52:29.707+0000] {processor.py:914} INFO - Processing file /home/airflow/.local/lib/python3.12/site-packages/airflow/example_dags/example_task_group_decorator.py for tasks to queue
[2025-02-04T14:52:29.722+0000] {logging_mixin.py:190} INFO - [2025-02-04T14:52:29.721+0000] {dagbag.py:588} INFO - Filling up the DagBag from /home/airflow/.local/lib/python3.12/site-packages/airflow/example_dags/example_task_group_decorator.py
[2025-02-04T14:52:29.925+0000] {processor.py:925} INFO - DAG(s) 'example_task_group_decorator' retrieved from /home/airflow/.local/lib/python3.12/site-packages/airflow/example_dags/example_task_group_decorator.py
[2025-02-04T14:52:30.127+0000] {logging_mixin.py:190} INFO - [2025-02-04T14:52:30.126+0000] {dag.py:3239} INFO - Sync 1 DAGs
[2025-02-04T14:52:30.270+0000] {logging_mixin.py:190} INFO - [2025-02-04T14:52:30.270+0000] {dag.py:4180} INFO - Setting next_dagrun for example_task_group_decorator to None, run_after=None
[2025-02-04T14:52:30.437+0000] {processor.py:208} INFO - Processing /home/airflow/.local/lib/python3.12/site-packages/airflow/example_dags/example_task_group_decorator.py took 0.778 seconds
[2025-02-04T14:53:01.001+0000] {processor.py:186} INFO - Started process (PID=487) to work on /home/airflow/.local/lib/python3.12/site-packages/airflow/example_dags/example_task_group_decorator.py
[2025-02-04T14:53:01.004+0000] {processor.py:914} INFO - Processing file /home/airflow/.local/lib/python3.12/site-packages/airflow/example_dags/example_task_group_decorator.py for tasks to queue
[2025-02-04T14:53:01.010+0000] {logging_mixin.py:190} INFO - [2025-02-04T14:53:01.009+0000] {dagbag.py:588} INFO - Filling up the DagBag from /home/airflow/.local/lib/python3.12/site-packages/airflow/example_dags/example_task_group_decorator.py
[2025-02-04T14:53:01.059+0000] {processor.py:925} INFO - DAG(s) 'example_task_group_decorator' retrieved from /home/airflow/.local/lib/python3.12/site-packages/airflow/example_dags/example_task_group_decorator.py
[2025-02-04T14:53:01.145+0000] {logging_mixin.py:190} INFO - [2025-02-04T14:53:01.144+0000] {dag.py:3239} INFO - Sync 1 DAGs
[2025-02-04T14:53:01.199+0000] {logging_mixin.py:190} INFO - [2025-02-04T14:53:01.198+0000] {dag.py:4180} INFO - Setting next_dagrun for example_task_group_decorator to None, run_after=None
[2025-02-04T14:53:01.290+0000] {processor.py:208} INFO - Processing /home/airflow/.local/lib/python3.12/site-packages/airflow/example_dags/example_task_group_decorator.py took 0.302 seconds
[2025-02-04T14:53:31.520+0000] {processor.py:186} INFO - Started process (PID=552) to work on /home/airflow/.local/lib/python3.12/site-packages/airflow/example_dags/example_task_group_decorator.py
[2025-02-04T14:53:31.521+0000] {processor.py:914} INFO - Processing file /home/airflow/.local/lib/python3.12/site-packages/airflow/example_dags/example_task_group_decorator.py for tasks to queue
[2025-02-04T14:53:31.527+0000] {logging_mixin.py:190} INFO - [2025-02-04T14:53:31.526+0000] {dagbag.py:588} INFO - Filling up the DagBag from /home/airflow/.local/lib/python3.12/site-packages/airflow/example_dags/example_task_group_decorator.py
[2025-02-04T14:53:31.552+0000] {processor.py:925} INFO - DAG(s) 'example_task_group_decorator' retrieved from /home/airflow/.local/lib/python3.12/site-packages/airflow/example_dags/example_task_group_decorator.py
[2025-02-04T14:53:31.601+0000] {logging_mixin.py:190} INFO - [2025-02-04T14:53:31.601+0000] {dag.py:3239} INFO - Sync 1 DAGs
[2025-02-04T14:53:31.628+0000] {logging_mixin.py:190} INFO - [2025-02-04T14:53:31.628+0000] {dag.py:4180} INFO - Setting next_dagrun for example_task_group_decorator to None, run_after=None
[2025-02-04T14:53:31.660+0000] {processor.py:208} INFO - Processing /home/airflow/.local/lib/python3.12/site-packages/airflow/example_dags/example_task_group_decorator.py took 0.149 seconds
[2025-02-04T14:54:02.083+0000] {processor.py:186} INFO - Started process (PID=620) to work on /home/airflow/.local/lib/python3.12/site-packages/airflow/example_dags/example_task_group_decorator.py
[2025-02-04T14:54:02.085+0000] {processor.py:914} INFO - Processing file /home/airflow/.local/lib/python3.12/site-packages/airflow/example_dags/example_task_group_decorator.py for tasks to queue
[2025-02-04T14:54:02.090+0000] {logging_mixin.py:190} INFO - [2025-02-04T14:54:02.089+0000] {dagbag.py:588} INFO - Filling up the DagBag from /home/airflow/.local/lib/python3.12/site-packages/airflow/example_dags/example_task_group_decorator.py
[2025-02-04T14:54:02.126+0000] {processor.py:925} INFO - DAG(s) 'example_task_group_decorator' retrieved from /home/airflow/.local/lib/python3.12/site-packages/airflow/example_dags/example_task_group_decorator.py
[2025-02-04T14:54:02.179+0000] {logging_mixin.py:190} INFO - [2025-02-04T14:54:02.178+0000] {dag.py:3239} INFO - Sync 1 DAGs
[2025-02-04T14:54:02.214+0000] {logging_mixin.py:190} INFO - [2025-02-04T14:54:02.213+0000] {dag.py:4180} INFO - Setting next_dagrun for example_task_group_decorator to None, run_after=None
[2025-02-04T14:54:02.253+0000] {processor.py:208} INFO - Processing /home/airflow/.local/lib/python3.12/site-packages/airflow/example_dags/example_task_group_decorator.py took 0.183 seconds
[2025-02-04T14:54:32.808+0000] {processor.py:186} INFO - Started process (PID=688) to work on /home/airflow/.local/lib/python3.12/site-packages/airflow/example_dags/example_task_group_decorator.py
[2025-02-04T14:54:32.809+0000] {processor.py:914} INFO - Processing file /home/airflow/.local/lib/python3.12/site-packages/airflow/example_dags/example_task_group_decorator.py for tasks to queue
[2025-02-04T14:54:32.813+0000] {logging_mixin.py:190} INFO - [2025-02-04T14:54:32.812+0000] {dagbag.py:588} INFO - Filling up the DagBag from /home/airflow/.local/lib/python3.12/site-packages/airflow/example_dags/example_task_group_decorator.py
[2025-02-04T14:54:32.843+0000] {processor.py:925} INFO - DAG(s) 'example_task_group_decorator' retrieved from /home/airflow/.local/lib/python3.12/site-packages/airflow/example_dags/example_task_group_decorator.py
[2025-02-04T14:54:32.884+0000] {logging_mixin.py:190} INFO - [2025-02-04T14:54:32.884+0000] {dag.py:3239} INFO - Sync 1 DAGs
[2025-02-04T14:54:32.911+0000] {logging_mixin.py:190} INFO - [2025-02-04T14:54:32.911+0000] {dag.py:4180} INFO - Setting next_dagrun for example_task_group_decorator to None, run_after=None
[2025-02-04T14:54:32.945+0000] {processor.py:208} INFO - Processing /home/airflow/.local/lib/python3.12/site-packages/airflow/example_dags/example_task_group_decorator.py took 0.148 seconds
[2025-02-04T14:55:03.905+0000] {processor.py:186} INFO - Started process (PID=753) to work on /home/airflow/.local/lib/python3.12/site-packages/airflow/example_dags/example_task_group_decorator.py
[2025-02-04T14:55:03.909+0000] {processor.py:914} INFO - Processing file /home/airflow/.local/lib/python3.12/site-packages/airflow/example_dags/example_task_group_decorator.py for tasks to queue
[2025-02-04T14:55:03.919+0000] {logging_mixin.py:190} INFO - [2025-02-04T14:55:03.917+0000] {dagbag.py:588} INFO - Filling up the DagBag from /home/airflow/.local/lib/python3.12/site-packages/airflow/example_dags/example_task_group_decorator.py
[2025-02-04T14:55:03.964+0000] {processor.py:925} INFO - DAG(s) 'example_task_group_decorator' retrieved from /home/airflow/.local/lib/python3.12/site-packages/airflow/example_dags/example_task_group_decorator.py
[2025-02-04T14:55:04.023+0000] {logging_mixin.py:190} INFO - [2025-02-04T14:55:04.022+0000] {dag.py:3239} INFO - Sync 1 DAGs
[2025-02-04T14:55:04.056+0000] {logging_mixin.py:190} INFO - [2025-02-04T14:55:04.056+0000] {dag.py:4180} INFO - Setting next_dagrun for example_task_group_decorator to None, run_after=None
[2025-02-04T14:55:04.100+0000] {processor.py:208} INFO - Processing /home/airflow/.local/lib/python3.12/site-packages/airflow/example_dags/example_task_group_decorator.py took 0.211 seconds
[2025-02-04T14:55:34.227+0000] {processor.py:186} INFO - Started process (PID=821) to work on /home/airflow/.local/lib/python3.12/site-packages/airflow/example_dags/example_task_group_decorator.py
[2025-02-04T14:55:34.228+0000] {processor.py:914} INFO - Processing file /home/airflow/.local/lib/python3.12/site-packages/airflow/example_dags/example_task_group_decorator.py for tasks to queue
[2025-02-04T14:55:34.233+0000] {logging_mixin.py:190} INFO - [2025-02-04T14:55:34.232+0000] {dagbag.py:588} INFO - Filling up the DagBag from /home/airflow/.local/lib/python3.12/site-packages/airflow/example_dags/example_task_group_decorator.py
[2025-02-04T14:55:34.262+0000] {processor.py:925} INFO - DAG(s) 'example_task_group_decorator' retrieved from /home/airflow/.local/lib/python3.12/site-packages/airflow/example_dags/example_task_group_decorator.py
[2025-02-04T14:55:34.311+0000] {logging_mixin.py:190} INFO - [2025-02-04T14:55:34.311+0000] {dag.py:3239} INFO - Sync 1 DAGs
[2025-02-04T14:55:34.340+0000] {logging_mixin.py:190} INFO - [2025-02-04T14:55:34.339+0000] {dag.py:4180} INFO - Setting next_dagrun for example_task_group_decorator to None, run_after=None
[2025-02-04T14:55:34.373+0000] {processor.py:208} INFO - Processing /home/airflow/.local/lib/python3.12/site-packages/airflow/example_dags/example_task_group_decorator.py took 0.155 seconds
[2025-02-04T14:56:17.721+0000] {processor.py:186} INFO - Started process (PID=891) to work on /home/airflow/.local/lib/python3.12/site-packages/airflow/example_dags/example_task_group_decorator.py
[2025-02-04T14:56:17.760+0000] {processor.py:914} INFO - Processing file /home/airflow/.local/lib/python3.12/site-packages/airflow/example_dags/example_task_group_decorator.py for tasks to queue
[2025-02-04T14:56:17.790+0000] {logging_mixin.py:190} INFO - [2025-02-04T14:56:17.765+0000] {dagbag.py:588} INFO - Filling up the DagBag from /home/airflow/.local/lib/python3.12/site-packages/airflow/example_dags/example_task_group_decorator.py
[2025-02-04T14:56:17.937+0000] {processor.py:925} INFO - DAG(s) 'example_task_group_decorator' retrieved from /home/airflow/.local/lib/python3.12/site-packages/airflow/example_dags/example_task_group_decorator.py
[2025-02-04T14:56:18.080+0000] {logging_mixin.py:190} INFO - [2025-02-04T14:56:18.079+0000] {dag.py:3239} INFO - Sync 1 DAGs
[2025-02-04T14:56:18.125+0000] {logging_mixin.py:190} INFO - [2025-02-04T14:56:18.125+0000] {dag.py:4180} INFO - Setting next_dagrun for example_task_group_decorator to None, run_after=None
[2025-02-04T14:56:18.172+0000] {processor.py:208} INFO - Processing /home/airflow/.local/lib/python3.12/site-packages/airflow/example_dags/example_task_group_decorator.py took 0.523 seconds
[2025-02-04T14:56:52.303+0000] {processor.py:186} INFO - Started process (PID=957) to work on /home/airflow/.local/lib/python3.12/site-packages/airflow/example_dags/example_task_group_decorator.py
[2025-02-04T14:56:52.308+0000] {processor.py:914} INFO - Processing file /home/airflow/.local/lib/python3.12/site-packages/airflow/example_dags/example_task_group_decorator.py for tasks to queue
[2025-02-04T14:56:52.314+0000] {logging_mixin.py:190} INFO - [2025-02-04T14:56:52.313+0000] {dagbag.py:588} INFO - Filling up the DagBag from /home/airflow/.local/lib/python3.12/site-packages/airflow/example_dags/example_task_group_decorator.py
[2025-02-04T14:56:52.352+0000] {processor.py:925} INFO - DAG(s) 'example_task_group_decorator' retrieved from /home/airflow/.local/lib/python3.12/site-packages/airflow/example_dags/example_task_group_decorator.py
[2025-02-04T14:56:52.416+0000] {logging_mixin.py:190} INFO - [2025-02-04T14:56:52.416+0000] {dag.py:3239} INFO - Sync 1 DAGs
[2025-02-04T14:56:52.454+0000] {logging_mixin.py:190} INFO - [2025-02-04T14:56:52.453+0000] {dag.py:4180} INFO - Setting next_dagrun for example_task_group_decorator to None, run_after=None
[2025-02-04T14:56:52.498+0000] {processor.py:208} INFO - Processing /home/airflow/.local/lib/python3.12/site-packages/airflow/example_dags/example_task_group_decorator.py took 0.218 seconds
[2025-02-04T14:57:23.308+0000] {processor.py:186} INFO - Started process (PID=1021) to work on /home/airflow/.local/lib/python3.12/site-packages/airflow/example_dags/example_task_group_decorator.py
[2025-02-04T14:57:23.309+0000] {processor.py:914} INFO - Processing file /home/airflow/.local/lib/python3.12/site-packages/airflow/example_dags/example_task_group_decorator.py for tasks to queue
[2025-02-04T14:57:23.313+0000] {logging_mixin.py:190} INFO - [2025-02-04T14:57:23.312+0000] {dagbag.py:588} INFO - Filling up the DagBag from /home/airflow/.local/lib/python3.12/site-packages/airflow/example_dags/example_task_group_decorator.py
[2025-02-04T14:57:23.344+0000] {processor.py:925} INFO - DAG(s) 'example_task_group_decorator' retrieved from /home/airflow/.local/lib/python3.12/site-packages/airflow/example_dags/example_task_group_decorator.py
[2025-02-04T14:57:23.389+0000] {logging_mixin.py:190} INFO - [2025-02-04T14:57:23.389+0000] {dag.py:3239} INFO - Sync 1 DAGs
[2025-02-04T14:57:23.418+0000] {logging_mixin.py:190} INFO - [2025-02-04T14:57:23.416+0000] {dag.py:4180} INFO - Setting next_dagrun for example_task_group_decorator to None, run_after=None
[2025-02-04T14:57:23.446+0000] {processor.py:208} INFO - Processing /home/airflow/.local/lib/python3.12/site-packages/airflow/example_dags/example_task_group_decorator.py took 0.151 seconds
[2025-02-04T14:57:56.057+0000] {processor.py:186} INFO - Started process (PID=1085) to work on /home/airflow/.local/lib/python3.12/site-packages/airflow/example_dags/example_task_group_decorator.py
[2025-02-04T14:57:56.059+0000] {processor.py:914} INFO - Processing file /home/airflow/.local/lib/python3.12/site-packages/airflow/example_dags/example_task_group_decorator.py for tasks to queue
[2025-02-04T14:57:56.063+0000] {logging_mixin.py:190} INFO - [2025-02-04T14:57:56.062+0000] {dagbag.py:588} INFO - Filling up the DagBag from /home/airflow/.local/lib/python3.12/site-packages/airflow/example_dags/example_task_group_decorator.py
[2025-02-04T14:57:56.096+0000] {processor.py:925} INFO - DAG(s) 'example_task_group_decorator' retrieved from /home/airflow/.local/lib/python3.12/site-packages/airflow/example_dags/example_task_group_decorator.py
[2025-02-04T14:57:56.150+0000] {logging_mixin.py:190} INFO - [2025-02-04T14:57:56.150+0000] {dag.py:3239} INFO - Sync 1 DAGs
[2025-02-04T14:57:56.180+0000] {logging_mixin.py:190} INFO - [2025-02-04T14:57:56.179+0000] {dag.py:4180} INFO - Setting next_dagrun for example_task_group_decorator to None, run_after=None
[2025-02-04T14:57:56.218+0000] {processor.py:208} INFO - Processing /home/airflow/.local/lib/python3.12/site-packages/airflow/example_dags/example_task_group_decorator.py took 0.172 seconds
[2025-02-04T14:58:28.379+0000] {processor.py:186} INFO - Started process (PID=1150) to work on /home/airflow/.local/lib/python3.12/site-packages/airflow/example_dags/example_task_group_decorator.py
[2025-02-04T14:58:28.396+0000] {processor.py:914} INFO - Processing file /home/airflow/.local/lib/python3.12/site-packages/airflow/example_dags/example_task_group_decorator.py for tasks to queue
[2025-02-04T14:58:28.415+0000] {logging_mixin.py:190} INFO - [2025-02-04T14:58:28.415+0000] {dagbag.py:588} INFO - Filling up the DagBag from /home/airflow/.local/lib/python3.12/site-packages/airflow/example_dags/example_task_group_decorator.py
[2025-02-04T14:58:28.454+0000] {processor.py:925} INFO - DAG(s) 'example_task_group_decorator' retrieved from /home/airflow/.local/lib/python3.12/site-packages/airflow/example_dags/example_task_group_decorator.py
[2025-02-04T14:58:28.515+0000] {logging_mixin.py:190} INFO - [2025-02-04T14:58:28.515+0000] {dag.py:3239} INFO - Sync 1 DAGs
[2025-02-04T14:58:28.550+0000] {logging_mixin.py:190} INFO - [2025-02-04T14:58:28.549+0000] {dag.py:4180} INFO - Setting next_dagrun for example_task_group_decorator to None, run_after=None
[2025-02-04T14:58:28.597+0000] {processor.py:208} INFO - Processing /home/airflow/.local/lib/python3.12/site-packages/airflow/example_dags/example_task_group_decorator.py took 0.243 seconds
[2025-02-04T14:58:59.416+0000] {processor.py:186} INFO - Started process (PID=1214) to work on /home/airflow/.local/lib/python3.12/site-packages/airflow/example_dags/example_task_group_decorator.py
[2025-02-04T14:58:59.418+0000] {processor.py:914} INFO - Processing file /home/airflow/.local/lib/python3.12/site-packages/airflow/example_dags/example_task_group_decorator.py for tasks to queue
[2025-02-04T14:58:59.423+0000] {logging_mixin.py:190} INFO - [2025-02-04T14:58:59.422+0000] {dagbag.py:588} INFO - Filling up the DagBag from /home/airflow/.local/lib/python3.12/site-packages/airflow/example_dags/example_task_group_decorator.py
[2025-02-04T14:58:59.466+0000] {processor.py:925} INFO - DAG(s) 'example_task_group_decorator' retrieved from /home/airflow/.local/lib/python3.12/site-packages/airflow/example_dags/example_task_group_decorator.py
[2025-02-04T14:58:59.527+0000] {logging_mixin.py:190} INFO - [2025-02-04T14:58:59.527+0000] {dag.py:3239} INFO - Sync 1 DAGs
[2025-02-04T14:58:59.558+0000] {logging_mixin.py:190} INFO - [2025-02-04T14:58:59.557+0000] {dag.py:4180} INFO - Setting next_dagrun for example_task_group_decorator to None, run_after=None
[2025-02-04T14:58:59.589+0000] {processor.py:208} INFO - Processing /home/airflow/.local/lib/python3.12/site-packages/airflow/example_dags/example_task_group_decorator.py took 0.189 seconds
[2025-02-04T14:59:30.940+0000] {processor.py:186} INFO - Started process (PID=1277) to work on /home/airflow/.local/lib/python3.12/site-packages/airflow/example_dags/example_task_group_decorator.py
[2025-02-04T14:59:30.941+0000] {processor.py:914} INFO - Processing file /home/airflow/.local/lib/python3.12/site-packages/airflow/example_dags/example_task_group_decorator.py for tasks to queue
[2025-02-04T14:59:30.946+0000] {logging_mixin.py:190} INFO - [2025-02-04T14:59:30.945+0000] {dagbag.py:588} INFO - Filling up the DagBag from /home/airflow/.local/lib/python3.12/site-packages/airflow/example_dags/example_task_group_decorator.py
[2025-02-04T14:59:30.992+0000] {processor.py:925} INFO - DAG(s) 'example_task_group_decorator' retrieved from /home/airflow/.local/lib/python3.12/site-packages/airflow/example_dags/example_task_group_decorator.py
[2025-02-04T14:59:31.045+0000] {logging_mixin.py:190} INFO - [2025-02-04T14:59:31.045+0000] {dag.py:3239} INFO - Sync 1 DAGs
[2025-02-04T14:59:31.075+0000] {logging_mixin.py:190} INFO - [2025-02-04T14:59:31.074+0000] {dag.py:4180} INFO - Setting next_dagrun for example_task_group_decorator to None, run_after=None
[2025-02-04T14:59:31.111+0000] {processor.py:208} INFO - Processing /home/airflow/.local/lib/python3.12/site-packages/airflow/example_dags/example_task_group_decorator.py took 0.180 seconds
[2025-02-04T15:00:01.241+0000] {processor.py:186} INFO - Started process (PID=1340) to work on /home/airflow/.local/lib/python3.12/site-packages/airflow/example_dags/example_task_group_decorator.py
[2025-02-04T15:00:01.243+0000] {processor.py:914} INFO - Processing file /home/airflow/.local/lib/python3.12/site-packages/airflow/example_dags/example_task_group_decorator.py for tasks to queue
[2025-02-04T15:00:01.248+0000] {logging_mixin.py:190} INFO - [2025-02-04T15:00:01.247+0000] {dagbag.py:588} INFO - Filling up the DagBag from /home/airflow/.local/lib/python3.12/site-packages/airflow/example_dags/example_task_group_decorator.py
[2025-02-04T15:00:01.283+0000] {processor.py:925} INFO - DAG(s) 'example_task_group_decorator' retrieved from /home/airflow/.local/lib/python3.12/site-packages/airflow/example_dags/example_task_group_decorator.py
[2025-02-04T15:00:01.336+0000] {logging_mixin.py:190} INFO - [2025-02-04T15:00:01.335+0000] {dag.py:3239} INFO - Sync 1 DAGs
[2025-02-04T15:00:01.368+0000] {logging_mixin.py:190} INFO - [2025-02-04T15:00:01.367+0000] {dag.py:4180} INFO - Setting next_dagrun for example_task_group_decorator to None, run_after=None
[2025-02-04T15:00:01.404+0000] {processor.py:208} INFO - Processing /home/airflow/.local/lib/python3.12/site-packages/airflow/example_dags/example_task_group_decorator.py took 0.174 seconds
[2025-02-04T15:00:31.809+0000] {processor.py:186} INFO - Started process (PID=1403) to work on /home/airflow/.local/lib/python3.12/site-packages/airflow/example_dags/example_task_group_decorator.py
[2025-02-04T15:00:31.812+0000] {processor.py:914} INFO - Processing file /home/airflow/.local/lib/python3.12/site-packages/airflow/example_dags/example_task_group_decorator.py for tasks to queue
[2025-02-04T15:00:31.817+0000] {logging_mixin.py:190} INFO - [2025-02-04T15:00:31.816+0000] {dagbag.py:588} INFO - Filling up the DagBag from /home/airflow/.local/lib/python3.12/site-packages/airflow/example_dags/example_task_group_decorator.py
[2025-02-04T15:00:31.854+0000] {processor.py:925} INFO - DAG(s) 'example_task_group_decorator' retrieved from /home/airflow/.local/lib/python3.12/site-packages/airflow/example_dags/example_task_group_decorator.py
[2025-02-04T15:00:31.907+0000] {logging_mixin.py:190} INFO - [2025-02-04T15:00:31.906+0000] {dag.py:3239} INFO - Sync 1 DAGs
[2025-02-04T15:00:31.938+0000] {logging_mixin.py:190} INFO - [2025-02-04T15:00:31.937+0000] {dag.py:4180} INFO - Setting next_dagrun for example_task_group_decorator to None, run_after=None
[2025-02-04T15:00:31.971+0000] {processor.py:208} INFO - Processing /home/airflow/.local/lib/python3.12/site-packages/airflow/example_dags/example_task_group_decorator.py took 0.173 seconds
[2025-02-04T15:01:02.290+0000] {processor.py:186} INFO - Started process (PID=1468) to work on /home/airflow/.local/lib/python3.12/site-packages/airflow/example_dags/example_task_group_decorator.py
[2025-02-04T15:01:02.292+0000] {processor.py:914} INFO - Processing file /home/airflow/.local/lib/python3.12/site-packages/airflow/example_dags/example_task_group_decorator.py for tasks to queue
[2025-02-04T15:01:02.296+0000] {logging_mixin.py:190} INFO - [2025-02-04T15:01:02.295+0000] {dagbag.py:588} INFO - Filling up the DagBag from /home/airflow/.local/lib/python3.12/site-packages/airflow/example_dags/example_task_group_decorator.py
[2025-02-04T15:01:02.339+0000] {processor.py:925} INFO - DAG(s) 'example_task_group_decorator' retrieved from /home/airflow/.local/lib/python3.12/site-packages/airflow/example_dags/example_task_group_decorator.py
[2025-02-04T15:01:02.390+0000] {logging_mixin.py:190} INFO - [2025-02-04T15:01:02.390+0000] {dag.py:3239} INFO - Sync 1 DAGs
[2025-02-04T15:01:02.414+0000] {logging_mixin.py:190} INFO - [2025-02-04T15:01:02.413+0000] {dag.py:4180} INFO - Setting next_dagrun for example_task_group_decorator to None, run_after=None
[2025-02-04T15:01:02.448+0000] {processor.py:208} INFO - Processing /home/airflow/.local/lib/python3.12/site-packages/airflow/example_dags/example_task_group_decorator.py took 0.171 seconds
[2025-02-04T15:01:33.115+0000] {processor.py:186} INFO - Started process (PID=1532) to work on /home/airflow/.local/lib/python3.12/site-packages/airflow/example_dags/example_task_group_decorator.py
[2025-02-04T15:01:33.117+0000] {processor.py:914} INFO - Processing file /home/airflow/.local/lib/python3.12/site-packages/airflow/example_dags/example_task_group_decorator.py for tasks to queue
[2025-02-04T15:01:33.135+0000] {logging_mixin.py:190} INFO - [2025-02-04T15:01:33.134+0000] {dagbag.py:588} INFO - Filling up the DagBag from /home/airflow/.local/lib/python3.12/site-packages/airflow/example_dags/example_task_group_decorator.py
[2025-02-04T15:01:33.197+0000] {processor.py:925} INFO - DAG(s) 'example_task_group_decorator' retrieved from /home/airflow/.local/lib/python3.12/site-packages/airflow/example_dags/example_task_group_decorator.py
[2025-02-04T15:01:33.281+0000] {logging_mixin.py:190} INFO - [2025-02-04T15:01:33.280+0000] {dag.py:3239} INFO - Sync 1 DAGs
[2025-02-04T15:01:33.379+0000] {logging_mixin.py:190} INFO - [2025-02-04T15:01:33.357+0000] {dag.py:4180} INFO - Setting next_dagrun for example_task_group_decorator to None, run_after=None
[2025-02-04T15:01:33.534+0000] {processor.py:208} INFO - Processing /home/airflow/.local/lib/python3.12/site-packages/airflow/example_dags/example_task_group_decorator.py took 0.452 seconds
