[2025-02-04T14:07:53.751+0000] {processor.py:186} INFO - Started process (PID=123) to work on /home/airflow/.local/lib/python3.12/site-packages/airflow/example_dags/example_complex.py
[2025-02-04T14:07:53.755+0000] {processor.py:914} INFO - Processing file /home/airflow/.local/lib/python3.12/site-packages/airflow/example_dags/example_complex.py for tasks to queue
[2025-02-04T14:07:53.763+0000] {logging_mixin.py:190} INFO - [2025-02-04T14:07:53.762+0000] {dagbag.py:588} INFO - Filling up the DagBag from /home/airflow/.local/lib/python3.12/site-packages/airflow/example_dags/example_complex.py
[2025-02-04T14:07:53.848+0000] {processor.py:925} INFO - DAG(s) 'example_complex' retrieved from /home/airflow/.local/lib/python3.12/site-packages/airflow/example_dags/example_complex.py
[2025-02-04T14:07:55.879+0000] {logging_mixin.py:190} INFO - [2025-02-04T14:07:55.848+0000] {override.py:1911} INFO - Created Permission View: can delete on DAG:example_complex
[2025-02-04T14:07:56.053+0000] {logging_mixin.py:190} INFO - [2025-02-04T14:07:56.050+0000] {override.py:1911} INFO - Created Permission View: can read on DAG:example_complex
[2025-02-04T14:07:56.106+0000] {logging_mixin.py:190} INFO - [2025-02-04T14:07:56.097+0000] {override.py:1911} INFO - Created Permission View: can edit on DAG:example_complex
[2025-02-04T14:07:56.167+0000] {logging_mixin.py:190} INFO - [2025-02-04T14:07:56.166+0000] {override.py:1911} INFO - Created Permission View: can delete on DAG Run:example_complex
[2025-02-04T14:07:56.212+0000] {logging_mixin.py:190} INFO - [2025-02-04T14:07:56.211+0000] {override.py:1911} INFO - Created Permission View: menu access on DAG Run:example_complex
[2025-02-04T14:07:56.273+0000] {logging_mixin.py:190} INFO - [2025-02-04T14:07:56.272+0000] {override.py:1911} INFO - Created Permission View: can read on DAG Run:example_complex
[2025-02-04T14:07:56.351+0000] {logging_mixin.py:190} INFO - [2025-02-04T14:07:56.347+0000] {override.py:1911} INFO - Created Permission View: can create on DAG Run:example_complex
[2025-02-04T14:07:56.355+0000] {logging_mixin.py:190} INFO - [2025-02-04T14:07:56.354+0000] {dag.py:3239} INFO - Sync 1 DAGs
[2025-02-04T14:07:56.563+0000] {logging_mixin.py:190} INFO - [2025-02-04T14:07:56.563+0000] {dag.py:3262} INFO - Creating ORM DAG for example_complex
[2025-02-04T14:07:56.620+0000] {logging_mixin.py:190} INFO - [2025-02-04T14:07:56.603+0000] {dag.py:4180} INFO - Setting next_dagrun for example_complex to None, run_after=None
[2025-02-04T14:07:56.765+0000] {processor.py:208} INFO - Processing /home/airflow/.local/lib/python3.12/site-packages/airflow/example_dags/example_complex.py took 3.032 seconds
[2025-02-04T14:08:36.119+0000] {processor.py:186} INFO - Started process (PID=193) to work on /home/airflow/.local/lib/python3.12/site-packages/airflow/example_dags/example_complex.py
[2025-02-04T14:08:36.126+0000] {processor.py:914} INFO - Processing file /home/airflow/.local/lib/python3.12/site-packages/airflow/example_dags/example_complex.py for tasks to queue
[2025-02-04T14:08:36.132+0000] {logging_mixin.py:190} INFO - [2025-02-04T14:08:36.131+0000] {dagbag.py:588} INFO - Filling up the DagBag from /home/airflow/.local/lib/python3.12/site-packages/airflow/example_dags/example_complex.py
[2025-02-04T14:08:36.177+0000] {processor.py:925} INFO - DAG(s) 'example_complex' retrieved from /home/airflow/.local/lib/python3.12/site-packages/airflow/example_dags/example_complex.py
[2025-02-04T14:08:36.295+0000] {logging_mixin.py:190} INFO - [2025-02-04T14:08:36.295+0000] {dag.py:3239} INFO - Sync 1 DAGs
[2025-02-04T14:08:36.351+0000] {logging_mixin.py:190} INFO - [2025-02-04T14:08:36.351+0000] {dag.py:4180} INFO - Setting next_dagrun for example_complex to None, run_after=None
[2025-02-04T14:08:36.486+0000] {processor.py:208} INFO - Processing /home/airflow/.local/lib/python3.12/site-packages/airflow/example_dags/example_complex.py took 0.407 seconds
[2025-02-04T14:09:06.885+0000] {processor.py:186} INFO - Started process (PID=256) to work on /home/airflow/.local/lib/python3.12/site-packages/airflow/example_dags/example_complex.py
[2025-02-04T14:09:06.887+0000] {processor.py:914} INFO - Processing file /home/airflow/.local/lib/python3.12/site-packages/airflow/example_dags/example_complex.py for tasks to queue
[2025-02-04T14:09:06.893+0000] {logging_mixin.py:190} INFO - [2025-02-04T14:09:06.892+0000] {dagbag.py:588} INFO - Filling up the DagBag from /home/airflow/.local/lib/python3.12/site-packages/airflow/example_dags/example_complex.py
[2025-02-04T14:09:06.920+0000] {processor.py:925} INFO - DAG(s) 'example_complex' retrieved from /home/airflow/.local/lib/python3.12/site-packages/airflow/example_dags/example_complex.py
[2025-02-04T14:09:07.033+0000] {logging_mixin.py:190} INFO - [2025-02-04T14:09:07.032+0000] {dag.py:3239} INFO - Sync 1 DAGs
[2025-02-04T14:09:07.087+0000] {logging_mixin.py:190} INFO - [2025-02-04T14:09:07.086+0000] {dag.py:4180} INFO - Setting next_dagrun for example_complex to None, run_after=None
[2025-02-04T14:09:07.161+0000] {processor.py:208} INFO - Processing /home/airflow/.local/lib/python3.12/site-packages/airflow/example_dags/example_complex.py took 0.291 seconds
[2025-02-04T14:09:37.448+0000] {processor.py:186} INFO - Started process (PID=319) to work on /home/airflow/.local/lib/python3.12/site-packages/airflow/example_dags/example_complex.py
[2025-02-04T14:09:37.450+0000] {processor.py:914} INFO - Processing file /home/airflow/.local/lib/python3.12/site-packages/airflow/example_dags/example_complex.py for tasks to queue
[2025-02-04T14:09:37.454+0000] {logging_mixin.py:190} INFO - [2025-02-04T14:09:37.453+0000] {dagbag.py:588} INFO - Filling up the DagBag from /home/airflow/.local/lib/python3.12/site-packages/airflow/example_dags/example_complex.py
[2025-02-04T14:09:37.480+0000] {processor.py:925} INFO - DAG(s) 'example_complex' retrieved from /home/airflow/.local/lib/python3.12/site-packages/airflow/example_dags/example_complex.py
[2025-02-04T14:09:37.537+0000] {logging_mixin.py:190} INFO - [2025-02-04T14:09:37.537+0000] {dag.py:3239} INFO - Sync 1 DAGs
[2025-02-04T14:09:37.557+0000] {logging_mixin.py:190} INFO - [2025-02-04T14:09:37.557+0000] {dag.py:4180} INFO - Setting next_dagrun for example_complex to None, run_after=None
[2025-02-04T14:09:37.591+0000] {processor.py:208} INFO - Processing /home/airflow/.local/lib/python3.12/site-packages/airflow/example_dags/example_complex.py took 0.153 seconds
[2025-02-04T14:10:08.316+0000] {processor.py:186} INFO - Started process (PID=383) to work on /home/airflow/.local/lib/python3.12/site-packages/airflow/example_dags/example_complex.py
[2025-02-04T14:10:08.318+0000] {processor.py:914} INFO - Processing file /home/airflow/.local/lib/python3.12/site-packages/airflow/example_dags/example_complex.py for tasks to queue
[2025-02-04T14:10:08.323+0000] {logging_mixin.py:190} INFO - [2025-02-04T14:10:08.322+0000] {dagbag.py:588} INFO - Filling up the DagBag from /home/airflow/.local/lib/python3.12/site-packages/airflow/example_dags/example_complex.py
[2025-02-04T14:10:08.342+0000] {processor.py:925} INFO - DAG(s) 'example_complex' retrieved from /home/airflow/.local/lib/python3.12/site-packages/airflow/example_dags/example_complex.py
[2025-02-04T14:10:08.398+0000] {logging_mixin.py:190} INFO - [2025-02-04T14:10:08.398+0000] {dag.py:3239} INFO - Sync 1 DAGs
[2025-02-04T14:10:08.418+0000] {logging_mixin.py:190} INFO - [2025-02-04T14:10:08.418+0000] {dag.py:4180} INFO - Setting next_dagrun for example_complex to None, run_after=None
[2025-02-04T14:10:08.449+0000] {processor.py:208} INFO - Processing /home/airflow/.local/lib/python3.12/site-packages/airflow/example_dags/example_complex.py took 0.145 seconds
[2025-02-04T14:10:53.078+0000] {processor.py:186} INFO - Started process (PID=447) to work on /home/airflow/.local/lib/python3.12/site-packages/airflow/example_dags/example_complex.py
[2025-02-04T14:10:53.081+0000] {processor.py:914} INFO - Processing file /home/airflow/.local/lib/python3.12/site-packages/airflow/example_dags/example_complex.py for tasks to queue
[2025-02-04T14:10:53.096+0000] {logging_mixin.py:190} INFO - [2025-02-04T14:10:53.086+0000] {dagbag.py:588} INFO - Filling up the DagBag from /home/airflow/.local/lib/python3.12/site-packages/airflow/example_dags/example_complex.py
[2025-02-04T14:10:53.177+0000] {processor.py:925} INFO - DAG(s) 'example_complex' retrieved from /home/airflow/.local/lib/python3.12/site-packages/airflow/example_dags/example_complex.py
[2025-02-04T14:10:53.402+0000] {logging_mixin.py:190} INFO - [2025-02-04T14:10:53.401+0000] {dag.py:3239} INFO - Sync 1 DAGs
[2025-02-04T14:10:53.474+0000] {logging_mixin.py:190} INFO - [2025-02-04T14:10:53.474+0000] {dag.py:4180} INFO - Setting next_dagrun for example_complex to None, run_after=None
[2025-02-04T14:10:53.538+0000] {processor.py:208} INFO - Processing /home/airflow/.local/lib/python3.12/site-packages/airflow/example_dags/example_complex.py took 0.494 seconds
[2025-02-04T14:11:31.591+0000] {processor.py:186} INFO - Started process (PID=515) to work on /home/airflow/.local/lib/python3.12/site-packages/airflow/example_dags/example_complex.py
[2025-02-04T14:11:31.599+0000] {processor.py:914} INFO - Processing file /home/airflow/.local/lib/python3.12/site-packages/airflow/example_dags/example_complex.py for tasks to queue
[2025-02-04T14:11:31.622+0000] {logging_mixin.py:190} INFO - [2025-02-04T14:11:31.621+0000] {dagbag.py:588} INFO - Filling up the DagBag from /home/airflow/.local/lib/python3.12/site-packages/airflow/example_dags/example_complex.py
[2025-02-04T14:11:31.667+0000] {processor.py:925} INFO - DAG(s) 'example_complex' retrieved from /home/airflow/.local/lib/python3.12/site-packages/airflow/example_dags/example_complex.py
[2025-02-04T14:11:31.945+0000] {logging_mixin.py:190} INFO - [2025-02-04T14:11:31.944+0000] {dag.py:3239} INFO - Sync 1 DAGs
[2025-02-04T14:11:32.081+0000] {logging_mixin.py:190} INFO - [2025-02-04T14:11:32.080+0000] {dag.py:4180} INFO - Setting next_dagrun for example_complex to None, run_after=None
[2025-02-04T14:11:32.234+0000] {processor.py:208} INFO - Processing /home/airflow/.local/lib/python3.12/site-packages/airflow/example_dags/example_complex.py took 0.665 seconds
[2025-02-04T14:18:44.095+0000] {processor.py:186} INFO - Started process (PID=109) to work on /home/airflow/.local/lib/python3.12/site-packages/airflow/example_dags/example_complex.py
[2025-02-04T14:18:44.098+0000] {processor.py:914} INFO - Processing file /home/airflow/.local/lib/python3.12/site-packages/airflow/example_dags/example_complex.py for tasks to queue
[2025-02-04T14:18:44.102+0000] {logging_mixin.py:190} INFO - [2025-02-04T14:18:44.102+0000] {dagbag.py:588} INFO - Filling up the DagBag from /home/airflow/.local/lib/python3.12/site-packages/airflow/example_dags/example_complex.py
[2025-02-04T14:18:44.132+0000] {processor.py:925} INFO - DAG(s) 'example_complex' retrieved from /home/airflow/.local/lib/python3.12/site-packages/airflow/example_dags/example_complex.py
[2025-02-04T14:18:44.194+0000] {logging_mixin.py:190} INFO - [2025-02-04T14:18:44.193+0000] {dag.py:3239} INFO - Sync 1 DAGs
[2025-02-04T14:18:44.221+0000] {logging_mixin.py:190} INFO - [2025-02-04T14:18:44.221+0000] {dag.py:4180} INFO - Setting next_dagrun for example_complex to None, run_after=None
[2025-02-04T14:18:44.259+0000] {processor.py:208} INFO - Processing /home/airflow/.local/lib/python3.12/site-packages/airflow/example_dags/example_complex.py took 0.177 seconds
[2025-02-04T14:19:15.771+0000] {processor.py:186} INFO - Started process (PID=173) to work on /home/airflow/.local/lib/python3.12/site-packages/airflow/example_dags/example_complex.py
[2025-02-04T14:19:15.774+0000] {processor.py:914} INFO - Processing file /home/airflow/.local/lib/python3.12/site-packages/airflow/example_dags/example_complex.py for tasks to queue
[2025-02-04T14:19:15.792+0000] {logging_mixin.py:190} INFO - [2025-02-04T14:19:15.790+0000] {dagbag.py:588} INFO - Filling up the DagBag from /home/airflow/.local/lib/python3.12/site-packages/airflow/example_dags/example_complex.py
[2025-02-04T14:19:15.836+0000] {processor.py:925} INFO - DAG(s) 'example_complex' retrieved from /home/airflow/.local/lib/python3.12/site-packages/airflow/example_dags/example_complex.py
[2025-02-04T14:19:16.031+0000] {logging_mixin.py:190} INFO - [2025-02-04T14:19:16.030+0000] {dag.py:3239} INFO - Sync 1 DAGs
[2025-02-04T14:19:16.082+0000] {logging_mixin.py:190} INFO - [2025-02-04T14:19:16.082+0000] {dag.py:4180} INFO - Setting next_dagrun for example_complex to None, run_after=None
[2025-02-04T14:19:16.126+0000] {processor.py:208} INFO - Processing /home/airflow/.local/lib/python3.12/site-packages/airflow/example_dags/example_complex.py took 0.370 seconds
[2025-02-04T14:19:47.129+0000] {processor.py:186} INFO - Started process (PID=246) to work on /home/airflow/.local/lib/python3.12/site-packages/airflow/example_dags/example_complex.py
[2025-02-04T14:19:47.131+0000] {processor.py:914} INFO - Processing file /home/airflow/.local/lib/python3.12/site-packages/airflow/example_dags/example_complex.py for tasks to queue
[2025-02-04T14:19:47.134+0000] {logging_mixin.py:190} INFO - [2025-02-04T14:19:47.133+0000] {dagbag.py:588} INFO - Filling up the DagBag from /home/airflow/.local/lib/python3.12/site-packages/airflow/example_dags/example_complex.py
[2025-02-04T14:19:47.154+0000] {processor.py:925} INFO - DAG(s) 'example_complex' retrieved from /home/airflow/.local/lib/python3.12/site-packages/airflow/example_dags/example_complex.py
[2025-02-04T14:19:47.204+0000] {logging_mixin.py:190} INFO - [2025-02-04T14:19:47.204+0000] {dag.py:3239} INFO - Sync 1 DAGs
[2025-02-04T14:19:47.240+0000] {logging_mixin.py:190} INFO - [2025-02-04T14:19:47.239+0000] {dag.py:4180} INFO - Setting next_dagrun for example_complex to None, run_after=None
[2025-02-04T14:19:47.281+0000] {processor.py:208} INFO - Processing /home/airflow/.local/lib/python3.12/site-packages/airflow/example_dags/example_complex.py took 0.163 seconds
[2025-02-04T14:20:17.767+0000] {processor.py:186} INFO - Started process (PID=313) to work on /home/airflow/.local/lib/python3.12/site-packages/airflow/example_dags/example_complex.py
[2025-02-04T14:20:17.769+0000] {processor.py:914} INFO - Processing file /home/airflow/.local/lib/python3.12/site-packages/airflow/example_dags/example_complex.py for tasks to queue
[2025-02-04T14:20:17.771+0000] {logging_mixin.py:190} INFO - [2025-02-04T14:20:17.770+0000] {dagbag.py:588} INFO - Filling up the DagBag from /home/airflow/.local/lib/python3.12/site-packages/airflow/example_dags/example_complex.py
[2025-02-04T14:20:17.797+0000] {processor.py:925} INFO - DAG(s) 'example_complex' retrieved from /home/airflow/.local/lib/python3.12/site-packages/airflow/example_dags/example_complex.py
[2025-02-04T14:20:17.862+0000] {logging_mixin.py:190} INFO - [2025-02-04T14:20:17.862+0000] {dag.py:3239} INFO - Sync 1 DAGs
[2025-02-04T14:20:17.888+0000] {logging_mixin.py:190} INFO - [2025-02-04T14:20:17.888+0000] {dag.py:4180} INFO - Setting next_dagrun for example_complex to None, run_after=None
[2025-02-04T14:20:17.927+0000] {processor.py:208} INFO - Processing /home/airflow/.local/lib/python3.12/site-packages/airflow/example_dags/example_complex.py took 0.173 seconds
[2025-02-04T14:20:54.922+0000] {processor.py:186} INFO - Started process (PID=385) to work on /home/airflow/.local/lib/python3.12/site-packages/airflow/example_dags/example_complex.py
[2025-02-04T14:20:54.924+0000] {processor.py:914} INFO - Processing file /home/airflow/.local/lib/python3.12/site-packages/airflow/example_dags/example_complex.py for tasks to queue
[2025-02-04T14:20:54.926+0000] {logging_mixin.py:190} INFO - [2025-02-04T14:20:54.926+0000] {dagbag.py:588} INFO - Filling up the DagBag from /home/airflow/.local/lib/python3.12/site-packages/airflow/example_dags/example_complex.py
[2025-02-04T14:20:54.952+0000] {processor.py:925} INFO - DAG(s) 'example_complex' retrieved from /home/airflow/.local/lib/python3.12/site-packages/airflow/example_dags/example_complex.py
[2025-02-04T14:20:55.008+0000] {logging_mixin.py:190} INFO - [2025-02-04T14:20:55.007+0000] {dag.py:3239} INFO - Sync 1 DAGs
[2025-02-04T14:20:55.032+0000] {logging_mixin.py:190} INFO - [2025-02-04T14:20:55.032+0000] {dag.py:4180} INFO - Setting next_dagrun for example_complex to None, run_after=None
[2025-02-04T14:20:55.060+0000] {processor.py:208} INFO - Processing /home/airflow/.local/lib/python3.12/site-packages/airflow/example_dags/example_complex.py took 0.147 seconds
[2025-02-04T14:21:26.060+0000] {processor.py:186} INFO - Started process (PID=456) to work on /home/airflow/.local/lib/python3.12/site-packages/airflow/example_dags/example_complex.py
[2025-02-04T14:21:26.062+0000] {processor.py:914} INFO - Processing file /home/airflow/.local/lib/python3.12/site-packages/airflow/example_dags/example_complex.py for tasks to queue
[2025-02-04T14:21:26.071+0000] {logging_mixin.py:190} INFO - [2025-02-04T14:21:26.064+0000] {dagbag.py:588} INFO - Filling up the DagBag from /home/airflow/.local/lib/python3.12/site-packages/airflow/example_dags/example_complex.py
[2025-02-04T14:21:26.104+0000] {processor.py:925} INFO - DAG(s) 'example_complex' retrieved from /home/airflow/.local/lib/python3.12/site-packages/airflow/example_dags/example_complex.py
[2025-02-04T14:21:26.198+0000] {logging_mixin.py:190} INFO - [2025-02-04T14:21:26.198+0000] {dag.py:3239} INFO - Sync 1 DAGs
[2025-02-04T14:21:26.235+0000] {logging_mixin.py:190} INFO - [2025-02-04T14:21:26.235+0000] {dag.py:4180} INFO - Setting next_dagrun for example_complex to None, run_after=None
[2025-02-04T14:21:26.276+0000] {processor.py:208} INFO - Processing /home/airflow/.local/lib/python3.12/site-packages/airflow/example_dags/example_complex.py took 0.226 seconds
[2025-02-04T14:21:57.652+0000] {processor.py:186} INFO - Started process (PID=521) to work on /home/airflow/.local/lib/python3.12/site-packages/airflow/example_dags/example_complex.py
[2025-02-04T14:21:57.655+0000] {processor.py:914} INFO - Processing file /home/airflow/.local/lib/python3.12/site-packages/airflow/example_dags/example_complex.py for tasks to queue
[2025-02-04T14:21:57.658+0000] {logging_mixin.py:190} INFO - [2025-02-04T14:21:57.657+0000] {dagbag.py:588} INFO - Filling up the DagBag from /home/airflow/.local/lib/python3.12/site-packages/airflow/example_dags/example_complex.py
[2025-02-04T14:21:57.702+0000] {processor.py:925} INFO - DAG(s) 'example_complex' retrieved from /home/airflow/.local/lib/python3.12/site-packages/airflow/example_dags/example_complex.py
[2025-02-04T14:21:57.796+0000] {logging_mixin.py:190} INFO - [2025-02-04T14:21:57.795+0000] {dag.py:3239} INFO - Sync 1 DAGs
[2025-02-04T14:21:57.843+0000] {logging_mixin.py:190} INFO - [2025-02-04T14:21:57.843+0000] {dag.py:4180} INFO - Setting next_dagrun for example_complex to None, run_after=None
[2025-02-04T14:21:57.895+0000] {processor.py:208} INFO - Processing /home/airflow/.local/lib/python3.12/site-packages/airflow/example_dags/example_complex.py took 0.261 seconds
[2025-02-04T14:22:30.378+0000] {processor.py:186} INFO - Started process (PID=594) to work on /home/airflow/.local/lib/python3.12/site-packages/airflow/example_dags/example_complex.py
[2025-02-04T14:22:30.381+0000] {processor.py:914} INFO - Processing file /home/airflow/.local/lib/python3.12/site-packages/airflow/example_dags/example_complex.py for tasks to queue
[2025-02-04T14:22:30.386+0000] {logging_mixin.py:190} INFO - [2025-02-04T14:22:30.385+0000] {dagbag.py:588} INFO - Filling up the DagBag from /home/airflow/.local/lib/python3.12/site-packages/airflow/example_dags/example_complex.py
[2025-02-04T14:22:30.425+0000] {processor.py:925} INFO - DAG(s) 'example_complex' retrieved from /home/airflow/.local/lib/python3.12/site-packages/airflow/example_dags/example_complex.py
[2025-02-04T14:22:30.587+0000] {logging_mixin.py:190} INFO - [2025-02-04T14:22:30.586+0000] {dag.py:3239} INFO - Sync 1 DAGs
[2025-02-04T14:22:30.657+0000] {logging_mixin.py:190} INFO - [2025-02-04T14:22:30.656+0000] {dag.py:4180} INFO - Setting next_dagrun for example_complex to None, run_after=None
[2025-02-04T14:22:30.720+0000] {processor.py:208} INFO - Processing /home/airflow/.local/lib/python3.12/site-packages/airflow/example_dags/example_complex.py took 0.358 seconds
[2025-02-04T14:23:01.123+0000] {processor.py:186} INFO - Started process (PID=662) to work on /home/airflow/.local/lib/python3.12/site-packages/airflow/example_dags/example_complex.py
[2025-02-04T14:23:01.151+0000] {processor.py:914} INFO - Processing file /home/airflow/.local/lib/python3.12/site-packages/airflow/example_dags/example_complex.py for tasks to queue
[2025-02-04T14:23:01.155+0000] {logging_mixin.py:190} INFO - [2025-02-04T14:23:01.155+0000] {dagbag.py:588} INFO - Filling up the DagBag from /home/airflow/.local/lib/python3.12/site-packages/airflow/example_dags/example_complex.py
[2025-02-04T14:23:01.190+0000] {processor.py:925} INFO - DAG(s) 'example_complex' retrieved from /home/airflow/.local/lib/python3.12/site-packages/airflow/example_dags/example_complex.py
[2025-02-04T14:23:01.292+0000] {logging_mixin.py:190} INFO - [2025-02-04T14:23:01.292+0000] {dag.py:3239} INFO - Sync 1 DAGs
[2025-02-04T14:23:01.323+0000] {logging_mixin.py:190} INFO - [2025-02-04T14:23:01.323+0000] {dag.py:4180} INFO - Setting next_dagrun for example_complex to None, run_after=None
[2025-02-04T14:23:01.394+0000] {processor.py:208} INFO - Processing /home/airflow/.local/lib/python3.12/site-packages/airflow/example_dags/example_complex.py took 0.284 seconds
[2025-02-04T14:23:31.927+0000] {processor.py:186} INFO - Started process (PID=726) to work on /home/airflow/.local/lib/python3.12/site-packages/airflow/example_dags/example_complex.py
[2025-02-04T14:23:31.929+0000] {processor.py:914} INFO - Processing file /home/airflow/.local/lib/python3.12/site-packages/airflow/example_dags/example_complex.py for tasks to queue
[2025-02-04T14:23:31.931+0000] {logging_mixin.py:190} INFO - [2025-02-04T14:23:31.930+0000] {dagbag.py:588} INFO - Filling up the DagBag from /home/airflow/.local/lib/python3.12/site-packages/airflow/example_dags/example_complex.py
[2025-02-04T14:23:31.955+0000] {processor.py:925} INFO - DAG(s) 'example_complex' retrieved from /home/airflow/.local/lib/python3.12/site-packages/airflow/example_dags/example_complex.py
[2025-02-04T14:23:32.017+0000] {logging_mixin.py:190} INFO - [2025-02-04T14:23:32.017+0000] {dag.py:3239} INFO - Sync 1 DAGs
[2025-02-04T14:23:32.044+0000] {logging_mixin.py:190} INFO - [2025-02-04T14:23:32.044+0000] {dag.py:4180} INFO - Setting next_dagrun for example_complex to None, run_after=None
[2025-02-04T14:23:32.077+0000] {processor.py:208} INFO - Processing /home/airflow/.local/lib/python3.12/site-packages/airflow/example_dags/example_complex.py took 0.160 seconds
[2025-02-04T14:24:03.237+0000] {processor.py:186} INFO - Started process (PID=790) to work on /home/airflow/.local/lib/python3.12/site-packages/airflow/example_dags/example_complex.py
[2025-02-04T14:24:03.239+0000] {processor.py:914} INFO - Processing file /home/airflow/.local/lib/python3.12/site-packages/airflow/example_dags/example_complex.py for tasks to queue
[2025-02-04T14:24:03.243+0000] {logging_mixin.py:190} INFO - [2025-02-04T14:24:03.242+0000] {dagbag.py:588} INFO - Filling up the DagBag from /home/airflow/.local/lib/python3.12/site-packages/airflow/example_dags/example_complex.py
[2025-02-04T14:24:03.272+0000] {processor.py:925} INFO - DAG(s) 'example_complex' retrieved from /home/airflow/.local/lib/python3.12/site-packages/airflow/example_dags/example_complex.py
[2025-02-04T14:24:03.339+0000] {logging_mixin.py:190} INFO - [2025-02-04T14:24:03.338+0000] {dag.py:3239} INFO - Sync 1 DAGs
[2025-02-04T14:24:03.368+0000] {logging_mixin.py:190} INFO - [2025-02-04T14:24:03.367+0000] {dag.py:4180} INFO - Setting next_dagrun for example_complex to None, run_after=None
[2025-02-04T14:24:03.400+0000] {processor.py:208} INFO - Processing /home/airflow/.local/lib/python3.12/site-packages/airflow/example_dags/example_complex.py took 0.174 seconds
[2025-02-04T14:32:58.331+0000] {processor.py:186} INFO - Started process (PID=127) to work on /home/airflow/.local/lib/python3.12/site-packages/airflow/example_dags/example_complex.py
[2025-02-04T14:32:58.334+0000] {processor.py:914} INFO - Processing file /home/airflow/.local/lib/python3.12/site-packages/airflow/example_dags/example_complex.py for tasks to queue
[2025-02-04T14:32:58.338+0000] {logging_mixin.py:190} INFO - [2025-02-04T14:32:58.338+0000] {dagbag.py:588} INFO - Filling up the DagBag from /home/airflow/.local/lib/python3.12/site-packages/airflow/example_dags/example_complex.py
[2025-02-04T14:32:58.366+0000] {processor.py:925} INFO - DAG(s) 'example_complex' retrieved from /home/airflow/.local/lib/python3.12/site-packages/airflow/example_dags/example_complex.py
[2025-02-04T14:32:58.624+0000] {logging_mixin.py:190} INFO - [2025-02-04T14:32:58.622+0000] {override.py:1911} INFO - Created Permission View: can delete on DAG:example_complex
[2025-02-04T14:32:58.656+0000] {logging_mixin.py:190} INFO - [2025-02-04T14:32:58.655+0000] {override.py:1911} INFO - Created Permission View: can read on DAG:example_complex
[2025-02-04T14:32:58.680+0000] {logging_mixin.py:190} INFO - [2025-02-04T14:32:58.679+0000] {override.py:1911} INFO - Created Permission View: can edit on DAG:example_complex
[2025-02-04T14:32:58.701+0000] {logging_mixin.py:190} INFO - [2025-02-04T14:32:58.700+0000] {override.py:1911} INFO - Created Permission View: can create on DAG Run:example_complex
[2025-02-04T14:32:58.719+0000] {logging_mixin.py:190} INFO - [2025-02-04T14:32:58.719+0000] {override.py:1911} INFO - Created Permission View: can delete on DAG Run:example_complex
[2025-02-04T14:32:58.739+0000] {logging_mixin.py:190} INFO - [2025-02-04T14:32:58.738+0000] {override.py:1911} INFO - Created Permission View: can read on DAG Run:example_complex
[2025-02-04T14:32:58.759+0000] {logging_mixin.py:190} INFO - [2025-02-04T14:32:58.759+0000] {override.py:1911} INFO - Created Permission View: menu access on DAG Run:example_complex
[2025-02-04T14:32:58.761+0000] {logging_mixin.py:190} INFO - [2025-02-04T14:32:58.761+0000] {dag.py:3239} INFO - Sync 1 DAGs
[2025-02-04T14:32:58.790+0000] {logging_mixin.py:190} INFO - [2025-02-04T14:32:58.789+0000] {dag.py:3262} INFO - Creating ORM DAG for example_complex
[2025-02-04T14:32:58.792+0000] {logging_mixin.py:190} INFO - [2025-02-04T14:32:58.792+0000] {dag.py:4180} INFO - Setting next_dagrun for example_complex to None, run_after=None
[2025-02-04T14:32:58.863+0000] {processor.py:208} INFO - Processing /home/airflow/.local/lib/python3.12/site-packages/airflow/example_dags/example_complex.py took 0.551 seconds
[2025-02-04T14:33:29.489+0000] {processor.py:186} INFO - Started process (PID=191) to work on /home/airflow/.local/lib/python3.12/site-packages/airflow/example_dags/example_complex.py
[2025-02-04T14:33:29.492+0000] {processor.py:914} INFO - Processing file /home/airflow/.local/lib/python3.12/site-packages/airflow/example_dags/example_complex.py for tasks to queue
[2025-02-04T14:33:29.497+0000] {logging_mixin.py:190} INFO - [2025-02-04T14:33:29.496+0000] {dagbag.py:588} INFO - Filling up the DagBag from /home/airflow/.local/lib/python3.12/site-packages/airflow/example_dags/example_complex.py
[2025-02-04T14:33:29.532+0000] {processor.py:925} INFO - DAG(s) 'example_complex' retrieved from /home/airflow/.local/lib/python3.12/site-packages/airflow/example_dags/example_complex.py
[2025-02-04T14:33:29.612+0000] {logging_mixin.py:190} INFO - [2025-02-04T14:33:29.611+0000] {dag.py:3239} INFO - Sync 1 DAGs
[2025-02-04T14:33:29.639+0000] {logging_mixin.py:190} INFO - [2025-02-04T14:33:29.639+0000] {dag.py:4180} INFO - Setting next_dagrun for example_complex to None, run_after=None
[2025-02-04T14:33:29.679+0000] {processor.py:208} INFO - Processing /home/airflow/.local/lib/python3.12/site-packages/airflow/example_dags/example_complex.py took 0.201 seconds
[2025-02-04T14:34:00.704+0000] {processor.py:186} INFO - Started process (PID=255) to work on /home/airflow/.local/lib/python3.12/site-packages/airflow/example_dags/example_complex.py
[2025-02-04T14:34:00.707+0000] {processor.py:914} INFO - Processing file /home/airflow/.local/lib/python3.12/site-packages/airflow/example_dags/example_complex.py for tasks to queue
[2025-02-04T14:34:00.712+0000] {logging_mixin.py:190} INFO - [2025-02-04T14:34:00.711+0000] {dagbag.py:588} INFO - Filling up the DagBag from /home/airflow/.local/lib/python3.12/site-packages/airflow/example_dags/example_complex.py
[2025-02-04T14:34:00.749+0000] {processor.py:925} INFO - DAG(s) 'example_complex' retrieved from /home/airflow/.local/lib/python3.12/site-packages/airflow/example_dags/example_complex.py
[2025-02-04T14:34:00.835+0000] {logging_mixin.py:190} INFO - [2025-02-04T14:34:00.834+0000] {dag.py:3239} INFO - Sync 1 DAGs
[2025-02-04T14:34:00.907+0000] {logging_mixin.py:190} INFO - [2025-02-04T14:34:00.906+0000] {dag.py:4180} INFO - Setting next_dagrun for example_complex to None, run_after=None
[2025-02-04T14:34:00.979+0000] {processor.py:208} INFO - Processing /home/airflow/.local/lib/python3.12/site-packages/airflow/example_dags/example_complex.py took 0.288 seconds
[2025-02-04T14:34:31.845+0000] {processor.py:186} INFO - Started process (PID=318) to work on /home/airflow/.local/lib/python3.12/site-packages/airflow/example_dags/example_complex.py
[2025-02-04T14:34:31.849+0000] {processor.py:914} INFO - Processing file /home/airflow/.local/lib/python3.12/site-packages/airflow/example_dags/example_complex.py for tasks to queue
[2025-02-04T14:34:31.854+0000] {logging_mixin.py:190} INFO - [2025-02-04T14:34:31.853+0000] {dagbag.py:588} INFO - Filling up the DagBag from /home/airflow/.local/lib/python3.12/site-packages/airflow/example_dags/example_complex.py
[2025-02-04T14:34:31.891+0000] {processor.py:925} INFO - DAG(s) 'example_complex' retrieved from /home/airflow/.local/lib/python3.12/site-packages/airflow/example_dags/example_complex.py
[2025-02-04T14:34:31.985+0000] {logging_mixin.py:190} INFO - [2025-02-04T14:34:31.985+0000] {dag.py:3239} INFO - Sync 1 DAGs
[2025-02-04T14:34:32.020+0000] {logging_mixin.py:190} INFO - [2025-02-04T14:34:32.019+0000] {dag.py:4180} INFO - Setting next_dagrun for example_complex to None, run_after=None
[2025-02-04T14:34:32.055+0000] {processor.py:208} INFO - Processing /home/airflow/.local/lib/python3.12/site-packages/airflow/example_dags/example_complex.py took 0.232 seconds
[2025-02-04T14:35:02.748+0000] {processor.py:186} INFO - Started process (PID=382) to work on /home/airflow/.local/lib/python3.12/site-packages/airflow/example_dags/example_complex.py
[2025-02-04T14:35:02.750+0000] {processor.py:914} INFO - Processing file /home/airflow/.local/lib/python3.12/site-packages/airflow/example_dags/example_complex.py for tasks to queue
[2025-02-04T14:35:02.755+0000] {logging_mixin.py:190} INFO - [2025-02-04T14:35:02.754+0000] {dagbag.py:588} INFO - Filling up the DagBag from /home/airflow/.local/lib/python3.12/site-packages/airflow/example_dags/example_complex.py
[2025-02-04T14:35:02.783+0000] {processor.py:925} INFO - DAG(s) 'example_complex' retrieved from /home/airflow/.local/lib/python3.12/site-packages/airflow/example_dags/example_complex.py
[2025-02-04T14:35:02.861+0000] {logging_mixin.py:190} INFO - [2025-02-04T14:35:02.860+0000] {dag.py:3239} INFO - Sync 1 DAGs
[2025-02-04T14:35:02.893+0000] {logging_mixin.py:190} INFO - [2025-02-04T14:35:02.893+0000] {dag.py:4180} INFO - Setting next_dagrun for example_complex to None, run_after=None
[2025-02-04T14:35:02.935+0000] {processor.py:208} INFO - Processing /home/airflow/.local/lib/python3.12/site-packages/airflow/example_dags/example_complex.py took 0.202 seconds
[2025-02-04T14:35:33.674+0000] {processor.py:186} INFO - Started process (PID=446) to work on /home/airflow/.local/lib/python3.12/site-packages/airflow/example_dags/example_complex.py
[2025-02-04T14:35:33.676+0000] {processor.py:914} INFO - Processing file /home/airflow/.local/lib/python3.12/site-packages/airflow/example_dags/example_complex.py for tasks to queue
[2025-02-04T14:35:33.681+0000] {logging_mixin.py:190} INFO - [2025-02-04T14:35:33.680+0000] {dagbag.py:588} INFO - Filling up the DagBag from /home/airflow/.local/lib/python3.12/site-packages/airflow/example_dags/example_complex.py
[2025-02-04T14:35:33.703+0000] {processor.py:925} INFO - DAG(s) 'example_complex' retrieved from /home/airflow/.local/lib/python3.12/site-packages/airflow/example_dags/example_complex.py
[2025-02-04T14:35:33.774+0000] {logging_mixin.py:190} INFO - [2025-02-04T14:35:33.774+0000] {dag.py:3239} INFO - Sync 1 DAGs
[2025-02-04T14:35:33.832+0000] {logging_mixin.py:190} INFO - [2025-02-04T14:35:33.832+0000] {dag.py:4180} INFO - Setting next_dagrun for example_complex to None, run_after=None
[2025-02-04T14:35:33.867+0000] {processor.py:208} INFO - Processing /home/airflow/.local/lib/python3.12/site-packages/airflow/example_dags/example_complex.py took 0.203 seconds
[2025-02-04T14:36:04.577+0000] {processor.py:186} INFO - Started process (PID=509) to work on /home/airflow/.local/lib/python3.12/site-packages/airflow/example_dags/example_complex.py
[2025-02-04T14:36:04.580+0000] {processor.py:914} INFO - Processing file /home/airflow/.local/lib/python3.12/site-packages/airflow/example_dags/example_complex.py for tasks to queue
[2025-02-04T14:36:04.585+0000] {logging_mixin.py:190} INFO - [2025-02-04T14:36:04.585+0000] {dagbag.py:588} INFO - Filling up the DagBag from /home/airflow/.local/lib/python3.12/site-packages/airflow/example_dags/example_complex.py
[2025-02-04T14:36:04.613+0000] {processor.py:925} INFO - DAG(s) 'example_complex' retrieved from /home/airflow/.local/lib/python3.12/site-packages/airflow/example_dags/example_complex.py
[2025-02-04T14:36:04.691+0000] {logging_mixin.py:190} INFO - [2025-02-04T14:36:04.691+0000] {dag.py:3239} INFO - Sync 1 DAGs
[2025-02-04T14:36:04.721+0000] {logging_mixin.py:190} INFO - [2025-02-04T14:36:04.721+0000] {dag.py:4180} INFO - Setting next_dagrun for example_complex to None, run_after=None
[2025-02-04T14:36:04.766+0000] {processor.py:208} INFO - Processing /home/airflow/.local/lib/python3.12/site-packages/airflow/example_dags/example_complex.py took 0.200 seconds
[2025-02-04T14:36:46.216+0000] {processor.py:186} INFO - Started process (PID=573) to work on /home/airflow/.local/lib/python3.12/site-packages/airflow/example_dags/example_complex.py
[2025-02-04T14:36:46.218+0000] {processor.py:914} INFO - Processing file /home/airflow/.local/lib/python3.12/site-packages/airflow/example_dags/example_complex.py for tasks to queue
[2025-02-04T14:36:46.222+0000] {logging_mixin.py:190} INFO - [2025-02-04T14:36:46.222+0000] {dagbag.py:588} INFO - Filling up the DagBag from /home/airflow/.local/lib/python3.12/site-packages/airflow/example_dags/example_complex.py
[2025-02-04T14:36:46.243+0000] {processor.py:925} INFO - DAG(s) 'example_complex' retrieved from /home/airflow/.local/lib/python3.12/site-packages/airflow/example_dags/example_complex.py
[2025-02-04T14:36:46.303+0000] {logging_mixin.py:190} INFO - [2025-02-04T14:36:46.303+0000] {dag.py:3239} INFO - Sync 1 DAGs
[2025-02-04T14:36:46.336+0000] {logging_mixin.py:190} INFO - [2025-02-04T14:36:46.336+0000] {dag.py:4180} INFO - Setting next_dagrun for example_complex to None, run_after=None
[2025-02-04T14:36:46.367+0000] {processor.py:208} INFO - Processing /home/airflow/.local/lib/python3.12/site-packages/airflow/example_dags/example_complex.py took 0.161 seconds
[2025-02-04T14:37:18.058+0000] {processor.py:186} INFO - Started process (PID=641) to work on /home/airflow/.local/lib/python3.12/site-packages/airflow/example_dags/example_complex.py
[2025-02-04T14:37:18.060+0000] {processor.py:914} INFO - Processing file /home/airflow/.local/lib/python3.12/site-packages/airflow/example_dags/example_complex.py for tasks to queue
[2025-02-04T14:37:18.064+0000] {logging_mixin.py:190} INFO - [2025-02-04T14:37:18.063+0000] {dagbag.py:588} INFO - Filling up the DagBag from /home/airflow/.local/lib/python3.12/site-packages/airflow/example_dags/example_complex.py
[2025-02-04T14:37:18.085+0000] {processor.py:925} INFO - DAG(s) 'example_complex' retrieved from /home/airflow/.local/lib/python3.12/site-packages/airflow/example_dags/example_complex.py
[2025-02-04T14:37:18.138+0000] {logging_mixin.py:190} INFO - [2025-02-04T14:37:18.138+0000] {dag.py:3239} INFO - Sync 1 DAGs
[2025-02-04T14:37:18.166+0000] {logging_mixin.py:190} INFO - [2025-02-04T14:37:18.165+0000] {dag.py:4180} INFO - Setting next_dagrun for example_complex to None, run_after=None
[2025-02-04T14:37:18.197+0000] {processor.py:208} INFO - Processing /home/airflow/.local/lib/python3.12/site-packages/airflow/example_dags/example_complex.py took 0.149 seconds
[2025-02-04T14:37:54.001+0000] {processor.py:186} INFO - Started process (PID=712) to work on /home/airflow/.local/lib/python3.12/site-packages/airflow/example_dags/example_complex.py
[2025-02-04T14:37:54.004+0000] {processor.py:914} INFO - Processing file /home/airflow/.local/lib/python3.12/site-packages/airflow/example_dags/example_complex.py for tasks to queue
[2025-02-04T14:37:54.009+0000] {logging_mixin.py:190} INFO - [2025-02-04T14:37:54.008+0000] {dagbag.py:588} INFO - Filling up the DagBag from /home/airflow/.local/lib/python3.12/site-packages/airflow/example_dags/example_complex.py
[2025-02-04T14:37:54.036+0000] {processor.py:925} INFO - DAG(s) 'example_complex' retrieved from /home/airflow/.local/lib/python3.12/site-packages/airflow/example_dags/example_complex.py
[2025-02-04T14:37:54.134+0000] {logging_mixin.py:190} INFO - [2025-02-04T14:37:54.134+0000] {dag.py:3239} INFO - Sync 1 DAGs
[2025-02-04T14:37:54.193+0000] {logging_mixin.py:190} INFO - [2025-02-04T14:37:54.192+0000] {dag.py:4180} INFO - Setting next_dagrun for example_complex to None, run_after=None
[2025-02-04T14:37:54.271+0000] {processor.py:208} INFO - Processing /home/airflow/.local/lib/python3.12/site-packages/airflow/example_dags/example_complex.py took 0.282 seconds
[2025-02-04T14:38:24.886+0000] {processor.py:186} INFO - Started process (PID=776) to work on /home/airflow/.local/lib/python3.12/site-packages/airflow/example_dags/example_complex.py
[2025-02-04T14:38:24.888+0000] {processor.py:914} INFO - Processing file /home/airflow/.local/lib/python3.12/site-packages/airflow/example_dags/example_complex.py for tasks to queue
[2025-02-04T14:38:24.893+0000] {logging_mixin.py:190} INFO - [2025-02-04T14:38:24.892+0000] {dagbag.py:588} INFO - Filling up the DagBag from /home/airflow/.local/lib/python3.12/site-packages/airflow/example_dags/example_complex.py
[2025-02-04T14:38:24.922+0000] {processor.py:925} INFO - DAG(s) 'example_complex' retrieved from /home/airflow/.local/lib/python3.12/site-packages/airflow/example_dags/example_complex.py
[2025-02-04T14:38:25.009+0000] {logging_mixin.py:190} INFO - [2025-02-04T14:38:25.009+0000] {dag.py:3239} INFO - Sync 1 DAGs
[2025-02-04T14:38:25.049+0000] {logging_mixin.py:190} INFO - [2025-02-04T14:38:25.048+0000] {dag.py:4180} INFO - Setting next_dagrun for example_complex to None, run_after=None
[2025-02-04T14:38:25.103+0000] {processor.py:208} INFO - Processing /home/airflow/.local/lib/python3.12/site-packages/airflow/example_dags/example_complex.py took 0.229 seconds
[2025-02-04T14:38:59.059+0000] {processor.py:186} INFO - Started process (PID=841) to work on /home/airflow/.local/lib/python3.12/site-packages/airflow/example_dags/example_complex.py
[2025-02-04T14:38:59.061+0000] {processor.py:914} INFO - Processing file /home/airflow/.local/lib/python3.12/site-packages/airflow/example_dags/example_complex.py for tasks to queue
[2025-02-04T14:38:59.065+0000] {logging_mixin.py:190} INFO - [2025-02-04T14:38:59.064+0000] {dagbag.py:588} INFO - Filling up the DagBag from /home/airflow/.local/lib/python3.12/site-packages/airflow/example_dags/example_complex.py
[2025-02-04T14:38:59.092+0000] {processor.py:925} INFO - DAG(s) 'example_complex' retrieved from /home/airflow/.local/lib/python3.12/site-packages/airflow/example_dags/example_complex.py
[2025-02-04T14:38:59.161+0000] {logging_mixin.py:190} INFO - [2025-02-04T14:38:59.161+0000] {dag.py:3239} INFO - Sync 1 DAGs
[2025-02-04T14:38:59.188+0000] {logging_mixin.py:190} INFO - [2025-02-04T14:38:59.188+0000] {dag.py:4180} INFO - Setting next_dagrun for example_complex to None, run_after=None
[2025-02-04T14:38:59.235+0000] {processor.py:208} INFO - Processing /home/airflow/.local/lib/python3.12/site-packages/airflow/example_dags/example_complex.py took 0.187 seconds
[2025-02-04T14:39:29.632+0000] {processor.py:186} INFO - Started process (PID=905) to work on /home/airflow/.local/lib/python3.12/site-packages/airflow/example_dags/example_complex.py
[2025-02-04T14:39:29.634+0000] {processor.py:914} INFO - Processing file /home/airflow/.local/lib/python3.12/site-packages/airflow/example_dags/example_complex.py for tasks to queue
[2025-02-04T14:39:29.639+0000] {logging_mixin.py:190} INFO - [2025-02-04T14:39:29.638+0000] {dagbag.py:588} INFO - Filling up the DagBag from /home/airflow/.local/lib/python3.12/site-packages/airflow/example_dags/example_complex.py
[2025-02-04T14:39:29.674+0000] {processor.py:925} INFO - DAG(s) 'example_complex' retrieved from /home/airflow/.local/lib/python3.12/site-packages/airflow/example_dags/example_complex.py
[2025-02-04T14:39:29.767+0000] {logging_mixin.py:190} INFO - [2025-02-04T14:39:29.767+0000] {dag.py:3239} INFO - Sync 1 DAGs
[2025-02-04T14:39:29.806+0000] {logging_mixin.py:190} INFO - [2025-02-04T14:39:29.806+0000] {dag.py:4180} INFO - Setting next_dagrun for example_complex to None, run_after=None
[2025-02-04T14:39:29.890+0000] {processor.py:208} INFO - Processing /home/airflow/.local/lib/python3.12/site-packages/airflow/example_dags/example_complex.py took 0.277 seconds
[2025-02-04T14:40:02.117+0000] {processor.py:186} INFO - Started process (PID=970) to work on /home/airflow/.local/lib/python3.12/site-packages/airflow/example_dags/example_complex.py
[2025-02-04T14:40:02.119+0000] {processor.py:914} INFO - Processing file /home/airflow/.local/lib/python3.12/site-packages/airflow/example_dags/example_complex.py for tasks to queue
[2025-02-04T14:40:02.123+0000] {logging_mixin.py:190} INFO - [2025-02-04T14:40:02.122+0000] {dagbag.py:588} INFO - Filling up the DagBag from /home/airflow/.local/lib/python3.12/site-packages/airflow/example_dags/example_complex.py
[2025-02-04T14:40:02.145+0000] {processor.py:925} INFO - DAG(s) 'example_complex' retrieved from /home/airflow/.local/lib/python3.12/site-packages/airflow/example_dags/example_complex.py
[2025-02-04T14:40:02.207+0000] {logging_mixin.py:190} INFO - [2025-02-04T14:40:02.207+0000] {dag.py:3239} INFO - Sync 1 DAGs
[2025-02-04T14:40:02.258+0000] {logging_mixin.py:190} INFO - [2025-02-04T14:40:02.258+0000] {dag.py:4180} INFO - Setting next_dagrun for example_complex to None, run_after=None
[2025-02-04T14:40:02.346+0000] {processor.py:208} INFO - Processing /home/airflow/.local/lib/python3.12/site-packages/airflow/example_dags/example_complex.py took 0.240 seconds
[2025-02-04T14:40:35.204+0000] {processor.py:186} INFO - Started process (PID=1037) to work on /home/airflow/.local/lib/python3.12/site-packages/airflow/example_dags/example_complex.py
[2025-02-04T14:40:35.206+0000] {processor.py:914} INFO - Processing file /home/airflow/.local/lib/python3.12/site-packages/airflow/example_dags/example_complex.py for tasks to queue
[2025-02-04T14:40:35.211+0000] {logging_mixin.py:190} INFO - [2025-02-04T14:40:35.211+0000] {dagbag.py:588} INFO - Filling up the DagBag from /home/airflow/.local/lib/python3.12/site-packages/airflow/example_dags/example_complex.py
[2025-02-04T14:40:35.245+0000] {processor.py:925} INFO - DAG(s) 'example_complex' retrieved from /home/airflow/.local/lib/python3.12/site-packages/airflow/example_dags/example_complex.py
[2025-02-04T14:40:35.413+0000] {logging_mixin.py:190} INFO - [2025-02-04T14:40:35.412+0000] {dag.py:3239} INFO - Sync 1 DAGs
[2025-02-04T14:40:35.457+0000] {logging_mixin.py:190} INFO - [2025-02-04T14:40:35.457+0000] {dag.py:4180} INFO - Setting next_dagrun for example_complex to None, run_after=None
[2025-02-04T14:40:35.500+0000] {processor.py:208} INFO - Processing /home/airflow/.local/lib/python3.12/site-packages/airflow/example_dags/example_complex.py took 0.307 seconds
[2025-02-04T14:41:06.115+0000] {processor.py:186} INFO - Started process (PID=1101) to work on /home/airflow/.local/lib/python3.12/site-packages/airflow/example_dags/example_complex.py
[2025-02-04T14:41:06.117+0000] {processor.py:914} INFO - Processing file /home/airflow/.local/lib/python3.12/site-packages/airflow/example_dags/example_complex.py for tasks to queue
[2025-02-04T14:41:06.122+0000] {logging_mixin.py:190} INFO - [2025-02-04T14:41:06.121+0000] {dagbag.py:588} INFO - Filling up the DagBag from /home/airflow/.local/lib/python3.12/site-packages/airflow/example_dags/example_complex.py
[2025-02-04T14:41:06.153+0000] {processor.py:925} INFO - DAG(s) 'example_complex' retrieved from /home/airflow/.local/lib/python3.12/site-packages/airflow/example_dags/example_complex.py
[2025-02-04T14:41:06.232+0000] {logging_mixin.py:190} INFO - [2025-02-04T14:41:06.232+0000] {dag.py:3239} INFO - Sync 1 DAGs
[2025-02-04T14:41:06.268+0000] {logging_mixin.py:190} INFO - [2025-02-04T14:41:06.268+0000] {dag.py:4180} INFO - Setting next_dagrun for example_complex to None, run_after=None
[2025-02-04T14:41:06.315+0000] {processor.py:208} INFO - Processing /home/airflow/.local/lib/python3.12/site-packages/airflow/example_dags/example_complex.py took 0.211 seconds
[2025-02-04T14:41:39.718+0000] {processor.py:186} INFO - Started process (PID=1165) to work on /home/airflow/.local/lib/python3.12/site-packages/airflow/example_dags/example_complex.py
[2025-02-04T14:41:39.720+0000] {processor.py:914} INFO - Processing file /home/airflow/.local/lib/python3.12/site-packages/airflow/example_dags/example_complex.py for tasks to queue
[2025-02-04T14:41:39.727+0000] {logging_mixin.py:190} INFO - [2025-02-04T14:41:39.726+0000] {dagbag.py:588} INFO - Filling up the DagBag from /home/airflow/.local/lib/python3.12/site-packages/airflow/example_dags/example_complex.py
[2025-02-04T14:41:39.790+0000] {processor.py:925} INFO - DAG(s) 'example_complex' retrieved from /home/airflow/.local/lib/python3.12/site-packages/airflow/example_dags/example_complex.py
[2025-02-04T14:41:39.969+0000] {logging_mixin.py:190} INFO - [2025-02-04T14:41:39.965+0000] {dag.py:3239} INFO - Sync 1 DAGs
[2025-02-04T14:41:40.016+0000] {logging_mixin.py:190} INFO - [2025-02-04T14:41:40.015+0000] {dag.py:4180} INFO - Setting next_dagrun for example_complex to None, run_after=None
[2025-02-04T14:41:40.066+0000] {processor.py:208} INFO - Processing /home/airflow/.local/lib/python3.12/site-packages/airflow/example_dags/example_complex.py took 0.362 seconds
[2025-02-04T14:42:10.286+0000] {processor.py:186} INFO - Started process (PID=1229) to work on /home/airflow/.local/lib/python3.12/site-packages/airflow/example_dags/example_complex.py
[2025-02-04T14:42:10.288+0000] {processor.py:914} INFO - Processing file /home/airflow/.local/lib/python3.12/site-packages/airflow/example_dags/example_complex.py for tasks to queue
[2025-02-04T14:42:10.293+0000] {logging_mixin.py:190} INFO - [2025-02-04T14:42:10.292+0000] {dagbag.py:588} INFO - Filling up the DagBag from /home/airflow/.local/lib/python3.12/site-packages/airflow/example_dags/example_complex.py
[2025-02-04T14:42:10.313+0000] {processor.py:925} INFO - DAG(s) 'example_complex' retrieved from /home/airflow/.local/lib/python3.12/site-packages/airflow/example_dags/example_complex.py
[2025-02-04T14:42:10.379+0000] {logging_mixin.py:190} INFO - [2025-02-04T14:42:10.378+0000] {dag.py:3239} INFO - Sync 1 DAGs
[2025-02-04T14:42:10.404+0000] {logging_mixin.py:190} INFO - [2025-02-04T14:42:10.404+0000] {dag.py:4180} INFO - Setting next_dagrun for example_complex to None, run_after=None
[2025-02-04T14:42:10.448+0000] {processor.py:208} INFO - Processing /home/airflow/.local/lib/python3.12/site-packages/airflow/example_dags/example_complex.py took 0.177 seconds
[2025-02-04T14:42:41.564+0000] {processor.py:186} INFO - Started process (PID=1293) to work on /home/airflow/.local/lib/python3.12/site-packages/airflow/example_dags/example_complex.py
[2025-02-04T14:42:41.567+0000] {processor.py:914} INFO - Processing file /home/airflow/.local/lib/python3.12/site-packages/airflow/example_dags/example_complex.py for tasks to queue
[2025-02-04T14:42:41.575+0000] {logging_mixin.py:190} INFO - [2025-02-04T14:42:41.574+0000] {dagbag.py:588} INFO - Filling up the DagBag from /home/airflow/.local/lib/python3.12/site-packages/airflow/example_dags/example_complex.py
[2025-02-04T14:42:41.676+0000] {processor.py:925} INFO - DAG(s) 'example_complex' retrieved from /home/airflow/.local/lib/python3.12/site-packages/airflow/example_dags/example_complex.py
[2025-02-04T14:42:41.768+0000] {logging_mixin.py:190} INFO - [2025-02-04T14:42:41.768+0000] {dag.py:3239} INFO - Sync 1 DAGs
[2025-02-04T14:42:41.804+0000] {logging_mixin.py:190} INFO - [2025-02-04T14:42:41.804+0000] {dag.py:4180} INFO - Setting next_dagrun for example_complex to None, run_after=None
[2025-02-04T14:42:41.848+0000] {processor.py:208} INFO - Processing /home/airflow/.local/lib/python3.12/site-packages/airflow/example_dags/example_complex.py took 0.300 seconds
[2025-02-04T14:43:12.705+0000] {processor.py:186} INFO - Started process (PID=1356) to work on /home/airflow/.local/lib/python3.12/site-packages/airflow/example_dags/example_complex.py
[2025-02-04T14:43:12.706+0000] {processor.py:914} INFO - Processing file /home/airflow/.local/lib/python3.12/site-packages/airflow/example_dags/example_complex.py for tasks to queue
[2025-02-04T14:43:12.711+0000] {logging_mixin.py:190} INFO - [2025-02-04T14:43:12.710+0000] {dagbag.py:588} INFO - Filling up the DagBag from /home/airflow/.local/lib/python3.12/site-packages/airflow/example_dags/example_complex.py
[2025-02-04T14:43:12.733+0000] {processor.py:925} INFO - DAG(s) 'example_complex' retrieved from /home/airflow/.local/lib/python3.12/site-packages/airflow/example_dags/example_complex.py
[2025-02-04T14:43:12.794+0000] {logging_mixin.py:190} INFO - [2025-02-04T14:43:12.794+0000] {dag.py:3239} INFO - Sync 1 DAGs
[2025-02-04T14:43:12.819+0000] {logging_mixin.py:190} INFO - [2025-02-04T14:43:12.818+0000] {dag.py:4180} INFO - Setting next_dagrun for example_complex to None, run_after=None
[2025-02-04T14:43:12.856+0000] {processor.py:208} INFO - Processing /home/airflow/.local/lib/python3.12/site-packages/airflow/example_dags/example_complex.py took 0.162 seconds
[2025-02-04T14:43:43.574+0000] {processor.py:186} INFO - Started process (PID=1420) to work on /home/airflow/.local/lib/python3.12/site-packages/airflow/example_dags/example_complex.py
[2025-02-04T14:43:43.575+0000] {processor.py:914} INFO - Processing file /home/airflow/.local/lib/python3.12/site-packages/airflow/example_dags/example_complex.py for tasks to queue
[2025-02-04T14:43:43.580+0000] {logging_mixin.py:190} INFO - [2025-02-04T14:43:43.579+0000] {dagbag.py:588} INFO - Filling up the DagBag from /home/airflow/.local/lib/python3.12/site-packages/airflow/example_dags/example_complex.py
[2025-02-04T14:43:43.604+0000] {processor.py:925} INFO - DAG(s) 'example_complex' retrieved from /home/airflow/.local/lib/python3.12/site-packages/airflow/example_dags/example_complex.py
[2025-02-04T14:43:43.658+0000] {logging_mixin.py:190} INFO - [2025-02-04T14:43:43.658+0000] {dag.py:3239} INFO - Sync 1 DAGs
[2025-02-04T14:43:43.681+0000] {logging_mixin.py:190} INFO - [2025-02-04T14:43:43.681+0000] {dag.py:4180} INFO - Setting next_dagrun for example_complex to None, run_after=None
[2025-02-04T14:43:43.725+0000] {processor.py:208} INFO - Processing /home/airflow/.local/lib/python3.12/site-packages/airflow/example_dags/example_complex.py took 0.163 seconds
[2025-02-04T14:44:13.789+0000] {processor.py:186} INFO - Started process (PID=1483) to work on /home/airflow/.local/lib/python3.12/site-packages/airflow/example_dags/example_complex.py
[2025-02-04T14:44:13.791+0000] {processor.py:914} INFO - Processing file /home/airflow/.local/lib/python3.12/site-packages/airflow/example_dags/example_complex.py for tasks to queue
[2025-02-04T14:44:13.794+0000] {logging_mixin.py:190} INFO - [2025-02-04T14:44:13.793+0000] {dagbag.py:588} INFO - Filling up the DagBag from /home/airflow/.local/lib/python3.12/site-packages/airflow/example_dags/example_complex.py
[2025-02-04T14:44:13.811+0000] {processor.py:925} INFO - DAG(s) 'example_complex' retrieved from /home/airflow/.local/lib/python3.12/site-packages/airflow/example_dags/example_complex.py
[2025-02-04T14:44:13.858+0000] {logging_mixin.py:190} INFO - [2025-02-04T14:44:13.858+0000] {dag.py:3239} INFO - Sync 1 DAGs
[2025-02-04T14:44:13.879+0000] {logging_mixin.py:190} INFO - [2025-02-04T14:44:13.879+0000] {dag.py:4180} INFO - Setting next_dagrun for example_complex to None, run_after=None
[2025-02-04T14:44:13.909+0000] {processor.py:208} INFO - Processing /home/airflow/.local/lib/python3.12/site-packages/airflow/example_dags/example_complex.py took 0.129 seconds
[2025-02-04T14:44:44.510+0000] {processor.py:186} INFO - Started process (PID=1547) to work on /home/airflow/.local/lib/python3.12/site-packages/airflow/example_dags/example_complex.py
[2025-02-04T14:44:44.513+0000] {processor.py:914} INFO - Processing file /home/airflow/.local/lib/python3.12/site-packages/airflow/example_dags/example_complex.py for tasks to queue
[2025-02-04T14:44:44.519+0000] {logging_mixin.py:190} INFO - [2025-02-04T14:44:44.518+0000] {dagbag.py:588} INFO - Filling up the DagBag from /home/airflow/.local/lib/python3.12/site-packages/airflow/example_dags/example_complex.py
[2025-02-04T14:44:44.549+0000] {processor.py:925} INFO - DAG(s) 'example_complex' retrieved from /home/airflow/.local/lib/python3.12/site-packages/airflow/example_dags/example_complex.py
[2025-02-04T14:44:44.634+0000] {logging_mixin.py:190} INFO - [2025-02-04T14:44:44.634+0000] {dag.py:3239} INFO - Sync 1 DAGs
[2025-02-04T14:44:44.674+0000] {logging_mixin.py:190} INFO - [2025-02-04T14:44:44.674+0000] {dag.py:4180} INFO - Setting next_dagrun for example_complex to None, run_after=None
[2025-02-04T14:44:44.829+0000] {processor.py:208} INFO - Processing /home/airflow/.local/lib/python3.12/site-packages/airflow/example_dags/example_complex.py took 0.333 seconds
[2025-02-04T14:45:15.054+0000] {processor.py:186} INFO - Started process (PID=1611) to work on /home/airflow/.local/lib/python3.12/site-packages/airflow/example_dags/example_complex.py
[2025-02-04T14:45:15.055+0000] {processor.py:914} INFO - Processing file /home/airflow/.local/lib/python3.12/site-packages/airflow/example_dags/example_complex.py for tasks to queue
[2025-02-04T14:45:15.059+0000] {logging_mixin.py:190} INFO - [2025-02-04T14:45:15.058+0000] {dagbag.py:588} INFO - Filling up the DagBag from /home/airflow/.local/lib/python3.12/site-packages/airflow/example_dags/example_complex.py
[2025-02-04T14:45:15.081+0000] {processor.py:925} INFO - DAG(s) 'example_complex' retrieved from /home/airflow/.local/lib/python3.12/site-packages/airflow/example_dags/example_complex.py
[2025-02-04T14:45:15.144+0000] {logging_mixin.py:190} INFO - [2025-02-04T14:45:15.144+0000] {dag.py:3239} INFO - Sync 1 DAGs
[2025-02-04T14:45:15.173+0000] {logging_mixin.py:190} INFO - [2025-02-04T14:45:15.172+0000] {dag.py:4180} INFO - Setting next_dagrun for example_complex to None, run_after=None
[2025-02-04T14:45:15.208+0000] {processor.py:208} INFO - Processing /home/airflow/.local/lib/python3.12/site-packages/airflow/example_dags/example_complex.py took 0.164 seconds
[2025-02-04T14:45:46.982+0000] {processor.py:186} INFO - Started process (PID=1675) to work on /home/airflow/.local/lib/python3.12/site-packages/airflow/example_dags/example_complex.py
[2025-02-04T14:45:46.984+0000] {processor.py:914} INFO - Processing file /home/airflow/.local/lib/python3.12/site-packages/airflow/example_dags/example_complex.py for tasks to queue
[2025-02-04T14:45:46.989+0000] {logging_mixin.py:190} INFO - [2025-02-04T14:45:46.988+0000] {dagbag.py:588} INFO - Filling up the DagBag from /home/airflow/.local/lib/python3.12/site-packages/airflow/example_dags/example_complex.py
[2025-02-04T14:45:47.028+0000] {processor.py:925} INFO - DAG(s) 'example_complex' retrieved from /home/airflow/.local/lib/python3.12/site-packages/airflow/example_dags/example_complex.py
[2025-02-04T14:45:47.137+0000] {logging_mixin.py:190} INFO - [2025-02-04T14:45:47.136+0000] {dag.py:3239} INFO - Sync 1 DAGs
[2025-02-04T14:45:47.180+0000] {logging_mixin.py:190} INFO - [2025-02-04T14:45:47.179+0000] {dag.py:4180} INFO - Setting next_dagrun for example_complex to None, run_after=None
[2025-02-04T14:45:47.232+0000] {processor.py:208} INFO - Processing /home/airflow/.local/lib/python3.12/site-packages/airflow/example_dags/example_complex.py took 0.266 seconds
[2025-02-04T14:49:27.199+0000] {processor.py:186} INFO - Started process (PID=116) to work on /home/airflow/.local/lib/python3.12/site-packages/airflow/example_dags/example_complex.py
[2025-02-04T14:49:27.201+0000] {processor.py:914} INFO - Processing file /home/airflow/.local/lib/python3.12/site-packages/airflow/example_dags/example_complex.py for tasks to queue
[2025-02-04T14:49:27.209+0000] {logging_mixin.py:190} INFO - [2025-02-04T14:49:27.207+0000] {dagbag.py:588} INFO - Filling up the DagBag from /home/airflow/.local/lib/python3.12/site-packages/airflow/example_dags/example_complex.py
[2025-02-04T14:49:27.258+0000] {processor.py:925} INFO - DAG(s) 'example_complex' retrieved from /home/airflow/.local/lib/python3.12/site-packages/airflow/example_dags/example_complex.py
[2025-02-04T14:49:27.386+0000] {logging_mixin.py:190} INFO - [2025-02-04T14:49:27.385+0000] {dag.py:3239} INFO - Sync 1 DAGs
[2025-02-04T14:49:27.423+0000] {logging_mixin.py:190} INFO - [2025-02-04T14:49:27.422+0000] {dag.py:4180} INFO - Setting next_dagrun for example_complex to None, run_after=None
[2025-02-04T14:49:27.467+0000] {processor.py:208} INFO - Processing /home/airflow/.local/lib/python3.12/site-packages/airflow/example_dags/example_complex.py took 0.292 seconds
[2025-02-04T14:49:58.568+0000] {processor.py:186} INFO - Started process (PID=181) to work on /home/airflow/.local/lib/python3.12/site-packages/airflow/example_dags/example_complex.py
[2025-02-04T14:49:58.569+0000] {processor.py:914} INFO - Processing file /home/airflow/.local/lib/python3.12/site-packages/airflow/example_dags/example_complex.py for tasks to queue
[2025-02-04T14:49:58.573+0000] {logging_mixin.py:190} INFO - [2025-02-04T14:49:58.573+0000] {dagbag.py:588} INFO - Filling up the DagBag from /home/airflow/.local/lib/python3.12/site-packages/airflow/example_dags/example_complex.py
[2025-02-04T14:49:58.597+0000] {processor.py:925} INFO - DAG(s) 'example_complex' retrieved from /home/airflow/.local/lib/python3.12/site-packages/airflow/example_dags/example_complex.py
[2025-02-04T14:49:58.674+0000] {logging_mixin.py:190} INFO - [2025-02-04T14:49:58.673+0000] {dag.py:3239} INFO - Sync 1 DAGs
[2025-02-04T14:49:58.701+0000] {logging_mixin.py:190} INFO - [2025-02-04T14:49:58.701+0000] {dag.py:4180} INFO - Setting next_dagrun for example_complex to None, run_after=None
[2025-02-04T14:49:58.745+0000] {processor.py:208} INFO - Processing /home/airflow/.local/lib/python3.12/site-packages/airflow/example_dags/example_complex.py took 0.186 seconds
[2025-02-04T14:50:29.706+0000] {processor.py:186} INFO - Started process (PID=245) to work on /home/airflow/.local/lib/python3.12/site-packages/airflow/example_dags/example_complex.py
[2025-02-04T14:50:29.708+0000] {processor.py:914} INFO - Processing file /home/airflow/.local/lib/python3.12/site-packages/airflow/example_dags/example_complex.py for tasks to queue
[2025-02-04T14:50:29.714+0000] {logging_mixin.py:190} INFO - [2025-02-04T14:50:29.713+0000] {dagbag.py:588} INFO - Filling up the DagBag from /home/airflow/.local/lib/python3.12/site-packages/airflow/example_dags/example_complex.py
[2025-02-04T14:50:29.757+0000] {processor.py:925} INFO - DAG(s) 'example_complex' retrieved from /home/airflow/.local/lib/python3.12/site-packages/airflow/example_dags/example_complex.py
[2025-02-04T14:50:29.847+0000] {logging_mixin.py:190} INFO - [2025-02-04T14:50:29.846+0000] {dag.py:3239} INFO - Sync 1 DAGs
[2025-02-04T14:50:29.889+0000] {logging_mixin.py:190} INFO - [2025-02-04T14:50:29.889+0000] {dag.py:4180} INFO - Setting next_dagrun for example_complex to None, run_after=None
[2025-02-04T14:50:29.924+0000] {processor.py:208} INFO - Processing /home/airflow/.local/lib/python3.12/site-packages/airflow/example_dags/example_complex.py took 0.231 seconds
[2025-02-04T14:51:05.250+0000] {processor.py:186} INFO - Started process (PID=309) to work on /home/airflow/.local/lib/python3.12/site-packages/airflow/example_dags/example_complex.py
[2025-02-04T14:51:05.254+0000] {processor.py:914} INFO - Processing file /home/airflow/.local/lib/python3.12/site-packages/airflow/example_dags/example_complex.py for tasks to queue
[2025-02-04T14:51:05.259+0000] {logging_mixin.py:190} INFO - [2025-02-04T14:51:05.258+0000] {dagbag.py:588} INFO - Filling up the DagBag from /home/airflow/.local/lib/python3.12/site-packages/airflow/example_dags/example_complex.py
[2025-02-04T14:51:05.305+0000] {processor.py:925} INFO - DAG(s) 'example_complex' retrieved from /home/airflow/.local/lib/python3.12/site-packages/airflow/example_dags/example_complex.py
[2025-02-04T14:51:05.460+0000] {logging_mixin.py:190} INFO - [2025-02-04T14:51:05.460+0000] {dag.py:3239} INFO - Sync 1 DAGs
[2025-02-04T14:51:05.508+0000] {logging_mixin.py:190} INFO - [2025-02-04T14:51:05.507+0000] {dag.py:4180} INFO - Setting next_dagrun for example_complex to None, run_after=None
[2025-02-04T14:51:05.546+0000] {processor.py:208} INFO - Processing /home/airflow/.local/lib/python3.12/site-packages/airflow/example_dags/example_complex.py took 0.313 seconds
[2025-02-04T14:51:38.758+0000] {processor.py:186} INFO - Started process (PID=372) to work on /home/airflow/.local/lib/python3.12/site-packages/airflow/example_dags/example_complex.py
[2025-02-04T14:51:38.778+0000] {processor.py:914} INFO - Processing file /home/airflow/.local/lib/python3.12/site-packages/airflow/example_dags/example_complex.py for tasks to queue
[2025-02-04T14:51:38.810+0000] {logging_mixin.py:190} INFO - [2025-02-04T14:51:38.809+0000] {dagbag.py:588} INFO - Filling up the DagBag from /home/airflow/.local/lib/python3.12/site-packages/airflow/example_dags/example_complex.py
[2025-02-04T14:51:39.012+0000] {processor.py:925} INFO - DAG(s) 'example_complex' retrieved from /home/airflow/.local/lib/python3.12/site-packages/airflow/example_dags/example_complex.py
[2025-02-04T14:51:39.305+0000] {logging_mixin.py:190} INFO - [2025-02-04T14:51:39.305+0000] {dag.py:3239} INFO - Sync 1 DAGs
[2025-02-04T14:51:39.452+0000] {logging_mixin.py:190} INFO - [2025-02-04T14:51:39.452+0000] {dag.py:4180} INFO - Setting next_dagrun for example_complex to None, run_after=None
[2025-02-04T14:51:39.630+0000] {processor.py:208} INFO - Processing /home/airflow/.local/lib/python3.12/site-packages/airflow/example_dags/example_complex.py took 0.927 seconds
[2025-02-04T14:52:42.003+0000] {processor.py:186} INFO - Started process (PID=445) to work on /home/airflow/.local/lib/python3.12/site-packages/airflow/example_dags/example_complex.py
[2025-02-04T14:52:42.018+0000] {processor.py:914} INFO - Processing file /home/airflow/.local/lib/python3.12/site-packages/airflow/example_dags/example_complex.py for tasks to queue
[2025-02-04T14:52:42.026+0000] {logging_mixin.py:190} INFO - [2025-02-04T14:52:42.025+0000] {dagbag.py:588} INFO - Filling up the DagBag from /home/airflow/.local/lib/python3.12/site-packages/airflow/example_dags/example_complex.py
[2025-02-04T14:52:42.118+0000] {processor.py:925} INFO - DAG(s) 'example_complex' retrieved from /home/airflow/.local/lib/python3.12/site-packages/airflow/example_dags/example_complex.py
[2025-02-04T14:52:42.293+0000] {logging_mixin.py:190} INFO - [2025-02-04T14:52:42.293+0000] {dag.py:3239} INFO - Sync 1 DAGs
[2025-02-04T14:52:42.344+0000] {logging_mixin.py:190} INFO - [2025-02-04T14:52:42.343+0000] {dag.py:4180} INFO - Setting next_dagrun for example_complex to None, run_after=None
[2025-02-04T14:52:42.413+0000] {processor.py:208} INFO - Processing /home/airflow/.local/lib/python3.12/site-packages/airflow/example_dags/example_complex.py took 0.470 seconds
[2025-02-04T14:53:12.533+0000] {processor.py:186} INFO - Started process (PID=513) to work on /home/airflow/.local/lib/python3.12/site-packages/airflow/example_dags/example_complex.py
[2025-02-04T14:53:12.536+0000] {processor.py:914} INFO - Processing file /home/airflow/.local/lib/python3.12/site-packages/airflow/example_dags/example_complex.py for tasks to queue
[2025-02-04T14:53:12.540+0000] {logging_mixin.py:190} INFO - [2025-02-04T14:53:12.540+0000] {dagbag.py:588} INFO - Filling up the DagBag from /home/airflow/.local/lib/python3.12/site-packages/airflow/example_dags/example_complex.py
[2025-02-04T14:53:12.566+0000] {processor.py:925} INFO - DAG(s) 'example_complex' retrieved from /home/airflow/.local/lib/python3.12/site-packages/airflow/example_dags/example_complex.py
[2025-02-04T14:53:12.630+0000] {logging_mixin.py:190} INFO - [2025-02-04T14:53:12.629+0000] {dag.py:3239} INFO - Sync 1 DAGs
[2025-02-04T14:53:12.665+0000] {logging_mixin.py:190} INFO - [2025-02-04T14:53:12.664+0000] {dag.py:4180} INFO - Setting next_dagrun for example_complex to None, run_after=None
[2025-02-04T14:53:12.702+0000] {processor.py:208} INFO - Processing /home/airflow/.local/lib/python3.12/site-packages/airflow/example_dags/example_complex.py took 0.179 seconds
[2025-02-04T14:53:43.313+0000] {processor.py:186} INFO - Started process (PID=579) to work on /home/airflow/.local/lib/python3.12/site-packages/airflow/example_dags/example_complex.py
[2025-02-04T14:53:43.316+0000] {processor.py:914} INFO - Processing file /home/airflow/.local/lib/python3.12/site-packages/airflow/example_dags/example_complex.py for tasks to queue
[2025-02-04T14:53:43.325+0000] {logging_mixin.py:190} INFO - [2025-02-04T14:53:43.324+0000] {dagbag.py:588} INFO - Filling up the DagBag from /home/airflow/.local/lib/python3.12/site-packages/airflow/example_dags/example_complex.py
[2025-02-04T14:53:43.357+0000] {processor.py:925} INFO - DAG(s) 'example_complex' retrieved from /home/airflow/.local/lib/python3.12/site-packages/airflow/example_dags/example_complex.py
[2025-02-04T14:53:43.485+0000] {logging_mixin.py:190} INFO - [2025-02-04T14:53:43.484+0000] {dag.py:3239} INFO - Sync 1 DAGs
[2025-02-04T14:53:43.516+0000] {logging_mixin.py:190} INFO - [2025-02-04T14:53:43.515+0000] {dag.py:4180} INFO - Setting next_dagrun for example_complex to None, run_after=None
[2025-02-04T14:53:43.564+0000] {processor.py:208} INFO - Processing /home/airflow/.local/lib/python3.12/site-packages/airflow/example_dags/example_complex.py took 0.264 seconds
[2025-02-04T14:54:14.378+0000] {processor.py:186} INFO - Started process (PID=645) to work on /home/airflow/.local/lib/python3.12/site-packages/airflow/example_dags/example_complex.py
[2025-02-04T14:54:14.427+0000] {processor.py:914} INFO - Processing file /home/airflow/.local/lib/python3.12/site-packages/airflow/example_dags/example_complex.py for tasks to queue
[2025-02-04T14:54:14.434+0000] {logging_mixin.py:190} INFO - [2025-02-04T14:54:14.433+0000] {dagbag.py:588} INFO - Filling up the DagBag from /home/airflow/.local/lib/python3.12/site-packages/airflow/example_dags/example_complex.py
[2025-02-04T14:54:14.518+0000] {processor.py:925} INFO - DAG(s) 'example_complex' retrieved from /home/airflow/.local/lib/python3.12/site-packages/airflow/example_dags/example_complex.py
[2025-02-04T14:54:14.638+0000] {logging_mixin.py:190} INFO - [2025-02-04T14:54:14.637+0000] {dag.py:3239} INFO - Sync 1 DAGs
[2025-02-04T14:54:14.671+0000] {logging_mixin.py:190} INFO - [2025-02-04T14:54:14.671+0000] {dag.py:4180} INFO - Setting next_dagrun for example_complex to None, run_after=None
[2025-02-04T14:54:14.715+0000] {processor.py:208} INFO - Processing /home/airflow/.local/lib/python3.12/site-packages/airflow/example_dags/example_complex.py took 0.362 seconds
[2025-02-04T14:54:45.480+0000] {processor.py:186} INFO - Started process (PID=714) to work on /home/airflow/.local/lib/python3.12/site-packages/airflow/example_dags/example_complex.py
[2025-02-04T14:54:45.482+0000] {processor.py:914} INFO - Processing file /home/airflow/.local/lib/python3.12/site-packages/airflow/example_dags/example_complex.py for tasks to queue
[2025-02-04T14:54:45.486+0000] {logging_mixin.py:190} INFO - [2025-02-04T14:54:45.485+0000] {dagbag.py:588} INFO - Filling up the DagBag from /home/airflow/.local/lib/python3.12/site-packages/airflow/example_dags/example_complex.py
[2025-02-04T14:54:45.513+0000] {processor.py:925} INFO - DAG(s) 'example_complex' retrieved from /home/airflow/.local/lib/python3.12/site-packages/airflow/example_dags/example_complex.py
[2025-02-04T14:54:45.579+0000] {logging_mixin.py:190} INFO - [2025-02-04T14:54:45.578+0000] {dag.py:3239} INFO - Sync 1 DAGs
[2025-02-04T14:54:45.606+0000] {logging_mixin.py:190} INFO - [2025-02-04T14:54:45.606+0000] {dag.py:4180} INFO - Setting next_dagrun for example_complex to None, run_after=None
[2025-02-04T14:54:45.639+0000] {processor.py:208} INFO - Processing /home/airflow/.local/lib/python3.12/site-packages/airflow/example_dags/example_complex.py took 0.174 seconds
[2025-02-04T14:55:16.376+0000] {processor.py:186} INFO - Started process (PID=779) to work on /home/airflow/.local/lib/python3.12/site-packages/airflow/example_dags/example_complex.py
[2025-02-04T14:55:16.378+0000] {processor.py:914} INFO - Processing file /home/airflow/.local/lib/python3.12/site-packages/airflow/example_dags/example_complex.py for tasks to queue
[2025-02-04T14:55:16.384+0000] {logging_mixin.py:190} INFO - [2025-02-04T14:55:16.383+0000] {dagbag.py:588} INFO - Filling up the DagBag from /home/airflow/.local/lib/python3.12/site-packages/airflow/example_dags/example_complex.py
[2025-02-04T14:55:16.407+0000] {processor.py:925} INFO - DAG(s) 'example_complex' retrieved from /home/airflow/.local/lib/python3.12/site-packages/airflow/example_dags/example_complex.py
[2025-02-04T14:55:16.465+0000] {logging_mixin.py:190} INFO - [2025-02-04T14:55:16.465+0000] {dag.py:3239} INFO - Sync 1 DAGs
[2025-02-04T14:55:16.498+0000] {logging_mixin.py:190} INFO - [2025-02-04T14:55:16.497+0000] {dag.py:4180} INFO - Setting next_dagrun for example_complex to None, run_after=None
[2025-02-04T14:55:16.532+0000] {processor.py:208} INFO - Processing /home/airflow/.local/lib/python3.12/site-packages/airflow/example_dags/example_complex.py took 0.168 seconds
[2025-02-04T14:55:52.707+0000] {processor.py:186} INFO - Started process (PID=846) to work on /home/airflow/.local/lib/python3.12/site-packages/airflow/example_dags/example_complex.py
[2025-02-04T14:55:52.710+0000] {processor.py:914} INFO - Processing file /home/airflow/.local/lib/python3.12/site-packages/airflow/example_dags/example_complex.py for tasks to queue
[2025-02-04T14:55:52.726+0000] {logging_mixin.py:190} INFO - [2025-02-04T14:55:52.725+0000] {dagbag.py:588} INFO - Filling up the DagBag from /home/airflow/.local/lib/python3.12/site-packages/airflow/example_dags/example_complex.py
[2025-02-04T14:55:52.787+0000] {processor.py:925} INFO - DAG(s) 'example_complex' retrieved from /home/airflow/.local/lib/python3.12/site-packages/airflow/example_dags/example_complex.py
[2025-02-04T14:55:53.000+0000] {logging_mixin.py:190} INFO - [2025-02-04T14:55:52.999+0000] {dag.py:3239} INFO - Sync 1 DAGs
[2025-02-04T14:55:53.080+0000] {logging_mixin.py:190} INFO - [2025-02-04T14:55:53.080+0000] {dag.py:4180} INFO - Setting next_dagrun for example_complex to None, run_after=None
[2025-02-04T14:55:53.244+0000] {processor.py:208} INFO - Processing /home/airflow/.local/lib/python3.12/site-packages/airflow/example_dags/example_complex.py took 0.574 seconds
[2025-02-04T14:56:23.959+0000] {processor.py:186} INFO - Started process (PID=910) to work on /home/airflow/.local/lib/python3.12/site-packages/airflow/example_dags/example_complex.py
[2025-02-04T14:56:23.963+0000] {processor.py:914} INFO - Processing file /home/airflow/.local/lib/python3.12/site-packages/airflow/example_dags/example_complex.py for tasks to queue
[2025-02-04T14:56:23.968+0000] {logging_mixin.py:190} INFO - [2025-02-04T14:56:23.967+0000] {dagbag.py:588} INFO - Filling up the DagBag from /home/airflow/.local/lib/python3.12/site-packages/airflow/example_dags/example_complex.py
[2025-02-04T14:56:24.008+0000] {processor.py:925} INFO - DAG(s) 'example_complex' retrieved from /home/airflow/.local/lib/python3.12/site-packages/airflow/example_dags/example_complex.py
[2025-02-04T14:56:24.162+0000] {logging_mixin.py:190} INFO - [2025-02-04T14:56:24.162+0000] {dag.py:3239} INFO - Sync 1 DAGs
[2025-02-04T14:56:24.252+0000] {logging_mixin.py:190} INFO - [2025-02-04T14:56:24.251+0000] {dag.py:4180} INFO - Setting next_dagrun for example_complex to None, run_after=None
[2025-02-04T14:56:24.306+0000] {processor.py:208} INFO - Processing /home/airflow/.local/lib/python3.12/site-packages/airflow/example_dags/example_complex.py took 0.361 seconds
[2025-02-04T14:56:55.158+0000] {processor.py:186} INFO - Started process (PID=974) to work on /home/airflow/.local/lib/python3.12/site-packages/airflow/example_dags/example_complex.py
[2025-02-04T14:56:55.160+0000] {processor.py:914} INFO - Processing file /home/airflow/.local/lib/python3.12/site-packages/airflow/example_dags/example_complex.py for tasks to queue
[2025-02-04T14:56:55.165+0000] {logging_mixin.py:190} INFO - [2025-02-04T14:56:55.164+0000] {dagbag.py:588} INFO - Filling up the DagBag from /home/airflow/.local/lib/python3.12/site-packages/airflow/example_dags/example_complex.py
[2025-02-04T14:56:55.197+0000] {processor.py:925} INFO - DAG(s) 'example_complex' retrieved from /home/airflow/.local/lib/python3.12/site-packages/airflow/example_dags/example_complex.py
[2025-02-04T14:56:55.290+0000] {logging_mixin.py:190} INFO - [2025-02-04T14:56:55.289+0000] {dag.py:3239} INFO - Sync 1 DAGs
[2025-02-04T14:56:55.340+0000] {logging_mixin.py:190} INFO - [2025-02-04T14:56:55.340+0000] {dag.py:4180} INFO - Setting next_dagrun for example_complex to None, run_after=None
[2025-02-04T14:56:55.399+0000] {processor.py:208} INFO - Processing /home/airflow/.local/lib/python3.12/site-packages/airflow/example_dags/example_complex.py took 0.256 seconds
[2025-02-04T14:57:26.210+0000] {processor.py:186} INFO - Started process (PID=1038) to work on /home/airflow/.local/lib/python3.12/site-packages/airflow/example_dags/example_complex.py
[2025-02-04T14:57:26.212+0000] {processor.py:914} INFO - Processing file /home/airflow/.local/lib/python3.12/site-packages/airflow/example_dags/example_complex.py for tasks to queue
[2025-02-04T14:57:26.217+0000] {logging_mixin.py:190} INFO - [2025-02-04T14:57:26.216+0000] {dagbag.py:588} INFO - Filling up the DagBag from /home/airflow/.local/lib/python3.12/site-packages/airflow/example_dags/example_complex.py
[2025-02-04T14:57:26.248+0000] {processor.py:925} INFO - DAG(s) 'example_complex' retrieved from /home/airflow/.local/lib/python3.12/site-packages/airflow/example_dags/example_complex.py
[2025-02-04T14:57:26.309+0000] {logging_mixin.py:190} INFO - [2025-02-04T14:57:26.308+0000] {dag.py:3239} INFO - Sync 1 DAGs
[2025-02-04T14:57:26.345+0000] {logging_mixin.py:190} INFO - [2025-02-04T14:57:26.344+0000] {dag.py:4180} INFO - Setting next_dagrun for example_complex to None, run_after=None
[2025-02-04T14:57:26.389+0000] {processor.py:208} INFO - Processing /home/airflow/.local/lib/python3.12/site-packages/airflow/example_dags/example_complex.py took 0.191 seconds
[2025-02-04T14:57:57.968+0000] {processor.py:186} INFO - Started process (PID=1102) to work on /home/airflow/.local/lib/python3.12/site-packages/airflow/example_dags/example_complex.py
[2025-02-04T14:57:57.970+0000] {processor.py:914} INFO - Processing file /home/airflow/.local/lib/python3.12/site-packages/airflow/example_dags/example_complex.py for tasks to queue
[2025-02-04T14:57:57.975+0000] {logging_mixin.py:190} INFO - [2025-02-04T14:57:57.974+0000] {dagbag.py:588} INFO - Filling up the DagBag from /home/airflow/.local/lib/python3.12/site-packages/airflow/example_dags/example_complex.py
[2025-02-04T14:57:58.004+0000] {processor.py:925} INFO - DAG(s) 'example_complex' retrieved from /home/airflow/.local/lib/python3.12/site-packages/airflow/example_dags/example_complex.py
[2025-02-04T14:57:58.065+0000] {logging_mixin.py:190} INFO - [2025-02-04T14:57:58.065+0000] {dag.py:3239} INFO - Sync 1 DAGs
[2025-02-04T14:57:58.097+0000] {logging_mixin.py:190} INFO - [2025-02-04T14:57:58.096+0000] {dag.py:4180} INFO - Setting next_dagrun for example_complex to None, run_after=None
[2025-02-04T14:57:58.159+0000] {processor.py:208} INFO - Processing /home/airflow/.local/lib/python3.12/site-packages/airflow/example_dags/example_complex.py took 0.205 seconds
[2025-02-04T14:58:31.128+0000] {processor.py:186} INFO - Started process (PID=1167) to work on /home/airflow/.local/lib/python3.12/site-packages/airflow/example_dags/example_complex.py
[2025-02-04T14:58:31.130+0000] {processor.py:914} INFO - Processing file /home/airflow/.local/lib/python3.12/site-packages/airflow/example_dags/example_complex.py for tasks to queue
[2025-02-04T14:58:31.135+0000] {logging_mixin.py:190} INFO - [2025-02-04T14:58:31.134+0000] {dagbag.py:588} INFO - Filling up the DagBag from /home/airflow/.local/lib/python3.12/site-packages/airflow/example_dags/example_complex.py
[2025-02-04T14:58:31.159+0000] {processor.py:925} INFO - DAG(s) 'example_complex' retrieved from /home/airflow/.local/lib/python3.12/site-packages/airflow/example_dags/example_complex.py
[2025-02-04T14:58:31.234+0000] {logging_mixin.py:190} INFO - [2025-02-04T14:58:31.234+0000] {dag.py:3239} INFO - Sync 1 DAGs
[2025-02-04T14:58:31.265+0000] {logging_mixin.py:190} INFO - [2025-02-04T14:58:31.265+0000] {dag.py:4180} INFO - Setting next_dagrun for example_complex to None, run_after=None
[2025-02-04T14:58:31.305+0000] {processor.py:208} INFO - Processing /home/airflow/.local/lib/python3.12/site-packages/airflow/example_dags/example_complex.py took 0.188 seconds
[2025-02-04T14:59:02.353+0000] {processor.py:186} INFO - Started process (PID=1232) to work on /home/airflow/.local/lib/python3.12/site-packages/airflow/example_dags/example_complex.py
[2025-02-04T14:59:02.355+0000] {processor.py:914} INFO - Processing file /home/airflow/.local/lib/python3.12/site-packages/airflow/example_dags/example_complex.py for tasks to queue
[2025-02-04T14:59:02.359+0000] {logging_mixin.py:190} INFO - [2025-02-04T14:59:02.359+0000] {dagbag.py:588} INFO - Filling up the DagBag from /home/airflow/.local/lib/python3.12/site-packages/airflow/example_dags/example_complex.py
[2025-02-04T14:59:02.382+0000] {processor.py:925} INFO - DAG(s) 'example_complex' retrieved from /home/airflow/.local/lib/python3.12/site-packages/airflow/example_dags/example_complex.py
[2025-02-04T14:59:02.450+0000] {logging_mixin.py:190} INFO - [2025-02-04T14:59:02.449+0000] {dag.py:3239} INFO - Sync 1 DAGs
[2025-02-04T14:59:02.475+0000] {logging_mixin.py:190} INFO - [2025-02-04T14:59:02.475+0000] {dag.py:4180} INFO - Setting next_dagrun for example_complex to None, run_after=None
[2025-02-04T14:59:02.510+0000] {processor.py:208} INFO - Processing /home/airflow/.local/lib/python3.12/site-packages/airflow/example_dags/example_complex.py took 0.168 seconds
[2025-02-04T14:59:36.868+0000] {processor.py:186} INFO - Started process (PID=1296) to work on /home/airflow/.local/lib/python3.12/site-packages/airflow/example_dags/example_complex.py
[2025-02-04T14:59:36.870+0000] {processor.py:914} INFO - Processing file /home/airflow/.local/lib/python3.12/site-packages/airflow/example_dags/example_complex.py for tasks to queue
[2025-02-04T14:59:36.875+0000] {logging_mixin.py:190} INFO - [2025-02-04T14:59:36.875+0000] {dagbag.py:588} INFO - Filling up the DagBag from /home/airflow/.local/lib/python3.12/site-packages/airflow/example_dags/example_complex.py
[2025-02-04T14:59:36.911+0000] {processor.py:925} INFO - DAG(s) 'example_complex' retrieved from /home/airflow/.local/lib/python3.12/site-packages/airflow/example_dags/example_complex.py
[2025-02-04T14:59:36.998+0000] {logging_mixin.py:190} INFO - [2025-02-04T14:59:36.998+0000] {dag.py:3239} INFO - Sync 1 DAGs
[2025-02-04T14:59:37.034+0000] {logging_mixin.py:190} INFO - [2025-02-04T14:59:37.034+0000] {dag.py:4180} INFO - Setting next_dagrun for example_complex to None, run_after=None
[2025-02-04T14:59:37.079+0000] {processor.py:208} INFO - Processing /home/airflow/.local/lib/python3.12/site-packages/airflow/example_dags/example_complex.py took 0.225 seconds
[2025-02-04T15:00:07.399+0000] {processor.py:186} INFO - Started process (PID=1360) to work on /home/airflow/.local/lib/python3.12/site-packages/airflow/example_dags/example_complex.py
[2025-02-04T15:00:07.401+0000] {processor.py:914} INFO - Processing file /home/airflow/.local/lib/python3.12/site-packages/airflow/example_dags/example_complex.py for tasks to queue
[2025-02-04T15:00:07.405+0000] {logging_mixin.py:190} INFO - [2025-02-04T15:00:07.405+0000] {dagbag.py:588} INFO - Filling up the DagBag from /home/airflow/.local/lib/python3.12/site-packages/airflow/example_dags/example_complex.py
[2025-02-04T15:00:07.427+0000] {processor.py:925} INFO - DAG(s) 'example_complex' retrieved from /home/airflow/.local/lib/python3.12/site-packages/airflow/example_dags/example_complex.py
[2025-02-04T15:00:07.482+0000] {logging_mixin.py:190} INFO - [2025-02-04T15:00:07.481+0000] {dag.py:3239} INFO - Sync 1 DAGs
[2025-02-04T15:00:07.512+0000] {logging_mixin.py:190} INFO - [2025-02-04T15:00:07.511+0000] {dag.py:4180} INFO - Setting next_dagrun for example_complex to None, run_after=None
[2025-02-04T15:00:07.555+0000] {processor.py:208} INFO - Processing /home/airflow/.local/lib/python3.12/site-packages/airflow/example_dags/example_complex.py took 0.167 seconds
[2025-02-04T15:00:38.535+0000] {processor.py:186} INFO - Started process (PID=1424) to work on /home/airflow/.local/lib/python3.12/site-packages/airflow/example_dags/example_complex.py
[2025-02-04T15:00:38.537+0000] {processor.py:914} INFO - Processing file /home/airflow/.local/lib/python3.12/site-packages/airflow/example_dags/example_complex.py for tasks to queue
[2025-02-04T15:00:38.540+0000] {logging_mixin.py:190} INFO - [2025-02-04T15:00:38.540+0000] {dagbag.py:588} INFO - Filling up the DagBag from /home/airflow/.local/lib/python3.12/site-packages/airflow/example_dags/example_complex.py
[2025-02-04T15:00:38.581+0000] {processor.py:925} INFO - DAG(s) 'example_complex' retrieved from /home/airflow/.local/lib/python3.12/site-packages/airflow/example_dags/example_complex.py
[2025-02-04T15:00:38.687+0000] {logging_mixin.py:190} INFO - [2025-02-04T15:00:38.687+0000] {dag.py:3239} INFO - Sync 1 DAGs
[2025-02-04T15:00:38.720+0000] {logging_mixin.py:190} INFO - [2025-02-04T15:00:38.720+0000] {dag.py:4180} INFO - Setting next_dagrun for example_complex to None, run_after=None
[2025-02-04T15:00:38.756+0000] {processor.py:208} INFO - Processing /home/airflow/.local/lib/python3.12/site-packages/airflow/example_dags/example_complex.py took 0.233 seconds
[2025-02-04T15:01:10.767+0000] {processor.py:186} INFO - Started process (PID=1489) to work on /home/airflow/.local/lib/python3.12/site-packages/airflow/example_dags/example_complex.py
[2025-02-04T15:01:10.768+0000] {processor.py:914} INFO - Processing file /home/airflow/.local/lib/python3.12/site-packages/airflow/example_dags/example_complex.py for tasks to queue
[2025-02-04T15:01:10.772+0000] {logging_mixin.py:190} INFO - [2025-02-04T15:01:10.771+0000] {dagbag.py:588} INFO - Filling up the DagBag from /home/airflow/.local/lib/python3.12/site-packages/airflow/example_dags/example_complex.py
[2025-02-04T15:01:10.791+0000] {processor.py:925} INFO - DAG(s) 'example_complex' retrieved from /home/airflow/.local/lib/python3.12/site-packages/airflow/example_dags/example_complex.py
[2025-02-04T15:01:10.847+0000] {logging_mixin.py:190} INFO - [2025-02-04T15:01:10.847+0000] {dag.py:3239} INFO - Sync 1 DAGs
[2025-02-04T15:01:10.869+0000] {logging_mixin.py:190} INFO - [2025-02-04T15:01:10.869+0000] {dag.py:4180} INFO - Setting next_dagrun for example_complex to None, run_after=None
[2025-02-04T15:01:10.895+0000] {processor.py:208} INFO - Processing /home/airflow/.local/lib/python3.12/site-packages/airflow/example_dags/example_complex.py took 0.138 seconds
[2025-02-04T15:01:45.709+0000] {processor.py:186} INFO - Started process (PID=1553) to work on /home/airflow/.local/lib/python3.12/site-packages/airflow/example_dags/example_complex.py
[2025-02-04T15:01:45.712+0000] {processor.py:914} INFO - Processing file /home/airflow/.local/lib/python3.12/site-packages/airflow/example_dags/example_complex.py for tasks to queue
[2025-02-04T15:01:45.741+0000] {logging_mixin.py:190} INFO - [2025-02-04T15:01:45.740+0000] {dagbag.py:588} INFO - Filling up the DagBag from /home/airflow/.local/lib/python3.12/site-packages/airflow/example_dags/example_complex.py
[2025-02-04T15:01:45.855+0000] {processor.py:925} INFO - DAG(s) 'example_complex' retrieved from /home/airflow/.local/lib/python3.12/site-packages/airflow/example_dags/example_complex.py
[2025-02-04T15:01:46.085+0000] {logging_mixin.py:190} INFO - [2025-02-04T15:01:46.085+0000] {dag.py:3239} INFO - Sync 1 DAGs
[2025-02-04T15:01:46.195+0000] {logging_mixin.py:190} INFO - [2025-02-04T15:01:46.194+0000] {dag.py:4180} INFO - Setting next_dagrun for example_complex to None, run_after=None
[2025-02-04T15:01:46.344+0000] {processor.py:208} INFO - Processing /home/airflow/.local/lib/python3.12/site-packages/airflow/example_dags/example_complex.py took 0.668 seconds
