[2025-02-04T14:07:23.400+0000] {processor.py:186} INFO - Started process (PID=99) to work on /home/airflow/.local/lib/python3.12/site-packages/airflow/example_dags/example_python_operator.py
[2025-02-04T14:07:23.417+0000] {processor.py:914} INFO - Processing file /home/airflow/.local/lib/python3.12/site-packages/airflow/example_dags/example_python_operator.py for tasks to queue
[2025-02-04T14:07:23.452+0000] {logging_mixin.py:190} INFO - [2025-02-04T14:07:23.449+0000] {dagbag.py:588} INFO - Filling up the DagBag from /home/airflow/.local/lib/python3.12/site-packages/airflow/example_dags/example_python_operator.py
[2025-02-04T14:07:23.883+0000] {processor.py:925} INFO - DAG(s) 'example_python_operator' retrieved from /home/airflow/.local/lib/python3.12/site-packages/airflow/example_dags/example_python_operator.py
[2025-02-04T14:07:26.644+0000] {logging_mixin.py:190} INFO - [2025-02-04T14:07:26.642+0000] {override.py:1911} INFO - Created Permission View: can delete on DAG:example_python_operator
[2025-02-04T14:07:26.707+0000] {logging_mixin.py:190} INFO - [2025-02-04T14:07:26.706+0000] {override.py:1911} INFO - Created Permission View: can read on DAG:example_python_operator
[2025-02-04T14:07:26.747+0000] {logging_mixin.py:190} INFO - [2025-02-04T14:07:26.747+0000] {override.py:1911} INFO - Created Permission View: can edit on DAG:example_python_operator
[2025-02-04T14:07:26.773+0000] {logging_mixin.py:190} INFO - [2025-02-04T14:07:26.771+0000] {override.py:1911} INFO - Created Permission View: can delete on DAG Run:example_python_operator
[2025-02-04T14:07:26.817+0000] {logging_mixin.py:190} INFO - [2025-02-04T14:07:26.817+0000] {override.py:1911} INFO - Created Permission View: menu access on DAG Run:example_python_operator
[2025-02-04T14:07:26.919+0000] {logging_mixin.py:190} INFO - [2025-02-04T14:07:26.918+0000] {override.py:1911} INFO - Created Permission View: can read on DAG Run:example_python_operator
[2025-02-04T14:07:26.985+0000] {logging_mixin.py:190} INFO - [2025-02-04T14:07:26.985+0000] {override.py:1911} INFO - Created Permission View: can create on DAG Run:example_python_operator
[2025-02-04T14:07:26.987+0000] {logging_mixin.py:190} INFO - [2025-02-04T14:07:26.986+0000] {dag.py:3239} INFO - Sync 1 DAGs
[2025-02-04T14:07:27.216+0000] {logging_mixin.py:190} INFO - [2025-02-04T14:07:27.216+0000] {dag.py:3262} INFO - Creating ORM DAG for example_python_operator
[2025-02-04T14:07:27.218+0000] {logging_mixin.py:190} INFO - [2025-02-04T14:07:27.218+0000] {dag.py:4180} INFO - Setting next_dagrun for example_python_operator to None, run_after=None
[2025-02-04T14:07:27.369+0000] {processor.py:208} INFO - Processing /home/airflow/.local/lib/python3.12/site-packages/airflow/example_dags/example_python_operator.py took 4.052 seconds
[2025-02-04T14:08:29.938+0000] {processor.py:186} INFO - Started process (PID=174) to work on /home/airflow/.local/lib/python3.12/site-packages/airflow/example_dags/example_python_operator.py
[2025-02-04T14:08:29.952+0000] {processor.py:914} INFO - Processing file /home/airflow/.local/lib/python3.12/site-packages/airflow/example_dags/example_python_operator.py for tasks to queue
[2025-02-04T14:08:29.964+0000] {logging_mixin.py:190} INFO - [2025-02-04T14:08:29.962+0000] {dagbag.py:588} INFO - Filling up the DagBag from /home/airflow/.local/lib/python3.12/site-packages/airflow/example_dags/example_python_operator.py
[2025-02-04T14:08:30.006+0000] {processor.py:925} INFO - DAG(s) 'example_python_operator' retrieved from /home/airflow/.local/lib/python3.12/site-packages/airflow/example_dags/example_python_operator.py
[2025-02-04T14:08:30.213+0000] {logging_mixin.py:190} INFO - [2025-02-04T14:08:30.213+0000] {dag.py:3239} INFO - Sync 1 DAGs
[2025-02-04T14:08:30.297+0000] {logging_mixin.py:190} INFO - [2025-02-04T14:08:30.296+0000] {dag.py:4180} INFO - Setting next_dagrun for example_python_operator to None, run_after=None
[2025-02-04T14:08:30.421+0000] {processor.py:208} INFO - Processing /home/airflow/.local/lib/python3.12/site-packages/airflow/example_dags/example_python_operator.py took 0.506 seconds
[2025-02-04T14:09:01.046+0000] {processor.py:186} INFO - Started process (PID=238) to work on /home/airflow/.local/lib/python3.12/site-packages/airflow/example_dags/example_python_operator.py
[2025-02-04T14:09:01.048+0000] {processor.py:914} INFO - Processing file /home/airflow/.local/lib/python3.12/site-packages/airflow/example_dags/example_python_operator.py for tasks to queue
[2025-02-04T14:09:01.053+0000] {logging_mixin.py:190} INFO - [2025-02-04T14:09:01.052+0000] {dagbag.py:588} INFO - Filling up the DagBag from /home/airflow/.local/lib/python3.12/site-packages/airflow/example_dags/example_python_operator.py
[2025-02-04T14:09:01.080+0000] {processor.py:925} INFO - DAG(s) 'example_python_operator' retrieved from /home/airflow/.local/lib/python3.12/site-packages/airflow/example_dags/example_python_operator.py
[2025-02-04T14:09:01.126+0000] {logging_mixin.py:190} INFO - [2025-02-04T14:09:01.126+0000] {dag.py:3239} INFO - Sync 1 DAGs
[2025-02-04T14:09:01.159+0000] {logging_mixin.py:190} INFO - [2025-02-04T14:09:01.158+0000] {dag.py:4180} INFO - Setting next_dagrun for example_python_operator to None, run_after=None
[2025-02-04T14:09:01.203+0000] {processor.py:208} INFO - Processing /home/airflow/.local/lib/python3.12/site-packages/airflow/example_dags/example_python_operator.py took 0.170 seconds
[2025-02-04T14:09:32.161+0000] {processor.py:186} INFO - Started process (PID=301) to work on /home/airflow/.local/lib/python3.12/site-packages/airflow/example_dags/example_python_operator.py
[2025-02-04T14:09:32.165+0000] {processor.py:914} INFO - Processing file /home/airflow/.local/lib/python3.12/site-packages/airflow/example_dags/example_python_operator.py for tasks to queue
[2025-02-04T14:09:32.168+0000] {logging_mixin.py:190} INFO - [2025-02-04T14:09:32.168+0000] {dagbag.py:588} INFO - Filling up the DagBag from /home/airflow/.local/lib/python3.12/site-packages/airflow/example_dags/example_python_operator.py
[2025-02-04T14:09:32.191+0000] {processor.py:925} INFO - DAG(s) 'example_python_operator' retrieved from /home/airflow/.local/lib/python3.12/site-packages/airflow/example_dags/example_python_operator.py
[2025-02-04T14:09:32.236+0000] {logging_mixin.py:190} INFO - [2025-02-04T14:09:32.235+0000] {dag.py:3239} INFO - Sync 1 DAGs
[2025-02-04T14:09:32.266+0000] {logging_mixin.py:190} INFO - [2025-02-04T14:09:32.266+0000] {dag.py:4180} INFO - Setting next_dagrun for example_python_operator to None, run_after=None
[2025-02-04T14:09:32.305+0000] {processor.py:208} INFO - Processing /home/airflow/.local/lib/python3.12/site-packages/airflow/example_dags/example_python_operator.py took 0.157 seconds
[2025-02-04T14:10:02.715+0000] {processor.py:186} INFO - Started process (PID=365) to work on /home/airflow/.local/lib/python3.12/site-packages/airflow/example_dags/example_python_operator.py
[2025-02-04T14:10:02.716+0000] {processor.py:914} INFO - Processing file /home/airflow/.local/lib/python3.12/site-packages/airflow/example_dags/example_python_operator.py for tasks to queue
[2025-02-04T14:10:02.721+0000] {logging_mixin.py:190} INFO - [2025-02-04T14:10:02.720+0000] {dagbag.py:588} INFO - Filling up the DagBag from /home/airflow/.local/lib/python3.12/site-packages/airflow/example_dags/example_python_operator.py
[2025-02-04T14:10:02.743+0000] {processor.py:925} INFO - DAG(s) 'example_python_operator' retrieved from /home/airflow/.local/lib/python3.12/site-packages/airflow/example_dags/example_python_operator.py
[2025-02-04T14:10:02.788+0000] {logging_mixin.py:190} INFO - [2025-02-04T14:10:02.787+0000] {dag.py:3239} INFO - Sync 1 DAGs
[2025-02-04T14:10:02.813+0000] {logging_mixin.py:190} INFO - [2025-02-04T14:10:02.813+0000] {dag.py:4180} INFO - Setting next_dagrun for example_python_operator to None, run_after=None
[2025-02-04T14:10:02.847+0000] {processor.py:208} INFO - Processing /home/airflow/.local/lib/python3.12/site-packages/airflow/example_dags/example_python_operator.py took 0.142 seconds
[2025-02-04T14:10:50.022+0000] {processor.py:186} INFO - Started process (PID=429) to work on /home/airflow/.local/lib/python3.12/site-packages/airflow/example_dags/example_python_operator.py
[2025-02-04T14:10:50.025+0000] {processor.py:914} INFO - Processing file /home/airflow/.local/lib/python3.12/site-packages/airflow/example_dags/example_python_operator.py for tasks to queue
[2025-02-04T14:10:50.030+0000] {logging_mixin.py:190} INFO - [2025-02-04T14:10:50.029+0000] {dagbag.py:588} INFO - Filling up the DagBag from /home/airflow/.local/lib/python3.12/site-packages/airflow/example_dags/example_python_operator.py
[2025-02-04T14:10:50.053+0000] {processor.py:925} INFO - DAG(s) 'example_python_operator' retrieved from /home/airflow/.local/lib/python3.12/site-packages/airflow/example_dags/example_python_operator.py
[2025-02-04T14:10:50.097+0000] {logging_mixin.py:190} INFO - [2025-02-04T14:10:50.096+0000] {dag.py:3239} INFO - Sync 1 DAGs
[2025-02-04T14:10:50.127+0000] {logging_mixin.py:190} INFO - [2025-02-04T14:10:50.126+0000] {dag.py:4180} INFO - Setting next_dagrun for example_python_operator to None, run_after=None
[2025-02-04T14:10:50.161+0000] {processor.py:208} INFO - Processing /home/airflow/.local/lib/python3.12/site-packages/airflow/example_dags/example_python_operator.py took 0.150 seconds
[2025-02-04T14:11:24.638+0000] {processor.py:186} INFO - Started process (PID=493) to work on /home/airflow/.local/lib/python3.12/site-packages/airflow/example_dags/example_python_operator.py
[2025-02-04T14:11:24.641+0000] {processor.py:914} INFO - Processing file /home/airflow/.local/lib/python3.12/site-packages/airflow/example_dags/example_python_operator.py for tasks to queue
[2025-02-04T14:11:24.648+0000] {logging_mixin.py:190} INFO - [2025-02-04T14:11:24.647+0000] {dagbag.py:588} INFO - Filling up the DagBag from /home/airflow/.local/lib/python3.12/site-packages/airflow/example_dags/example_python_operator.py
[2025-02-04T14:11:24.677+0000] {processor.py:925} INFO - DAG(s) 'example_python_operator' retrieved from /home/airflow/.local/lib/python3.12/site-packages/airflow/example_dags/example_python_operator.py
[2025-02-04T14:11:24.744+0000] {logging_mixin.py:190} INFO - [2025-02-04T14:11:24.743+0000] {dag.py:3239} INFO - Sync 1 DAGs
[2025-02-04T14:11:24.791+0000] {logging_mixin.py:190} INFO - [2025-02-04T14:11:24.790+0000] {dag.py:4180} INFO - Setting next_dagrun for example_python_operator to None, run_after=None
[2025-02-04T14:11:24.850+0000] {processor.py:208} INFO - Processing /home/airflow/.local/lib/python3.12/site-packages/airflow/example_dags/example_python_operator.py took 0.235 seconds
[2025-02-04T14:18:38.315+0000] {processor.py:186} INFO - Started process (PID=90) to work on /home/airflow/.local/lib/python3.12/site-packages/airflow/example_dags/example_python_operator.py
[2025-02-04T14:18:38.317+0000] {processor.py:914} INFO - Processing file /home/airflow/.local/lib/python3.12/site-packages/airflow/example_dags/example_python_operator.py for tasks to queue
[2025-02-04T14:18:38.322+0000] {logging_mixin.py:190} INFO - [2025-02-04T14:18:38.321+0000] {dagbag.py:588} INFO - Filling up the DagBag from /home/airflow/.local/lib/python3.12/site-packages/airflow/example_dags/example_python_operator.py
[2025-02-04T14:18:38.350+0000] {processor.py:925} INFO - DAG(s) 'example_python_operator' retrieved from /home/airflow/.local/lib/python3.12/site-packages/airflow/example_dags/example_python_operator.py
[2025-02-04T14:18:38.603+0000] {logging_mixin.py:190} INFO - [2025-02-04T14:18:38.603+0000] {dag.py:3239} INFO - Sync 1 DAGs
[2025-02-04T14:18:38.629+0000] {logging_mixin.py:190} INFO - [2025-02-04T14:18:38.629+0000] {dag.py:4180} INFO - Setting next_dagrun for example_python_operator to None, run_after=None
[2025-02-04T14:18:38.684+0000] {processor.py:208} INFO - Processing /home/airflow/.local/lib/python3.12/site-packages/airflow/example_dags/example_python_operator.py took 0.382 seconds
[2025-02-04T14:19:09.395+0000] {processor.py:186} INFO - Started process (PID=154) to work on /home/airflow/.local/lib/python3.12/site-packages/airflow/example_dags/example_python_operator.py
[2025-02-04T14:19:09.398+0000] {processor.py:914} INFO - Processing file /home/airflow/.local/lib/python3.12/site-packages/airflow/example_dags/example_python_operator.py for tasks to queue
[2025-02-04T14:19:09.402+0000] {logging_mixin.py:190} INFO - [2025-02-04T14:19:09.401+0000] {dagbag.py:588} INFO - Filling up the DagBag from /home/airflow/.local/lib/python3.12/site-packages/airflow/example_dags/example_python_operator.py
[2025-02-04T14:19:09.429+0000] {processor.py:925} INFO - DAG(s) 'example_python_operator' retrieved from /home/airflow/.local/lib/python3.12/site-packages/airflow/example_dags/example_python_operator.py
[2025-02-04T14:19:09.479+0000] {logging_mixin.py:190} INFO - [2025-02-04T14:19:09.479+0000] {dag.py:3239} INFO - Sync 1 DAGs
[2025-02-04T14:19:09.513+0000] {logging_mixin.py:190} INFO - [2025-02-04T14:19:09.511+0000] {dag.py:4180} INFO - Setting next_dagrun for example_python_operator to None, run_after=None
[2025-02-04T14:19:09.552+0000] {processor.py:208} INFO - Processing /home/airflow/.local/lib/python3.12/site-packages/airflow/example_dags/example_python_operator.py took 0.166 seconds
[2025-02-04T14:19:41.486+0000] {processor.py:186} INFO - Started process (PID=224) to work on /home/airflow/.local/lib/python3.12/site-packages/airflow/example_dags/example_python_operator.py
[2025-02-04T14:19:41.489+0000] {processor.py:914} INFO - Processing file /home/airflow/.local/lib/python3.12/site-packages/airflow/example_dags/example_python_operator.py for tasks to queue
[2025-02-04T14:19:41.493+0000] {logging_mixin.py:190} INFO - [2025-02-04T14:19:41.492+0000] {dagbag.py:588} INFO - Filling up the DagBag from /home/airflow/.local/lib/python3.12/site-packages/airflow/example_dags/example_python_operator.py
[2025-02-04T14:19:41.531+0000] {processor.py:925} INFO - DAG(s) 'example_python_operator' retrieved from /home/airflow/.local/lib/python3.12/site-packages/airflow/example_dags/example_python_operator.py
[2025-02-04T14:19:41.576+0000] {logging_mixin.py:190} INFO - [2025-02-04T14:19:41.575+0000] {dag.py:3239} INFO - Sync 1 DAGs
[2025-02-04T14:19:41.614+0000] {logging_mixin.py:190} INFO - [2025-02-04T14:19:41.613+0000] {dag.py:4180} INFO - Setting next_dagrun for example_python_operator to None, run_after=None
[2025-02-04T14:19:41.648+0000] {processor.py:208} INFO - Processing /home/airflow/.local/lib/python3.12/site-packages/airflow/example_dags/example_python_operator.py took 0.181 seconds
[2025-02-04T14:20:12.780+0000] {processor.py:186} INFO - Started process (PID=295) to work on /home/airflow/.local/lib/python3.12/site-packages/airflow/example_dags/example_python_operator.py
[2025-02-04T14:20:12.782+0000] {processor.py:914} INFO - Processing file /home/airflow/.local/lib/python3.12/site-packages/airflow/example_dags/example_python_operator.py for tasks to queue
[2025-02-04T14:20:12.784+0000] {logging_mixin.py:190} INFO - [2025-02-04T14:20:12.783+0000] {dagbag.py:588} INFO - Filling up the DagBag from /home/airflow/.local/lib/python3.12/site-packages/airflow/example_dags/example_python_operator.py
[2025-02-04T14:20:12.809+0000] {processor.py:925} INFO - DAG(s) 'example_python_operator' retrieved from /home/airflow/.local/lib/python3.12/site-packages/airflow/example_dags/example_python_operator.py
[2025-02-04T14:20:12.862+0000] {logging_mixin.py:190} INFO - [2025-02-04T14:20:12.862+0000] {dag.py:3239} INFO - Sync 1 DAGs
[2025-02-04T14:20:12.963+0000] {logging_mixin.py:190} INFO - [2025-02-04T14:20:12.962+0000] {dag.py:4180} INFO - Setting next_dagrun for example_python_operator to None, run_after=None
[2025-02-04T14:20:13.051+0000] {processor.py:208} INFO - Processing /home/airflow/.local/lib/python3.12/site-packages/airflow/example_dags/example_python_operator.py took 0.279 seconds
[2025-02-04T14:20:51.187+0000] {processor.py:186} INFO - Started process (PID=365) to work on /home/airflow/.local/lib/python3.12/site-packages/airflow/example_dags/example_python_operator.py
[2025-02-04T14:20:51.214+0000] {processor.py:914} INFO - Processing file /home/airflow/.local/lib/python3.12/site-packages/airflow/example_dags/example_python_operator.py for tasks to queue
[2025-02-04T14:20:51.218+0000] {logging_mixin.py:190} INFO - [2025-02-04T14:20:51.218+0000] {dagbag.py:588} INFO - Filling up the DagBag from /home/airflow/.local/lib/python3.12/site-packages/airflow/example_dags/example_python_operator.py
[2025-02-04T14:20:51.280+0000] {processor.py:925} INFO - DAG(s) 'example_python_operator' retrieved from /home/airflow/.local/lib/python3.12/site-packages/airflow/example_dags/example_python_operator.py
[2025-02-04T14:20:51.372+0000] {logging_mixin.py:190} INFO - [2025-02-04T14:20:51.371+0000] {dag.py:3239} INFO - Sync 1 DAGs
[2025-02-04T14:20:51.427+0000] {logging_mixin.py:190} INFO - [2025-02-04T14:20:51.426+0000] {dag.py:4180} INFO - Setting next_dagrun for example_python_operator to None, run_after=None
[2025-02-04T14:20:51.484+0000] {processor.py:208} INFO - Processing /home/airflow/.local/lib/python3.12/site-packages/airflow/example_dags/example_python_operator.py took 0.320 seconds
[2025-02-04T14:21:22.200+0000] {processor.py:186} INFO - Started process (PID=438) to work on /home/airflow/.local/lib/python3.12/site-packages/airflow/example_dags/example_python_operator.py
[2025-02-04T14:21:22.202+0000] {processor.py:914} INFO - Processing file /home/airflow/.local/lib/python3.12/site-packages/airflow/example_dags/example_python_operator.py for tasks to queue
[2025-02-04T14:21:22.206+0000] {logging_mixin.py:190} INFO - [2025-02-04T14:21:22.205+0000] {dagbag.py:588} INFO - Filling up the DagBag from /home/airflow/.local/lib/python3.12/site-packages/airflow/example_dags/example_python_operator.py
[2025-02-04T14:21:22.237+0000] {processor.py:925} INFO - DAG(s) 'example_python_operator' retrieved from /home/airflow/.local/lib/python3.12/site-packages/airflow/example_dags/example_python_operator.py
[2025-02-04T14:21:22.305+0000] {logging_mixin.py:190} INFO - [2025-02-04T14:21:22.304+0000] {dag.py:3239} INFO - Sync 1 DAGs
[2025-02-04T14:21:22.345+0000] {logging_mixin.py:190} INFO - [2025-02-04T14:21:22.345+0000] {dag.py:4180} INFO - Setting next_dagrun for example_python_operator to None, run_after=None
[2025-02-04T14:21:22.396+0000] {processor.py:208} INFO - Processing /home/airflow/.local/lib/python3.12/site-packages/airflow/example_dags/example_python_operator.py took 0.216 seconds
[2025-02-04T14:21:55.118+0000] {processor.py:186} INFO - Started process (PID=503) to work on /home/airflow/.local/lib/python3.12/site-packages/airflow/example_dags/example_python_operator.py
[2025-02-04T14:21:55.120+0000] {processor.py:914} INFO - Processing file /home/airflow/.local/lib/python3.12/site-packages/airflow/example_dags/example_python_operator.py for tasks to queue
[2025-02-04T14:21:55.124+0000] {logging_mixin.py:190} INFO - [2025-02-04T14:21:55.123+0000] {dagbag.py:588} INFO - Filling up the DagBag from /home/airflow/.local/lib/python3.12/site-packages/airflow/example_dags/example_python_operator.py
[2025-02-04T14:21:55.189+0000] {processor.py:925} INFO - DAG(s) 'example_python_operator' retrieved from /home/airflow/.local/lib/python3.12/site-packages/airflow/example_dags/example_python_operator.py
[2025-02-04T14:21:55.274+0000] {logging_mixin.py:190} INFO - [2025-02-04T14:21:55.274+0000] {dag.py:3239} INFO - Sync 1 DAGs
[2025-02-04T14:21:55.339+0000] {logging_mixin.py:190} INFO - [2025-02-04T14:21:55.339+0000] {dag.py:4180} INFO - Setting next_dagrun for example_python_operator to None, run_after=None
[2025-02-04T14:21:55.415+0000] {processor.py:208} INFO - Processing /home/airflow/.local/lib/python3.12/site-packages/airflow/example_dags/example_python_operator.py took 0.311 seconds
[2025-02-04T14:22:25.853+0000] {processor.py:186} INFO - Started process (PID=576) to work on /home/airflow/.local/lib/python3.12/site-packages/airflow/example_dags/example_python_operator.py
[2025-02-04T14:22:25.855+0000] {processor.py:914} INFO - Processing file /home/airflow/.local/lib/python3.12/site-packages/airflow/example_dags/example_python_operator.py for tasks to queue
[2025-02-04T14:22:25.858+0000] {logging_mixin.py:190} INFO - [2025-02-04T14:22:25.857+0000] {dagbag.py:588} INFO - Filling up the DagBag from /home/airflow/.local/lib/python3.12/site-packages/airflow/example_dags/example_python_operator.py
[2025-02-04T14:22:25.885+0000] {processor.py:925} INFO - DAG(s) 'example_python_operator' retrieved from /home/airflow/.local/lib/python3.12/site-packages/airflow/example_dags/example_python_operator.py
[2025-02-04T14:22:25.958+0000] {logging_mixin.py:190} INFO - [2025-02-04T14:22:25.958+0000] {dag.py:3239} INFO - Sync 1 DAGs
[2025-02-04T14:22:26.025+0000] {logging_mixin.py:190} INFO - [2025-02-04T14:22:26.025+0000] {dag.py:4180} INFO - Setting next_dagrun for example_python_operator to None, run_after=None
[2025-02-04T14:22:26.079+0000] {processor.py:208} INFO - Processing /home/airflow/.local/lib/python3.12/site-packages/airflow/example_dags/example_python_operator.py took 0.252 seconds
[2025-02-04T14:22:57.325+0000] {processor.py:186} INFO - Started process (PID=642) to work on /home/airflow/.local/lib/python3.12/site-packages/airflow/example_dags/example_python_operator.py
[2025-02-04T14:22:57.327+0000] {processor.py:914} INFO - Processing file /home/airflow/.local/lib/python3.12/site-packages/airflow/example_dags/example_python_operator.py for tasks to queue
[2025-02-04T14:22:57.329+0000] {logging_mixin.py:190} INFO - [2025-02-04T14:22:57.329+0000] {dagbag.py:588} INFO - Filling up the DagBag from /home/airflow/.local/lib/python3.12/site-packages/airflow/example_dags/example_python_operator.py
[2025-02-04T14:22:57.359+0000] {processor.py:925} INFO - DAG(s) 'example_python_operator' retrieved from /home/airflow/.local/lib/python3.12/site-packages/airflow/example_dags/example_python_operator.py
[2025-02-04T14:22:57.409+0000] {logging_mixin.py:190} INFO - [2025-02-04T14:22:57.409+0000] {dag.py:3239} INFO - Sync 1 DAGs
[2025-02-04T14:22:57.449+0000] {logging_mixin.py:190} INFO - [2025-02-04T14:22:57.449+0000] {dag.py:4180} INFO - Setting next_dagrun for example_python_operator to None, run_after=None
[2025-02-04T14:22:57.499+0000] {processor.py:208} INFO - Processing /home/airflow/.local/lib/python3.12/site-packages/airflow/example_dags/example_python_operator.py took 0.183 seconds
[2025-02-04T14:23:28.360+0000] {processor.py:186} INFO - Started process (PID=706) to work on /home/airflow/.local/lib/python3.12/site-packages/airflow/example_dags/example_python_operator.py
[2025-02-04T14:23:28.362+0000] {processor.py:914} INFO - Processing file /home/airflow/.local/lib/python3.12/site-packages/airflow/example_dags/example_python_operator.py for tasks to queue
[2025-02-04T14:23:28.364+0000] {logging_mixin.py:190} INFO - [2025-02-04T14:23:28.364+0000] {dagbag.py:588} INFO - Filling up the DagBag from /home/airflow/.local/lib/python3.12/site-packages/airflow/example_dags/example_python_operator.py
[2025-02-04T14:23:28.388+0000] {processor.py:925} INFO - DAG(s) 'example_python_operator' retrieved from /home/airflow/.local/lib/python3.12/site-packages/airflow/example_dags/example_python_operator.py
[2025-02-04T14:23:28.430+0000] {logging_mixin.py:190} INFO - [2025-02-04T14:23:28.429+0000] {dag.py:3239} INFO - Sync 1 DAGs
[2025-02-04T14:23:28.459+0000] {logging_mixin.py:190} INFO - [2025-02-04T14:23:28.459+0000] {dag.py:4180} INFO - Setting next_dagrun for example_python_operator to None, run_after=None
[2025-02-04T14:23:28.494+0000] {processor.py:208} INFO - Processing /home/airflow/.local/lib/python3.12/site-packages/airflow/example_dags/example_python_operator.py took 0.146 seconds
[2025-02-04T14:23:59.210+0000] {processor.py:186} INFO - Started process (PID=769) to work on /home/airflow/.local/lib/python3.12/site-packages/airflow/example_dags/example_python_operator.py
[2025-02-04T14:23:59.211+0000] {processor.py:914} INFO - Processing file /home/airflow/.local/lib/python3.12/site-packages/airflow/example_dags/example_python_operator.py for tasks to queue
[2025-02-04T14:23:59.214+0000] {logging_mixin.py:190} INFO - [2025-02-04T14:23:59.213+0000] {dagbag.py:588} INFO - Filling up the DagBag from /home/airflow/.local/lib/python3.12/site-packages/airflow/example_dags/example_python_operator.py
[2025-02-04T14:23:59.243+0000] {processor.py:925} INFO - DAG(s) 'example_python_operator' retrieved from /home/airflow/.local/lib/python3.12/site-packages/airflow/example_dags/example_python_operator.py
[2025-02-04T14:23:59.327+0000] {logging_mixin.py:190} INFO - [2025-02-04T14:23:59.327+0000] {dag.py:3239} INFO - Sync 1 DAGs
[2025-02-04T14:23:59.412+0000] {logging_mixin.py:190} INFO - [2025-02-04T14:23:59.411+0000] {dag.py:4180} INFO - Setting next_dagrun for example_python_operator to None, run_after=None
[2025-02-04T14:23:59.551+0000] {processor.py:208} INFO - Processing /home/airflow/.local/lib/python3.12/site-packages/airflow/example_dags/example_python_operator.py took 0.353 seconds
[2025-02-04T14:24:40.277+0000] {processor.py:186} INFO - Started process (PID=844) to work on /home/airflow/.local/lib/python3.12/site-packages/airflow/example_dags/example_python_operator.py
[2025-02-04T14:24:40.283+0000] {processor.py:914} INFO - Processing file /home/airflow/.local/lib/python3.12/site-packages/airflow/example_dags/example_python_operator.py for tasks to queue
[2025-02-04T14:24:40.293+0000] {logging_mixin.py:190} INFO - [2025-02-04T14:24:40.292+0000] {dagbag.py:588} INFO - Filling up the DagBag from /home/airflow/.local/lib/python3.12/site-packages/airflow/example_dags/example_python_operator.py
[2025-02-04T14:24:40.345+0000] {processor.py:925} INFO - DAG(s) 'example_python_operator' retrieved from /home/airflow/.local/lib/python3.12/site-packages/airflow/example_dags/example_python_operator.py
[2025-02-04T14:24:40.419+0000] {logging_mixin.py:190} INFO - [2025-02-04T14:24:40.418+0000] {dag.py:3239} INFO - Sync 1 DAGs
[2025-02-04T14:24:40.472+0000] {logging_mixin.py:190} INFO - [2025-02-04T14:24:40.471+0000] {dag.py:4180} INFO - Setting next_dagrun for example_python_operator to None, run_after=None
[2025-02-04T14:24:40.555+0000] {processor.py:208} INFO - Processing /home/airflow/.local/lib/python3.12/site-packages/airflow/example_dags/example_python_operator.py took 0.304 seconds
[2025-02-04T14:32:40.758+0000] {processor.py:186} INFO - Started process (PID=102) to work on /home/airflow/.local/lib/python3.12/site-packages/airflow/example_dags/example_python_operator.py
[2025-02-04T14:32:40.785+0000] {processor.py:914} INFO - Processing file /home/airflow/.local/lib/python3.12/site-packages/airflow/example_dags/example_python_operator.py for tasks to queue
[2025-02-04T14:32:40.918+0000] {logging_mixin.py:190} INFO - [2025-02-04T14:32:40.914+0000] {dagbag.py:588} INFO - Filling up the DagBag from /home/airflow/.local/lib/python3.12/site-packages/airflow/example_dags/example_python_operator.py
[2025-02-04T14:32:41.282+0000] {processor.py:925} INFO - DAG(s) 'example_python_operator' retrieved from /home/airflow/.local/lib/python3.12/site-packages/airflow/example_dags/example_python_operator.py
[2025-02-04T14:32:42.193+0000] {logging_mixin.py:190} INFO - [2025-02-04T14:32:42.191+0000] {override.py:1911} INFO - Created Permission View: can delete on DAG:example_python_operator
[2025-02-04T14:32:42.238+0000] {logging_mixin.py:190} INFO - [2025-02-04T14:32:42.238+0000] {override.py:1911} INFO - Created Permission View: can read on DAG:example_python_operator
[2025-02-04T14:32:42.281+0000] {logging_mixin.py:190} INFO - [2025-02-04T14:32:42.280+0000] {override.py:1911} INFO - Created Permission View: can edit on DAG:example_python_operator
[2025-02-04T14:32:42.320+0000] {logging_mixin.py:190} INFO - [2025-02-04T14:32:42.319+0000] {override.py:1911} INFO - Created Permission View: can create on DAG Run:example_python_operator
[2025-02-04T14:32:42.358+0000] {logging_mixin.py:190} INFO - [2025-02-04T14:32:42.358+0000] {override.py:1911} INFO - Created Permission View: can delete on DAG Run:example_python_operator
[2025-02-04T14:32:42.393+0000] {logging_mixin.py:190} INFO - [2025-02-04T14:32:42.392+0000] {override.py:1911} INFO - Created Permission View: can read on DAG Run:example_python_operator
[2025-02-04T14:32:42.436+0000] {logging_mixin.py:190} INFO - [2025-02-04T14:32:42.435+0000] {override.py:1911} INFO - Created Permission View: menu access on DAG Run:example_python_operator
[2025-02-04T14:32:42.446+0000] {logging_mixin.py:190} INFO - [2025-02-04T14:32:42.444+0000] {dag.py:3239} INFO - Sync 1 DAGs
[2025-02-04T14:32:42.502+0000] {logging_mixin.py:190} INFO - [2025-02-04T14:32:42.501+0000] {dag.py:3262} INFO - Creating ORM DAG for example_python_operator
[2025-02-04T14:32:42.507+0000] {logging_mixin.py:190} INFO - [2025-02-04T14:32:42.507+0000] {dag.py:4180} INFO - Setting next_dagrun for example_python_operator to None, run_after=None
[2025-02-04T14:32:42.582+0000] {processor.py:208} INFO - Processing /home/airflow/.local/lib/python3.12/site-packages/airflow/example_dags/example_python_operator.py took 3.375 seconds
[2025-02-04T14:33:17.129+0000] {processor.py:186} INFO - Started process (PID=172) to work on /home/airflow/.local/lib/python3.12/site-packages/airflow/example_dags/example_python_operator.py
[2025-02-04T14:33:17.626+0000] {processor.py:914} INFO - Processing file /home/airflow/.local/lib/python3.12/site-packages/airflow/example_dags/example_python_operator.py for tasks to queue
[2025-02-04T14:33:17.633+0000] {logging_mixin.py:190} INFO - [2025-02-04T14:33:17.631+0000] {dagbag.py:588} INFO - Filling up the DagBag from /home/airflow/.local/lib/python3.12/site-packages/airflow/example_dags/example_python_operator.py
[2025-02-04T14:33:17.667+0000] {processor.py:925} INFO - DAG(s) 'example_python_operator' retrieved from /home/airflow/.local/lib/python3.12/site-packages/airflow/example_dags/example_python_operator.py
[2025-02-04T14:33:17.706+0000] {logging_mixin.py:190} INFO - [2025-02-04T14:33:17.706+0000] {dag.py:3239} INFO - Sync 1 DAGs
[2025-02-04T14:33:17.731+0000] {logging_mixin.py:190} INFO - [2025-02-04T14:33:17.731+0000] {dag.py:4180} INFO - Setting next_dagrun for example_python_operator to None, run_after=None
[2025-02-04T14:33:17.810+0000] {processor.py:208} INFO - Processing /home/airflow/.local/lib/python3.12/site-packages/airflow/example_dags/example_python_operator.py took 0.217 seconds
[2025-02-04T14:33:48.555+0000] {processor.py:186} INFO - Started process (PID=236) to work on /home/airflow/.local/lib/python3.12/site-packages/airflow/example_dags/example_python_operator.py
[2025-02-04T14:33:48.557+0000] {processor.py:914} INFO - Processing file /home/airflow/.local/lib/python3.12/site-packages/airflow/example_dags/example_python_operator.py for tasks to queue
[2025-02-04T14:33:48.563+0000] {logging_mixin.py:190} INFO - [2025-02-04T14:33:48.562+0000] {dagbag.py:588} INFO - Filling up the DagBag from /home/airflow/.local/lib/python3.12/site-packages/airflow/example_dags/example_python_operator.py
[2025-02-04T14:33:48.595+0000] {processor.py:925} INFO - DAG(s) 'example_python_operator' retrieved from /home/airflow/.local/lib/python3.12/site-packages/airflow/example_dags/example_python_operator.py
[2025-02-04T14:33:48.641+0000] {logging_mixin.py:190} INFO - [2025-02-04T14:33:48.641+0000] {dag.py:3239} INFO - Sync 1 DAGs
[2025-02-04T14:33:48.676+0000] {logging_mixin.py:190} INFO - [2025-02-04T14:33:48.676+0000] {dag.py:4180} INFO - Setting next_dagrun for example_python_operator to None, run_after=None
[2025-02-04T14:33:48.716+0000] {processor.py:208} INFO - Processing /home/airflow/.local/lib/python3.12/site-packages/airflow/example_dags/example_python_operator.py took 0.192 seconds
[2025-02-04T14:34:20.049+0000] {processor.py:186} INFO - Started process (PID=300) to work on /home/airflow/.local/lib/python3.12/site-packages/airflow/example_dags/example_python_operator.py
[2025-02-04T14:34:20.052+0000] {processor.py:914} INFO - Processing file /home/airflow/.local/lib/python3.12/site-packages/airflow/example_dags/example_python_operator.py for tasks to queue
[2025-02-04T14:34:20.057+0000] {logging_mixin.py:190} INFO - [2025-02-04T14:34:20.057+0000] {dagbag.py:588} INFO - Filling up the DagBag from /home/airflow/.local/lib/python3.12/site-packages/airflow/example_dags/example_python_operator.py
[2025-02-04T14:34:20.093+0000] {processor.py:925} INFO - DAG(s) 'example_python_operator' retrieved from /home/airflow/.local/lib/python3.12/site-packages/airflow/example_dags/example_python_operator.py
[2025-02-04T14:34:20.186+0000] {logging_mixin.py:190} INFO - [2025-02-04T14:34:20.185+0000] {dag.py:3239} INFO - Sync 1 DAGs
[2025-02-04T14:34:20.243+0000] {logging_mixin.py:190} INFO - [2025-02-04T14:34:20.242+0000] {dag.py:4180} INFO - Setting next_dagrun for example_python_operator to None, run_after=None
[2025-02-04T14:34:20.298+0000] {processor.py:208} INFO - Processing /home/airflow/.local/lib/python3.12/site-packages/airflow/example_dags/example_python_operator.py took 0.267 seconds
[2025-02-04T14:34:51.761+0000] {processor.py:186} INFO - Started process (PID=364) to work on /home/airflow/.local/lib/python3.12/site-packages/airflow/example_dags/example_python_operator.py
[2025-02-04T14:34:51.763+0000] {processor.py:914} INFO - Processing file /home/airflow/.local/lib/python3.12/site-packages/airflow/example_dags/example_python_operator.py for tasks to queue
[2025-02-04T14:34:51.770+0000] {logging_mixin.py:190} INFO - [2025-02-04T14:34:51.769+0000] {dagbag.py:588} INFO - Filling up the DagBag from /home/airflow/.local/lib/python3.12/site-packages/airflow/example_dags/example_python_operator.py
[2025-02-04T14:34:51.797+0000] {processor.py:925} INFO - DAG(s) 'example_python_operator' retrieved from /home/airflow/.local/lib/python3.12/site-packages/airflow/example_dags/example_python_operator.py
[2025-02-04T14:34:51.849+0000] {logging_mixin.py:190} INFO - [2025-02-04T14:34:51.849+0000] {dag.py:3239} INFO - Sync 1 DAGs
[2025-02-04T14:34:51.889+0000] {logging_mixin.py:190} INFO - [2025-02-04T14:34:51.889+0000] {dag.py:4180} INFO - Setting next_dagrun for example_python_operator to None, run_after=None
[2025-02-04T14:34:51.935+0000] {processor.py:208} INFO - Processing /home/airflow/.local/lib/python3.12/site-packages/airflow/example_dags/example_python_operator.py took 0.195 seconds
[2025-02-04T14:35:22.675+0000] {processor.py:186} INFO - Started process (PID=427) to work on /home/airflow/.local/lib/python3.12/site-packages/airflow/example_dags/example_python_operator.py
[2025-02-04T14:35:22.676+0000] {processor.py:914} INFO - Processing file /home/airflow/.local/lib/python3.12/site-packages/airflow/example_dags/example_python_operator.py for tasks to queue
[2025-02-04T14:35:22.680+0000] {logging_mixin.py:190} INFO - [2025-02-04T14:35:22.680+0000] {dagbag.py:588} INFO - Filling up the DagBag from /home/airflow/.local/lib/python3.12/site-packages/airflow/example_dags/example_python_operator.py
[2025-02-04T14:35:22.698+0000] {processor.py:925} INFO - DAG(s) 'example_python_operator' retrieved from /home/airflow/.local/lib/python3.12/site-packages/airflow/example_dags/example_python_operator.py
[2025-02-04T14:35:22.730+0000] {logging_mixin.py:190} INFO - [2025-02-04T14:35:22.729+0000] {dag.py:3239} INFO - Sync 1 DAGs
[2025-02-04T14:35:22.750+0000] {logging_mixin.py:190} INFO - [2025-02-04T14:35:22.750+0000] {dag.py:4180} INFO - Setting next_dagrun for example_python_operator to None, run_after=None
[2025-02-04T14:35:22.780+0000] {processor.py:208} INFO - Processing /home/airflow/.local/lib/python3.12/site-packages/airflow/example_dags/example_python_operator.py took 0.115 seconds
[2025-02-04T14:35:55.487+0000] {processor.py:186} INFO - Started process (PID=490) to work on /home/airflow/.local/lib/python3.12/site-packages/airflow/example_dags/example_python_operator.py
[2025-02-04T14:35:55.490+0000] {processor.py:914} INFO - Processing file /home/airflow/.local/lib/python3.12/site-packages/airflow/example_dags/example_python_operator.py for tasks to queue
[2025-02-04T14:35:55.495+0000] {logging_mixin.py:190} INFO - [2025-02-04T14:35:55.494+0000] {dagbag.py:588} INFO - Filling up the DagBag from /home/airflow/.local/lib/python3.12/site-packages/airflow/example_dags/example_python_operator.py
[2025-02-04T14:35:55.526+0000] {processor.py:925} INFO - DAG(s) 'example_python_operator' retrieved from /home/airflow/.local/lib/python3.12/site-packages/airflow/example_dags/example_python_operator.py
[2025-02-04T14:35:55.601+0000] {logging_mixin.py:190} INFO - [2025-02-04T14:35:55.601+0000] {dag.py:3239} INFO - Sync 1 DAGs
[2025-02-04T14:35:55.641+0000] {logging_mixin.py:190} INFO - [2025-02-04T14:35:55.641+0000] {dag.py:4180} INFO - Setting next_dagrun for example_python_operator to None, run_after=None
[2025-02-04T14:35:55.690+0000] {processor.py:208} INFO - Processing /home/airflow/.local/lib/python3.12/site-packages/airflow/example_dags/example_python_operator.py took 0.219 seconds
[2025-02-04T14:36:43.346+0000] {processor.py:186} INFO - Started process (PID=555) to work on /home/airflow/.local/lib/python3.12/site-packages/airflow/example_dags/example_python_operator.py
[2025-02-04T14:36:43.348+0000] {processor.py:914} INFO - Processing file /home/airflow/.local/lib/python3.12/site-packages/airflow/example_dags/example_python_operator.py for tasks to queue
[2025-02-04T14:36:43.354+0000] {logging_mixin.py:190} INFO - [2025-02-04T14:36:43.353+0000] {dagbag.py:588} INFO - Filling up the DagBag from /home/airflow/.local/lib/python3.12/site-packages/airflow/example_dags/example_python_operator.py
[2025-02-04T14:36:43.385+0000] {processor.py:925} INFO - DAG(s) 'example_python_operator' retrieved from /home/airflow/.local/lib/python3.12/site-packages/airflow/example_dags/example_python_operator.py
[2025-02-04T14:36:43.435+0000] {logging_mixin.py:190} INFO - [2025-02-04T14:36:43.435+0000] {dag.py:3239} INFO - Sync 1 DAGs
[2025-02-04T14:36:43.472+0000] {logging_mixin.py:190} INFO - [2025-02-04T14:36:43.472+0000] {dag.py:4180} INFO - Setting next_dagrun for example_python_operator to None, run_after=None
[2025-02-04T14:36:43.514+0000] {processor.py:208} INFO - Processing /home/airflow/.local/lib/python3.12/site-packages/airflow/example_dags/example_python_operator.py took 0.180 seconds
[2025-02-04T14:37:14.434+0000] {processor.py:186} INFO - Started process (PID=620) to work on /home/airflow/.local/lib/python3.12/site-packages/airflow/example_dags/example_python_operator.py
[2025-02-04T14:37:14.437+0000] {processor.py:914} INFO - Processing file /home/airflow/.local/lib/python3.12/site-packages/airflow/example_dags/example_python_operator.py for tasks to queue
[2025-02-04T14:37:14.443+0000] {logging_mixin.py:190} INFO - [2025-02-04T14:37:14.442+0000] {dagbag.py:588} INFO - Filling up the DagBag from /home/airflow/.local/lib/python3.12/site-packages/airflow/example_dags/example_python_operator.py
[2025-02-04T14:37:14.485+0000] {processor.py:925} INFO - DAG(s) 'example_python_operator' retrieved from /home/airflow/.local/lib/python3.12/site-packages/airflow/example_dags/example_python_operator.py
[2025-02-04T14:37:14.535+0000] {logging_mixin.py:190} INFO - [2025-02-04T14:37:14.535+0000] {dag.py:3239} INFO - Sync 1 DAGs
[2025-02-04T14:37:14.570+0000] {logging_mixin.py:190} INFO - [2025-02-04T14:37:14.569+0000] {dag.py:4180} INFO - Setting next_dagrun for example_python_operator to None, run_after=None
[2025-02-04T14:37:14.606+0000] {processor.py:208} INFO - Processing /home/airflow/.local/lib/python3.12/site-packages/airflow/example_dags/example_python_operator.py took 0.187 seconds
[2025-02-04T14:37:49.763+0000] {processor.py:186} INFO - Started process (PID=683) to work on /home/airflow/.local/lib/python3.12/site-packages/airflow/example_dags/example_python_operator.py
[2025-02-04T14:37:49.765+0000] {processor.py:914} INFO - Processing file /home/airflow/.local/lib/python3.12/site-packages/airflow/example_dags/example_python_operator.py for tasks to queue
[2025-02-04T14:37:49.773+0000] {logging_mixin.py:190} INFO - [2025-02-04T14:37:49.772+0000] {dagbag.py:588} INFO - Filling up the DagBag from /home/airflow/.local/lib/python3.12/site-packages/airflow/example_dags/example_python_operator.py
[2025-02-04T14:37:49.880+0000] {processor.py:925} INFO - DAG(s) 'example_python_operator' retrieved from /home/airflow/.local/lib/python3.12/site-packages/airflow/example_dags/example_python_operator.py
[2025-02-04T14:37:49.949+0000] {logging_mixin.py:190} INFO - [2025-02-04T14:37:49.948+0000] {dag.py:3239} INFO - Sync 1 DAGs
[2025-02-04T14:37:49.995+0000] {logging_mixin.py:190} INFO - [2025-02-04T14:37:49.991+0000] {dag.py:4180} INFO - Setting next_dagrun for example_python_operator to None, run_after=None
[2025-02-04T14:37:50.052+0000] {processor.py:208} INFO - Processing /home/airflow/.local/lib/python3.12/site-packages/airflow/example_dags/example_python_operator.py took 0.306 seconds
[2025-02-04T14:38:20.570+0000] {processor.py:186} INFO - Started process (PID=748) to work on /home/airflow/.local/lib/python3.12/site-packages/airflow/example_dags/example_python_operator.py
[2025-02-04T14:38:20.572+0000] {processor.py:914} INFO - Processing file /home/airflow/.local/lib/python3.12/site-packages/airflow/example_dags/example_python_operator.py for tasks to queue
[2025-02-04T14:38:20.576+0000] {logging_mixin.py:190} INFO - [2025-02-04T14:38:20.575+0000] {dagbag.py:588} INFO - Filling up the DagBag from /home/airflow/.local/lib/python3.12/site-packages/airflow/example_dags/example_python_operator.py
[2025-02-04T14:38:20.599+0000] {processor.py:925} INFO - DAG(s) 'example_python_operator' retrieved from /home/airflow/.local/lib/python3.12/site-packages/airflow/example_dags/example_python_operator.py
[2025-02-04T14:38:20.652+0000] {logging_mixin.py:190} INFO - [2025-02-04T14:38:20.651+0000] {dag.py:3239} INFO - Sync 1 DAGs
[2025-02-04T14:38:20.691+0000] {logging_mixin.py:190} INFO - [2025-02-04T14:38:20.690+0000] {dag.py:4180} INFO - Setting next_dagrun for example_python_operator to None, run_after=None
[2025-02-04T14:38:20.731+0000] {processor.py:208} INFO - Processing /home/airflow/.local/lib/python3.12/site-packages/airflow/example_dags/example_python_operator.py took 0.173 seconds
[2025-02-04T14:38:55.628+0000] {processor.py:186} INFO - Started process (PID=816) to work on /home/airflow/.local/lib/python3.12/site-packages/airflow/example_dags/example_python_operator.py
[2025-02-04T14:38:55.631+0000] {processor.py:914} INFO - Processing file /home/airflow/.local/lib/python3.12/site-packages/airflow/example_dags/example_python_operator.py for tasks to queue
[2025-02-04T14:38:55.636+0000] {logging_mixin.py:190} INFO - [2025-02-04T14:38:55.635+0000] {dagbag.py:588} INFO - Filling up the DagBag from /home/airflow/.local/lib/python3.12/site-packages/airflow/example_dags/example_python_operator.py
[2025-02-04T14:38:55.660+0000] {processor.py:925} INFO - DAG(s) 'example_python_operator' retrieved from /home/airflow/.local/lib/python3.12/site-packages/airflow/example_dags/example_python_operator.py
[2025-02-04T14:38:55.699+0000] {logging_mixin.py:190} INFO - [2025-02-04T14:38:55.699+0000] {dag.py:3239} INFO - Sync 1 DAGs
[2025-02-04T14:38:55.746+0000] {logging_mixin.py:190} INFO - [2025-02-04T14:38:55.746+0000] {dag.py:4180} INFO - Setting next_dagrun for example_python_operator to None, run_after=None
[2025-02-04T14:38:55.796+0000] {processor.py:208} INFO - Processing /home/airflow/.local/lib/python3.12/site-packages/airflow/example_dags/example_python_operator.py took 0.177 seconds
[2025-02-04T14:39:25.886+0000] {processor.py:186} INFO - Started process (PID=881) to work on /home/airflow/.local/lib/python3.12/site-packages/airflow/example_dags/example_python_operator.py
[2025-02-04T14:39:25.887+0000] {processor.py:914} INFO - Processing file /home/airflow/.local/lib/python3.12/site-packages/airflow/example_dags/example_python_operator.py for tasks to queue
[2025-02-04T14:39:25.891+0000] {logging_mixin.py:190} INFO - [2025-02-04T14:39:25.891+0000] {dagbag.py:588} INFO - Filling up the DagBag from /home/airflow/.local/lib/python3.12/site-packages/airflow/example_dags/example_python_operator.py
[2025-02-04T14:39:25.909+0000] {processor.py:925} INFO - DAG(s) 'example_python_operator' retrieved from /home/airflow/.local/lib/python3.12/site-packages/airflow/example_dags/example_python_operator.py
[2025-02-04T14:39:25.942+0000] {logging_mixin.py:190} INFO - [2025-02-04T14:39:25.942+0000] {dag.py:3239} INFO - Sync 1 DAGs
[2025-02-04T14:39:25.967+0000] {logging_mixin.py:190} INFO - [2025-02-04T14:39:25.967+0000] {dag.py:4180} INFO - Setting next_dagrun for example_python_operator to None, run_after=None
[2025-02-04T14:39:25.996+0000] {processor.py:208} INFO - Processing /home/airflow/.local/lib/python3.12/site-packages/airflow/example_dags/example_python_operator.py took 0.119 seconds
[2025-02-04T14:39:57.091+0000] {processor.py:186} INFO - Started process (PID=944) to work on /home/airflow/.local/lib/python3.12/site-packages/airflow/example_dags/example_python_operator.py
[2025-02-04T14:39:57.092+0000] {processor.py:914} INFO - Processing file /home/airflow/.local/lib/python3.12/site-packages/airflow/example_dags/example_python_operator.py for tasks to queue
[2025-02-04T14:39:57.096+0000] {logging_mixin.py:190} INFO - [2025-02-04T14:39:57.095+0000] {dagbag.py:588} INFO - Filling up the DagBag from /home/airflow/.local/lib/python3.12/site-packages/airflow/example_dags/example_python_operator.py
[2025-02-04T14:39:57.113+0000] {processor.py:925} INFO - DAG(s) 'example_python_operator' retrieved from /home/airflow/.local/lib/python3.12/site-packages/airflow/example_dags/example_python_operator.py
[2025-02-04T14:39:57.145+0000] {logging_mixin.py:190} INFO - [2025-02-04T14:39:57.144+0000] {dag.py:3239} INFO - Sync 1 DAGs
[2025-02-04T14:39:57.164+0000] {logging_mixin.py:190} INFO - [2025-02-04T14:39:57.164+0000] {dag.py:4180} INFO - Setting next_dagrun for example_python_operator to None, run_after=None
[2025-02-04T14:39:57.193+0000] {processor.py:208} INFO - Processing /home/airflow/.local/lib/python3.12/site-packages/airflow/example_dags/example_python_operator.py took 0.111 seconds
[2025-02-04T14:40:29.386+0000] {processor.py:186} INFO - Started process (PID=1016) to work on /home/airflow/.local/lib/python3.12/site-packages/airflow/example_dags/example_python_operator.py
[2025-02-04T14:40:29.388+0000] {processor.py:914} INFO - Processing file /home/airflow/.local/lib/python3.12/site-packages/airflow/example_dags/example_python_operator.py for tasks to queue
[2025-02-04T14:40:29.397+0000] {logging_mixin.py:190} INFO - [2025-02-04T14:40:29.395+0000] {dagbag.py:588} INFO - Filling up the DagBag from /home/airflow/.local/lib/python3.12/site-packages/airflow/example_dags/example_python_operator.py
[2025-02-04T14:40:29.900+0000] {processor.py:925} INFO - DAG(s) 'example_python_operator' retrieved from /home/airflow/.local/lib/python3.12/site-packages/airflow/example_dags/example_python_operator.py
[2025-02-04T14:40:30.016+0000] {logging_mixin.py:190} INFO - [2025-02-04T14:40:30.016+0000] {dag.py:3239} INFO - Sync 1 DAGs
[2025-02-04T14:40:30.105+0000] {logging_mixin.py:190} INFO - [2025-02-04T14:40:30.104+0000] {dag.py:4180} INFO - Setting next_dagrun for example_python_operator to None, run_after=None
[2025-02-04T14:40:30.697+0000] {processor.py:208} INFO - Processing /home/airflow/.local/lib/python3.12/site-packages/airflow/example_dags/example_python_operator.py took 0.375 seconds
[2025-02-04T14:41:00.934+0000] {processor.py:186} INFO - Started process (PID=1080) to work on /home/airflow/.local/lib/python3.12/site-packages/airflow/example_dags/example_python_operator.py
[2025-02-04T14:41:00.945+0000] {processor.py:914} INFO - Processing file /home/airflow/.local/lib/python3.12/site-packages/airflow/example_dags/example_python_operator.py for tasks to queue
[2025-02-04T14:41:00.962+0000] {logging_mixin.py:190} INFO - [2025-02-04T14:41:00.955+0000] {dagbag.py:588} INFO - Filling up the DagBag from /home/airflow/.local/lib/python3.12/site-packages/airflow/example_dags/example_python_operator.py
[2025-02-04T14:41:01.008+0000] {processor.py:925} INFO - DAG(s) 'example_python_operator' retrieved from /home/airflow/.local/lib/python3.12/site-packages/airflow/example_dags/example_python_operator.py
[2025-02-04T14:41:01.569+0000] {logging_mixin.py:190} INFO - [2025-02-04T14:41:01.568+0000] {dag.py:3239} INFO - Sync 1 DAGs
[2025-02-04T14:41:01.598+0000] {logging_mixin.py:190} INFO - [2025-02-04T14:41:01.598+0000] {dag.py:4180} INFO - Setting next_dagrun for example_python_operator to None, run_after=None
[2025-02-04T14:41:01.638+0000] {processor.py:208} INFO - Processing /home/airflow/.local/lib/python3.12/site-packages/airflow/example_dags/example_python_operator.py took 0.218 seconds
[2025-02-04T14:41:32.782+0000] {processor.py:186} INFO - Started process (PID=1143) to work on /home/airflow/.local/lib/python3.12/site-packages/airflow/example_dags/example_python_operator.py
[2025-02-04T14:41:32.784+0000] {processor.py:914} INFO - Processing file /home/airflow/.local/lib/python3.12/site-packages/airflow/example_dags/example_python_operator.py for tasks to queue
[2025-02-04T14:41:32.789+0000] {logging_mixin.py:190} INFO - [2025-02-04T14:41:32.787+0000] {dagbag.py:588} INFO - Filling up the DagBag from /home/airflow/.local/lib/python3.12/site-packages/airflow/example_dags/example_python_operator.py
[2025-02-04T14:41:32.811+0000] {processor.py:925} INFO - DAG(s) 'example_python_operator' retrieved from /home/airflow/.local/lib/python3.12/site-packages/airflow/example_dags/example_python_operator.py
[2025-02-04T14:41:32.852+0000] {logging_mixin.py:190} INFO - [2025-02-04T14:41:32.851+0000] {dag.py:3239} INFO - Sync 1 DAGs
[2025-02-04T14:41:32.895+0000] {logging_mixin.py:190} INFO - [2025-02-04T14:41:32.895+0000] {dag.py:4180} INFO - Setting next_dagrun for example_python_operator to None, run_after=None
[2025-02-04T14:41:32.957+0000] {processor.py:208} INFO - Processing /home/airflow/.local/lib/python3.12/site-packages/airflow/example_dags/example_python_operator.py took 0.184 seconds
[2025-02-04T14:42:03.650+0000] {processor.py:186} INFO - Started process (PID=1207) to work on /home/airflow/.local/lib/python3.12/site-packages/airflow/example_dags/example_python_operator.py
[2025-02-04T14:42:03.652+0000] {processor.py:914} INFO - Processing file /home/airflow/.local/lib/python3.12/site-packages/airflow/example_dags/example_python_operator.py for tasks to queue
[2025-02-04T14:42:03.657+0000] {logging_mixin.py:190} INFO - [2025-02-04T14:42:03.656+0000] {dagbag.py:588} INFO - Filling up the DagBag from /home/airflow/.local/lib/python3.12/site-packages/airflow/example_dags/example_python_operator.py
[2025-02-04T14:42:03.684+0000] {processor.py:925} INFO - DAG(s) 'example_python_operator' retrieved from /home/airflow/.local/lib/python3.12/site-packages/airflow/example_dags/example_python_operator.py
[2025-02-04T14:42:03.733+0000] {logging_mixin.py:190} INFO - [2025-02-04T14:42:03.733+0000] {dag.py:3239} INFO - Sync 1 DAGs
[2025-02-04T14:42:03.764+0000] {logging_mixin.py:190} INFO - [2025-02-04T14:42:03.764+0000] {dag.py:4180} INFO - Setting next_dagrun for example_python_operator to None, run_after=None
[2025-02-04T14:42:03.793+0000] {processor.py:208} INFO - Processing /home/airflow/.local/lib/python3.12/site-packages/airflow/example_dags/example_python_operator.py took 0.158 seconds
[2025-02-04T14:42:34.384+0000] {processor.py:186} INFO - Started process (PID=1271) to work on /home/airflow/.local/lib/python3.12/site-packages/airflow/example_dags/example_python_operator.py
[2025-02-04T14:42:34.385+0000] {processor.py:914} INFO - Processing file /home/airflow/.local/lib/python3.12/site-packages/airflow/example_dags/example_python_operator.py for tasks to queue
[2025-02-04T14:42:34.389+0000] {logging_mixin.py:190} INFO - [2025-02-04T14:42:34.389+0000] {dagbag.py:588} INFO - Filling up the DagBag from /home/airflow/.local/lib/python3.12/site-packages/airflow/example_dags/example_python_operator.py
[2025-02-04T14:42:34.411+0000] {processor.py:925} INFO - DAG(s) 'example_python_operator' retrieved from /home/airflow/.local/lib/python3.12/site-packages/airflow/example_dags/example_python_operator.py
[2025-02-04T14:42:34.448+0000] {logging_mixin.py:190} INFO - [2025-02-04T14:42:34.448+0000] {dag.py:3239} INFO - Sync 1 DAGs
[2025-02-04T14:42:34.480+0000] {logging_mixin.py:190} INFO - [2025-02-04T14:42:34.479+0000] {dag.py:4180} INFO - Setting next_dagrun for example_python_operator to None, run_after=None
[2025-02-04T14:42:34.513+0000] {processor.py:208} INFO - Processing /home/airflow/.local/lib/python3.12/site-packages/airflow/example_dags/example_python_operator.py took 0.141 seconds
[2025-02-04T14:43:05.572+0000] {processor.py:186} INFO - Started process (PID=1334) to work on /home/airflow/.local/lib/python3.12/site-packages/airflow/example_dags/example_python_operator.py
[2025-02-04T14:43:05.573+0000] {processor.py:914} INFO - Processing file /home/airflow/.local/lib/python3.12/site-packages/airflow/example_dags/example_python_operator.py for tasks to queue
[2025-02-04T14:43:05.578+0000] {logging_mixin.py:190} INFO - [2025-02-04T14:43:05.577+0000] {dagbag.py:588} INFO - Filling up the DagBag from /home/airflow/.local/lib/python3.12/site-packages/airflow/example_dags/example_python_operator.py
[2025-02-04T14:43:05.598+0000] {processor.py:925} INFO - DAG(s) 'example_python_operator' retrieved from /home/airflow/.local/lib/python3.12/site-packages/airflow/example_dags/example_python_operator.py
[2025-02-04T14:43:05.634+0000] {logging_mixin.py:190} INFO - [2025-02-04T14:43:05.634+0000] {dag.py:3239} INFO - Sync 1 DAGs
[2025-02-04T14:43:05.657+0000] {logging_mixin.py:190} INFO - [2025-02-04T14:43:05.656+0000] {dag.py:4180} INFO - Setting next_dagrun for example_python_operator to None, run_after=None
[2025-02-04T14:43:05.687+0000] {processor.py:208} INFO - Processing /home/airflow/.local/lib/python3.12/site-packages/airflow/example_dags/example_python_operator.py took 0.126 seconds
[2025-02-04T14:43:35.849+0000] {processor.py:186} INFO - Started process (PID=1398) to work on /home/airflow/.local/lib/python3.12/site-packages/airflow/example_dags/example_python_operator.py
[2025-02-04T14:43:35.851+0000] {processor.py:914} INFO - Processing file /home/airflow/.local/lib/python3.12/site-packages/airflow/example_dags/example_python_operator.py for tasks to queue
[2025-02-04T14:43:35.856+0000] {logging_mixin.py:190} INFO - [2025-02-04T14:43:35.856+0000] {dagbag.py:588} INFO - Filling up the DagBag from /home/airflow/.local/lib/python3.12/site-packages/airflow/example_dags/example_python_operator.py
[2025-02-04T14:43:35.890+0000] {processor.py:925} INFO - DAG(s) 'example_python_operator' retrieved from /home/airflow/.local/lib/python3.12/site-packages/airflow/example_dags/example_python_operator.py
[2025-02-04T14:43:35.944+0000] {logging_mixin.py:190} INFO - [2025-02-04T14:43:35.943+0000] {dag.py:3239} INFO - Sync 1 DAGs
[2025-02-04T14:43:35.977+0000] {logging_mixin.py:190} INFO - [2025-02-04T14:43:35.977+0000] {dag.py:4180} INFO - Setting next_dagrun for example_python_operator to None, run_after=None
[2025-02-04T14:43:36.039+0000] {processor.py:208} INFO - Processing /home/airflow/.local/lib/python3.12/site-packages/airflow/example_dags/example_python_operator.py took 0.204 seconds
[2025-02-04T14:44:06.545+0000] {processor.py:186} INFO - Started process (PID=1462) to work on /home/airflow/.local/lib/python3.12/site-packages/airflow/example_dags/example_python_operator.py
[2025-02-04T14:44:06.547+0000] {processor.py:914} INFO - Processing file /home/airflow/.local/lib/python3.12/site-packages/airflow/example_dags/example_python_operator.py for tasks to queue
[2025-02-04T14:44:06.551+0000] {logging_mixin.py:190} INFO - [2025-02-04T14:44:06.551+0000] {dagbag.py:588} INFO - Filling up the DagBag from /home/airflow/.local/lib/python3.12/site-packages/airflow/example_dags/example_python_operator.py
[2025-02-04T14:44:06.576+0000] {processor.py:925} INFO - DAG(s) 'example_python_operator' retrieved from /home/airflow/.local/lib/python3.12/site-packages/airflow/example_dags/example_python_operator.py
[2025-02-04T14:44:06.620+0000] {logging_mixin.py:190} INFO - [2025-02-04T14:44:06.620+0000] {dag.py:3239} INFO - Sync 1 DAGs
[2025-02-04T14:44:06.653+0000] {logging_mixin.py:190} INFO - [2025-02-04T14:44:06.653+0000] {dag.py:4180} INFO - Setting next_dagrun for example_python_operator to None, run_after=None
[2025-02-04T14:44:06.685+0000] {processor.py:208} INFO - Processing /home/airflow/.local/lib/python3.12/site-packages/airflow/example_dags/example_python_operator.py took 0.152 seconds
[2025-02-04T14:44:37.369+0000] {processor.py:186} INFO - Started process (PID=1526) to work on /home/airflow/.local/lib/python3.12/site-packages/airflow/example_dags/example_python_operator.py
[2025-02-04T14:44:37.371+0000] {processor.py:914} INFO - Processing file /home/airflow/.local/lib/python3.12/site-packages/airflow/example_dags/example_python_operator.py for tasks to queue
[2025-02-04T14:44:37.377+0000] {logging_mixin.py:190} INFO - [2025-02-04T14:44:37.376+0000] {dagbag.py:588} INFO - Filling up the DagBag from /home/airflow/.local/lib/python3.12/site-packages/airflow/example_dags/example_python_operator.py
[2025-02-04T14:44:37.407+0000] {processor.py:925} INFO - DAG(s) 'example_python_operator' retrieved from /home/airflow/.local/lib/python3.12/site-packages/airflow/example_dags/example_python_operator.py
[2025-02-04T14:44:37.459+0000] {logging_mixin.py:190} INFO - [2025-02-04T14:44:37.458+0000] {dag.py:3239} INFO - Sync 1 DAGs
[2025-02-04T14:44:37.497+0000] {logging_mixin.py:190} INFO - [2025-02-04T14:44:37.496+0000] {dag.py:4180} INFO - Setting next_dagrun for example_python_operator to None, run_after=None
[2025-02-04T14:44:37.533+0000] {processor.py:208} INFO - Processing /home/airflow/.local/lib/python3.12/site-packages/airflow/example_dags/example_python_operator.py took 0.179 seconds
[2025-02-04T14:45:09.253+0000] {processor.py:186} INFO - Started process (PID=1590) to work on /home/airflow/.local/lib/python3.12/site-packages/airflow/example_dags/example_python_operator.py
[2025-02-04T14:45:09.255+0000] {processor.py:914} INFO - Processing file /home/airflow/.local/lib/python3.12/site-packages/airflow/example_dags/example_python_operator.py for tasks to queue
[2025-02-04T14:45:09.260+0000] {logging_mixin.py:190} INFO - [2025-02-04T14:45:09.259+0000] {dagbag.py:588} INFO - Filling up the DagBag from /home/airflow/.local/lib/python3.12/site-packages/airflow/example_dags/example_python_operator.py
[2025-02-04T14:45:09.289+0000] {processor.py:925} INFO - DAG(s) 'example_python_operator' retrieved from /home/airflow/.local/lib/python3.12/site-packages/airflow/example_dags/example_python_operator.py
[2025-02-04T14:45:09.335+0000] {logging_mixin.py:190} INFO - [2025-02-04T14:45:09.335+0000] {dag.py:3239} INFO - Sync 1 DAGs
[2025-02-04T14:45:09.365+0000] {logging_mixin.py:190} INFO - [2025-02-04T14:45:09.364+0000] {dag.py:4180} INFO - Setting next_dagrun for example_python_operator to None, run_after=None
[2025-02-04T14:45:09.401+0000] {processor.py:208} INFO - Processing /home/airflow/.local/lib/python3.12/site-packages/airflow/example_dags/example_python_operator.py took 0.161 seconds
[2025-02-04T14:45:40.444+0000] {processor.py:186} INFO - Started process (PID=1654) to work on /home/airflow/.local/lib/python3.12/site-packages/airflow/example_dags/example_python_operator.py
[2025-02-04T14:45:40.446+0000] {processor.py:914} INFO - Processing file /home/airflow/.local/lib/python3.12/site-packages/airflow/example_dags/example_python_operator.py for tasks to queue
[2025-02-04T14:45:40.454+0000] {logging_mixin.py:190} INFO - [2025-02-04T14:45:40.453+0000] {dagbag.py:588} INFO - Filling up the DagBag from /home/airflow/.local/lib/python3.12/site-packages/airflow/example_dags/example_python_operator.py
[2025-02-04T14:45:40.533+0000] {processor.py:925} INFO - DAG(s) 'example_python_operator' retrieved from /home/airflow/.local/lib/python3.12/site-packages/airflow/example_dags/example_python_operator.py
[2025-02-04T14:45:40.651+0000] {logging_mixin.py:190} INFO - [2025-02-04T14:45:40.649+0000] {dag.py:3239} INFO - Sync 1 DAGs
[2025-02-04T14:45:40.720+0000] {logging_mixin.py:190} INFO - [2025-02-04T14:45:40.719+0000] {dag.py:4180} INFO - Setting next_dagrun for example_python_operator to None, run_after=None
[2025-02-04T14:45:40.799+0000] {processor.py:208} INFO - Processing /home/airflow/.local/lib/python3.12/site-packages/airflow/example_dags/example_python_operator.py took 0.387 seconds
[2025-02-04T14:46:11.554+0000] {processor.py:186} INFO - Started process (PID=1718) to work on /home/airflow/.local/lib/python3.12/site-packages/airflow/example_dags/example_python_operator.py
[2025-02-04T14:46:11.558+0000] {processor.py:914} INFO - Processing file /home/airflow/.local/lib/python3.12/site-packages/airflow/example_dags/example_python_operator.py for tasks to queue
[2025-02-04T14:46:11.565+0000] {logging_mixin.py:190} INFO - [2025-02-04T14:46:11.564+0000] {dagbag.py:588} INFO - Filling up the DagBag from /home/airflow/.local/lib/python3.12/site-packages/airflow/example_dags/example_python_operator.py
[2025-02-04T14:46:11.601+0000] {processor.py:925} INFO - DAG(s) 'example_python_operator' retrieved from /home/airflow/.local/lib/python3.12/site-packages/airflow/example_dags/example_python_operator.py
[2025-02-04T14:46:11.655+0000] {logging_mixin.py:190} INFO - [2025-02-04T14:46:11.655+0000] {dag.py:3239} INFO - Sync 1 DAGs
[2025-02-04T14:46:11.687+0000] {logging_mixin.py:190} INFO - [2025-02-04T14:46:11.686+0000] {dag.py:4180} INFO - Setting next_dagrun for example_python_operator to None, run_after=None
[2025-02-04T14:46:11.725+0000] {processor.py:208} INFO - Processing /home/airflow/.local/lib/python3.12/site-packages/airflow/example_dags/example_python_operator.py took 0.190 seconds
[2025-02-04T14:49:13.551+0000] {processor.py:186} INFO - Started process (PID=91) to work on /home/airflow/.local/lib/python3.12/site-packages/airflow/example_dags/example_python_operator.py
[2025-02-04T14:49:13.809+0000] {processor.py:914} INFO - Processing file /home/airflow/.local/lib/python3.12/site-packages/airflow/example_dags/example_python_operator.py for tasks to queue
[2025-02-04T14:49:13.872+0000] {logging_mixin.py:190} INFO - [2025-02-04T14:49:13.859+0000] {dagbag.py:588} INFO - Filling up the DagBag from /home/airflow/.local/lib/python3.12/site-packages/airflow/example_dags/example_python_operator.py
[2025-02-04T14:49:14.240+0000] {processor.py:925} INFO - DAG(s) 'example_python_operator' retrieved from /home/airflow/.local/lib/python3.12/site-packages/airflow/example_dags/example_python_operator.py
[2025-02-04T14:49:14.921+0000] {logging_mixin.py:190} INFO - [2025-02-04T14:49:14.921+0000] {dag.py:3239} INFO - Sync 1 DAGs
[2025-02-04T14:49:15.038+0000] {logging_mixin.py:190} INFO - [2025-02-04T14:49:15.038+0000] {dag.py:4180} INFO - Setting next_dagrun for example_python_operator to None, run_after=None
[2025-02-04T14:49:15.158+0000] {processor.py:208} INFO - Processing /home/airflow/.local/lib/python3.12/site-packages/airflow/example_dags/example_python_operator.py took 2.204 seconds
[2025-02-04T14:49:52.594+0000] {processor.py:186} INFO - Started process (PID=155) to work on /home/airflow/.local/lib/python3.12/site-packages/airflow/example_dags/example_python_operator.py
[2025-02-04T14:49:52.596+0000] {processor.py:914} INFO - Processing file /home/airflow/.local/lib/python3.12/site-packages/airflow/example_dags/example_python_operator.py for tasks to queue
[2025-02-04T14:49:52.602+0000] {logging_mixin.py:190} INFO - [2025-02-04T14:49:52.601+0000] {dagbag.py:588} INFO - Filling up the DagBag from /home/airflow/.local/lib/python3.12/site-packages/airflow/example_dags/example_python_operator.py
[2025-02-04T14:49:52.631+0000] {processor.py:925} INFO - DAG(s) 'example_python_operator' retrieved from /home/airflow/.local/lib/python3.12/site-packages/airflow/example_dags/example_python_operator.py
[2025-02-04T14:49:52.697+0000] {logging_mixin.py:190} INFO - [2025-02-04T14:49:52.696+0000] {dag.py:3239} INFO - Sync 1 DAGs
[2025-02-04T14:49:52.735+0000] {logging_mixin.py:190} INFO - [2025-02-04T14:49:52.735+0000] {dag.py:4180} INFO - Setting next_dagrun for example_python_operator to None, run_after=None
[2025-02-04T14:49:52.793+0000] {processor.py:208} INFO - Processing /home/airflow/.local/lib/python3.12/site-packages/airflow/example_dags/example_python_operator.py took 0.218 seconds
[2025-02-04T14:50:26.173+0000] {processor.py:186} INFO - Started process (PID=220) to work on /home/airflow/.local/lib/python3.12/site-packages/airflow/example_dags/example_python_operator.py
[2025-02-04T14:50:26.175+0000] {processor.py:914} INFO - Processing file /home/airflow/.local/lib/python3.12/site-packages/airflow/example_dags/example_python_operator.py for tasks to queue
[2025-02-04T14:50:26.179+0000] {logging_mixin.py:190} INFO - [2025-02-04T14:50:26.178+0000] {dagbag.py:588} INFO - Filling up the DagBag from /home/airflow/.local/lib/python3.12/site-packages/airflow/example_dags/example_python_operator.py
[2025-02-04T14:50:26.196+0000] {processor.py:925} INFO - DAG(s) 'example_python_operator' retrieved from /home/airflow/.local/lib/python3.12/site-packages/airflow/example_dags/example_python_operator.py
[2025-02-04T14:50:26.234+0000] {logging_mixin.py:190} INFO - [2025-02-04T14:50:26.233+0000] {dag.py:3239} INFO - Sync 1 DAGs
[2025-02-04T14:50:26.255+0000] {logging_mixin.py:190} INFO - [2025-02-04T14:50:26.255+0000] {dag.py:4180} INFO - Setting next_dagrun for example_python_operator to None, run_after=None
[2025-02-04T14:50:26.286+0000] {processor.py:208} INFO - Processing /home/airflow/.local/lib/python3.12/site-packages/airflow/example_dags/example_python_operator.py took 0.122 seconds
[2025-02-04T14:51:00.664+0000] {processor.py:186} INFO - Started process (PID=290) to work on /home/airflow/.local/lib/python3.12/site-packages/airflow/example_dags/example_python_operator.py
[2025-02-04T14:51:00.667+0000] {processor.py:914} INFO - Processing file /home/airflow/.local/lib/python3.12/site-packages/airflow/example_dags/example_python_operator.py for tasks to queue
[2025-02-04T14:51:00.671+0000] {logging_mixin.py:190} INFO - [2025-02-04T14:51:00.671+0000] {dagbag.py:588} INFO - Filling up the DagBag from /home/airflow/.local/lib/python3.12/site-packages/airflow/example_dags/example_python_operator.py
[2025-02-04T14:51:00.721+0000] {processor.py:925} INFO - DAG(s) 'example_python_operator' retrieved from /home/airflow/.local/lib/python3.12/site-packages/airflow/example_dags/example_python_operator.py
[2025-02-04T14:51:00.814+0000] {logging_mixin.py:190} INFO - [2025-02-04T14:51:00.814+0000] {dag.py:3239} INFO - Sync 1 DAGs
[2025-02-04T14:51:00.865+0000] {logging_mixin.py:190} INFO - [2025-02-04T14:51:00.865+0000] {dag.py:4180} INFO - Setting next_dagrun for example_python_operator to None, run_after=None
[2025-02-04T14:51:00.931+0000] {processor.py:208} INFO - Processing /home/airflow/.local/lib/python3.12/site-packages/airflow/example_dags/example_python_operator.py took 0.284 seconds
[2025-02-04T14:51:33.045+0000] {processor.py:186} INFO - Started process (PID=353) to work on /home/airflow/.local/lib/python3.12/site-packages/airflow/example_dags/example_python_operator.py
[2025-02-04T14:51:33.048+0000] {processor.py:914} INFO - Processing file /home/airflow/.local/lib/python3.12/site-packages/airflow/example_dags/example_python_operator.py for tasks to queue
[2025-02-04T14:51:33.052+0000] {logging_mixin.py:190} INFO - [2025-02-04T14:51:33.051+0000] {dagbag.py:588} INFO - Filling up the DagBag from /home/airflow/.local/lib/python3.12/site-packages/airflow/example_dags/example_python_operator.py
[2025-02-04T14:51:33.103+0000] {processor.py:925} INFO - DAG(s) 'example_python_operator' retrieved from /home/airflow/.local/lib/python3.12/site-packages/airflow/example_dags/example_python_operator.py
[2025-02-04T14:51:33.164+0000] {logging_mixin.py:190} INFO - [2025-02-04T14:51:33.163+0000] {dag.py:3239} INFO - Sync 1 DAGs
[2025-02-04T14:51:33.203+0000] {logging_mixin.py:190} INFO - [2025-02-04T14:51:33.203+0000] {dag.py:4180} INFO - Setting next_dagrun for example_python_operator to None, run_after=None
[2025-02-04T14:51:33.255+0000] {processor.py:208} INFO - Processing /home/airflow/.local/lib/python3.12/site-packages/airflow/example_dags/example_python_operator.py took 0.225 seconds
[2025-02-04T14:52:29.605+0000] {processor.py:186} INFO - Started process (PID=417) to work on /home/airflow/.local/lib/python3.12/site-packages/airflow/example_dags/example_python_operator.py
[2025-02-04T14:52:29.611+0000] {processor.py:914} INFO - Processing file /home/airflow/.local/lib/python3.12/site-packages/airflow/example_dags/example_python_operator.py for tasks to queue
[2025-02-04T14:52:29.643+0000] {logging_mixin.py:190} INFO - [2025-02-04T14:52:29.642+0000] {dagbag.py:588} INFO - Filling up the DagBag from /home/airflow/.local/lib/python3.12/site-packages/airflow/example_dags/example_python_operator.py
[2025-02-04T14:52:29.743+0000] {processor.py:925} INFO - DAG(s) 'example_python_operator' retrieved from /home/airflow/.local/lib/python3.12/site-packages/airflow/example_dags/example_python_operator.py
[2025-02-04T14:52:29.995+0000] {logging_mixin.py:190} INFO - [2025-02-04T14:52:29.995+0000] {dag.py:3239} INFO - Sync 1 DAGs
[2025-02-04T14:52:30.094+0000] {logging_mixin.py:190} INFO - [2025-02-04T14:52:30.093+0000] {dag.py:4180} INFO - Setting next_dagrun for example_python_operator to None, run_after=None
[2025-02-04T14:52:30.214+0000] {processor.py:208} INFO - Processing /home/airflow/.local/lib/python3.12/site-packages/airflow/example_dags/example_python_operator.py took 0.645 seconds
[2025-02-04T14:53:00.996+0000] {processor.py:186} INFO - Started process (PID=486) to work on /home/airflow/.local/lib/python3.12/site-packages/airflow/example_dags/example_python_operator.py
[2025-02-04T14:53:00.998+0000] {processor.py:914} INFO - Processing file /home/airflow/.local/lib/python3.12/site-packages/airflow/example_dags/example_python_operator.py for tasks to queue
[2025-02-04T14:53:01.004+0000] {logging_mixin.py:190} INFO - [2025-02-04T14:53:01.003+0000] {dagbag.py:588} INFO - Filling up the DagBag from /home/airflow/.local/lib/python3.12/site-packages/airflow/example_dags/example_python_operator.py
[2025-02-04T14:53:01.032+0000] {processor.py:925} INFO - DAG(s) 'example_python_operator' retrieved from /home/airflow/.local/lib/python3.12/site-packages/airflow/example_dags/example_python_operator.py
[2025-02-04T14:53:01.111+0000] {logging_mixin.py:190} INFO - [2025-02-04T14:53:01.110+0000] {dag.py:3239} INFO - Sync 1 DAGs
[2025-02-04T14:53:01.157+0000] {logging_mixin.py:190} INFO - [2025-02-04T14:53:01.154+0000] {dag.py:4180} INFO - Setting next_dagrun for example_python_operator to None, run_after=None
[2025-02-04T14:53:01.210+0000] {processor.py:208} INFO - Processing /home/airflow/.local/lib/python3.12/site-packages/airflow/example_dags/example_python_operator.py took 0.227 seconds
[2025-02-04T14:53:31.516+0000] {processor.py:186} INFO - Started process (PID=551) to work on /home/airflow/.local/lib/python3.12/site-packages/airflow/example_dags/example_python_operator.py
[2025-02-04T14:53:31.518+0000] {processor.py:914} INFO - Processing file /home/airflow/.local/lib/python3.12/site-packages/airflow/example_dags/example_python_operator.py for tasks to queue
[2025-02-04T14:53:31.522+0000] {logging_mixin.py:190} INFO - [2025-02-04T14:53:31.521+0000] {dagbag.py:588} INFO - Filling up the DagBag from /home/airflow/.local/lib/python3.12/site-packages/airflow/example_dags/example_python_operator.py
[2025-02-04T14:53:31.541+0000] {processor.py:925} INFO - DAG(s) 'example_python_operator' retrieved from /home/airflow/.local/lib/python3.12/site-packages/airflow/example_dags/example_python_operator.py
[2025-02-04T14:53:31.580+0000] {logging_mixin.py:190} INFO - [2025-02-04T14:53:31.579+0000] {dag.py:3239} INFO - Sync 1 DAGs
[2025-02-04T14:53:31.607+0000] {logging_mixin.py:190} INFO - [2025-02-04T14:53:31.607+0000] {dag.py:4180} INFO - Setting next_dagrun for example_python_operator to None, run_after=None
[2025-02-04T14:53:31.639+0000] {processor.py:208} INFO - Processing /home/airflow/.local/lib/python3.12/site-packages/airflow/example_dags/example_python_operator.py took 0.132 seconds
[2025-02-04T14:54:02.082+0000] {processor.py:186} INFO - Started process (PID=619) to work on /home/airflow/.local/lib/python3.12/site-packages/airflow/example_dags/example_python_operator.py
[2025-02-04T14:54:02.084+0000] {processor.py:914} INFO - Processing file /home/airflow/.local/lib/python3.12/site-packages/airflow/example_dags/example_python_operator.py for tasks to queue
[2025-02-04T14:54:02.089+0000] {logging_mixin.py:190} INFO - [2025-02-04T14:54:02.088+0000] {dagbag.py:588} INFO - Filling up the DagBag from /home/airflow/.local/lib/python3.12/site-packages/airflow/example_dags/example_python_operator.py
[2025-02-04T14:54:02.117+0000] {processor.py:925} INFO - DAG(s) 'example_python_operator' retrieved from /home/airflow/.local/lib/python3.12/site-packages/airflow/example_dags/example_python_operator.py
[2025-02-04T14:54:02.162+0000] {logging_mixin.py:190} INFO - [2025-02-04T14:54:02.162+0000] {dag.py:3239} INFO - Sync 1 DAGs
[2025-02-04T14:54:02.192+0000] {logging_mixin.py:190} INFO - [2025-02-04T14:54:02.192+0000] {dag.py:4180} INFO - Setting next_dagrun for example_python_operator to None, run_after=None
[2025-02-04T14:54:02.233+0000] {processor.py:208} INFO - Processing /home/airflow/.local/lib/python3.12/site-packages/airflow/example_dags/example_python_operator.py took 0.163 seconds
[2025-02-04T14:54:32.806+0000] {processor.py:186} INFO - Started process (PID=687) to work on /home/airflow/.local/lib/python3.12/site-packages/airflow/example_dags/example_python_operator.py
[2025-02-04T14:54:32.807+0000] {processor.py:914} INFO - Processing file /home/airflow/.local/lib/python3.12/site-packages/airflow/example_dags/example_python_operator.py for tasks to queue
[2025-02-04T14:54:32.811+0000] {logging_mixin.py:190} INFO - [2025-02-04T14:54:32.811+0000] {dagbag.py:588} INFO - Filling up the DagBag from /home/airflow/.local/lib/python3.12/site-packages/airflow/example_dags/example_python_operator.py
[2025-02-04T14:54:32.835+0000] {processor.py:925} INFO - DAG(s) 'example_python_operator' retrieved from /home/airflow/.local/lib/python3.12/site-packages/airflow/example_dags/example_python_operator.py
[2025-02-04T14:54:32.871+0000] {logging_mixin.py:190} INFO - [2025-02-04T14:54:32.870+0000] {dag.py:3239} INFO - Sync 1 DAGs
[2025-02-04T14:54:32.897+0000] {logging_mixin.py:190} INFO - [2025-02-04T14:54:32.897+0000] {dag.py:4180} INFO - Setting next_dagrun for example_python_operator to None, run_after=None
[2025-02-04T14:54:32.927+0000] {processor.py:208} INFO - Processing /home/airflow/.local/lib/python3.12/site-packages/airflow/example_dags/example_python_operator.py took 0.132 seconds
[2025-02-04T14:55:03.897+0000] {processor.py:186} INFO - Started process (PID=752) to work on /home/airflow/.local/lib/python3.12/site-packages/airflow/example_dags/example_python_operator.py
[2025-02-04T14:55:03.900+0000] {processor.py:914} INFO - Processing file /home/airflow/.local/lib/python3.12/site-packages/airflow/example_dags/example_python_operator.py for tasks to queue
[2025-02-04T14:55:03.915+0000] {logging_mixin.py:190} INFO - [2025-02-04T14:55:03.912+0000] {dagbag.py:588} INFO - Filling up the DagBag from /home/airflow/.local/lib/python3.12/site-packages/airflow/example_dags/example_python_operator.py
[2025-02-04T14:55:03.953+0000] {processor.py:925} INFO - DAG(s) 'example_python_operator' retrieved from /home/airflow/.local/lib/python3.12/site-packages/airflow/example_dags/example_python_operator.py
[2025-02-04T14:55:04.006+0000] {logging_mixin.py:190} INFO - [2025-02-04T14:55:04.005+0000] {dag.py:3239} INFO - Sync 1 DAGs
[2025-02-04T14:55:04.041+0000] {logging_mixin.py:190} INFO - [2025-02-04T14:55:04.040+0000] {dag.py:4180} INFO - Setting next_dagrun for example_python_operator to None, run_after=None
[2025-02-04T14:55:04.077+0000] {processor.py:208} INFO - Processing /home/airflow/.local/lib/python3.12/site-packages/airflow/example_dags/example_python_operator.py took 0.197 seconds
[2025-02-04T14:55:34.224+0000] {processor.py:186} INFO - Started process (PID=820) to work on /home/airflow/.local/lib/python3.12/site-packages/airflow/example_dags/example_python_operator.py
[2025-02-04T14:55:34.226+0000] {processor.py:914} INFO - Processing file /home/airflow/.local/lib/python3.12/site-packages/airflow/example_dags/example_python_operator.py for tasks to queue
[2025-02-04T14:55:34.230+0000] {logging_mixin.py:190} INFO - [2025-02-04T14:55:34.229+0000] {dagbag.py:588} INFO - Filling up the DagBag from /home/airflow/.local/lib/python3.12/site-packages/airflow/example_dags/example_python_operator.py
[2025-02-04T14:55:34.253+0000] {processor.py:925} INFO - DAG(s) 'example_python_operator' retrieved from /home/airflow/.local/lib/python3.12/site-packages/airflow/example_dags/example_python_operator.py
[2025-02-04T14:55:34.297+0000] {logging_mixin.py:190} INFO - [2025-02-04T14:55:34.296+0000] {dag.py:3239} INFO - Sync 1 DAGs
[2025-02-04T14:55:34.325+0000] {logging_mixin.py:190} INFO - [2025-02-04T14:55:34.325+0000] {dag.py:4180} INFO - Setting next_dagrun for example_python_operator to None, run_after=None
[2025-02-04T14:55:34.360+0000] {processor.py:208} INFO - Processing /home/airflow/.local/lib/python3.12/site-packages/airflow/example_dags/example_python_operator.py took 0.147 seconds
[2025-02-04T14:56:17.259+0000] {processor.py:186} INFO - Started process (PID=890) to work on /home/airflow/.local/lib/python3.12/site-packages/airflow/example_dags/example_python_operator.py
[2025-02-04T14:56:17.284+0000] {processor.py:914} INFO - Processing file /home/airflow/.local/lib/python3.12/site-packages/airflow/example_dags/example_python_operator.py for tasks to queue
[2025-02-04T14:56:17.300+0000] {logging_mixin.py:190} INFO - [2025-02-04T14:56:17.298+0000] {dagbag.py:588} INFO - Filling up the DagBag from /home/airflow/.local/lib/python3.12/site-packages/airflow/example_dags/example_python_operator.py
[2025-02-04T14:56:17.352+0000] {processor.py:925} INFO - DAG(s) 'example_python_operator' retrieved from /home/airflow/.local/lib/python3.12/site-packages/airflow/example_dags/example_python_operator.py
[2025-02-04T14:56:17.457+0000] {logging_mixin.py:190} INFO - [2025-02-04T14:56:17.456+0000] {dag.py:3239} INFO - Sync 1 DAGs
[2025-02-04T14:56:17.556+0000] {logging_mixin.py:190} INFO - [2025-02-04T14:56:17.555+0000] {dag.py:4180} INFO - Setting next_dagrun for example_python_operator to None, run_after=None
[2025-02-04T14:56:17.675+0000] {processor.py:208} INFO - Processing /home/airflow/.local/lib/python3.12/site-packages/airflow/example_dags/example_python_operator.py took 0.437 seconds
[2025-02-04T14:56:52.165+0000] {processor.py:186} INFO - Started process (PID=956) to work on /home/airflow/.local/lib/python3.12/site-packages/airflow/example_dags/example_python_operator.py
[2025-02-04T14:56:52.167+0000] {processor.py:914} INFO - Processing file /home/airflow/.local/lib/python3.12/site-packages/airflow/example_dags/example_python_operator.py for tasks to queue
[2025-02-04T14:56:52.171+0000] {logging_mixin.py:190} INFO - [2025-02-04T14:56:52.170+0000] {dagbag.py:588} INFO - Filling up the DagBag from /home/airflow/.local/lib/python3.12/site-packages/airflow/example_dags/example_python_operator.py
[2025-02-04T14:56:52.214+0000] {processor.py:925} INFO - DAG(s) 'example_python_operator' retrieved from /home/airflow/.local/lib/python3.12/site-packages/airflow/example_dags/example_python_operator.py
[2025-02-04T14:56:52.285+0000] {logging_mixin.py:190} INFO - [2025-02-04T14:56:52.285+0000] {dag.py:3239} INFO - Sync 1 DAGs
[2025-02-04T14:56:52.333+0000] {logging_mixin.py:190} INFO - [2025-02-04T14:56:52.333+0000] {dag.py:4180} INFO - Setting next_dagrun for example_python_operator to None, run_after=None
[2025-02-04T14:56:52.378+0000] {processor.py:208} INFO - Processing /home/airflow/.local/lib/python3.12/site-packages/airflow/example_dags/example_python_operator.py took 0.222 seconds
[2025-02-04T14:57:23.182+0000] {processor.py:186} INFO - Started process (PID=1020) to work on /home/airflow/.local/lib/python3.12/site-packages/airflow/example_dags/example_python_operator.py
[2025-02-04T14:57:23.184+0000] {processor.py:914} INFO - Processing file /home/airflow/.local/lib/python3.12/site-packages/airflow/example_dags/example_python_operator.py for tasks to queue
[2025-02-04T14:57:23.187+0000] {logging_mixin.py:190} INFO - [2025-02-04T14:57:23.187+0000] {dagbag.py:588} INFO - Filling up the DagBag from /home/airflow/.local/lib/python3.12/site-packages/airflow/example_dags/example_python_operator.py
[2025-02-04T14:57:23.208+0000] {processor.py:925} INFO - DAG(s) 'example_python_operator' retrieved from /home/airflow/.local/lib/python3.12/site-packages/airflow/example_dags/example_python_operator.py
[2025-02-04T14:57:23.246+0000] {logging_mixin.py:190} INFO - [2025-02-04T14:57:23.246+0000] {dag.py:3239} INFO - Sync 1 DAGs
[2025-02-04T14:57:23.272+0000] {logging_mixin.py:190} INFO - [2025-02-04T14:57:23.272+0000] {dag.py:4180} INFO - Setting next_dagrun for example_python_operator to None, run_after=None
[2025-02-04T14:57:23.312+0000] {processor.py:208} INFO - Processing /home/airflow/.local/lib/python3.12/site-packages/airflow/example_dags/example_python_operator.py took 0.139 seconds
[2025-02-04T14:57:55.828+0000] {processor.py:186} INFO - Started process (PID=1084) to work on /home/airflow/.local/lib/python3.12/site-packages/airflow/example_dags/example_python_operator.py
[2025-02-04T14:57:55.830+0000] {processor.py:914} INFO - Processing file /home/airflow/.local/lib/python3.12/site-packages/airflow/example_dags/example_python_operator.py for tasks to queue
[2025-02-04T14:57:55.835+0000] {logging_mixin.py:190} INFO - [2025-02-04T14:57:55.834+0000] {dagbag.py:588} INFO - Filling up the DagBag from /home/airflow/.local/lib/python3.12/site-packages/airflow/example_dags/example_python_operator.py
[2025-02-04T14:57:55.862+0000] {processor.py:925} INFO - DAG(s) 'example_python_operator' retrieved from /home/airflow/.local/lib/python3.12/site-packages/airflow/example_dags/example_python_operator.py
[2025-02-04T14:57:55.940+0000] {logging_mixin.py:190} INFO - [2025-02-04T14:57:55.939+0000] {dag.py:3239} INFO - Sync 1 DAGs
[2025-02-04T14:57:55.976+0000] {logging_mixin.py:190} INFO - [2025-02-04T14:57:55.975+0000] {dag.py:4180} INFO - Setting next_dagrun for example_python_operator to None, run_after=None
[2025-02-04T14:57:56.005+0000] {processor.py:208} INFO - Processing /home/airflow/.local/lib/python3.12/site-packages/airflow/example_dags/example_python_operator.py took 0.189 seconds
[2025-02-04T14:58:26.829+0000] {processor.py:186} INFO - Started process (PID=1148) to work on /home/airflow/.local/lib/python3.12/site-packages/airflow/example_dags/example_python_operator.py
[2025-02-04T14:58:26.831+0000] {processor.py:914} INFO - Processing file /home/airflow/.local/lib/python3.12/site-packages/airflow/example_dags/example_python_operator.py for tasks to queue
[2025-02-04T14:58:26.837+0000] {logging_mixin.py:190} INFO - [2025-02-04T14:58:26.835+0000] {dagbag.py:588} INFO - Filling up the DagBag from /home/airflow/.local/lib/python3.12/site-packages/airflow/example_dags/example_python_operator.py
[2025-02-04T14:58:26.868+0000] {processor.py:925} INFO - DAG(s) 'example_python_operator' retrieved from /home/airflow/.local/lib/python3.12/site-packages/airflow/example_dags/example_python_operator.py
[2025-02-04T14:58:27.003+0000] {logging_mixin.py:190} INFO - [2025-02-04T14:58:27.003+0000] {dag.py:3239} INFO - Sync 1 DAGs
[2025-02-04T14:58:27.059+0000] {logging_mixin.py:190} INFO - [2025-02-04T14:58:27.058+0000] {dag.py:4180} INFO - Setting next_dagrun for example_python_operator to None, run_after=None
[2025-02-04T14:58:27.108+0000] {processor.py:208} INFO - Processing /home/airflow/.local/lib/python3.12/site-packages/airflow/example_dags/example_python_operator.py took 0.293 seconds
[2025-02-04T14:58:59.166+0000] {processor.py:186} INFO - Started process (PID=1212) to work on /home/airflow/.local/lib/python3.12/site-packages/airflow/example_dags/example_python_operator.py
[2025-02-04T14:58:59.168+0000] {processor.py:914} INFO - Processing file /home/airflow/.local/lib/python3.12/site-packages/airflow/example_dags/example_python_operator.py for tasks to queue
[2025-02-04T14:58:59.172+0000] {logging_mixin.py:190} INFO - [2025-02-04T14:58:59.172+0000] {dagbag.py:588} INFO - Filling up the DagBag from /home/airflow/.local/lib/python3.12/site-packages/airflow/example_dags/example_python_operator.py
[2025-02-04T14:58:59.204+0000] {processor.py:925} INFO - DAG(s) 'example_python_operator' retrieved from /home/airflow/.local/lib/python3.12/site-packages/airflow/example_dags/example_python_operator.py
[2025-02-04T14:58:59.255+0000] {logging_mixin.py:190} INFO - [2025-02-04T14:58:59.254+0000] {dag.py:3239} INFO - Sync 1 DAGs
[2025-02-04T14:58:59.288+0000] {logging_mixin.py:190} INFO - [2025-02-04T14:58:59.288+0000] {dag.py:4180} INFO - Setting next_dagrun for example_python_operator to None, run_after=None
[2025-02-04T14:58:59.330+0000] {processor.py:208} INFO - Processing /home/airflow/.local/lib/python3.12/site-packages/airflow/example_dags/example_python_operator.py took 0.178 seconds
[2025-02-04T14:59:30.729+0000] {processor.py:186} INFO - Started process (PID=1276) to work on /home/airflow/.local/lib/python3.12/site-packages/airflow/example_dags/example_python_operator.py
[2025-02-04T14:59:30.730+0000] {processor.py:914} INFO - Processing file /home/airflow/.local/lib/python3.12/site-packages/airflow/example_dags/example_python_operator.py for tasks to queue
[2025-02-04T14:59:30.734+0000] {logging_mixin.py:190} INFO - [2025-02-04T14:59:30.733+0000] {dagbag.py:588} INFO - Filling up the DagBag from /home/airflow/.local/lib/python3.12/site-packages/airflow/example_dags/example_python_operator.py
[2025-02-04T14:59:30.758+0000] {processor.py:925} INFO - DAG(s) 'example_python_operator' retrieved from /home/airflow/.local/lib/python3.12/site-packages/airflow/example_dags/example_python_operator.py
[2025-02-04T14:59:30.803+0000] {logging_mixin.py:190} INFO - [2025-02-04T14:59:30.803+0000] {dag.py:3239} INFO - Sync 1 DAGs
[2025-02-04T14:59:30.840+0000] {logging_mixin.py:190} INFO - [2025-02-04T14:59:30.840+0000] {dag.py:4180} INFO - Setting next_dagrun for example_python_operator to None, run_after=None
[2025-02-04T14:59:30.881+0000] {processor.py:208} INFO - Processing /home/airflow/.local/lib/python3.12/site-packages/airflow/example_dags/example_python_operator.py took 0.164 seconds
[2025-02-04T15:00:00.980+0000] {processor.py:186} INFO - Started process (PID=1338) to work on /home/airflow/.local/lib/python3.12/site-packages/airflow/example_dags/example_python_operator.py
[2025-02-04T15:00:00.982+0000] {processor.py:914} INFO - Processing file /home/airflow/.local/lib/python3.12/site-packages/airflow/example_dags/example_python_operator.py for tasks to queue
[2025-02-04T15:00:00.986+0000] {logging_mixin.py:190} INFO - [2025-02-04T15:00:00.986+0000] {dagbag.py:588} INFO - Filling up the DagBag from /home/airflow/.local/lib/python3.12/site-packages/airflow/example_dags/example_python_operator.py
[2025-02-04T15:00:01.018+0000] {processor.py:925} INFO - DAG(s) 'example_python_operator' retrieved from /home/airflow/.local/lib/python3.12/site-packages/airflow/example_dags/example_python_operator.py
[2025-02-04T15:00:01.088+0000] {logging_mixin.py:190} INFO - [2025-02-04T15:00:01.087+0000] {dag.py:3239} INFO - Sync 1 DAGs
[2025-02-04T15:00:01.120+0000] {logging_mixin.py:190} INFO - [2025-02-04T15:00:01.119+0000] {dag.py:4180} INFO - Setting next_dagrun for example_python_operator to None, run_after=None
[2025-02-04T15:00:01.164+0000] {processor.py:208} INFO - Processing /home/airflow/.local/lib/python3.12/site-packages/airflow/example_dags/example_python_operator.py took 0.197 seconds
[2025-02-04T15:00:31.817+0000] {processor.py:186} INFO - Started process (PID=1402) to work on /home/airflow/.local/lib/python3.12/site-packages/airflow/example_dags/example_python_operator.py
[2025-02-04T15:00:31.819+0000] {processor.py:914} INFO - Processing file /home/airflow/.local/lib/python3.12/site-packages/airflow/example_dags/example_python_operator.py for tasks to queue
[2025-02-04T15:00:31.825+0000] {logging_mixin.py:190} INFO - [2025-02-04T15:00:31.824+0000] {dagbag.py:588} INFO - Filling up the DagBag from /home/airflow/.local/lib/python3.12/site-packages/airflow/example_dags/example_python_operator.py
[2025-02-04T15:00:31.857+0000] {processor.py:925} INFO - DAG(s) 'example_python_operator' retrieved from /home/airflow/.local/lib/python3.12/site-packages/airflow/example_dags/example_python_operator.py
[2025-02-04T15:00:31.898+0000] {logging_mixin.py:190} INFO - [2025-02-04T15:00:31.897+0000] {dag.py:3239} INFO - Sync 1 DAGs
[2025-02-04T15:00:31.931+0000] {logging_mixin.py:190} INFO - [2025-02-04T15:00:31.930+0000] {dag.py:4180} INFO - Setting next_dagrun for example_python_operator to None, run_after=None
[2025-02-04T15:00:31.961+0000] {processor.py:208} INFO - Processing /home/airflow/.local/lib/python3.12/site-packages/airflow/example_dags/example_python_operator.py took 0.163 seconds
[2025-02-04T15:01:02.286+0000] {processor.py:186} INFO - Started process (PID=1467) to work on /home/airflow/.local/lib/python3.12/site-packages/airflow/example_dags/example_python_operator.py
[2025-02-04T15:01:02.289+0000] {processor.py:914} INFO - Processing file /home/airflow/.local/lib/python3.12/site-packages/airflow/example_dags/example_python_operator.py for tasks to queue
[2025-02-04T15:01:02.293+0000] {logging_mixin.py:190} INFO - [2025-02-04T15:01:02.292+0000] {dagbag.py:588} INFO - Filling up the DagBag from /home/airflow/.local/lib/python3.12/site-packages/airflow/example_dags/example_python_operator.py
[2025-02-04T15:01:02.329+0000] {processor.py:925} INFO - DAG(s) 'example_python_operator' retrieved from /home/airflow/.local/lib/python3.12/site-packages/airflow/example_dags/example_python_operator.py
[2025-02-04T15:01:02.380+0000] {logging_mixin.py:190} INFO - [2025-02-04T15:01:02.379+0000] {dag.py:3239} INFO - Sync 1 DAGs
[2025-02-04T15:01:02.405+0000] {logging_mixin.py:190} INFO - [2025-02-04T15:01:02.405+0000] {dag.py:4180} INFO - Setting next_dagrun for example_python_operator to None, run_after=None
[2025-02-04T15:01:02.435+0000] {processor.py:208} INFO - Processing /home/airflow/.local/lib/python3.12/site-packages/airflow/example_dags/example_python_operator.py took 0.161 seconds
[2025-02-04T15:01:32.775+0000] {processor.py:186} INFO - Started process (PID=1531) to work on /home/airflow/.local/lib/python3.12/site-packages/airflow/example_dags/example_python_operator.py
[2025-02-04T15:01:32.788+0000] {processor.py:914} INFO - Processing file /home/airflow/.local/lib/python3.12/site-packages/airflow/example_dags/example_python_operator.py for tasks to queue
[2025-02-04T15:01:32.794+0000] {logging_mixin.py:190} INFO - [2025-02-04T15:01:32.794+0000] {dagbag.py:588} INFO - Filling up the DagBag from /home/airflow/.local/lib/python3.12/site-packages/airflow/example_dags/example_python_operator.py
[2025-02-04T15:01:32.851+0000] {processor.py:925} INFO - DAG(s) 'example_python_operator' retrieved from /home/airflow/.local/lib/python3.12/site-packages/airflow/example_dags/example_python_operator.py
[2025-02-04T15:01:32.943+0000] {logging_mixin.py:190} INFO - [2025-02-04T15:01:32.943+0000] {dag.py:3239} INFO - Sync 1 DAGs
[2025-02-04T15:01:33.003+0000] {logging_mixin.py:190} INFO - [2025-02-04T15:01:33.002+0000] {dag.py:4180} INFO - Setting next_dagrun for example_python_operator to None, run_after=None
[2025-02-04T15:01:33.101+0000] {processor.py:208} INFO - Processing /home/airflow/.local/lib/python3.12/site-packages/airflow/example_dags/example_python_operator.py took 0.362 seconds
