[2025-02-04T14:08:11.444+0000] {processor.py:186} INFO - Started process (PID=138) to work on /home/airflow/.local/lib/python3.12/site-packages/airflow/example_dags/example_dag_decorator.py
[2025-02-04T14:08:11.454+0000] {processor.py:914} INFO - Processing file /home/airflow/.local/lib/python3.12/site-packages/airflow/example_dags/example_dag_decorator.py for tasks to queue
[2025-02-04T14:08:11.470+0000] {logging_mixin.py:190} INFO - [2025-02-04T14:08:11.469+0000] {dagbag.py:588} INFO - Filling up the DagBag from /home/airflow/.local/lib/python3.12/site-packages/airflow/example_dags/example_dag_decorator.py
[2025-02-04T14:08:11.600+0000] {processor.py:925} INFO - DAG(s) 'example_dag_decorator' retrieved from /home/airflow/.local/lib/python3.12/site-packages/airflow/example_dags/example_dag_decorator.py
[2025-02-04T14:08:12.616+0000] {logging_mixin.py:190} INFO - [2025-02-04T14:08:12.614+0000] {override.py:1911} INFO - Created Permission View: can delete on DAG:example_dag_decorator
[2025-02-04T14:08:12.680+0000] {logging_mixin.py:190} INFO - [2025-02-04T14:08:12.679+0000] {override.py:1911} INFO - Created Permission View: can read on DAG:example_dag_decorator
[2025-02-04T14:08:12.726+0000] {logging_mixin.py:190} INFO - [2025-02-04T14:08:12.725+0000] {override.py:1911} INFO - Created Permission View: can edit on DAG:example_dag_decorator
[2025-02-04T14:08:12.777+0000] {logging_mixin.py:190} INFO - [2025-02-04T14:08:12.776+0000] {override.py:1911} INFO - Created Permission View: can delete on DAG Run:example_dag_decorator
[2025-02-04T14:08:12.841+0000] {logging_mixin.py:190} INFO - [2025-02-04T14:08:12.839+0000] {override.py:1911} INFO - Created Permission View: menu access on DAG Run:example_dag_decorator
[2025-02-04T14:08:12.888+0000] {logging_mixin.py:190} INFO - [2025-02-04T14:08:12.887+0000] {override.py:1911} INFO - Created Permission View: can read on DAG Run:example_dag_decorator
[2025-02-04T14:08:12.959+0000] {logging_mixin.py:190} INFO - [2025-02-04T14:08:12.958+0000] {override.py:1911} INFO - Created Permission View: can create on DAG Run:example_dag_decorator
[2025-02-04T14:08:12.962+0000] {logging_mixin.py:190} INFO - [2025-02-04T14:08:12.962+0000] {dag.py:3239} INFO - Sync 1 DAGs
[2025-02-04T14:08:13.021+0000] {logging_mixin.py:190} INFO - [2025-02-04T14:08:13.020+0000] {dag.py:3262} INFO - Creating ORM DAG for example_dag_decorator
[2025-02-04T14:08:13.023+0000] {logging_mixin.py:190} INFO - [2025-02-04T14:08:13.023+0000] {dag.py:4180} INFO - Setting next_dagrun for example_dag_decorator to None, run_after=None
[2025-02-04T14:08:13.092+0000] {processor.py:208} INFO - Processing /home/airflow/.local/lib/python3.12/site-packages/airflow/example_dags/example_dag_decorator.py took 1.686 seconds
[2025-02-04T14:08:43.236+0000] {processor.py:186} INFO - Started process (PID=202) to work on /home/airflow/.local/lib/python3.12/site-packages/airflow/example_dags/example_dag_decorator.py
[2025-02-04T14:08:43.238+0000] {processor.py:914} INFO - Processing file /home/airflow/.local/lib/python3.12/site-packages/airflow/example_dags/example_dag_decorator.py for tasks to queue
[2025-02-04T14:08:43.244+0000] {logging_mixin.py:190} INFO - [2025-02-04T14:08:43.243+0000] {dagbag.py:588} INFO - Filling up the DagBag from /home/airflow/.local/lib/python3.12/site-packages/airflow/example_dags/example_dag_decorator.py
[2025-02-04T14:08:43.272+0000] {processor.py:925} INFO - DAG(s) 'example_dag_decorator' retrieved from /home/airflow/.local/lib/python3.12/site-packages/airflow/example_dags/example_dag_decorator.py
[2025-02-04T14:08:43.654+0000] {logging_mixin.py:190} INFO - [2025-02-04T14:08:43.654+0000] {dag.py:3239} INFO - Sync 1 DAGs
[2025-02-04T14:08:43.678+0000] {logging_mixin.py:190} INFO - [2025-02-04T14:08:43.677+0000] {dag.py:4180} INFO - Setting next_dagrun for example_dag_decorator to None, run_after=None
[2025-02-04T14:08:43.729+0000] {processor.py:208} INFO - Processing /home/airflow/.local/lib/python3.12/site-packages/airflow/example_dags/example_dag_decorator.py took 0.506 seconds
[2025-02-04T14:09:14.486+0000] {processor.py:186} INFO - Started process (PID=266) to work on /home/airflow/.local/lib/python3.12/site-packages/airflow/example_dags/example_dag_decorator.py
[2025-02-04T14:09:14.493+0000] {processor.py:914} INFO - Processing file /home/airflow/.local/lib/python3.12/site-packages/airflow/example_dags/example_dag_decorator.py for tasks to queue
[2025-02-04T14:09:14.508+0000] {logging_mixin.py:190} INFO - [2025-02-04T14:09:14.507+0000] {dagbag.py:588} INFO - Filling up the DagBag from /home/airflow/.local/lib/python3.12/site-packages/airflow/example_dags/example_dag_decorator.py
[2025-02-04T14:09:14.651+0000] {processor.py:925} INFO - DAG(s) 'example_dag_decorator' retrieved from /home/airflow/.local/lib/python3.12/site-packages/airflow/example_dags/example_dag_decorator.py
[2025-02-04T14:09:15.242+0000] {logging_mixin.py:190} INFO - [2025-02-04T14:09:15.241+0000] {dag.py:3239} INFO - Sync 1 DAGs
[2025-02-04T14:09:15.277+0000] {logging_mixin.py:190} INFO - [2025-02-04T14:09:15.277+0000] {dag.py:4180} INFO - Setting next_dagrun for example_dag_decorator to None, run_after=None
[2025-02-04T14:09:15.328+0000] {processor.py:208} INFO - Processing /home/airflow/.local/lib/python3.12/site-packages/airflow/example_dags/example_dag_decorator.py took 0.900 seconds
[2025-02-04T14:09:45.778+0000] {processor.py:186} INFO - Started process (PID=329) to work on /home/airflow/.local/lib/python3.12/site-packages/airflow/example_dags/example_dag_decorator.py
[2025-02-04T14:09:45.782+0000] {processor.py:914} INFO - Processing file /home/airflow/.local/lib/python3.12/site-packages/airflow/example_dags/example_dag_decorator.py for tasks to queue
[2025-02-04T14:09:45.786+0000] {logging_mixin.py:190} INFO - [2025-02-04T14:09:45.785+0000] {dagbag.py:588} INFO - Filling up the DagBag from /home/airflow/.local/lib/python3.12/site-packages/airflow/example_dags/example_dag_decorator.py
[2025-02-04T14:09:45.810+0000] {processor.py:925} INFO - DAG(s) 'example_dag_decorator' retrieved from /home/airflow/.local/lib/python3.12/site-packages/airflow/example_dags/example_dag_decorator.py
[2025-02-04T14:09:46.000+0000] {logging_mixin.py:190} INFO - [2025-02-04T14:09:46.000+0000] {dag.py:3239} INFO - Sync 1 DAGs
[2025-02-04T14:09:46.020+0000] {logging_mixin.py:190} INFO - [2025-02-04T14:09:46.020+0000] {dag.py:4180} INFO - Setting next_dagrun for example_dag_decorator to None, run_after=None
[2025-02-04T14:09:46.056+0000] {processor.py:208} INFO - Processing /home/airflow/.local/lib/python3.12/site-packages/airflow/example_dags/example_dag_decorator.py took 0.289 seconds
[2025-02-04T14:10:16.327+0000] {processor.py:186} INFO - Started process (PID=393) to work on /home/airflow/.local/lib/python3.12/site-packages/airflow/example_dags/example_dag_decorator.py
[2025-02-04T14:10:16.329+0000] {processor.py:914} INFO - Processing file /home/airflow/.local/lib/python3.12/site-packages/airflow/example_dags/example_dag_decorator.py for tasks to queue
[2025-02-04T14:10:16.335+0000] {logging_mixin.py:190} INFO - [2025-02-04T14:10:16.334+0000] {dagbag.py:588} INFO - Filling up the DagBag from /home/airflow/.local/lib/python3.12/site-packages/airflow/example_dags/example_dag_decorator.py
[2025-02-04T14:10:16.361+0000] {processor.py:925} INFO - DAG(s) 'example_dag_decorator' retrieved from /home/airflow/.local/lib/python3.12/site-packages/airflow/example_dags/example_dag_decorator.py
[2025-02-04T14:10:16.649+0000] {logging_mixin.py:190} INFO - [2025-02-04T14:10:16.649+0000] {dag.py:3239} INFO - Sync 1 DAGs
[2025-02-04T14:10:16.675+0000] {logging_mixin.py:190} INFO - [2025-02-04T14:10:16.674+0000] {dag.py:4180} INFO - Setting next_dagrun for example_dag_decorator to None, run_after=None
[2025-02-04T14:10:16.714+0000] {processor.py:208} INFO - Processing /home/airflow/.local/lib/python3.12/site-packages/airflow/example_dags/example_dag_decorator.py took 0.398 seconds
[2025-02-04T14:10:56.343+0000] {processor.py:186} INFO - Started process (PID=460) to work on /home/airflow/.local/lib/python3.12/site-packages/airflow/example_dags/example_dag_decorator.py
[2025-02-04T14:10:56.351+0000] {processor.py:914} INFO - Processing file /home/airflow/.local/lib/python3.12/site-packages/airflow/example_dags/example_dag_decorator.py for tasks to queue
[2025-02-04T14:10:56.362+0000] {logging_mixin.py:190} INFO - [2025-02-04T14:10:56.361+0000] {dagbag.py:588} INFO - Filling up the DagBag from /home/airflow/.local/lib/python3.12/site-packages/airflow/example_dags/example_dag_decorator.py
[2025-02-04T14:10:56.427+0000] {processor.py:925} INFO - DAG(s) 'example_dag_decorator' retrieved from /home/airflow/.local/lib/python3.12/site-packages/airflow/example_dags/example_dag_decorator.py
[2025-02-04T14:10:56.790+0000] {logging_mixin.py:190} INFO - [2025-02-04T14:10:56.790+0000] {dag.py:3239} INFO - Sync 1 DAGs
[2025-02-04T14:10:56.815+0000] {logging_mixin.py:190} INFO - [2025-02-04T14:10:56.815+0000] {dag.py:4180} INFO - Setting next_dagrun for example_dag_decorator to None, run_after=None
[2025-02-04T14:10:56.850+0000] {processor.py:208} INFO - Processing /home/airflow/.local/lib/python3.12/site-packages/airflow/example_dags/example_dag_decorator.py took 0.527 seconds
[2025-02-04T14:11:35.733+0000] {processor.py:186} INFO - Started process (PID=524) to work on /home/airflow/.local/lib/python3.12/site-packages/airflow/example_dags/example_dag_decorator.py
[2025-02-04T14:11:35.736+0000] {processor.py:914} INFO - Processing file /home/airflow/.local/lib/python3.12/site-packages/airflow/example_dags/example_dag_decorator.py for tasks to queue
[2025-02-04T14:11:35.756+0000] {logging_mixin.py:190} INFO - [2025-02-04T14:11:35.755+0000] {dagbag.py:588} INFO - Filling up the DagBag from /home/airflow/.local/lib/python3.12/site-packages/airflow/example_dags/example_dag_decorator.py
[2025-02-04T14:11:35.806+0000] {processor.py:925} INFO - DAG(s) 'example_dag_decorator' retrieved from /home/airflow/.local/lib/python3.12/site-packages/airflow/example_dags/example_dag_decorator.py
[2025-02-04T14:11:36.944+0000] {logging_mixin.py:190} INFO - [2025-02-04T14:11:36.943+0000] {dag.py:3239} INFO - Sync 1 DAGs
[2025-02-04T14:11:36.969+0000] {logging_mixin.py:190} INFO - [2025-02-04T14:11:36.968+0000] {dag.py:4180} INFO - Setting next_dagrun for example_dag_decorator to None, run_after=None
[2025-02-04T14:11:37.046+0000] {processor.py:208} INFO - Processing /home/airflow/.local/lib/python3.12/site-packages/airflow/example_dags/example_dag_decorator.py took 1.377 seconds
[2025-02-04T14:18:45.735+0000] {processor.py:186} INFO - Started process (PID=118) to work on /home/airflow/.local/lib/python3.12/site-packages/airflow/example_dags/example_dag_decorator.py
[2025-02-04T14:18:45.737+0000] {processor.py:914} INFO - Processing file /home/airflow/.local/lib/python3.12/site-packages/airflow/example_dags/example_dag_decorator.py for tasks to queue
[2025-02-04T14:18:45.743+0000] {logging_mixin.py:190} INFO - [2025-02-04T14:18:45.742+0000] {dagbag.py:588} INFO - Filling up the DagBag from /home/airflow/.local/lib/python3.12/site-packages/airflow/example_dags/example_dag_decorator.py
[2025-02-04T14:18:45.769+0000] {processor.py:925} INFO - DAG(s) 'example_dag_decorator' retrieved from /home/airflow/.local/lib/python3.12/site-packages/airflow/example_dags/example_dag_decorator.py
[2025-02-04T14:18:46.082+0000] {logging_mixin.py:190} INFO - [2025-02-04T14:18:46.082+0000] {dag.py:3239} INFO - Sync 1 DAGs
[2025-02-04T14:18:46.103+0000] {logging_mixin.py:190} INFO - [2025-02-04T14:18:46.103+0000] {dag.py:4180} INFO - Setting next_dagrun for example_dag_decorator to None, run_after=None
[2025-02-04T14:18:46.141+0000] {processor.py:208} INFO - Processing /home/airflow/.local/lib/python3.12/site-packages/airflow/example_dags/example_dag_decorator.py took 0.418 seconds
[2025-02-04T14:19:17.767+0000] {processor.py:186} INFO - Started process (PID=182) to work on /home/airflow/.local/lib/python3.12/site-packages/airflow/example_dags/example_dag_decorator.py
[2025-02-04T14:19:17.769+0000] {processor.py:914} INFO - Processing file /home/airflow/.local/lib/python3.12/site-packages/airflow/example_dags/example_dag_decorator.py for tasks to queue
[2025-02-04T14:19:17.774+0000] {logging_mixin.py:190} INFO - [2025-02-04T14:19:17.773+0000] {dagbag.py:588} INFO - Filling up the DagBag from /home/airflow/.local/lib/python3.12/site-packages/airflow/example_dags/example_dag_decorator.py
[2025-02-04T14:19:17.801+0000] {processor.py:925} INFO - DAG(s) 'example_dag_decorator' retrieved from /home/airflow/.local/lib/python3.12/site-packages/airflow/example_dags/example_dag_decorator.py
[2025-02-04T14:19:18.111+0000] {logging_mixin.py:190} INFO - [2025-02-04T14:19:18.110+0000] {dag.py:3239} INFO - Sync 1 DAGs
[2025-02-04T14:19:18.144+0000] {logging_mixin.py:190} INFO - [2025-02-04T14:19:18.144+0000] {dag.py:4180} INFO - Setting next_dagrun for example_dag_decorator to None, run_after=None
[2025-02-04T14:19:18.196+0000] {processor.py:208} INFO - Processing /home/airflow/.local/lib/python3.12/site-packages/airflow/example_dags/example_dag_decorator.py took 0.440 seconds
[2025-02-04T14:19:49.241+0000] {processor.py:186} INFO - Started process (PID=255) to work on /home/airflow/.local/lib/python3.12/site-packages/airflow/example_dags/example_dag_decorator.py
[2025-02-04T14:19:49.243+0000] {processor.py:914} INFO - Processing file /home/airflow/.local/lib/python3.12/site-packages/airflow/example_dags/example_dag_decorator.py for tasks to queue
[2025-02-04T14:19:49.247+0000] {logging_mixin.py:190} INFO - [2025-02-04T14:19:49.246+0000] {dagbag.py:588} INFO - Filling up the DagBag from /home/airflow/.local/lib/python3.12/site-packages/airflow/example_dags/example_dag_decorator.py
[2025-02-04T14:19:49.287+0000] {processor.py:925} INFO - DAG(s) 'example_dag_decorator' retrieved from /home/airflow/.local/lib/python3.12/site-packages/airflow/example_dags/example_dag_decorator.py
[2025-02-04T14:19:49.653+0000] {logging_mixin.py:190} INFO - [2025-02-04T14:19:49.652+0000] {dag.py:3239} INFO - Sync 1 DAGs
[2025-02-04T14:19:49.718+0000] {logging_mixin.py:190} INFO - [2025-02-04T14:19:49.717+0000] {dag.py:4180} INFO - Setting next_dagrun for example_dag_decorator to None, run_after=None
[2025-02-04T14:19:49.814+0000] {processor.py:208} INFO - Processing /home/airflow/.local/lib/python3.12/site-packages/airflow/example_dags/example_dag_decorator.py took 0.590 seconds
[2025-02-04T14:20:20.617+0000] {processor.py:186} INFO - Started process (PID=324) to work on /home/airflow/.local/lib/python3.12/site-packages/airflow/example_dags/example_dag_decorator.py
[2025-02-04T14:20:20.618+0000] {processor.py:914} INFO - Processing file /home/airflow/.local/lib/python3.12/site-packages/airflow/example_dags/example_dag_decorator.py for tasks to queue
[2025-02-04T14:20:20.621+0000] {logging_mixin.py:190} INFO - [2025-02-04T14:20:20.620+0000] {dagbag.py:588} INFO - Filling up the DagBag from /home/airflow/.local/lib/python3.12/site-packages/airflow/example_dags/example_dag_decorator.py
[2025-02-04T14:20:20.647+0000] {processor.py:925} INFO - DAG(s) 'example_dag_decorator' retrieved from /home/airflow/.local/lib/python3.12/site-packages/airflow/example_dags/example_dag_decorator.py
[2025-02-04T14:20:20.875+0000] {logging_mixin.py:190} INFO - [2025-02-04T14:20:20.875+0000] {dag.py:3239} INFO - Sync 1 DAGs
[2025-02-04T14:20:20.907+0000] {logging_mixin.py:190} INFO - [2025-02-04T14:20:20.907+0000] {dag.py:4180} INFO - Setting next_dagrun for example_dag_decorator to None, run_after=None
[2025-02-04T14:20:20.952+0000] {processor.py:208} INFO - Processing /home/airflow/.local/lib/python3.12/site-packages/airflow/example_dags/example_dag_decorator.py took 0.353 seconds
[2025-02-04T14:20:56.644+0000] {processor.py:186} INFO - Started process (PID=394) to work on /home/airflow/.local/lib/python3.12/site-packages/airflow/example_dags/example_dag_decorator.py
[2025-02-04T14:20:56.647+0000] {processor.py:914} INFO - Processing file /home/airflow/.local/lib/python3.12/site-packages/airflow/example_dags/example_dag_decorator.py for tasks to queue
[2025-02-04T14:20:56.649+0000] {logging_mixin.py:190} INFO - [2025-02-04T14:20:56.649+0000] {dagbag.py:588} INFO - Filling up the DagBag from /home/airflow/.local/lib/python3.12/site-packages/airflow/example_dags/example_dag_decorator.py
[2025-02-04T14:20:56.674+0000] {processor.py:925} INFO - DAG(s) 'example_dag_decorator' retrieved from /home/airflow/.local/lib/python3.12/site-packages/airflow/example_dags/example_dag_decorator.py
[2025-02-04T14:20:56.940+0000] {logging_mixin.py:190} INFO - [2025-02-04T14:20:56.940+0000] {dag.py:3239} INFO - Sync 1 DAGs
[2025-02-04T14:20:56.969+0000] {logging_mixin.py:190} INFO - [2025-02-04T14:20:56.968+0000] {dag.py:4180} INFO - Setting next_dagrun for example_dag_decorator to None, run_after=None
[2025-02-04T14:20:57.011+0000] {processor.py:208} INFO - Processing /home/airflow/.local/lib/python3.12/site-packages/airflow/example_dags/example_dag_decorator.py took 0.379 seconds
[2025-02-04T14:21:28.649+0000] {processor.py:186} INFO - Started process (PID=473) to work on /home/airflow/.local/lib/python3.12/site-packages/airflow/example_dags/example_dag_decorator.py
[2025-02-04T14:21:28.651+0000] {processor.py:914} INFO - Processing file /home/airflow/.local/lib/python3.12/site-packages/airflow/example_dags/example_dag_decorator.py for tasks to queue
[2025-02-04T14:21:28.655+0000] {logging_mixin.py:190} INFO - [2025-02-04T14:21:28.654+0000] {dagbag.py:588} INFO - Filling up the DagBag from /home/airflow/.local/lib/python3.12/site-packages/airflow/example_dags/example_dag_decorator.py
[2025-02-04T14:21:28.681+0000] {processor.py:925} INFO - DAG(s) 'example_dag_decorator' retrieved from /home/airflow/.local/lib/python3.12/site-packages/airflow/example_dags/example_dag_decorator.py
[2025-02-04T14:21:28.980+0000] {logging_mixin.py:190} INFO - [2025-02-04T14:21:28.979+0000] {dag.py:3239} INFO - Sync 1 DAGs
[2025-02-04T14:21:29.009+0000] {logging_mixin.py:190} INFO - [2025-02-04T14:21:29.009+0000] {dag.py:4180} INFO - Setting next_dagrun for example_dag_decorator to None, run_after=None
[2025-02-04T14:21:29.046+0000] {processor.py:208} INFO - Processing /home/airflow/.local/lib/python3.12/site-packages/airflow/example_dags/example_dag_decorator.py took 0.409 seconds
[2025-02-04T14:21:59.409+0000] {processor.py:186} INFO - Started process (PID=531) to work on /home/airflow/.local/lib/python3.12/site-packages/airflow/example_dags/example_dag_decorator.py
[2025-02-04T14:21:59.412+0000] {processor.py:914} INFO - Processing file /home/airflow/.local/lib/python3.12/site-packages/airflow/example_dags/example_dag_decorator.py for tasks to queue
[2025-02-04T14:21:59.414+0000] {logging_mixin.py:190} INFO - [2025-02-04T14:21:59.414+0000] {dagbag.py:588} INFO - Filling up the DagBag from /home/airflow/.local/lib/python3.12/site-packages/airflow/example_dags/example_dag_decorator.py
[2025-02-04T14:21:59.442+0000] {processor.py:925} INFO - DAG(s) 'example_dag_decorator' retrieved from /home/airflow/.local/lib/python3.12/site-packages/airflow/example_dags/example_dag_decorator.py
[2025-02-04T14:21:59.833+0000] {logging_mixin.py:190} INFO - [2025-02-04T14:21:59.832+0000] {dag.py:3239} INFO - Sync 1 DAGs
[2025-02-04T14:21:59.867+0000] {logging_mixin.py:190} INFO - [2025-02-04T14:21:59.867+0000] {dag.py:4180} INFO - Setting next_dagrun for example_dag_decorator to None, run_after=None
[2025-02-04T14:21:59.936+0000] {processor.py:208} INFO - Processing /home/airflow/.local/lib/python3.12/site-packages/airflow/example_dags/example_dag_decorator.py took 0.540 seconds
[2025-02-04T14:22:33.156+0000] {processor.py:186} INFO - Started process (PID=610) to work on /home/airflow/.local/lib/python3.12/site-packages/airflow/example_dags/example_dag_decorator.py
[2025-02-04T14:22:33.169+0000] {processor.py:914} INFO - Processing file /home/airflow/.local/lib/python3.12/site-packages/airflow/example_dags/example_dag_decorator.py for tasks to queue
[2025-02-04T14:22:33.176+0000] {logging_mixin.py:190} INFO - [2025-02-04T14:22:33.171+0000] {dagbag.py:588} INFO - Filling up the DagBag from /home/airflow/.local/lib/python3.12/site-packages/airflow/example_dags/example_dag_decorator.py
[2025-02-04T14:22:33.208+0000] {processor.py:925} INFO - DAG(s) 'example_dag_decorator' retrieved from /home/airflow/.local/lib/python3.12/site-packages/airflow/example_dags/example_dag_decorator.py
[2025-02-04T14:22:33.514+0000] {logging_mixin.py:190} INFO - [2025-02-04T14:22:33.514+0000] {dag.py:3239} INFO - Sync 1 DAGs
[2025-02-04T14:22:33.556+0000] {logging_mixin.py:190} INFO - [2025-02-04T14:22:33.555+0000] {dag.py:4180} INFO - Setting next_dagrun for example_dag_decorator to None, run_after=None
[2025-02-04T14:22:33.609+0000] {processor.py:208} INFO - Processing /home/airflow/.local/lib/python3.12/site-packages/airflow/example_dags/example_dag_decorator.py took 0.479 seconds
[2025-02-04T14:23:04.103+0000] {processor.py:186} INFO - Started process (PID=678) to work on /home/airflow/.local/lib/python3.12/site-packages/airflow/example_dags/example_dag_decorator.py
[2025-02-04T14:23:04.107+0000] {processor.py:914} INFO - Processing file /home/airflow/.local/lib/python3.12/site-packages/airflow/example_dags/example_dag_decorator.py for tasks to queue
[2025-02-04T14:23:04.110+0000] {logging_mixin.py:190} INFO - [2025-02-04T14:23:04.110+0000] {dagbag.py:588} INFO - Filling up the DagBag from /home/airflow/.local/lib/python3.12/site-packages/airflow/example_dags/example_dag_decorator.py
[2025-02-04T14:23:04.143+0000] {processor.py:925} INFO - DAG(s) 'example_dag_decorator' retrieved from /home/airflow/.local/lib/python3.12/site-packages/airflow/example_dags/example_dag_decorator.py
[2025-02-04T14:23:04.462+0000] {logging_mixin.py:190} INFO - [2025-02-04T14:23:04.462+0000] {dag.py:3239} INFO - Sync 1 DAGs
[2025-02-04T14:23:04.484+0000] {logging_mixin.py:190} INFO - [2025-02-04T14:23:04.483+0000] {dag.py:4180} INFO - Setting next_dagrun for example_dag_decorator to None, run_after=None
[2025-02-04T14:23:04.525+0000] {processor.py:208} INFO - Processing /home/airflow/.local/lib/python3.12/site-packages/airflow/example_dags/example_dag_decorator.py took 0.443 seconds
[2025-02-04T14:23:34.913+0000] {processor.py:186} INFO - Started process (PID=741) to work on /home/airflow/.local/lib/python3.12/site-packages/airflow/example_dags/example_dag_decorator.py
[2025-02-04T14:23:34.914+0000] {processor.py:914} INFO - Processing file /home/airflow/.local/lib/python3.12/site-packages/airflow/example_dags/example_dag_decorator.py for tasks to queue
[2025-02-04T14:23:34.917+0000] {logging_mixin.py:190} INFO - [2025-02-04T14:23:34.916+0000] {dagbag.py:588} INFO - Filling up the DagBag from /home/airflow/.local/lib/python3.12/site-packages/airflow/example_dags/example_dag_decorator.py
[2025-02-04T14:23:34.939+0000] {processor.py:925} INFO - DAG(s) 'example_dag_decorator' retrieved from /home/airflow/.local/lib/python3.12/site-packages/airflow/example_dags/example_dag_decorator.py
[2025-02-04T14:23:35.174+0000] {logging_mixin.py:190} INFO - [2025-02-04T14:23:35.173+0000] {dag.py:3239} INFO - Sync 1 DAGs
[2025-02-04T14:23:35.203+0000] {logging_mixin.py:190} INFO - [2025-02-04T14:23:35.203+0000] {dag.py:4180} INFO - Setting next_dagrun for example_dag_decorator to None, run_after=None
[2025-02-04T14:23:35.233+0000] {processor.py:208} INFO - Processing /home/airflow/.local/lib/python3.12/site-packages/airflow/example_dags/example_dag_decorator.py took 0.328 seconds
[2025-02-04T14:24:05.335+0000] {processor.py:186} INFO - Started process (PID=806) to work on /home/airflow/.local/lib/python3.12/site-packages/airflow/example_dags/example_dag_decorator.py
[2025-02-04T14:24:05.337+0000] {processor.py:914} INFO - Processing file /home/airflow/.local/lib/python3.12/site-packages/airflow/example_dags/example_dag_decorator.py for tasks to queue
[2025-02-04T14:24:05.338+0000] {logging_mixin.py:190} INFO - [2025-02-04T14:24:05.338+0000] {dagbag.py:588} INFO - Filling up the DagBag from /home/airflow/.local/lib/python3.12/site-packages/airflow/example_dags/example_dag_decorator.py
[2025-02-04T14:24:05.355+0000] {processor.py:925} INFO - DAG(s) 'example_dag_decorator' retrieved from /home/airflow/.local/lib/python3.12/site-packages/airflow/example_dags/example_dag_decorator.py
[2025-02-04T14:24:05.530+0000] {logging_mixin.py:190} INFO - [2025-02-04T14:24:05.530+0000] {dag.py:3239} INFO - Sync 1 DAGs
[2025-02-04T14:24:05.558+0000] {logging_mixin.py:190} INFO - [2025-02-04T14:24:05.558+0000] {dag.py:4180} INFO - Setting next_dagrun for example_dag_decorator to None, run_after=None
[2025-02-04T14:24:05.596+0000] {processor.py:208} INFO - Processing /home/airflow/.local/lib/python3.12/site-packages/airflow/example_dags/example_dag_decorator.py took 0.269 seconds
[2025-02-04T14:33:01.927+0000] {processor.py:186} INFO - Started process (PID=136) to work on /home/airflow/.local/lib/python3.12/site-packages/airflow/example_dags/example_dag_decorator.py
[2025-02-04T14:33:01.935+0000] {processor.py:914} INFO - Processing file /home/airflow/.local/lib/python3.12/site-packages/airflow/example_dags/example_dag_decorator.py for tasks to queue
[2025-02-04T14:33:01.941+0000] {logging_mixin.py:190} INFO - [2025-02-04T14:33:01.941+0000] {dagbag.py:588} INFO - Filling up the DagBag from /home/airflow/.local/lib/python3.12/site-packages/airflow/example_dags/example_dag_decorator.py
[2025-02-04T14:33:01.987+0000] {processor.py:925} INFO - DAG(s) 'example_dag_decorator' retrieved from /home/airflow/.local/lib/python3.12/site-packages/airflow/example_dags/example_dag_decorator.py
[2025-02-04T14:33:02.320+0000] {logging_mixin.py:190} INFO - [2025-02-04T14:33:02.319+0000] {override.py:1911} INFO - Created Permission View: can delete on DAG:example_dag_decorator
[2025-02-04T14:33:02.341+0000] {logging_mixin.py:190} INFO - [2025-02-04T14:33:02.340+0000] {override.py:1911} INFO - Created Permission View: can read on DAG:example_dag_decorator
[2025-02-04T14:33:02.360+0000] {logging_mixin.py:190} INFO - [2025-02-04T14:33:02.359+0000] {override.py:1911} INFO - Created Permission View: can edit on DAG:example_dag_decorator
[2025-02-04T14:33:02.383+0000] {logging_mixin.py:190} INFO - [2025-02-04T14:33:02.383+0000] {override.py:1911} INFO - Created Permission View: can create on DAG Run:example_dag_decorator
[2025-02-04T14:33:02.406+0000] {logging_mixin.py:190} INFO - [2025-02-04T14:33:02.405+0000] {override.py:1911} INFO - Created Permission View: can delete on DAG Run:example_dag_decorator
[2025-02-04T14:33:02.430+0000] {logging_mixin.py:190} INFO - [2025-02-04T14:33:02.429+0000] {override.py:1911} INFO - Created Permission View: can read on DAG Run:example_dag_decorator
[2025-02-04T14:33:02.458+0000] {logging_mixin.py:190} INFO - [2025-02-04T14:33:02.457+0000] {override.py:1911} INFO - Created Permission View: menu access on DAG Run:example_dag_decorator
[2025-02-04T14:33:02.460+0000] {logging_mixin.py:190} INFO - [2025-02-04T14:33:02.460+0000] {dag.py:3239} INFO - Sync 1 DAGs
[2025-02-04T14:33:02.496+0000] {logging_mixin.py:190} INFO - [2025-02-04T14:33:02.495+0000] {dag.py:3262} INFO - Creating ORM DAG for example_dag_decorator
[2025-02-04T14:33:02.498+0000] {logging_mixin.py:190} INFO - [2025-02-04T14:33:02.497+0000] {dag.py:4180} INFO - Setting next_dagrun for example_dag_decorator to None, run_after=None
[2025-02-04T14:33:02.557+0000] {processor.py:208} INFO - Processing /home/airflow/.local/lib/python3.12/site-packages/airflow/example_dags/example_dag_decorator.py took 0.663 seconds
[2025-02-04T14:33:33.114+0000] {processor.py:186} INFO - Started process (PID=200) to work on /home/airflow/.local/lib/python3.12/site-packages/airflow/example_dags/example_dag_decorator.py
[2025-02-04T14:33:33.116+0000] {processor.py:914} INFO - Processing file /home/airflow/.local/lib/python3.12/site-packages/airflow/example_dags/example_dag_decorator.py for tasks to queue
[2025-02-04T14:33:33.119+0000] {logging_mixin.py:190} INFO - [2025-02-04T14:33:33.119+0000] {dagbag.py:588} INFO - Filling up the DagBag from /home/airflow/.local/lib/python3.12/site-packages/airflow/example_dags/example_dag_decorator.py
[2025-02-04T14:33:33.139+0000] {processor.py:925} INFO - DAG(s) 'example_dag_decorator' retrieved from /home/airflow/.local/lib/python3.12/site-packages/airflow/example_dags/example_dag_decorator.py
[2025-02-04T14:33:33.348+0000] {logging_mixin.py:190} INFO - [2025-02-04T14:33:33.347+0000] {dag.py:3239} INFO - Sync 1 DAGs
[2025-02-04T14:33:33.379+0000] {logging_mixin.py:190} INFO - [2025-02-04T14:33:33.379+0000] {dag.py:4180} INFO - Setting next_dagrun for example_dag_decorator to None, run_after=None
[2025-02-04T14:33:33.424+0000] {processor.py:208} INFO - Processing /home/airflow/.local/lib/python3.12/site-packages/airflow/example_dags/example_dag_decorator.py took 0.319 seconds
[2025-02-04T14:34:03.719+0000] {processor.py:186} INFO - Started process (PID=264) to work on /home/airflow/.local/lib/python3.12/site-packages/airflow/example_dags/example_dag_decorator.py
[2025-02-04T14:34:03.721+0000] {processor.py:914} INFO - Processing file /home/airflow/.local/lib/python3.12/site-packages/airflow/example_dags/example_dag_decorator.py for tasks to queue
[2025-02-04T14:34:03.727+0000] {logging_mixin.py:190} INFO - [2025-02-04T14:34:03.726+0000] {dagbag.py:588} INFO - Filling up the DagBag from /home/airflow/.local/lib/python3.12/site-packages/airflow/example_dags/example_dag_decorator.py
[2025-02-04T14:34:03.752+0000] {processor.py:925} INFO - DAG(s) 'example_dag_decorator' retrieved from /home/airflow/.local/lib/python3.12/site-packages/airflow/example_dags/example_dag_decorator.py
[2025-02-04T14:34:04.090+0000] {logging_mixin.py:190} INFO - [2025-02-04T14:34:04.090+0000] {dag.py:3239} INFO - Sync 1 DAGs
[2025-02-04T14:34:04.108+0000] {logging_mixin.py:190} INFO - [2025-02-04T14:34:04.108+0000] {dag.py:4180} INFO - Setting next_dagrun for example_dag_decorator to None, run_after=None
[2025-02-04T14:34:04.143+0000] {processor.py:208} INFO - Processing /home/airflow/.local/lib/python3.12/site-packages/airflow/example_dags/example_dag_decorator.py took 0.447 seconds
[2025-02-04T14:34:34.828+0000] {processor.py:186} INFO - Started process (PID=328) to work on /home/airflow/.local/lib/python3.12/site-packages/airflow/example_dags/example_dag_decorator.py
[2025-02-04T14:34:34.830+0000] {processor.py:914} INFO - Processing file /home/airflow/.local/lib/python3.12/site-packages/airflow/example_dags/example_dag_decorator.py for tasks to queue
[2025-02-04T14:34:34.834+0000] {logging_mixin.py:190} INFO - [2025-02-04T14:34:34.833+0000] {dagbag.py:588} INFO - Filling up the DagBag from /home/airflow/.local/lib/python3.12/site-packages/airflow/example_dags/example_dag_decorator.py
[2025-02-04T14:34:34.851+0000] {processor.py:925} INFO - DAG(s) 'example_dag_decorator' retrieved from /home/airflow/.local/lib/python3.12/site-packages/airflow/example_dags/example_dag_decorator.py
[2025-02-04T14:34:35.049+0000] {logging_mixin.py:190} INFO - [2025-02-04T14:34:35.048+0000] {dag.py:3239} INFO - Sync 1 DAGs
[2025-02-04T14:34:35.067+0000] {logging_mixin.py:190} INFO - [2025-02-04T14:34:35.067+0000] {dag.py:4180} INFO - Setting next_dagrun for example_dag_decorator to None, run_after=None
[2025-02-04T14:34:35.101+0000] {processor.py:208} INFO - Processing /home/airflow/.local/lib/python3.12/site-packages/airflow/example_dags/example_dag_decorator.py took 0.282 seconds
[2025-02-04T14:35:07.578+0000] {processor.py:186} INFO - Started process (PID=392) to work on /home/airflow/.local/lib/python3.12/site-packages/airflow/example_dags/example_dag_decorator.py
[2025-02-04T14:35:07.580+0000] {processor.py:914} INFO - Processing file /home/airflow/.local/lib/python3.12/site-packages/airflow/example_dags/example_dag_decorator.py for tasks to queue
[2025-02-04T14:35:07.586+0000] {logging_mixin.py:190} INFO - [2025-02-04T14:35:07.585+0000] {dagbag.py:588} INFO - Filling up the DagBag from /home/airflow/.local/lib/python3.12/site-packages/airflow/example_dags/example_dag_decorator.py
[2025-02-04T14:35:07.621+0000] {processor.py:925} INFO - DAG(s) 'example_dag_decorator' retrieved from /home/airflow/.local/lib/python3.12/site-packages/airflow/example_dags/example_dag_decorator.py
[2025-02-04T14:35:08.350+0000] {logging_mixin.py:190} INFO - [2025-02-04T14:35:08.350+0000] {dag.py:3239} INFO - Sync 1 DAGs
[2025-02-04T14:35:08.427+0000] {logging_mixin.py:190} INFO - [2025-02-04T14:35:08.427+0000] {dag.py:4180} INFO - Setting next_dagrun for example_dag_decorator to None, run_after=None
[2025-02-04T14:35:08.489+0000] {processor.py:208} INFO - Processing /home/airflow/.local/lib/python3.12/site-packages/airflow/example_dags/example_dag_decorator.py took 0.924 seconds
[2025-02-04T14:35:38.582+0000] {processor.py:186} INFO - Started process (PID=455) to work on /home/airflow/.local/lib/python3.12/site-packages/airflow/example_dags/example_dag_decorator.py
[2025-02-04T14:35:38.584+0000] {processor.py:914} INFO - Processing file /home/airflow/.local/lib/python3.12/site-packages/airflow/example_dags/example_dag_decorator.py for tasks to queue
[2025-02-04T14:35:38.587+0000] {logging_mixin.py:190} INFO - [2025-02-04T14:35:38.587+0000] {dagbag.py:588} INFO - Filling up the DagBag from /home/airflow/.local/lib/python3.12/site-packages/airflow/example_dags/example_dag_decorator.py
[2025-02-04T14:35:38.604+0000] {processor.py:925} INFO - DAG(s) 'example_dag_decorator' retrieved from /home/airflow/.local/lib/python3.12/site-packages/airflow/example_dags/example_dag_decorator.py
[2025-02-04T14:35:38.803+0000] {logging_mixin.py:190} INFO - [2025-02-04T14:35:38.801+0000] {dag.py:3239} INFO - Sync 1 DAGs
[2025-02-04T14:35:38.832+0000] {logging_mixin.py:190} INFO - [2025-02-04T14:35:38.831+0000] {dag.py:4180} INFO - Setting next_dagrun for example_dag_decorator to None, run_after=None
[2025-02-04T14:35:38.869+0000] {processor.py:208} INFO - Processing /home/airflow/.local/lib/python3.12/site-packages/airflow/example_dags/example_dag_decorator.py took 0.296 seconds
[2025-02-04T14:36:10.157+0000] {processor.py:186} INFO - Started process (PID=518) to work on /home/airflow/.local/lib/python3.12/site-packages/airflow/example_dags/example_dag_decorator.py
[2025-02-04T14:36:10.168+0000] {processor.py:914} INFO - Processing file /home/airflow/.local/lib/python3.12/site-packages/airflow/example_dags/example_dag_decorator.py for tasks to queue
[2025-02-04T14:36:10.173+0000] {logging_mixin.py:190} INFO - [2025-02-04T14:36:10.172+0000] {dagbag.py:588} INFO - Filling up the DagBag from /home/airflow/.local/lib/python3.12/site-packages/airflow/example_dags/example_dag_decorator.py
[2025-02-04T14:36:10.228+0000] {processor.py:925} INFO - DAG(s) 'example_dag_decorator' retrieved from /home/airflow/.local/lib/python3.12/site-packages/airflow/example_dags/example_dag_decorator.py
[2025-02-04T14:36:11.319+0000] {logging_mixin.py:190} INFO - [2025-02-04T14:36:11.319+0000] {dag.py:3239} INFO - Sync 1 DAGs
[2025-02-04T14:36:11.402+0000] {logging_mixin.py:190} INFO - [2025-02-04T14:36:11.401+0000] {dag.py:4180} INFO - Setting next_dagrun for example_dag_decorator to None, run_after=None
[2025-02-04T14:36:11.488+0000] {processor.py:208} INFO - Processing /home/airflow/.local/lib/python3.12/site-packages/airflow/example_dags/example_dag_decorator.py took 1.346 seconds
[2025-02-04T14:36:47.674+0000] {processor.py:186} INFO - Started process (PID=585) to work on /home/airflow/.local/lib/python3.12/site-packages/airflow/example_dags/example_dag_decorator.py
[2025-02-04T14:36:47.678+0000] {processor.py:914} INFO - Processing file /home/airflow/.local/lib/python3.12/site-packages/airflow/example_dags/example_dag_decorator.py for tasks to queue
[2025-02-04T14:36:47.684+0000] {logging_mixin.py:190} INFO - [2025-02-04T14:36:47.683+0000] {dagbag.py:588} INFO - Filling up the DagBag from /home/airflow/.local/lib/python3.12/site-packages/airflow/example_dags/example_dag_decorator.py
[2025-02-04T14:36:47.726+0000] {processor.py:925} INFO - DAG(s) 'example_dag_decorator' retrieved from /home/airflow/.local/lib/python3.12/site-packages/airflow/example_dags/example_dag_decorator.py
[2025-02-04T14:36:47.983+0000] {logging_mixin.py:190} INFO - [2025-02-04T14:36:47.983+0000] {dag.py:3239} INFO - Sync 1 DAGs
[2025-02-04T14:36:48.004+0000] {logging_mixin.py:190} INFO - [2025-02-04T14:36:48.003+0000] {dag.py:4180} INFO - Setting next_dagrun for example_dag_decorator to None, run_after=None
[2025-02-04T14:36:48.046+0000] {processor.py:208} INFO - Processing /home/airflow/.local/lib/python3.12/site-packages/airflow/example_dags/example_dag_decorator.py took 0.390 seconds
[2025-02-04T14:37:19.292+0000] {processor.py:186} INFO - Started process (PID=651) to work on /home/airflow/.local/lib/python3.12/site-packages/airflow/example_dags/example_dag_decorator.py
[2025-02-04T14:37:19.294+0000] {processor.py:914} INFO - Processing file /home/airflow/.local/lib/python3.12/site-packages/airflow/example_dags/example_dag_decorator.py for tasks to queue
[2025-02-04T14:37:19.299+0000] {logging_mixin.py:190} INFO - [2025-02-04T14:37:19.299+0000] {dagbag.py:588} INFO - Filling up the DagBag from /home/airflow/.local/lib/python3.12/site-packages/airflow/example_dags/example_dag_decorator.py
[2025-02-04T14:37:19.344+0000] {processor.py:925} INFO - DAG(s) 'example_dag_decorator' retrieved from /home/airflow/.local/lib/python3.12/site-packages/airflow/example_dags/example_dag_decorator.py
[2025-02-04T14:37:19.831+0000] {logging_mixin.py:190} INFO - [2025-02-04T14:37:19.830+0000] {dag.py:3239} INFO - Sync 1 DAGs
[2025-02-04T14:37:19.866+0000] {logging_mixin.py:190} INFO - [2025-02-04T14:37:19.866+0000] {dag.py:4180} INFO - Setting next_dagrun for example_dag_decorator to None, run_after=None
[2025-02-04T14:37:19.905+0000] {processor.py:208} INFO - Processing /home/airflow/.local/lib/python3.12/site-packages/airflow/example_dags/example_dag_decorator.py took 0.639 seconds
[2025-02-04T14:37:56.424+0000] {processor.py:186} INFO - Started process (PID=721) to work on /home/airflow/.local/lib/python3.12/site-packages/airflow/example_dags/example_dag_decorator.py
[2025-02-04T14:37:56.425+0000] {processor.py:914} INFO - Processing file /home/airflow/.local/lib/python3.12/site-packages/airflow/example_dags/example_dag_decorator.py for tasks to queue
[2025-02-04T14:37:56.429+0000] {logging_mixin.py:190} INFO - [2025-02-04T14:37:56.428+0000] {dagbag.py:588} INFO - Filling up the DagBag from /home/airflow/.local/lib/python3.12/site-packages/airflow/example_dags/example_dag_decorator.py
[2025-02-04T14:37:56.451+0000] {processor.py:925} INFO - DAG(s) 'example_dag_decorator' retrieved from /home/airflow/.local/lib/python3.12/site-packages/airflow/example_dags/example_dag_decorator.py
[2025-02-04T14:37:56.727+0000] {logging_mixin.py:190} INFO - [2025-02-04T14:37:56.727+0000] {dag.py:3239} INFO - Sync 1 DAGs
[2025-02-04T14:37:56.764+0000] {logging_mixin.py:190} INFO - [2025-02-04T14:37:56.763+0000] {dag.py:4180} INFO - Setting next_dagrun for example_dag_decorator to None, run_after=None
[2025-02-04T14:37:56.810+0000] {processor.py:208} INFO - Processing /home/airflow/.local/lib/python3.12/site-packages/airflow/example_dags/example_dag_decorator.py took 0.398 seconds
[2025-02-04T14:38:27.304+0000] {processor.py:186} INFO - Started process (PID=785) to work on /home/airflow/.local/lib/python3.12/site-packages/airflow/example_dags/example_dag_decorator.py
[2025-02-04T14:38:27.308+0000] {processor.py:914} INFO - Processing file /home/airflow/.local/lib/python3.12/site-packages/airflow/example_dags/example_dag_decorator.py for tasks to queue
[2025-02-04T14:38:27.319+0000] {logging_mixin.py:190} INFO - [2025-02-04T14:38:27.319+0000] {dagbag.py:588} INFO - Filling up the DagBag from /home/airflow/.local/lib/python3.12/site-packages/airflow/example_dags/example_dag_decorator.py
[2025-02-04T14:38:27.358+0000] {processor.py:925} INFO - DAG(s) 'example_dag_decorator' retrieved from /home/airflow/.local/lib/python3.12/site-packages/airflow/example_dags/example_dag_decorator.py
[2025-02-04T14:38:27.714+0000] {logging_mixin.py:190} INFO - [2025-02-04T14:38:27.713+0000] {dag.py:3239} INFO - Sync 1 DAGs
[2025-02-04T14:38:27.766+0000] {logging_mixin.py:190} INFO - [2025-02-04T14:38:27.765+0000] {dag.py:4180} INFO - Setting next_dagrun for example_dag_decorator to None, run_after=None
[2025-02-04T14:38:27.850+0000] {processor.py:208} INFO - Processing /home/airflow/.local/lib/python3.12/site-packages/airflow/example_dags/example_dag_decorator.py took 0.569 seconds
[2025-02-04T14:39:00.862+0000] {processor.py:186} INFO - Started process (PID=852) to work on /home/airflow/.local/lib/python3.12/site-packages/airflow/example_dags/example_dag_decorator.py
[2025-02-04T14:39:00.865+0000] {processor.py:914} INFO - Processing file /home/airflow/.local/lib/python3.12/site-packages/airflow/example_dags/example_dag_decorator.py for tasks to queue
[2025-02-04T14:39:00.871+0000] {logging_mixin.py:190} INFO - [2025-02-04T14:39:00.870+0000] {dagbag.py:588} INFO - Filling up the DagBag from /home/airflow/.local/lib/python3.12/site-packages/airflow/example_dags/example_dag_decorator.py
[2025-02-04T14:39:00.923+0000] {processor.py:925} INFO - DAG(s) 'example_dag_decorator' retrieved from /home/airflow/.local/lib/python3.12/site-packages/airflow/example_dags/example_dag_decorator.py
[2025-02-04T14:39:01.189+0000] {logging_mixin.py:190} INFO - [2025-02-04T14:39:01.188+0000] {dag.py:3239} INFO - Sync 1 DAGs
[2025-02-04T14:39:01.216+0000] {logging_mixin.py:190} INFO - [2025-02-04T14:39:01.216+0000] {dag.py:4180} INFO - Setting next_dagrun for example_dag_decorator to None, run_after=None
[2025-02-04T14:39:01.266+0000] {processor.py:208} INFO - Processing /home/airflow/.local/lib/python3.12/site-packages/airflow/example_dags/example_dag_decorator.py took 0.442 seconds
[2025-02-04T14:39:31.871+0000] {processor.py:186} INFO - Started process (PID=916) to work on /home/airflow/.local/lib/python3.12/site-packages/airflow/example_dags/example_dag_decorator.py
[2025-02-04T14:39:31.873+0000] {processor.py:914} INFO - Processing file /home/airflow/.local/lib/python3.12/site-packages/airflow/example_dags/example_dag_decorator.py for tasks to queue
[2025-02-04T14:39:31.878+0000] {logging_mixin.py:190} INFO - [2025-02-04T14:39:31.877+0000] {dagbag.py:588} INFO - Filling up the DagBag from /home/airflow/.local/lib/python3.12/site-packages/airflow/example_dags/example_dag_decorator.py
[2025-02-04T14:39:31.902+0000] {processor.py:925} INFO - DAG(s) 'example_dag_decorator' retrieved from /home/airflow/.local/lib/python3.12/site-packages/airflow/example_dags/example_dag_decorator.py
[2025-02-04T14:39:32.161+0000] {logging_mixin.py:190} INFO - [2025-02-04T14:39:32.160+0000] {dag.py:3239} INFO - Sync 1 DAGs
[2025-02-04T14:39:32.193+0000] {logging_mixin.py:190} INFO - [2025-02-04T14:39:32.192+0000] {dag.py:4180} INFO - Setting next_dagrun for example_dag_decorator to None, run_after=None
[2025-02-04T14:39:32.252+0000] {processor.py:208} INFO - Processing /home/airflow/.local/lib/python3.12/site-packages/airflow/example_dags/example_dag_decorator.py took 0.393 seconds
[2025-02-04T14:40:03.840+0000] {processor.py:186} INFO - Started process (PID=981) to work on /home/airflow/.local/lib/python3.12/site-packages/airflow/example_dags/example_dag_decorator.py
[2025-02-04T14:40:03.843+0000] {processor.py:914} INFO - Processing file /home/airflow/.local/lib/python3.12/site-packages/airflow/example_dags/example_dag_decorator.py for tasks to queue
[2025-02-04T14:40:03.848+0000] {logging_mixin.py:190} INFO - [2025-02-04T14:40:03.847+0000] {dagbag.py:588} INFO - Filling up the DagBag from /home/airflow/.local/lib/python3.12/site-packages/airflow/example_dags/example_dag_decorator.py
[2025-02-04T14:40:03.875+0000] {processor.py:925} INFO - DAG(s) 'example_dag_decorator' retrieved from /home/airflow/.local/lib/python3.12/site-packages/airflow/example_dags/example_dag_decorator.py
[2025-02-04T14:40:04.133+0000] {logging_mixin.py:190} INFO - [2025-02-04T14:40:04.133+0000] {dag.py:3239} INFO - Sync 1 DAGs
[2025-02-04T14:40:04.158+0000] {logging_mixin.py:190} INFO - [2025-02-04T14:40:04.157+0000] {dag.py:4180} INFO - Setting next_dagrun for example_dag_decorator to None, run_after=None
[2025-02-04T14:40:04.203+0000] {processor.py:208} INFO - Processing /home/airflow/.local/lib/python3.12/site-packages/airflow/example_dags/example_dag_decorator.py took 0.378 seconds
[2025-02-04T14:40:36.744+0000] {processor.py:186} INFO - Started process (PID=1046) to work on /home/airflow/.local/lib/python3.12/site-packages/airflow/example_dags/example_dag_decorator.py
[2025-02-04T14:40:36.746+0000] {processor.py:914} INFO - Processing file /home/airflow/.local/lib/python3.12/site-packages/airflow/example_dags/example_dag_decorator.py for tasks to queue
[2025-02-04T14:40:36.750+0000] {logging_mixin.py:190} INFO - [2025-02-04T14:40:36.749+0000] {dagbag.py:588} INFO - Filling up the DagBag from /home/airflow/.local/lib/python3.12/site-packages/airflow/example_dags/example_dag_decorator.py
[2025-02-04T14:40:36.769+0000] {processor.py:925} INFO - DAG(s) 'example_dag_decorator' retrieved from /home/airflow/.local/lib/python3.12/site-packages/airflow/example_dags/example_dag_decorator.py
[2025-02-04T14:40:36.943+0000] {logging_mixin.py:190} INFO - [2025-02-04T14:40:36.943+0000] {dag.py:3239} INFO - Sync 1 DAGs
[2025-02-04T14:40:36.962+0000] {logging_mixin.py:190} INFO - [2025-02-04T14:40:36.961+0000] {dag.py:4180} INFO - Setting next_dagrun for example_dag_decorator to None, run_after=None
[2025-02-04T14:40:36.994+0000] {processor.py:208} INFO - Processing /home/airflow/.local/lib/python3.12/site-packages/airflow/example_dags/example_dag_decorator.py took 0.259 seconds
[2025-02-04T14:41:07.096+0000] {processor.py:186} INFO - Started process (PID=1110) to work on /home/airflow/.local/lib/python3.12/site-packages/airflow/example_dags/example_dag_decorator.py
[2025-02-04T14:41:07.098+0000] {processor.py:914} INFO - Processing file /home/airflow/.local/lib/python3.12/site-packages/airflow/example_dags/example_dag_decorator.py for tasks to queue
[2025-02-04T14:41:07.101+0000] {logging_mixin.py:190} INFO - [2025-02-04T14:41:07.101+0000] {dagbag.py:588} INFO - Filling up the DagBag from /home/airflow/.local/lib/python3.12/site-packages/airflow/example_dags/example_dag_decorator.py
[2025-02-04T14:41:07.126+0000] {processor.py:925} INFO - DAG(s) 'example_dag_decorator' retrieved from /home/airflow/.local/lib/python3.12/site-packages/airflow/example_dags/example_dag_decorator.py
[2025-02-04T14:41:07.343+0000] {logging_mixin.py:190} INFO - [2025-02-04T14:41:07.343+0000] {dag.py:3239} INFO - Sync 1 DAGs
[2025-02-04T14:41:07.360+0000] {logging_mixin.py:190} INFO - [2025-02-04T14:41:07.360+0000] {dag.py:4180} INFO - Setting next_dagrun for example_dag_decorator to None, run_after=None
[2025-02-04T14:41:07.389+0000] {processor.py:208} INFO - Processing /home/airflow/.local/lib/python3.12/site-packages/airflow/example_dags/example_dag_decorator.py took 0.305 seconds
[2025-02-04T14:41:41.045+0000] {processor.py:186} INFO - Started process (PID=1174) to work on /home/airflow/.local/lib/python3.12/site-packages/airflow/example_dags/example_dag_decorator.py
[2025-02-04T14:41:41.049+0000] {processor.py:914} INFO - Processing file /home/airflow/.local/lib/python3.12/site-packages/airflow/example_dags/example_dag_decorator.py for tasks to queue
[2025-02-04T14:41:41.054+0000] {logging_mixin.py:190} INFO - [2025-02-04T14:41:41.053+0000] {dagbag.py:588} INFO - Filling up the DagBag from /home/airflow/.local/lib/python3.12/site-packages/airflow/example_dags/example_dag_decorator.py
[2025-02-04T14:41:41.079+0000] {processor.py:925} INFO - DAG(s) 'example_dag_decorator' retrieved from /home/airflow/.local/lib/python3.12/site-packages/airflow/example_dags/example_dag_decorator.py
[2025-02-04T14:41:41.359+0000] {logging_mixin.py:190} INFO - [2025-02-04T14:41:41.359+0000] {dag.py:3239} INFO - Sync 1 DAGs
[2025-02-04T14:41:41.382+0000] {logging_mixin.py:190} INFO - [2025-02-04T14:41:41.382+0000] {dag.py:4180} INFO - Setting next_dagrun for example_dag_decorator to None, run_after=None
[2025-02-04T14:41:41.423+0000] {processor.py:208} INFO - Processing /home/airflow/.local/lib/python3.12/site-packages/airflow/example_dags/example_dag_decorator.py took 0.394 seconds
[2025-02-04T14:42:11.518+0000] {processor.py:186} INFO - Started process (PID=1238) to work on /home/airflow/.local/lib/python3.12/site-packages/airflow/example_dags/example_dag_decorator.py
[2025-02-04T14:42:11.520+0000] {processor.py:914} INFO - Processing file /home/airflow/.local/lib/python3.12/site-packages/airflow/example_dags/example_dag_decorator.py for tasks to queue
[2025-02-04T14:42:11.523+0000] {logging_mixin.py:190} INFO - [2025-02-04T14:42:11.523+0000] {dagbag.py:588} INFO - Filling up the DagBag from /home/airflow/.local/lib/python3.12/site-packages/airflow/example_dags/example_dag_decorator.py
[2025-02-04T14:42:11.543+0000] {processor.py:925} INFO - DAG(s) 'example_dag_decorator' retrieved from /home/airflow/.local/lib/python3.12/site-packages/airflow/example_dags/example_dag_decorator.py
[2025-02-04T14:42:11.763+0000] {logging_mixin.py:190} INFO - [2025-02-04T14:42:11.763+0000] {dag.py:3239} INFO - Sync 1 DAGs
[2025-02-04T14:42:11.788+0000] {logging_mixin.py:190} INFO - [2025-02-04T14:42:11.787+0000] {dag.py:4180} INFO - Setting next_dagrun for example_dag_decorator to None, run_after=None
[2025-02-04T14:42:11.816+0000] {processor.py:208} INFO - Processing /home/airflow/.local/lib/python3.12/site-packages/airflow/example_dags/example_dag_decorator.py took 0.309 seconds
[2025-02-04T14:42:43.748+0000] {processor.py:186} INFO - Started process (PID=1302) to work on /home/airflow/.local/lib/python3.12/site-packages/airflow/example_dags/example_dag_decorator.py
[2025-02-04T14:42:43.749+0000] {processor.py:914} INFO - Processing file /home/airflow/.local/lib/python3.12/site-packages/airflow/example_dags/example_dag_decorator.py for tasks to queue
[2025-02-04T14:42:43.755+0000] {logging_mixin.py:190} INFO - [2025-02-04T14:42:43.753+0000] {dagbag.py:588} INFO - Filling up the DagBag from /home/airflow/.local/lib/python3.12/site-packages/airflow/example_dags/example_dag_decorator.py
[2025-02-04T14:42:43.781+0000] {processor.py:925} INFO - DAG(s) 'example_dag_decorator' retrieved from /home/airflow/.local/lib/python3.12/site-packages/airflow/example_dags/example_dag_decorator.py
[2025-02-04T14:42:44.126+0000] {logging_mixin.py:190} INFO - [2025-02-04T14:42:44.126+0000] {dag.py:3239} INFO - Sync 1 DAGs
[2025-02-04T14:42:44.155+0000] {logging_mixin.py:190} INFO - [2025-02-04T14:42:44.154+0000] {dag.py:4180} INFO - Setting next_dagrun for example_dag_decorator to None, run_after=None
[2025-02-04T14:42:44.217+0000] {processor.py:208} INFO - Processing /home/airflow/.local/lib/python3.12/site-packages/airflow/example_dags/example_dag_decorator.py took 0.482 seconds
[2025-02-04T14:43:14.529+0000] {processor.py:186} INFO - Started process (PID=1367) to work on /home/airflow/.local/lib/python3.12/site-packages/airflow/example_dags/example_dag_decorator.py
[2025-02-04T14:43:14.531+0000] {processor.py:914} INFO - Processing file /home/airflow/.local/lib/python3.12/site-packages/airflow/example_dags/example_dag_decorator.py for tasks to queue
[2025-02-04T14:43:14.538+0000] {logging_mixin.py:190} INFO - [2025-02-04T14:43:14.538+0000] {dagbag.py:588} INFO - Filling up the DagBag from /home/airflow/.local/lib/python3.12/site-packages/airflow/example_dags/example_dag_decorator.py
[2025-02-04T14:43:14.565+0000] {processor.py:925} INFO - DAG(s) 'example_dag_decorator' retrieved from /home/airflow/.local/lib/python3.12/site-packages/airflow/example_dags/example_dag_decorator.py
[2025-02-04T14:43:14.826+0000] {logging_mixin.py:190} INFO - [2025-02-04T14:43:14.826+0000] {dag.py:3239} INFO - Sync 1 DAGs
[2025-02-04T14:43:14.854+0000] {logging_mixin.py:190} INFO - [2025-02-04T14:43:14.854+0000] {dag.py:4180} INFO - Setting next_dagrun for example_dag_decorator to None, run_after=None
[2025-02-04T14:43:14.896+0000] {processor.py:208} INFO - Processing /home/airflow/.local/lib/python3.12/site-packages/airflow/example_dags/example_dag_decorator.py took 0.377 seconds
[2025-02-04T14:43:45.314+0000] {processor.py:186} INFO - Started process (PID=1432) to work on /home/airflow/.local/lib/python3.12/site-packages/airflow/example_dags/example_dag_decorator.py
[2025-02-04T14:43:45.315+0000] {processor.py:914} INFO - Processing file /home/airflow/.local/lib/python3.12/site-packages/airflow/example_dags/example_dag_decorator.py for tasks to queue
[2025-02-04T14:43:45.319+0000] {logging_mixin.py:190} INFO - [2025-02-04T14:43:45.319+0000] {dagbag.py:588} INFO - Filling up the DagBag from /home/airflow/.local/lib/python3.12/site-packages/airflow/example_dags/example_dag_decorator.py
[2025-02-04T14:43:45.339+0000] {processor.py:925} INFO - DAG(s) 'example_dag_decorator' retrieved from /home/airflow/.local/lib/python3.12/site-packages/airflow/example_dags/example_dag_decorator.py
[2025-02-04T14:43:45.546+0000] {logging_mixin.py:190} INFO - [2025-02-04T14:43:45.545+0000] {dag.py:3239} INFO - Sync 1 DAGs
[2025-02-04T14:43:45.566+0000] {logging_mixin.py:190} INFO - [2025-02-04T14:43:45.566+0000] {dag.py:4180} INFO - Setting next_dagrun for example_dag_decorator to None, run_after=None
[2025-02-04T14:43:45.600+0000] {processor.py:208} INFO - Processing /home/airflow/.local/lib/python3.12/site-packages/airflow/example_dags/example_dag_decorator.py took 0.296 seconds
[2025-02-04T14:44:15.927+0000] {processor.py:186} INFO - Started process (PID=1493) to work on /home/airflow/.local/lib/python3.12/site-packages/airflow/example_dags/example_dag_decorator.py
[2025-02-04T14:44:15.929+0000] {processor.py:914} INFO - Processing file /home/airflow/.local/lib/python3.12/site-packages/airflow/example_dags/example_dag_decorator.py for tasks to queue
[2025-02-04T14:44:15.933+0000] {logging_mixin.py:190} INFO - [2025-02-04T14:44:15.933+0000] {dagbag.py:588} INFO - Filling up the DagBag from /home/airflow/.local/lib/python3.12/site-packages/airflow/example_dags/example_dag_decorator.py
[2025-02-04T14:44:15.953+0000] {processor.py:925} INFO - DAG(s) 'example_dag_decorator' retrieved from /home/airflow/.local/lib/python3.12/site-packages/airflow/example_dags/example_dag_decorator.py
[2025-02-04T14:44:16.118+0000] {logging_mixin.py:190} INFO - [2025-02-04T14:44:16.118+0000] {dag.py:3239} INFO - Sync 1 DAGs
[2025-02-04T14:44:16.142+0000] {logging_mixin.py:190} INFO - [2025-02-04T14:44:16.141+0000] {dag.py:4180} INFO - Setting next_dagrun for example_dag_decorator to None, run_after=None
[2025-02-04T14:44:16.173+0000] {processor.py:208} INFO - Processing /home/airflow/.local/lib/python3.12/site-packages/airflow/example_dags/example_dag_decorator.py took 0.258 seconds
[2025-02-04T14:44:47.683+0000] {processor.py:186} INFO - Started process (PID=1557) to work on /home/airflow/.local/lib/python3.12/site-packages/airflow/example_dags/example_dag_decorator.py
[2025-02-04T14:44:47.684+0000] {processor.py:914} INFO - Processing file /home/airflow/.local/lib/python3.12/site-packages/airflow/example_dags/example_dag_decorator.py for tasks to queue
[2025-02-04T14:44:47.689+0000] {logging_mixin.py:190} INFO - [2025-02-04T14:44:47.689+0000] {dagbag.py:588} INFO - Filling up the DagBag from /home/airflow/.local/lib/python3.12/site-packages/airflow/example_dags/example_dag_decorator.py
[2025-02-04T14:44:47.711+0000] {processor.py:925} INFO - DAG(s) 'example_dag_decorator' retrieved from /home/airflow/.local/lib/python3.12/site-packages/airflow/example_dags/example_dag_decorator.py
[2025-02-04T14:44:47.923+0000] {logging_mixin.py:190} INFO - [2025-02-04T14:44:47.923+0000] {dag.py:3239} INFO - Sync 1 DAGs
[2025-02-04T14:44:47.946+0000] {logging_mixin.py:190} INFO - [2025-02-04T14:44:47.946+0000] {dag.py:4180} INFO - Setting next_dagrun for example_dag_decorator to None, run_after=None
[2025-02-04T14:44:47.977+0000] {processor.py:208} INFO - Processing /home/airflow/.local/lib/python3.12/site-packages/airflow/example_dags/example_dag_decorator.py took 0.305 seconds
[2025-02-04T14:45:18.151+0000] {processor.py:186} INFO - Started process (PID=1621) to work on /home/airflow/.local/lib/python3.12/site-packages/airflow/example_dags/example_dag_decorator.py
[2025-02-04T14:45:18.153+0000] {processor.py:914} INFO - Processing file /home/airflow/.local/lib/python3.12/site-packages/airflow/example_dags/example_dag_decorator.py for tasks to queue
[2025-02-04T14:45:18.158+0000] {logging_mixin.py:190} INFO - [2025-02-04T14:45:18.157+0000] {dagbag.py:588} INFO - Filling up the DagBag from /home/airflow/.local/lib/python3.12/site-packages/airflow/example_dags/example_dag_decorator.py
[2025-02-04T14:45:18.178+0000] {processor.py:925} INFO - DAG(s) 'example_dag_decorator' retrieved from /home/airflow/.local/lib/python3.12/site-packages/airflow/example_dags/example_dag_decorator.py
[2025-02-04T14:45:18.558+0000] {logging_mixin.py:190} INFO - [2025-02-04T14:45:18.557+0000] {dag.py:3239} INFO - Sync 1 DAGs
[2025-02-04T14:45:18.582+0000] {logging_mixin.py:190} INFO - [2025-02-04T14:45:18.581+0000] {dag.py:4180} INFO - Setting next_dagrun for example_dag_decorator to None, run_after=None
[2025-02-04T14:45:18.618+0000] {processor.py:208} INFO - Processing /home/airflow/.local/lib/python3.12/site-packages/airflow/example_dags/example_dag_decorator.py took 0.478 seconds
[2025-02-04T14:45:48.711+0000] {processor.py:186} INFO - Started process (PID=1684) to work on /home/airflow/.local/lib/python3.12/site-packages/airflow/example_dags/example_dag_decorator.py
[2025-02-04T14:45:48.713+0000] {processor.py:914} INFO - Processing file /home/airflow/.local/lib/python3.12/site-packages/airflow/example_dags/example_dag_decorator.py for tasks to queue
[2025-02-04T14:45:48.719+0000] {logging_mixin.py:190} INFO - [2025-02-04T14:45:48.718+0000] {dagbag.py:588} INFO - Filling up the DagBag from /home/airflow/.local/lib/python3.12/site-packages/airflow/example_dags/example_dag_decorator.py
[2025-02-04T14:45:48.754+0000] {processor.py:925} INFO - DAG(s) 'example_dag_decorator' retrieved from /home/airflow/.local/lib/python3.12/site-packages/airflow/example_dags/example_dag_decorator.py
[2025-02-04T14:45:48.997+0000] {logging_mixin.py:190} INFO - [2025-02-04T14:45:48.997+0000] {dag.py:3239} INFO - Sync 1 DAGs
[2025-02-04T14:45:49.018+0000] {logging_mixin.py:190} INFO - [2025-02-04T14:45:49.018+0000] {dag.py:4180} INFO - Setting next_dagrun for example_dag_decorator to None, run_after=None
[2025-02-04T14:45:49.055+0000] {processor.py:208} INFO - Processing /home/airflow/.local/lib/python3.12/site-packages/airflow/example_dags/example_dag_decorator.py took 0.359 seconds
[2025-02-04T14:49:28.473+0000] {processor.py:186} INFO - Started process (PID=125) to work on /home/airflow/.local/lib/python3.12/site-packages/airflow/example_dags/example_dag_decorator.py
[2025-02-04T14:49:28.475+0000] {processor.py:914} INFO - Processing file /home/airflow/.local/lib/python3.12/site-packages/airflow/example_dags/example_dag_decorator.py for tasks to queue
[2025-02-04T14:49:28.479+0000] {logging_mixin.py:190} INFO - [2025-02-04T14:49:28.479+0000] {dagbag.py:588} INFO - Filling up the DagBag from /home/airflow/.local/lib/python3.12/site-packages/airflow/example_dags/example_dag_decorator.py
[2025-02-04T14:49:28.505+0000] {processor.py:925} INFO - DAG(s) 'example_dag_decorator' retrieved from /home/airflow/.local/lib/python3.12/site-packages/airflow/example_dags/example_dag_decorator.py
[2025-02-04T14:49:28.877+0000] {logging_mixin.py:190} INFO - [2025-02-04T14:49:28.877+0000] {dag.py:3239} INFO - Sync 1 DAGs
[2025-02-04T14:49:28.895+0000] {logging_mixin.py:190} INFO - [2025-02-04T14:49:28.895+0000] {dag.py:4180} INFO - Setting next_dagrun for example_dag_decorator to None, run_after=None
[2025-02-04T14:49:29.391+0000] {processor.py:208} INFO - Processing /home/airflow/.local/lib/python3.12/site-packages/airflow/example_dags/example_dag_decorator.py took 0.930 seconds
[2025-02-04T14:49:59.743+0000] {processor.py:186} INFO - Started process (PID=190) to work on /home/airflow/.local/lib/python3.12/site-packages/airflow/example_dags/example_dag_decorator.py
[2025-02-04T14:49:59.745+0000] {processor.py:914} INFO - Processing file /home/airflow/.local/lib/python3.12/site-packages/airflow/example_dags/example_dag_decorator.py for tasks to queue
[2025-02-04T14:49:59.749+0000] {logging_mixin.py:190} INFO - [2025-02-04T14:49:59.748+0000] {dagbag.py:588} INFO - Filling up the DagBag from /home/airflow/.local/lib/python3.12/site-packages/airflow/example_dags/example_dag_decorator.py
[2025-02-04T14:49:59.773+0000] {processor.py:925} INFO - DAG(s) 'example_dag_decorator' retrieved from /home/airflow/.local/lib/python3.12/site-packages/airflow/example_dags/example_dag_decorator.py
[2025-02-04T14:49:59.818+0000] {logging_mixin.py:190} INFO - [2025-02-04T14:49:59.817+0000] {dag.py:3239} INFO - Sync 1 DAGs
[2025-02-04T14:49:59.845+0000] {logging_mixin.py:190} INFO - [2025-02-04T14:49:59.845+0000] {dag.py:4180} INFO - Setting next_dagrun for example_dag_decorator to None, run_after=None
[2025-02-04T14:49:59.871+0000] {processor.py:208} INFO - Processing /home/airflow/.local/lib/python3.12/site-packages/airflow/example_dags/example_dag_decorator.py took 0.139 seconds
[2025-02-04T14:50:32.165+0000] {processor.py:186} INFO - Started process (PID=254) to work on /home/airflow/.local/lib/python3.12/site-packages/airflow/example_dags/example_dag_decorator.py
[2025-02-04T14:50:32.167+0000] {processor.py:914} INFO - Processing file /home/airflow/.local/lib/python3.12/site-packages/airflow/example_dags/example_dag_decorator.py for tasks to queue
[2025-02-04T14:50:32.171+0000] {logging_mixin.py:190} INFO - [2025-02-04T14:50:32.171+0000] {dagbag.py:588} INFO - Filling up the DagBag from /home/airflow/.local/lib/python3.12/site-packages/airflow/example_dags/example_dag_decorator.py
[2025-02-04T14:50:32.191+0000] {processor.py:925} INFO - DAG(s) 'example_dag_decorator' retrieved from /home/airflow/.local/lib/python3.12/site-packages/airflow/example_dags/example_dag_decorator.py
[2025-02-04T14:50:32.231+0000] {logging_mixin.py:190} INFO - [2025-02-04T14:50:32.230+0000] {dag.py:3239} INFO - Sync 1 DAGs
[2025-02-04T14:50:32.264+0000] {logging_mixin.py:190} INFO - [2025-02-04T14:50:32.264+0000] {dag.py:4180} INFO - Setting next_dagrun for example_dag_decorator to None, run_after=None
[2025-02-04T14:50:32.293+0000] {processor.py:208} INFO - Processing /home/airflow/.local/lib/python3.12/site-packages/airflow/example_dags/example_dag_decorator.py took 0.140 seconds
[2025-02-04T14:51:06.468+0000] {processor.py:186} INFO - Started process (PID=318) to work on /home/airflow/.local/lib/python3.12/site-packages/airflow/example_dags/example_dag_decorator.py
[2025-02-04T14:51:06.470+0000] {processor.py:914} INFO - Processing file /home/airflow/.local/lib/python3.12/site-packages/airflow/example_dags/example_dag_decorator.py for tasks to queue
[2025-02-04T14:51:06.473+0000] {logging_mixin.py:190} INFO - [2025-02-04T14:51:06.473+0000] {dagbag.py:588} INFO - Filling up the DagBag from /home/airflow/.local/lib/python3.12/site-packages/airflow/example_dags/example_dag_decorator.py
[2025-02-04T14:51:06.498+0000] {processor.py:925} INFO - DAG(s) 'example_dag_decorator' retrieved from /home/airflow/.local/lib/python3.12/site-packages/airflow/example_dags/example_dag_decorator.py
[2025-02-04T14:51:06.886+0000] {logging_mixin.py:190} INFO - [2025-02-04T14:51:06.886+0000] {dag.py:3239} INFO - Sync 1 DAGs
[2025-02-04T14:51:06.911+0000] {logging_mixin.py:190} INFO - [2025-02-04T14:51:06.911+0000] {dag.py:4180} INFO - Setting next_dagrun for example_dag_decorator to None, run_after=None
[2025-02-04T14:51:06.944+0000] {processor.py:208} INFO - Processing /home/airflow/.local/lib/python3.12/site-packages/airflow/example_dags/example_dag_decorator.py took 0.487 seconds
[2025-02-04T14:51:53.842+0000] {processor.py:186} INFO - Started process (PID=384) to work on /home/airflow/.local/lib/python3.12/site-packages/airflow/example_dags/example_dag_decorator.py
[2025-02-04T14:51:53.893+0000] {processor.py:914} INFO - Processing file /home/airflow/.local/lib/python3.12/site-packages/airflow/example_dags/example_dag_decorator.py for tasks to queue
[2025-02-04T14:51:53.915+0000] {logging_mixin.py:190} INFO - [2025-02-04T14:51:53.914+0000] {dagbag.py:588} INFO - Filling up the DagBag from /home/airflow/.local/lib/python3.12/site-packages/airflow/example_dags/example_dag_decorator.py
[2025-02-04T14:51:54.021+0000] {processor.py:925} INFO - DAG(s) 'example_dag_decorator' retrieved from /home/airflow/.local/lib/python3.12/site-packages/airflow/example_dags/example_dag_decorator.py
[2025-02-04T14:51:55.124+0000] {logging_mixin.py:190} INFO - [2025-02-04T14:51:55.124+0000] {dag.py:3239} INFO - Sync 1 DAGs
[2025-02-04T14:51:55.285+0000] {logging_mixin.py:190} INFO - [2025-02-04T14:51:55.284+0000] {dag.py:4180} INFO - Setting next_dagrun for example_dag_decorator to None, run_after=None
[2025-02-04T14:51:55.436+0000] {processor.py:208} INFO - Processing /home/airflow/.local/lib/python3.12/site-packages/airflow/example_dags/example_dag_decorator.py took 1.641 seconds
[2025-02-04T14:52:44.556+0000] {processor.py:186} INFO - Started process (PID=454) to work on /home/airflow/.local/lib/python3.12/site-packages/airflow/example_dags/example_dag_decorator.py
[2025-02-04T14:52:44.559+0000] {processor.py:914} INFO - Processing file /home/airflow/.local/lib/python3.12/site-packages/airflow/example_dags/example_dag_decorator.py for tasks to queue
[2025-02-04T14:52:44.565+0000] {logging_mixin.py:190} INFO - [2025-02-04T14:52:44.564+0000] {dagbag.py:588} INFO - Filling up the DagBag from /home/airflow/.local/lib/python3.12/site-packages/airflow/example_dags/example_dag_decorator.py
[2025-02-04T14:52:44.595+0000] {processor.py:925} INFO - DAG(s) 'example_dag_decorator' retrieved from /home/airflow/.local/lib/python3.12/site-packages/airflow/example_dags/example_dag_decorator.py
[2025-02-04T14:52:44.969+0000] {logging_mixin.py:190} INFO - [2025-02-04T14:52:44.968+0000] {dag.py:3239} INFO - Sync 1 DAGs
[2025-02-04T14:52:45.005+0000] {logging_mixin.py:190} INFO - [2025-02-04T14:52:45.004+0000] {dag.py:4180} INFO - Setting next_dagrun for example_dag_decorator to None, run_after=None
[2025-02-04T14:52:45.040+0000] {processor.py:208} INFO - Processing /home/airflow/.local/lib/python3.12/site-packages/airflow/example_dags/example_dag_decorator.py took 0.500 seconds
[2025-02-04T14:53:15.642+0000] {processor.py:186} INFO - Started process (PID=523) to work on /home/airflow/.local/lib/python3.12/site-packages/airflow/example_dags/example_dag_decorator.py
[2025-02-04T14:53:15.644+0000] {processor.py:914} INFO - Processing file /home/airflow/.local/lib/python3.12/site-packages/airflow/example_dags/example_dag_decorator.py for tasks to queue
[2025-02-04T14:53:15.648+0000] {logging_mixin.py:190} INFO - [2025-02-04T14:53:15.648+0000] {dagbag.py:588} INFO - Filling up the DagBag from /home/airflow/.local/lib/python3.12/site-packages/airflow/example_dags/example_dag_decorator.py
[2025-02-04T14:53:15.674+0000] {processor.py:925} INFO - DAG(s) 'example_dag_decorator' retrieved from /home/airflow/.local/lib/python3.12/site-packages/airflow/example_dags/example_dag_decorator.py
[2025-02-04T14:53:15.943+0000] {logging_mixin.py:190} INFO - [2025-02-04T14:53:15.942+0000] {dag.py:3239} INFO - Sync 1 DAGs
[2025-02-04T14:53:15.970+0000] {logging_mixin.py:190} INFO - [2025-02-04T14:53:15.970+0000] {dag.py:4180} INFO - Setting next_dagrun for example_dag_decorator to None, run_after=None
[2025-02-04T14:53:16.011+0000] {processor.py:208} INFO - Processing /home/airflow/.local/lib/python3.12/site-packages/airflow/example_dags/example_dag_decorator.py took 0.384 seconds
[2025-02-04T14:53:47.212+0000] {processor.py:186} INFO - Started process (PID=590) to work on /home/airflow/.local/lib/python3.12/site-packages/airflow/example_dags/example_dag_decorator.py
[2025-02-04T14:53:47.214+0000] {processor.py:914} INFO - Processing file /home/airflow/.local/lib/python3.12/site-packages/airflow/example_dags/example_dag_decorator.py for tasks to queue
[2025-02-04T14:53:47.244+0000] {logging_mixin.py:190} INFO - [2025-02-04T14:53:47.242+0000] {dagbag.py:588} INFO - Filling up the DagBag from /home/airflow/.local/lib/python3.12/site-packages/airflow/example_dags/example_dag_decorator.py
[2025-02-04T14:53:47.275+0000] {processor.py:925} INFO - DAG(s) 'example_dag_decorator' retrieved from /home/airflow/.local/lib/python3.12/site-packages/airflow/example_dags/example_dag_decorator.py
[2025-02-04T14:53:47.587+0000] {logging_mixin.py:190} INFO - [2025-02-04T14:53:47.586+0000] {dag.py:3239} INFO - Sync 1 DAGs
[2025-02-04T14:53:47.616+0000] {logging_mixin.py:190} INFO - [2025-02-04T14:53:47.615+0000] {dag.py:4180} INFO - Setting next_dagrun for example_dag_decorator to None, run_after=None
[2025-02-04T14:53:47.654+0000] {processor.py:208} INFO - Processing /home/airflow/.local/lib/python3.12/site-packages/airflow/example_dags/example_dag_decorator.py took 0.458 seconds
[2025-02-04T14:54:17.852+0000] {processor.py:186} INFO - Started process (PID=656) to work on /home/airflow/.local/lib/python3.12/site-packages/airflow/example_dags/example_dag_decorator.py
[2025-02-04T14:54:17.853+0000] {processor.py:914} INFO - Processing file /home/airflow/.local/lib/python3.12/site-packages/airflow/example_dags/example_dag_decorator.py for tasks to queue
[2025-02-04T14:54:17.860+0000] {logging_mixin.py:190} INFO - [2025-02-04T14:54:17.858+0000] {dagbag.py:588} INFO - Filling up the DagBag from /home/airflow/.local/lib/python3.12/site-packages/airflow/example_dags/example_dag_decorator.py
[2025-02-04T14:54:17.887+0000] {processor.py:925} INFO - DAG(s) 'example_dag_decorator' retrieved from /home/airflow/.local/lib/python3.12/site-packages/airflow/example_dags/example_dag_decorator.py
[2025-02-04T14:54:18.191+0000] {logging_mixin.py:190} INFO - [2025-02-04T14:54:18.191+0000] {dag.py:3239} INFO - Sync 1 DAGs
[2025-02-04T14:54:18.218+0000] {logging_mixin.py:190} INFO - [2025-02-04T14:54:18.218+0000] {dag.py:4180} INFO - Setting next_dagrun for example_dag_decorator to None, run_after=None
[2025-02-04T14:54:18.257+0000] {processor.py:208} INFO - Processing /home/airflow/.local/lib/python3.12/site-packages/airflow/example_dags/example_dag_decorator.py took 0.418 seconds
[2025-02-04T14:54:48.881+0000] {processor.py:186} INFO - Started process (PID=725) to work on /home/airflow/.local/lib/python3.12/site-packages/airflow/example_dags/example_dag_decorator.py
[2025-02-04T14:54:48.884+0000] {processor.py:914} INFO - Processing file /home/airflow/.local/lib/python3.12/site-packages/airflow/example_dags/example_dag_decorator.py for tasks to queue
[2025-02-04T14:54:48.889+0000] {logging_mixin.py:190} INFO - [2025-02-04T14:54:48.888+0000] {dagbag.py:588} INFO - Filling up the DagBag from /home/airflow/.local/lib/python3.12/site-packages/airflow/example_dags/example_dag_decorator.py
[2025-02-04T14:54:48.918+0000] {processor.py:925} INFO - DAG(s) 'example_dag_decorator' retrieved from /home/airflow/.local/lib/python3.12/site-packages/airflow/example_dags/example_dag_decorator.py
[2025-02-04T14:54:49.156+0000] {logging_mixin.py:190} INFO - [2025-02-04T14:54:49.156+0000] {dag.py:3239} INFO - Sync 1 DAGs
[2025-02-04T14:54:49.177+0000] {logging_mixin.py:190} INFO - [2025-02-04T14:54:49.177+0000] {dag.py:4180} INFO - Setting next_dagrun for example_dag_decorator to None, run_after=None
[2025-02-04T14:54:49.223+0000] {processor.py:208} INFO - Processing /home/airflow/.local/lib/python3.12/site-packages/airflow/example_dags/example_dag_decorator.py took 0.353 seconds
[2025-02-04T14:55:19.556+0000] {processor.py:186} INFO - Started process (PID=790) to work on /home/airflow/.local/lib/python3.12/site-packages/airflow/example_dags/example_dag_decorator.py
[2025-02-04T14:55:19.560+0000] {processor.py:914} INFO - Processing file /home/airflow/.local/lib/python3.12/site-packages/airflow/example_dags/example_dag_decorator.py for tasks to queue
[2025-02-04T14:55:19.564+0000] {logging_mixin.py:190} INFO - [2025-02-04T14:55:19.563+0000] {dagbag.py:588} INFO - Filling up the DagBag from /home/airflow/.local/lib/python3.12/site-packages/airflow/example_dags/example_dag_decorator.py
[2025-02-04T14:55:19.589+0000] {processor.py:925} INFO - DAG(s) 'example_dag_decorator' retrieved from /home/airflow/.local/lib/python3.12/site-packages/airflow/example_dags/example_dag_decorator.py
[2025-02-04T14:55:19.897+0000] {logging_mixin.py:190} INFO - [2025-02-04T14:55:19.897+0000] {dag.py:3239} INFO - Sync 1 DAGs
[2025-02-04T14:55:19.926+0000] {logging_mixin.py:190} INFO - [2025-02-04T14:55:19.925+0000] {dag.py:4180} INFO - Setting next_dagrun for example_dag_decorator to None, run_after=None
[2025-02-04T14:55:19.986+0000] {processor.py:208} INFO - Processing /home/airflow/.local/lib/python3.12/site-packages/airflow/example_dags/example_dag_decorator.py took 0.441 seconds
[2025-02-04T14:55:57.728+0000] {processor.py:186} INFO - Started process (PID=855) to work on /home/airflow/.local/lib/python3.12/site-packages/airflow/example_dags/example_dag_decorator.py
[2025-02-04T14:55:57.732+0000] {processor.py:914} INFO - Processing file /home/airflow/.local/lib/python3.12/site-packages/airflow/example_dags/example_dag_decorator.py for tasks to queue
[2025-02-04T14:55:57.740+0000] {logging_mixin.py:190} INFO - [2025-02-04T14:55:57.739+0000] {dagbag.py:588} INFO - Filling up the DagBag from /home/airflow/.local/lib/python3.12/site-packages/airflow/example_dags/example_dag_decorator.py
[2025-02-04T14:55:57.812+0000] {processor.py:925} INFO - DAG(s) 'example_dag_decorator' retrieved from /home/airflow/.local/lib/python3.12/site-packages/airflow/example_dags/example_dag_decorator.py
[2025-02-04T14:55:58.899+0000] {logging_mixin.py:190} INFO - [2025-02-04T14:55:58.895+0000] {dag.py:3239} INFO - Sync 1 DAGs
[2025-02-04T14:55:59.157+0000] {logging_mixin.py:190} INFO - [2025-02-04T14:55:59.157+0000] {dag.py:4180} INFO - Setting next_dagrun for example_dag_decorator to None, run_after=None
[2025-02-04T14:55:59.379+0000] {processor.py:208} INFO - Processing /home/airflow/.local/lib/python3.12/site-packages/airflow/example_dags/example_dag_decorator.py took 1.265 seconds
[2025-02-04T14:56:29.871+0000] {processor.py:186} INFO - Started process (PID=920) to work on /home/airflow/.local/lib/python3.12/site-packages/airflow/example_dags/example_dag_decorator.py
[2025-02-04T14:56:30.524+0000] {processor.py:914} INFO - Processing file /home/airflow/.local/lib/python3.12/site-packages/airflow/example_dags/example_dag_decorator.py for tasks to queue
[2025-02-04T14:56:30.627+0000] {logging_mixin.py:190} INFO - [2025-02-04T14:56:30.626+0000] {dagbag.py:588} INFO - Filling up the DagBag from /home/airflow/.local/lib/python3.12/site-packages/airflow/example_dags/example_dag_decorator.py
[2025-02-04T14:56:30.722+0000] {processor.py:925} INFO - DAG(s) 'example_dag_decorator' retrieved from /home/airflow/.local/lib/python3.12/site-packages/airflow/example_dags/example_dag_decorator.py
[2025-02-04T14:56:31.482+0000] {logging_mixin.py:190} INFO - [2025-02-04T14:56:31.481+0000] {dag.py:3239} INFO - Sync 1 DAGs
[2025-02-04T14:56:31.521+0000] {logging_mixin.py:190} INFO - [2025-02-04T14:56:31.518+0000] {dag.py:4180} INFO - Setting next_dagrun for example_dag_decorator to None, run_after=None
[2025-02-04T14:56:31.572+0000] {processor.py:208} INFO - Processing /home/airflow/.local/lib/python3.12/site-packages/airflow/example_dags/example_dag_decorator.py took 1.275 seconds
[2025-02-04T14:57:01.842+0000] {processor.py:186} INFO - Started process (PID=983) to work on /home/airflow/.local/lib/python3.12/site-packages/airflow/example_dags/example_dag_decorator.py
[2025-02-04T14:57:01.844+0000] {processor.py:914} INFO - Processing file /home/airflow/.local/lib/python3.12/site-packages/airflow/example_dags/example_dag_decorator.py for tasks to queue
[2025-02-04T14:57:01.850+0000] {logging_mixin.py:190} INFO - [2025-02-04T14:57:01.849+0000] {dagbag.py:588} INFO - Filling up the DagBag from /home/airflow/.local/lib/python3.12/site-packages/airflow/example_dags/example_dag_decorator.py
[2025-02-04T14:57:01.872+0000] {processor.py:925} INFO - DAG(s) 'example_dag_decorator' retrieved from /home/airflow/.local/lib/python3.12/site-packages/airflow/example_dags/example_dag_decorator.py
[2025-02-04T14:57:02.080+0000] {logging_mixin.py:190} INFO - [2025-02-04T14:57:02.079+0000] {dag.py:3239} INFO - Sync 1 DAGs
[2025-02-04T14:57:02.102+0000] {logging_mixin.py:190} INFO - [2025-02-04T14:57:02.102+0000] {dag.py:4180} INFO - Setting next_dagrun for example_dag_decorator to None, run_after=None
[2025-02-04T14:57:02.139+0000] {processor.py:208} INFO - Processing /home/airflow/.local/lib/python3.12/site-packages/airflow/example_dags/example_dag_decorator.py took 0.309 seconds
[2025-02-04T14:57:33.233+0000] {processor.py:186} INFO - Started process (PID=1047) to work on /home/airflow/.local/lib/python3.12/site-packages/airflow/example_dags/example_dag_decorator.py
[2025-02-04T14:57:33.235+0000] {processor.py:914} INFO - Processing file /home/airflow/.local/lib/python3.12/site-packages/airflow/example_dags/example_dag_decorator.py for tasks to queue
[2025-02-04T14:57:33.239+0000] {logging_mixin.py:190} INFO - [2025-02-04T14:57:33.239+0000] {dagbag.py:588} INFO - Filling up the DagBag from /home/airflow/.local/lib/python3.12/site-packages/airflow/example_dags/example_dag_decorator.py
[2025-02-04T14:57:33.264+0000] {processor.py:925} INFO - DAG(s) 'example_dag_decorator' retrieved from /home/airflow/.local/lib/python3.12/site-packages/airflow/example_dags/example_dag_decorator.py
[2025-02-04T14:57:33.472+0000] {logging_mixin.py:190} INFO - [2025-02-04T14:57:33.472+0000] {dag.py:3239} INFO - Sync 1 DAGs
[2025-02-04T14:57:33.494+0000] {logging_mixin.py:190} INFO - [2025-02-04T14:57:33.494+0000] {dag.py:4180} INFO - Setting next_dagrun for example_dag_decorator to None, run_after=None
[2025-02-04T14:57:33.526+0000] {processor.py:208} INFO - Processing /home/airflow/.local/lib/python3.12/site-packages/airflow/example_dags/example_dag_decorator.py took 0.306 seconds
[2025-02-04T14:58:04.067+0000] {processor.py:186} INFO - Started process (PID=1112) to work on /home/airflow/.local/lib/python3.12/site-packages/airflow/example_dags/example_dag_decorator.py
[2025-02-04T14:58:04.070+0000] {processor.py:914} INFO - Processing file /home/airflow/.local/lib/python3.12/site-packages/airflow/example_dags/example_dag_decorator.py for tasks to queue
[2025-02-04T14:58:04.075+0000] {logging_mixin.py:190} INFO - [2025-02-04T14:58:04.074+0000] {dagbag.py:588} INFO - Filling up the DagBag from /home/airflow/.local/lib/python3.12/site-packages/airflow/example_dags/example_dag_decorator.py
[2025-02-04T14:58:04.104+0000] {processor.py:925} INFO - DAG(s) 'example_dag_decorator' retrieved from /home/airflow/.local/lib/python3.12/site-packages/airflow/example_dags/example_dag_decorator.py
[2025-02-04T14:58:04.369+0000] {logging_mixin.py:190} INFO - [2025-02-04T14:58:04.368+0000] {dag.py:3239} INFO - Sync 1 DAGs
[2025-02-04T14:58:04.398+0000] {logging_mixin.py:190} INFO - [2025-02-04T14:58:04.397+0000] {dag.py:4180} INFO - Setting next_dagrun for example_dag_decorator to None, run_after=None
[2025-02-04T14:58:04.465+0000] {processor.py:208} INFO - Processing /home/airflow/.local/lib/python3.12/site-packages/airflow/example_dags/example_dag_decorator.py took 0.413 seconds
[2025-02-04T14:58:35.292+0000] {processor.py:186} INFO - Started process (PID=1177) to work on /home/airflow/.local/lib/python3.12/site-packages/airflow/example_dags/example_dag_decorator.py
[2025-02-04T14:58:35.294+0000] {processor.py:914} INFO - Processing file /home/airflow/.local/lib/python3.12/site-packages/airflow/example_dags/example_dag_decorator.py for tasks to queue
[2025-02-04T14:58:35.298+0000] {logging_mixin.py:190} INFO - [2025-02-04T14:58:35.297+0000] {dagbag.py:588} INFO - Filling up the DagBag from /home/airflow/.local/lib/python3.12/site-packages/airflow/example_dags/example_dag_decorator.py
[2025-02-04T14:58:35.318+0000] {processor.py:925} INFO - DAG(s) 'example_dag_decorator' retrieved from /home/airflow/.local/lib/python3.12/site-packages/airflow/example_dags/example_dag_decorator.py
[2025-02-04T14:58:35.530+0000] {logging_mixin.py:190} INFO - [2025-02-04T14:58:35.530+0000] {dag.py:3239} INFO - Sync 1 DAGs
[2025-02-04T14:58:35.550+0000] {logging_mixin.py:190} INFO - [2025-02-04T14:58:35.549+0000] {dag.py:4180} INFO - Setting next_dagrun for example_dag_decorator to None, run_after=None
[2025-02-04T14:58:35.582+0000] {processor.py:208} INFO - Processing /home/airflow/.local/lib/python3.12/site-packages/airflow/example_dags/example_dag_decorator.py took 0.299 seconds
[2025-02-04T14:59:06.284+0000] {processor.py:186} INFO - Started process (PID=1242) to work on /home/airflow/.local/lib/python3.12/site-packages/airflow/example_dags/example_dag_decorator.py
[2025-02-04T14:59:06.287+0000] {processor.py:914} INFO - Processing file /home/airflow/.local/lib/python3.12/site-packages/airflow/example_dags/example_dag_decorator.py for tasks to queue
[2025-02-04T14:59:06.294+0000] {logging_mixin.py:190} INFO - [2025-02-04T14:59:06.293+0000] {dagbag.py:588} INFO - Filling up the DagBag from /home/airflow/.local/lib/python3.12/site-packages/airflow/example_dags/example_dag_decorator.py
[2025-02-04T14:59:06.326+0000] {processor.py:925} INFO - DAG(s) 'example_dag_decorator' retrieved from /home/airflow/.local/lib/python3.12/site-packages/airflow/example_dags/example_dag_decorator.py
[2025-02-04T14:59:06.567+0000] {logging_mixin.py:190} INFO - [2025-02-04T14:59:06.566+0000] {dag.py:3239} INFO - Sync 1 DAGs
[2025-02-04T14:59:06.631+0000] {logging_mixin.py:190} INFO - [2025-02-04T14:59:06.629+0000] {dag.py:4180} INFO - Setting next_dagrun for example_dag_decorator to None, run_after=None
[2025-02-04T14:59:06.680+0000] {processor.py:208} INFO - Processing /home/airflow/.local/lib/python3.12/site-packages/airflow/example_dags/example_dag_decorator.py took 0.413 seconds
[2025-02-04T14:59:38.359+0000] {processor.py:186} INFO - Started process (PID=1307) to work on /home/airflow/.local/lib/python3.12/site-packages/airflow/example_dags/example_dag_decorator.py
[2025-02-04T14:59:38.361+0000] {processor.py:914} INFO - Processing file /home/airflow/.local/lib/python3.12/site-packages/airflow/example_dags/example_dag_decorator.py for tasks to queue
[2025-02-04T14:59:38.365+0000] {logging_mixin.py:190} INFO - [2025-02-04T14:59:38.364+0000] {dagbag.py:588} INFO - Filling up the DagBag from /home/airflow/.local/lib/python3.12/site-packages/airflow/example_dags/example_dag_decorator.py
[2025-02-04T14:59:38.385+0000] {processor.py:925} INFO - DAG(s) 'example_dag_decorator' retrieved from /home/airflow/.local/lib/python3.12/site-packages/airflow/example_dags/example_dag_decorator.py
[2025-02-04T14:59:38.594+0000] {logging_mixin.py:190} INFO - [2025-02-04T14:59:38.593+0000] {dag.py:3239} INFO - Sync 1 DAGs
[2025-02-04T14:59:38.621+0000] {logging_mixin.py:190} INFO - [2025-02-04T14:59:38.621+0000] {dag.py:4180} INFO - Setting next_dagrun for example_dag_decorator to None, run_after=None
[2025-02-04T14:59:38.666+0000] {processor.py:208} INFO - Processing /home/airflow/.local/lib/python3.12/site-packages/airflow/example_dags/example_dag_decorator.py took 0.318 seconds
[2025-02-04T15:00:08.906+0000] {processor.py:186} INFO - Started process (PID=1371) to work on /home/airflow/.local/lib/python3.12/site-packages/airflow/example_dags/example_dag_decorator.py
[2025-02-04T15:00:08.908+0000] {processor.py:914} INFO - Processing file /home/airflow/.local/lib/python3.12/site-packages/airflow/example_dags/example_dag_decorator.py for tasks to queue
[2025-02-04T15:00:08.914+0000] {logging_mixin.py:190} INFO - [2025-02-04T15:00:08.913+0000] {dagbag.py:588} INFO - Filling up the DagBag from /home/airflow/.local/lib/python3.12/site-packages/airflow/example_dags/example_dag_decorator.py
[2025-02-04T15:00:08.943+0000] {processor.py:925} INFO - DAG(s) 'example_dag_decorator' retrieved from /home/airflow/.local/lib/python3.12/site-packages/airflow/example_dags/example_dag_decorator.py
[2025-02-04T15:00:09.233+0000] {logging_mixin.py:190} INFO - [2025-02-04T15:00:09.232+0000] {dag.py:3239} INFO - Sync 1 DAGs
[2025-02-04T15:00:09.265+0000] {logging_mixin.py:190} INFO - [2025-02-04T15:00:09.263+0000] {dag.py:4180} INFO - Setting next_dagrun for example_dag_decorator to None, run_after=None
[2025-02-04T15:00:09.315+0000] {processor.py:208} INFO - Processing /home/airflow/.local/lib/python3.12/site-packages/airflow/example_dags/example_dag_decorator.py took 0.422 seconds
[2025-02-04T15:00:40.004+0000] {processor.py:186} INFO - Started process (PID=1435) to work on /home/airflow/.local/lib/python3.12/site-packages/airflow/example_dags/example_dag_decorator.py
[2025-02-04T15:00:40.006+0000] {processor.py:914} INFO - Processing file /home/airflow/.local/lib/python3.12/site-packages/airflow/example_dags/example_dag_decorator.py for tasks to queue
[2025-02-04T15:00:40.010+0000] {logging_mixin.py:190} INFO - [2025-02-04T15:00:40.009+0000] {dagbag.py:588} INFO - Filling up the DagBag from /home/airflow/.local/lib/python3.12/site-packages/airflow/example_dags/example_dag_decorator.py
[2025-02-04T15:00:40.040+0000] {processor.py:925} INFO - DAG(s) 'example_dag_decorator' retrieved from /home/airflow/.local/lib/python3.12/site-packages/airflow/example_dags/example_dag_decorator.py
[2025-02-04T15:00:40.090+0000] {logging_mixin.py:190} INFO - [2025-02-04T15:00:40.089+0000] {dag.py:3239} INFO - Sync 1 DAGs
[2025-02-04T15:00:40.120+0000] {logging_mixin.py:190} INFO - [2025-02-04T15:00:40.120+0000] {dag.py:4180} INFO - Setting next_dagrun for example_dag_decorator to None, run_after=None
[2025-02-04T15:00:40.157+0000] {processor.py:208} INFO - Processing /home/airflow/.local/lib/python3.12/site-packages/airflow/example_dags/example_dag_decorator.py took 0.166 seconds
[2025-02-04T15:01:11.964+0000] {processor.py:186} INFO - Started process (PID=1500) to work on /home/airflow/.local/lib/python3.12/site-packages/airflow/example_dags/example_dag_decorator.py
[2025-02-04T15:01:11.968+0000] {processor.py:914} INFO - Processing file /home/airflow/.local/lib/python3.12/site-packages/airflow/example_dags/example_dag_decorator.py for tasks to queue
[2025-02-04T15:01:11.975+0000] {logging_mixin.py:190} INFO - [2025-02-04T15:01:11.974+0000] {dagbag.py:588} INFO - Filling up the DagBag from /home/airflow/.local/lib/python3.12/site-packages/airflow/example_dags/example_dag_decorator.py
[2025-02-04T15:01:11.998+0000] {processor.py:925} INFO - DAG(s) 'example_dag_decorator' retrieved from /home/airflow/.local/lib/python3.12/site-packages/airflow/example_dags/example_dag_decorator.py
[2025-02-04T15:01:12.214+0000] {logging_mixin.py:190} INFO - [2025-02-04T15:01:12.213+0000] {dag.py:3239} INFO - Sync 1 DAGs
[2025-02-04T15:01:12.231+0000] {logging_mixin.py:190} INFO - [2025-02-04T15:01:12.231+0000] {dag.py:4180} INFO - Setting next_dagrun for example_dag_decorator to None, run_after=None
[2025-02-04T15:01:12.261+0000] {processor.py:208} INFO - Processing /home/airflow/.local/lib/python3.12/site-packages/airflow/example_dags/example_dag_decorator.py took 0.308 seconds
