[2025-02-04T14:07:09.410+0000] {processor.py:186} INFO - Started process (PID=92) to work on /home/airflow/.local/lib/python3.12/site-packages/airflow/example_dags/example_setup_teardown.py
[2025-02-04T14:07:09.428+0000] {processor.py:914} INFO - Processing file /home/airflow/.local/lib/python3.12/site-packages/airflow/example_dags/example_setup_teardown.py for tasks to queue
[2025-02-04T14:07:09.449+0000] {logging_mixin.py:190} INFO - [2025-02-04T14:07:09.448+0000] {dagbag.py:588} INFO - Filling up the DagBag from /home/airflow/.local/lib/python3.12/site-packages/airflow/example_dags/example_setup_teardown.py
[2025-02-04T14:07:09.502+0000] {processor.py:925} INFO - DAG(s) 'example_setup_teardown' retrieved from /home/airflow/.local/lib/python3.12/site-packages/airflow/example_dags/example_setup_teardown.py
[2025-02-04T14:07:11.078+0000] {logging_mixin.py:190} INFO - [2025-02-04T14:07:11.076+0000] {override.py:1911} INFO - Created Permission View: can delete on DAG:example_setup_teardown
[2025-02-04T14:07:11.409+0000] {logging_mixin.py:190} INFO - [2025-02-04T14:07:11.409+0000] {override.py:1911} INFO - Created Permission View: can read on DAG:example_setup_teardown
[2025-02-04T14:07:11.538+0000] {logging_mixin.py:190} INFO - [2025-02-04T14:07:11.537+0000] {override.py:1911} INFO - Created Permission View: can edit on DAG:example_setup_teardown
[2025-02-04T14:07:11.589+0000] {logging_mixin.py:190} INFO - [2025-02-04T14:07:11.588+0000] {override.py:1911} INFO - Created Permission View: can delete on DAG Run:example_setup_teardown
[2025-02-04T14:07:11.634+0000] {logging_mixin.py:190} INFO - [2025-02-04T14:07:11.634+0000] {override.py:1911} INFO - Created Permission View: menu access on DAG Run:example_setup_teardown
[2025-02-04T14:07:11.743+0000] {logging_mixin.py:190} INFO - [2025-02-04T14:07:11.743+0000] {override.py:1911} INFO - Created Permission View: can read on DAG Run:example_setup_teardown
[2025-02-04T14:07:11.868+0000] {logging_mixin.py:190} INFO - [2025-02-04T14:07:11.867+0000] {override.py:1911} INFO - Created Permission View: can create on DAG Run:example_setup_teardown
[2025-02-04T14:07:11.899+0000] {logging_mixin.py:190} INFO - [2025-02-04T14:07:11.898+0000] {dag.py:3239} INFO - Sync 1 DAGs
[2025-02-04T14:07:12.112+0000] {logging_mixin.py:190} INFO - [2025-02-04T14:07:12.111+0000] {dag.py:3262} INFO - Creating ORM DAG for example_setup_teardown
[2025-02-04T14:07:12.130+0000] {logging_mixin.py:190} INFO - [2025-02-04T14:07:12.129+0000] {dag.py:4180} INFO - Setting next_dagrun for example_setup_teardown to None, run_after=None
[2025-02-04T14:07:12.288+0000] {processor.py:208} INFO - Processing /home/airflow/.local/lib/python3.12/site-packages/airflow/example_dags/example_setup_teardown.py took 2.916 seconds
[2025-02-04T14:08:26.688+0000] {processor.py:186} INFO - Started process (PID=161) to work on /home/airflow/.local/lib/python3.12/site-packages/airflow/example_dags/example_setup_teardown.py
[2025-02-04T14:08:26.691+0000] {processor.py:914} INFO - Processing file /home/airflow/.local/lib/python3.12/site-packages/airflow/example_dags/example_setup_teardown.py for tasks to queue
[2025-02-04T14:08:26.697+0000] {logging_mixin.py:190} INFO - [2025-02-04T14:08:26.696+0000] {dagbag.py:588} INFO - Filling up the DagBag from /home/airflow/.local/lib/python3.12/site-packages/airflow/example_dags/example_setup_teardown.py
[2025-02-04T14:08:26.715+0000] {processor.py:925} INFO - DAG(s) 'example_setup_teardown' retrieved from /home/airflow/.local/lib/python3.12/site-packages/airflow/example_dags/example_setup_teardown.py
[2025-02-04T14:08:26.769+0000] {logging_mixin.py:190} INFO - [2025-02-04T14:08:26.768+0000] {dag.py:3239} INFO - Sync 1 DAGs
[2025-02-04T14:08:26.852+0000] {logging_mixin.py:190} INFO - [2025-02-04T14:08:26.852+0000] {dag.py:4180} INFO - Setting next_dagrun for example_setup_teardown to None, run_after=None
[2025-02-04T14:08:26.895+0000] {processor.py:208} INFO - Processing /home/airflow/.local/lib/python3.12/site-packages/airflow/example_dags/example_setup_teardown.py took 0.218 seconds
[2025-02-04T14:08:57.023+0000] {processor.py:186} INFO - Started process (PID=224) to work on /home/airflow/.local/lib/python3.12/site-packages/airflow/example_dags/example_setup_teardown.py
[2025-02-04T14:08:57.025+0000] {processor.py:914} INFO - Processing file /home/airflow/.local/lib/python3.12/site-packages/airflow/example_dags/example_setup_teardown.py for tasks to queue
[2025-02-04T14:08:57.029+0000] {logging_mixin.py:190} INFO - [2025-02-04T14:08:57.028+0000] {dagbag.py:588} INFO - Filling up the DagBag from /home/airflow/.local/lib/python3.12/site-packages/airflow/example_dags/example_setup_teardown.py
[2025-02-04T14:08:57.044+0000] {processor.py:925} INFO - DAG(s) 'example_setup_teardown' retrieved from /home/airflow/.local/lib/python3.12/site-packages/airflow/example_dags/example_setup_teardown.py
[2025-02-04T14:08:57.088+0000] {logging_mixin.py:190} INFO - [2025-02-04T14:08:57.088+0000] {dag.py:3239} INFO - Sync 1 DAGs
[2025-02-04T14:08:57.113+0000] {logging_mixin.py:190} INFO - [2025-02-04T14:08:57.113+0000] {dag.py:4180} INFO - Setting next_dagrun for example_setup_teardown to None, run_after=None
[2025-02-04T14:08:57.147+0000] {processor.py:208} INFO - Processing /home/airflow/.local/lib/python3.12/site-packages/airflow/example_dags/example_setup_teardown.py took 0.133 seconds
[2025-02-04T14:09:30.963+0000] {processor.py:186} INFO - Started process (PID=289) to work on /home/airflow/.local/lib/python3.12/site-packages/airflow/example_dags/example_setup_teardown.py
[2025-02-04T14:09:30.966+0000] {processor.py:914} INFO - Processing file /home/airflow/.local/lib/python3.12/site-packages/airflow/example_dags/example_setup_teardown.py for tasks to queue
[2025-02-04T14:09:30.971+0000] {logging_mixin.py:190} INFO - [2025-02-04T14:09:30.971+0000] {dagbag.py:588} INFO - Filling up the DagBag from /home/airflow/.local/lib/python3.12/site-packages/airflow/example_dags/example_setup_teardown.py
[2025-02-04T14:09:30.995+0000] {processor.py:925} INFO - DAG(s) 'example_setup_teardown' retrieved from /home/airflow/.local/lib/python3.12/site-packages/airflow/example_dags/example_setup_teardown.py
[2025-02-04T14:09:31.054+0000] {logging_mixin.py:190} INFO - [2025-02-04T14:09:31.054+0000] {dag.py:3239} INFO - Sync 1 DAGs
[2025-02-04T14:09:31.114+0000] {logging_mixin.py:190} INFO - [2025-02-04T14:09:31.114+0000] {dag.py:4180} INFO - Setting next_dagrun for example_setup_teardown to None, run_after=None
[2025-02-04T14:09:31.197+0000] {processor.py:208} INFO - Processing /home/airflow/.local/lib/python3.12/site-packages/airflow/example_dags/example_setup_teardown.py took 0.247 seconds
[2025-02-04T14:10:01.429+0000] {processor.py:186} INFO - Started process (PID=352) to work on /home/airflow/.local/lib/python3.12/site-packages/airflow/example_dags/example_setup_teardown.py
[2025-02-04T14:10:01.431+0000] {processor.py:914} INFO - Processing file /home/airflow/.local/lib/python3.12/site-packages/airflow/example_dags/example_setup_teardown.py for tasks to queue
[2025-02-04T14:10:01.436+0000] {logging_mixin.py:190} INFO - [2025-02-04T14:10:01.435+0000] {dagbag.py:588} INFO - Filling up the DagBag from /home/airflow/.local/lib/python3.12/site-packages/airflow/example_dags/example_setup_teardown.py
[2025-02-04T14:10:01.454+0000] {processor.py:925} INFO - DAG(s) 'example_setup_teardown' retrieved from /home/airflow/.local/lib/python3.12/site-packages/airflow/example_dags/example_setup_teardown.py
[2025-02-04T14:10:01.493+0000] {logging_mixin.py:190} INFO - [2025-02-04T14:10:01.493+0000] {dag.py:3239} INFO - Sync 1 DAGs
[2025-02-04T14:10:01.529+0000] {logging_mixin.py:190} INFO - [2025-02-04T14:10:01.528+0000] {dag.py:4180} INFO - Setting next_dagrun for example_setup_teardown to None, run_after=None
[2025-02-04T14:10:01.564+0000] {processor.py:208} INFO - Processing /home/airflow/.local/lib/python3.12/site-packages/airflow/example_dags/example_setup_teardown.py took 0.148 seconds
[2025-02-04T14:10:49.035+0000] {processor.py:186} INFO - Started process (PID=422) to work on /home/airflow/.local/lib/python3.12/site-packages/airflow/example_dags/example_setup_teardown.py
[2025-02-04T14:10:49.038+0000] {processor.py:914} INFO - Processing file /home/airflow/.local/lib/python3.12/site-packages/airflow/example_dags/example_setup_teardown.py for tasks to queue
[2025-02-04T14:10:49.042+0000] {logging_mixin.py:190} INFO - [2025-02-04T14:10:49.042+0000] {dagbag.py:588} INFO - Filling up the DagBag from /home/airflow/.local/lib/python3.12/site-packages/airflow/example_dags/example_setup_teardown.py
[2025-02-04T14:10:49.065+0000] {processor.py:925} INFO - DAG(s) 'example_setup_teardown' retrieved from /home/airflow/.local/lib/python3.12/site-packages/airflow/example_dags/example_setup_teardown.py
[2025-02-04T14:10:49.112+0000] {logging_mixin.py:190} INFO - [2025-02-04T14:10:49.111+0000] {dag.py:3239} INFO - Sync 1 DAGs
[2025-02-04T14:10:49.143+0000] {logging_mixin.py:190} INFO - [2025-02-04T14:10:49.143+0000] {dag.py:4180} INFO - Setting next_dagrun for example_setup_teardown to None, run_after=None
[2025-02-04T14:10:49.184+0000] {processor.py:208} INFO - Processing /home/airflow/.local/lib/python3.12/site-packages/airflow/example_dags/example_setup_teardown.py took 0.165 seconds
[2025-02-04T14:11:22.530+0000] {processor.py:186} INFO - Started process (PID=486) to work on /home/airflow/.local/lib/python3.12/site-packages/airflow/example_dags/example_setup_teardown.py
[2025-02-04T14:11:22.532+0000] {processor.py:914} INFO - Processing file /home/airflow/.local/lib/python3.12/site-packages/airflow/example_dags/example_setup_teardown.py for tasks to queue
[2025-02-04T14:11:22.538+0000] {logging_mixin.py:190} INFO - [2025-02-04T14:11:22.538+0000] {dagbag.py:588} INFO - Filling up the DagBag from /home/airflow/.local/lib/python3.12/site-packages/airflow/example_dags/example_setup_teardown.py
[2025-02-04T14:11:22.580+0000] {processor.py:925} INFO - DAG(s) 'example_setup_teardown' retrieved from /home/airflow/.local/lib/python3.12/site-packages/airflow/example_dags/example_setup_teardown.py
[2025-02-04T14:11:22.653+0000] {logging_mixin.py:190} INFO - [2025-02-04T14:11:22.653+0000] {dag.py:3239} INFO - Sync 1 DAGs
[2025-02-04T14:11:22.706+0000] {logging_mixin.py:190} INFO - [2025-02-04T14:11:22.705+0000] {dag.py:4180} INFO - Setting next_dagrun for example_setup_teardown to None, run_after=None
[2025-02-04T14:11:22.751+0000] {processor.py:208} INFO - Processing /home/airflow/.local/lib/python3.12/site-packages/airflow/example_dags/example_setup_teardown.py took 0.239 seconds
[2025-02-04T14:18:37.171+0000] {processor.py:186} INFO - Started process (PID=83) to work on /home/airflow/.local/lib/python3.12/site-packages/airflow/example_dags/example_setup_teardown.py
[2025-02-04T14:18:37.173+0000] {processor.py:914} INFO - Processing file /home/airflow/.local/lib/python3.12/site-packages/airflow/example_dags/example_setup_teardown.py for tasks to queue
[2025-02-04T14:18:37.178+0000] {logging_mixin.py:190} INFO - [2025-02-04T14:18:37.177+0000] {dagbag.py:588} INFO - Filling up the DagBag from /home/airflow/.local/lib/python3.12/site-packages/airflow/example_dags/example_setup_teardown.py
[2025-02-04T14:18:37.197+0000] {processor.py:925} INFO - DAG(s) 'example_setup_teardown' retrieved from /home/airflow/.local/lib/python3.12/site-packages/airflow/example_dags/example_setup_teardown.py
[2025-02-04T14:18:37.255+0000] {logging_mixin.py:190} INFO - [2025-02-04T14:18:37.255+0000] {dag.py:3239} INFO - Sync 1 DAGs
[2025-02-04T14:18:37.289+0000] {logging_mixin.py:190} INFO - [2025-02-04T14:18:37.289+0000] {dag.py:4180} INFO - Setting next_dagrun for example_setup_teardown to None, run_after=None
[2025-02-04T14:18:37.332+0000] {processor.py:208} INFO - Processing /home/airflow/.local/lib/python3.12/site-packages/airflow/example_dags/example_setup_teardown.py took 0.172 seconds
[2025-02-04T14:19:08.407+0000] {processor.py:186} INFO - Started process (PID=147) to work on /home/airflow/.local/lib/python3.12/site-packages/airflow/example_dags/example_setup_teardown.py
[2025-02-04T14:19:08.409+0000] {processor.py:914} INFO - Processing file /home/airflow/.local/lib/python3.12/site-packages/airflow/example_dags/example_setup_teardown.py for tasks to queue
[2025-02-04T14:19:08.415+0000] {logging_mixin.py:190} INFO - [2025-02-04T14:19:08.415+0000] {dagbag.py:588} INFO - Filling up the DagBag from /home/airflow/.local/lib/python3.12/site-packages/airflow/example_dags/example_setup_teardown.py
[2025-02-04T14:19:08.429+0000] {processor.py:925} INFO - DAG(s) 'example_setup_teardown' retrieved from /home/airflow/.local/lib/python3.12/site-packages/airflow/example_dags/example_setup_teardown.py
[2025-02-04T14:19:08.476+0000] {logging_mixin.py:190} INFO - [2025-02-04T14:19:08.475+0000] {dag.py:3239} INFO - Sync 1 DAGs
[2025-02-04T14:19:08.521+0000] {logging_mixin.py:190} INFO - [2025-02-04T14:19:08.521+0000] {dag.py:4180} INFO - Setting next_dagrun for example_setup_teardown to None, run_after=None
[2025-02-04T14:19:08.609+0000] {processor.py:208} INFO - Processing /home/airflow/.local/lib/python3.12/site-packages/airflow/example_dags/example_setup_teardown.py took 0.217 seconds
[2025-02-04T14:19:39.939+0000] {processor.py:186} INFO - Started process (PID=216) to work on /home/airflow/.local/lib/python3.12/site-packages/airflow/example_dags/example_setup_teardown.py
[2025-02-04T14:19:39.941+0000] {processor.py:914} INFO - Processing file /home/airflow/.local/lib/python3.12/site-packages/airflow/example_dags/example_setup_teardown.py for tasks to queue
[2025-02-04T14:19:39.943+0000] {logging_mixin.py:190} INFO - [2025-02-04T14:19:39.942+0000] {dagbag.py:588} INFO - Filling up the DagBag from /home/airflow/.local/lib/python3.12/site-packages/airflow/example_dags/example_setup_teardown.py
[2025-02-04T14:19:39.955+0000] {processor.py:925} INFO - DAG(s) 'example_setup_teardown' retrieved from /home/airflow/.local/lib/python3.12/site-packages/airflow/example_dags/example_setup_teardown.py
[2025-02-04T14:19:39.990+0000] {logging_mixin.py:190} INFO - [2025-02-04T14:19:39.989+0000] {dag.py:3239} INFO - Sync 1 DAGs
[2025-02-04T14:19:40.023+0000] {logging_mixin.py:190} INFO - [2025-02-04T14:19:40.022+0000] {dag.py:4180} INFO - Setting next_dagrun for example_setup_teardown to None, run_after=None
[2025-02-04T14:19:40.067+0000] {processor.py:208} INFO - Processing /home/airflow/.local/lib/python3.12/site-packages/airflow/example_dags/example_setup_teardown.py took 0.140 seconds
[2025-02-04T14:20:11.237+0000] {processor.py:186} INFO - Started process (PID=287) to work on /home/airflow/.local/lib/python3.12/site-packages/airflow/example_dags/example_setup_teardown.py
[2025-02-04T14:20:11.239+0000] {processor.py:914} INFO - Processing file /home/airflow/.local/lib/python3.12/site-packages/airflow/example_dags/example_setup_teardown.py for tasks to queue
[2025-02-04T14:20:11.242+0000] {logging_mixin.py:190} INFO - [2025-02-04T14:20:11.241+0000] {dagbag.py:588} INFO - Filling up the DagBag from /home/airflow/.local/lib/python3.12/site-packages/airflow/example_dags/example_setup_teardown.py
[2025-02-04T14:20:11.259+0000] {processor.py:925} INFO - DAG(s) 'example_setup_teardown' retrieved from /home/airflow/.local/lib/python3.12/site-packages/airflow/example_dags/example_setup_teardown.py
[2025-02-04T14:20:11.298+0000] {logging_mixin.py:190} INFO - [2025-02-04T14:20:11.298+0000] {dag.py:3239} INFO - Sync 1 DAGs
[2025-02-04T14:20:11.329+0000] {logging_mixin.py:190} INFO - [2025-02-04T14:20:11.329+0000] {dag.py:4180} INFO - Setting next_dagrun for example_setup_teardown to None, run_after=None
[2025-02-04T14:20:11.366+0000] {processor.py:208} INFO - Processing /home/airflow/.local/lib/python3.12/site-packages/airflow/example_dags/example_setup_teardown.py took 0.139 seconds
[2025-02-04T14:20:49.565+0000] {processor.py:186} INFO - Started process (PID=358) to work on /home/airflow/.local/lib/python3.12/site-packages/airflow/example_dags/example_setup_teardown.py
[2025-02-04T14:20:49.567+0000] {processor.py:914} INFO - Processing file /home/airflow/.local/lib/python3.12/site-packages/airflow/example_dags/example_setup_teardown.py for tasks to queue
[2025-02-04T14:20:49.570+0000] {logging_mixin.py:190} INFO - [2025-02-04T14:20:49.569+0000] {dagbag.py:588} INFO - Filling up the DagBag from /home/airflow/.local/lib/python3.12/site-packages/airflow/example_dags/example_setup_teardown.py
[2025-02-04T14:20:49.586+0000] {processor.py:925} INFO - DAG(s) 'example_setup_teardown' retrieved from /home/airflow/.local/lib/python3.12/site-packages/airflow/example_dags/example_setup_teardown.py
[2025-02-04T14:20:49.649+0000] {logging_mixin.py:190} INFO - [2025-02-04T14:20:49.649+0000] {dag.py:3239} INFO - Sync 1 DAGs
[2025-02-04T14:20:49.686+0000] {logging_mixin.py:190} INFO - [2025-02-04T14:20:49.685+0000] {dag.py:4180} INFO - Setting next_dagrun for example_setup_teardown to None, run_after=None
[2025-02-04T14:20:49.726+0000] {processor.py:208} INFO - Processing /home/airflow/.local/lib/python3.12/site-packages/airflow/example_dags/example_setup_teardown.py took 0.174 seconds
[2025-02-04T14:21:19.977+0000] {processor.py:186} INFO - Started process (PID=430) to work on /home/airflow/.local/lib/python3.12/site-packages/airflow/example_dags/example_setup_teardown.py
[2025-02-04T14:21:19.979+0000] {processor.py:914} INFO - Processing file /home/airflow/.local/lib/python3.12/site-packages/airflow/example_dags/example_setup_teardown.py for tasks to queue
[2025-02-04T14:21:19.982+0000] {logging_mixin.py:190} INFO - [2025-02-04T14:21:19.981+0000] {dagbag.py:588} INFO - Filling up the DagBag from /home/airflow/.local/lib/python3.12/site-packages/airflow/example_dags/example_setup_teardown.py
[2025-02-04T14:21:20.009+0000] {processor.py:925} INFO - DAG(s) 'example_setup_teardown' retrieved from /home/airflow/.local/lib/python3.12/site-packages/airflow/example_dags/example_setup_teardown.py
[2025-02-04T14:21:20.046+0000] {logging_mixin.py:190} INFO - [2025-02-04T14:21:20.046+0000] {dag.py:3239} INFO - Sync 1 DAGs
[2025-02-04T14:21:20.071+0000] {logging_mixin.py:190} INFO - [2025-02-04T14:21:20.071+0000] {dag.py:4180} INFO - Setting next_dagrun for example_setup_teardown to None, run_after=None
[2025-02-04T14:21:20.126+0000] {processor.py:208} INFO - Processing /home/airflow/.local/lib/python3.12/site-packages/airflow/example_dags/example_setup_teardown.py took 0.162 seconds
[2025-02-04T14:21:53.123+0000] {processor.py:186} INFO - Started process (PID=495) to work on /home/airflow/.local/lib/python3.12/site-packages/airflow/example_dags/example_setup_teardown.py
[2025-02-04T14:21:53.125+0000] {processor.py:914} INFO - Processing file /home/airflow/.local/lib/python3.12/site-packages/airflow/example_dags/example_setup_teardown.py for tasks to queue
[2025-02-04T14:21:53.130+0000] {logging_mixin.py:190} INFO - [2025-02-04T14:21:53.129+0000] {dagbag.py:588} INFO - Filling up the DagBag from /home/airflow/.local/lib/python3.12/site-packages/airflow/example_dags/example_setup_teardown.py
[2025-02-04T14:21:53.168+0000] {processor.py:925} INFO - DAG(s) 'example_setup_teardown' retrieved from /home/airflow/.local/lib/python3.12/site-packages/airflow/example_dags/example_setup_teardown.py
[2025-02-04T14:21:53.215+0000] {logging_mixin.py:190} INFO - [2025-02-04T14:21:53.215+0000] {dag.py:3239} INFO - Sync 1 DAGs
[2025-02-04T14:21:53.261+0000] {logging_mixin.py:190} INFO - [2025-02-04T14:21:53.261+0000] {dag.py:4180} INFO - Setting next_dagrun for example_setup_teardown to None, run_after=None
[2025-02-04T14:21:53.337+0000] {processor.py:208} INFO - Processing /home/airflow/.local/lib/python3.12/site-packages/airflow/example_dags/example_setup_teardown.py took 0.247 seconds
[2025-02-04T14:22:24.165+0000] {processor.py:186} INFO - Started process (PID=568) to work on /home/airflow/.local/lib/python3.12/site-packages/airflow/example_dags/example_setup_teardown.py
[2025-02-04T14:22:24.166+0000] {processor.py:914} INFO - Processing file /home/airflow/.local/lib/python3.12/site-packages/airflow/example_dags/example_setup_teardown.py for tasks to queue
[2025-02-04T14:22:24.168+0000] {logging_mixin.py:190} INFO - [2025-02-04T14:22:24.168+0000] {dagbag.py:588} INFO - Filling up the DagBag from /home/airflow/.local/lib/python3.12/site-packages/airflow/example_dags/example_setup_teardown.py
[2025-02-04T14:22:24.184+0000] {processor.py:925} INFO - DAG(s) 'example_setup_teardown' retrieved from /home/airflow/.local/lib/python3.12/site-packages/airflow/example_dags/example_setup_teardown.py
[2025-02-04T14:22:24.222+0000] {logging_mixin.py:190} INFO - [2025-02-04T14:22:24.222+0000] {dag.py:3239} INFO - Sync 1 DAGs
[2025-02-04T14:22:24.259+0000] {logging_mixin.py:190} INFO - [2025-02-04T14:22:24.258+0000] {dag.py:4180} INFO - Setting next_dagrun for example_setup_teardown to None, run_after=None
[2025-02-04T14:22:24.308+0000] {processor.py:208} INFO - Processing /home/airflow/.local/lib/python3.12/site-packages/airflow/example_dags/example_setup_teardown.py took 0.154 seconds
[2025-02-04T14:22:54.718+0000] {processor.py:186} INFO - Started process (PID=633) to work on /home/airflow/.local/lib/python3.12/site-packages/airflow/example_dags/example_setup_teardown.py
[2025-02-04T14:22:54.720+0000] {processor.py:914} INFO - Processing file /home/airflow/.local/lib/python3.12/site-packages/airflow/example_dags/example_setup_teardown.py for tasks to queue
[2025-02-04T14:22:54.723+0000] {logging_mixin.py:190} INFO - [2025-02-04T14:22:54.722+0000] {dagbag.py:588} INFO - Filling up the DagBag from /home/airflow/.local/lib/python3.12/site-packages/airflow/example_dags/example_setup_teardown.py
[2025-02-04T14:22:54.739+0000] {processor.py:925} INFO - DAG(s) 'example_setup_teardown' retrieved from /home/airflow/.local/lib/python3.12/site-packages/airflow/example_dags/example_setup_teardown.py
[2025-02-04T14:22:54.777+0000] {logging_mixin.py:190} INFO - [2025-02-04T14:22:54.776+0000] {dag.py:3239} INFO - Sync 1 DAGs
[2025-02-04T14:22:54.805+0000] {logging_mixin.py:190} INFO - [2025-02-04T14:22:54.805+0000] {dag.py:4180} INFO - Setting next_dagrun for example_setup_teardown to None, run_after=None
[2025-02-04T14:22:54.839+0000] {processor.py:208} INFO - Processing /home/airflow/.local/lib/python3.12/site-packages/airflow/example_dags/example_setup_teardown.py took 0.130 seconds
[2025-02-04T14:23:25.873+0000] {processor.py:186} INFO - Started process (PID=698) to work on /home/airflow/.local/lib/python3.12/site-packages/airflow/example_dags/example_setup_teardown.py
[2025-02-04T14:23:25.876+0000] {processor.py:914} INFO - Processing file /home/airflow/.local/lib/python3.12/site-packages/airflow/example_dags/example_setup_teardown.py for tasks to queue
[2025-02-04T14:23:25.878+0000] {logging_mixin.py:190} INFO - [2025-02-04T14:23:25.878+0000] {dagbag.py:588} INFO - Filling up the DagBag from /home/airflow/.local/lib/python3.12/site-packages/airflow/example_dags/example_setup_teardown.py
[2025-02-04T14:23:25.898+0000] {processor.py:925} INFO - DAG(s) 'example_setup_teardown' retrieved from /home/airflow/.local/lib/python3.12/site-packages/airflow/example_dags/example_setup_teardown.py
[2025-02-04T14:23:25.968+0000] {logging_mixin.py:190} INFO - [2025-02-04T14:23:25.968+0000] {dag.py:3239} INFO - Sync 1 DAGs
[2025-02-04T14:23:26.006+0000] {logging_mixin.py:190} INFO - [2025-02-04T14:23:26.005+0000] {dag.py:4180} INFO - Setting next_dagrun for example_setup_teardown to None, run_after=None
[2025-02-04T14:23:26.052+0000] {processor.py:208} INFO - Processing /home/airflow/.local/lib/python3.12/site-packages/airflow/example_dags/example_setup_teardown.py took 0.193 seconds
[2025-02-04T14:23:56.746+0000] {processor.py:186} INFO - Started process (PID=761) to work on /home/airflow/.local/lib/python3.12/site-packages/airflow/example_dags/example_setup_teardown.py
[2025-02-04T14:23:56.748+0000] {processor.py:914} INFO - Processing file /home/airflow/.local/lib/python3.12/site-packages/airflow/example_dags/example_setup_teardown.py for tasks to queue
[2025-02-04T14:23:56.751+0000] {logging_mixin.py:190} INFO - [2025-02-04T14:23:56.750+0000] {dagbag.py:588} INFO - Filling up the DagBag from /home/airflow/.local/lib/python3.12/site-packages/airflow/example_dags/example_setup_teardown.py
[2025-02-04T14:23:56.779+0000] {processor.py:925} INFO - DAG(s) 'example_setup_teardown' retrieved from /home/airflow/.local/lib/python3.12/site-packages/airflow/example_dags/example_setup_teardown.py
[2025-02-04T14:23:56.832+0000] {logging_mixin.py:190} INFO - [2025-02-04T14:23:56.831+0000] {dag.py:3239} INFO - Sync 1 DAGs
[2025-02-04T14:23:56.861+0000] {logging_mixin.py:190} INFO - [2025-02-04T14:23:56.860+0000] {dag.py:4180} INFO - Setting next_dagrun for example_setup_teardown to None, run_after=None
[2025-02-04T14:23:56.892+0000] {processor.py:208} INFO - Processing /home/airflow/.local/lib/python3.12/site-packages/airflow/example_dags/example_setup_teardown.py took 0.162 seconds
[2025-02-04T14:24:29.363+0000] {processor.py:186} INFO - Started process (PID=826) to work on /home/airflow/.local/lib/python3.12/site-packages/airflow/example_dags/example_setup_teardown.py
[2025-02-04T14:24:29.375+0000] {processor.py:914} INFO - Processing file /home/airflow/.local/lib/python3.12/site-packages/airflow/example_dags/example_setup_teardown.py for tasks to queue
[2025-02-04T14:24:29.378+0000] {logging_mixin.py:190} INFO - [2025-02-04T14:24:29.377+0000] {dagbag.py:588} INFO - Filling up the DagBag from /home/airflow/.local/lib/python3.12/site-packages/airflow/example_dags/example_setup_teardown.py
[2025-02-04T14:24:29.440+0000] {processor.py:925} INFO - DAG(s) 'example_setup_teardown' retrieved from /home/airflow/.local/lib/python3.12/site-packages/airflow/example_dags/example_setup_teardown.py
[2025-02-04T14:24:29.585+0000] {logging_mixin.py:190} INFO - [2025-02-04T14:24:29.585+0000] {dag.py:3239} INFO - Sync 1 DAGs
[2025-02-04T14:24:29.714+0000] {logging_mixin.py:190} INFO - [2025-02-04T14:24:29.714+0000] {dag.py:4180} INFO - Setting next_dagrun for example_setup_teardown to None, run_after=None
[2025-02-04T14:24:29.886+0000] {processor.py:208} INFO - Processing /home/airflow/.local/lib/python3.12/site-packages/airflow/example_dags/example_setup_teardown.py took 0.551 seconds
[2025-02-04T14:32:24.727+0000] {processor.py:186} INFO - Started process (PID=95) to work on /home/airflow/.local/lib/python3.12/site-packages/airflow/example_dags/example_setup_teardown.py
[2025-02-04T14:32:24.749+0000] {processor.py:914} INFO - Processing file /home/airflow/.local/lib/python3.12/site-packages/airflow/example_dags/example_setup_teardown.py for tasks to queue
[2025-02-04T14:32:24.756+0000] {logging_mixin.py:190} INFO - [2025-02-04T14:32:24.754+0000] {dagbag.py:588} INFO - Filling up the DagBag from /home/airflow/.local/lib/python3.12/site-packages/airflow/example_dags/example_setup_teardown.py
[2025-02-04T14:32:24.862+0000] {processor.py:925} INFO - DAG(s) 'example_setup_teardown' retrieved from /home/airflow/.local/lib/python3.12/site-packages/airflow/example_dags/example_setup_teardown.py
[2025-02-04T14:32:26.256+0000] {logging_mixin.py:190} INFO - [2025-02-04T14:32:26.254+0000] {override.py:1911} INFO - Created Permission View: can delete on DAG:example_setup_teardown
[2025-02-04T14:32:26.288+0000] {logging_mixin.py:190} INFO - [2025-02-04T14:32:26.288+0000] {override.py:1911} INFO - Created Permission View: can read on DAG:example_setup_teardown
[2025-02-04T14:32:26.377+0000] {logging_mixin.py:190} INFO - [2025-02-04T14:32:26.376+0000] {override.py:1911} INFO - Created Permission View: can edit on DAG:example_setup_teardown
[2025-02-04T14:32:26.406+0000] {logging_mixin.py:190} INFO - [2025-02-04T14:32:26.406+0000] {override.py:1911} INFO - Created Permission View: can create on DAG Run:example_setup_teardown
[2025-02-04T14:32:26.456+0000] {logging_mixin.py:190} INFO - [2025-02-04T14:32:26.456+0000] {override.py:1911} INFO - Created Permission View: can delete on DAG Run:example_setup_teardown
[2025-02-04T14:32:26.489+0000] {logging_mixin.py:190} INFO - [2025-02-04T14:32:26.488+0000] {override.py:1911} INFO - Created Permission View: can read on DAG Run:example_setup_teardown
[2025-02-04T14:32:26.556+0000] {logging_mixin.py:190} INFO - [2025-02-04T14:32:26.556+0000] {override.py:1911} INFO - Created Permission View: menu access on DAG Run:example_setup_teardown
[2025-02-04T14:32:26.560+0000] {logging_mixin.py:190} INFO - [2025-02-04T14:32:26.559+0000] {dag.py:3239} INFO - Sync 1 DAGs
[2025-02-04T14:32:26.842+0000] {logging_mixin.py:190} INFO - [2025-02-04T14:32:26.842+0000] {dag.py:3262} INFO - Creating ORM DAG for example_setup_teardown
[2025-02-04T14:32:26.861+0000] {logging_mixin.py:190} INFO - [2025-02-04T14:32:26.860+0000] {dag.py:4180} INFO - Setting next_dagrun for example_setup_teardown to None, run_after=None
[2025-02-04T14:32:27.396+0000] {processor.py:208} INFO - Processing /home/airflow/.local/lib/python3.12/site-packages/airflow/example_dags/example_setup_teardown.py took 2.701 seconds
[2025-02-04T14:33:15.289+0000] {processor.py:186} INFO - Started process (PID=165) to work on /home/airflow/.local/lib/python3.12/site-packages/airflow/example_dags/example_setup_teardown.py
[2025-02-04T14:33:15.294+0000] {processor.py:914} INFO - Processing file /home/airflow/.local/lib/python3.12/site-packages/airflow/example_dags/example_setup_teardown.py for tasks to queue
[2025-02-04T14:33:15.302+0000] {logging_mixin.py:190} INFO - [2025-02-04T14:33:15.301+0000] {dagbag.py:588} INFO - Filling up the DagBag from /home/airflow/.local/lib/python3.12/site-packages/airflow/example_dags/example_setup_teardown.py
[2025-02-04T14:33:15.376+0000] {processor.py:925} INFO - DAG(s) 'example_setup_teardown' retrieved from /home/airflow/.local/lib/python3.12/site-packages/airflow/example_dags/example_setup_teardown.py
[2025-02-04T14:33:15.537+0000] {logging_mixin.py:190} INFO - [2025-02-04T14:33:15.536+0000] {dag.py:3239} INFO - Sync 1 DAGs
[2025-02-04T14:33:15.583+0000] {logging_mixin.py:190} INFO - [2025-02-04T14:33:15.583+0000] {dag.py:4180} INFO - Setting next_dagrun for example_setup_teardown to None, run_after=None
[2025-02-04T14:33:15.653+0000] {processor.py:208} INFO - Processing /home/airflow/.local/lib/python3.12/site-packages/airflow/example_dags/example_setup_teardown.py took 0.381 seconds
[2025-02-04T14:33:45.971+0000] {processor.py:186} INFO - Started process (PID=230) to work on /home/airflow/.local/lib/python3.12/site-packages/airflow/example_dags/example_setup_teardown.py
[2025-02-04T14:33:45.973+0000] {processor.py:914} INFO - Processing file /home/airflow/.local/lib/python3.12/site-packages/airflow/example_dags/example_setup_teardown.py for tasks to queue
[2025-02-04T14:33:45.978+0000] {logging_mixin.py:190} INFO - [2025-02-04T14:33:45.977+0000] {dagbag.py:588} INFO - Filling up the DagBag from /home/airflow/.local/lib/python3.12/site-packages/airflow/example_dags/example_setup_teardown.py
[2025-02-04T14:33:46.002+0000] {processor.py:925} INFO - DAG(s) 'example_setup_teardown' retrieved from /home/airflow/.local/lib/python3.12/site-packages/airflow/example_dags/example_setup_teardown.py
[2025-02-04T14:33:46.062+0000] {logging_mixin.py:190} INFO - [2025-02-04T14:33:46.062+0000] {dag.py:3239} INFO - Sync 1 DAGs
[2025-02-04T14:33:46.119+0000] {logging_mixin.py:190} INFO - [2025-02-04T14:33:46.119+0000] {dag.py:4180} INFO - Setting next_dagrun for example_setup_teardown to None, run_after=None
[2025-02-04T14:33:46.162+0000] {processor.py:208} INFO - Processing /home/airflow/.local/lib/python3.12/site-packages/airflow/example_dags/example_setup_teardown.py took 0.206 seconds
[2025-02-04T14:34:16.294+0000] {processor.py:186} INFO - Started process (PID=293) to work on /home/airflow/.local/lib/python3.12/site-packages/airflow/example_dags/example_setup_teardown.py
[2025-02-04T14:34:16.296+0000] {processor.py:914} INFO - Processing file /home/airflow/.local/lib/python3.12/site-packages/airflow/example_dags/example_setup_teardown.py for tasks to queue
[2025-02-04T14:34:16.300+0000] {logging_mixin.py:190} INFO - [2025-02-04T14:34:16.299+0000] {dagbag.py:588} INFO - Filling up the DagBag from /home/airflow/.local/lib/python3.12/site-packages/airflow/example_dags/example_setup_teardown.py
[2025-02-04T14:34:16.311+0000] {processor.py:925} INFO - DAG(s) 'example_setup_teardown' retrieved from /home/airflow/.local/lib/python3.12/site-packages/airflow/example_dags/example_setup_teardown.py
[2025-02-04T14:34:16.356+0000] {logging_mixin.py:190} INFO - [2025-02-04T14:34:16.355+0000] {dag.py:3239} INFO - Sync 1 DAGs
[2025-02-04T14:34:16.387+0000] {logging_mixin.py:190} INFO - [2025-02-04T14:34:16.386+0000] {dag.py:4180} INFO - Setting next_dagrun for example_setup_teardown to None, run_after=None
[2025-02-04T14:34:16.434+0000] {processor.py:208} INFO - Processing /home/airflow/.local/lib/python3.12/site-packages/airflow/example_dags/example_setup_teardown.py took 0.148 seconds
[2025-02-04T14:34:46.794+0000] {processor.py:186} INFO - Started process (PID=356) to work on /home/airflow/.local/lib/python3.12/site-packages/airflow/example_dags/example_setup_teardown.py
[2025-02-04T14:34:46.795+0000] {processor.py:914} INFO - Processing file /home/airflow/.local/lib/python3.12/site-packages/airflow/example_dags/example_setup_teardown.py for tasks to queue
[2025-02-04T14:34:46.799+0000] {logging_mixin.py:190} INFO - [2025-02-04T14:34:46.798+0000] {dagbag.py:588} INFO - Filling up the DagBag from /home/airflow/.local/lib/python3.12/site-packages/airflow/example_dags/example_setup_teardown.py
[2025-02-04T14:34:46.815+0000] {processor.py:925} INFO - DAG(s) 'example_setup_teardown' retrieved from /home/airflow/.local/lib/python3.12/site-packages/airflow/example_dags/example_setup_teardown.py
[2025-02-04T14:34:46.846+0000] {logging_mixin.py:190} INFO - [2025-02-04T14:34:46.846+0000] {dag.py:3239} INFO - Sync 1 DAGs
[2025-02-04T14:34:46.867+0000] {logging_mixin.py:190} INFO - [2025-02-04T14:34:46.867+0000] {dag.py:4180} INFO - Setting next_dagrun for example_setup_teardown to None, run_after=None
[2025-02-04T14:34:46.904+0000] {processor.py:208} INFO - Processing /home/airflow/.local/lib/python3.12/site-packages/airflow/example_dags/example_setup_teardown.py took 0.119 seconds
[2025-02-04T14:35:17.510+0000] {processor.py:186} INFO - Started process (PID=420) to work on /home/airflow/.local/lib/python3.12/site-packages/airflow/example_dags/example_setup_teardown.py
[2025-02-04T14:35:17.512+0000] {processor.py:914} INFO - Processing file /home/airflow/.local/lib/python3.12/site-packages/airflow/example_dags/example_setup_teardown.py for tasks to queue
[2025-02-04T14:35:17.516+0000] {logging_mixin.py:190} INFO - [2025-02-04T14:35:17.516+0000] {dagbag.py:588} INFO - Filling up the DagBag from /home/airflow/.local/lib/python3.12/site-packages/airflow/example_dags/example_setup_teardown.py
[2025-02-04T14:35:17.534+0000] {processor.py:925} INFO - DAG(s) 'example_setup_teardown' retrieved from /home/airflow/.local/lib/python3.12/site-packages/airflow/example_dags/example_setup_teardown.py
[2025-02-04T14:35:17.570+0000] {logging_mixin.py:190} INFO - [2025-02-04T14:35:17.569+0000] {dag.py:3239} INFO - Sync 1 DAGs
[2025-02-04T14:35:17.598+0000] {logging_mixin.py:190} INFO - [2025-02-04T14:35:17.598+0000] {dag.py:4180} INFO - Setting next_dagrun for example_setup_teardown to None, run_after=None
[2025-02-04T14:35:17.642+0000] {processor.py:208} INFO - Processing /home/airflow/.local/lib/python3.12/site-packages/airflow/example_dags/example_setup_teardown.py took 0.146 seconds
[2025-02-04T14:35:54.352+0000] {processor.py:186} INFO - Started process (PID=483) to work on /home/airflow/.local/lib/python3.12/site-packages/airflow/example_dags/example_setup_teardown.py
[2025-02-04T14:35:54.354+0000] {processor.py:914} INFO - Processing file /home/airflow/.local/lib/python3.12/site-packages/airflow/example_dags/example_setup_teardown.py for tasks to queue
[2025-02-04T14:35:54.360+0000] {logging_mixin.py:190} INFO - [2025-02-04T14:35:54.359+0000] {dagbag.py:588} INFO - Filling up the DagBag from /home/airflow/.local/lib/python3.12/site-packages/airflow/example_dags/example_setup_teardown.py
[2025-02-04T14:35:54.394+0000] {processor.py:925} INFO - DAG(s) 'example_setup_teardown' retrieved from /home/airflow/.local/lib/python3.12/site-packages/airflow/example_dags/example_setup_teardown.py
[2025-02-04T14:35:54.466+0000] {logging_mixin.py:190} INFO - [2025-02-04T14:35:54.466+0000] {dag.py:3239} INFO - Sync 1 DAGs
[2025-02-04T14:35:54.508+0000] {logging_mixin.py:190} INFO - [2025-02-04T14:35:54.508+0000] {dag.py:4180} INFO - Setting next_dagrun for example_setup_teardown to None, run_after=None
[2025-02-04T14:35:54.556+0000] {processor.py:208} INFO - Processing /home/airflow/.local/lib/python3.12/site-packages/airflow/example_dags/example_setup_teardown.py took 0.219 seconds
[2025-02-04T14:36:39.510+0000] {processor.py:186} INFO - Started process (PID=548) to work on /home/airflow/.local/lib/python3.12/site-packages/airflow/example_dags/example_setup_teardown.py
[2025-02-04T14:36:39.512+0000] {processor.py:914} INFO - Processing file /home/airflow/.local/lib/python3.12/site-packages/airflow/example_dags/example_setup_teardown.py for tasks to queue
[2025-02-04T14:36:39.517+0000] {logging_mixin.py:190} INFO - [2025-02-04T14:36:39.517+0000] {dagbag.py:588} INFO - Filling up the DagBag from /home/airflow/.local/lib/python3.12/site-packages/airflow/example_dags/example_setup_teardown.py
[2025-02-04T14:36:39.540+0000] {processor.py:925} INFO - DAG(s) 'example_setup_teardown' retrieved from /home/airflow/.local/lib/python3.12/site-packages/airflow/example_dags/example_setup_teardown.py
[2025-02-04T14:36:39.606+0000] {logging_mixin.py:190} INFO - [2025-02-04T14:36:39.605+0000] {dag.py:3239} INFO - Sync 1 DAGs
[2025-02-04T14:36:39.663+0000] {logging_mixin.py:190} INFO - [2025-02-04T14:36:39.662+0000] {dag.py:4180} INFO - Setting next_dagrun for example_setup_teardown to None, run_after=None
[2025-02-04T14:36:39.737+0000] {processor.py:208} INFO - Processing /home/airflow/.local/lib/python3.12/site-packages/airflow/example_dags/example_setup_teardown.py took 0.240 seconds
[2025-02-04T14:37:10.624+0000] {processor.py:186} INFO - Started process (PID=612) to work on /home/airflow/.local/lib/python3.12/site-packages/airflow/example_dags/example_setup_teardown.py
[2025-02-04T14:37:10.628+0000] {processor.py:914} INFO - Processing file /home/airflow/.local/lib/python3.12/site-packages/airflow/example_dags/example_setup_teardown.py for tasks to queue
[2025-02-04T14:37:10.634+0000] {logging_mixin.py:190} INFO - [2025-02-04T14:37:10.633+0000] {dagbag.py:588} INFO - Filling up the DagBag from /home/airflow/.local/lib/python3.12/site-packages/airflow/example_dags/example_setup_teardown.py
[2025-02-04T14:37:10.667+0000] {processor.py:925} INFO - DAG(s) 'example_setup_teardown' retrieved from /home/airflow/.local/lib/python3.12/site-packages/airflow/example_dags/example_setup_teardown.py
[2025-02-04T14:37:10.727+0000] {logging_mixin.py:190} INFO - [2025-02-04T14:37:10.727+0000] {dag.py:3239} INFO - Sync 1 DAGs
[2025-02-04T14:37:10.765+0000] {logging_mixin.py:190} INFO - [2025-02-04T14:37:10.765+0000] {dag.py:4180} INFO - Setting next_dagrun for example_setup_teardown to None, run_after=None
[2025-02-04T14:37:10.815+0000] {processor.py:208} INFO - Processing /home/airflow/.local/lib/python3.12/site-packages/airflow/example_dags/example_setup_teardown.py took 0.210 seconds
[2025-02-04T14:37:47.988+0000] {processor.py:186} INFO - Started process (PID=676) to work on /home/airflow/.local/lib/python3.12/site-packages/airflow/example_dags/example_setup_teardown.py
[2025-02-04T14:37:47.990+0000] {processor.py:914} INFO - Processing file /home/airflow/.local/lib/python3.12/site-packages/airflow/example_dags/example_setup_teardown.py for tasks to queue
[2025-02-04T14:37:47.995+0000] {logging_mixin.py:190} INFO - [2025-02-04T14:37:47.994+0000] {dagbag.py:588} INFO - Filling up the DagBag from /home/airflow/.local/lib/python3.12/site-packages/airflow/example_dags/example_setup_teardown.py
[2025-02-04T14:37:48.014+0000] {processor.py:925} INFO - DAG(s) 'example_setup_teardown' retrieved from /home/airflow/.local/lib/python3.12/site-packages/airflow/example_dags/example_setup_teardown.py
[2025-02-04T14:37:48.079+0000] {logging_mixin.py:190} INFO - [2025-02-04T14:37:48.079+0000] {dag.py:3239} INFO - Sync 1 DAGs
[2025-02-04T14:37:48.117+0000] {logging_mixin.py:190} INFO - [2025-02-04T14:37:48.116+0000] {dag.py:4180} INFO - Setting next_dagrun for example_setup_teardown to None, run_after=None
[2025-02-04T14:37:48.167+0000] {processor.py:208} INFO - Processing /home/airflow/.local/lib/python3.12/site-packages/airflow/example_dags/example_setup_teardown.py took 0.194 seconds
[2025-02-04T14:38:18.878+0000] {processor.py:186} INFO - Started process (PID=740) to work on /home/airflow/.local/lib/python3.12/site-packages/airflow/example_dags/example_setup_teardown.py
[2025-02-04T14:38:18.880+0000] {processor.py:914} INFO - Processing file /home/airflow/.local/lib/python3.12/site-packages/airflow/example_dags/example_setup_teardown.py for tasks to queue
[2025-02-04T14:38:18.884+0000] {logging_mixin.py:190} INFO - [2025-02-04T14:38:18.884+0000] {dagbag.py:588} INFO - Filling up the DagBag from /home/airflow/.local/lib/python3.12/site-packages/airflow/example_dags/example_setup_teardown.py
[2025-02-04T14:38:18.904+0000] {processor.py:925} INFO - DAG(s) 'example_setup_teardown' retrieved from /home/airflow/.local/lib/python3.12/site-packages/airflow/example_dags/example_setup_teardown.py
[2025-02-04T14:38:18.946+0000] {logging_mixin.py:190} INFO - [2025-02-04T14:38:18.945+0000] {dag.py:3239} INFO - Sync 1 DAGs
[2025-02-04T14:38:18.976+0000] {logging_mixin.py:190} INFO - [2025-02-04T14:38:18.976+0000] {dag.py:4180} INFO - Setting next_dagrun for example_setup_teardown to None, run_after=None
[2025-02-04T14:38:19.011+0000] {processor.py:208} INFO - Processing /home/airflow/.local/lib/python3.12/site-packages/airflow/example_dags/example_setup_teardown.py took 0.147 seconds
[2025-02-04T14:38:52.173+0000] {processor.py:186} INFO - Started process (PID=804) to work on /home/airflow/.local/lib/python3.12/site-packages/airflow/example_dags/example_setup_teardown.py
[2025-02-04T14:38:52.199+0000] {processor.py:914} INFO - Processing file /home/airflow/.local/lib/python3.12/site-packages/airflow/example_dags/example_setup_teardown.py for tasks to queue
[2025-02-04T14:38:52.206+0000] {logging_mixin.py:190} INFO - [2025-02-04T14:38:52.205+0000] {dagbag.py:588} INFO - Filling up the DagBag from /home/airflow/.local/lib/python3.12/site-packages/airflow/example_dags/example_setup_teardown.py
[2025-02-04T14:38:52.282+0000] {processor.py:925} INFO - DAG(s) 'example_setup_teardown' retrieved from /home/airflow/.local/lib/python3.12/site-packages/airflow/example_dags/example_setup_teardown.py
[2025-02-04T14:38:52.427+0000] {logging_mixin.py:190} INFO - [2025-02-04T14:38:52.426+0000] {dag.py:3239} INFO - Sync 1 DAGs
[2025-02-04T14:38:52.553+0000] {logging_mixin.py:190} INFO - [2025-02-04T14:38:52.553+0000] {dag.py:4180} INFO - Setting next_dagrun for example_setup_teardown to None, run_after=None
[2025-02-04T14:38:52.693+0000] {processor.py:208} INFO - Processing /home/airflow/.local/lib/python3.12/site-packages/airflow/example_dags/example_setup_teardown.py took 0.542 seconds
[2025-02-04T14:39:23.518+0000] {processor.py:186} INFO - Started process (PID=869) to work on /home/airflow/.local/lib/python3.12/site-packages/airflow/example_dags/example_setup_teardown.py
[2025-02-04T14:39:23.520+0000] {processor.py:914} INFO - Processing file /home/airflow/.local/lib/python3.12/site-packages/airflow/example_dags/example_setup_teardown.py for tasks to queue
[2025-02-04T14:39:23.524+0000] {logging_mixin.py:190} INFO - [2025-02-04T14:39:23.523+0000] {dagbag.py:588} INFO - Filling up the DagBag from /home/airflow/.local/lib/python3.12/site-packages/airflow/example_dags/example_setup_teardown.py
[2025-02-04T14:39:23.536+0000] {processor.py:925} INFO - DAG(s) 'example_setup_teardown' retrieved from /home/airflow/.local/lib/python3.12/site-packages/airflow/example_dags/example_setup_teardown.py
[2025-02-04T14:39:23.573+0000] {logging_mixin.py:190} INFO - [2025-02-04T14:39:23.572+0000] {dag.py:3239} INFO - Sync 1 DAGs
[2025-02-04T14:39:23.596+0000] {logging_mixin.py:190} INFO - [2025-02-04T14:39:23.596+0000] {dag.py:4180} INFO - Setting next_dagrun for example_setup_teardown to None, run_after=None
[2025-02-04T14:39:23.632+0000] {processor.py:208} INFO - Processing /home/airflow/.local/lib/python3.12/site-packages/airflow/example_dags/example_setup_teardown.py took 0.124 seconds
[2025-02-04T14:39:54.001+0000] {processor.py:186} INFO - Started process (PID=933) to work on /home/airflow/.local/lib/python3.12/site-packages/airflow/example_dags/example_setup_teardown.py
[2025-02-04T14:39:54.003+0000] {processor.py:914} INFO - Processing file /home/airflow/.local/lib/python3.12/site-packages/airflow/example_dags/example_setup_teardown.py for tasks to queue
[2025-02-04T14:39:54.007+0000] {logging_mixin.py:190} INFO - [2025-02-04T14:39:54.007+0000] {dagbag.py:588} INFO - Filling up the DagBag from /home/airflow/.local/lib/python3.12/site-packages/airflow/example_dags/example_setup_teardown.py
[2025-02-04T14:39:54.025+0000] {processor.py:925} INFO - DAG(s) 'example_setup_teardown' retrieved from /home/airflow/.local/lib/python3.12/site-packages/airflow/example_dags/example_setup_teardown.py
[2025-02-04T14:39:54.056+0000] {logging_mixin.py:190} INFO - [2025-02-04T14:39:54.055+0000] {dag.py:3239} INFO - Sync 1 DAGs
[2025-02-04T14:39:54.084+0000] {logging_mixin.py:190} INFO - [2025-02-04T14:39:54.084+0000] {dag.py:4180} INFO - Setting next_dagrun for example_setup_teardown to None, run_after=None
[2025-02-04T14:39:54.115+0000] {processor.py:208} INFO - Processing /home/airflow/.local/lib/python3.12/site-packages/airflow/example_dags/example_setup_teardown.py took 0.125 seconds
[2025-02-04T14:40:24.807+0000] {processor.py:186} INFO - Started process (PID=998) to work on /home/airflow/.local/lib/python3.12/site-packages/airflow/example_dags/example_setup_teardown.py
[2025-02-04T14:40:24.809+0000] {processor.py:914} INFO - Processing file /home/airflow/.local/lib/python3.12/site-packages/airflow/example_dags/example_setup_teardown.py for tasks to queue
[2025-02-04T14:40:24.817+0000] {logging_mixin.py:190} INFO - [2025-02-04T14:40:24.814+0000] {dagbag.py:588} INFO - Filling up the DagBag from /home/airflow/.local/lib/python3.12/site-packages/airflow/example_dags/example_setup_teardown.py
[2025-02-04T14:40:24.843+0000] {processor.py:925} INFO - DAG(s) 'example_setup_teardown' retrieved from /home/airflow/.local/lib/python3.12/site-packages/airflow/example_dags/example_setup_teardown.py
[2025-02-04T14:40:24.927+0000] {logging_mixin.py:190} INFO - [2025-02-04T14:40:24.927+0000] {dag.py:3239} INFO - Sync 1 DAGs
[2025-02-04T14:40:24.989+0000] {logging_mixin.py:190} INFO - [2025-02-04T14:40:24.989+0000] {dag.py:4180} INFO - Setting next_dagrun for example_setup_teardown to None, run_after=None
[2025-02-04T14:40:25.108+0000] {processor.py:208} INFO - Processing /home/airflow/.local/lib/python3.12/site-packages/airflow/example_dags/example_setup_teardown.py took 0.335 seconds
[2025-02-04T14:40:55.645+0000] {processor.py:186} INFO - Started process (PID=1062) to work on /home/airflow/.local/lib/python3.12/site-packages/airflow/example_dags/example_setup_teardown.py
[2025-02-04T14:40:55.647+0000] {processor.py:914} INFO - Processing file /home/airflow/.local/lib/python3.12/site-packages/airflow/example_dags/example_setup_teardown.py for tasks to queue
[2025-02-04T14:40:55.659+0000] {logging_mixin.py:190} INFO - [2025-02-04T14:40:55.657+0000] {dagbag.py:588} INFO - Filling up the DagBag from /home/airflow/.local/lib/python3.12/site-packages/airflow/example_dags/example_setup_teardown.py
[2025-02-04T14:40:55.694+0000] {processor.py:925} INFO - DAG(s) 'example_setup_teardown' retrieved from /home/airflow/.local/lib/python3.12/site-packages/airflow/example_dags/example_setup_teardown.py
[2025-02-04T14:40:55.812+0000] {logging_mixin.py:190} INFO - [2025-02-04T14:40:55.812+0000] {dag.py:3239} INFO - Sync 1 DAGs
[2025-02-04T14:40:55.892+0000] {logging_mixin.py:190} INFO - [2025-02-04T14:40:55.881+0000] {dag.py:4180} INFO - Setting next_dagrun for example_setup_teardown to None, run_after=None
[2025-02-04T14:40:55.964+0000] {processor.py:208} INFO - Processing /home/airflow/.local/lib/python3.12/site-packages/airflow/example_dags/example_setup_teardown.py took 0.334 seconds
[2025-02-04T14:41:26.800+0000] {processor.py:186} INFO - Started process (PID=1126) to work on /home/airflow/.local/lib/python3.12/site-packages/airflow/example_dags/example_setup_teardown.py
[2025-02-04T14:41:26.802+0000] {processor.py:914} INFO - Processing file /home/airflow/.local/lib/python3.12/site-packages/airflow/example_dags/example_setup_teardown.py for tasks to queue
[2025-02-04T14:41:26.814+0000] {logging_mixin.py:190} INFO - [2025-02-04T14:41:26.812+0000] {dagbag.py:588} INFO - Filling up the DagBag from /home/airflow/.local/lib/python3.12/site-packages/airflow/example_dags/example_setup_teardown.py
[2025-02-04T14:41:26.840+0000] {processor.py:925} INFO - DAG(s) 'example_setup_teardown' retrieved from /home/airflow/.local/lib/python3.12/site-packages/airflow/example_dags/example_setup_teardown.py
[2025-02-04T14:41:26.910+0000] {logging_mixin.py:190} INFO - [2025-02-04T14:41:26.910+0000] {dag.py:3239} INFO - Sync 1 DAGs
[2025-02-04T14:41:26.952+0000] {logging_mixin.py:190} INFO - [2025-02-04T14:41:26.952+0000] {dag.py:4180} INFO - Setting next_dagrun for example_setup_teardown to None, run_after=None
[2025-02-04T14:41:26.985+0000] {processor.py:208} INFO - Processing /home/airflow/.local/lib/python3.12/site-packages/airflow/example_dags/example_setup_teardown.py took 0.207 seconds
[2025-02-04T14:41:57.145+0000] {processor.py:186} INFO - Started process (PID=1190) to work on /home/airflow/.local/lib/python3.12/site-packages/airflow/example_dags/example_setup_teardown.py
[2025-02-04T14:41:57.147+0000] {processor.py:914} INFO - Processing file /home/airflow/.local/lib/python3.12/site-packages/airflow/example_dags/example_setup_teardown.py for tasks to queue
[2025-02-04T14:41:57.151+0000] {logging_mixin.py:190} INFO - [2025-02-04T14:41:57.151+0000] {dagbag.py:588} INFO - Filling up the DagBag from /home/airflow/.local/lib/python3.12/site-packages/airflow/example_dags/example_setup_teardown.py
[2025-02-04T14:41:57.163+0000] {processor.py:925} INFO - DAG(s) 'example_setup_teardown' retrieved from /home/airflow/.local/lib/python3.12/site-packages/airflow/example_dags/example_setup_teardown.py
[2025-02-04T14:41:57.192+0000] {logging_mixin.py:190} INFO - [2025-02-04T14:41:57.191+0000] {dag.py:3239} INFO - Sync 1 DAGs
[2025-02-04T14:41:57.213+0000] {logging_mixin.py:190} INFO - [2025-02-04T14:41:57.213+0000] {dag.py:4180} INFO - Setting next_dagrun for example_setup_teardown to None, run_after=None
[2025-02-04T14:41:57.241+0000] {processor.py:208} INFO - Processing /home/airflow/.local/lib/python3.12/site-packages/airflow/example_dags/example_setup_teardown.py took 0.109 seconds
[2025-02-04T14:42:27.353+0000] {processor.py:186} INFO - Started process (PID=1254) to work on /home/airflow/.local/lib/python3.12/site-packages/airflow/example_dags/example_setup_teardown.py
[2025-02-04T14:42:27.355+0000] {processor.py:914} INFO - Processing file /home/airflow/.local/lib/python3.12/site-packages/airflow/example_dags/example_setup_teardown.py for tasks to queue
[2025-02-04T14:42:27.358+0000] {logging_mixin.py:190} INFO - [2025-02-04T14:42:27.358+0000] {dagbag.py:588} INFO - Filling up the DagBag from /home/airflow/.local/lib/python3.12/site-packages/airflow/example_dags/example_setup_teardown.py
[2025-02-04T14:42:27.373+0000] {processor.py:925} INFO - DAG(s) 'example_setup_teardown' retrieved from /home/airflow/.local/lib/python3.12/site-packages/airflow/example_dags/example_setup_teardown.py
[2025-02-04T14:42:27.408+0000] {logging_mixin.py:190} INFO - [2025-02-04T14:42:27.407+0000] {dag.py:3239} INFO - Sync 1 DAGs
[2025-02-04T14:42:27.432+0000] {logging_mixin.py:190} INFO - [2025-02-04T14:42:27.432+0000] {dag.py:4180} INFO - Setting next_dagrun for example_setup_teardown to None, run_after=None
[2025-02-04T14:42:27.457+0000] {processor.py:208} INFO - Processing /home/airflow/.local/lib/python3.12/site-packages/airflow/example_dags/example_setup_teardown.py took 0.112 seconds
[2025-02-04T14:42:57.542+0000] {processor.py:186} INFO - Started process (PID=1318) to work on /home/airflow/.local/lib/python3.12/site-packages/airflow/example_dags/example_setup_teardown.py
[2025-02-04T14:42:57.544+0000] {processor.py:914} INFO - Processing file /home/airflow/.local/lib/python3.12/site-packages/airflow/example_dags/example_setup_teardown.py for tasks to queue
[2025-02-04T14:42:57.549+0000] {logging_mixin.py:190} INFO - [2025-02-04T14:42:57.548+0000] {dagbag.py:588} INFO - Filling up the DagBag from /home/airflow/.local/lib/python3.12/site-packages/airflow/example_dags/example_setup_teardown.py
[2025-02-04T14:42:57.565+0000] {processor.py:925} INFO - DAG(s) 'example_setup_teardown' retrieved from /home/airflow/.local/lib/python3.12/site-packages/airflow/example_dags/example_setup_teardown.py
[2025-02-04T14:42:57.602+0000] {logging_mixin.py:190} INFO - [2025-02-04T14:42:57.602+0000] {dag.py:3239} INFO - Sync 1 DAGs
[2025-02-04T14:42:57.629+0000] {logging_mixin.py:190} INFO - [2025-02-04T14:42:57.629+0000] {dag.py:4180} INFO - Setting next_dagrun for example_setup_teardown to None, run_after=None
[2025-02-04T14:42:57.656+0000] {processor.py:208} INFO - Processing /home/airflow/.local/lib/python3.12/site-packages/airflow/example_dags/example_setup_teardown.py took 0.123 seconds
[2025-02-04T14:43:28.107+0000] {processor.py:186} INFO - Started process (PID=1382) to work on /home/airflow/.local/lib/python3.12/site-packages/airflow/example_dags/example_setup_teardown.py
[2025-02-04T14:43:28.109+0000] {processor.py:914} INFO - Processing file /home/airflow/.local/lib/python3.12/site-packages/airflow/example_dags/example_setup_teardown.py for tasks to queue
[2025-02-04T14:43:28.117+0000] {logging_mixin.py:190} INFO - [2025-02-04T14:43:28.116+0000] {dagbag.py:588} INFO - Filling up the DagBag from /home/airflow/.local/lib/python3.12/site-packages/airflow/example_dags/example_setup_teardown.py
[2025-02-04T14:43:28.141+0000] {processor.py:925} INFO - DAG(s) 'example_setup_teardown' retrieved from /home/airflow/.local/lib/python3.12/site-packages/airflow/example_dags/example_setup_teardown.py
[2025-02-04T14:43:28.181+0000] {logging_mixin.py:190} INFO - [2025-02-04T14:43:28.181+0000] {dag.py:3239} INFO - Sync 1 DAGs
[2025-02-04T14:43:28.210+0000] {logging_mixin.py:190} INFO - [2025-02-04T14:43:28.210+0000] {dag.py:4180} INFO - Setting next_dagrun for example_setup_teardown to None, run_after=None
[2025-02-04T14:43:28.240+0000] {processor.py:208} INFO - Processing /home/airflow/.local/lib/python3.12/site-packages/airflow/example_dags/example_setup_teardown.py took 0.150 seconds
[2025-02-04T14:43:58.563+0000] {processor.py:186} INFO - Started process (PID=1446) to work on /home/airflow/.local/lib/python3.12/site-packages/airflow/example_dags/example_setup_teardown.py
[2025-02-04T14:43:58.565+0000] {processor.py:914} INFO - Processing file /home/airflow/.local/lib/python3.12/site-packages/airflow/example_dags/example_setup_teardown.py for tasks to queue
[2025-02-04T14:43:58.576+0000] {logging_mixin.py:190} INFO - [2025-02-04T14:43:58.576+0000] {dagbag.py:588} INFO - Filling up the DagBag from /home/airflow/.local/lib/python3.12/site-packages/airflow/example_dags/example_setup_teardown.py
[2025-02-04T14:43:58.602+0000] {processor.py:925} INFO - DAG(s) 'example_setup_teardown' retrieved from /home/airflow/.local/lib/python3.12/site-packages/airflow/example_dags/example_setup_teardown.py
[2025-02-04T14:43:58.657+0000] {logging_mixin.py:190} INFO - [2025-02-04T14:43:58.657+0000] {dag.py:3239} INFO - Sync 1 DAGs
[2025-02-04T14:43:58.703+0000] {logging_mixin.py:190} INFO - [2025-02-04T14:43:58.703+0000] {dag.py:4180} INFO - Setting next_dagrun for example_setup_teardown to None, run_after=None
[2025-02-04T14:43:58.753+0000] {processor.py:208} INFO - Processing /home/airflow/.local/lib/python3.12/site-packages/airflow/example_dags/example_setup_teardown.py took 0.211 seconds
[2025-02-04T14:44:29.407+0000] {processor.py:186} INFO - Started process (PID=1510) to work on /home/airflow/.local/lib/python3.12/site-packages/airflow/example_dags/example_setup_teardown.py
[2025-02-04T14:44:29.409+0000] {processor.py:914} INFO - Processing file /home/airflow/.local/lib/python3.12/site-packages/airflow/example_dags/example_setup_teardown.py for tasks to queue
[2025-02-04T14:44:29.416+0000] {logging_mixin.py:190} INFO - [2025-02-04T14:44:29.415+0000] {dagbag.py:588} INFO - Filling up the DagBag from /home/airflow/.local/lib/python3.12/site-packages/airflow/example_dags/example_setup_teardown.py
[2025-02-04T14:44:29.453+0000] {processor.py:925} INFO - DAG(s) 'example_setup_teardown' retrieved from /home/airflow/.local/lib/python3.12/site-packages/airflow/example_dags/example_setup_teardown.py
[2025-02-04T14:44:29.552+0000] {logging_mixin.py:190} INFO - [2025-02-04T14:44:29.552+0000] {dag.py:3239} INFO - Sync 1 DAGs
[2025-02-04T14:44:29.617+0000] {logging_mixin.py:190} INFO - [2025-02-04T14:44:29.616+0000] {dag.py:4180} INFO - Setting next_dagrun for example_setup_teardown to None, run_after=None
[2025-02-04T14:44:29.666+0000] {processor.py:208} INFO - Processing /home/airflow/.local/lib/python3.12/site-packages/airflow/example_dags/example_setup_teardown.py took 0.276 seconds
[2025-02-04T14:45:00.297+0000] {processor.py:186} INFO - Started process (PID=1574) to work on /home/airflow/.local/lib/python3.12/site-packages/airflow/example_dags/example_setup_teardown.py
[2025-02-04T14:45:00.299+0000] {processor.py:914} INFO - Processing file /home/airflow/.local/lib/python3.12/site-packages/airflow/example_dags/example_setup_teardown.py for tasks to queue
[2025-02-04T14:45:00.306+0000] {logging_mixin.py:190} INFO - [2025-02-04T14:45:00.305+0000] {dagbag.py:588} INFO - Filling up the DagBag from /home/airflow/.local/lib/python3.12/site-packages/airflow/example_dags/example_setup_teardown.py
[2025-02-04T14:45:00.328+0000] {processor.py:925} INFO - DAG(s) 'example_setup_teardown' retrieved from /home/airflow/.local/lib/python3.12/site-packages/airflow/example_dags/example_setup_teardown.py
[2025-02-04T14:45:00.367+0000] {logging_mixin.py:190} INFO - [2025-02-04T14:45:00.366+0000] {dag.py:3239} INFO - Sync 1 DAGs
[2025-02-04T14:45:00.393+0000] {logging_mixin.py:190} INFO - [2025-02-04T14:45:00.393+0000] {dag.py:4180} INFO - Setting next_dagrun for example_setup_teardown to None, run_after=None
[2025-02-04T14:45:00.426+0000] {processor.py:208} INFO - Processing /home/airflow/.local/lib/python3.12/site-packages/airflow/example_dags/example_setup_teardown.py took 0.143 seconds
[2025-02-04T14:45:31.032+0000] {processor.py:186} INFO - Started process (PID=1638) to work on /home/airflow/.local/lib/python3.12/site-packages/airflow/example_dags/example_setup_teardown.py
[2025-02-04T14:45:31.034+0000] {processor.py:914} INFO - Processing file /home/airflow/.local/lib/python3.12/site-packages/airflow/example_dags/example_setup_teardown.py for tasks to queue
[2025-02-04T14:45:31.038+0000] {logging_mixin.py:190} INFO - [2025-02-04T14:45:31.038+0000] {dagbag.py:588} INFO - Filling up the DagBag from /home/airflow/.local/lib/python3.12/site-packages/airflow/example_dags/example_setup_teardown.py
[2025-02-04T14:45:31.059+0000] {processor.py:925} INFO - DAG(s) 'example_setup_teardown' retrieved from /home/airflow/.local/lib/python3.12/site-packages/airflow/example_dags/example_setup_teardown.py
[2025-02-04T14:45:31.097+0000] {logging_mixin.py:190} INFO - [2025-02-04T14:45:31.096+0000] {dag.py:3239} INFO - Sync 1 DAGs
[2025-02-04T14:45:31.123+0000] {logging_mixin.py:190} INFO - [2025-02-04T14:45:31.122+0000] {dag.py:4180} INFO - Setting next_dagrun for example_setup_teardown to None, run_after=None
[2025-02-04T14:45:31.168+0000] {processor.py:208} INFO - Processing /home/airflow/.local/lib/python3.12/site-packages/airflow/example_dags/example_setup_teardown.py took 0.147 seconds
[2025-02-04T14:46:01.632+0000] {processor.py:186} INFO - Started process (PID=1701) to work on /home/airflow/.local/lib/python3.12/site-packages/airflow/example_dags/example_setup_teardown.py
[2025-02-04T14:46:01.634+0000] {processor.py:914} INFO - Processing file /home/airflow/.local/lib/python3.12/site-packages/airflow/example_dags/example_setup_teardown.py for tasks to queue
[2025-02-04T14:46:01.640+0000] {logging_mixin.py:190} INFO - [2025-02-04T14:46:01.639+0000] {dagbag.py:588} INFO - Filling up the DagBag from /home/airflow/.local/lib/python3.12/site-packages/airflow/example_dags/example_setup_teardown.py
[2025-02-04T14:46:01.658+0000] {processor.py:925} INFO - DAG(s) 'example_setup_teardown' retrieved from /home/airflow/.local/lib/python3.12/site-packages/airflow/example_dags/example_setup_teardown.py
[2025-02-04T14:46:01.717+0000] {logging_mixin.py:190} INFO - [2025-02-04T14:46:01.717+0000] {dag.py:3239} INFO - Sync 1 DAGs
[2025-02-04T14:46:01.756+0000] {logging_mixin.py:190} INFO - [2025-02-04T14:46:01.756+0000] {dag.py:4180} INFO - Setting next_dagrun for example_setup_teardown to None, run_after=None
[2025-02-04T14:46:01.799+0000] {processor.py:208} INFO - Processing /home/airflow/.local/lib/python3.12/site-packages/airflow/example_dags/example_setup_teardown.py took 0.180 seconds
[2025-02-04T14:49:10.326+0000] {processor.py:186} INFO - Started process (PID=84) to work on /home/airflow/.local/lib/python3.12/site-packages/airflow/example_dags/example_setup_teardown.py
[2025-02-04T14:49:10.328+0000] {processor.py:914} INFO - Processing file /home/airflow/.local/lib/python3.12/site-packages/airflow/example_dags/example_setup_teardown.py for tasks to queue
[2025-02-04T14:49:10.337+0000] {logging_mixin.py:190} INFO - [2025-02-04T14:49:10.336+0000] {dagbag.py:588} INFO - Filling up the DagBag from /home/airflow/.local/lib/python3.12/site-packages/airflow/example_dags/example_setup_teardown.py
[2025-02-04T14:49:10.368+0000] {processor.py:925} INFO - DAG(s) 'example_setup_teardown' retrieved from /home/airflow/.local/lib/python3.12/site-packages/airflow/example_dags/example_setup_teardown.py
[2025-02-04T14:49:10.441+0000] {logging_mixin.py:190} INFO - [2025-02-04T14:49:10.438+0000] {dag.py:3239} INFO - Sync 1 DAGs
[2025-02-04T14:49:10.522+0000] {logging_mixin.py:190} INFO - [2025-02-04T14:49:10.522+0000] {dag.py:4180} INFO - Setting next_dagrun for example_setup_teardown to None, run_after=None
[2025-02-04T14:49:10.660+0000] {processor.py:208} INFO - Processing /home/airflow/.local/lib/python3.12/site-packages/airflow/example_dags/example_setup_teardown.py took 0.361 seconds
[2025-02-04T14:49:50.022+0000] {processor.py:186} INFO - Started process (PID=148) to work on /home/airflow/.local/lib/python3.12/site-packages/airflow/example_dags/example_setup_teardown.py
[2025-02-04T14:49:50.025+0000] {processor.py:914} INFO - Processing file /home/airflow/.local/lib/python3.12/site-packages/airflow/example_dags/example_setup_teardown.py for tasks to queue
[2025-02-04T14:49:50.033+0000] {logging_mixin.py:190} INFO - [2025-02-04T14:49:50.032+0000] {dagbag.py:588} INFO - Filling up the DagBag from /home/airflow/.local/lib/python3.12/site-packages/airflow/example_dags/example_setup_teardown.py
[2025-02-04T14:49:50.065+0000] {processor.py:925} INFO - DAG(s) 'example_setup_teardown' retrieved from /home/airflow/.local/lib/python3.12/site-packages/airflow/example_dags/example_setup_teardown.py
[2025-02-04T14:49:50.130+0000] {logging_mixin.py:190} INFO - [2025-02-04T14:49:50.129+0000] {dag.py:3239} INFO - Sync 1 DAGs
[2025-02-04T14:49:50.173+0000] {logging_mixin.py:190} INFO - [2025-02-04T14:49:50.173+0000] {dag.py:4180} INFO - Setting next_dagrun for example_setup_teardown to None, run_after=None
[2025-02-04T14:49:50.221+0000] {processor.py:208} INFO - Processing /home/airflow/.local/lib/python3.12/site-packages/airflow/example_dags/example_setup_teardown.py took 0.236 seconds
[2025-02-04T14:50:25.204+0000] {processor.py:186} INFO - Started process (PID=213) to work on /home/airflow/.local/lib/python3.12/site-packages/airflow/example_dags/example_setup_teardown.py
[2025-02-04T14:50:25.206+0000] {processor.py:914} INFO - Processing file /home/airflow/.local/lib/python3.12/site-packages/airflow/example_dags/example_setup_teardown.py for tasks to queue
[2025-02-04T14:50:25.210+0000] {logging_mixin.py:190} INFO - [2025-02-04T14:50:25.209+0000] {dagbag.py:588} INFO - Filling up the DagBag from /home/airflow/.local/lib/python3.12/site-packages/airflow/example_dags/example_setup_teardown.py
[2025-02-04T14:50:25.223+0000] {processor.py:925} INFO - DAG(s) 'example_setup_teardown' retrieved from /home/airflow/.local/lib/python3.12/site-packages/airflow/example_dags/example_setup_teardown.py
[2025-02-04T14:50:25.258+0000] {logging_mixin.py:190} INFO - [2025-02-04T14:50:25.258+0000] {dag.py:3239} INFO - Sync 1 DAGs
[2025-02-04T14:50:25.282+0000] {logging_mixin.py:190} INFO - [2025-02-04T14:50:25.281+0000] {dag.py:4180} INFO - Setting next_dagrun for example_setup_teardown to None, run_after=None
[2025-02-04T14:50:25.313+0000] {processor.py:208} INFO - Processing /home/airflow/.local/lib/python3.12/site-packages/airflow/example_dags/example_setup_teardown.py took 0.117 seconds
[2025-02-04T14:50:58.982+0000] {processor.py:186} INFO - Started process (PID=277) to work on /home/airflow/.local/lib/python3.12/site-packages/airflow/example_dags/example_setup_teardown.py
[2025-02-04T14:50:58.985+0000] {processor.py:914} INFO - Processing file /home/airflow/.local/lib/python3.12/site-packages/airflow/example_dags/example_setup_teardown.py for tasks to queue
[2025-02-04T14:50:58.995+0000] {logging_mixin.py:190} INFO - [2025-02-04T14:50:58.994+0000] {dagbag.py:588} INFO - Filling up the DagBag from /home/airflow/.local/lib/python3.12/site-packages/airflow/example_dags/example_setup_teardown.py
[2025-02-04T14:50:59.022+0000] {processor.py:925} INFO - DAG(s) 'example_setup_teardown' retrieved from /home/airflow/.local/lib/python3.12/site-packages/airflow/example_dags/example_setup_teardown.py
[2025-02-04T14:50:59.075+0000] {logging_mixin.py:190} INFO - [2025-02-04T14:50:59.074+0000] {dag.py:3239} INFO - Sync 1 DAGs
[2025-02-04T14:50:59.111+0000] {logging_mixin.py:190} INFO - [2025-02-04T14:50:59.111+0000] {dag.py:4180} INFO - Setting next_dagrun for example_setup_teardown to None, run_after=None
[2025-02-04T14:50:59.149+0000] {processor.py:208} INFO - Processing /home/airflow/.local/lib/python3.12/site-packages/airflow/example_dags/example_setup_teardown.py took 0.181 seconds
[2025-02-04T14:51:31.058+0000] {processor.py:186} INFO - Started process (PID=346) to work on /home/airflow/.local/lib/python3.12/site-packages/airflow/example_dags/example_setup_teardown.py
[2025-02-04T14:51:31.061+0000] {processor.py:914} INFO - Processing file /home/airflow/.local/lib/python3.12/site-packages/airflow/example_dags/example_setup_teardown.py for tasks to queue
[2025-02-04T14:51:31.091+0000] {logging_mixin.py:190} INFO - [2025-02-04T14:51:31.091+0000] {dagbag.py:588} INFO - Filling up the DagBag from /home/airflow/.local/lib/python3.12/site-packages/airflow/example_dags/example_setup_teardown.py
[2025-02-04T14:51:31.120+0000] {processor.py:925} INFO - DAG(s) 'example_setup_teardown' retrieved from /home/airflow/.local/lib/python3.12/site-packages/airflow/example_dags/example_setup_teardown.py
[2025-02-04T14:51:31.221+0000] {logging_mixin.py:190} INFO - [2025-02-04T14:51:31.214+0000] {dag.py:3239} INFO - Sync 1 DAGs
[2025-02-04T14:51:31.315+0000] {logging_mixin.py:190} INFO - [2025-02-04T14:51:31.308+0000] {dag.py:4180} INFO - Setting next_dagrun for example_setup_teardown to None, run_after=None
[2025-02-04T14:51:31.433+0000] {processor.py:208} INFO - Processing /home/airflow/.local/lib/python3.12/site-packages/airflow/example_dags/example_setup_teardown.py took 0.394 seconds
[2025-02-04T14:52:22.328+0000] {processor.py:186} INFO - Started process (PID=410) to work on /home/airflow/.local/lib/python3.12/site-packages/airflow/example_dags/example_setup_teardown.py
[2025-02-04T14:52:22.344+0000] {processor.py:914} INFO - Processing file /home/airflow/.local/lib/python3.12/site-packages/airflow/example_dags/example_setup_teardown.py for tasks to queue
[2025-02-04T14:52:22.975+0000] {logging_mixin.py:190} INFO - [2025-02-04T14:52:22.961+0000] {dagbag.py:588} INFO - Filling up the DagBag from /home/airflow/.local/lib/python3.12/site-packages/airflow/example_dags/example_setup_teardown.py
[2025-02-04T14:52:23.144+0000] {processor.py:925} INFO - DAG(s) 'example_setup_teardown' retrieved from /home/airflow/.local/lib/python3.12/site-packages/airflow/example_dags/example_setup_teardown.py
[2025-02-04T14:52:24.227+0000] {logging_mixin.py:190} INFO - [2025-02-04T14:52:24.227+0000] {dag.py:3239} INFO - Sync 1 DAGs
[2025-02-04T14:52:24.491+0000] {logging_mixin.py:190} INFO - [2025-02-04T14:52:24.490+0000] {dag.py:4180} INFO - Setting next_dagrun for example_setup_teardown to None, run_after=None
[2025-02-04T14:52:24.767+0000] {processor.py:208} INFO - Processing /home/airflow/.local/lib/python3.12/site-packages/airflow/example_dags/example_setup_teardown.py took 1.964 seconds
[2025-02-04T14:52:55.205+0000] {processor.py:186} INFO - Started process (PID=475) to work on /home/airflow/.local/lib/python3.12/site-packages/airflow/example_dags/example_setup_teardown.py
[2025-02-04T14:52:55.207+0000] {processor.py:914} INFO - Processing file /home/airflow/.local/lib/python3.12/site-packages/airflow/example_dags/example_setup_teardown.py for tasks to queue
[2025-02-04T14:52:55.211+0000] {logging_mixin.py:190} INFO - [2025-02-04T14:52:55.210+0000] {dagbag.py:588} INFO - Filling up the DagBag from /home/airflow/.local/lib/python3.12/site-packages/airflow/example_dags/example_setup_teardown.py
[2025-02-04T14:52:55.228+0000] {processor.py:925} INFO - DAG(s) 'example_setup_teardown' retrieved from /home/airflow/.local/lib/python3.12/site-packages/airflow/example_dags/example_setup_teardown.py
[2025-02-04T14:52:55.270+0000] {logging_mixin.py:190} INFO - [2025-02-04T14:52:55.269+0000] {dag.py:3239} INFO - Sync 1 DAGs
[2025-02-04T14:52:55.300+0000] {logging_mixin.py:190} INFO - [2025-02-04T14:52:55.300+0000] {dag.py:4180} INFO - Setting next_dagrun for example_setup_teardown to None, run_after=None
[2025-02-04T14:52:55.334+0000] {processor.py:208} INFO - Processing /home/airflow/.local/lib/python3.12/site-packages/airflow/example_dags/example_setup_teardown.py took 0.140 seconds
[2025-02-04T14:53:25.446+0000] {processor.py:186} INFO - Started process (PID=543) to work on /home/airflow/.local/lib/python3.12/site-packages/airflow/example_dags/example_setup_teardown.py
[2025-02-04T14:53:25.448+0000] {processor.py:914} INFO - Processing file /home/airflow/.local/lib/python3.12/site-packages/airflow/example_dags/example_setup_teardown.py for tasks to queue
[2025-02-04T14:53:25.452+0000] {logging_mixin.py:190} INFO - [2025-02-04T14:53:25.451+0000] {dagbag.py:588} INFO - Filling up the DagBag from /home/airflow/.local/lib/python3.12/site-packages/airflow/example_dags/example_setup_teardown.py
[2025-02-04T14:53:25.467+0000] {processor.py:925} INFO - DAG(s) 'example_setup_teardown' retrieved from /home/airflow/.local/lib/python3.12/site-packages/airflow/example_dags/example_setup_teardown.py
[2025-02-04T14:53:25.505+0000] {logging_mixin.py:190} INFO - [2025-02-04T14:53:25.504+0000] {dag.py:3239} INFO - Sync 1 DAGs
[2025-02-04T14:53:25.532+0000] {logging_mixin.py:190} INFO - [2025-02-04T14:53:25.531+0000] {dag.py:4180} INFO - Setting next_dagrun for example_setup_teardown to None, run_after=None
[2025-02-04T14:53:25.579+0000] {processor.py:208} INFO - Processing /home/airflow/.local/lib/python3.12/site-packages/airflow/example_dags/example_setup_teardown.py took 0.145 seconds
[2025-02-04T14:53:56.425+0000] {processor.py:186} INFO - Started process (PID=612) to work on /home/airflow/.local/lib/python3.12/site-packages/airflow/example_dags/example_setup_teardown.py
[2025-02-04T14:53:56.427+0000] {processor.py:914} INFO - Processing file /home/airflow/.local/lib/python3.12/site-packages/airflow/example_dags/example_setup_teardown.py for tasks to queue
[2025-02-04T14:53:56.432+0000] {logging_mixin.py:190} INFO - [2025-02-04T14:53:56.431+0000] {dagbag.py:588} INFO - Filling up the DagBag from /home/airflow/.local/lib/python3.12/site-packages/airflow/example_dags/example_setup_teardown.py
[2025-02-04T14:53:56.446+0000] {processor.py:925} INFO - DAG(s) 'example_setup_teardown' retrieved from /home/airflow/.local/lib/python3.12/site-packages/airflow/example_dags/example_setup_teardown.py
[2025-02-04T14:53:56.481+0000] {logging_mixin.py:190} INFO - [2025-02-04T14:53:56.481+0000] {dag.py:3239} INFO - Sync 1 DAGs
[2025-02-04T14:53:56.506+0000] {logging_mixin.py:190} INFO - [2025-02-04T14:53:56.506+0000] {dag.py:4180} INFO - Setting next_dagrun for example_setup_teardown to None, run_after=None
[2025-02-04T14:53:56.546+0000] {processor.py:208} INFO - Processing /home/airflow/.local/lib/python3.12/site-packages/airflow/example_dags/example_setup_teardown.py took 0.131 seconds
[2025-02-04T14:54:28.353+0000] {processor.py:186} INFO - Started process (PID=678) to work on /home/airflow/.local/lib/python3.12/site-packages/airflow/example_dags/example_setup_teardown.py
[2025-02-04T14:54:28.355+0000] {processor.py:914} INFO - Processing file /home/airflow/.local/lib/python3.12/site-packages/airflow/example_dags/example_setup_teardown.py for tasks to queue
[2025-02-04T14:54:28.359+0000] {logging_mixin.py:190} INFO - [2025-02-04T14:54:28.358+0000] {dagbag.py:588} INFO - Filling up the DagBag from /home/airflow/.local/lib/python3.12/site-packages/airflow/example_dags/example_setup_teardown.py
[2025-02-04T14:54:28.377+0000] {processor.py:925} INFO - DAG(s) 'example_setup_teardown' retrieved from /home/airflow/.local/lib/python3.12/site-packages/airflow/example_dags/example_setup_teardown.py
[2025-02-04T14:54:28.420+0000] {logging_mixin.py:190} INFO - [2025-02-04T14:54:28.420+0000] {dag.py:3239} INFO - Sync 1 DAGs
[2025-02-04T14:54:28.453+0000] {logging_mixin.py:190} INFO - [2025-02-04T14:54:28.453+0000] {dag.py:4180} INFO - Setting next_dagrun for example_setup_teardown to None, run_after=None
[2025-02-04T14:54:28.490+0000] {processor.py:208} INFO - Processing /home/airflow/.local/lib/python3.12/site-packages/airflow/example_dags/example_setup_teardown.py took 0.146 seconds
[2025-02-04T14:54:59.416+0000] {processor.py:186} INFO - Started process (PID=744) to work on /home/airflow/.local/lib/python3.12/site-packages/airflow/example_dags/example_setup_teardown.py
[2025-02-04T14:54:59.418+0000] {processor.py:914} INFO - Processing file /home/airflow/.local/lib/python3.12/site-packages/airflow/example_dags/example_setup_teardown.py for tasks to queue
[2025-02-04T14:54:59.424+0000] {logging_mixin.py:190} INFO - [2025-02-04T14:54:59.423+0000] {dagbag.py:588} INFO - Filling up the DagBag from /home/airflow/.local/lib/python3.12/site-packages/airflow/example_dags/example_setup_teardown.py
[2025-02-04T14:54:59.464+0000] {processor.py:925} INFO - DAG(s) 'example_setup_teardown' retrieved from /home/airflow/.local/lib/python3.12/site-packages/airflow/example_dags/example_setup_teardown.py
[2025-02-04T14:54:59.515+0000] {logging_mixin.py:190} INFO - [2025-02-04T14:54:59.514+0000] {dag.py:3239} INFO - Sync 1 DAGs
[2025-02-04T14:54:59.540+0000] {logging_mixin.py:190} INFO - [2025-02-04T14:54:59.539+0000] {dag.py:4180} INFO - Setting next_dagrun for example_setup_teardown to None, run_after=None
[2025-02-04T14:54:59.575+0000] {processor.py:208} INFO - Processing /home/airflow/.local/lib/python3.12/site-packages/airflow/example_dags/example_setup_teardown.py took 0.172 seconds
[2025-02-04T14:55:30.047+0000] {processor.py:186} INFO - Started process (PID=811) to work on /home/airflow/.local/lib/python3.12/site-packages/airflow/example_dags/example_setup_teardown.py
[2025-02-04T14:55:30.049+0000] {processor.py:914} INFO - Processing file /home/airflow/.local/lib/python3.12/site-packages/airflow/example_dags/example_setup_teardown.py for tasks to queue
[2025-02-04T14:55:30.055+0000] {logging_mixin.py:190} INFO - [2025-02-04T14:55:30.054+0000] {dagbag.py:588} INFO - Filling up the DagBag from /home/airflow/.local/lib/python3.12/site-packages/airflow/example_dags/example_setup_teardown.py
[2025-02-04T14:55:30.081+0000] {processor.py:925} INFO - DAG(s) 'example_setup_teardown' retrieved from /home/airflow/.local/lib/python3.12/site-packages/airflow/example_dags/example_setup_teardown.py
[2025-02-04T14:55:30.126+0000] {logging_mixin.py:190} INFO - [2025-02-04T14:55:30.126+0000] {dag.py:3239} INFO - Sync 1 DAGs
[2025-02-04T14:55:30.155+0000] {logging_mixin.py:190} INFO - [2025-02-04T14:55:30.155+0000] {dag.py:4180} INFO - Setting next_dagrun for example_setup_teardown to None, run_after=None
[2025-02-04T14:55:30.193+0000] {processor.py:208} INFO - Processing /home/airflow/.local/lib/python3.12/site-packages/airflow/example_dags/example_setup_teardown.py took 0.163 seconds
[2025-02-04T14:56:10.907+0000] {processor.py:186} INFO - Started process (PID=873) to work on /home/airflow/.local/lib/python3.12/site-packages/airflow/example_dags/example_setup_teardown.py
[2025-02-04T14:56:10.920+0000] {processor.py:914} INFO - Processing file /home/airflow/.local/lib/python3.12/site-packages/airflow/example_dags/example_setup_teardown.py for tasks to queue
[2025-02-04T14:56:10.937+0000] {logging_mixin.py:190} INFO - [2025-02-04T14:56:10.926+0000] {dagbag.py:588} INFO - Filling up the DagBag from /home/airflow/.local/lib/python3.12/site-packages/airflow/example_dags/example_setup_teardown.py
[2025-02-04T14:56:11.001+0000] {processor.py:925} INFO - DAG(s) 'example_setup_teardown' retrieved from /home/airflow/.local/lib/python3.12/site-packages/airflow/example_dags/example_setup_teardown.py
[2025-02-04T14:56:11.118+0000] {logging_mixin.py:190} INFO - [2025-02-04T14:56:11.117+0000] {dag.py:3239} INFO - Sync 1 DAGs
[2025-02-04T14:56:11.213+0000] {logging_mixin.py:190} INFO - [2025-02-04T14:56:11.213+0000] {dag.py:4180} INFO - Setting next_dagrun for example_setup_teardown to None, run_after=None
[2025-02-04T14:56:11.321+0000] {processor.py:208} INFO - Processing /home/airflow/.local/lib/python3.12/site-packages/airflow/example_dags/example_setup_teardown.py took 0.508 seconds
[2025-02-04T14:56:42.100+0000] {processor.py:186} INFO - Started process (PID=937) to work on /home/airflow/.local/lib/python3.12/site-packages/airflow/example_dags/example_setup_teardown.py
[2025-02-04T14:56:42.102+0000] {processor.py:914} INFO - Processing file /home/airflow/.local/lib/python3.12/site-packages/airflow/example_dags/example_setup_teardown.py for tasks to queue
[2025-02-04T14:56:42.106+0000] {logging_mixin.py:190} INFO - [2025-02-04T14:56:42.106+0000] {dagbag.py:588} INFO - Filling up the DagBag from /home/airflow/.local/lib/python3.12/site-packages/airflow/example_dags/example_setup_teardown.py
[2025-02-04T14:56:42.121+0000] {processor.py:925} INFO - DAG(s) 'example_setup_teardown' retrieved from /home/airflow/.local/lib/python3.12/site-packages/airflow/example_dags/example_setup_teardown.py
[2025-02-04T14:56:42.160+0000] {logging_mixin.py:190} INFO - [2025-02-04T14:56:42.160+0000] {dag.py:3239} INFO - Sync 1 DAGs
[2025-02-04T14:56:42.189+0000] {logging_mixin.py:190} INFO - [2025-02-04T14:56:42.189+0000] {dag.py:4180} INFO - Setting next_dagrun for example_setup_teardown to None, run_after=None
[2025-02-04T14:56:42.222+0000] {processor.py:208} INFO - Processing /home/airflow/.local/lib/python3.12/site-packages/airflow/example_dags/example_setup_teardown.py took 0.130 seconds
[2025-02-04T14:57:12.737+0000] {processor.py:186} INFO - Started process (PID=1001) to work on /home/airflow/.local/lib/python3.12/site-packages/airflow/example_dags/example_setup_teardown.py
[2025-02-04T14:57:12.739+0000] {processor.py:914} INFO - Processing file /home/airflow/.local/lib/python3.12/site-packages/airflow/example_dags/example_setup_teardown.py for tasks to queue
[2025-02-04T14:57:12.744+0000] {logging_mixin.py:190} INFO - [2025-02-04T14:57:12.743+0000] {dagbag.py:588} INFO - Filling up the DagBag from /home/airflow/.local/lib/python3.12/site-packages/airflow/example_dags/example_setup_teardown.py
[2025-02-04T14:57:12.765+0000] {processor.py:925} INFO - DAG(s) 'example_setup_teardown' retrieved from /home/airflow/.local/lib/python3.12/site-packages/airflow/example_dags/example_setup_teardown.py
[2025-02-04T14:57:12.815+0000] {logging_mixin.py:190} INFO - [2025-02-04T14:57:12.815+0000] {dag.py:3239} INFO - Sync 1 DAGs
[2025-02-04T14:57:12.848+0000] {logging_mixin.py:190} INFO - [2025-02-04T14:57:12.848+0000] {dag.py:4180} INFO - Setting next_dagrun for example_setup_teardown to None, run_after=None
[2025-02-04T14:57:12.888+0000] {processor.py:208} INFO - Processing /home/airflow/.local/lib/python3.12/site-packages/airflow/example_dags/example_setup_teardown.py took 0.166 seconds
[2025-02-04T14:57:43.047+0000] {processor.py:186} INFO - Started process (PID=1064) to work on /home/airflow/.local/lib/python3.12/site-packages/airflow/example_dags/example_setup_teardown.py
[2025-02-04T14:57:43.049+0000] {processor.py:914} INFO - Processing file /home/airflow/.local/lib/python3.12/site-packages/airflow/example_dags/example_setup_teardown.py for tasks to queue
[2025-02-04T14:57:43.053+0000] {logging_mixin.py:190} INFO - [2025-02-04T14:57:43.053+0000] {dagbag.py:588} INFO - Filling up the DagBag from /home/airflow/.local/lib/python3.12/site-packages/airflow/example_dags/example_setup_teardown.py
[2025-02-04T14:57:43.068+0000] {processor.py:925} INFO - DAG(s) 'example_setup_teardown' retrieved from /home/airflow/.local/lib/python3.12/site-packages/airflow/example_dags/example_setup_teardown.py
[2025-02-04T14:57:43.100+0000] {logging_mixin.py:190} INFO - [2025-02-04T14:57:43.099+0000] {dag.py:3239} INFO - Sync 1 DAGs
[2025-02-04T14:57:43.128+0000] {logging_mixin.py:190} INFO - [2025-02-04T14:57:43.128+0000] {dag.py:4180} INFO - Setting next_dagrun for example_setup_teardown to None, run_after=None
[2025-02-04T14:57:43.157+0000] {processor.py:208} INFO - Processing /home/airflow/.local/lib/python3.12/site-packages/airflow/example_dags/example_setup_teardown.py took 0.120 seconds
[2025-02-04T14:58:13.738+0000] {processor.py:186} INFO - Started process (PID=1128) to work on /home/airflow/.local/lib/python3.12/site-packages/airflow/example_dags/example_setup_teardown.py
[2025-02-04T14:58:13.740+0000] {processor.py:914} INFO - Processing file /home/airflow/.local/lib/python3.12/site-packages/airflow/example_dags/example_setup_teardown.py for tasks to queue
[2025-02-04T14:58:13.743+0000] {logging_mixin.py:190} INFO - [2025-02-04T14:58:13.743+0000] {dagbag.py:588} INFO - Filling up the DagBag from /home/airflow/.local/lib/python3.12/site-packages/airflow/example_dags/example_setup_teardown.py
[2025-02-04T14:58:13.757+0000] {processor.py:925} INFO - DAG(s) 'example_setup_teardown' retrieved from /home/airflow/.local/lib/python3.12/site-packages/airflow/example_dags/example_setup_teardown.py
[2025-02-04T14:58:13.797+0000] {logging_mixin.py:190} INFO - [2025-02-04T14:58:13.796+0000] {dag.py:3239} INFO - Sync 1 DAGs
[2025-02-04T14:58:13.819+0000] {logging_mixin.py:190} INFO - [2025-02-04T14:58:13.818+0000] {dag.py:4180} INFO - Setting next_dagrun for example_setup_teardown to None, run_after=None
[2025-02-04T14:58:13.853+0000] {processor.py:208} INFO - Processing /home/airflow/.local/lib/python3.12/site-packages/airflow/example_dags/example_setup_teardown.py took 0.127 seconds
[2025-02-04T14:58:44.789+0000] {processor.py:186} INFO - Started process (PID=1193) to work on /home/airflow/.local/lib/python3.12/site-packages/airflow/example_dags/example_setup_teardown.py
[2025-02-04T14:58:44.792+0000] {processor.py:914} INFO - Processing file /home/airflow/.local/lib/python3.12/site-packages/airflow/example_dags/example_setup_teardown.py for tasks to queue
[2025-02-04T14:58:44.802+0000] {logging_mixin.py:190} INFO - [2025-02-04T14:58:44.801+0000] {dagbag.py:588} INFO - Filling up the DagBag from /home/airflow/.local/lib/python3.12/site-packages/airflow/example_dags/example_setup_teardown.py
[2025-02-04T14:58:44.833+0000] {processor.py:925} INFO - DAG(s) 'example_setup_teardown' retrieved from /home/airflow/.local/lib/python3.12/site-packages/airflow/example_dags/example_setup_teardown.py
[2025-02-04T14:58:44.909+0000] {logging_mixin.py:190} INFO - [2025-02-04T14:58:44.908+0000] {dag.py:3239} INFO - Sync 1 DAGs
[2025-02-04T14:58:44.950+0000] {logging_mixin.py:190} INFO - [2025-02-04T14:58:44.949+0000] {dag.py:4180} INFO - Setting next_dagrun for example_setup_teardown to None, run_after=None
[2025-02-04T14:58:45.000+0000] {processor.py:208} INFO - Processing /home/airflow/.local/lib/python3.12/site-packages/airflow/example_dags/example_setup_teardown.py took 0.228 seconds
[2025-02-04T14:59:15.077+0000] {processor.py:186} INFO - Started process (PID=1258) to work on /home/airflow/.local/lib/python3.12/site-packages/airflow/example_dags/example_setup_teardown.py
[2025-02-04T14:59:15.079+0000] {processor.py:914} INFO - Processing file /home/airflow/.local/lib/python3.12/site-packages/airflow/example_dags/example_setup_teardown.py for tasks to queue
[2025-02-04T14:59:15.082+0000] {logging_mixin.py:190} INFO - [2025-02-04T14:59:15.082+0000] {dagbag.py:588} INFO - Filling up the DagBag from /home/airflow/.local/lib/python3.12/site-packages/airflow/example_dags/example_setup_teardown.py
[2025-02-04T14:59:15.105+0000] {processor.py:925} INFO - DAG(s) 'example_setup_teardown' retrieved from /home/airflow/.local/lib/python3.12/site-packages/airflow/example_dags/example_setup_teardown.py
[2025-02-04T14:59:15.154+0000] {logging_mixin.py:190} INFO - [2025-02-04T14:59:15.154+0000] {dag.py:3239} INFO - Sync 1 DAGs
[2025-02-04T14:59:15.200+0000] {logging_mixin.py:190} INFO - [2025-02-04T14:59:15.200+0000] {dag.py:4180} INFO - Setting next_dagrun for example_setup_teardown to None, run_after=None
[2025-02-04T14:59:15.254+0000] {processor.py:208} INFO - Processing /home/airflow/.local/lib/python3.12/site-packages/airflow/example_dags/example_setup_teardown.py took 0.186 seconds
[2025-02-04T14:59:45.972+0000] {processor.py:186} INFO - Started process (PID=1322) to work on /home/airflow/.local/lib/python3.12/site-packages/airflow/example_dags/example_setup_teardown.py
[2025-02-04T14:59:45.974+0000] {processor.py:914} INFO - Processing file /home/airflow/.local/lib/python3.12/site-packages/airflow/example_dags/example_setup_teardown.py for tasks to queue
[2025-02-04T14:59:45.980+0000] {logging_mixin.py:190} INFO - [2025-02-04T14:59:45.979+0000] {dagbag.py:588} INFO - Filling up the DagBag from /home/airflow/.local/lib/python3.12/site-packages/airflow/example_dags/example_setup_teardown.py
[2025-02-04T14:59:45.999+0000] {processor.py:925} INFO - DAG(s) 'example_setup_teardown' retrieved from /home/airflow/.local/lib/python3.12/site-packages/airflow/example_dags/example_setup_teardown.py
[2025-02-04T14:59:46.052+0000] {logging_mixin.py:190} INFO - [2025-02-04T14:59:46.051+0000] {dag.py:3239} INFO - Sync 1 DAGs
[2025-02-04T14:59:46.075+0000] {logging_mixin.py:190} INFO - [2025-02-04T14:59:46.074+0000] {dag.py:4180} INFO - Setting next_dagrun for example_setup_teardown to None, run_after=None
[2025-02-04T14:59:46.110+0000] {processor.py:208} INFO - Processing /home/airflow/.local/lib/python3.12/site-packages/airflow/example_dags/example_setup_teardown.py took 0.152 seconds
[2025-02-04T15:00:16.773+0000] {processor.py:186} INFO - Started process (PID=1386) to work on /home/airflow/.local/lib/python3.12/site-packages/airflow/example_dags/example_setup_teardown.py
[2025-02-04T15:00:16.775+0000] {processor.py:914} INFO - Processing file /home/airflow/.local/lib/python3.12/site-packages/airflow/example_dags/example_setup_teardown.py for tasks to queue
[2025-02-04T15:00:16.791+0000] {logging_mixin.py:190} INFO - [2025-02-04T15:00:16.790+0000] {dagbag.py:588} INFO - Filling up the DagBag from /home/airflow/.local/lib/python3.12/site-packages/airflow/example_dags/example_setup_teardown.py
[2025-02-04T15:00:16.863+0000] {processor.py:925} INFO - DAG(s) 'example_setup_teardown' retrieved from /home/airflow/.local/lib/python3.12/site-packages/airflow/example_dags/example_setup_teardown.py
[2025-02-04T15:00:17.002+0000] {logging_mixin.py:190} INFO - [2025-02-04T15:00:17.001+0000] {dag.py:3239} INFO - Sync 1 DAGs
[2025-02-04T15:00:17.032+0000] {logging_mixin.py:190} INFO - [2025-02-04T15:00:17.031+0000] {dag.py:4180} INFO - Setting next_dagrun for example_setup_teardown to None, run_after=None
[2025-02-04T15:00:17.075+0000] {processor.py:208} INFO - Processing /home/airflow/.local/lib/python3.12/site-packages/airflow/example_dags/example_setup_teardown.py took 0.332 seconds
[2025-02-04T15:00:47.337+0000] {processor.py:186} INFO - Started process (PID=1450) to work on /home/airflow/.local/lib/python3.12/site-packages/airflow/example_dags/example_setup_teardown.py
[2025-02-04T15:00:47.339+0000] {processor.py:914} INFO - Processing file /home/airflow/.local/lib/python3.12/site-packages/airflow/example_dags/example_setup_teardown.py for tasks to queue
[2025-02-04T15:00:47.344+0000] {logging_mixin.py:190} INFO - [2025-02-04T15:00:47.343+0000] {dagbag.py:588} INFO - Filling up the DagBag from /home/airflow/.local/lib/python3.12/site-packages/airflow/example_dags/example_setup_teardown.py
[2025-02-04T15:00:47.370+0000] {processor.py:925} INFO - DAG(s) 'example_setup_teardown' retrieved from /home/airflow/.local/lib/python3.12/site-packages/airflow/example_dags/example_setup_teardown.py
[2025-02-04T15:00:47.428+0000] {logging_mixin.py:190} INFO - [2025-02-04T15:00:47.428+0000] {dag.py:3239} INFO - Sync 1 DAGs
[2025-02-04T15:00:47.471+0000] {logging_mixin.py:190} INFO - [2025-02-04T15:00:47.470+0000] {dag.py:4180} INFO - Setting next_dagrun for example_setup_teardown to None, run_after=None
[2025-02-04T15:00:47.510+0000] {processor.py:208} INFO - Processing /home/airflow/.local/lib/python3.12/site-packages/airflow/example_dags/example_setup_teardown.py took 0.184 seconds
[2025-02-04T15:01:17.682+0000] {processor.py:186} INFO - Started process (PID=1515) to work on /home/airflow/.local/lib/python3.12/site-packages/airflow/example_dags/example_setup_teardown.py
[2025-02-04T15:01:17.684+0000] {processor.py:914} INFO - Processing file /home/airflow/.local/lib/python3.12/site-packages/airflow/example_dags/example_setup_teardown.py for tasks to queue
[2025-02-04T15:01:17.689+0000] {logging_mixin.py:190} INFO - [2025-02-04T15:01:17.688+0000] {dagbag.py:588} INFO - Filling up the DagBag from /home/airflow/.local/lib/python3.12/site-packages/airflow/example_dags/example_setup_teardown.py
[2025-02-04T15:01:17.709+0000] {processor.py:925} INFO - DAG(s) 'example_setup_teardown' retrieved from /home/airflow/.local/lib/python3.12/site-packages/airflow/example_dags/example_setup_teardown.py
[2025-02-04T15:01:17.753+0000] {logging_mixin.py:190} INFO - [2025-02-04T15:01:17.753+0000] {dag.py:3239} INFO - Sync 1 DAGs
[2025-02-04T15:01:17.782+0000] {logging_mixin.py:190} INFO - [2025-02-04T15:01:17.782+0000] {dag.py:4180} INFO - Setting next_dagrun for example_setup_teardown to None, run_after=None
[2025-02-04T15:01:17.817+0000] {processor.py:208} INFO - Processing /home/airflow/.local/lib/python3.12/site-packages/airflow/example_dags/example_setup_teardown.py took 0.148 seconds
