[2025-02-04T14:07:30.813+0000] {processor.py:186} INFO - Started process (PID=109) to work on /home/airflow/.local/lib/python3.12/site-packages/airflow/example_dags/example_nested_branch_dag.py
[2025-02-04T14:07:30.831+0000] {processor.py:914} INFO - Processing file /home/airflow/.local/lib/python3.12/site-packages/airflow/example_dags/example_nested_branch_dag.py for tasks to queue
[2025-02-04T14:07:30.841+0000] {logging_mixin.py:190} INFO - [2025-02-04T14:07:30.840+0000] {dagbag.py:588} INFO - Filling up the DagBag from /home/airflow/.local/lib/python3.12/site-packages/airflow/example_dags/example_nested_branch_dag.py
[2025-02-04T14:07:30.974+0000] {processor.py:925} INFO - DAG(s) 'example_nested_branch_dag' retrieved from /home/airflow/.local/lib/python3.12/site-packages/airflow/example_dags/example_nested_branch_dag.py
[2025-02-04T14:07:31.528+0000] {logging_mixin.py:190} INFO - [2025-02-04T14:07:31.525+0000] {override.py:1911} INFO - Created Permission View: can delete on DAG:example_nested_branch_dag
[2025-02-04T14:07:31.589+0000] {logging_mixin.py:190} INFO - [2025-02-04T14:07:31.589+0000] {override.py:1911} INFO - Created Permission View: can read on DAG:example_nested_branch_dag
[2025-02-04T14:07:31.620+0000] {logging_mixin.py:190} INFO - [2025-02-04T14:07:31.620+0000] {override.py:1911} INFO - Created Permission View: can edit on DAG:example_nested_branch_dag
[2025-02-04T14:07:31.653+0000] {logging_mixin.py:190} INFO - [2025-02-04T14:07:31.652+0000] {override.py:1911} INFO - Created Permission View: can delete on DAG Run:example_nested_branch_dag
[2025-02-04T14:07:31.688+0000] {logging_mixin.py:190} INFO - [2025-02-04T14:07:31.687+0000] {override.py:1911} INFO - Created Permission View: menu access on DAG Run:example_nested_branch_dag
[2025-02-04T14:07:31.761+0000] {logging_mixin.py:190} INFO - [2025-02-04T14:07:31.760+0000] {override.py:1911} INFO - Created Permission View: can read on DAG Run:example_nested_branch_dag
[2025-02-04T14:07:31.812+0000] {logging_mixin.py:190} INFO - [2025-02-04T14:07:31.811+0000] {override.py:1911} INFO - Created Permission View: can create on DAG Run:example_nested_branch_dag
[2025-02-04T14:07:31.814+0000] {logging_mixin.py:190} INFO - [2025-02-04T14:07:31.814+0000] {dag.py:3239} INFO - Sync 1 DAGs
[2025-02-04T14:07:31.893+0000] {logging_mixin.py:190} INFO - [2025-02-04T14:07:31.892+0000] {dag.py:3262} INFO - Creating ORM DAG for example_nested_branch_dag
[2025-02-04T14:07:31.975+0000] {logging_mixin.py:190} INFO - [2025-02-04T14:07:31.974+0000] {dag.py:4180} INFO - Setting next_dagrun for example_nested_branch_dag to 2025-02-03 00:00:00+00:00, run_after=2025-02-04 00:00:00+00:00
[2025-02-04T14:07:32.132+0000] {processor.py:208} INFO - Processing /home/airflow/.local/lib/python3.12/site-packages/airflow/example_dags/example_nested_branch_dag.py took 1.349 seconds
[2025-02-04T14:08:31.810+0000] {processor.py:186} INFO - Started process (PID=179) to work on /home/airflow/.local/lib/python3.12/site-packages/airflow/example_dags/example_nested_branch_dag.py
[2025-02-04T14:08:31.819+0000] {processor.py:914} INFO - Processing file /home/airflow/.local/lib/python3.12/site-packages/airflow/example_dags/example_nested_branch_dag.py for tasks to queue
[2025-02-04T14:08:31.856+0000] {logging_mixin.py:190} INFO - [2025-02-04T14:08:31.854+0000] {dagbag.py:588} INFO - Filling up the DagBag from /home/airflow/.local/lib/python3.12/site-packages/airflow/example_dags/example_nested_branch_dag.py
[2025-02-04T14:08:31.918+0000] {processor.py:925} INFO - DAG(s) 'example_nested_branch_dag' retrieved from /home/airflow/.local/lib/python3.12/site-packages/airflow/example_dags/example_nested_branch_dag.py
[2025-02-04T14:08:32.070+0000] {logging_mixin.py:190} INFO - [2025-02-04T14:08:32.069+0000] {dag.py:3239} INFO - Sync 1 DAGs
[2025-02-04T14:08:32.241+0000] {logging_mixin.py:190} INFO - [2025-02-04T14:08:32.240+0000] {dag.py:4180} INFO - Setting next_dagrun for example_nested_branch_dag to 2025-02-03 00:00:00+00:00, run_after=2025-02-04 00:00:00+00:00
[2025-02-04T14:08:32.360+0000] {processor.py:208} INFO - Processing /home/airflow/.local/lib/python3.12/site-packages/airflow/example_dags/example_nested_branch_dag.py took 0.606 seconds
[2025-02-04T14:09:02.513+0000] {processor.py:186} INFO - Started process (PID=243) to work on /home/airflow/.local/lib/python3.12/site-packages/airflow/example_dags/example_nested_branch_dag.py
[2025-02-04T14:09:02.515+0000] {processor.py:914} INFO - Processing file /home/airflow/.local/lib/python3.12/site-packages/airflow/example_dags/example_nested_branch_dag.py for tasks to queue
[2025-02-04T14:09:02.520+0000] {logging_mixin.py:190} INFO - [2025-02-04T14:09:02.519+0000] {dagbag.py:588} INFO - Filling up the DagBag from /home/airflow/.local/lib/python3.12/site-packages/airflow/example_dags/example_nested_branch_dag.py
[2025-02-04T14:09:02.545+0000] {processor.py:925} INFO - DAG(s) 'example_nested_branch_dag' retrieved from /home/airflow/.local/lib/python3.12/site-packages/airflow/example_dags/example_nested_branch_dag.py
[2025-02-04T14:09:02.587+0000] {logging_mixin.py:190} INFO - [2025-02-04T14:09:02.586+0000] {dag.py:3239} INFO - Sync 1 DAGs
[2025-02-04T14:09:02.627+0000] {logging_mixin.py:190} INFO - [2025-02-04T14:09:02.626+0000] {dag.py:4180} INFO - Setting next_dagrun for example_nested_branch_dag to 2025-02-03 00:00:00+00:00, run_after=2025-02-04 00:00:00+00:00
[2025-02-04T14:09:02.665+0000] {processor.py:208} INFO - Processing /home/airflow/.local/lib/python3.12/site-packages/airflow/example_dags/example_nested_branch_dag.py took 0.165 seconds
[2025-02-04T14:09:33.631+0000] {processor.py:186} INFO - Started process (PID=306) to work on /home/airflow/.local/lib/python3.12/site-packages/airflow/example_dags/example_nested_branch_dag.py
[2025-02-04T14:09:33.634+0000] {processor.py:914} INFO - Processing file /home/airflow/.local/lib/python3.12/site-packages/airflow/example_dags/example_nested_branch_dag.py for tasks to queue
[2025-02-04T14:09:33.637+0000] {logging_mixin.py:190} INFO - [2025-02-04T14:09:33.637+0000] {dagbag.py:588} INFO - Filling up the DagBag from /home/airflow/.local/lib/python3.12/site-packages/airflow/example_dags/example_nested_branch_dag.py
[2025-02-04T14:09:33.660+0000] {processor.py:925} INFO - DAG(s) 'example_nested_branch_dag' retrieved from /home/airflow/.local/lib/python3.12/site-packages/airflow/example_dags/example_nested_branch_dag.py
[2025-02-04T14:09:33.698+0000] {logging_mixin.py:190} INFO - [2025-02-04T14:09:33.697+0000] {dag.py:3239} INFO - Sync 1 DAGs
[2025-02-04T14:09:33.744+0000] {logging_mixin.py:190} INFO - [2025-02-04T14:09:33.744+0000] {dag.py:4180} INFO - Setting next_dagrun for example_nested_branch_dag to 2025-02-03 00:00:00+00:00, run_after=2025-02-04 00:00:00+00:00
[2025-02-04T14:09:33.780+0000] {processor.py:208} INFO - Processing /home/airflow/.local/lib/python3.12/site-packages/airflow/example_dags/example_nested_branch_dag.py took 0.158 seconds
[2025-02-04T14:10:04.404+0000] {processor.py:186} INFO - Started process (PID=370) to work on /home/airflow/.local/lib/python3.12/site-packages/airflow/example_dags/example_nested_branch_dag.py
[2025-02-04T14:10:04.410+0000] {processor.py:914} INFO - Processing file /home/airflow/.local/lib/python3.12/site-packages/airflow/example_dags/example_nested_branch_dag.py for tasks to queue
[2025-02-04T14:10:04.420+0000] {logging_mixin.py:190} INFO - [2025-02-04T14:10:04.419+0000] {dagbag.py:588} INFO - Filling up the DagBag from /home/airflow/.local/lib/python3.12/site-packages/airflow/example_dags/example_nested_branch_dag.py
[2025-02-04T14:10:04.465+0000] {processor.py:925} INFO - DAG(s) 'example_nested_branch_dag' retrieved from /home/airflow/.local/lib/python3.12/site-packages/airflow/example_dags/example_nested_branch_dag.py
[2025-02-04T14:10:04.540+0000] {logging_mixin.py:190} INFO - [2025-02-04T14:10:04.539+0000] {dag.py:3239} INFO - Sync 1 DAGs
[2025-02-04T14:10:04.609+0000] {logging_mixin.py:190} INFO - [2025-02-04T14:10:04.608+0000] {dag.py:4180} INFO - Setting next_dagrun for example_nested_branch_dag to 2025-02-03 00:00:00+00:00, run_after=2025-02-04 00:00:00+00:00
[2025-02-04T14:10:04.646+0000] {processor.py:208} INFO - Processing /home/airflow/.local/lib/python3.12/site-packages/airflow/example_dags/example_nested_branch_dag.py took 0.260 seconds
[2025-02-04T14:10:50.848+0000] {processor.py:186} INFO - Started process (PID=434) to work on /home/airflow/.local/lib/python3.12/site-packages/airflow/example_dags/example_nested_branch_dag.py
[2025-02-04T14:10:50.850+0000] {processor.py:914} INFO - Processing file /home/airflow/.local/lib/python3.12/site-packages/airflow/example_dags/example_nested_branch_dag.py for tasks to queue
[2025-02-04T14:10:50.855+0000] {logging_mixin.py:190} INFO - [2025-02-04T14:10:50.855+0000] {dagbag.py:588} INFO - Filling up the DagBag from /home/airflow/.local/lib/python3.12/site-packages/airflow/example_dags/example_nested_branch_dag.py
[2025-02-04T14:10:50.880+0000] {processor.py:925} INFO - DAG(s) 'example_nested_branch_dag' retrieved from /home/airflow/.local/lib/python3.12/site-packages/airflow/example_dags/example_nested_branch_dag.py
[2025-02-04T14:10:50.930+0000] {logging_mixin.py:190} INFO - [2025-02-04T14:10:50.929+0000] {dag.py:3239} INFO - Sync 1 DAGs
[2025-02-04T14:10:50.988+0000] {logging_mixin.py:190} INFO - [2025-02-04T14:10:50.987+0000] {dag.py:4180} INFO - Setting next_dagrun for example_nested_branch_dag to 2025-02-03 00:00:00+00:00, run_after=2025-02-04 00:00:00+00:00
[2025-02-04T14:10:51.035+0000] {processor.py:208} INFO - Processing /home/airflow/.local/lib/python3.12/site-packages/airflow/example_dags/example_nested_branch_dag.py took 0.200 seconds
[2025-02-04T14:11:25.996+0000] {processor.py:186} INFO - Started process (PID=498) to work on /home/airflow/.local/lib/python3.12/site-packages/airflow/example_dags/example_nested_branch_dag.py
[2025-02-04T14:11:26.002+0000] {processor.py:914} INFO - Processing file /home/airflow/.local/lib/python3.12/site-packages/airflow/example_dags/example_nested_branch_dag.py for tasks to queue
[2025-02-04T14:11:26.018+0000] {logging_mixin.py:190} INFO - [2025-02-04T14:11:26.017+0000] {dagbag.py:588} INFO - Filling up the DagBag from /home/airflow/.local/lib/python3.12/site-packages/airflow/example_dags/example_nested_branch_dag.py
[2025-02-04T14:11:26.059+0000] {processor.py:925} INFO - DAG(s) 'example_nested_branch_dag' retrieved from /home/airflow/.local/lib/python3.12/site-packages/airflow/example_dags/example_nested_branch_dag.py
[2025-02-04T14:11:26.111+0000] {logging_mixin.py:190} INFO - [2025-02-04T14:11:26.111+0000] {dag.py:3239} INFO - Sync 1 DAGs
[2025-02-04T14:11:26.177+0000] {logging_mixin.py:190} INFO - [2025-02-04T14:11:26.177+0000] {dag.py:4180} INFO - Setting next_dagrun for example_nested_branch_dag to 2025-02-03 00:00:00+00:00, run_after=2025-02-04 00:00:00+00:00
[2025-02-04T14:11:26.238+0000] {processor.py:208} INFO - Processing /home/airflow/.local/lib/python3.12/site-packages/airflow/example_dags/example_nested_branch_dag.py took 0.264 seconds
[2025-02-04T14:18:39.435+0000] {processor.py:186} INFO - Started process (PID=95) to work on /home/airflow/.local/lib/python3.12/site-packages/airflow/example_dags/example_nested_branch_dag.py
[2025-02-04T14:18:39.438+0000] {processor.py:914} INFO - Processing file /home/airflow/.local/lib/python3.12/site-packages/airflow/example_dags/example_nested_branch_dag.py for tasks to queue
[2025-02-04T14:18:39.442+0000] {logging_mixin.py:190} INFO - [2025-02-04T14:18:39.441+0000] {dagbag.py:588} INFO - Filling up the DagBag from /home/airflow/.local/lib/python3.12/site-packages/airflow/example_dags/example_nested_branch_dag.py
[2025-02-04T14:18:39.466+0000] {processor.py:925} INFO - DAG(s) 'example_nested_branch_dag' retrieved from /home/airflow/.local/lib/python3.12/site-packages/airflow/example_dags/example_nested_branch_dag.py
[2025-02-04T14:18:39.512+0000] {logging_mixin.py:190} INFO - [2025-02-04T14:18:39.511+0000] {dag.py:3239} INFO - Sync 1 DAGs
[2025-02-04T14:18:39.564+0000] {logging_mixin.py:190} INFO - [2025-02-04T14:18:39.564+0000] {dag.py:4180} INFO - Setting next_dagrun for example_nested_branch_dag to 2025-02-03 00:00:00+00:00, run_after=2025-02-04 00:00:00+00:00
[2025-02-04T14:18:39.605+0000] {processor.py:208} INFO - Processing /home/airflow/.local/lib/python3.12/site-packages/airflow/example_dags/example_nested_branch_dag.py took 0.182 seconds
[2025-02-04T14:19:09.919+0000] {processor.py:186} INFO - Started process (PID=159) to work on /home/airflow/.local/lib/python3.12/site-packages/airflow/example_dags/example_nested_branch_dag.py
[2025-02-04T14:19:09.921+0000] {processor.py:914} INFO - Processing file /home/airflow/.local/lib/python3.12/site-packages/airflow/example_dags/example_nested_branch_dag.py for tasks to queue
[2025-02-04T14:19:09.926+0000] {logging_mixin.py:190} INFO - [2025-02-04T14:19:09.926+0000] {dagbag.py:588} INFO - Filling up the DagBag from /home/airflow/.local/lib/python3.12/site-packages/airflow/example_dags/example_nested_branch_dag.py
[2025-02-04T14:19:09.956+0000] {processor.py:925} INFO - DAG(s) 'example_nested_branch_dag' retrieved from /home/airflow/.local/lib/python3.12/site-packages/airflow/example_dags/example_nested_branch_dag.py
[2025-02-04T14:19:10.041+0000] {logging_mixin.py:190} INFO - [2025-02-04T14:19:10.041+0000] {dag.py:3239} INFO - Sync 1 DAGs
[2025-02-04T14:19:10.164+0000] {logging_mixin.py:190} INFO - [2025-02-04T14:19:10.164+0000] {dag.py:4180} INFO - Setting next_dagrun for example_nested_branch_dag to 2025-02-03 00:00:00+00:00, run_after=2025-02-04 00:00:00+00:00
[2025-02-04T14:19:10.231+0000] {processor.py:208} INFO - Processing /home/airflow/.local/lib/python3.12/site-packages/airflow/example_dags/example_nested_branch_dag.py took 0.324 seconds
[2025-02-04T14:19:42.146+0000] {processor.py:186} INFO - Started process (PID=229) to work on /home/airflow/.local/lib/python3.12/site-packages/airflow/example_dags/example_nested_branch_dag.py
[2025-02-04T14:19:42.161+0000] {processor.py:914} INFO - Processing file /home/airflow/.local/lib/python3.12/site-packages/airflow/example_dags/example_nested_branch_dag.py for tasks to queue
[2025-02-04T14:19:42.165+0000] {logging_mixin.py:190} INFO - [2025-02-04T14:19:42.164+0000] {dagbag.py:588} INFO - Filling up the DagBag from /home/airflow/.local/lib/python3.12/site-packages/airflow/example_dags/example_nested_branch_dag.py
[2025-02-04T14:19:42.251+0000] {processor.py:925} INFO - DAG(s) 'example_nested_branch_dag' retrieved from /home/airflow/.local/lib/python3.12/site-packages/airflow/example_dags/example_nested_branch_dag.py
[2025-02-04T14:19:42.387+0000] {logging_mixin.py:190} INFO - [2025-02-04T14:19:42.386+0000] {dag.py:3239} INFO - Sync 1 DAGs
[2025-02-04T14:19:42.501+0000] {logging_mixin.py:190} INFO - [2025-02-04T14:19:42.501+0000] {dag.py:4180} INFO - Setting next_dagrun for example_nested_branch_dag to 2025-02-03 00:00:00+00:00, run_after=2025-02-04 00:00:00+00:00
[2025-02-04T14:19:42.560+0000] {processor.py:208} INFO - Processing /home/airflow/.local/lib/python3.12/site-packages/airflow/example_dags/example_nested_branch_dag.py took 0.453 seconds
[2025-02-04T14:20:13.609+0000] {processor.py:186} INFO - Started process (PID=300) to work on /home/airflow/.local/lib/python3.12/site-packages/airflow/example_dags/example_nested_branch_dag.py
[2025-02-04T14:20:13.611+0000] {processor.py:914} INFO - Processing file /home/airflow/.local/lib/python3.12/site-packages/airflow/example_dags/example_nested_branch_dag.py for tasks to queue
[2025-02-04T14:20:13.613+0000] {logging_mixin.py:190} INFO - [2025-02-04T14:20:13.612+0000] {dagbag.py:588} INFO - Filling up the DagBag from /home/airflow/.local/lib/python3.12/site-packages/airflow/example_dags/example_nested_branch_dag.py
[2025-02-04T14:20:13.637+0000] {processor.py:925} INFO - DAG(s) 'example_nested_branch_dag' retrieved from /home/airflow/.local/lib/python3.12/site-packages/airflow/example_dags/example_nested_branch_dag.py
[2025-02-04T14:20:13.677+0000] {logging_mixin.py:190} INFO - [2025-02-04T14:20:13.677+0000] {dag.py:3239} INFO - Sync 1 DAGs
[2025-02-04T14:20:13.733+0000] {logging_mixin.py:190} INFO - [2025-02-04T14:20:13.733+0000] {dag.py:4180} INFO - Setting next_dagrun for example_nested_branch_dag to 2025-02-03 00:00:00+00:00, run_after=2025-02-04 00:00:00+00:00
[2025-02-04T14:20:13.780+0000] {processor.py:208} INFO - Processing /home/airflow/.local/lib/python3.12/site-packages/airflow/example_dags/example_nested_branch_dag.py took 0.184 seconds
[2025-02-04T14:20:52.371+0000] {processor.py:186} INFO - Started process (PID=370) to work on /home/airflow/.local/lib/python3.12/site-packages/airflow/example_dags/example_nested_branch_dag.py
[2025-02-04T14:20:52.373+0000] {processor.py:914} INFO - Processing file /home/airflow/.local/lib/python3.12/site-packages/airflow/example_dags/example_nested_branch_dag.py for tasks to queue
[2025-02-04T14:20:52.376+0000] {logging_mixin.py:190} INFO - [2025-02-04T14:20:52.375+0000] {dagbag.py:588} INFO - Filling up the DagBag from /home/airflow/.local/lib/python3.12/site-packages/airflow/example_dags/example_nested_branch_dag.py
[2025-02-04T14:20:52.402+0000] {processor.py:925} INFO - DAG(s) 'example_nested_branch_dag' retrieved from /home/airflow/.local/lib/python3.12/site-packages/airflow/example_dags/example_nested_branch_dag.py
[2025-02-04T14:20:52.512+0000] {logging_mixin.py:190} INFO - [2025-02-04T14:20:52.511+0000] {dag.py:3239} INFO - Sync 1 DAGs
[2025-02-04T14:20:52.593+0000] {logging_mixin.py:190} INFO - [2025-02-04T14:20:52.592+0000] {dag.py:4180} INFO - Setting next_dagrun for example_nested_branch_dag to 2025-02-03 00:00:00+00:00, run_after=2025-02-04 00:00:00+00:00
[2025-02-04T14:20:52.661+0000] {processor.py:208} INFO - Processing /home/airflow/.local/lib/python3.12/site-packages/airflow/example_dags/example_nested_branch_dag.py took 0.299 seconds
[2025-02-04T14:21:22.998+0000] {processor.py:186} INFO - Started process (PID=443) to work on /home/airflow/.local/lib/python3.12/site-packages/airflow/example_dags/example_nested_branch_dag.py
[2025-02-04T14:21:23.003+0000] {processor.py:914} INFO - Processing file /home/airflow/.local/lib/python3.12/site-packages/airflow/example_dags/example_nested_branch_dag.py for tasks to queue
[2025-02-04T14:21:23.027+0000] {logging_mixin.py:190} INFO - [2025-02-04T14:21:23.026+0000] {dagbag.py:588} INFO - Filling up the DagBag from /home/airflow/.local/lib/python3.12/site-packages/airflow/example_dags/example_nested_branch_dag.py
[2025-02-04T14:21:23.111+0000] {processor.py:925} INFO - DAG(s) 'example_nested_branch_dag' retrieved from /home/airflow/.local/lib/python3.12/site-packages/airflow/example_dags/example_nested_branch_dag.py
[2025-02-04T14:21:23.193+0000] {logging_mixin.py:190} INFO - [2025-02-04T14:21:23.192+0000] {dag.py:3239} INFO - Sync 1 DAGs
[2025-02-04T14:21:23.255+0000] {logging_mixin.py:190} INFO - [2025-02-04T14:21:23.255+0000] {dag.py:4180} INFO - Setting next_dagrun for example_nested_branch_dag to 2025-02-03 00:00:00+00:00, run_after=2025-02-04 00:00:00+00:00
[2025-02-04T14:21:23.300+0000] {processor.py:208} INFO - Processing /home/airflow/.local/lib/python3.12/site-packages/airflow/example_dags/example_nested_branch_dag.py took 0.327 seconds
[2025-02-04T14:21:55.979+0000] {processor.py:186} INFO - Started process (PID=508) to work on /home/airflow/.local/lib/python3.12/site-packages/airflow/example_dags/example_nested_branch_dag.py
[2025-02-04T14:21:55.981+0000] {processor.py:914} INFO - Processing file /home/airflow/.local/lib/python3.12/site-packages/airflow/example_dags/example_nested_branch_dag.py for tasks to queue
[2025-02-04T14:21:55.984+0000] {logging_mixin.py:190} INFO - [2025-02-04T14:21:55.983+0000] {dagbag.py:588} INFO - Filling up the DagBag from /home/airflow/.local/lib/python3.12/site-packages/airflow/example_dags/example_nested_branch_dag.py
[2025-02-04T14:21:56.011+0000] {processor.py:925} INFO - DAG(s) 'example_nested_branch_dag' retrieved from /home/airflow/.local/lib/python3.12/site-packages/airflow/example_dags/example_nested_branch_dag.py
[2025-02-04T14:21:56.119+0000] {logging_mixin.py:190} INFO - [2025-02-04T14:21:56.119+0000] {dag.py:3239} INFO - Sync 1 DAGs
[2025-02-04T14:21:56.165+0000] {logging_mixin.py:190} INFO - [2025-02-04T14:21:56.165+0000] {dag.py:4180} INFO - Setting next_dagrun for example_nested_branch_dag to 2025-02-03 00:00:00+00:00, run_after=2025-02-04 00:00:00+00:00
[2025-02-04T14:21:56.197+0000] {processor.py:208} INFO - Processing /home/airflow/.local/lib/python3.12/site-packages/airflow/example_dags/example_nested_branch_dag.py took 0.232 seconds
[2025-02-04T14:22:27.188+0000] {processor.py:186} INFO - Started process (PID=581) to work on /home/airflow/.local/lib/python3.12/site-packages/airflow/example_dags/example_nested_branch_dag.py
[2025-02-04T14:22:27.191+0000] {processor.py:914} INFO - Processing file /home/airflow/.local/lib/python3.12/site-packages/airflow/example_dags/example_nested_branch_dag.py for tasks to queue
[2025-02-04T14:22:27.194+0000] {logging_mixin.py:190} INFO - [2025-02-04T14:22:27.193+0000] {dagbag.py:588} INFO - Filling up the DagBag from /home/airflow/.local/lib/python3.12/site-packages/airflow/example_dags/example_nested_branch_dag.py
[2025-02-04T14:22:27.220+0000] {processor.py:925} INFO - DAG(s) 'example_nested_branch_dag' retrieved from /home/airflow/.local/lib/python3.12/site-packages/airflow/example_dags/example_nested_branch_dag.py
[2025-02-04T14:22:27.261+0000] {logging_mixin.py:190} INFO - [2025-02-04T14:22:27.260+0000] {dag.py:3239} INFO - Sync 1 DAGs
[2025-02-04T14:22:27.313+0000] {logging_mixin.py:190} INFO - [2025-02-04T14:22:27.312+0000] {dag.py:4180} INFO - Setting next_dagrun for example_nested_branch_dag to 2025-02-03 00:00:00+00:00, run_after=2025-02-04 00:00:00+00:00
[2025-02-04T14:22:27.349+0000] {processor.py:208} INFO - Processing /home/airflow/.local/lib/python3.12/site-packages/airflow/example_dags/example_nested_branch_dag.py took 0.175 seconds
[2025-02-04T14:22:58.494+0000] {processor.py:186} INFO - Started process (PID=648) to work on /home/airflow/.local/lib/python3.12/site-packages/airflow/example_dags/example_nested_branch_dag.py
[2025-02-04T14:22:58.496+0000] {processor.py:914} INFO - Processing file /home/airflow/.local/lib/python3.12/site-packages/airflow/example_dags/example_nested_branch_dag.py for tasks to queue
[2025-02-04T14:22:58.498+0000] {logging_mixin.py:190} INFO - [2025-02-04T14:22:58.497+0000] {dagbag.py:588} INFO - Filling up the DagBag from /home/airflow/.local/lib/python3.12/site-packages/airflow/example_dags/example_nested_branch_dag.py
[2025-02-04T14:22:58.517+0000] {processor.py:925} INFO - DAG(s) 'example_nested_branch_dag' retrieved from /home/airflow/.local/lib/python3.12/site-packages/airflow/example_dags/example_nested_branch_dag.py
[2025-02-04T14:22:58.555+0000] {logging_mixin.py:190} INFO - [2025-02-04T14:22:58.554+0000] {dag.py:3239} INFO - Sync 1 DAGs
[2025-02-04T14:22:58.602+0000] {logging_mixin.py:190} INFO - [2025-02-04T14:22:58.601+0000] {dag.py:4180} INFO - Setting next_dagrun for example_nested_branch_dag to 2025-02-03 00:00:00+00:00, run_after=2025-02-04 00:00:00+00:00
[2025-02-04T14:22:58.687+0000] {processor.py:208} INFO - Processing /home/airflow/.local/lib/python3.12/site-packages/airflow/example_dags/example_nested_branch_dag.py took 0.202 seconds
[2025-02-04T14:23:29.749+0000] {processor.py:186} INFO - Started process (PID=711) to work on /home/airflow/.local/lib/python3.12/site-packages/airflow/example_dags/example_nested_branch_dag.py
[2025-02-04T14:23:29.752+0000] {processor.py:914} INFO - Processing file /home/airflow/.local/lib/python3.12/site-packages/airflow/example_dags/example_nested_branch_dag.py for tasks to queue
[2025-02-04T14:23:29.755+0000] {logging_mixin.py:190} INFO - [2025-02-04T14:23:29.755+0000] {dagbag.py:588} INFO - Filling up the DagBag from /home/airflow/.local/lib/python3.12/site-packages/airflow/example_dags/example_nested_branch_dag.py
[2025-02-04T14:23:29.783+0000] {processor.py:925} INFO - DAG(s) 'example_nested_branch_dag' retrieved from /home/airflow/.local/lib/python3.12/site-packages/airflow/example_dags/example_nested_branch_dag.py
[2025-02-04T14:23:29.826+0000] {logging_mixin.py:190} INFO - [2025-02-04T14:23:29.825+0000] {dag.py:3239} INFO - Sync 1 DAGs
[2025-02-04T14:23:29.877+0000] {logging_mixin.py:190} INFO - [2025-02-04T14:23:29.876+0000] {dag.py:4180} INFO - Setting next_dagrun for example_nested_branch_dag to 2025-02-03 00:00:00+00:00, run_after=2025-02-04 00:00:00+00:00
[2025-02-04T14:23:29.936+0000] {processor.py:208} INFO - Processing /home/airflow/.local/lib/python3.12/site-packages/airflow/example_dags/example_nested_branch_dag.py took 0.200 seconds
[2025-02-04T14:24:00.079+0000] {processor.py:186} INFO - Started process (PID=774) to work on /home/airflow/.local/lib/python3.12/site-packages/airflow/example_dags/example_nested_branch_dag.py
[2025-02-04T14:24:00.081+0000] {processor.py:914} INFO - Processing file /home/airflow/.local/lib/python3.12/site-packages/airflow/example_dags/example_nested_branch_dag.py for tasks to queue
[2025-02-04T14:24:00.084+0000] {logging_mixin.py:190} INFO - [2025-02-04T14:24:00.083+0000] {dagbag.py:588} INFO - Filling up the DagBag from /home/airflow/.local/lib/python3.12/site-packages/airflow/example_dags/example_nested_branch_dag.py
[2025-02-04T14:24:00.103+0000] {processor.py:925} INFO - DAG(s) 'example_nested_branch_dag' retrieved from /home/airflow/.local/lib/python3.12/site-packages/airflow/example_dags/example_nested_branch_dag.py
[2025-02-04T14:24:00.142+0000] {logging_mixin.py:190} INFO - [2025-02-04T14:24:00.142+0000] {dag.py:3239} INFO - Sync 1 DAGs
[2025-02-04T14:24:00.204+0000] {logging_mixin.py:190} INFO - [2025-02-04T14:24:00.203+0000] {dag.py:4180} INFO - Setting next_dagrun for example_nested_branch_dag to 2025-02-03 00:00:00+00:00, run_after=2025-02-04 00:00:00+00:00
[2025-02-04T14:24:00.243+0000] {processor.py:208} INFO - Processing /home/airflow/.local/lib/python3.12/site-packages/airflow/example_dags/example_nested_branch_dag.py took 0.175 seconds
[2025-02-04T14:24:42.545+0000] {processor.py:186} INFO - Started process (PID=849) to work on /home/airflow/.local/lib/python3.12/site-packages/airflow/example_dags/example_nested_branch_dag.py
[2025-02-04T14:24:42.547+0000] {processor.py:914} INFO - Processing file /home/airflow/.local/lib/python3.12/site-packages/airflow/example_dags/example_nested_branch_dag.py for tasks to queue
[2025-02-04T14:24:42.550+0000] {logging_mixin.py:190} INFO - [2025-02-04T14:24:42.549+0000] {dagbag.py:588} INFO - Filling up the DagBag from /home/airflow/.local/lib/python3.12/site-packages/airflow/example_dags/example_nested_branch_dag.py
[2025-02-04T14:24:42.607+0000] {processor.py:925} INFO - DAG(s) 'example_nested_branch_dag' retrieved from /home/airflow/.local/lib/python3.12/site-packages/airflow/example_dags/example_nested_branch_dag.py
[2025-02-04T14:24:42.704+0000] {logging_mixin.py:190} INFO - [2025-02-04T14:24:42.703+0000] {dag.py:3239} INFO - Sync 1 DAGs
[2025-02-04T14:24:42.900+0000] {logging_mixin.py:190} INFO - [2025-02-04T14:24:42.899+0000] {dag.py:4180} INFO - Setting next_dagrun for example_nested_branch_dag to 2025-02-03 00:00:00+00:00, run_after=2025-02-04 00:00:00+00:00
[2025-02-04T14:24:42.981+0000] {processor.py:208} INFO - Processing /home/airflow/.local/lib/python3.12/site-packages/airflow/example_dags/example_nested_branch_dag.py took 0.456 seconds
[2025-02-04T14:32:48.898+0000] {processor.py:186} INFO - Started process (PID=113) to work on /home/airflow/.local/lib/python3.12/site-packages/airflow/example_dags/example_nested_branch_dag.py
[2025-02-04T14:32:48.916+0000] {processor.py:914} INFO - Processing file /home/airflow/.local/lib/python3.12/site-packages/airflow/example_dags/example_nested_branch_dag.py for tasks to queue
[2025-02-04T14:32:48.924+0000] {logging_mixin.py:190} INFO - [2025-02-04T14:32:48.923+0000] {dagbag.py:588} INFO - Filling up the DagBag from /home/airflow/.local/lib/python3.12/site-packages/airflow/example_dags/example_nested_branch_dag.py
[2025-02-04T14:32:48.959+0000] {processor.py:925} INFO - DAG(s) 'example_nested_branch_dag' retrieved from /home/airflow/.local/lib/python3.12/site-packages/airflow/example_dags/example_nested_branch_dag.py
[2025-02-04T14:32:49.942+0000] {logging_mixin.py:190} INFO - [2025-02-04T14:32:49.940+0000] {override.py:1911} INFO - Created Permission View: can delete on DAG:example_nested_branch_dag
[2025-02-04T14:32:50.039+0000] {logging_mixin.py:190} INFO - [2025-02-04T14:32:50.039+0000] {override.py:1911} INFO - Created Permission View: can read on DAG:example_nested_branch_dag
[2025-02-04T14:32:50.089+0000] {logging_mixin.py:190} INFO - [2025-02-04T14:32:50.088+0000] {override.py:1911} INFO - Created Permission View: can edit on DAG:example_nested_branch_dag
[2025-02-04T14:32:50.130+0000] {logging_mixin.py:190} INFO - [2025-02-04T14:32:50.128+0000] {override.py:1911} INFO - Created Permission View: can create on DAG Run:example_nested_branch_dag
[2025-02-04T14:32:50.163+0000] {logging_mixin.py:190} INFO - [2025-02-04T14:32:50.162+0000] {override.py:1911} INFO - Created Permission View: can delete on DAG Run:example_nested_branch_dag
[2025-02-04T14:32:50.216+0000] {logging_mixin.py:190} INFO - [2025-02-04T14:32:50.215+0000] {override.py:1911} INFO - Created Permission View: can read on DAG Run:example_nested_branch_dag
[2025-02-04T14:32:50.270+0000] {logging_mixin.py:190} INFO - [2025-02-04T14:32:50.269+0000] {override.py:1911} INFO - Created Permission View: menu access on DAG Run:example_nested_branch_dag
[2025-02-04T14:32:50.273+0000] {logging_mixin.py:190} INFO - [2025-02-04T14:32:50.273+0000] {dag.py:3239} INFO - Sync 1 DAGs
[2025-02-04T14:32:50.363+0000] {logging_mixin.py:190} INFO - [2025-02-04T14:32:50.362+0000] {dag.py:3262} INFO - Creating ORM DAG for example_nested_branch_dag
[2025-02-04T14:32:50.434+0000] {logging_mixin.py:190} INFO - [2025-02-04T14:32:50.433+0000] {dag.py:4180} INFO - Setting next_dagrun for example_nested_branch_dag to 2025-02-03 00:00:00+00:00, run_after=2025-02-04 00:00:00+00:00
[2025-02-04T14:32:50.520+0000] {processor.py:208} INFO - Processing /home/airflow/.local/lib/python3.12/site-packages/airflow/example_dags/example_nested_branch_dag.py took 1.655 seconds
[2025-02-04T14:33:20.785+0000] {processor.py:186} INFO - Started process (PID=177) to work on /home/airflow/.local/lib/python3.12/site-packages/airflow/example_dags/example_nested_branch_dag.py
[2025-02-04T14:33:20.787+0000] {processor.py:914} INFO - Processing file /home/airflow/.local/lib/python3.12/site-packages/airflow/example_dags/example_nested_branch_dag.py for tasks to queue
[2025-02-04T14:33:20.790+0000] {logging_mixin.py:190} INFO - [2025-02-04T14:33:20.790+0000] {dagbag.py:588} INFO - Filling up the DagBag from /home/airflow/.local/lib/python3.12/site-packages/airflow/example_dags/example_nested_branch_dag.py
[2025-02-04T14:33:20.815+0000] {processor.py:925} INFO - DAG(s) 'example_nested_branch_dag' retrieved from /home/airflow/.local/lib/python3.12/site-packages/airflow/example_dags/example_nested_branch_dag.py
[2025-02-04T14:33:20.868+0000] {logging_mixin.py:190} INFO - [2025-02-04T14:33:20.867+0000] {dag.py:3239} INFO - Sync 1 DAGs
[2025-02-04T14:33:20.939+0000] {logging_mixin.py:190} INFO - [2025-02-04T14:33:20.938+0000] {dag.py:4180} INFO - Setting next_dagrun for example_nested_branch_dag to 2025-02-03 00:00:00+00:00, run_after=2025-02-04 00:00:00+00:00
[2025-02-04T14:33:20.987+0000] {processor.py:208} INFO - Processing /home/airflow/.local/lib/python3.12/site-packages/airflow/example_dags/example_nested_branch_dag.py took 0.211 seconds
[2025-02-04T14:33:51.113+0000] {processor.py:186} INFO - Started process (PID=241) to work on /home/airflow/.local/lib/python3.12/site-packages/airflow/example_dags/example_nested_branch_dag.py
[2025-02-04T14:33:51.115+0000] {processor.py:914} INFO - Processing file /home/airflow/.local/lib/python3.12/site-packages/airflow/example_dags/example_nested_branch_dag.py for tasks to queue
[2025-02-04T14:33:51.119+0000] {logging_mixin.py:190} INFO - [2025-02-04T14:33:51.118+0000] {dagbag.py:588} INFO - Filling up the DagBag from /home/airflow/.local/lib/python3.12/site-packages/airflow/example_dags/example_nested_branch_dag.py
[2025-02-04T14:33:51.137+0000] {processor.py:925} INFO - DAG(s) 'example_nested_branch_dag' retrieved from /home/airflow/.local/lib/python3.12/site-packages/airflow/example_dags/example_nested_branch_dag.py
[2025-02-04T14:33:51.184+0000] {logging_mixin.py:190} INFO - [2025-02-04T14:33:51.184+0000] {dag.py:3239} INFO - Sync 1 DAGs
[2025-02-04T14:33:51.229+0000] {logging_mixin.py:190} INFO - [2025-02-04T14:33:51.229+0000] {dag.py:4180} INFO - Setting next_dagrun for example_nested_branch_dag to 2025-02-03 00:00:00+00:00, run_after=2025-02-04 00:00:00+00:00
[2025-02-04T14:33:51.268+0000] {processor.py:208} INFO - Processing /home/airflow/.local/lib/python3.12/site-packages/airflow/example_dags/example_nested_branch_dag.py took 0.166 seconds
[2025-02-04T14:34:21.923+0000] {processor.py:186} INFO - Started process (PID=305) to work on /home/airflow/.local/lib/python3.12/site-packages/airflow/example_dags/example_nested_branch_dag.py
[2025-02-04T14:34:21.925+0000] {processor.py:914} INFO - Processing file /home/airflow/.local/lib/python3.12/site-packages/airflow/example_dags/example_nested_branch_dag.py for tasks to queue
[2025-02-04T14:34:21.929+0000] {logging_mixin.py:190} INFO - [2025-02-04T14:34:21.928+0000] {dagbag.py:588} INFO - Filling up the DagBag from /home/airflow/.local/lib/python3.12/site-packages/airflow/example_dags/example_nested_branch_dag.py
[2025-02-04T14:34:21.956+0000] {processor.py:925} INFO - DAG(s) 'example_nested_branch_dag' retrieved from /home/airflow/.local/lib/python3.12/site-packages/airflow/example_dags/example_nested_branch_dag.py
[2025-02-04T14:34:22.039+0000] {logging_mixin.py:190} INFO - [2025-02-04T14:34:22.038+0000] {dag.py:3239} INFO - Sync 1 DAGs
[2025-02-04T14:34:22.148+0000] {logging_mixin.py:190} INFO - [2025-02-04T14:34:22.147+0000] {dag.py:4180} INFO - Setting next_dagrun for example_nested_branch_dag to 2025-02-03 00:00:00+00:00, run_after=2025-02-04 00:00:00+00:00
[2025-02-04T14:34:22.206+0000] {processor.py:208} INFO - Processing /home/airflow/.local/lib/python3.12/site-packages/airflow/example_dags/example_nested_branch_dag.py took 0.292 seconds
[2025-02-04T14:34:53.145+0000] {processor.py:186} INFO - Started process (PID=369) to work on /home/airflow/.local/lib/python3.12/site-packages/airflow/example_dags/example_nested_branch_dag.py
[2025-02-04T14:34:53.147+0000] {processor.py:914} INFO - Processing file /home/airflow/.local/lib/python3.12/site-packages/airflow/example_dags/example_nested_branch_dag.py for tasks to queue
[2025-02-04T14:34:53.163+0000] {logging_mixin.py:190} INFO - [2025-02-04T14:34:53.162+0000] {dagbag.py:588} INFO - Filling up the DagBag from /home/airflow/.local/lib/python3.12/site-packages/airflow/example_dags/example_nested_branch_dag.py
[2025-02-04T14:34:53.187+0000] {processor.py:925} INFO - DAG(s) 'example_nested_branch_dag' retrieved from /home/airflow/.local/lib/python3.12/site-packages/airflow/example_dags/example_nested_branch_dag.py
[2025-02-04T14:34:53.243+0000] {logging_mixin.py:190} INFO - [2025-02-04T14:34:53.241+0000] {dag.py:3239} INFO - Sync 1 DAGs
[2025-02-04T14:34:53.313+0000] {logging_mixin.py:190} INFO - [2025-02-04T14:34:53.313+0000] {dag.py:4180} INFO - Setting next_dagrun for example_nested_branch_dag to 2025-02-03 00:00:00+00:00, run_after=2025-02-04 00:00:00+00:00
[2025-02-04T14:34:53.388+0000] {processor.py:208} INFO - Processing /home/airflow/.local/lib/python3.12/site-packages/airflow/example_dags/example_nested_branch_dag.py took 0.264 seconds
[2025-02-04T14:35:23.745+0000] {processor.py:186} INFO - Started process (PID=433) to work on /home/airflow/.local/lib/python3.12/site-packages/airflow/example_dags/example_nested_branch_dag.py
[2025-02-04T14:35:23.747+0000] {processor.py:914} INFO - Processing file /home/airflow/.local/lib/python3.12/site-packages/airflow/example_dags/example_nested_branch_dag.py for tasks to queue
[2025-02-04T14:35:23.755+0000] {logging_mixin.py:190} INFO - [2025-02-04T14:35:23.752+0000] {dagbag.py:588} INFO - Filling up the DagBag from /home/airflow/.local/lib/python3.12/site-packages/airflow/example_dags/example_nested_branch_dag.py
[2025-02-04T14:35:23.791+0000] {processor.py:925} INFO - DAG(s) 'example_nested_branch_dag' retrieved from /home/airflow/.local/lib/python3.12/site-packages/airflow/example_dags/example_nested_branch_dag.py
[2025-02-04T14:35:23.853+0000] {logging_mixin.py:190} INFO - [2025-02-04T14:35:23.853+0000] {dag.py:3239} INFO - Sync 1 DAGs
[2025-02-04T14:35:23.904+0000] {logging_mixin.py:190} INFO - [2025-02-04T14:35:23.903+0000] {dag.py:4180} INFO - Setting next_dagrun for example_nested_branch_dag to 2025-02-03 00:00:00+00:00, run_after=2025-02-04 00:00:00+00:00
[2025-02-04T14:35:23.939+0000] {processor.py:208} INFO - Processing /home/airflow/.local/lib/python3.12/site-packages/airflow/example_dags/example_nested_branch_dag.py took 0.208 seconds
[2025-02-04T14:35:56.331+0000] {processor.py:186} INFO - Started process (PID=495) to work on /home/airflow/.local/lib/python3.12/site-packages/airflow/example_dags/example_nested_branch_dag.py
[2025-02-04T14:35:56.333+0000] {processor.py:914} INFO - Processing file /home/airflow/.local/lib/python3.12/site-packages/airflow/example_dags/example_nested_branch_dag.py for tasks to queue
[2025-02-04T14:35:56.338+0000] {logging_mixin.py:190} INFO - [2025-02-04T14:35:56.338+0000] {dagbag.py:588} INFO - Filling up the DagBag from /home/airflow/.local/lib/python3.12/site-packages/airflow/example_dags/example_nested_branch_dag.py
[2025-02-04T14:35:56.376+0000] {processor.py:925} INFO - DAG(s) 'example_nested_branch_dag' retrieved from /home/airflow/.local/lib/python3.12/site-packages/airflow/example_dags/example_nested_branch_dag.py
[2025-02-04T14:35:56.453+0000] {logging_mixin.py:190} INFO - [2025-02-04T14:35:56.452+0000] {dag.py:3239} INFO - Sync 1 DAGs
[2025-02-04T14:35:56.543+0000] {logging_mixin.py:190} INFO - [2025-02-04T14:35:56.542+0000] {dag.py:4180} INFO - Setting next_dagrun for example_nested_branch_dag to 2025-02-03 00:00:00+00:00, run_after=2025-02-04 00:00:00+00:00
[2025-02-04T14:35:56.602+0000] {processor.py:208} INFO - Processing /home/airflow/.local/lib/python3.12/site-packages/airflow/example_dags/example_nested_branch_dag.py took 0.286 seconds
[2025-02-04T14:36:44.268+0000] {processor.py:186} INFO - Started process (PID=560) to work on /home/airflow/.local/lib/python3.12/site-packages/airflow/example_dags/example_nested_branch_dag.py
[2025-02-04T14:36:44.270+0000] {processor.py:914} INFO - Processing file /home/airflow/.local/lib/python3.12/site-packages/airflow/example_dags/example_nested_branch_dag.py for tasks to queue
[2025-02-04T14:36:44.276+0000] {logging_mixin.py:190} INFO - [2025-02-04T14:36:44.275+0000] {dagbag.py:588} INFO - Filling up the DagBag from /home/airflow/.local/lib/python3.12/site-packages/airflow/example_dags/example_nested_branch_dag.py
[2025-02-04T14:36:44.321+0000] {processor.py:925} INFO - DAG(s) 'example_nested_branch_dag' retrieved from /home/airflow/.local/lib/python3.12/site-packages/airflow/example_dags/example_nested_branch_dag.py
[2025-02-04T14:36:44.438+0000] {logging_mixin.py:190} INFO - [2025-02-04T14:36:44.437+0000] {dag.py:3239} INFO - Sync 1 DAGs
[2025-02-04T14:36:44.493+0000] {logging_mixin.py:190} INFO - [2025-02-04T14:36:44.493+0000] {dag.py:4180} INFO - Setting next_dagrun for example_nested_branch_dag to 2025-02-03 00:00:00+00:00, run_after=2025-02-04 00:00:00+00:00
[2025-02-04T14:36:44.525+0000] {processor.py:208} INFO - Processing /home/airflow/.local/lib/python3.12/site-packages/airflow/example_dags/example_nested_branch_dag.py took 0.275 seconds
[2025-02-04T14:37:16.338+0000] {processor.py:186} INFO - Started process (PID=625) to work on /home/airflow/.local/lib/python3.12/site-packages/airflow/example_dags/example_nested_branch_dag.py
[2025-02-04T14:37:16.340+0000] {processor.py:914} INFO - Processing file /home/airflow/.local/lib/python3.12/site-packages/airflow/example_dags/example_nested_branch_dag.py for tasks to queue
[2025-02-04T14:37:16.343+0000] {logging_mixin.py:190} INFO - [2025-02-04T14:37:16.343+0000] {dagbag.py:588} INFO - Filling up the DagBag from /home/airflow/.local/lib/python3.12/site-packages/airflow/example_dags/example_nested_branch_dag.py
[2025-02-04T14:37:16.371+0000] {processor.py:925} INFO - DAG(s) 'example_nested_branch_dag' retrieved from /home/airflow/.local/lib/python3.12/site-packages/airflow/example_dags/example_nested_branch_dag.py
[2025-02-04T14:37:16.415+0000] {logging_mixin.py:190} INFO - [2025-02-04T14:37:16.415+0000] {dag.py:3239} INFO - Sync 1 DAGs
[2025-02-04T14:37:16.465+0000] {logging_mixin.py:190} INFO - [2025-02-04T14:37:16.465+0000] {dag.py:4180} INFO - Setting next_dagrun for example_nested_branch_dag to 2025-02-03 00:00:00+00:00, run_after=2025-02-04 00:00:00+00:00
[2025-02-04T14:37:16.516+0000] {processor.py:208} INFO - Processing /home/airflow/.local/lib/python3.12/site-packages/airflow/example_dags/example_nested_branch_dag.py took 0.189 seconds
[2025-02-04T14:37:50.686+0000] {processor.py:186} INFO - Started process (PID=688) to work on /home/airflow/.local/lib/python3.12/site-packages/airflow/example_dags/example_nested_branch_dag.py
[2025-02-04T14:37:50.688+0000] {processor.py:914} INFO - Processing file /home/airflow/.local/lib/python3.12/site-packages/airflow/example_dags/example_nested_branch_dag.py for tasks to queue
[2025-02-04T14:37:50.693+0000] {logging_mixin.py:190} INFO - [2025-02-04T14:37:50.692+0000] {dagbag.py:588} INFO - Filling up the DagBag from /home/airflow/.local/lib/python3.12/site-packages/airflow/example_dags/example_nested_branch_dag.py
[2025-02-04T14:37:50.722+0000] {processor.py:925} INFO - DAG(s) 'example_nested_branch_dag' retrieved from /home/airflow/.local/lib/python3.12/site-packages/airflow/example_dags/example_nested_branch_dag.py
[2025-02-04T14:37:50.787+0000] {logging_mixin.py:190} INFO - [2025-02-04T14:37:50.786+0000] {dag.py:3239} INFO - Sync 1 DAGs
[2025-02-04T14:37:50.912+0000] {logging_mixin.py:190} INFO - [2025-02-04T14:37:50.912+0000] {dag.py:4180} INFO - Setting next_dagrun for example_nested_branch_dag to 2025-02-03 00:00:00+00:00, run_after=2025-02-04 00:00:00+00:00
[2025-02-04T14:37:50.954+0000] {processor.py:208} INFO - Processing /home/airflow/.local/lib/python3.12/site-packages/airflow/example_dags/example_nested_branch_dag.py took 0.281 seconds
[2025-02-04T14:38:21.466+0000] {processor.py:186} INFO - Started process (PID=754) to work on /home/airflow/.local/lib/python3.12/site-packages/airflow/example_dags/example_nested_branch_dag.py
[2025-02-04T14:38:21.468+0000] {processor.py:914} INFO - Processing file /home/airflow/.local/lib/python3.12/site-packages/airflow/example_dags/example_nested_branch_dag.py for tasks to queue
[2025-02-04T14:38:21.472+0000] {logging_mixin.py:190} INFO - [2025-02-04T14:38:21.471+0000] {dagbag.py:588} INFO - Filling up the DagBag from /home/airflow/.local/lib/python3.12/site-packages/airflow/example_dags/example_nested_branch_dag.py
[2025-02-04T14:38:21.512+0000] {processor.py:925} INFO - DAG(s) 'example_nested_branch_dag' retrieved from /home/airflow/.local/lib/python3.12/site-packages/airflow/example_dags/example_nested_branch_dag.py
[2025-02-04T14:38:21.574+0000] {logging_mixin.py:190} INFO - [2025-02-04T14:38:21.574+0000] {dag.py:3239} INFO - Sync 1 DAGs
[2025-02-04T14:38:21.647+0000] {logging_mixin.py:190} INFO - [2025-02-04T14:38:21.646+0000] {dag.py:4180} INFO - Setting next_dagrun for example_nested_branch_dag to 2025-02-03 00:00:00+00:00, run_after=2025-02-04 00:00:00+00:00
[2025-02-04T14:38:21.735+0000] {processor.py:208} INFO - Processing /home/airflow/.local/lib/python3.12/site-packages/airflow/example_dags/example_nested_branch_dag.py took 0.280 seconds
[2025-02-04T14:38:56.506+0000] {processor.py:186} INFO - Started process (PID=828) to work on /home/airflow/.local/lib/python3.12/site-packages/airflow/example_dags/example_nested_branch_dag.py
[2025-02-04T14:38:56.508+0000] {processor.py:914} INFO - Processing file /home/airflow/.local/lib/python3.12/site-packages/airflow/example_dags/example_nested_branch_dag.py for tasks to queue
[2025-02-04T14:38:56.513+0000] {logging_mixin.py:190} INFO - [2025-02-04T14:38:56.512+0000] {dagbag.py:588} INFO - Filling up the DagBag from /home/airflow/.local/lib/python3.12/site-packages/airflow/example_dags/example_nested_branch_dag.py
[2025-02-04T14:38:56.536+0000] {processor.py:925} INFO - DAG(s) 'example_nested_branch_dag' retrieved from /home/airflow/.local/lib/python3.12/site-packages/airflow/example_dags/example_nested_branch_dag.py
[2025-02-04T14:38:56.571+0000] {logging_mixin.py:190} INFO - [2025-02-04T14:38:56.570+0000] {dag.py:3239} INFO - Sync 1 DAGs
[2025-02-04T14:38:56.614+0000] {logging_mixin.py:190} INFO - [2025-02-04T14:38:56.614+0000] {dag.py:4180} INFO - Setting next_dagrun for example_nested_branch_dag to 2025-02-03 00:00:00+00:00, run_after=2025-02-04 00:00:00+00:00
[2025-02-04T14:38:56.644+0000] {processor.py:208} INFO - Processing /home/airflow/.local/lib/python3.12/site-packages/airflow/example_dags/example_nested_branch_dag.py took 0.150 seconds
[2025-02-04T14:39:27.181+0000] {processor.py:186} INFO - Started process (PID=892) to work on /home/airflow/.local/lib/python3.12/site-packages/airflow/example_dags/example_nested_branch_dag.py
[2025-02-04T14:39:27.182+0000] {processor.py:914} INFO - Processing file /home/airflow/.local/lib/python3.12/site-packages/airflow/example_dags/example_nested_branch_dag.py for tasks to queue
[2025-02-04T14:39:27.186+0000] {logging_mixin.py:190} INFO - [2025-02-04T14:39:27.186+0000] {dagbag.py:588} INFO - Filling up the DagBag from /home/airflow/.local/lib/python3.12/site-packages/airflow/example_dags/example_nested_branch_dag.py
[2025-02-04T14:39:27.206+0000] {processor.py:925} INFO - DAG(s) 'example_nested_branch_dag' retrieved from /home/airflow/.local/lib/python3.12/site-packages/airflow/example_dags/example_nested_branch_dag.py
[2025-02-04T14:39:27.239+0000] {logging_mixin.py:190} INFO - [2025-02-04T14:39:27.239+0000] {dag.py:3239} INFO - Sync 1 DAGs
[2025-02-04T14:39:27.284+0000] {logging_mixin.py:190} INFO - [2025-02-04T14:39:27.284+0000] {dag.py:4180} INFO - Setting next_dagrun for example_nested_branch_dag to 2025-02-03 00:00:00+00:00, run_after=2025-02-04 00:00:00+00:00
[2025-02-04T14:39:27.319+0000] {processor.py:208} INFO - Processing /home/airflow/.local/lib/python3.12/site-packages/airflow/example_dags/example_nested_branch_dag.py took 0.147 seconds
[2025-02-04T14:39:58.197+0000] {processor.py:186} INFO - Started process (PID=957) to work on /home/airflow/.local/lib/python3.12/site-packages/airflow/example_dags/example_nested_branch_dag.py
[2025-02-04T14:39:58.199+0000] {processor.py:914} INFO - Processing file /home/airflow/.local/lib/python3.12/site-packages/airflow/example_dags/example_nested_branch_dag.py for tasks to queue
[2025-02-04T14:39:58.207+0000] {logging_mixin.py:190} INFO - [2025-02-04T14:39:58.206+0000] {dagbag.py:588} INFO - Filling up the DagBag from /home/airflow/.local/lib/python3.12/site-packages/airflow/example_dags/example_nested_branch_dag.py
[2025-02-04T14:39:58.229+0000] {processor.py:925} INFO - DAG(s) 'example_nested_branch_dag' retrieved from /home/airflow/.local/lib/python3.12/site-packages/airflow/example_dags/example_nested_branch_dag.py
[2025-02-04T14:39:58.275+0000] {logging_mixin.py:190} INFO - [2025-02-04T14:39:58.275+0000] {dag.py:3239} INFO - Sync 1 DAGs
[2025-02-04T14:39:58.348+0000] {logging_mixin.py:190} INFO - [2025-02-04T14:39:58.348+0000] {dag.py:4180} INFO - Setting next_dagrun for example_nested_branch_dag to 2025-02-03 00:00:00+00:00, run_after=2025-02-04 00:00:00+00:00
[2025-02-04T14:39:58.386+0000] {processor.py:208} INFO - Processing /home/airflow/.local/lib/python3.12/site-packages/airflow/example_dags/example_nested_branch_dag.py took 0.203 seconds
[2025-02-04T14:40:32.707+0000] {processor.py:186} INFO - Started process (PID=1022) to work on /home/airflow/.local/lib/python3.12/site-packages/airflow/example_dags/example_nested_branch_dag.py
[2025-02-04T14:40:32.714+0000] {processor.py:914} INFO - Processing file /home/airflow/.local/lib/python3.12/site-packages/airflow/example_dags/example_nested_branch_dag.py for tasks to queue
[2025-02-04T14:40:32.722+0000] {logging_mixin.py:190} INFO - [2025-02-04T14:40:32.721+0000] {dagbag.py:588} INFO - Filling up the DagBag from /home/airflow/.local/lib/python3.12/site-packages/airflow/example_dags/example_nested_branch_dag.py
[2025-02-04T14:40:32.761+0000] {processor.py:925} INFO - DAG(s) 'example_nested_branch_dag' retrieved from /home/airflow/.local/lib/python3.12/site-packages/airflow/example_dags/example_nested_branch_dag.py
[2025-02-04T14:40:32.814+0000] {logging_mixin.py:190} INFO - [2025-02-04T14:40:32.814+0000] {dag.py:3239} INFO - Sync 1 DAGs
[2025-02-04T14:40:32.883+0000] {logging_mixin.py:190} INFO - [2025-02-04T14:40:32.882+0000] {dag.py:4180} INFO - Setting next_dagrun for example_nested_branch_dag to 2025-02-03 00:00:00+00:00, run_after=2025-02-04 00:00:00+00:00
[2025-02-04T14:40:32.939+0000] {processor.py:208} INFO - Processing /home/airflow/.local/lib/python3.12/site-packages/airflow/example_dags/example_nested_branch_dag.py took 0.256 seconds
[2025-02-04T14:41:03.294+0000] {processor.py:186} INFO - Started process (PID=1085) to work on /home/airflow/.local/lib/python3.12/site-packages/airflow/example_dags/example_nested_branch_dag.py
[2025-02-04T14:41:03.295+0000] {processor.py:914} INFO - Processing file /home/airflow/.local/lib/python3.12/site-packages/airflow/example_dags/example_nested_branch_dag.py for tasks to queue
[2025-02-04T14:41:03.300+0000] {logging_mixin.py:190} INFO - [2025-02-04T14:41:03.300+0000] {dagbag.py:588} INFO - Filling up the DagBag from /home/airflow/.local/lib/python3.12/site-packages/airflow/example_dags/example_nested_branch_dag.py
[2025-02-04T14:41:03.324+0000] {processor.py:925} INFO - DAG(s) 'example_nested_branch_dag' retrieved from /home/airflow/.local/lib/python3.12/site-packages/airflow/example_dags/example_nested_branch_dag.py
[2025-02-04T14:41:03.360+0000] {logging_mixin.py:190} INFO - [2025-02-04T14:41:03.360+0000] {dag.py:3239} INFO - Sync 1 DAGs
[2025-02-04T14:41:03.410+0000] {logging_mixin.py:190} INFO - [2025-02-04T14:41:03.409+0000] {dag.py:4180} INFO - Setting next_dagrun for example_nested_branch_dag to 2025-02-03 00:00:00+00:00, run_after=2025-02-04 00:00:00+00:00
[2025-02-04T14:41:03.446+0000] {processor.py:208} INFO - Processing /home/airflow/.local/lib/python3.12/site-packages/airflow/example_dags/example_nested_branch_dag.py took 0.164 seconds
[2025-02-04T14:41:33.614+0000] {processor.py:186} INFO - Started process (PID=1149) to work on /home/airflow/.local/lib/python3.12/site-packages/airflow/example_dags/example_nested_branch_dag.py
[2025-02-04T14:41:33.616+0000] {processor.py:914} INFO - Processing file /home/airflow/.local/lib/python3.12/site-packages/airflow/example_dags/example_nested_branch_dag.py for tasks to queue
[2025-02-04T14:41:33.620+0000] {logging_mixin.py:190} INFO - [2025-02-04T14:41:33.619+0000] {dagbag.py:588} INFO - Filling up the DagBag from /home/airflow/.local/lib/python3.12/site-packages/airflow/example_dags/example_nested_branch_dag.py
[2025-02-04T14:41:33.646+0000] {processor.py:925} INFO - DAG(s) 'example_nested_branch_dag' retrieved from /home/airflow/.local/lib/python3.12/site-packages/airflow/example_dags/example_nested_branch_dag.py
[2025-02-04T14:41:33.692+0000] {logging_mixin.py:190} INFO - [2025-02-04T14:41:33.692+0000] {dag.py:3239} INFO - Sync 1 DAGs
[2025-02-04T14:41:33.743+0000] {logging_mixin.py:190} INFO - [2025-02-04T14:41:33.742+0000] {dag.py:4180} INFO - Setting next_dagrun for example_nested_branch_dag to 2025-02-03 00:00:00+00:00, run_after=2025-02-04 00:00:00+00:00
[2025-02-04T14:41:33.786+0000] {processor.py:208} INFO - Processing /home/airflow/.local/lib/python3.12/site-packages/airflow/example_dags/example_nested_branch_dag.py took 0.182 seconds
[2025-02-04T14:42:04.295+0000] {processor.py:186} INFO - Started process (PID=1212) to work on /home/airflow/.local/lib/python3.12/site-packages/airflow/example_dags/example_nested_branch_dag.py
[2025-02-04T14:42:04.297+0000] {processor.py:914} INFO - Processing file /home/airflow/.local/lib/python3.12/site-packages/airflow/example_dags/example_nested_branch_dag.py for tasks to queue
[2025-02-04T14:42:04.300+0000] {logging_mixin.py:190} INFO - [2025-02-04T14:42:04.300+0000] {dagbag.py:588} INFO - Filling up the DagBag from /home/airflow/.local/lib/python3.12/site-packages/airflow/example_dags/example_nested_branch_dag.py
[2025-02-04T14:42:04.321+0000] {processor.py:925} INFO - DAG(s) 'example_nested_branch_dag' retrieved from /home/airflow/.local/lib/python3.12/site-packages/airflow/example_dags/example_nested_branch_dag.py
[2025-02-04T14:42:04.357+0000] {logging_mixin.py:190} INFO - [2025-02-04T14:42:04.356+0000] {dag.py:3239} INFO - Sync 1 DAGs
[2025-02-04T14:42:04.395+0000] {logging_mixin.py:190} INFO - [2025-02-04T14:42:04.394+0000] {dag.py:4180} INFO - Setting next_dagrun for example_nested_branch_dag to 2025-02-03 00:00:00+00:00, run_after=2025-02-04 00:00:00+00:00
[2025-02-04T14:42:04.423+0000] {processor.py:208} INFO - Processing /home/airflow/.local/lib/python3.12/site-packages/airflow/example_dags/example_nested_branch_dag.py took 0.137 seconds
[2025-02-04T14:42:35.356+0000] {processor.py:186} INFO - Started process (PID=1276) to work on /home/airflow/.local/lib/python3.12/site-packages/airflow/example_dags/example_nested_branch_dag.py
[2025-02-04T14:42:35.358+0000] {processor.py:914} INFO - Processing file /home/airflow/.local/lib/python3.12/site-packages/airflow/example_dags/example_nested_branch_dag.py for tasks to queue
[2025-02-04T14:42:35.361+0000] {logging_mixin.py:190} INFO - [2025-02-04T14:42:35.361+0000] {dagbag.py:588} INFO - Filling up the DagBag from /home/airflow/.local/lib/python3.12/site-packages/airflow/example_dags/example_nested_branch_dag.py
[2025-02-04T14:42:35.379+0000] {processor.py:925} INFO - DAG(s) 'example_nested_branch_dag' retrieved from /home/airflow/.local/lib/python3.12/site-packages/airflow/example_dags/example_nested_branch_dag.py
[2025-02-04T14:42:35.415+0000] {logging_mixin.py:190} INFO - [2025-02-04T14:42:35.415+0000] {dag.py:3239} INFO - Sync 1 DAGs
[2025-02-04T14:42:35.463+0000] {logging_mixin.py:190} INFO - [2025-02-04T14:42:35.462+0000] {dag.py:4180} INFO - Setting next_dagrun for example_nested_branch_dag to 2025-02-03 00:00:00+00:00, run_after=2025-02-04 00:00:00+00:00
[2025-02-04T14:42:35.493+0000] {processor.py:208} INFO - Processing /home/airflow/.local/lib/python3.12/site-packages/airflow/example_dags/example_nested_branch_dag.py took 0.145 seconds
[2025-02-04T14:43:06.128+0000] {processor.py:186} INFO - Started process (PID=1339) to work on /home/airflow/.local/lib/python3.12/site-packages/airflow/example_dags/example_nested_branch_dag.py
[2025-02-04T14:43:06.129+0000] {processor.py:914} INFO - Processing file /home/airflow/.local/lib/python3.12/site-packages/airflow/example_dags/example_nested_branch_dag.py for tasks to queue
[2025-02-04T14:43:06.133+0000] {logging_mixin.py:190} INFO - [2025-02-04T14:43:06.132+0000] {dagbag.py:588} INFO - Filling up the DagBag from /home/airflow/.local/lib/python3.12/site-packages/airflow/example_dags/example_nested_branch_dag.py
[2025-02-04T14:43:06.151+0000] {processor.py:925} INFO - DAG(s) 'example_nested_branch_dag' retrieved from /home/airflow/.local/lib/python3.12/site-packages/airflow/example_dags/example_nested_branch_dag.py
[2025-02-04T14:43:06.191+0000] {logging_mixin.py:190} INFO - [2025-02-04T14:43:06.190+0000] {dag.py:3239} INFO - Sync 1 DAGs
[2025-02-04T14:43:06.231+0000] {logging_mixin.py:190} INFO - [2025-02-04T14:43:06.231+0000] {dag.py:4180} INFO - Setting next_dagrun for example_nested_branch_dag to 2025-02-03 00:00:00+00:00, run_after=2025-02-04 00:00:00+00:00
[2025-02-04T14:43:06.258+0000] {processor.py:208} INFO - Processing /home/airflow/.local/lib/python3.12/site-packages/airflow/example_dags/example_nested_branch_dag.py took 0.139 seconds
[2025-02-04T14:43:36.530+0000] {processor.py:186} INFO - Started process (PID=1403) to work on /home/airflow/.local/lib/python3.12/site-packages/airflow/example_dags/example_nested_branch_dag.py
[2025-02-04T14:43:36.532+0000] {processor.py:914} INFO - Processing file /home/airflow/.local/lib/python3.12/site-packages/airflow/example_dags/example_nested_branch_dag.py for tasks to queue
[2025-02-04T14:43:36.535+0000] {logging_mixin.py:190} INFO - [2025-02-04T14:43:36.535+0000] {dagbag.py:588} INFO - Filling up the DagBag from /home/airflow/.local/lib/python3.12/site-packages/airflow/example_dags/example_nested_branch_dag.py
[2025-02-04T14:43:36.552+0000] {processor.py:925} INFO - DAG(s) 'example_nested_branch_dag' retrieved from /home/airflow/.local/lib/python3.12/site-packages/airflow/example_dags/example_nested_branch_dag.py
[2025-02-04T14:43:36.584+0000] {logging_mixin.py:190} INFO - [2025-02-04T14:43:36.584+0000] {dag.py:3239} INFO - Sync 1 DAGs
[2025-02-04T14:43:36.618+0000] {logging_mixin.py:190} INFO - [2025-02-04T14:43:36.617+0000] {dag.py:4180} INFO - Setting next_dagrun for example_nested_branch_dag to 2025-02-03 00:00:00+00:00, run_after=2025-02-04 00:00:00+00:00
[2025-02-04T14:43:36.643+0000] {processor.py:208} INFO - Processing /home/airflow/.local/lib/python3.12/site-packages/airflow/example_dags/example_nested_branch_dag.py took 0.122 seconds
[2025-02-04T14:44:07.167+0000] {processor.py:186} INFO - Started process (PID=1467) to work on /home/airflow/.local/lib/python3.12/site-packages/airflow/example_dags/example_nested_branch_dag.py
[2025-02-04T14:44:07.168+0000] {processor.py:914} INFO - Processing file /home/airflow/.local/lib/python3.12/site-packages/airflow/example_dags/example_nested_branch_dag.py for tasks to queue
[2025-02-04T14:44:07.172+0000] {logging_mixin.py:190} INFO - [2025-02-04T14:44:07.171+0000] {dagbag.py:588} INFO - Filling up the DagBag from /home/airflow/.local/lib/python3.12/site-packages/airflow/example_dags/example_nested_branch_dag.py
[2025-02-04T14:44:07.190+0000] {processor.py:925} INFO - DAG(s) 'example_nested_branch_dag' retrieved from /home/airflow/.local/lib/python3.12/site-packages/airflow/example_dags/example_nested_branch_dag.py
[2025-02-04T14:44:07.225+0000] {logging_mixin.py:190} INFO - [2025-02-04T14:44:07.225+0000] {dag.py:3239} INFO - Sync 1 DAGs
[2025-02-04T14:44:07.262+0000] {logging_mixin.py:190} INFO - [2025-02-04T14:44:07.262+0000] {dag.py:4180} INFO - Setting next_dagrun for example_nested_branch_dag to 2025-02-03 00:00:00+00:00, run_after=2025-02-04 00:00:00+00:00
[2025-02-04T14:44:07.295+0000] {processor.py:208} INFO - Processing /home/airflow/.local/lib/python3.12/site-packages/airflow/example_dags/example_nested_branch_dag.py took 0.137 seconds
[2025-02-04T14:44:38.472+0000] {processor.py:186} INFO - Started process (PID=1531) to work on /home/airflow/.local/lib/python3.12/site-packages/airflow/example_dags/example_nested_branch_dag.py
[2025-02-04T14:44:38.474+0000] {processor.py:914} INFO - Processing file /home/airflow/.local/lib/python3.12/site-packages/airflow/example_dags/example_nested_branch_dag.py for tasks to queue
[2025-02-04T14:44:38.477+0000] {logging_mixin.py:190} INFO - [2025-02-04T14:44:38.477+0000] {dagbag.py:588} INFO - Filling up the DagBag from /home/airflow/.local/lib/python3.12/site-packages/airflow/example_dags/example_nested_branch_dag.py
[2025-02-04T14:44:38.501+0000] {processor.py:925} INFO - DAG(s) 'example_nested_branch_dag' retrieved from /home/airflow/.local/lib/python3.12/site-packages/airflow/example_dags/example_nested_branch_dag.py
[2025-02-04T14:44:38.538+0000] {logging_mixin.py:190} INFO - [2025-02-04T14:44:38.538+0000] {dag.py:3239} INFO - Sync 1 DAGs
[2025-02-04T14:44:38.583+0000] {logging_mixin.py:190} INFO - [2025-02-04T14:44:38.583+0000] {dag.py:4180} INFO - Setting next_dagrun for example_nested_branch_dag to 2025-02-03 00:00:00+00:00, run_after=2025-02-04 00:00:00+00:00
[2025-02-04T14:44:38.623+0000] {processor.py:208} INFO - Processing /home/airflow/.local/lib/python3.12/site-packages/airflow/example_dags/example_nested_branch_dag.py took 0.163 seconds
[2025-02-04T14:45:09.859+0000] {processor.py:186} INFO - Started process (PID=1595) to work on /home/airflow/.local/lib/python3.12/site-packages/airflow/example_dags/example_nested_branch_dag.py
[2025-02-04T14:45:09.861+0000] {processor.py:914} INFO - Processing file /home/airflow/.local/lib/python3.12/site-packages/airflow/example_dags/example_nested_branch_dag.py for tasks to queue
[2025-02-04T14:45:09.865+0000] {logging_mixin.py:190} INFO - [2025-02-04T14:45:09.865+0000] {dagbag.py:588} INFO - Filling up the DagBag from /home/airflow/.local/lib/python3.12/site-packages/airflow/example_dags/example_nested_branch_dag.py
[2025-02-04T14:45:09.888+0000] {processor.py:925} INFO - DAG(s) 'example_nested_branch_dag' retrieved from /home/airflow/.local/lib/python3.12/site-packages/airflow/example_dags/example_nested_branch_dag.py
[2025-02-04T14:45:09.919+0000] {logging_mixin.py:190} INFO - [2025-02-04T14:45:09.919+0000] {dag.py:3239} INFO - Sync 1 DAGs
[2025-02-04T14:45:09.964+0000] {logging_mixin.py:190} INFO - [2025-02-04T14:45:09.964+0000] {dag.py:4180} INFO - Setting next_dagrun for example_nested_branch_dag to 2025-02-03 00:00:00+00:00, run_after=2025-02-04 00:00:00+00:00
[2025-02-04T14:45:09.993+0000] {processor.py:208} INFO - Processing /home/airflow/.local/lib/python3.12/site-packages/airflow/example_dags/example_nested_branch_dag.py took 0.144 seconds
[2025-02-04T14:45:41.758+0000] {processor.py:186} INFO - Started process (PID=1659) to work on /home/airflow/.local/lib/python3.12/site-packages/airflow/example_dags/example_nested_branch_dag.py
[2025-02-04T14:45:41.760+0000] {processor.py:914} INFO - Processing file /home/airflow/.local/lib/python3.12/site-packages/airflow/example_dags/example_nested_branch_dag.py for tasks to queue
[2025-02-04T14:45:41.765+0000] {logging_mixin.py:190} INFO - [2025-02-04T14:45:41.764+0000] {dagbag.py:588} INFO - Filling up the DagBag from /home/airflow/.local/lib/python3.12/site-packages/airflow/example_dags/example_nested_branch_dag.py
[2025-02-04T14:45:41.792+0000] {processor.py:925} INFO - DAG(s) 'example_nested_branch_dag' retrieved from /home/airflow/.local/lib/python3.12/site-packages/airflow/example_dags/example_nested_branch_dag.py
[2025-02-04T14:45:41.840+0000] {logging_mixin.py:190} INFO - [2025-02-04T14:45:41.839+0000] {dag.py:3239} INFO - Sync 1 DAGs
[2025-02-04T14:45:41.915+0000] {logging_mixin.py:190} INFO - [2025-02-04T14:45:41.914+0000] {dag.py:4180} INFO - Setting next_dagrun for example_nested_branch_dag to 2025-02-03 00:00:00+00:00, run_after=2025-02-04 00:00:00+00:00
[2025-02-04T14:45:41.959+0000] {processor.py:208} INFO - Processing /home/airflow/.local/lib/python3.12/site-packages/airflow/example_dags/example_nested_branch_dag.py took 0.216 seconds
[2025-02-04T14:46:12.217+0000] {processor.py:186} INFO - Started process (PID=1723) to work on /home/airflow/.local/lib/python3.12/site-packages/airflow/example_dags/example_nested_branch_dag.py
[2025-02-04T14:46:12.219+0000] {processor.py:914} INFO - Processing file /home/airflow/.local/lib/python3.12/site-packages/airflow/example_dags/example_nested_branch_dag.py for tasks to queue
[2025-02-04T14:46:12.223+0000] {logging_mixin.py:190} INFO - [2025-02-04T14:46:12.222+0000] {dagbag.py:588} INFO - Filling up the DagBag from /home/airflow/.local/lib/python3.12/site-packages/airflow/example_dags/example_nested_branch_dag.py
[2025-02-04T14:46:12.240+0000] {processor.py:925} INFO - DAG(s) 'example_nested_branch_dag' retrieved from /home/airflow/.local/lib/python3.12/site-packages/airflow/example_dags/example_nested_branch_dag.py
[2025-02-04T14:46:12.273+0000] {logging_mixin.py:190} INFO - [2025-02-04T14:46:12.273+0000] {dag.py:3239} INFO - Sync 1 DAGs
[2025-02-04T14:46:12.313+0000] {logging_mixin.py:190} INFO - [2025-02-04T14:46:12.312+0000] {dag.py:4180} INFO - Setting next_dagrun for example_nested_branch_dag to 2025-02-03 00:00:00+00:00, run_after=2025-02-04 00:00:00+00:00
[2025-02-04T14:46:12.339+0000] {processor.py:208} INFO - Processing /home/airflow/.local/lib/python3.12/site-packages/airflow/example_dags/example_nested_branch_dag.py took 0.131 seconds
[2025-02-04T14:49:17.469+0000] {processor.py:186} INFO - Started process (PID=96) to work on /home/airflow/.local/lib/python3.12/site-packages/airflow/example_dags/example_nested_branch_dag.py
[2025-02-04T14:49:17.478+0000] {processor.py:914} INFO - Processing file /home/airflow/.local/lib/python3.12/site-packages/airflow/example_dags/example_nested_branch_dag.py for tasks to queue
[2025-02-04T14:49:17.491+0000] {logging_mixin.py:190} INFO - [2025-02-04T14:49:17.490+0000] {dagbag.py:588} INFO - Filling up the DagBag from /home/airflow/.local/lib/python3.12/site-packages/airflow/example_dags/example_nested_branch_dag.py
[2025-02-04T14:49:17.594+0000] {processor.py:925} INFO - DAG(s) 'example_nested_branch_dag' retrieved from /home/airflow/.local/lib/python3.12/site-packages/airflow/example_dags/example_nested_branch_dag.py
[2025-02-04T14:49:17.774+0000] {logging_mixin.py:190} INFO - [2025-02-04T14:49:17.773+0000] {dag.py:3239} INFO - Sync 1 DAGs
[2025-02-04T14:49:17.887+0000] {logging_mixin.py:190} INFO - [2025-02-04T14:49:17.884+0000] {dag.py:4180} INFO - Setting next_dagrun for example_nested_branch_dag to 2025-02-03 00:00:00+00:00, run_after=2025-02-04 00:00:00+00:00
[2025-02-04T14:49:18.269+0000] {processor.py:208} INFO - Processing /home/airflow/.local/lib/python3.12/site-packages/airflow/example_dags/example_nested_branch_dag.py took 0.830 seconds
[2025-02-04T14:49:53.393+0000] {processor.py:186} INFO - Started process (PID=160) to work on /home/airflow/.local/lib/python3.12/site-packages/airflow/example_dags/example_nested_branch_dag.py
[2025-02-04T14:49:53.395+0000] {processor.py:914} INFO - Processing file /home/airflow/.local/lib/python3.12/site-packages/airflow/example_dags/example_nested_branch_dag.py for tasks to queue
[2025-02-04T14:49:53.400+0000] {logging_mixin.py:190} INFO - [2025-02-04T14:49:53.399+0000] {dagbag.py:588} INFO - Filling up the DagBag from /home/airflow/.local/lib/python3.12/site-packages/airflow/example_dags/example_nested_branch_dag.py
[2025-02-04T14:49:53.423+0000] {processor.py:925} INFO - DAG(s) 'example_nested_branch_dag' retrieved from /home/airflow/.local/lib/python3.12/site-packages/airflow/example_dags/example_nested_branch_dag.py
[2025-02-04T14:49:53.466+0000] {logging_mixin.py:190} INFO - [2025-02-04T14:49:53.465+0000] {dag.py:3239} INFO - Sync 1 DAGs
[2025-02-04T14:49:53.516+0000] {logging_mixin.py:190} INFO - [2025-02-04T14:49:53.516+0000] {dag.py:4180} INFO - Setting next_dagrun for example_nested_branch_dag to 2025-02-03 00:00:00+00:00, run_after=2025-02-04 00:00:00+00:00
[2025-02-04T14:49:53.591+0000] {processor.py:208} INFO - Processing /home/airflow/.local/lib/python3.12/site-packages/airflow/example_dags/example_nested_branch_dag.py took 0.210 seconds
[2025-02-04T14:50:26.705+0000] {processor.py:186} INFO - Started process (PID=225) to work on /home/airflow/.local/lib/python3.12/site-packages/airflow/example_dags/example_nested_branch_dag.py
[2025-02-04T14:50:26.707+0000] {processor.py:914} INFO - Processing file /home/airflow/.local/lib/python3.12/site-packages/airflow/example_dags/example_nested_branch_dag.py for tasks to queue
[2025-02-04T14:50:26.711+0000] {logging_mixin.py:190} INFO - [2025-02-04T14:50:26.710+0000] {dagbag.py:588} INFO - Filling up the DagBag from /home/airflow/.local/lib/python3.12/site-packages/airflow/example_dags/example_nested_branch_dag.py
[2025-02-04T14:50:26.728+0000] {processor.py:925} INFO - DAG(s) 'example_nested_branch_dag' retrieved from /home/airflow/.local/lib/python3.12/site-packages/airflow/example_dags/example_nested_branch_dag.py
[2025-02-04T14:50:26.758+0000] {logging_mixin.py:190} INFO - [2025-02-04T14:50:26.757+0000] {dag.py:3239} INFO - Sync 1 DAGs
[2025-02-04T14:50:26.792+0000] {logging_mixin.py:190} INFO - [2025-02-04T14:50:26.792+0000] {dag.py:4180} INFO - Setting next_dagrun for example_nested_branch_dag to 2025-02-03 00:00:00+00:00, run_after=2025-02-04 00:00:00+00:00
[2025-02-04T14:50:26.822+0000] {processor.py:208} INFO - Processing /home/airflow/.local/lib/python3.12/site-packages/airflow/example_dags/example_nested_branch_dag.py took 0.127 seconds
[2025-02-04T14:51:01.901+0000] {processor.py:186} INFO - Started process (PID=295) to work on /home/airflow/.local/lib/python3.12/site-packages/airflow/example_dags/example_nested_branch_dag.py
[2025-02-04T14:51:01.904+0000] {processor.py:914} INFO - Processing file /home/airflow/.local/lib/python3.12/site-packages/airflow/example_dags/example_nested_branch_dag.py for tasks to queue
[2025-02-04T14:51:01.919+0000] {logging_mixin.py:190} INFO - [2025-02-04T14:51:01.917+0000] {dagbag.py:588} INFO - Filling up the DagBag from /home/airflow/.local/lib/python3.12/site-packages/airflow/example_dags/example_nested_branch_dag.py
[2025-02-04T14:51:01.954+0000] {processor.py:925} INFO - DAG(s) 'example_nested_branch_dag' retrieved from /home/airflow/.local/lib/python3.12/site-packages/airflow/example_dags/example_nested_branch_dag.py
[2025-02-04T14:51:02.017+0000] {logging_mixin.py:190} INFO - [2025-02-04T14:51:02.016+0000] {dag.py:3239} INFO - Sync 1 DAGs
[2025-02-04T14:51:02.079+0000] {logging_mixin.py:190} INFO - [2025-02-04T14:51:02.079+0000] {dag.py:4180} INFO - Setting next_dagrun for example_nested_branch_dag to 2025-02-03 00:00:00+00:00, run_after=2025-02-04 00:00:00+00:00
[2025-02-04T14:51:02.127+0000] {processor.py:208} INFO - Processing /home/airflow/.local/lib/python3.12/site-packages/airflow/example_dags/example_nested_branch_dag.py took 0.251 seconds
[2025-02-04T14:51:34.162+0000] {processor.py:186} INFO - Started process (PID=358) to work on /home/airflow/.local/lib/python3.12/site-packages/airflow/example_dags/example_nested_branch_dag.py
[2025-02-04T14:51:34.164+0000] {processor.py:914} INFO - Processing file /home/airflow/.local/lib/python3.12/site-packages/airflow/example_dags/example_nested_branch_dag.py for tasks to queue
[2025-02-04T14:51:34.168+0000] {logging_mixin.py:190} INFO - [2025-02-04T14:51:34.168+0000] {dagbag.py:588} INFO - Filling up the DagBag from /home/airflow/.local/lib/python3.12/site-packages/airflow/example_dags/example_nested_branch_dag.py
[2025-02-04T14:51:34.189+0000] {processor.py:925} INFO - DAG(s) 'example_nested_branch_dag' retrieved from /home/airflow/.local/lib/python3.12/site-packages/airflow/example_dags/example_nested_branch_dag.py
[2025-02-04T14:51:34.228+0000] {logging_mixin.py:190} INFO - [2025-02-04T14:51:34.227+0000] {dag.py:3239} INFO - Sync 1 DAGs
[2025-02-04T14:51:34.274+0000] {logging_mixin.py:190} INFO - [2025-02-04T14:51:34.273+0000] {dag.py:4180} INFO - Setting next_dagrun for example_nested_branch_dag to 2025-02-03 00:00:00+00:00, run_after=2025-02-04 00:00:00+00:00
[2025-02-04T14:51:34.304+0000] {processor.py:208} INFO - Processing /home/airflow/.local/lib/python3.12/site-packages/airflow/example_dags/example_nested_branch_dag.py took 0.152 seconds
[2025-02-04T14:52:31.988+0000] {processor.py:186} INFO - Started process (PID=422) to work on /home/airflow/.local/lib/python3.12/site-packages/airflow/example_dags/example_nested_branch_dag.py
[2025-02-04T14:52:32.001+0000] {processor.py:914} INFO - Processing file /home/airflow/.local/lib/python3.12/site-packages/airflow/example_dags/example_nested_branch_dag.py for tasks to queue
[2025-02-04T14:52:32.018+0000] {logging_mixin.py:190} INFO - [2025-02-04T14:52:32.017+0000] {dagbag.py:588} INFO - Filling up the DagBag from /home/airflow/.local/lib/python3.12/site-packages/airflow/example_dags/example_nested_branch_dag.py
[2025-02-04T14:52:32.121+0000] {processor.py:925} INFO - DAG(s) 'example_nested_branch_dag' retrieved from /home/airflow/.local/lib/python3.12/site-packages/airflow/example_dags/example_nested_branch_dag.py
[2025-02-04T14:52:32.591+0000] {logging_mixin.py:190} INFO - [2025-02-04T14:52:32.591+0000] {dag.py:3239} INFO - Sync 1 DAGs
[2025-02-04T14:52:32.802+0000] {logging_mixin.py:190} INFO - [2025-02-04T14:52:32.791+0000] {dag.py:4180} INFO - Setting next_dagrun for example_nested_branch_dag to 2025-02-03 00:00:00+00:00, run_after=2025-02-04 00:00:00+00:00
[2025-02-04T14:52:32.934+0000] {processor.py:208} INFO - Processing /home/airflow/.local/lib/python3.12/site-packages/airflow/example_dags/example_nested_branch_dag.py took 0.982 seconds
[2025-02-04T14:53:03.678+0000] {processor.py:186} INFO - Started process (PID=491) to work on /home/airflow/.local/lib/python3.12/site-packages/airflow/example_dags/example_nested_branch_dag.py
[2025-02-04T14:53:03.680+0000] {processor.py:914} INFO - Processing file /home/airflow/.local/lib/python3.12/site-packages/airflow/example_dags/example_nested_branch_dag.py for tasks to queue
[2025-02-04T14:53:03.686+0000] {logging_mixin.py:190} INFO - [2025-02-04T14:53:03.685+0000] {dagbag.py:588} INFO - Filling up the DagBag from /home/airflow/.local/lib/python3.12/site-packages/airflow/example_dags/example_nested_branch_dag.py
[2025-02-04T14:53:03.716+0000] {processor.py:925} INFO - DAG(s) 'example_nested_branch_dag' retrieved from /home/airflow/.local/lib/python3.12/site-packages/airflow/example_dags/example_nested_branch_dag.py
[2025-02-04T14:53:03.776+0000] {logging_mixin.py:190} INFO - [2025-02-04T14:53:03.775+0000] {dag.py:3239} INFO - Sync 1 DAGs
[2025-02-04T14:53:03.873+0000] {logging_mixin.py:190} INFO - [2025-02-04T14:53:03.872+0000] {dag.py:4180} INFO - Setting next_dagrun for example_nested_branch_dag to 2025-02-03 00:00:00+00:00, run_after=2025-02-04 00:00:00+00:00
[2025-02-04T14:53:03.950+0000] {processor.py:208} INFO - Processing /home/airflow/.local/lib/python3.12/site-packages/airflow/example_dags/example_nested_branch_dag.py took 0.286 seconds
[2025-02-04T14:53:34.177+0000] {processor.py:186} INFO - Started process (PID=556) to work on /home/airflow/.local/lib/python3.12/site-packages/airflow/example_dags/example_nested_branch_dag.py
[2025-02-04T14:53:34.178+0000] {processor.py:914} INFO - Processing file /home/airflow/.local/lib/python3.12/site-packages/airflow/example_dags/example_nested_branch_dag.py for tasks to queue
[2025-02-04T14:53:34.184+0000] {logging_mixin.py:190} INFO - [2025-02-04T14:53:34.183+0000] {dagbag.py:588} INFO - Filling up the DagBag from /home/airflow/.local/lib/python3.12/site-packages/airflow/example_dags/example_nested_branch_dag.py
[2025-02-04T14:53:34.204+0000] {processor.py:925} INFO - DAG(s) 'example_nested_branch_dag' retrieved from /home/airflow/.local/lib/python3.12/site-packages/airflow/example_dags/example_nested_branch_dag.py
[2025-02-04T14:53:34.245+0000] {logging_mixin.py:190} INFO - [2025-02-04T14:53:34.244+0000] {dag.py:3239} INFO - Sync 1 DAGs
[2025-02-04T14:53:34.283+0000] {logging_mixin.py:190} INFO - [2025-02-04T14:53:34.282+0000] {dag.py:4180} INFO - Setting next_dagrun for example_nested_branch_dag to 2025-02-03 00:00:00+00:00, run_after=2025-02-04 00:00:00+00:00
[2025-02-04T14:53:34.312+0000] {processor.py:208} INFO - Processing /home/airflow/.local/lib/python3.12/site-packages/airflow/example_dags/example_nested_branch_dag.py took 0.148 seconds
[2025-02-04T14:54:04.512+0000] {processor.py:186} INFO - Started process (PID=624) to work on /home/airflow/.local/lib/python3.12/site-packages/airflow/example_dags/example_nested_branch_dag.py
[2025-02-04T14:54:04.513+0000] {processor.py:914} INFO - Processing file /home/airflow/.local/lib/python3.12/site-packages/airflow/example_dags/example_nested_branch_dag.py for tasks to queue
[2025-02-04T14:54:04.519+0000] {logging_mixin.py:190} INFO - [2025-02-04T14:54:04.519+0000] {dagbag.py:588} INFO - Filling up the DagBag from /home/airflow/.local/lib/python3.12/site-packages/airflow/example_dags/example_nested_branch_dag.py
[2025-02-04T14:54:04.546+0000] {processor.py:925} INFO - DAG(s) 'example_nested_branch_dag' retrieved from /home/airflow/.local/lib/python3.12/site-packages/airflow/example_dags/example_nested_branch_dag.py
[2025-02-04T14:54:04.587+0000] {logging_mixin.py:190} INFO - [2025-02-04T14:54:04.586+0000] {dag.py:3239} INFO - Sync 1 DAGs
[2025-02-04T14:54:04.631+0000] {logging_mixin.py:190} INFO - [2025-02-04T14:54:04.631+0000] {dag.py:4180} INFO - Setting next_dagrun for example_nested_branch_dag to 2025-02-03 00:00:00+00:00, run_after=2025-02-04 00:00:00+00:00
[2025-02-04T14:54:04.666+0000] {processor.py:208} INFO - Processing /home/airflow/.local/lib/python3.12/site-packages/airflow/example_dags/example_nested_branch_dag.py took 0.165 seconds
[2025-02-04T14:54:35.362+0000] {processor.py:186} INFO - Started process (PID=693) to work on /home/airflow/.local/lib/python3.12/site-packages/airflow/example_dags/example_nested_branch_dag.py
[2025-02-04T14:54:35.364+0000] {processor.py:914} INFO - Processing file /home/airflow/.local/lib/python3.12/site-packages/airflow/example_dags/example_nested_branch_dag.py for tasks to queue
[2025-02-04T14:54:35.369+0000] {logging_mixin.py:190} INFO - [2025-02-04T14:54:35.368+0000] {dagbag.py:588} INFO - Filling up the DagBag from /home/airflow/.local/lib/python3.12/site-packages/airflow/example_dags/example_nested_branch_dag.py
[2025-02-04T14:54:35.392+0000] {processor.py:925} INFO - DAG(s) 'example_nested_branch_dag' retrieved from /home/airflow/.local/lib/python3.12/site-packages/airflow/example_dags/example_nested_branch_dag.py
[2025-02-04T14:54:35.429+0000] {logging_mixin.py:190} INFO - [2025-02-04T14:54:35.428+0000] {dag.py:3239} INFO - Sync 1 DAGs
[2025-02-04T14:54:35.469+0000] {logging_mixin.py:190} INFO - [2025-02-04T14:54:35.468+0000] {dag.py:4180} INFO - Setting next_dagrun for example_nested_branch_dag to 2025-02-03 00:00:00+00:00, run_after=2025-02-04 00:00:00+00:00
[2025-02-04T14:54:35.499+0000] {processor.py:208} INFO - Processing /home/airflow/.local/lib/python3.12/site-packages/airflow/example_dags/example_nested_branch_dag.py took 0.147 seconds
[2025-02-04T14:55:05.859+0000] {processor.py:186} INFO - Started process (PID=758) to work on /home/airflow/.local/lib/python3.12/site-packages/airflow/example_dags/example_nested_branch_dag.py
[2025-02-04T14:55:05.863+0000] {processor.py:914} INFO - Processing file /home/airflow/.local/lib/python3.12/site-packages/airflow/example_dags/example_nested_branch_dag.py for tasks to queue
[2025-02-04T14:55:05.874+0000] {logging_mixin.py:190} INFO - [2025-02-04T14:55:05.873+0000] {dagbag.py:588} INFO - Filling up the DagBag from /home/airflow/.local/lib/python3.12/site-packages/airflow/example_dags/example_nested_branch_dag.py
[2025-02-04T14:55:05.932+0000] {processor.py:925} INFO - DAG(s) 'example_nested_branch_dag' retrieved from /home/airflow/.local/lib/python3.12/site-packages/airflow/example_dags/example_nested_branch_dag.py
[2025-02-04T14:55:06.010+0000] {logging_mixin.py:190} INFO - [2025-02-04T14:55:06.009+0000] {dag.py:3239} INFO - Sync 1 DAGs
[2025-02-04T14:55:06.133+0000] {logging_mixin.py:190} INFO - [2025-02-04T14:55:06.133+0000] {dag.py:4180} INFO - Setting next_dagrun for example_nested_branch_dag to 2025-02-03 00:00:00+00:00, run_after=2025-02-04 00:00:00+00:00
[2025-02-04T14:55:06.198+0000] {processor.py:208} INFO - Processing /home/airflow/.local/lib/python3.12/site-packages/airflow/example_dags/example_nested_branch_dag.py took 0.373 seconds
[2025-02-04T14:55:37.739+0000] {processor.py:186} INFO - Started process (PID=825) to work on /home/airflow/.local/lib/python3.12/site-packages/airflow/example_dags/example_nested_branch_dag.py
[2025-02-04T14:55:37.900+0000] {processor.py:914} INFO - Processing file /home/airflow/.local/lib/python3.12/site-packages/airflow/example_dags/example_nested_branch_dag.py for tasks to queue
[2025-02-04T14:55:37.907+0000] {logging_mixin.py:190} INFO - [2025-02-04T14:55:37.906+0000] {dagbag.py:588} INFO - Filling up the DagBag from /home/airflow/.local/lib/python3.12/site-packages/airflow/example_dags/example_nested_branch_dag.py
[2025-02-04T14:55:37.984+0000] {processor.py:925} INFO - DAG(s) 'example_nested_branch_dag' retrieved from /home/airflow/.local/lib/python3.12/site-packages/airflow/example_dags/example_nested_branch_dag.py
[2025-02-04T14:55:38.138+0000] {logging_mixin.py:190} INFO - [2025-02-04T14:55:38.137+0000] {dag.py:3239} INFO - Sync 1 DAGs
[2025-02-04T14:55:39.107+0000] {logging_mixin.py:190} INFO - [2025-02-04T14:55:39.106+0000] {dag.py:4180} INFO - Setting next_dagrun for example_nested_branch_dag to 2025-02-03 00:00:00+00:00, run_after=2025-02-04 00:00:00+00:00
[2025-02-04T14:55:42.444+0000] {processor.py:208} INFO - Processing /home/airflow/.local/lib/python3.12/site-packages/airflow/example_dags/example_nested_branch_dag.py took 4.734 seconds
[2025-02-04T14:56:19.235+0000] {processor.py:186} INFO - Started process (PID=897) to work on /home/airflow/.local/lib/python3.12/site-packages/airflow/example_dags/example_nested_branch_dag.py
[2025-02-04T14:56:19.238+0000] {processor.py:914} INFO - Processing file /home/airflow/.local/lib/python3.12/site-packages/airflow/example_dags/example_nested_branch_dag.py for tasks to queue
[2025-02-04T14:56:19.245+0000] {logging_mixin.py:190} INFO - [2025-02-04T14:56:19.245+0000] {dagbag.py:588} INFO - Filling up the DagBag from /home/airflow/.local/lib/python3.12/site-packages/airflow/example_dags/example_nested_branch_dag.py
[2025-02-04T14:56:19.279+0000] {processor.py:925} INFO - DAG(s) 'example_nested_branch_dag' retrieved from /home/airflow/.local/lib/python3.12/site-packages/airflow/example_dags/example_nested_branch_dag.py
[2025-02-04T14:56:19.349+0000] {logging_mixin.py:190} INFO - [2025-02-04T14:56:19.349+0000] {dag.py:3239} INFO - Sync 1 DAGs
[2025-02-04T14:56:19.455+0000] {logging_mixin.py:190} INFO - [2025-02-04T14:56:19.455+0000] {dag.py:4180} INFO - Setting next_dagrun for example_nested_branch_dag to 2025-02-03 00:00:00+00:00, run_after=2025-02-04 00:00:00+00:00
[2025-02-04T14:56:19.522+0000] {processor.py:208} INFO - Processing /home/airflow/.local/lib/python3.12/site-packages/airflow/example_dags/example_nested_branch_dag.py took 0.305 seconds
[2025-02-04T14:56:53.123+0000] {processor.py:186} INFO - Started process (PID=961) to work on /home/airflow/.local/lib/python3.12/site-packages/airflow/example_dags/example_nested_branch_dag.py
[2025-02-04T14:56:53.134+0000] {processor.py:914} INFO - Processing file /home/airflow/.local/lib/python3.12/site-packages/airflow/example_dags/example_nested_branch_dag.py for tasks to queue
[2025-02-04T14:56:53.139+0000] {logging_mixin.py:190} INFO - [2025-02-04T14:56:53.138+0000] {dagbag.py:588} INFO - Filling up the DagBag from /home/airflow/.local/lib/python3.12/site-packages/airflow/example_dags/example_nested_branch_dag.py
[2025-02-04T14:56:53.170+0000] {processor.py:925} INFO - DAG(s) 'example_nested_branch_dag' retrieved from /home/airflow/.local/lib/python3.12/site-packages/airflow/example_dags/example_nested_branch_dag.py
[2025-02-04T14:56:53.215+0000] {logging_mixin.py:190} INFO - [2025-02-04T14:56:53.214+0000] {dag.py:3239} INFO - Sync 1 DAGs
[2025-02-04T14:56:53.260+0000] {logging_mixin.py:190} INFO - [2025-02-04T14:56:53.260+0000] {dag.py:4180} INFO - Setting next_dagrun for example_nested_branch_dag to 2025-02-03 00:00:00+00:00, run_after=2025-02-04 00:00:00+00:00
[2025-02-04T14:56:53.293+0000] {processor.py:208} INFO - Processing /home/airflow/.local/lib/python3.12/site-packages/airflow/example_dags/example_nested_branch_dag.py took 0.193 seconds
[2025-02-04T14:57:23.661+0000] {processor.py:186} INFO - Started process (PID=1025) to work on /home/airflow/.local/lib/python3.12/site-packages/airflow/example_dags/example_nested_branch_dag.py
[2025-02-04T14:57:23.662+0000] {processor.py:914} INFO - Processing file /home/airflow/.local/lib/python3.12/site-packages/airflow/example_dags/example_nested_branch_dag.py for tasks to queue
[2025-02-04T14:57:23.666+0000] {logging_mixin.py:190} INFO - [2025-02-04T14:57:23.665+0000] {dagbag.py:588} INFO - Filling up the DagBag from /home/airflow/.local/lib/python3.12/site-packages/airflow/example_dags/example_nested_branch_dag.py
[2025-02-04T14:57:23.685+0000] {processor.py:925} INFO - DAG(s) 'example_nested_branch_dag' retrieved from /home/airflow/.local/lib/python3.12/site-packages/airflow/example_dags/example_nested_branch_dag.py
[2025-02-04T14:57:23.736+0000] {logging_mixin.py:190} INFO - [2025-02-04T14:57:23.736+0000] {dag.py:3239} INFO - Sync 1 DAGs
[2025-02-04T14:57:23.818+0000] {logging_mixin.py:190} INFO - [2025-02-04T14:57:23.817+0000] {dag.py:4180} INFO - Setting next_dagrun for example_nested_branch_dag to 2025-02-03 00:00:00+00:00, run_after=2025-02-04 00:00:00+00:00
[2025-02-04T14:57:23.885+0000] {processor.py:208} INFO - Processing /home/airflow/.local/lib/python3.12/site-packages/airflow/example_dags/example_nested_branch_dag.py took 0.234 seconds
[2025-02-04T14:57:56.717+0000] {processor.py:186} INFO - Started process (PID=1089) to work on /home/airflow/.local/lib/python3.12/site-packages/airflow/example_dags/example_nested_branch_dag.py
[2025-02-04T14:57:56.719+0000] {processor.py:914} INFO - Processing file /home/airflow/.local/lib/python3.12/site-packages/airflow/example_dags/example_nested_branch_dag.py for tasks to queue
[2025-02-04T14:57:56.733+0000] {logging_mixin.py:190} INFO - [2025-02-04T14:57:56.732+0000] {dagbag.py:588} INFO - Filling up the DagBag from /home/airflow/.local/lib/python3.12/site-packages/airflow/example_dags/example_nested_branch_dag.py
[2025-02-04T14:57:56.772+0000] {processor.py:925} INFO - DAG(s) 'example_nested_branch_dag' retrieved from /home/airflow/.local/lib/python3.12/site-packages/airflow/example_dags/example_nested_branch_dag.py
[2025-02-04T14:57:56.819+0000] {logging_mixin.py:190} INFO - [2025-02-04T14:57:56.818+0000] {dag.py:3239} INFO - Sync 1 DAGs
[2025-02-04T14:57:56.859+0000] {logging_mixin.py:190} INFO - [2025-02-04T14:57:56.858+0000] {dag.py:4180} INFO - Setting next_dagrun for example_nested_branch_dag to 2025-02-03 00:00:00+00:00, run_after=2025-02-04 00:00:00+00:00
[2025-02-04T14:57:56.897+0000] {processor.py:208} INFO - Processing /home/airflow/.local/lib/python3.12/site-packages/airflow/example_dags/example_nested_branch_dag.py took 0.203 seconds
[2025-02-04T14:58:29.429+0000] {processor.py:186} INFO - Started process (PID=1154) to work on /home/airflow/.local/lib/python3.12/site-packages/airflow/example_dags/example_nested_branch_dag.py
[2025-02-04T14:58:29.431+0000] {processor.py:914} INFO - Processing file /home/airflow/.local/lib/python3.12/site-packages/airflow/example_dags/example_nested_branch_dag.py for tasks to queue
[2025-02-04T14:58:29.436+0000] {logging_mixin.py:190} INFO - [2025-02-04T14:58:29.435+0000] {dagbag.py:588} INFO - Filling up the DagBag from /home/airflow/.local/lib/python3.12/site-packages/airflow/example_dags/example_nested_branch_dag.py
[2025-02-04T14:58:29.465+0000] {processor.py:925} INFO - DAG(s) 'example_nested_branch_dag' retrieved from /home/airflow/.local/lib/python3.12/site-packages/airflow/example_dags/example_nested_branch_dag.py
[2025-02-04T14:58:29.518+0000] {logging_mixin.py:190} INFO - [2025-02-04T14:58:29.512+0000] {dag.py:3239} INFO - Sync 1 DAGs
[2025-02-04T14:58:29.574+0000] {logging_mixin.py:190} INFO - [2025-02-04T14:58:29.574+0000] {dag.py:4180} INFO - Setting next_dagrun for example_nested_branch_dag to 2025-02-03 00:00:00+00:00, run_after=2025-02-04 00:00:00+00:00
[2025-02-04T14:58:29.616+0000] {processor.py:208} INFO - Processing /home/airflow/.local/lib/python3.12/site-packages/airflow/example_dags/example_nested_branch_dag.py took 0.200 seconds
[2025-02-04T14:59:01.101+0000] {processor.py:186} INFO - Started process (PID=1219) to work on /home/airflow/.local/lib/python3.12/site-packages/airflow/example_dags/example_nested_branch_dag.py
[2025-02-04T14:59:01.103+0000] {processor.py:914} INFO - Processing file /home/airflow/.local/lib/python3.12/site-packages/airflow/example_dags/example_nested_branch_dag.py for tasks to queue
[2025-02-04T14:59:01.107+0000] {logging_mixin.py:190} INFO - [2025-02-04T14:59:01.106+0000] {dagbag.py:588} INFO - Filling up the DagBag from /home/airflow/.local/lib/python3.12/site-packages/airflow/example_dags/example_nested_branch_dag.py
[2025-02-04T14:59:01.126+0000] {processor.py:925} INFO - DAG(s) 'example_nested_branch_dag' retrieved from /home/airflow/.local/lib/python3.12/site-packages/airflow/example_dags/example_nested_branch_dag.py
[2025-02-04T14:59:01.164+0000] {logging_mixin.py:190} INFO - [2025-02-04T14:59:01.164+0000] {dag.py:3239} INFO - Sync 1 DAGs
[2025-02-04T14:59:01.207+0000] {logging_mixin.py:190} INFO - [2025-02-04T14:59:01.206+0000] {dag.py:4180} INFO - Setting next_dagrun for example_nested_branch_dag to 2025-02-03 00:00:00+00:00, run_after=2025-02-04 00:00:00+00:00
[2025-02-04T14:59:01.243+0000] {processor.py:208} INFO - Processing /home/airflow/.local/lib/python3.12/site-packages/airflow/example_dags/example_nested_branch_dag.py took 0.152 seconds
[2025-02-04T14:59:32.900+0000] {processor.py:186} INFO - Started process (PID=1283) to work on /home/airflow/.local/lib/python3.12/site-packages/airflow/example_dags/example_nested_branch_dag.py
[2025-02-04T14:59:32.902+0000] {processor.py:914} INFO - Processing file /home/airflow/.local/lib/python3.12/site-packages/airflow/example_dags/example_nested_branch_dag.py for tasks to queue
[2025-02-04T14:59:32.907+0000] {logging_mixin.py:190} INFO - [2025-02-04T14:59:32.906+0000] {dagbag.py:588} INFO - Filling up the DagBag from /home/airflow/.local/lib/python3.12/site-packages/airflow/example_dags/example_nested_branch_dag.py
[2025-02-04T14:59:32.932+0000] {processor.py:925} INFO - DAG(s) 'example_nested_branch_dag' retrieved from /home/airflow/.local/lib/python3.12/site-packages/airflow/example_dags/example_nested_branch_dag.py
[2025-02-04T14:59:32.981+0000] {logging_mixin.py:190} INFO - [2025-02-04T14:59:32.981+0000] {dag.py:3239} INFO - Sync 1 DAGs
[2025-02-04T14:59:33.042+0000] {logging_mixin.py:190} INFO - [2025-02-04T14:59:33.041+0000] {dag.py:4180} INFO - Setting next_dagrun for example_nested_branch_dag to 2025-02-03 00:00:00+00:00, run_after=2025-02-04 00:00:00+00:00
[2025-02-04T14:59:33.080+0000] {processor.py:208} INFO - Processing /home/airflow/.local/lib/python3.12/site-packages/airflow/example_dags/example_nested_branch_dag.py took 0.194 seconds
[2025-02-04T15:00:04.147+0000] {processor.py:186} INFO - Started process (PID=1347) to work on /home/airflow/.local/lib/python3.12/site-packages/airflow/example_dags/example_nested_branch_dag.py
[2025-02-04T15:00:04.148+0000] {processor.py:914} INFO - Processing file /home/airflow/.local/lib/python3.12/site-packages/airflow/example_dags/example_nested_branch_dag.py for tasks to queue
[2025-02-04T15:00:04.153+0000] {logging_mixin.py:190} INFO - [2025-02-04T15:00:04.152+0000] {dagbag.py:588} INFO - Filling up the DagBag from /home/airflow/.local/lib/python3.12/site-packages/airflow/example_dags/example_nested_branch_dag.py
[2025-02-04T15:00:04.172+0000] {processor.py:925} INFO - DAG(s) 'example_nested_branch_dag' retrieved from /home/airflow/.local/lib/python3.12/site-packages/airflow/example_dags/example_nested_branch_dag.py
[2025-02-04T15:00:04.207+0000] {logging_mixin.py:190} INFO - [2025-02-04T15:00:04.207+0000] {dag.py:3239} INFO - Sync 1 DAGs
[2025-02-04T15:00:04.266+0000] {logging_mixin.py:190} INFO - [2025-02-04T15:00:04.265+0000] {dag.py:4180} INFO - Setting next_dagrun for example_nested_branch_dag to 2025-02-03 00:00:00+00:00, run_after=2025-02-04 00:00:00+00:00
[2025-02-04T15:00:04.316+0000] {processor.py:208} INFO - Processing /home/airflow/.local/lib/python3.12/site-packages/airflow/example_dags/example_nested_branch_dag.py took 0.178 seconds
[2025-02-04T15:00:34.897+0000] {processor.py:186} INFO - Started process (PID=1410) to work on /home/airflow/.local/lib/python3.12/site-packages/airflow/example_dags/example_nested_branch_dag.py
[2025-02-04T15:00:34.899+0000] {processor.py:914} INFO - Processing file /home/airflow/.local/lib/python3.12/site-packages/airflow/example_dags/example_nested_branch_dag.py for tasks to queue
[2025-02-04T15:00:34.904+0000] {logging_mixin.py:190} INFO - [2025-02-04T15:00:34.903+0000] {dagbag.py:588} INFO - Filling up the DagBag from /home/airflow/.local/lib/python3.12/site-packages/airflow/example_dags/example_nested_branch_dag.py
[2025-02-04T15:00:34.934+0000] {processor.py:925} INFO - DAG(s) 'example_nested_branch_dag' retrieved from /home/airflow/.local/lib/python3.12/site-packages/airflow/example_dags/example_nested_branch_dag.py
[2025-02-04T15:00:34.982+0000] {logging_mixin.py:190} INFO - [2025-02-04T15:00:34.981+0000] {dag.py:3239} INFO - Sync 1 DAGs
[2025-02-04T15:00:35.028+0000] {logging_mixin.py:190} INFO - [2025-02-04T15:00:35.028+0000] {dag.py:4180} INFO - Setting next_dagrun for example_nested_branch_dag to 2025-02-03 00:00:00+00:00, run_after=2025-02-04 00:00:00+00:00
[2025-02-04T15:00:35.058+0000] {processor.py:208} INFO - Processing /home/airflow/.local/lib/python3.12/site-packages/airflow/example_dags/example_nested_branch_dag.py took 0.173 seconds
[2025-02-04T15:01:06.200+0000] {processor.py:186} INFO - Started process (PID=1474) to work on /home/airflow/.local/lib/python3.12/site-packages/airflow/example_dags/example_nested_branch_dag.py
[2025-02-04T15:01:06.202+0000] {processor.py:914} INFO - Processing file /home/airflow/.local/lib/python3.12/site-packages/airflow/example_dags/example_nested_branch_dag.py for tasks to queue
[2025-02-04T15:01:06.207+0000] {logging_mixin.py:190} INFO - [2025-02-04T15:01:06.206+0000] {dagbag.py:588} INFO - Filling up the DagBag from /home/airflow/.local/lib/python3.12/site-packages/airflow/example_dags/example_nested_branch_dag.py
[2025-02-04T15:01:06.232+0000] {processor.py:925} INFO - DAG(s) 'example_nested_branch_dag' retrieved from /home/airflow/.local/lib/python3.12/site-packages/airflow/example_dags/example_nested_branch_dag.py
[2025-02-04T15:01:06.275+0000] {logging_mixin.py:190} INFO - [2025-02-04T15:01:06.274+0000] {dag.py:3239} INFO - Sync 1 DAGs
[2025-02-04T15:01:06.323+0000] {logging_mixin.py:190} INFO - [2025-02-04T15:01:06.322+0000] {dag.py:4180} INFO - Setting next_dagrun for example_nested_branch_dag to 2025-02-03 00:00:00+00:00, run_after=2025-02-04 00:00:00+00:00
[2025-02-04T15:01:06.358+0000] {processor.py:208} INFO - Processing /home/airflow/.local/lib/python3.12/site-packages/airflow/example_dags/example_nested_branch_dag.py took 0.171 seconds
[2025-02-04T15:01:36.948+0000] {processor.py:186} INFO - Started process (PID=1536) to work on /home/airflow/.local/lib/python3.12/site-packages/airflow/example_dags/example_nested_branch_dag.py
[2025-02-04T15:01:36.950+0000] {processor.py:914} INFO - Processing file /home/airflow/.local/lib/python3.12/site-packages/airflow/example_dags/example_nested_branch_dag.py for tasks to queue
[2025-02-04T15:01:36.956+0000] {logging_mixin.py:190} INFO - [2025-02-04T15:01:36.955+0000] {dagbag.py:588} INFO - Filling up the DagBag from /home/airflow/.local/lib/python3.12/site-packages/airflow/example_dags/example_nested_branch_dag.py
[2025-02-04T15:01:36.984+0000] {processor.py:925} INFO - DAG(s) 'example_nested_branch_dag' retrieved from /home/airflow/.local/lib/python3.12/site-packages/airflow/example_dags/example_nested_branch_dag.py
[2025-02-04T15:01:37.035+0000] {logging_mixin.py:190} INFO - [2025-02-04T15:01:37.035+0000] {dag.py:3239} INFO - Sync 1 DAGs
[2025-02-04T15:01:37.107+0000] {logging_mixin.py:190} INFO - [2025-02-04T15:01:37.106+0000] {dag.py:4180} INFO - Setting next_dagrun for example_nested_branch_dag to 2025-02-03 00:00:00+00:00, run_after=2025-02-04 00:00:00+00:00
[2025-02-04T15:01:37.149+0000] {processor.py:208} INFO - Processing /home/airflow/.local/lib/python3.12/site-packages/airflow/example_dags/example_nested_branch_dag.py took 0.215 seconds
