[2025-02-04T14:07:08.664+0000] {processor.py:186} INFO - Started process (PID=91) to work on /home/airflow/.local/lib/python3.12/site-packages/airflow/example_dags/example_latest_only.py
[2025-02-04T14:07:08.667+0000] {processor.py:914} INFO - Processing file /home/airflow/.local/lib/python3.12/site-packages/airflow/example_dags/example_latest_only.py for tasks to queue
[2025-02-04T14:07:08.722+0000] {logging_mixin.py:190} INFO - [2025-02-04T14:07:08.722+0000] {dagbag.py:588} INFO - Filling up the DagBag from /home/airflow/.local/lib/python3.12/site-packages/airflow/example_dags/example_latest_only.py
[2025-02-04T14:07:08.765+0000] {processor.py:925} INFO - DAG(s) 'latest_only' retrieved from /home/airflow/.local/lib/python3.12/site-packages/airflow/example_dags/example_latest_only.py
[2025-02-04T14:07:09.644+0000] {logging_mixin.py:190} INFO - [2025-02-04T14:07:09.643+0000] {override.py:1911} INFO - Created Permission View: can delete on DAG:latest_only
[2025-02-04T14:07:09.683+0000] {logging_mixin.py:190} INFO - [2025-02-04T14:07:09.682+0000] {override.py:1911} INFO - Created Permission View: can read on DAG:latest_only
[2025-02-04T14:07:09.739+0000] {logging_mixin.py:190} INFO - [2025-02-04T14:07:09.738+0000] {override.py:1911} INFO - Created Permission View: can edit on DAG:latest_only
[2025-02-04T14:07:09.827+0000] {logging_mixin.py:190} INFO - [2025-02-04T14:07:09.826+0000] {override.py:1911} INFO - Created Permission View: can delete on DAG Run:latest_only
[2025-02-04T14:07:09.898+0000] {logging_mixin.py:190} INFO - [2025-02-04T14:07:09.897+0000] {override.py:1911} INFO - Created Permission View: menu access on DAG Run:latest_only
[2025-02-04T14:07:10.006+0000] {logging_mixin.py:190} INFO - [2025-02-04T14:07:10.006+0000] {override.py:1911} INFO - Created Permission View: can read on DAG Run:latest_only
[2025-02-04T14:07:10.050+0000] {logging_mixin.py:190} INFO - [2025-02-04T14:07:10.049+0000] {override.py:1911} INFO - Created Permission View: can create on DAG Run:latest_only
[2025-02-04T14:07:10.052+0000] {logging_mixin.py:190} INFO - [2025-02-04T14:07:10.051+0000] {dag.py:3239} INFO - Sync 1 DAGs
[2025-02-04T14:07:10.189+0000] {logging_mixin.py:190} INFO - [2025-02-04T14:07:10.188+0000] {dag.py:3262} INFO - Creating ORM DAG for latest_only
[2025-02-04T14:07:10.578+0000] {logging_mixin.py:190} INFO - [2025-02-04T14:07:10.578+0000] {dag.py:4180} INFO - Setting next_dagrun for latest_only to 2025-02-04 08:00:00+00:00, run_after=2025-02-04 12:00:00+00:00
[2025-02-04T14:07:10.757+0000] {processor.py:208} INFO - Processing /home/airflow/.local/lib/python3.12/site-packages/airflow/example_dags/example_latest_only.py took 2.145 seconds
[2025-02-04T14:08:26.404+0000] {processor.py:186} INFO - Started process (PID=160) to work on /home/airflow/.local/lib/python3.12/site-packages/airflow/example_dags/example_latest_only.py
[2025-02-04T14:08:26.407+0000] {processor.py:914} INFO - Processing file /home/airflow/.local/lib/python3.12/site-packages/airflow/example_dags/example_latest_only.py for tasks to queue
[2025-02-04T14:08:26.414+0000] {logging_mixin.py:190} INFO - [2025-02-04T14:08:26.411+0000] {dagbag.py:588} INFO - Filling up the DagBag from /home/airflow/.local/lib/python3.12/site-packages/airflow/example_dags/example_latest_only.py
[2025-02-04T14:08:26.439+0000] {processor.py:925} INFO - DAG(s) 'latest_only' retrieved from /home/airflow/.local/lib/python3.12/site-packages/airflow/example_dags/example_latest_only.py
[2025-02-04T14:08:26.492+0000] {logging_mixin.py:190} INFO - [2025-02-04T14:08:26.491+0000] {dag.py:3239} INFO - Sync 1 DAGs
[2025-02-04T14:08:26.559+0000] {logging_mixin.py:190} INFO - [2025-02-04T14:08:26.559+0000] {dag.py:4180} INFO - Setting next_dagrun for latest_only to 2025-02-04 08:00:00+00:00, run_after=2025-02-04 12:00:00+00:00
[2025-02-04T14:08:26.611+0000] {processor.py:208} INFO - Processing /home/airflow/.local/lib/python3.12/site-packages/airflow/example_dags/example_latest_only.py took 0.228 seconds
[2025-02-04T14:08:56.843+0000] {processor.py:186} INFO - Started process (PID=223) to work on /home/airflow/.local/lib/python3.12/site-packages/airflow/example_dags/example_latest_only.py
[2025-02-04T14:08:56.845+0000] {processor.py:914} INFO - Processing file /home/airflow/.local/lib/python3.12/site-packages/airflow/example_dags/example_latest_only.py for tasks to queue
[2025-02-04T14:08:56.849+0000] {logging_mixin.py:190} INFO - [2025-02-04T14:08:56.848+0000] {dagbag.py:588} INFO - Filling up the DagBag from /home/airflow/.local/lib/python3.12/site-packages/airflow/example_dags/example_latest_only.py
[2025-02-04T14:08:56.860+0000] {processor.py:925} INFO - DAG(s) 'latest_only' retrieved from /home/airflow/.local/lib/python3.12/site-packages/airflow/example_dags/example_latest_only.py
[2025-02-04T14:08:56.889+0000] {logging_mixin.py:190} INFO - [2025-02-04T14:08:56.889+0000] {dag.py:3239} INFO - Sync 1 DAGs
[2025-02-04T14:08:56.927+0000] {logging_mixin.py:190} INFO - [2025-02-04T14:08:56.927+0000] {dag.py:4180} INFO - Setting next_dagrun for latest_only to 2025-02-04 08:00:00+00:00, run_after=2025-02-04 12:00:00+00:00
[2025-02-04T14:08:56.958+0000] {processor.py:208} INFO - Processing /home/airflow/.local/lib/python3.12/site-packages/airflow/example_dags/example_latest_only.py took 0.124 seconds
[2025-02-04T14:09:30.723+0000] {processor.py:186} INFO - Started process (PID=288) to work on /home/airflow/.local/lib/python3.12/site-packages/airflow/example_dags/example_latest_only.py
[2025-02-04T14:09:30.727+0000] {processor.py:914} INFO - Processing file /home/airflow/.local/lib/python3.12/site-packages/airflow/example_dags/example_latest_only.py for tasks to queue
[2025-02-04T14:09:30.734+0000] {logging_mixin.py:190} INFO - [2025-02-04T14:09:30.734+0000] {dagbag.py:588} INFO - Filling up the DagBag from /home/airflow/.local/lib/python3.12/site-packages/airflow/example_dags/example_latest_only.py
[2025-02-04T14:09:30.761+0000] {processor.py:925} INFO - DAG(s) 'latest_only' retrieved from /home/airflow/.local/lib/python3.12/site-packages/airflow/example_dags/example_latest_only.py
[2025-02-04T14:09:30.805+0000] {logging_mixin.py:190} INFO - [2025-02-04T14:09:30.804+0000] {dag.py:3239} INFO - Sync 1 DAGs
[2025-02-04T14:09:30.855+0000] {logging_mixin.py:190} INFO - [2025-02-04T14:09:30.854+0000] {dag.py:4180} INFO - Setting next_dagrun for latest_only to 2025-02-04 08:00:00+00:00, run_after=2025-02-04 12:00:00+00:00
[2025-02-04T14:09:30.900+0000] {processor.py:208} INFO - Processing /home/airflow/.local/lib/python3.12/site-packages/airflow/example_dags/example_latest_only.py took 0.198 seconds
[2025-02-04T14:10:01.231+0000] {processor.py:186} INFO - Started process (PID=350) to work on /home/airflow/.local/lib/python3.12/site-packages/airflow/example_dags/example_latest_only.py
[2025-02-04T14:10:01.233+0000] {processor.py:914} INFO - Processing file /home/airflow/.local/lib/python3.12/site-packages/airflow/example_dags/example_latest_only.py for tasks to queue
[2025-02-04T14:10:01.236+0000] {logging_mixin.py:190} INFO - [2025-02-04T14:10:01.236+0000] {dagbag.py:588} INFO - Filling up the DagBag from /home/airflow/.local/lib/python3.12/site-packages/airflow/example_dags/example_latest_only.py
[2025-02-04T14:10:01.249+0000] {processor.py:925} INFO - DAG(s) 'latest_only' retrieved from /home/airflow/.local/lib/python3.12/site-packages/airflow/example_dags/example_latest_only.py
[2025-02-04T14:10:01.286+0000] {logging_mixin.py:190} INFO - [2025-02-04T14:10:01.285+0000] {dag.py:3239} INFO - Sync 1 DAGs
[2025-02-04T14:10:01.335+0000] {logging_mixin.py:190} INFO - [2025-02-04T14:10:01.334+0000] {dag.py:4180} INFO - Setting next_dagrun for latest_only to 2025-02-04 08:00:00+00:00, run_after=2025-02-04 12:00:00+00:00
[2025-02-04T14:10:01.367+0000] {processor.py:208} INFO - Processing /home/airflow/.local/lib/python3.12/site-packages/airflow/example_dags/example_latest_only.py took 0.146 seconds
[2025-02-04T14:10:49.026+0000] {processor.py:186} INFO - Started process (PID=421) to work on /home/airflow/.local/lib/python3.12/site-packages/airflow/example_dags/example_latest_only.py
[2025-02-04T14:10:49.029+0000] {processor.py:914} INFO - Processing file /home/airflow/.local/lib/python3.12/site-packages/airflow/example_dags/example_latest_only.py for tasks to queue
[2025-02-04T14:10:49.037+0000] {logging_mixin.py:190} INFO - [2025-02-04T14:10:49.037+0000] {dagbag.py:588} INFO - Filling up the DagBag from /home/airflow/.local/lib/python3.12/site-packages/airflow/example_dags/example_latest_only.py
[2025-02-04T14:10:49.054+0000] {processor.py:925} INFO - DAG(s) 'latest_only' retrieved from /home/airflow/.local/lib/python3.12/site-packages/airflow/example_dags/example_latest_only.py
[2025-02-04T14:10:49.097+0000] {logging_mixin.py:190} INFO - [2025-02-04T14:10:49.097+0000] {dag.py:3239} INFO - Sync 1 DAGs
[2025-02-04T14:10:49.148+0000] {logging_mixin.py:190} INFO - [2025-02-04T14:10:49.148+0000] {dag.py:4180} INFO - Setting next_dagrun for latest_only to 2025-02-04 08:00:00+00:00, run_after=2025-02-04 12:00:00+00:00
[2025-02-04T14:10:49.186+0000] {processor.py:208} INFO - Processing /home/airflow/.local/lib/python3.12/site-packages/airflow/example_dags/example_latest_only.py took 0.182 seconds
[2025-02-04T14:11:22.141+0000] {processor.py:186} INFO - Started process (PID=485) to work on /home/airflow/.local/lib/python3.12/site-packages/airflow/example_dags/example_latest_only.py
[2025-02-04T14:11:22.143+0000] {processor.py:914} INFO - Processing file /home/airflow/.local/lib/python3.12/site-packages/airflow/example_dags/example_latest_only.py for tasks to queue
[2025-02-04T14:11:22.147+0000] {logging_mixin.py:190} INFO - [2025-02-04T14:11:22.147+0000] {dagbag.py:588} INFO - Filling up the DagBag from /home/airflow/.local/lib/python3.12/site-packages/airflow/example_dags/example_latest_only.py
[2025-02-04T14:11:22.169+0000] {processor.py:925} INFO - DAG(s) 'latest_only' retrieved from /home/airflow/.local/lib/python3.12/site-packages/airflow/example_dags/example_latest_only.py
[2025-02-04T14:11:22.245+0000] {logging_mixin.py:190} INFO - [2025-02-04T14:11:22.244+0000] {dag.py:3239} INFO - Sync 1 DAGs
[2025-02-04T14:11:22.326+0000] {logging_mixin.py:190} INFO - [2025-02-04T14:11:22.325+0000] {dag.py:4180} INFO - Setting next_dagrun for latest_only to 2025-02-04 08:00:00+00:00, run_after=2025-02-04 12:00:00+00:00
[2025-02-04T14:11:22.420+0000] {processor.py:208} INFO - Processing /home/airflow/.local/lib/python3.12/site-packages/airflow/example_dags/example_latest_only.py took 0.292 seconds
[2025-02-04T14:18:36.877+0000] {processor.py:186} INFO - Started process (PID=81) to work on /home/airflow/.local/lib/python3.12/site-packages/airflow/example_dags/example_latest_only.py
[2025-02-04T14:18:36.902+0000] {processor.py:914} INFO - Processing file /home/airflow/.local/lib/python3.12/site-packages/airflow/example_dags/example_latest_only.py for tasks to queue
[2025-02-04T14:18:36.907+0000] {logging_mixin.py:190} INFO - [2025-02-04T14:18:36.906+0000] {dagbag.py:588} INFO - Filling up the DagBag from /home/airflow/.local/lib/python3.12/site-packages/airflow/example_dags/example_latest_only.py
[2025-02-04T14:18:36.932+0000] {processor.py:925} INFO - DAG(s) 'latest_only' retrieved from /home/airflow/.local/lib/python3.12/site-packages/airflow/example_dags/example_latest_only.py
[2025-02-04T14:18:36.993+0000] {logging_mixin.py:190} INFO - [2025-02-04T14:18:36.993+0000] {dag.py:3239} INFO - Sync 1 DAGs
[2025-02-04T14:18:37.053+0000] {logging_mixin.py:190} INFO - [2025-02-04T14:18:37.053+0000] {dag.py:4180} INFO - Setting next_dagrun for latest_only to 2025-02-04 08:00:00+00:00, run_after=2025-02-04 12:00:00+00:00
[2025-02-04T14:18:37.096+0000] {processor.py:208} INFO - Processing /home/airflow/.local/lib/python3.12/site-packages/airflow/example_dags/example_latest_only.py took 0.241 seconds
[2025-02-04T14:19:08.152+0000] {processor.py:186} INFO - Started process (PID=146) to work on /home/airflow/.local/lib/python3.12/site-packages/airflow/example_dags/example_latest_only.py
[2025-02-04T14:19:08.155+0000] {processor.py:914} INFO - Processing file /home/airflow/.local/lib/python3.12/site-packages/airflow/example_dags/example_latest_only.py for tasks to queue
[2025-02-04T14:19:08.161+0000] {logging_mixin.py:190} INFO - [2025-02-04T14:19:08.159+0000] {dagbag.py:588} INFO - Filling up the DagBag from /home/airflow/.local/lib/python3.12/site-packages/airflow/example_dags/example_latest_only.py
[2025-02-04T14:19:08.188+0000] {processor.py:925} INFO - DAG(s) 'latest_only' retrieved from /home/airflow/.local/lib/python3.12/site-packages/airflow/example_dags/example_latest_only.py
[2025-02-04T14:19:08.250+0000] {logging_mixin.py:190} INFO - [2025-02-04T14:19:08.250+0000] {dag.py:3239} INFO - Sync 1 DAGs
[2025-02-04T14:19:08.297+0000] {logging_mixin.py:190} INFO - [2025-02-04T14:19:08.296+0000] {dag.py:4180} INFO - Setting next_dagrun for latest_only to 2025-02-04 08:00:00+00:00, run_after=2025-02-04 12:00:00+00:00
[2025-02-04T14:19:08.333+0000] {processor.py:208} INFO - Processing /home/airflow/.local/lib/python3.12/site-packages/airflow/example_dags/example_latest_only.py took 0.199 seconds
[2025-02-04T14:19:39.759+0000] {processor.py:186} INFO - Started process (PID=215) to work on /home/airflow/.local/lib/python3.12/site-packages/airflow/example_dags/example_latest_only.py
[2025-02-04T14:19:39.761+0000] {processor.py:914} INFO - Processing file /home/airflow/.local/lib/python3.12/site-packages/airflow/example_dags/example_latest_only.py for tasks to queue
[2025-02-04T14:19:39.763+0000] {logging_mixin.py:190} INFO - [2025-02-04T14:19:39.762+0000] {dagbag.py:588} INFO - Filling up the DagBag from /home/airflow/.local/lib/python3.12/site-packages/airflow/example_dags/example_latest_only.py
[2025-02-04T14:19:39.776+0000] {processor.py:925} INFO - DAG(s) 'latest_only' retrieved from /home/airflow/.local/lib/python3.12/site-packages/airflow/example_dags/example_latest_only.py
[2025-02-04T14:19:39.808+0000] {logging_mixin.py:190} INFO - [2025-02-04T14:19:39.808+0000] {dag.py:3239} INFO - Sync 1 DAGs
[2025-02-04T14:19:39.847+0000] {logging_mixin.py:190} INFO - [2025-02-04T14:19:39.846+0000] {dag.py:4180} INFO - Setting next_dagrun for latest_only to 2025-02-04 08:00:00+00:00, run_after=2025-02-04 12:00:00+00:00
[2025-02-04T14:19:39.878+0000] {processor.py:208} INFO - Processing /home/airflow/.local/lib/python3.12/site-packages/airflow/example_dags/example_latest_only.py took 0.131 seconds
[2025-02-04T14:20:11.144+0000] {processor.py:186} INFO - Started process (PID=286) to work on /home/airflow/.local/lib/python3.12/site-packages/airflow/example_dags/example_latest_only.py
[2025-02-04T14:20:11.146+0000] {processor.py:914} INFO - Processing file /home/airflow/.local/lib/python3.12/site-packages/airflow/example_dags/example_latest_only.py for tasks to queue
[2025-02-04T14:20:11.148+0000] {logging_mixin.py:190} INFO - [2025-02-04T14:20:11.148+0000] {dagbag.py:588} INFO - Filling up the DagBag from /home/airflow/.local/lib/python3.12/site-packages/airflow/example_dags/example_latest_only.py
[2025-02-04T14:20:11.164+0000] {processor.py:925} INFO - DAG(s) 'latest_only' retrieved from /home/airflow/.local/lib/python3.12/site-packages/airflow/example_dags/example_latest_only.py
[2025-02-04T14:20:11.201+0000] {logging_mixin.py:190} INFO - [2025-02-04T14:20:11.201+0000] {dag.py:3239} INFO - Sync 1 DAGs
[2025-02-04T14:20:11.244+0000] {logging_mixin.py:190} INFO - [2025-02-04T14:20:11.243+0000] {dag.py:4180} INFO - Setting next_dagrun for latest_only to 2025-02-04 08:00:00+00:00, run_after=2025-02-04 12:00:00+00:00
[2025-02-04T14:20:11.280+0000] {processor.py:208} INFO - Processing /home/airflow/.local/lib/python3.12/site-packages/airflow/example_dags/example_latest_only.py took 0.147 seconds
[2025-02-04T14:20:49.343+0000] {processor.py:186} INFO - Started process (PID=357) to work on /home/airflow/.local/lib/python3.12/site-packages/airflow/example_dags/example_latest_only.py
[2025-02-04T14:20:49.346+0000] {processor.py:914} INFO - Processing file /home/airflow/.local/lib/python3.12/site-packages/airflow/example_dags/example_latest_only.py for tasks to queue
[2025-02-04T14:20:49.349+0000] {logging_mixin.py:190} INFO - [2025-02-04T14:20:49.348+0000] {dagbag.py:588} INFO - Filling up the DagBag from /home/airflow/.local/lib/python3.12/site-packages/airflow/example_dags/example_latest_only.py
[2025-02-04T14:20:49.367+0000] {processor.py:925} INFO - DAG(s) 'latest_only' retrieved from /home/airflow/.local/lib/python3.12/site-packages/airflow/example_dags/example_latest_only.py
[2025-02-04T14:20:49.405+0000] {logging_mixin.py:190} INFO - [2025-02-04T14:20:49.405+0000] {dag.py:3239} INFO - Sync 1 DAGs
[2025-02-04T14:20:49.451+0000] {logging_mixin.py:190} INFO - [2025-02-04T14:20:49.450+0000] {dag.py:4180} INFO - Setting next_dagrun for latest_only to 2025-02-04 08:00:00+00:00, run_after=2025-02-04 12:00:00+00:00
[2025-02-04T14:20:49.490+0000] {processor.py:208} INFO - Processing /home/airflow/.local/lib/python3.12/site-packages/airflow/example_dags/example_latest_only.py took 0.158 seconds
[2025-02-04T14:21:19.933+0000] {processor.py:186} INFO - Started process (PID=429) to work on /home/airflow/.local/lib/python3.12/site-packages/airflow/example_dags/example_latest_only.py
[2025-02-04T14:21:19.935+0000] {processor.py:914} INFO - Processing file /home/airflow/.local/lib/python3.12/site-packages/airflow/example_dags/example_latest_only.py for tasks to queue
[2025-02-04T14:21:19.938+0000] {logging_mixin.py:190} INFO - [2025-02-04T14:21:19.937+0000] {dagbag.py:588} INFO - Filling up the DagBag from /home/airflow/.local/lib/python3.12/site-packages/airflow/example_dags/example_latest_only.py
[2025-02-04T14:21:19.953+0000] {processor.py:925} INFO - DAG(s) 'latest_only' retrieved from /home/airflow/.local/lib/python3.12/site-packages/airflow/example_dags/example_latest_only.py
[2025-02-04T14:21:20.019+0000] {logging_mixin.py:190} INFO - [2025-02-04T14:21:20.018+0000] {dag.py:3239} INFO - Sync 1 DAGs
[2025-02-04T14:21:20.076+0000] {logging_mixin.py:190} INFO - [2025-02-04T14:21:20.075+0000] {dag.py:4180} INFO - Setting next_dagrun for latest_only to 2025-02-04 08:00:00+00:00, run_after=2025-02-04 12:00:00+00:00
[2025-02-04T14:21:20.125+0000] {processor.py:208} INFO - Processing /home/airflow/.local/lib/python3.12/site-packages/airflow/example_dags/example_latest_only.py took 0.204 seconds
[2025-02-04T14:21:52.734+0000] {processor.py:186} INFO - Started process (PID=494) to work on /home/airflow/.local/lib/python3.12/site-packages/airflow/example_dags/example_latest_only.py
[2025-02-04T14:21:52.736+0000] {processor.py:914} INFO - Processing file /home/airflow/.local/lib/python3.12/site-packages/airflow/example_dags/example_latest_only.py for tasks to queue
[2025-02-04T14:21:52.739+0000] {logging_mixin.py:190} INFO - [2025-02-04T14:21:52.738+0000] {dagbag.py:588} INFO - Filling up the DagBag from /home/airflow/.local/lib/python3.12/site-packages/airflow/example_dags/example_latest_only.py
[2025-02-04T14:21:52.757+0000] {processor.py:925} INFO - DAG(s) 'latest_only' retrieved from /home/airflow/.local/lib/python3.12/site-packages/airflow/example_dags/example_latest_only.py
[2025-02-04T14:21:52.801+0000] {logging_mixin.py:190} INFO - [2025-02-04T14:21:52.800+0000] {dag.py:3239} INFO - Sync 1 DAGs
[2025-02-04T14:21:52.883+0000] {logging_mixin.py:190} INFO - [2025-02-04T14:21:52.882+0000] {dag.py:4180} INFO - Setting next_dagrun for latest_only to 2025-02-04 08:00:00+00:00, run_after=2025-02-04 12:00:00+00:00
[2025-02-04T14:21:52.959+0000] {processor.py:208} INFO - Processing /home/airflow/.local/lib/python3.12/site-packages/airflow/example_dags/example_latest_only.py took 0.234 seconds
[2025-02-04T14:22:23.917+0000] {processor.py:186} INFO - Started process (PID=567) to work on /home/airflow/.local/lib/python3.12/site-packages/airflow/example_dags/example_latest_only.py
[2025-02-04T14:22:23.919+0000] {processor.py:914} INFO - Processing file /home/airflow/.local/lib/python3.12/site-packages/airflow/example_dags/example_latest_only.py for tasks to queue
[2025-02-04T14:22:23.924+0000] {logging_mixin.py:190} INFO - [2025-02-04T14:22:23.924+0000] {dagbag.py:588} INFO - Filling up the DagBag from /home/airflow/.local/lib/python3.12/site-packages/airflow/example_dags/example_latest_only.py
[2025-02-04T14:22:23.946+0000] {processor.py:925} INFO - DAG(s) 'latest_only' retrieved from /home/airflow/.local/lib/python3.12/site-packages/airflow/example_dags/example_latest_only.py
[2025-02-04T14:22:23.987+0000] {logging_mixin.py:190} INFO - [2025-02-04T14:22:23.986+0000] {dag.py:3239} INFO - Sync 1 DAGs
[2025-02-04T14:22:24.041+0000] {logging_mixin.py:190} INFO - [2025-02-04T14:22:24.041+0000] {dag.py:4180} INFO - Setting next_dagrun for latest_only to 2025-02-04 08:00:00+00:00, run_after=2025-02-04 12:00:00+00:00
[2025-02-04T14:22:24.078+0000] {processor.py:208} INFO - Processing /home/airflow/.local/lib/python3.12/site-packages/airflow/example_dags/example_latest_only.py took 0.172 seconds
[2025-02-04T14:22:54.650+0000] {processor.py:186} INFO - Started process (PID=632) to work on /home/airflow/.local/lib/python3.12/site-packages/airflow/example_dags/example_latest_only.py
[2025-02-04T14:22:54.653+0000] {processor.py:914} INFO - Processing file /home/airflow/.local/lib/python3.12/site-packages/airflow/example_dags/example_latest_only.py for tasks to queue
[2025-02-04T14:22:54.655+0000] {logging_mixin.py:190} INFO - [2025-02-04T14:22:54.655+0000] {dagbag.py:588} INFO - Filling up the DagBag from /home/airflow/.local/lib/python3.12/site-packages/airflow/example_dags/example_latest_only.py
[2025-02-04T14:22:54.669+0000] {processor.py:925} INFO - DAG(s) 'latest_only' retrieved from /home/airflow/.local/lib/python3.12/site-packages/airflow/example_dags/example_latest_only.py
[2025-02-04T14:22:54.702+0000] {logging_mixin.py:190} INFO - [2025-02-04T14:22:54.702+0000] {dag.py:3239} INFO - Sync 1 DAGs
[2025-02-04T14:22:54.742+0000] {logging_mixin.py:190} INFO - [2025-02-04T14:22:54.742+0000] {dag.py:4180} INFO - Setting next_dagrun for latest_only to 2025-02-04 08:00:00+00:00, run_after=2025-02-04 12:00:00+00:00
[2025-02-04T14:22:54.775+0000] {processor.py:208} INFO - Processing /home/airflow/.local/lib/python3.12/site-packages/airflow/example_dags/example_latest_only.py took 0.138 seconds
[2025-02-04T14:23:25.666+0000] {processor.py:186} INFO - Started process (PID=697) to work on /home/airflow/.local/lib/python3.12/site-packages/airflow/example_dags/example_latest_only.py
[2025-02-04T14:23:25.670+0000] {processor.py:914} INFO - Processing file /home/airflow/.local/lib/python3.12/site-packages/airflow/example_dags/example_latest_only.py for tasks to queue
[2025-02-04T14:23:25.673+0000] {logging_mixin.py:190} INFO - [2025-02-04T14:23:25.672+0000] {dagbag.py:588} INFO - Filling up the DagBag from /home/airflow/.local/lib/python3.12/site-packages/airflow/example_dags/example_latest_only.py
[2025-02-04T14:23:25.688+0000] {processor.py:925} INFO - DAG(s) 'latest_only' retrieved from /home/airflow/.local/lib/python3.12/site-packages/airflow/example_dags/example_latest_only.py
[2025-02-04T14:23:25.720+0000] {logging_mixin.py:190} INFO - [2025-02-04T14:23:25.719+0000] {dag.py:3239} INFO - Sync 1 DAGs
[2025-02-04T14:23:25.764+0000] {logging_mixin.py:190} INFO - [2025-02-04T14:23:25.763+0000] {dag.py:4180} INFO - Setting next_dagrun for latest_only to 2025-02-04 08:00:00+00:00, run_after=2025-02-04 12:00:00+00:00
[2025-02-04T14:23:25.798+0000] {processor.py:208} INFO - Processing /home/airflow/.local/lib/python3.12/site-packages/airflow/example_dags/example_latest_only.py took 0.147 seconds
[2025-02-04T14:23:56.486+0000] {processor.py:186} INFO - Started process (PID=760) to work on /home/airflow/.local/lib/python3.12/site-packages/airflow/example_dags/example_latest_only.py
[2025-02-04T14:23:56.488+0000] {processor.py:914} INFO - Processing file /home/airflow/.local/lib/python3.12/site-packages/airflow/example_dags/example_latest_only.py for tasks to queue
[2025-02-04T14:23:56.491+0000] {logging_mixin.py:190} INFO - [2025-02-04T14:23:56.490+0000] {dagbag.py:588} INFO - Filling up the DagBag from /home/airflow/.local/lib/python3.12/site-packages/airflow/example_dags/example_latest_only.py
[2025-02-04T14:23:56.509+0000] {processor.py:925} INFO - DAG(s) 'latest_only' retrieved from /home/airflow/.local/lib/python3.12/site-packages/airflow/example_dags/example_latest_only.py
[2025-02-04T14:23:56.546+0000] {logging_mixin.py:190} INFO - [2025-02-04T14:23:56.546+0000] {dag.py:3239} INFO - Sync 1 DAGs
[2025-02-04T14:23:56.612+0000] {logging_mixin.py:190} INFO - [2025-02-04T14:23:56.611+0000] {dag.py:4180} INFO - Setting next_dagrun for latest_only to 2025-02-04 08:00:00+00:00, run_after=2025-02-04 12:00:00+00:00
[2025-02-04T14:23:56.685+0000] {processor.py:208} INFO - Processing /home/airflow/.local/lib/python3.12/site-packages/airflow/example_dags/example_latest_only.py took 0.211 seconds
[2025-02-04T14:24:28.279+0000] {processor.py:186} INFO - Started process (PID=825) to work on /home/airflow/.local/lib/python3.12/site-packages/airflow/example_dags/example_latest_only.py
[2025-02-04T14:24:28.291+0000] {processor.py:914} INFO - Processing file /home/airflow/.local/lib/python3.12/site-packages/airflow/example_dags/example_latest_only.py for tasks to queue
[2025-02-04T14:24:28.294+0000] {logging_mixin.py:190} INFO - [2025-02-04T14:24:28.293+0000] {dagbag.py:588} INFO - Filling up the DagBag from /home/airflow/.local/lib/python3.12/site-packages/airflow/example_dags/example_latest_only.py
[2025-02-04T14:24:28.352+0000] {processor.py:925} INFO - DAG(s) 'latest_only' retrieved from /home/airflow/.local/lib/python3.12/site-packages/airflow/example_dags/example_latest_only.py
[2025-02-04T14:24:28.448+0000] {logging_mixin.py:190} INFO - [2025-02-04T14:24:28.448+0000] {dag.py:3239} INFO - Sync 1 DAGs
[2025-02-04T14:24:28.570+0000] {logging_mixin.py:190} INFO - [2025-02-04T14:24:28.570+0000] {dag.py:4180} INFO - Setting next_dagrun for latest_only to 2025-02-04 08:00:00+00:00, run_after=2025-02-04 12:00:00+00:00
[2025-02-04T14:24:28.851+0000] {processor.py:208} INFO - Processing /home/airflow/.local/lib/python3.12/site-packages/airflow/example_dags/example_latest_only.py took 0.607 seconds
[2025-02-04T14:32:24.317+0000] {processor.py:186} INFO - Started process (PID=94) to work on /home/airflow/.local/lib/python3.12/site-packages/airflow/example_dags/example_latest_only.py
[2025-02-04T14:32:24.381+0000] {processor.py:914} INFO - Processing file /home/airflow/.local/lib/python3.12/site-packages/airflow/example_dags/example_latest_only.py for tasks to queue
[2025-02-04T14:32:24.446+0000] {logging_mixin.py:190} INFO - [2025-02-04T14:32:24.445+0000] {dagbag.py:588} INFO - Filling up the DagBag from /home/airflow/.local/lib/python3.12/site-packages/airflow/example_dags/example_latest_only.py
[2025-02-04T14:32:24.637+0000] {processor.py:925} INFO - DAG(s) 'latest_only' retrieved from /home/airflow/.local/lib/python3.12/site-packages/airflow/example_dags/example_latest_only.py
[2025-02-04T14:32:25.400+0000] {logging_mixin.py:190} INFO - [2025-02-04T14:32:25.389+0000] {override.py:1911} INFO - Created Permission View: can delete on DAG:latest_only
[2025-02-04T14:32:25.441+0000] {logging_mixin.py:190} INFO - [2025-02-04T14:32:25.441+0000] {override.py:1911} INFO - Created Permission View: can read on DAG:latest_only
[2025-02-04T14:32:25.487+0000] {logging_mixin.py:190} INFO - [2025-02-04T14:32:25.486+0000] {override.py:1911} INFO - Created Permission View: can edit on DAG:latest_only
[2025-02-04T14:32:25.520+0000] {logging_mixin.py:190} INFO - [2025-02-04T14:32:25.519+0000] {override.py:1911} INFO - Created Permission View: can create on DAG Run:latest_only
[2025-02-04T14:32:25.547+0000] {logging_mixin.py:190} INFO - [2025-02-04T14:32:25.546+0000] {override.py:1911} INFO - Created Permission View: can delete on DAG Run:latest_only
[2025-02-04T14:32:25.569+0000] {logging_mixin.py:190} INFO - [2025-02-04T14:32:25.569+0000] {override.py:1911} INFO - Created Permission View: can read on DAG Run:latest_only
[2025-02-04T14:32:25.601+0000] {logging_mixin.py:190} INFO - [2025-02-04T14:32:25.601+0000] {override.py:1911} INFO - Created Permission View: menu access on DAG Run:latest_only
[2025-02-04T14:32:25.604+0000] {logging_mixin.py:190} INFO - [2025-02-04T14:32:25.603+0000] {dag.py:3239} INFO - Sync 1 DAGs
[2025-02-04T14:32:25.692+0000] {logging_mixin.py:190} INFO - [2025-02-04T14:32:25.692+0000] {dag.py:3262} INFO - Creating ORM DAG for latest_only
[2025-02-04T14:32:25.742+0000] {logging_mixin.py:190} INFO - [2025-02-04T14:32:25.742+0000] {dag.py:4180} INFO - Setting next_dagrun for latest_only to 2025-02-04 08:00:00+00:00, run_after=2025-02-04 12:00:00+00:00
[2025-02-04T14:32:25.867+0000] {processor.py:208} INFO - Processing /home/airflow/.local/lib/python3.12/site-packages/airflow/example_dags/example_latest_only.py took 1.670 seconds
[2025-02-04T14:33:14.759+0000] {processor.py:186} INFO - Started process (PID=164) to work on /home/airflow/.local/lib/python3.12/site-packages/airflow/example_dags/example_latest_only.py
[2025-02-04T14:33:14.762+0000] {processor.py:914} INFO - Processing file /home/airflow/.local/lib/python3.12/site-packages/airflow/example_dags/example_latest_only.py for tasks to queue
[2025-02-04T14:33:14.776+0000] {logging_mixin.py:190} INFO - [2025-02-04T14:33:14.775+0000] {dagbag.py:588} INFO - Filling up the DagBag from /home/airflow/.local/lib/python3.12/site-packages/airflow/example_dags/example_latest_only.py
[2025-02-04T14:33:14.805+0000] {processor.py:925} INFO - DAG(s) 'latest_only' retrieved from /home/airflow/.local/lib/python3.12/site-packages/airflow/example_dags/example_latest_only.py
[2025-02-04T14:33:14.873+0000] {logging_mixin.py:190} INFO - [2025-02-04T14:33:14.873+0000] {dag.py:3239} INFO - Sync 1 DAGs
[2025-02-04T14:33:14.960+0000] {logging_mixin.py:190} INFO - [2025-02-04T14:33:14.960+0000] {dag.py:4180} INFO - Setting next_dagrun for latest_only to 2025-02-04 08:00:00+00:00, run_after=2025-02-04 12:00:00+00:00
[2025-02-04T14:33:15.132+0000] {processor.py:208} INFO - Processing /home/airflow/.local/lib/python3.12/site-packages/airflow/example_dags/example_latest_only.py took 0.397 seconds
[2025-02-04T14:33:45.518+0000] {processor.py:186} INFO - Started process (PID=228) to work on /home/airflow/.local/lib/python3.12/site-packages/airflow/example_dags/example_latest_only.py
[2025-02-04T14:33:45.519+0000] {processor.py:914} INFO - Processing file /home/airflow/.local/lib/python3.12/site-packages/airflow/example_dags/example_latest_only.py for tasks to queue
[2025-02-04T14:33:45.524+0000] {logging_mixin.py:190} INFO - [2025-02-04T14:33:45.523+0000] {dagbag.py:588} INFO - Filling up the DagBag from /home/airflow/.local/lib/python3.12/site-packages/airflow/example_dags/example_latest_only.py
[2025-02-04T14:33:45.537+0000] {processor.py:925} INFO - DAG(s) 'latest_only' retrieved from /home/airflow/.local/lib/python3.12/site-packages/airflow/example_dags/example_latest_only.py
[2025-02-04T14:33:45.569+0000] {logging_mixin.py:190} INFO - [2025-02-04T14:33:45.569+0000] {dag.py:3239} INFO - Sync 1 DAGs
[2025-02-04T14:33:45.614+0000] {logging_mixin.py:190} INFO - [2025-02-04T14:33:45.614+0000] {dag.py:4180} INFO - Setting next_dagrun for latest_only to 2025-02-04 08:00:00+00:00, run_after=2025-02-04 12:00:00+00:00
[2025-02-04T14:33:45.652+0000] {processor.py:208} INFO - Processing /home/airflow/.local/lib/python3.12/site-packages/airflow/example_dags/example_latest_only.py took 0.144 seconds
[2025-02-04T14:34:15.971+0000] {processor.py:186} INFO - Started process (PID=291) to work on /home/airflow/.local/lib/python3.12/site-packages/airflow/example_dags/example_latest_only.py
[2025-02-04T14:34:15.974+0000] {processor.py:914} INFO - Processing file /home/airflow/.local/lib/python3.12/site-packages/airflow/example_dags/example_latest_only.py for tasks to queue
[2025-02-04T14:34:15.979+0000] {logging_mixin.py:190} INFO - [2025-02-04T14:34:15.978+0000] {dagbag.py:588} INFO - Filling up the DagBag from /home/airflow/.local/lib/python3.12/site-packages/airflow/example_dags/example_latest_only.py
[2025-02-04T14:34:15.988+0000] {processor.py:925} INFO - DAG(s) 'latest_only' retrieved from /home/airflow/.local/lib/python3.12/site-packages/airflow/example_dags/example_latest_only.py
[2025-02-04T14:34:16.021+0000] {logging_mixin.py:190} INFO - [2025-02-04T14:34:16.021+0000] {dag.py:3239} INFO - Sync 1 DAGs
[2025-02-04T14:34:16.062+0000] {logging_mixin.py:190} INFO - [2025-02-04T14:34:16.062+0000] {dag.py:4180} INFO - Setting next_dagrun for latest_only to 2025-02-04 08:00:00+00:00, run_after=2025-02-04 12:00:00+00:00
[2025-02-04T14:34:16.092+0000] {processor.py:208} INFO - Processing /home/airflow/.local/lib/python3.12/site-packages/airflow/example_dags/example_latest_only.py took 0.131 seconds
[2025-02-04T14:34:46.642+0000] {processor.py:186} INFO - Started process (PID=355) to work on /home/airflow/.local/lib/python3.12/site-packages/airflow/example_dags/example_latest_only.py
[2025-02-04T14:34:46.643+0000] {processor.py:914} INFO - Processing file /home/airflow/.local/lib/python3.12/site-packages/airflow/example_dags/example_latest_only.py for tasks to queue
[2025-02-04T14:34:46.647+0000] {logging_mixin.py:190} INFO - [2025-02-04T14:34:46.646+0000] {dagbag.py:588} INFO - Filling up the DagBag from /home/airflow/.local/lib/python3.12/site-packages/airflow/example_dags/example_latest_only.py
[2025-02-04T14:34:46.657+0000] {processor.py:925} INFO - DAG(s) 'latest_only' retrieved from /home/airflow/.local/lib/python3.12/site-packages/airflow/example_dags/example_latest_only.py
[2025-02-04T14:34:46.692+0000] {logging_mixin.py:190} INFO - [2025-02-04T14:34:46.692+0000] {dag.py:3239} INFO - Sync 1 DAGs
[2025-02-04T14:34:46.727+0000] {logging_mixin.py:190} INFO - [2025-02-04T14:34:46.727+0000] {dag.py:4180} INFO - Setting next_dagrun for latest_only to 2025-02-04 08:00:00+00:00, run_after=2025-02-04 12:00:00+00:00
[2025-02-04T14:34:46.763+0000] {processor.py:208} INFO - Processing /home/airflow/.local/lib/python3.12/site-packages/airflow/example_dags/example_latest_only.py took 0.130 seconds
[2025-02-04T14:35:17.467+0000] {processor.py:186} INFO - Started process (PID=419) to work on /home/airflow/.local/lib/python3.12/site-packages/airflow/example_dags/example_latest_only.py
[2025-02-04T14:35:17.468+0000] {processor.py:914} INFO - Processing file /home/airflow/.local/lib/python3.12/site-packages/airflow/example_dags/example_latest_only.py for tasks to queue
[2025-02-04T14:35:17.474+0000] {logging_mixin.py:190} INFO - [2025-02-04T14:35:17.473+0000] {dagbag.py:588} INFO - Filling up the DagBag from /home/airflow/.local/lib/python3.12/site-packages/airflow/example_dags/example_latest_only.py
[2025-02-04T14:35:17.488+0000] {processor.py:925} INFO - DAG(s) 'latest_only' retrieved from /home/airflow/.local/lib/python3.12/site-packages/airflow/example_dags/example_latest_only.py
[2025-02-04T14:35:17.536+0000] {logging_mixin.py:190} INFO - [2025-02-04T14:35:17.536+0000] {dag.py:3239} INFO - Sync 1 DAGs
[2025-02-04T14:35:17.579+0000] {logging_mixin.py:190} INFO - [2025-02-04T14:35:17.579+0000] {dag.py:4180} INFO - Setting next_dagrun for latest_only to 2025-02-04 08:00:00+00:00, run_after=2025-02-04 12:00:00+00:00
[2025-02-04T14:35:17.617+0000] {processor.py:208} INFO - Processing /home/airflow/.local/lib/python3.12/site-packages/airflow/example_dags/example_latest_only.py took 0.167 seconds
[2025-02-04T14:35:54.204+0000] {processor.py:186} INFO - Started process (PID=482) to work on /home/airflow/.local/lib/python3.12/site-packages/airflow/example_dags/example_latest_only.py
[2025-02-04T14:35:54.207+0000] {processor.py:914} INFO - Processing file /home/airflow/.local/lib/python3.12/site-packages/airflow/example_dags/example_latest_only.py for tasks to queue
[2025-02-04T14:35:54.214+0000] {logging_mixin.py:190} INFO - [2025-02-04T14:35:54.213+0000] {dagbag.py:588} INFO - Filling up the DagBag from /home/airflow/.local/lib/python3.12/site-packages/airflow/example_dags/example_latest_only.py
[2025-02-04T14:35:54.232+0000] {processor.py:925} INFO - DAG(s) 'latest_only' retrieved from /home/airflow/.local/lib/python3.12/site-packages/airflow/example_dags/example_latest_only.py
[2025-02-04T14:35:54.285+0000] {logging_mixin.py:190} INFO - [2025-02-04T14:35:54.285+0000] {dag.py:3239} INFO - Sync 1 DAGs
[2025-02-04T14:35:54.353+0000] {logging_mixin.py:190} INFO - [2025-02-04T14:35:54.353+0000] {dag.py:4180} INFO - Setting next_dagrun for latest_only to 2025-02-04 08:00:00+00:00, run_after=2025-02-04 12:00:00+00:00
[2025-02-04T14:35:54.418+0000] {processor.py:208} INFO - Processing /home/airflow/.local/lib/python3.12/site-packages/airflow/example_dags/example_latest_only.py took 0.231 seconds
[2025-02-04T14:36:38.779+0000] {processor.py:186} INFO - Started process (PID=547) to work on /home/airflow/.local/lib/python3.12/site-packages/airflow/example_dags/example_latest_only.py
[2025-02-04T14:36:38.792+0000] {processor.py:914} INFO - Processing file /home/airflow/.local/lib/python3.12/site-packages/airflow/example_dags/example_latest_only.py for tasks to queue
[2025-02-04T14:36:38.810+0000] {logging_mixin.py:190} INFO - [2025-02-04T14:36:38.804+0000] {dagbag.py:588} INFO - Filling up the DagBag from /home/airflow/.local/lib/python3.12/site-packages/airflow/example_dags/example_latest_only.py
[2025-02-04T14:36:38.848+0000] {processor.py:925} INFO - DAG(s) 'latest_only' retrieved from /home/airflow/.local/lib/python3.12/site-packages/airflow/example_dags/example_latest_only.py
[2025-02-04T14:36:38.971+0000] {logging_mixin.py:190} INFO - [2025-02-04T14:36:38.970+0000] {dag.py:3239} INFO - Sync 1 DAGs
[2025-02-04T14:36:39.189+0000] {logging_mixin.py:190} INFO - [2025-02-04T14:36:39.189+0000] {dag.py:4180} INFO - Setting next_dagrun for latest_only to 2025-02-04 08:00:00+00:00, run_after=2025-02-04 12:00:00+00:00
[2025-02-04T14:36:39.356+0000] {processor.py:208} INFO - Processing /home/airflow/.local/lib/python3.12/site-packages/airflow/example_dags/example_latest_only.py took 0.593 seconds
[2025-02-04T14:37:10.614+0000] {processor.py:186} INFO - Started process (PID=611) to work on /home/airflow/.local/lib/python3.12/site-packages/airflow/example_dags/example_latest_only.py
[2025-02-04T14:37:10.617+0000] {processor.py:914} INFO - Processing file /home/airflow/.local/lib/python3.12/site-packages/airflow/example_dags/example_latest_only.py for tasks to queue
[2025-02-04T14:37:10.623+0000] {logging_mixin.py:190} INFO - [2025-02-04T14:37:10.622+0000] {dagbag.py:588} INFO - Filling up the DagBag from /home/airflow/.local/lib/python3.12/site-packages/airflow/example_dags/example_latest_only.py
[2025-02-04T14:37:10.652+0000] {processor.py:925} INFO - DAG(s) 'latest_only' retrieved from /home/airflow/.local/lib/python3.12/site-packages/airflow/example_dags/example_latest_only.py
[2025-02-04T14:37:10.701+0000] {logging_mixin.py:190} INFO - [2025-02-04T14:37:10.701+0000] {dag.py:3239} INFO - Sync 1 DAGs
[2025-02-04T14:37:10.772+0000] {logging_mixin.py:190} INFO - [2025-02-04T14:37:10.772+0000] {dag.py:4180} INFO - Setting next_dagrun for latest_only to 2025-02-04 08:00:00+00:00, run_after=2025-02-04 12:00:00+00:00
[2025-02-04T14:37:10.815+0000] {processor.py:208} INFO - Processing /home/airflow/.local/lib/python3.12/site-packages/airflow/example_dags/example_latest_only.py took 0.220 seconds
[2025-02-04T14:37:47.619+0000] {processor.py:186} INFO - Started process (PID=675) to work on /home/airflow/.local/lib/python3.12/site-packages/airflow/example_dags/example_latest_only.py
[2025-02-04T14:37:47.623+0000] {processor.py:914} INFO - Processing file /home/airflow/.local/lib/python3.12/site-packages/airflow/example_dags/example_latest_only.py for tasks to queue
[2025-02-04T14:37:47.637+0000] {logging_mixin.py:190} INFO - [2025-02-04T14:37:47.636+0000] {dagbag.py:588} INFO - Filling up the DagBag from /home/airflow/.local/lib/python3.12/site-packages/airflow/example_dags/example_latest_only.py
[2025-02-04T14:37:47.675+0000] {processor.py:925} INFO - DAG(s) 'latest_only' retrieved from /home/airflow/.local/lib/python3.12/site-packages/airflow/example_dags/example_latest_only.py
[2025-02-04T14:37:47.803+0000] {logging_mixin.py:190} INFO - [2025-02-04T14:37:47.802+0000] {dag.py:3239} INFO - Sync 1 DAGs
[2025-02-04T14:37:47.870+0000] {logging_mixin.py:190} INFO - [2025-02-04T14:37:47.869+0000] {dag.py:4180} INFO - Setting next_dagrun for latest_only to 2025-02-04 08:00:00+00:00, run_after=2025-02-04 12:00:00+00:00
[2025-02-04T14:37:47.910+0000] {processor.py:208} INFO - Processing /home/airflow/.local/lib/python3.12/site-packages/airflow/example_dags/example_latest_only.py took 0.313 seconds
[2025-02-04T14:38:18.638+0000] {processor.py:186} INFO - Started process (PID=739) to work on /home/airflow/.local/lib/python3.12/site-packages/airflow/example_dags/example_latest_only.py
[2025-02-04T14:38:18.640+0000] {processor.py:914} INFO - Processing file /home/airflow/.local/lib/python3.12/site-packages/airflow/example_dags/example_latest_only.py for tasks to queue
[2025-02-04T14:38:18.644+0000] {logging_mixin.py:190} INFO - [2025-02-04T14:38:18.644+0000] {dagbag.py:588} INFO - Filling up the DagBag from /home/airflow/.local/lib/python3.12/site-packages/airflow/example_dags/example_latest_only.py
[2025-02-04T14:38:18.658+0000] {processor.py:925} INFO - DAG(s) 'latest_only' retrieved from /home/airflow/.local/lib/python3.12/site-packages/airflow/example_dags/example_latest_only.py
[2025-02-04T14:38:18.695+0000] {logging_mixin.py:190} INFO - [2025-02-04T14:38:18.694+0000] {dag.py:3239} INFO - Sync 1 DAGs
[2025-02-04T14:38:18.745+0000] {logging_mixin.py:190} INFO - [2025-02-04T14:38:18.745+0000] {dag.py:4180} INFO - Setting next_dagrun for latest_only to 2025-02-04 08:00:00+00:00, run_after=2025-02-04 12:00:00+00:00
[2025-02-04T14:38:18.789+0000] {processor.py:208} INFO - Processing /home/airflow/.local/lib/python3.12/site-packages/airflow/example_dags/example_latest_only.py took 0.162 seconds
[2025-02-04T14:38:51.397+0000] {processor.py:186} INFO - Started process (PID=803) to work on /home/airflow/.local/lib/python3.12/site-packages/airflow/example_dags/example_latest_only.py
[2025-02-04T14:38:51.399+0000] {processor.py:914} INFO - Processing file /home/airflow/.local/lib/python3.12/site-packages/airflow/example_dags/example_latest_only.py for tasks to queue
[2025-02-04T14:38:51.413+0000] {logging_mixin.py:190} INFO - [2025-02-04T14:38:51.413+0000] {dagbag.py:588} INFO - Filling up the DagBag from /home/airflow/.local/lib/python3.12/site-packages/airflow/example_dags/example_latest_only.py
[2025-02-04T14:38:51.448+0000] {processor.py:925} INFO - DAG(s) 'latest_only' retrieved from /home/airflow/.local/lib/python3.12/site-packages/airflow/example_dags/example_latest_only.py
[2025-02-04T14:38:51.580+0000] {logging_mixin.py:190} INFO - [2025-02-04T14:38:51.580+0000] {dag.py:3239} INFO - Sync 1 DAGs
[2025-02-04T14:38:51.691+0000] {logging_mixin.py:190} INFO - [2025-02-04T14:38:51.690+0000] {dag.py:4180} INFO - Setting next_dagrun for latest_only to 2025-02-04 08:00:00+00:00, run_after=2025-02-04 12:00:00+00:00
[2025-02-04T14:38:51.806+0000] {processor.py:208} INFO - Processing /home/airflow/.local/lib/python3.12/site-packages/airflow/example_dags/example_latest_only.py took 0.431 seconds
[2025-02-04T14:39:22.471+0000] {processor.py:186} INFO - Started process (PID=867) to work on /home/airflow/.local/lib/python3.12/site-packages/airflow/example_dags/example_latest_only.py
[2025-02-04T14:39:22.473+0000] {processor.py:914} INFO - Processing file /home/airflow/.local/lib/python3.12/site-packages/airflow/example_dags/example_latest_only.py for tasks to queue
[2025-02-04T14:39:22.477+0000] {logging_mixin.py:190} INFO - [2025-02-04T14:39:22.477+0000] {dagbag.py:588} INFO - Filling up the DagBag from /home/airflow/.local/lib/python3.12/site-packages/airflow/example_dags/example_latest_only.py
[2025-02-04T14:39:22.487+0000] {processor.py:925} INFO - DAG(s) 'latest_only' retrieved from /home/airflow/.local/lib/python3.12/site-packages/airflow/example_dags/example_latest_only.py
[2025-02-04T14:39:22.517+0000] {logging_mixin.py:190} INFO - [2025-02-04T14:39:22.517+0000] {dag.py:3239} INFO - Sync 1 DAGs
[2025-02-04T14:39:22.551+0000] {logging_mixin.py:190} INFO - [2025-02-04T14:39:22.550+0000] {dag.py:4180} INFO - Setting next_dagrun for latest_only to 2025-02-04 08:00:00+00:00, run_after=2025-02-04 12:00:00+00:00
[2025-02-04T14:39:22.580+0000] {processor.py:208} INFO - Processing /home/airflow/.local/lib/python3.12/site-packages/airflow/example_dags/example_latest_only.py took 0.117 seconds
[2025-02-04T14:39:52.961+0000] {processor.py:186} INFO - Started process (PID=931) to work on /home/airflow/.local/lib/python3.12/site-packages/airflow/example_dags/example_latest_only.py
[2025-02-04T14:39:52.962+0000] {processor.py:914} INFO - Processing file /home/airflow/.local/lib/python3.12/site-packages/airflow/example_dags/example_latest_only.py for tasks to queue
[2025-02-04T14:39:52.966+0000] {logging_mixin.py:190} INFO - [2025-02-04T14:39:52.966+0000] {dagbag.py:588} INFO - Filling up the DagBag from /home/airflow/.local/lib/python3.12/site-packages/airflow/example_dags/example_latest_only.py
[2025-02-04T14:39:52.976+0000] {processor.py:925} INFO - DAG(s) 'latest_only' retrieved from /home/airflow/.local/lib/python3.12/site-packages/airflow/example_dags/example_latest_only.py
[2025-02-04T14:39:53.006+0000] {logging_mixin.py:190} INFO - [2025-02-04T14:39:53.005+0000] {dag.py:3239} INFO - Sync 1 DAGs
[2025-02-04T14:39:53.037+0000] {logging_mixin.py:190} INFO - [2025-02-04T14:39:53.037+0000] {dag.py:4180} INFO - Setting next_dagrun for latest_only to 2025-02-04 08:00:00+00:00, run_after=2025-02-04 12:00:00+00:00
[2025-02-04T14:39:53.068+0000] {processor.py:208} INFO - Processing /home/airflow/.local/lib/python3.12/site-packages/airflow/example_dags/example_latest_only.py took 0.115 seconds
[2025-02-04T14:40:23.417+0000] {processor.py:186} INFO - Started process (PID=996) to work on /home/airflow/.local/lib/python3.12/site-packages/airflow/example_dags/example_latest_only.py
[2025-02-04T14:40:23.436+0000] {processor.py:914} INFO - Processing file /home/airflow/.local/lib/python3.12/site-packages/airflow/example_dags/example_latest_only.py for tasks to queue
[2025-02-04T14:40:23.455+0000] {logging_mixin.py:190} INFO - [2025-02-04T14:40:23.454+0000] {dagbag.py:588} INFO - Filling up the DagBag from /home/airflow/.local/lib/python3.12/site-packages/airflow/example_dags/example_latest_only.py
[2025-02-04T14:40:23.507+0000] {processor.py:925} INFO - DAG(s) 'latest_only' retrieved from /home/airflow/.local/lib/python3.12/site-packages/airflow/example_dags/example_latest_only.py
[2025-02-04T14:40:23.647+0000] {logging_mixin.py:190} INFO - [2025-02-04T14:40:23.647+0000] {dag.py:3239} INFO - Sync 1 DAGs
[2025-02-04T14:40:23.782+0000] {logging_mixin.py:190} INFO - [2025-02-04T14:40:23.782+0000] {dag.py:4180} INFO - Setting next_dagrun for latest_only to 2025-02-04 08:00:00+00:00, run_after=2025-02-04 12:00:00+00:00
[2025-02-04T14:40:23.874+0000] {processor.py:208} INFO - Processing /home/airflow/.local/lib/python3.12/site-packages/airflow/example_dags/example_latest_only.py took 0.488 seconds
[2025-02-04T14:40:54.340+0000] {processor.py:186} INFO - Started process (PID=1060) to work on /home/airflow/.local/lib/python3.12/site-packages/airflow/example_dags/example_latest_only.py
[2025-02-04T14:40:54.343+0000] {processor.py:914} INFO - Processing file /home/airflow/.local/lib/python3.12/site-packages/airflow/example_dags/example_latest_only.py for tasks to queue
[2025-02-04T14:40:54.351+0000] {logging_mixin.py:190} INFO - [2025-02-04T14:40:54.350+0000] {dagbag.py:588} INFO - Filling up the DagBag from /home/airflow/.local/lib/python3.12/site-packages/airflow/example_dags/example_latest_only.py
[2025-02-04T14:40:54.374+0000] {processor.py:925} INFO - DAG(s) 'latest_only' retrieved from /home/airflow/.local/lib/python3.12/site-packages/airflow/example_dags/example_latest_only.py
[2025-02-04T14:40:54.416+0000] {logging_mixin.py:190} INFO - [2025-02-04T14:40:54.415+0000] {dag.py:3239} INFO - Sync 1 DAGs
[2025-02-04T14:40:54.453+0000] {logging_mixin.py:190} INFO - [2025-02-04T14:40:54.453+0000] {dag.py:4180} INFO - Setting next_dagrun for latest_only to 2025-02-04 08:00:00+00:00, run_after=2025-02-04 12:00:00+00:00
[2025-02-04T14:40:54.483+0000] {processor.py:208} INFO - Processing /home/airflow/.local/lib/python3.12/site-packages/airflow/example_dags/example_latest_only.py took 0.162 seconds
[2025-02-04T14:41:24.676+0000] {processor.py:186} INFO - Started process (PID=1124) to work on /home/airflow/.local/lib/python3.12/site-packages/airflow/example_dags/example_latest_only.py
[2025-02-04T14:41:24.678+0000] {processor.py:914} INFO - Processing file /home/airflow/.local/lib/python3.12/site-packages/airflow/example_dags/example_latest_only.py for tasks to queue
[2025-02-04T14:41:24.683+0000] {logging_mixin.py:190} INFO - [2025-02-04T14:41:24.682+0000] {dagbag.py:588} INFO - Filling up the DagBag from /home/airflow/.local/lib/python3.12/site-packages/airflow/example_dags/example_latest_only.py
[2025-02-04T14:41:24.700+0000] {processor.py:925} INFO - DAG(s) 'latest_only' retrieved from /home/airflow/.local/lib/python3.12/site-packages/airflow/example_dags/example_latest_only.py
[2025-02-04T14:41:24.730+0000] {logging_mixin.py:190} INFO - [2025-02-04T14:41:24.730+0000] {dag.py:3239} INFO - Sync 1 DAGs
[2025-02-04T14:41:24.772+0000] {logging_mixin.py:190} INFO - [2025-02-04T14:41:24.772+0000] {dag.py:4180} INFO - Setting next_dagrun for latest_only to 2025-02-04 08:00:00+00:00, run_after=2025-02-04 12:00:00+00:00
[2025-02-04T14:41:24.801+0000] {processor.py:208} INFO - Processing /home/airflow/.local/lib/python3.12/site-packages/airflow/example_dags/example_latest_only.py took 0.138 seconds
[2025-02-04T14:41:54.945+0000] {processor.py:186} INFO - Started process (PID=1188) to work on /home/airflow/.local/lib/python3.12/site-packages/airflow/example_dags/example_latest_only.py
[2025-02-04T14:41:54.947+0000] {processor.py:914} INFO - Processing file /home/airflow/.local/lib/python3.12/site-packages/airflow/example_dags/example_latest_only.py for tasks to queue
[2025-02-04T14:41:54.951+0000] {logging_mixin.py:190} INFO - [2025-02-04T14:41:54.951+0000] {dagbag.py:588} INFO - Filling up the DagBag from /home/airflow/.local/lib/python3.12/site-packages/airflow/example_dags/example_latest_only.py
[2025-02-04T14:41:54.966+0000] {processor.py:925} INFO - DAG(s) 'latest_only' retrieved from /home/airflow/.local/lib/python3.12/site-packages/airflow/example_dags/example_latest_only.py
[2025-02-04T14:41:54.991+0000] {logging_mixin.py:190} INFO - [2025-02-04T14:41:54.991+0000] {dag.py:3239} INFO - Sync 1 DAGs
[2025-02-04T14:41:55.024+0000] {logging_mixin.py:190} INFO - [2025-02-04T14:41:55.023+0000] {dag.py:4180} INFO - Setting next_dagrun for latest_only to 2025-02-04 08:00:00+00:00, run_after=2025-02-04 12:00:00+00:00
[2025-02-04T14:41:55.050+0000] {processor.py:208} INFO - Processing /home/airflow/.local/lib/python3.12/site-packages/airflow/example_dags/example_latest_only.py took 0.116 seconds
[2025-02-04T14:42:25.228+0000] {processor.py:186} INFO - Started process (PID=1252) to work on /home/airflow/.local/lib/python3.12/site-packages/airflow/example_dags/example_latest_only.py
[2025-02-04T14:42:25.230+0000] {processor.py:914} INFO - Processing file /home/airflow/.local/lib/python3.12/site-packages/airflow/example_dags/example_latest_only.py for tasks to queue
[2025-02-04T14:42:25.234+0000] {logging_mixin.py:190} INFO - [2025-02-04T14:42:25.234+0000] {dagbag.py:588} INFO - Filling up the DagBag from /home/airflow/.local/lib/python3.12/site-packages/airflow/example_dags/example_latest_only.py
[2025-02-04T14:42:25.248+0000] {processor.py:925} INFO - DAG(s) 'latest_only' retrieved from /home/airflow/.local/lib/python3.12/site-packages/airflow/example_dags/example_latest_only.py
[2025-02-04T14:42:25.279+0000] {logging_mixin.py:190} INFO - [2025-02-04T14:42:25.278+0000] {dag.py:3239} INFO - Sync 1 DAGs
[2025-02-04T14:42:25.313+0000] {logging_mixin.py:190} INFO - [2025-02-04T14:42:25.313+0000] {dag.py:4180} INFO - Setting next_dagrun for latest_only to 2025-02-04 08:00:00+00:00, run_after=2025-02-04 12:00:00+00:00
[2025-02-04T14:42:25.340+0000] {processor.py:208} INFO - Processing /home/airflow/.local/lib/python3.12/site-packages/airflow/example_dags/example_latest_only.py took 0.121 seconds
[2025-02-04T14:42:55.470+0000] {processor.py:186} INFO - Started process (PID=1316) to work on /home/airflow/.local/lib/python3.12/site-packages/airflow/example_dags/example_latest_only.py
[2025-02-04T14:42:55.472+0000] {processor.py:914} INFO - Processing file /home/airflow/.local/lib/python3.12/site-packages/airflow/example_dags/example_latest_only.py for tasks to queue
[2025-02-04T14:42:55.476+0000] {logging_mixin.py:190} INFO - [2025-02-04T14:42:55.476+0000] {dagbag.py:588} INFO - Filling up the DagBag from /home/airflow/.local/lib/python3.12/site-packages/airflow/example_dags/example_latest_only.py
[2025-02-04T14:42:55.491+0000] {processor.py:925} INFO - DAG(s) 'latest_only' retrieved from /home/airflow/.local/lib/python3.12/site-packages/airflow/example_dags/example_latest_only.py
[2025-02-04T14:42:55.532+0000] {logging_mixin.py:190} INFO - [2025-02-04T14:42:55.531+0000] {dag.py:3239} INFO - Sync 1 DAGs
[2025-02-04T14:42:55.585+0000] {logging_mixin.py:190} INFO - [2025-02-04T14:42:55.584+0000] {dag.py:4180} INFO - Setting next_dagrun for latest_only to 2025-02-04 08:00:00+00:00, run_after=2025-02-04 12:00:00+00:00
[2025-02-04T14:42:55.622+0000] {processor.py:208} INFO - Processing /home/airflow/.local/lib/python3.12/site-packages/airflow/example_dags/example_latest_only.py took 0.164 seconds
[2025-02-04T14:43:26.060+0000] {processor.py:186} INFO - Started process (PID=1380) to work on /home/airflow/.local/lib/python3.12/site-packages/airflow/example_dags/example_latest_only.py
[2025-02-04T14:43:26.062+0000] {processor.py:914} INFO - Processing file /home/airflow/.local/lib/python3.12/site-packages/airflow/example_dags/example_latest_only.py for tasks to queue
[2025-02-04T14:43:26.066+0000] {logging_mixin.py:190} INFO - [2025-02-04T14:43:26.066+0000] {dagbag.py:588} INFO - Filling up the DagBag from /home/airflow/.local/lib/python3.12/site-packages/airflow/example_dags/example_latest_only.py
[2025-02-04T14:43:26.083+0000] {processor.py:925} INFO - DAG(s) 'latest_only' retrieved from /home/airflow/.local/lib/python3.12/site-packages/airflow/example_dags/example_latest_only.py
[2025-02-04T14:43:26.116+0000] {logging_mixin.py:190} INFO - [2025-02-04T14:43:26.115+0000] {dag.py:3239} INFO - Sync 1 DAGs
[2025-02-04T14:43:26.152+0000] {logging_mixin.py:190} INFO - [2025-02-04T14:43:26.152+0000] {dag.py:4180} INFO - Setting next_dagrun for latest_only to 2025-02-04 08:00:00+00:00, run_after=2025-02-04 12:00:00+00:00
[2025-02-04T14:43:26.187+0000] {processor.py:208} INFO - Processing /home/airflow/.local/lib/python3.12/site-packages/airflow/example_dags/example_latest_only.py took 0.144 seconds
[2025-02-04T14:43:56.418+0000] {processor.py:186} INFO - Started process (PID=1444) to work on /home/airflow/.local/lib/python3.12/site-packages/airflow/example_dags/example_latest_only.py
[2025-02-04T14:43:56.420+0000] {processor.py:914} INFO - Processing file /home/airflow/.local/lib/python3.12/site-packages/airflow/example_dags/example_latest_only.py for tasks to queue
[2025-02-04T14:43:56.427+0000] {logging_mixin.py:190} INFO - [2025-02-04T14:43:56.426+0000] {dagbag.py:588} INFO - Filling up the DagBag from /home/airflow/.local/lib/python3.12/site-packages/airflow/example_dags/example_latest_only.py
[2025-02-04T14:43:56.442+0000] {processor.py:925} INFO - DAG(s) 'latest_only' retrieved from /home/airflow/.local/lib/python3.12/site-packages/airflow/example_dags/example_latest_only.py
[2025-02-04T14:43:56.480+0000] {logging_mixin.py:190} INFO - [2025-02-04T14:43:56.479+0000] {dag.py:3239} INFO - Sync 1 DAGs
[2025-02-04T14:43:56.522+0000] {logging_mixin.py:190} INFO - [2025-02-04T14:43:56.521+0000] {dag.py:4180} INFO - Setting next_dagrun for latest_only to 2025-02-04 08:00:00+00:00, run_after=2025-02-04 12:00:00+00:00
[2025-02-04T14:43:56.572+0000] {processor.py:208} INFO - Processing /home/airflow/.local/lib/python3.12/site-packages/airflow/example_dags/example_latest_only.py took 0.165 seconds
[2025-02-04T14:44:27.231+0000] {processor.py:186} INFO - Started process (PID=1508) to work on /home/airflow/.local/lib/python3.12/site-packages/airflow/example_dags/example_latest_only.py
[2025-02-04T14:44:27.233+0000] {processor.py:914} INFO - Processing file /home/airflow/.local/lib/python3.12/site-packages/airflow/example_dags/example_latest_only.py for tasks to queue
[2025-02-04T14:44:27.237+0000] {logging_mixin.py:190} INFO - [2025-02-04T14:44:27.236+0000] {dagbag.py:588} INFO - Filling up the DagBag from /home/airflow/.local/lib/python3.12/site-packages/airflow/example_dags/example_latest_only.py
[2025-02-04T14:44:27.250+0000] {processor.py:925} INFO - DAG(s) 'latest_only' retrieved from /home/airflow/.local/lib/python3.12/site-packages/airflow/example_dags/example_latest_only.py
[2025-02-04T14:44:27.289+0000] {logging_mixin.py:190} INFO - [2025-02-04T14:44:27.288+0000] {dag.py:3239} INFO - Sync 1 DAGs
[2025-02-04T14:44:27.339+0000] {logging_mixin.py:190} INFO - [2025-02-04T14:44:27.339+0000] {dag.py:4180} INFO - Setting next_dagrun for latest_only to 2025-02-04 08:00:00+00:00, run_after=2025-02-04 12:00:00+00:00
[2025-02-04T14:44:27.374+0000] {processor.py:208} INFO - Processing /home/airflow/.local/lib/python3.12/site-packages/airflow/example_dags/example_latest_only.py took 0.152 seconds
[2025-02-04T14:44:57.999+0000] {processor.py:186} INFO - Started process (PID=1571) to work on /home/airflow/.local/lib/python3.12/site-packages/airflow/example_dags/example_latest_only.py
[2025-02-04T14:44:58.002+0000] {processor.py:914} INFO - Processing file /home/airflow/.local/lib/python3.12/site-packages/airflow/example_dags/example_latest_only.py for tasks to queue
[2025-02-04T14:44:58.008+0000] {logging_mixin.py:190} INFO - [2025-02-04T14:44:58.008+0000] {dagbag.py:588} INFO - Filling up the DagBag from /home/airflow/.local/lib/python3.12/site-packages/airflow/example_dags/example_latest_only.py
[2025-02-04T14:44:58.029+0000] {processor.py:925} INFO - DAG(s) 'latest_only' retrieved from /home/airflow/.local/lib/python3.12/site-packages/airflow/example_dags/example_latest_only.py
[2025-02-04T14:44:58.083+0000] {logging_mixin.py:190} INFO - [2025-02-04T14:44:58.082+0000] {dag.py:3239} INFO - Sync 1 DAGs
[2025-02-04T14:44:58.148+0000] {logging_mixin.py:190} INFO - [2025-02-04T14:44:58.147+0000] {dag.py:4180} INFO - Setting next_dagrun for latest_only to 2025-02-04 08:00:00+00:00, run_after=2025-02-04 12:00:00+00:00
[2025-02-04T14:44:58.188+0000] {processor.py:208} INFO - Processing /home/airflow/.local/lib/python3.12/site-packages/airflow/example_dags/example_latest_only.py took 0.203 seconds
[2025-02-04T14:45:28.491+0000] {processor.py:186} INFO - Started process (PID=1635) to work on /home/airflow/.local/lib/python3.12/site-packages/airflow/example_dags/example_latest_only.py
[2025-02-04T14:45:28.493+0000] {processor.py:914} INFO - Processing file /home/airflow/.local/lib/python3.12/site-packages/airflow/example_dags/example_latest_only.py for tasks to queue
[2025-02-04T14:45:28.497+0000] {logging_mixin.py:190} INFO - [2025-02-04T14:45:28.497+0000] {dagbag.py:588} INFO - Filling up the DagBag from /home/airflow/.local/lib/python3.12/site-packages/airflow/example_dags/example_latest_only.py
[2025-02-04T14:45:28.511+0000] {processor.py:925} INFO - DAG(s) 'latest_only' retrieved from /home/airflow/.local/lib/python3.12/site-packages/airflow/example_dags/example_latest_only.py
[2025-02-04T14:45:28.539+0000] {logging_mixin.py:190} INFO - [2025-02-04T14:45:28.538+0000] {dag.py:3239} INFO - Sync 1 DAGs
[2025-02-04T14:45:28.579+0000] {logging_mixin.py:190} INFO - [2025-02-04T14:45:28.578+0000] {dag.py:4180} INFO - Setting next_dagrun for latest_only to 2025-02-04 08:00:00+00:00, run_after=2025-02-04 12:00:00+00:00
[2025-02-04T14:45:28.612+0000] {processor.py:208} INFO - Processing /home/airflow/.local/lib/python3.12/site-packages/airflow/example_dags/example_latest_only.py took 0.132 seconds
[2025-02-04T14:45:59.626+0000] {processor.py:186} INFO - Started process (PID=1698) to work on /home/airflow/.local/lib/python3.12/site-packages/airflow/example_dags/example_latest_only.py
[2025-02-04T14:45:59.629+0000] {processor.py:914} INFO - Processing file /home/airflow/.local/lib/python3.12/site-packages/airflow/example_dags/example_latest_only.py for tasks to queue
[2025-02-04T14:45:59.663+0000] {logging_mixin.py:190} INFO - [2025-02-04T14:45:59.662+0000] {dagbag.py:588} INFO - Filling up the DagBag from /home/airflow/.local/lib/python3.12/site-packages/airflow/example_dags/example_latest_only.py
[2025-02-04T14:45:59.756+0000] {processor.py:925} INFO - DAG(s) 'latest_only' retrieved from /home/airflow/.local/lib/python3.12/site-packages/airflow/example_dags/example_latest_only.py
[2025-02-04T14:45:59.961+0000] {logging_mixin.py:190} INFO - [2025-02-04T14:45:59.961+0000] {dag.py:3239} INFO - Sync 1 DAGs
[2025-02-04T14:46:00.156+0000] {logging_mixin.py:190} INFO - [2025-02-04T14:46:00.156+0000] {dag.py:4180} INFO - Setting next_dagrun for latest_only to 2025-02-04 08:00:00+00:00, run_after=2025-02-04 12:00:00+00:00
[2025-02-04T14:46:00.268+0000] {processor.py:208} INFO - Processing /home/airflow/.local/lib/python3.12/site-packages/airflow/example_dags/example_latest_only.py took 0.675 seconds
[2025-02-04T14:49:10.162+0000] {processor.py:186} INFO - Started process (PID=83) to work on /home/airflow/.local/lib/python3.12/site-packages/airflow/example_dags/example_latest_only.py
[2025-02-04T14:49:10.167+0000] {processor.py:914} INFO - Processing file /home/airflow/.local/lib/python3.12/site-packages/airflow/example_dags/example_latest_only.py for tasks to queue
[2025-02-04T14:49:10.178+0000] {logging_mixin.py:190} INFO - [2025-02-04T14:49:10.177+0000] {dagbag.py:588} INFO - Filling up the DagBag from /home/airflow/.local/lib/python3.12/site-packages/airflow/example_dags/example_latest_only.py
[2025-02-04T14:49:10.207+0000] {processor.py:925} INFO - DAG(s) 'latest_only' retrieved from /home/airflow/.local/lib/python3.12/site-packages/airflow/example_dags/example_latest_only.py
[2025-02-04T14:49:10.285+0000] {logging_mixin.py:190} INFO - [2025-02-04T14:49:10.284+0000] {dag.py:3239} INFO - Sync 1 DAGs
[2025-02-04T14:49:10.374+0000] {logging_mixin.py:190} INFO - [2025-02-04T14:49:10.374+0000] {dag.py:4180} INFO - Setting next_dagrun for latest_only to 2025-02-04 08:00:00+00:00, run_after=2025-02-04 12:00:00+00:00
[2025-02-04T14:49:10.532+0000] {processor.py:208} INFO - Processing /home/airflow/.local/lib/python3.12/site-packages/airflow/example_dags/example_latest_only.py took 0.393 seconds
[2025-02-04T14:49:49.714+0000] {processor.py:186} INFO - Started process (PID=147) to work on /home/airflow/.local/lib/python3.12/site-packages/airflow/example_dags/example_latest_only.py
[2025-02-04T14:49:49.716+0000] {processor.py:914} INFO - Processing file /home/airflow/.local/lib/python3.12/site-packages/airflow/example_dags/example_latest_only.py for tasks to queue
[2025-02-04T14:49:49.723+0000] {logging_mixin.py:190} INFO - [2025-02-04T14:49:49.722+0000] {dagbag.py:588} INFO - Filling up the DagBag from /home/airflow/.local/lib/python3.12/site-packages/airflow/example_dags/example_latest_only.py
[2025-02-04T14:49:49.740+0000] {processor.py:925} INFO - DAG(s) 'latest_only' retrieved from /home/airflow/.local/lib/python3.12/site-packages/airflow/example_dags/example_latest_only.py
[2025-02-04T14:49:49.794+0000] {logging_mixin.py:190} INFO - [2025-02-04T14:49:49.793+0000] {dag.py:3239} INFO - Sync 1 DAGs
[2025-02-04T14:49:49.858+0000] {logging_mixin.py:190} INFO - [2025-02-04T14:49:49.857+0000] {dag.py:4180} INFO - Setting next_dagrun for latest_only to 2025-02-04 08:00:00+00:00, run_after=2025-02-04 12:00:00+00:00
[2025-02-04T14:49:49.900+0000] {processor.py:208} INFO - Processing /home/airflow/.local/lib/python3.12/site-packages/airflow/example_dags/example_latest_only.py took 0.202 seconds
[2025-02-04T14:50:25.031+0000] {processor.py:186} INFO - Started process (PID=212) to work on /home/airflow/.local/lib/python3.12/site-packages/airflow/example_dags/example_latest_only.py
[2025-02-04T14:50:25.033+0000] {processor.py:914} INFO - Processing file /home/airflow/.local/lib/python3.12/site-packages/airflow/example_dags/example_latest_only.py for tasks to queue
[2025-02-04T14:50:25.039+0000] {logging_mixin.py:190} INFO - [2025-02-04T14:50:25.038+0000] {dagbag.py:588} INFO - Filling up the DagBag from /home/airflow/.local/lib/python3.12/site-packages/airflow/example_dags/example_latest_only.py
[2025-02-04T14:50:25.050+0000] {processor.py:925} INFO - DAG(s) 'latest_only' retrieved from /home/airflow/.local/lib/python3.12/site-packages/airflow/example_dags/example_latest_only.py
[2025-02-04T14:50:25.081+0000] {logging_mixin.py:190} INFO - [2025-02-04T14:50:25.080+0000] {dag.py:3239} INFO - Sync 1 DAGs
[2025-02-04T14:50:25.123+0000] {logging_mixin.py:190} INFO - [2025-02-04T14:50:25.122+0000] {dag.py:4180} INFO - Setting next_dagrun for latest_only to 2025-02-04 08:00:00+00:00, run_after=2025-02-04 12:00:00+00:00
[2025-02-04T14:50:25.154+0000] {processor.py:208} INFO - Processing /home/airflow/.local/lib/python3.12/site-packages/airflow/example_dags/example_latest_only.py took 0.136 seconds
[2025-02-04T14:50:58.581+0000] {processor.py:186} INFO - Started process (PID=276) to work on /home/airflow/.local/lib/python3.12/site-packages/airflow/example_dags/example_latest_only.py
[2025-02-04T14:50:58.584+0000] {processor.py:914} INFO - Processing file /home/airflow/.local/lib/python3.12/site-packages/airflow/example_dags/example_latest_only.py for tasks to queue
[2025-02-04T14:50:58.591+0000] {logging_mixin.py:190} INFO - [2025-02-04T14:50:58.590+0000] {dagbag.py:588} INFO - Filling up the DagBag from /home/airflow/.local/lib/python3.12/site-packages/airflow/example_dags/example_latest_only.py
[2025-02-04T14:50:58.611+0000] {processor.py:925} INFO - DAG(s) 'latest_only' retrieved from /home/airflow/.local/lib/python3.12/site-packages/airflow/example_dags/example_latest_only.py
[2025-02-04T14:50:58.668+0000] {logging_mixin.py:190} INFO - [2025-02-04T14:50:58.667+0000] {dag.py:3239} INFO - Sync 1 DAGs
[2025-02-04T14:50:58.746+0000] {logging_mixin.py:190} INFO - [2025-02-04T14:50:58.746+0000] {dag.py:4180} INFO - Setting next_dagrun for latest_only to 2025-02-04 08:00:00+00:00, run_after=2025-02-04 12:00:00+00:00
[2025-02-04T14:50:58.880+0000] {processor.py:208} INFO - Processing /home/airflow/.local/lib/python3.12/site-packages/airflow/example_dags/example_latest_only.py took 0.314 seconds
[2025-02-04T14:51:30.735+0000] {processor.py:186} INFO - Started process (PID=345) to work on /home/airflow/.local/lib/python3.12/site-packages/airflow/example_dags/example_latest_only.py
[2025-02-04T14:51:30.741+0000] {processor.py:914} INFO - Processing file /home/airflow/.local/lib/python3.12/site-packages/airflow/example_dags/example_latest_only.py for tasks to queue
[2025-02-04T14:51:30.769+0000] {logging_mixin.py:190} INFO - [2025-02-04T14:51:30.768+0000] {dagbag.py:588} INFO - Filling up the DagBag from /home/airflow/.local/lib/python3.12/site-packages/airflow/example_dags/example_latest_only.py
[2025-02-04T14:51:30.790+0000] {processor.py:925} INFO - DAG(s) 'latest_only' retrieved from /home/airflow/.local/lib/python3.12/site-packages/airflow/example_dags/example_latest_only.py
[2025-02-04T14:51:30.861+0000] {logging_mixin.py:190} INFO - [2025-02-04T14:51:30.861+0000] {dag.py:3239} INFO - Sync 1 DAGs
[2025-02-04T14:51:30.944+0000] {logging_mixin.py:190} INFO - [2025-02-04T14:51:30.943+0000] {dag.py:4180} INFO - Setting next_dagrun for latest_only to 2025-02-04 08:00:00+00:00, run_after=2025-02-04 12:00:00+00:00
[2025-02-04T14:51:30.988+0000] {processor.py:208} INFO - Processing /home/airflow/.local/lib/python3.12/site-packages/airflow/example_dags/example_latest_only.py took 0.297 seconds
[2025-02-04T14:52:22.973+0000] {processor.py:186} INFO - Started process (PID=409) to work on /home/airflow/.local/lib/python3.12/site-packages/airflow/example_dags/example_latest_only.py
[2025-02-04T14:52:23.024+0000] {processor.py:914} INFO - Processing file /home/airflow/.local/lib/python3.12/site-packages/airflow/example_dags/example_latest_only.py for tasks to queue
[2025-02-04T14:52:23.066+0000] {logging_mixin.py:190} INFO - [2025-02-04T14:52:23.065+0000] {dagbag.py:588} INFO - Filling up the DagBag from /home/airflow/.local/lib/python3.12/site-packages/airflow/example_dags/example_latest_only.py
[2025-02-04T14:52:23.229+0000] {processor.py:925} INFO - DAG(s) 'latest_only' retrieved from /home/airflow/.local/lib/python3.12/site-packages/airflow/example_dags/example_latest_only.py
[2025-02-04T14:52:24.508+0000] {logging_mixin.py:190} INFO - [2025-02-04T14:52:24.507+0000] {dag.py:3239} INFO - Sync 1 DAGs
[2025-02-04T14:52:24.895+0000] {logging_mixin.py:190} INFO - [2025-02-04T14:52:24.895+0000] {dag.py:4180} INFO - Setting next_dagrun for latest_only to 2025-02-04 08:00:00+00:00, run_after=2025-02-04 12:00:00+00:00
[2025-02-04T14:52:25.172+0000] {processor.py:208} INFO - Processing /home/airflow/.local/lib/python3.12/site-packages/airflow/example_dags/example_latest_only.py took 2.287 seconds
[2025-02-04T14:52:55.394+0000] {processor.py:186} INFO - Started process (PID=476) to work on /home/airflow/.local/lib/python3.12/site-packages/airflow/example_dags/example_latest_only.py
[2025-02-04T14:52:55.396+0000] {processor.py:914} INFO - Processing file /home/airflow/.local/lib/python3.12/site-packages/airflow/example_dags/example_latest_only.py for tasks to queue
[2025-02-04T14:52:55.400+0000] {logging_mixin.py:190} INFO - [2025-02-04T14:52:55.399+0000] {dagbag.py:588} INFO - Filling up the DagBag from /home/airflow/.local/lib/python3.12/site-packages/airflow/example_dags/example_latest_only.py
[2025-02-04T14:52:55.411+0000] {processor.py:925} INFO - DAG(s) 'latest_only' retrieved from /home/airflow/.local/lib/python3.12/site-packages/airflow/example_dags/example_latest_only.py
[2025-02-04T14:52:55.440+0000] {logging_mixin.py:190} INFO - [2025-02-04T14:52:55.440+0000] {dag.py:3239} INFO - Sync 1 DAGs
[2025-02-04T14:52:55.475+0000] {logging_mixin.py:190} INFO - [2025-02-04T14:52:55.475+0000] {dag.py:4180} INFO - Setting next_dagrun for latest_only to 2025-02-04 08:00:00+00:00, run_after=2025-02-04 12:00:00+00:00
[2025-02-04T14:52:55.503+0000] {processor.py:208} INFO - Processing /home/airflow/.local/lib/python3.12/site-packages/airflow/example_dags/example_latest_only.py took 0.118 seconds
[2025-02-04T14:53:25.639+0000] {processor.py:186} INFO - Started process (PID=544) to work on /home/airflow/.local/lib/python3.12/site-packages/airflow/example_dags/example_latest_only.py
[2025-02-04T14:53:25.641+0000] {processor.py:914} INFO - Processing file /home/airflow/.local/lib/python3.12/site-packages/airflow/example_dags/example_latest_only.py for tasks to queue
[2025-02-04T14:53:25.646+0000] {logging_mixin.py:190} INFO - [2025-02-04T14:53:25.645+0000] {dagbag.py:588} INFO - Filling up the DagBag from /home/airflow/.local/lib/python3.12/site-packages/airflow/example_dags/example_latest_only.py
[2025-02-04T14:53:25.658+0000] {processor.py:925} INFO - DAG(s) 'latest_only' retrieved from /home/airflow/.local/lib/python3.12/site-packages/airflow/example_dags/example_latest_only.py
[2025-02-04T14:53:25.698+0000] {logging_mixin.py:190} INFO - [2025-02-04T14:53:25.697+0000] {dag.py:3239} INFO - Sync 1 DAGs
[2025-02-04T14:53:25.743+0000] {logging_mixin.py:190} INFO - [2025-02-04T14:53:25.742+0000] {dag.py:4180} INFO - Setting next_dagrun for latest_only to 2025-02-04 08:00:00+00:00, run_after=2025-02-04 12:00:00+00:00
[2025-02-04T14:53:25.800+0000] {processor.py:208} INFO - Processing /home/airflow/.local/lib/python3.12/site-packages/airflow/example_dags/example_latest_only.py took 0.174 seconds
[2025-02-04T14:53:56.252+0000] {processor.py:186} INFO - Started process (PID=611) to work on /home/airflow/.local/lib/python3.12/site-packages/airflow/example_dags/example_latest_only.py
[2025-02-04T14:53:56.253+0000] {processor.py:914} INFO - Processing file /home/airflow/.local/lib/python3.12/site-packages/airflow/example_dags/example_latest_only.py for tasks to queue
[2025-02-04T14:53:56.257+0000] {logging_mixin.py:190} INFO - [2025-02-04T14:53:56.257+0000] {dagbag.py:588} INFO - Filling up the DagBag from /home/airflow/.local/lib/python3.12/site-packages/airflow/example_dags/example_latest_only.py
[2025-02-04T14:53:56.270+0000] {processor.py:925} INFO - DAG(s) 'latest_only' retrieved from /home/airflow/.local/lib/python3.12/site-packages/airflow/example_dags/example_latest_only.py
[2025-02-04T14:53:56.300+0000] {logging_mixin.py:190} INFO - [2025-02-04T14:53:56.300+0000] {dag.py:3239} INFO - Sync 1 DAGs
[2025-02-04T14:53:56.341+0000] {logging_mixin.py:190} INFO - [2025-02-04T14:53:56.341+0000] {dag.py:4180} INFO - Setting next_dagrun for latest_only to 2025-02-04 08:00:00+00:00, run_after=2025-02-04 12:00:00+00:00
[2025-02-04T14:53:56.376+0000] {processor.py:208} INFO - Processing /home/airflow/.local/lib/python3.12/site-packages/airflow/example_dags/example_latest_only.py took 0.135 seconds
[2025-02-04T14:54:27.932+0000] {processor.py:186} INFO - Started process (PID=677) to work on /home/airflow/.local/lib/python3.12/site-packages/airflow/example_dags/example_latest_only.py
[2025-02-04T14:54:27.941+0000] {processor.py:914} INFO - Processing file /home/airflow/.local/lib/python3.12/site-packages/airflow/example_dags/example_latest_only.py for tasks to queue
[2025-02-04T14:54:27.957+0000] {logging_mixin.py:190} INFO - [2025-02-04T14:54:27.953+0000] {dagbag.py:588} INFO - Filling up the DagBag from /home/airflow/.local/lib/python3.12/site-packages/airflow/example_dags/example_latest_only.py
[2025-02-04T14:54:27.981+0000] {processor.py:925} INFO - DAG(s) 'latest_only' retrieved from /home/airflow/.local/lib/python3.12/site-packages/airflow/example_dags/example_latest_only.py
[2025-02-04T14:54:28.085+0000] {logging_mixin.py:190} INFO - [2025-02-04T14:54:28.084+0000] {dag.py:3239} INFO - Sync 1 DAGs
[2025-02-04T14:54:28.250+0000] {logging_mixin.py:190} INFO - [2025-02-04T14:54:28.249+0000] {dag.py:4180} INFO - Setting next_dagrun for latest_only to 2025-02-04 08:00:00+00:00, run_after=2025-02-04 12:00:00+00:00
[2025-02-04T14:54:28.287+0000] {processor.py:208} INFO - Processing /home/airflow/.local/lib/python3.12/site-packages/airflow/example_dags/example_latest_only.py took 0.383 seconds
[2025-02-04T14:54:59.199+0000] {processor.py:186} INFO - Started process (PID=743) to work on /home/airflow/.local/lib/python3.12/site-packages/airflow/example_dags/example_latest_only.py
[2025-02-04T14:54:59.200+0000] {processor.py:914} INFO - Processing file /home/airflow/.local/lib/python3.12/site-packages/airflow/example_dags/example_latest_only.py for tasks to queue
[2025-02-04T14:54:59.204+0000] {logging_mixin.py:190} INFO - [2025-02-04T14:54:59.204+0000] {dagbag.py:588} INFO - Filling up the DagBag from /home/airflow/.local/lib/python3.12/site-packages/airflow/example_dags/example_latest_only.py
[2025-02-04T14:54:59.218+0000] {processor.py:925} INFO - DAG(s) 'latest_only' retrieved from /home/airflow/.local/lib/python3.12/site-packages/airflow/example_dags/example_latest_only.py
[2025-02-04T14:54:59.255+0000] {logging_mixin.py:190} INFO - [2025-02-04T14:54:59.254+0000] {dag.py:3239} INFO - Sync 1 DAGs
[2025-02-04T14:54:59.309+0000] {logging_mixin.py:190} INFO - [2025-02-04T14:54:59.309+0000] {dag.py:4180} INFO - Setting next_dagrun for latest_only to 2025-02-04 08:00:00+00:00, run_after=2025-02-04 12:00:00+00:00
[2025-02-04T14:54:59.348+0000] {processor.py:208} INFO - Processing /home/airflow/.local/lib/python3.12/site-packages/airflow/example_dags/example_latest_only.py took 0.159 seconds
[2025-02-04T14:55:30.043+0000] {processor.py:186} INFO - Started process (PID=810) to work on /home/airflow/.local/lib/python3.12/site-packages/airflow/example_dags/example_latest_only.py
[2025-02-04T14:55:30.046+0000] {processor.py:914} INFO - Processing file /home/airflow/.local/lib/python3.12/site-packages/airflow/example_dags/example_latest_only.py for tasks to queue
[2025-02-04T14:55:30.051+0000] {logging_mixin.py:190} INFO - [2025-02-04T14:55:30.050+0000] {dagbag.py:588} INFO - Filling up the DagBag from /home/airflow/.local/lib/python3.12/site-packages/airflow/example_dags/example_latest_only.py
[2025-02-04T14:55:30.069+0000] {processor.py:925} INFO - DAG(s) 'latest_only' retrieved from /home/airflow/.local/lib/python3.12/site-packages/airflow/example_dags/example_latest_only.py
[2025-02-04T14:55:30.115+0000] {logging_mixin.py:190} INFO - [2025-02-04T14:55:30.115+0000] {dag.py:3239} INFO - Sync 1 DAGs
[2025-02-04T14:55:30.169+0000] {logging_mixin.py:190} INFO - [2025-02-04T14:55:30.168+0000] {dag.py:4180} INFO - Setting next_dagrun for latest_only to 2025-02-04 08:00:00+00:00, run_after=2025-02-04 12:00:00+00:00
[2025-02-04T14:55:30.221+0000] {processor.py:208} INFO - Processing /home/airflow/.local/lib/python3.12/site-packages/airflow/example_dags/example_latest_only.py took 0.193 seconds
[2025-02-04T14:56:09.492+0000] {processor.py:186} INFO - Started process (PID=872) to work on /home/airflow/.local/lib/python3.12/site-packages/airflow/example_dags/example_latest_only.py
[2025-02-04T14:56:09.495+0000] {processor.py:914} INFO - Processing file /home/airflow/.local/lib/python3.12/site-packages/airflow/example_dags/example_latest_only.py for tasks to queue
[2025-02-04T14:56:09.512+0000] {logging_mixin.py:190} INFO - [2025-02-04T14:56:09.510+0000] {dagbag.py:588} INFO - Filling up the DagBag from /home/airflow/.local/lib/python3.12/site-packages/airflow/example_dags/example_latest_only.py
[2025-02-04T14:56:09.567+0000] {processor.py:925} INFO - DAG(s) 'latest_only' retrieved from /home/airflow/.local/lib/python3.12/site-packages/airflow/example_dags/example_latest_only.py
[2025-02-04T14:56:09.861+0000] {logging_mixin.py:190} INFO - [2025-02-04T14:56:09.860+0000] {dag.py:3239} INFO - Sync 1 DAGs
[2025-02-04T14:56:10.259+0000] {logging_mixin.py:190} INFO - [2025-02-04T14:56:10.231+0000] {dag.py:4180} INFO - Setting next_dagrun for latest_only to 2025-02-04 08:00:00+00:00, run_after=2025-02-04 12:00:00+00:00
[2025-02-04T14:56:10.523+0000] {processor.py:208} INFO - Processing /home/airflow/.local/lib/python3.12/site-packages/airflow/example_dags/example_latest_only.py took 1.057 seconds
[2025-02-04T14:56:40.985+0000] {processor.py:186} INFO - Started process (PID=935) to work on /home/airflow/.local/lib/python3.12/site-packages/airflow/example_dags/example_latest_only.py
[2025-02-04T14:56:40.988+0000] {processor.py:914} INFO - Processing file /home/airflow/.local/lib/python3.12/site-packages/airflow/example_dags/example_latest_only.py for tasks to queue
[2025-02-04T14:56:40.995+0000] {logging_mixin.py:190} INFO - [2025-02-04T14:56:40.994+0000] {dagbag.py:588} INFO - Filling up the DagBag from /home/airflow/.local/lib/python3.12/site-packages/airflow/example_dags/example_latest_only.py
[2025-02-04T14:56:41.019+0000] {processor.py:925} INFO - DAG(s) 'latest_only' retrieved from /home/airflow/.local/lib/python3.12/site-packages/airflow/example_dags/example_latest_only.py
[2025-02-04T14:56:41.076+0000] {logging_mixin.py:190} INFO - [2025-02-04T14:56:41.076+0000] {dag.py:3239} INFO - Sync 1 DAGs
[2025-02-04T14:56:41.135+0000] {logging_mixin.py:190} INFO - [2025-02-04T14:56:41.134+0000] {dag.py:4180} INFO - Setting next_dagrun for latest_only to 2025-02-04 08:00:00+00:00, run_after=2025-02-04 12:00:00+00:00
[2025-02-04T14:56:41.168+0000] {processor.py:208} INFO - Processing /home/airflow/.local/lib/python3.12/site-packages/airflow/example_dags/example_latest_only.py took 0.201 seconds
[2025-02-04T14:57:11.621+0000] {processor.py:186} INFO - Started process (PID=999) to work on /home/airflow/.local/lib/python3.12/site-packages/airflow/example_dags/example_latest_only.py
[2025-02-04T14:57:11.623+0000] {processor.py:914} INFO - Processing file /home/airflow/.local/lib/python3.12/site-packages/airflow/example_dags/example_latest_only.py for tasks to queue
[2025-02-04T14:57:11.628+0000] {logging_mixin.py:190} INFO - [2025-02-04T14:57:11.627+0000] {dagbag.py:588} INFO - Filling up the DagBag from /home/airflow/.local/lib/python3.12/site-packages/airflow/example_dags/example_latest_only.py
[2025-02-04T14:57:11.644+0000] {processor.py:925} INFO - DAG(s) 'latest_only' retrieved from /home/airflow/.local/lib/python3.12/site-packages/airflow/example_dags/example_latest_only.py
[2025-02-04T14:57:11.684+0000] {logging_mixin.py:190} INFO - [2025-02-04T14:57:11.683+0000] {dag.py:3239} INFO - Sync 1 DAGs
[2025-02-04T14:57:11.745+0000] {logging_mixin.py:190} INFO - [2025-02-04T14:57:11.744+0000] {dag.py:4180} INFO - Setting next_dagrun for latest_only to 2025-02-04 08:00:00+00:00, run_after=2025-02-04 12:00:00+00:00
[2025-02-04T14:57:11.782+0000] {processor.py:208} INFO - Processing /home/airflow/.local/lib/python3.12/site-packages/airflow/example_dags/example_latest_only.py took 0.174 seconds
[2025-02-04T14:57:42.036+0000] {processor.py:186} INFO - Started process (PID=1063) to work on /home/airflow/.local/lib/python3.12/site-packages/airflow/example_dags/example_latest_only.py
[2025-02-04T14:57:42.038+0000] {processor.py:914} INFO - Processing file /home/airflow/.local/lib/python3.12/site-packages/airflow/example_dags/example_latest_only.py for tasks to queue
[2025-02-04T14:57:42.043+0000] {logging_mixin.py:190} INFO - [2025-02-04T14:57:42.042+0000] {dagbag.py:588} INFO - Filling up the DagBag from /home/airflow/.local/lib/python3.12/site-packages/airflow/example_dags/example_latest_only.py
[2025-02-04T14:57:42.059+0000] {processor.py:925} INFO - DAG(s) 'latest_only' retrieved from /home/airflow/.local/lib/python3.12/site-packages/airflow/example_dags/example_latest_only.py
[2025-02-04T14:57:42.090+0000] {logging_mixin.py:190} INFO - [2025-02-04T14:57:42.089+0000] {dag.py:3239} INFO - Sync 1 DAGs
[2025-02-04T14:57:42.129+0000] {logging_mixin.py:190} INFO - [2025-02-04T14:57:42.128+0000] {dag.py:4180} INFO - Setting next_dagrun for latest_only to 2025-02-04 08:00:00+00:00, run_after=2025-02-04 12:00:00+00:00
[2025-02-04T14:57:42.162+0000] {processor.py:208} INFO - Processing /home/airflow/.local/lib/python3.12/site-packages/airflow/example_dags/example_latest_only.py took 0.138 seconds
[2025-02-04T14:58:12.694+0000] {processor.py:186} INFO - Started process (PID=1127) to work on /home/airflow/.local/lib/python3.12/site-packages/airflow/example_dags/example_latest_only.py
[2025-02-04T14:58:12.696+0000] {processor.py:914} INFO - Processing file /home/airflow/.local/lib/python3.12/site-packages/airflow/example_dags/example_latest_only.py for tasks to queue
[2025-02-04T14:58:12.702+0000] {logging_mixin.py:190} INFO - [2025-02-04T14:58:12.701+0000] {dagbag.py:588} INFO - Filling up the DagBag from /home/airflow/.local/lib/python3.12/site-packages/airflow/example_dags/example_latest_only.py
[2025-02-04T14:58:12.722+0000] {processor.py:925} INFO - DAG(s) 'latest_only' retrieved from /home/airflow/.local/lib/python3.12/site-packages/airflow/example_dags/example_latest_only.py
[2025-02-04T14:58:12.749+0000] {logging_mixin.py:190} INFO - [2025-02-04T14:58:12.749+0000] {dag.py:3239} INFO - Sync 1 DAGs
[2025-02-04T14:58:12.782+0000] {logging_mixin.py:190} INFO - [2025-02-04T14:58:12.781+0000] {dag.py:4180} INFO - Setting next_dagrun for latest_only to 2025-02-04 08:00:00+00:00, run_after=2025-02-04 12:00:00+00:00
[2025-02-04T14:58:12.807+0000] {processor.py:208} INFO - Processing /home/airflow/.local/lib/python3.12/site-packages/airflow/example_dags/example_latest_only.py took 0.128 seconds
[2025-02-04T14:58:43.704+0000] {processor.py:186} INFO - Started process (PID=1192) to work on /home/airflow/.local/lib/python3.12/site-packages/airflow/example_dags/example_latest_only.py
[2025-02-04T14:58:43.706+0000] {processor.py:914} INFO - Processing file /home/airflow/.local/lib/python3.12/site-packages/airflow/example_dags/example_latest_only.py for tasks to queue
[2025-02-04T14:58:43.709+0000] {logging_mixin.py:190} INFO - [2025-02-04T14:58:43.709+0000] {dagbag.py:588} INFO - Filling up the DagBag from /home/airflow/.local/lib/python3.12/site-packages/airflow/example_dags/example_latest_only.py
[2025-02-04T14:58:43.720+0000] {processor.py:925} INFO - DAG(s) 'latest_only' retrieved from /home/airflow/.local/lib/python3.12/site-packages/airflow/example_dags/example_latest_only.py
[2025-02-04T14:58:43.747+0000] {logging_mixin.py:190} INFO - [2025-02-04T14:58:43.746+0000] {dag.py:3239} INFO - Sync 1 DAGs
[2025-02-04T14:58:43.780+0000] {logging_mixin.py:190} INFO - [2025-02-04T14:58:43.780+0000] {dag.py:4180} INFO - Setting next_dagrun for latest_only to 2025-02-04 08:00:00+00:00, run_after=2025-02-04 12:00:00+00:00
[2025-02-04T14:58:43.826+0000] {processor.py:208} INFO - Processing /home/airflow/.local/lib/python3.12/site-packages/airflow/example_dags/example_latest_only.py took 0.130 seconds
[2025-02-04T14:59:14.039+0000] {processor.py:186} INFO - Started process (PID=1257) to work on /home/airflow/.local/lib/python3.12/site-packages/airflow/example_dags/example_latest_only.py
[2025-02-04T14:59:14.040+0000] {processor.py:914} INFO - Processing file /home/airflow/.local/lib/python3.12/site-packages/airflow/example_dags/example_latest_only.py for tasks to queue
[2025-02-04T14:59:14.044+0000] {logging_mixin.py:190} INFO - [2025-02-04T14:59:14.043+0000] {dagbag.py:588} INFO - Filling up the DagBag from /home/airflow/.local/lib/python3.12/site-packages/airflow/example_dags/example_latest_only.py
[2025-02-04T14:59:14.053+0000] {processor.py:925} INFO - DAG(s) 'latest_only' retrieved from /home/airflow/.local/lib/python3.12/site-packages/airflow/example_dags/example_latest_only.py
[2025-02-04T14:59:14.080+0000] {logging_mixin.py:190} INFO - [2025-02-04T14:59:14.080+0000] {dag.py:3239} INFO - Sync 1 DAGs
[2025-02-04T14:59:14.111+0000] {logging_mixin.py:190} INFO - [2025-02-04T14:59:14.110+0000] {dag.py:4180} INFO - Setting next_dagrun for latest_only to 2025-02-04 08:00:00+00:00, run_after=2025-02-04 12:00:00+00:00
[2025-02-04T14:59:14.143+0000] {processor.py:208} INFO - Processing /home/airflow/.local/lib/python3.12/site-packages/airflow/example_dags/example_latest_only.py took 0.112 seconds
[2025-02-04T14:59:44.911+0000] {processor.py:186} INFO - Started process (PID=1321) to work on /home/airflow/.local/lib/python3.12/site-packages/airflow/example_dags/example_latest_only.py
[2025-02-04T14:59:44.913+0000] {processor.py:914} INFO - Processing file /home/airflow/.local/lib/python3.12/site-packages/airflow/example_dags/example_latest_only.py for tasks to queue
[2025-02-04T14:59:44.923+0000] {logging_mixin.py:190} INFO - [2025-02-04T14:59:44.922+0000] {dagbag.py:588} INFO - Filling up the DagBag from /home/airflow/.local/lib/python3.12/site-packages/airflow/example_dags/example_latest_only.py
[2025-02-04T14:59:44.939+0000] {processor.py:925} INFO - DAG(s) 'latest_only' retrieved from /home/airflow/.local/lib/python3.12/site-packages/airflow/example_dags/example_latest_only.py
[2025-02-04T14:59:44.981+0000] {logging_mixin.py:190} INFO - [2025-02-04T14:59:44.981+0000] {dag.py:3239} INFO - Sync 1 DAGs
[2025-02-04T14:59:45.023+0000] {logging_mixin.py:190} INFO - [2025-02-04T14:59:45.023+0000] {dag.py:4180} INFO - Setting next_dagrun for latest_only to 2025-02-04 08:00:00+00:00, run_after=2025-02-04 12:00:00+00:00
[2025-02-04T14:59:45.061+0000] {processor.py:208} INFO - Processing /home/airflow/.local/lib/python3.12/site-packages/airflow/example_dags/example_latest_only.py took 0.171 seconds
[2025-02-04T15:00:15.685+0000] {processor.py:186} INFO - Started process (PID=1385) to work on /home/airflow/.local/lib/python3.12/site-packages/airflow/example_dags/example_latest_only.py
[2025-02-04T15:00:15.687+0000] {processor.py:914} INFO - Processing file /home/airflow/.local/lib/python3.12/site-packages/airflow/example_dags/example_latest_only.py for tasks to queue
[2025-02-04T15:00:15.690+0000] {logging_mixin.py:190} INFO - [2025-02-04T15:00:15.690+0000] {dagbag.py:588} INFO - Filling up the DagBag from /home/airflow/.local/lib/python3.12/site-packages/airflow/example_dags/example_latest_only.py
[2025-02-04T15:00:15.702+0000] {processor.py:925} INFO - DAG(s) 'latest_only' retrieved from /home/airflow/.local/lib/python3.12/site-packages/airflow/example_dags/example_latest_only.py
[2025-02-04T15:00:15.732+0000] {logging_mixin.py:190} INFO - [2025-02-04T15:00:15.732+0000] {dag.py:3239} INFO - Sync 1 DAGs
[2025-02-04T15:00:15.769+0000] {logging_mixin.py:190} INFO - [2025-02-04T15:00:15.769+0000] {dag.py:4180} INFO - Setting next_dagrun for latest_only to 2025-02-04 08:00:00+00:00, run_after=2025-02-04 12:00:00+00:00
[2025-02-04T15:00:15.799+0000] {processor.py:208} INFO - Processing /home/airflow/.local/lib/python3.12/site-packages/airflow/example_dags/example_latest_only.py took 0.127 seconds
[2025-02-04T15:00:46.288+0000] {processor.py:186} INFO - Started process (PID=1449) to work on /home/airflow/.local/lib/python3.12/site-packages/airflow/example_dags/example_latest_only.py
[2025-02-04T15:00:46.290+0000] {processor.py:914} INFO - Processing file /home/airflow/.local/lib/python3.12/site-packages/airflow/example_dags/example_latest_only.py for tasks to queue
[2025-02-04T15:00:46.294+0000] {logging_mixin.py:190} INFO - [2025-02-04T15:00:46.294+0000] {dagbag.py:588} INFO - Filling up the DagBag from /home/airflow/.local/lib/python3.12/site-packages/airflow/example_dags/example_latest_only.py
[2025-02-04T15:00:46.309+0000] {processor.py:925} INFO - DAG(s) 'latest_only' retrieved from /home/airflow/.local/lib/python3.12/site-packages/airflow/example_dags/example_latest_only.py
[2025-02-04T15:00:46.343+0000] {logging_mixin.py:190} INFO - [2025-02-04T15:00:46.343+0000] {dag.py:3239} INFO - Sync 1 DAGs
[2025-02-04T15:00:46.387+0000] {logging_mixin.py:190} INFO - [2025-02-04T15:00:46.387+0000] {dag.py:4180} INFO - Setting next_dagrun for latest_only to 2025-02-04 08:00:00+00:00, run_after=2025-02-04 12:00:00+00:00
[2025-02-04T15:00:46.424+0000] {processor.py:208} INFO - Processing /home/airflow/.local/lib/python3.12/site-packages/airflow/example_dags/example_latest_only.py took 0.150 seconds
[2025-02-04T15:01:16.645+0000] {processor.py:186} INFO - Started process (PID=1514) to work on /home/airflow/.local/lib/python3.12/site-packages/airflow/example_dags/example_latest_only.py
[2025-02-04T15:01:16.647+0000] {processor.py:914} INFO - Processing file /home/airflow/.local/lib/python3.12/site-packages/airflow/example_dags/example_latest_only.py for tasks to queue
[2025-02-04T15:01:16.651+0000] {logging_mixin.py:190} INFO - [2025-02-04T15:01:16.650+0000] {dagbag.py:588} INFO - Filling up the DagBag from /home/airflow/.local/lib/python3.12/site-packages/airflow/example_dags/example_latest_only.py
[2025-02-04T15:01:16.664+0000] {processor.py:925} INFO - DAG(s) 'latest_only' retrieved from /home/airflow/.local/lib/python3.12/site-packages/airflow/example_dags/example_latest_only.py
[2025-02-04T15:01:16.702+0000] {logging_mixin.py:190} INFO - [2025-02-04T15:01:16.701+0000] {dag.py:3239} INFO - Sync 1 DAGs
[2025-02-04T15:01:16.755+0000] {logging_mixin.py:190} INFO - [2025-02-04T15:01:16.754+0000] {dag.py:4180} INFO - Setting next_dagrun for latest_only to 2025-02-04 08:00:00+00:00, run_after=2025-02-04 12:00:00+00:00
[2025-02-04T15:01:16.786+0000] {processor.py:208} INFO - Processing /home/airflow/.local/lib/python3.12/site-packages/airflow/example_dags/example_latest_only.py took 0.151 seconds
