[2025-02-04T14:08:12.458+0000] {processor.py:186} INFO - Started process (PID=139) to work on /home/airflow/.local/lib/python3.12/site-packages/airflow/example_dags/example_workday_timetable.py
[2025-02-04T14:08:12.469+0000] {processor.py:914} INFO - Processing file /home/airflow/.local/lib/python3.12/site-packages/airflow/example_dags/example_workday_timetable.py for tasks to queue
[2025-02-04T14:08:12.478+0000] {logging_mixin.py:190} INFO - [2025-02-04T14:08:12.477+0000] {dagbag.py:588} INFO - Filling up the DagBag from /home/airflow/.local/lib/python3.12/site-packages/airflow/example_dags/example_workday_timetable.py
[2025-02-04T14:08:12.502+0000] {processor.py:925} INFO - DAG(s) 'example_workday_timetable' retrieved from /home/airflow/.local/lib/python3.12/site-packages/airflow/example_dags/example_workday_timetable.py
[2025-02-04T14:08:13.253+0000] {logging_mixin.py:190} INFO - [2025-02-04T14:08:13.251+0000] {override.py:1911} INFO - Created Permission View: can delete on DAG:example_workday_timetable
[2025-02-04T14:08:13.316+0000] {logging_mixin.py:190} INFO - [2025-02-04T14:08:13.315+0000] {override.py:1911} INFO - Created Permission View: can read on DAG:example_workday_timetable
[2025-02-04T14:08:13.397+0000] {logging_mixin.py:190} INFO - [2025-02-04T14:08:13.396+0000] {override.py:1911} INFO - Created Permission View: can edit on DAG:example_workday_timetable
[2025-02-04T14:08:13.484+0000] {logging_mixin.py:190} INFO - [2025-02-04T14:08:13.483+0000] {override.py:1911} INFO - Created Permission View: can delete on DAG Run:example_workday_timetable
[2025-02-04T14:08:13.515+0000] {logging_mixin.py:190} INFO - [2025-02-04T14:08:13.515+0000] {override.py:1911} INFO - Created Permission View: menu access on DAG Run:example_workday_timetable
[2025-02-04T14:08:13.544+0000] {logging_mixin.py:190} INFO - [2025-02-04T14:08:13.543+0000] {override.py:1911} INFO - Created Permission View: can read on DAG Run:example_workday_timetable
[2025-02-04T14:08:13.577+0000] {logging_mixin.py:190} INFO - [2025-02-04T14:08:13.576+0000] {override.py:1911} INFO - Created Permission View: can create on DAG Run:example_workday_timetable
[2025-02-04T14:08:13.581+0000] {logging_mixin.py:190} INFO - [2025-02-04T14:08:13.581+0000] {dag.py:3239} INFO - Sync 1 DAGs
[2025-02-04T14:08:13.696+0000] {logging_mixin.py:190} INFO - [2025-02-04T14:08:13.695+0000] {dag.py:3262} INFO - Creating ORM DAG for example_workday_timetable
[2025-02-04T14:08:14.481+0000] {logging_mixin.py:190} INFO - [2025-02-04T14:08:14.481+0000] {dag.py:4180} INFO - Setting next_dagrun for example_workday_timetable to 2021-01-04 00:00:00+00:00, run_after=2021-01-05 00:00:00+00:00
[2025-02-04T14:08:14.632+0000] {processor.py:208} INFO - Processing /home/airflow/.local/lib/python3.12/site-packages/airflow/example_dags/example_workday_timetable.py took 2.206 seconds
[2025-02-04T14:08:44.828+0000] {processor.py:186} INFO - Started process (PID=203) to work on /home/airflow/.local/lib/python3.12/site-packages/airflow/example_dags/example_workday_timetable.py
[2025-02-04T14:08:44.830+0000] {processor.py:914} INFO - Processing file /home/airflow/.local/lib/python3.12/site-packages/airflow/example_dags/example_workday_timetable.py for tasks to queue
[2025-02-04T14:08:44.844+0000] {logging_mixin.py:190} INFO - [2025-02-04T14:08:44.843+0000] {dagbag.py:588} INFO - Filling up the DagBag from /home/airflow/.local/lib/python3.12/site-packages/airflow/example_dags/example_workday_timetable.py
[2025-02-04T14:08:44.856+0000] {processor.py:925} INFO - DAG(s) 'example_workday_timetable' retrieved from /home/airflow/.local/lib/python3.12/site-packages/airflow/example_dags/example_workday_timetable.py
[2025-02-04T14:08:44.902+0000] {logging_mixin.py:190} INFO - [2025-02-04T14:08:44.902+0000] {dag.py:3239} INFO - Sync 1 DAGs
[2025-02-04T14:08:45.108+0000] {logging_mixin.py:190} INFO - [2025-02-04T14:08:45.108+0000] {dag.py:4180} INFO - Setting next_dagrun for example_workday_timetable to 2021-01-04 00:00:00+00:00, run_after=2021-01-05 00:00:00+00:00
[2025-02-04T14:08:45.140+0000] {processor.py:208} INFO - Processing /home/airflow/.local/lib/python3.12/site-packages/airflow/example_dags/example_workday_timetable.py took 0.330 seconds
[2025-02-04T14:09:15.410+0000] {processor.py:186} INFO - Started process (PID=267) to work on /home/airflow/.local/lib/python3.12/site-packages/airflow/example_dags/example_workday_timetable.py
[2025-02-04T14:09:15.413+0000] {processor.py:914} INFO - Processing file /home/airflow/.local/lib/python3.12/site-packages/airflow/example_dags/example_workday_timetable.py for tasks to queue
[2025-02-04T14:09:15.418+0000] {logging_mixin.py:190} INFO - [2025-02-04T14:09:15.417+0000] {dagbag.py:588} INFO - Filling up the DagBag from /home/airflow/.local/lib/python3.12/site-packages/airflow/example_dags/example_workday_timetable.py
[2025-02-04T14:09:15.461+0000] {processor.py:925} INFO - DAG(s) 'example_workday_timetable' retrieved from /home/airflow/.local/lib/python3.12/site-packages/airflow/example_dags/example_workday_timetable.py
[2025-02-04T14:09:15.534+0000] {logging_mixin.py:190} INFO - [2025-02-04T14:09:15.534+0000] {dag.py:3239} INFO - Sync 1 DAGs
[2025-02-04T14:09:15.778+0000] {logging_mixin.py:190} INFO - [2025-02-04T14:09:15.777+0000] {dag.py:4180} INFO - Setting next_dagrun for example_workday_timetable to 2021-01-04 00:00:00+00:00, run_after=2021-01-05 00:00:00+00:00
[2025-02-04T14:09:15.857+0000] {processor.py:208} INFO - Processing /home/airflow/.local/lib/python3.12/site-packages/airflow/example_dags/example_workday_timetable.py took 0.461 seconds
[2025-02-04T14:09:46.130+0000] {processor.py:186} INFO - Started process (PID=330) to work on /home/airflow/.local/lib/python3.12/site-packages/airflow/example_dags/example_workday_timetable.py
[2025-02-04T14:09:46.133+0000] {processor.py:914} INFO - Processing file /home/airflow/.local/lib/python3.12/site-packages/airflow/example_dags/example_workday_timetable.py for tasks to queue
[2025-02-04T14:09:46.137+0000] {logging_mixin.py:190} INFO - [2025-02-04T14:09:46.137+0000] {dagbag.py:588} INFO - Filling up the DagBag from /home/airflow/.local/lib/python3.12/site-packages/airflow/example_dags/example_workday_timetable.py
[2025-02-04T14:09:46.146+0000] {processor.py:925} INFO - DAG(s) 'example_workday_timetable' retrieved from /home/airflow/.local/lib/python3.12/site-packages/airflow/example_dags/example_workday_timetable.py
[2025-02-04T14:09:46.177+0000] {logging_mixin.py:190} INFO - [2025-02-04T14:09:46.177+0000] {dag.py:3239} INFO - Sync 1 DAGs
[2025-02-04T14:09:46.315+0000] {logging_mixin.py:190} INFO - [2025-02-04T14:09:46.315+0000] {dag.py:4180} INFO - Setting next_dagrun for example_workday_timetable to 2021-01-04 00:00:00+00:00, run_after=2021-01-05 00:00:00+00:00
[2025-02-04T14:09:46.348+0000] {processor.py:208} INFO - Processing /home/airflow/.local/lib/python3.12/site-packages/airflow/example_dags/example_workday_timetable.py took 0.229 seconds
[2025-02-04T14:10:16.627+0000] {processor.py:186} INFO - Started process (PID=394) to work on /home/airflow/.local/lib/python3.12/site-packages/airflow/example_dags/example_workday_timetable.py
[2025-02-04T14:10:16.629+0000] {processor.py:914} INFO - Processing file /home/airflow/.local/lib/python3.12/site-packages/airflow/example_dags/example_workday_timetable.py for tasks to queue
[2025-02-04T14:10:16.634+0000] {logging_mixin.py:190} INFO - [2025-02-04T14:10:16.633+0000] {dagbag.py:588} INFO - Filling up the DagBag from /home/airflow/.local/lib/python3.12/site-packages/airflow/example_dags/example_workday_timetable.py
[2025-02-04T14:10:16.645+0000] {processor.py:925} INFO - DAG(s) 'example_workday_timetable' retrieved from /home/airflow/.local/lib/python3.12/site-packages/airflow/example_dags/example_workday_timetable.py
[2025-02-04T14:10:16.680+0000] {logging_mixin.py:190} INFO - [2025-02-04T14:10:16.680+0000] {dag.py:3239} INFO - Sync 1 DAGs
[2025-02-04T14:10:16.842+0000] {logging_mixin.py:190} INFO - [2025-02-04T14:10:16.842+0000] {dag.py:4180} INFO - Setting next_dagrun for example_workday_timetable to 2021-01-04 00:00:00+00:00, run_after=2021-01-05 00:00:00+00:00
[2025-02-04T14:10:16.882+0000] {processor.py:208} INFO - Processing /home/airflow/.local/lib/python3.12/site-packages/airflow/example_dags/example_workday_timetable.py took 0.267 seconds
[2025-02-04T14:10:56.951+0000] {processor.py:186} INFO - Started process (PID=461) to work on /home/airflow/.local/lib/python3.12/site-packages/airflow/example_dags/example_workday_timetable.py
[2025-02-04T14:10:56.956+0000] {processor.py:914} INFO - Processing file /home/airflow/.local/lib/python3.12/site-packages/airflow/example_dags/example_workday_timetable.py for tasks to queue
[2025-02-04T14:10:56.962+0000] {logging_mixin.py:190} INFO - [2025-02-04T14:10:56.961+0000] {dagbag.py:588} INFO - Filling up the DagBag from /home/airflow/.local/lib/python3.12/site-packages/airflow/example_dags/example_workday_timetable.py
[2025-02-04T14:10:56.976+0000] {processor.py:925} INFO - DAG(s) 'example_workday_timetable' retrieved from /home/airflow/.local/lib/python3.12/site-packages/airflow/example_dags/example_workday_timetable.py
[2025-02-04T14:10:57.075+0000] {logging_mixin.py:190} INFO - [2025-02-04T14:10:57.074+0000] {dag.py:3239} INFO - Sync 1 DAGs
[2025-02-04T14:10:57.454+0000] {logging_mixin.py:190} INFO - [2025-02-04T14:10:57.454+0000] {dag.py:4180} INFO - Setting next_dagrun for example_workday_timetable to 2021-01-04 00:00:00+00:00, run_after=2021-01-05 00:00:00+00:00
[2025-02-04T14:10:57.533+0000] {processor.py:208} INFO - Processing /home/airflow/.local/lib/python3.12/site-packages/airflow/example_dags/example_workday_timetable.py took 0.597 seconds
[2025-02-04T14:11:35.898+0000] {processor.py:186} INFO - Started process (PID=525) to work on /home/airflow/.local/lib/python3.12/site-packages/airflow/example_dags/example_workday_timetable.py
[2025-02-04T14:11:35.914+0000] {processor.py:914} INFO - Processing file /home/airflow/.local/lib/python3.12/site-packages/airflow/example_dags/example_workday_timetable.py for tasks to queue
[2025-02-04T14:11:35.938+0000] {logging_mixin.py:190} INFO - [2025-02-04T14:11:35.937+0000] {dagbag.py:588} INFO - Filling up the DagBag from /home/airflow/.local/lib/python3.12/site-packages/airflow/example_dags/example_workday_timetable.py
[2025-02-04T14:11:35.985+0000] {processor.py:925} INFO - DAG(s) 'example_workday_timetable' retrieved from /home/airflow/.local/lib/python3.12/site-packages/airflow/example_dags/example_workday_timetable.py
[2025-02-04T14:11:36.111+0000] {logging_mixin.py:190} INFO - [2025-02-04T14:11:36.110+0000] {dag.py:3239} INFO - Sync 1 DAGs
[2025-02-04T14:11:36.597+0000] {logging_mixin.py:190} INFO - [2025-02-04T14:11:36.596+0000] {dag.py:4180} INFO - Setting next_dagrun for example_workday_timetable to 2021-01-04 00:00:00+00:00, run_after=2021-01-05 00:00:00+00:00
[2025-02-04T14:11:36.689+0000] {processor.py:208} INFO - Processing /home/airflow/.local/lib/python3.12/site-packages/airflow/example_dags/example_workday_timetable.py took 0.844 seconds
[2025-02-04T14:18:46.222+0000] {processor.py:186} INFO - Started process (PID=119) to work on /home/airflow/.local/lib/python3.12/site-packages/airflow/example_dags/example_workday_timetable.py
[2025-02-04T14:18:46.224+0000] {processor.py:914} INFO - Processing file /home/airflow/.local/lib/python3.12/site-packages/airflow/example_dags/example_workday_timetable.py for tasks to queue
[2025-02-04T14:18:46.229+0000] {logging_mixin.py:190} INFO - [2025-02-04T14:18:46.228+0000] {dagbag.py:588} INFO - Filling up the DagBag from /home/airflow/.local/lib/python3.12/site-packages/airflow/example_dags/example_workday_timetable.py
[2025-02-04T14:18:46.245+0000] {processor.py:925} INFO - DAG(s) 'example_workday_timetable' retrieved from /home/airflow/.local/lib/python3.12/site-packages/airflow/example_dags/example_workday_timetable.py
[2025-02-04T14:18:46.297+0000] {logging_mixin.py:190} INFO - [2025-02-04T14:18:46.296+0000] {dag.py:3239} INFO - Sync 1 DAGs
[2025-02-04T14:18:46.489+0000] {logging_mixin.py:190} INFO - [2025-02-04T14:18:46.489+0000] {dag.py:4180} INFO - Setting next_dagrun for example_workday_timetable to 2021-01-04 00:00:00+00:00, run_after=2021-01-05 00:00:00+00:00
[2025-02-04T14:18:46.523+0000] {processor.py:208} INFO - Processing /home/airflow/.local/lib/python3.12/site-packages/airflow/example_dags/example_workday_timetable.py took 0.316 seconds
[2025-02-04T14:19:17.937+0000] {processor.py:186} INFO - Started process (PID=183) to work on /home/airflow/.local/lib/python3.12/site-packages/airflow/example_dags/example_workday_timetable.py
[2025-02-04T14:19:17.939+0000] {processor.py:914} INFO - Processing file /home/airflow/.local/lib/python3.12/site-packages/airflow/example_dags/example_workday_timetable.py for tasks to queue
[2025-02-04T14:19:17.944+0000] {logging_mixin.py:190} INFO - [2025-02-04T14:19:17.944+0000] {dagbag.py:588} INFO - Filling up the DagBag from /home/airflow/.local/lib/python3.12/site-packages/airflow/example_dags/example_workday_timetable.py
[2025-02-04T14:19:17.960+0000] {processor.py:925} INFO - DAG(s) 'example_workday_timetable' retrieved from /home/airflow/.local/lib/python3.12/site-packages/airflow/example_dags/example_workday_timetable.py
[2025-02-04T14:19:17.997+0000] {logging_mixin.py:190} INFO - [2025-02-04T14:19:17.996+0000] {dag.py:3239} INFO - Sync 1 DAGs
[2025-02-04T14:19:18.156+0000] {logging_mixin.py:190} INFO - [2025-02-04T14:19:18.156+0000] {dag.py:4180} INFO - Setting next_dagrun for example_workday_timetable to 2021-01-04 00:00:00+00:00, run_after=2021-01-05 00:00:00+00:00
[2025-02-04T14:19:18.204+0000] {processor.py:208} INFO - Processing /home/airflow/.local/lib/python3.12/site-packages/airflow/example_dags/example_workday_timetable.py took 0.279 seconds
[2025-02-04T14:19:49.328+0000] {processor.py:186} INFO - Started process (PID=256) to work on /home/airflow/.local/lib/python3.12/site-packages/airflow/example_dags/example_workday_timetable.py
[2025-02-04T14:19:49.330+0000] {processor.py:914} INFO - Processing file /home/airflow/.local/lib/python3.12/site-packages/airflow/example_dags/example_workday_timetable.py for tasks to queue
[2025-02-04T14:19:49.337+0000] {logging_mixin.py:190} INFO - [2025-02-04T14:19:49.335+0000] {dagbag.py:588} INFO - Filling up the DagBag from /home/airflow/.local/lib/python3.12/site-packages/airflow/example_dags/example_workday_timetable.py
[2025-02-04T14:19:49.348+0000] {processor.py:925} INFO - DAG(s) 'example_workday_timetable' retrieved from /home/airflow/.local/lib/python3.12/site-packages/airflow/example_dags/example_workday_timetable.py
[2025-02-04T14:19:49.385+0000] {logging_mixin.py:190} INFO - [2025-02-04T14:19:49.385+0000] {dag.py:3239} INFO - Sync 1 DAGs
[2025-02-04T14:19:49.560+0000] {logging_mixin.py:190} INFO - [2025-02-04T14:19:49.559+0000] {dag.py:4180} INFO - Setting next_dagrun for example_workday_timetable to 2021-01-04 00:00:00+00:00, run_after=2021-01-05 00:00:00+00:00
[2025-02-04T14:19:49.649+0000] {processor.py:208} INFO - Processing /home/airflow/.local/lib/python3.12/site-packages/airflow/example_dags/example_workday_timetable.py took 0.345 seconds
[2025-02-04T14:20:20.699+0000] {processor.py:186} INFO - Started process (PID=325) to work on /home/airflow/.local/lib/python3.12/site-packages/airflow/example_dags/example_workday_timetable.py
[2025-02-04T14:20:20.701+0000] {processor.py:914} INFO - Processing file /home/airflow/.local/lib/python3.12/site-packages/airflow/example_dags/example_workday_timetable.py for tasks to queue
[2025-02-04T14:20:20.703+0000] {logging_mixin.py:190} INFO - [2025-02-04T14:20:20.703+0000] {dagbag.py:588} INFO - Filling up the DagBag from /home/airflow/.local/lib/python3.12/site-packages/airflow/example_dags/example_workday_timetable.py
[2025-02-04T14:20:20.713+0000] {processor.py:925} INFO - DAG(s) 'example_workday_timetable' retrieved from /home/airflow/.local/lib/python3.12/site-packages/airflow/example_dags/example_workday_timetable.py
[2025-02-04T14:20:20.748+0000] {logging_mixin.py:190} INFO - [2025-02-04T14:20:20.748+0000] {dag.py:3239} INFO - Sync 1 DAGs
[2025-02-04T14:20:20.872+0000] {logging_mixin.py:190} INFO - [2025-02-04T14:20:20.871+0000] {dag.py:4180} INFO - Setting next_dagrun for example_workday_timetable to 2021-01-04 00:00:00+00:00, run_after=2021-01-05 00:00:00+00:00
[2025-02-04T14:20:20.919+0000] {processor.py:208} INFO - Processing /home/airflow/.local/lib/python3.12/site-packages/airflow/example_dags/example_workday_timetable.py took 0.232 seconds
[2025-02-04T14:20:56.811+0000] {processor.py:186} INFO - Started process (PID=395) to work on /home/airflow/.local/lib/python3.12/site-packages/airflow/example_dags/example_workday_timetable.py
[2025-02-04T14:20:56.814+0000] {processor.py:914} INFO - Processing file /home/airflow/.local/lib/python3.12/site-packages/airflow/example_dags/example_workday_timetable.py for tasks to queue
[2025-02-04T14:20:56.817+0000] {logging_mixin.py:190} INFO - [2025-02-04T14:20:56.816+0000] {dagbag.py:588} INFO - Filling up the DagBag from /home/airflow/.local/lib/python3.12/site-packages/airflow/example_dags/example_workday_timetable.py
[2025-02-04T14:20:56.827+0000] {processor.py:925} INFO - DAG(s) 'example_workday_timetable' retrieved from /home/airflow/.local/lib/python3.12/site-packages/airflow/example_dags/example_workday_timetable.py
[2025-02-04T14:20:56.867+0000] {logging_mixin.py:190} INFO - [2025-02-04T14:20:56.867+0000] {dag.py:3239} INFO - Sync 1 DAGs
[2025-02-04T14:20:57.009+0000] {logging_mixin.py:190} INFO - [2025-02-04T14:20:57.009+0000] {dag.py:4180} INFO - Setting next_dagrun for example_workday_timetable to 2021-01-04 00:00:00+00:00, run_after=2021-01-05 00:00:00+00:00
[2025-02-04T14:20:57.053+0000] {processor.py:208} INFO - Processing /home/airflow/.local/lib/python3.12/site-packages/airflow/example_dags/example_workday_timetable.py took 0.252 seconds
[2025-02-04T14:21:29.051+0000] {processor.py:186} INFO - Started process (PID=474) to work on /home/airflow/.local/lib/python3.12/site-packages/airflow/example_dags/example_workday_timetable.py
[2025-02-04T14:21:29.053+0000] {processor.py:914} INFO - Processing file /home/airflow/.local/lib/python3.12/site-packages/airflow/example_dags/example_workday_timetable.py for tasks to queue
[2025-02-04T14:21:29.055+0000] {logging_mixin.py:190} INFO - [2025-02-04T14:21:29.054+0000] {dagbag.py:588} INFO - Filling up the DagBag from /home/airflow/.local/lib/python3.12/site-packages/airflow/example_dags/example_workday_timetable.py
[2025-02-04T14:21:29.065+0000] {processor.py:925} INFO - DAG(s) 'example_workday_timetable' retrieved from /home/airflow/.local/lib/python3.12/site-packages/airflow/example_dags/example_workday_timetable.py
[2025-02-04T14:21:29.105+0000] {logging_mixin.py:190} INFO - [2025-02-04T14:21:29.105+0000] {dag.py:3239} INFO - Sync 1 DAGs
[2025-02-04T14:21:29.210+0000] {logging_mixin.py:190} INFO - [2025-02-04T14:21:29.210+0000] {dag.py:4180} INFO - Setting next_dagrun for example_workday_timetable to 2021-01-04 00:00:00+00:00, run_after=2021-01-05 00:00:00+00:00
[2025-02-04T14:21:29.241+0000] {processor.py:208} INFO - Processing /home/airflow/.local/lib/python3.12/site-packages/airflow/example_dags/example_workday_timetable.py took 0.204 seconds
[2025-02-04T14:22:00.016+0000] {processor.py:186} INFO - Started process (PID=538) to work on /home/airflow/.local/lib/python3.12/site-packages/airflow/example_dags/example_workday_timetable.py
[2025-02-04T14:22:00.018+0000] {processor.py:914} INFO - Processing file /home/airflow/.local/lib/python3.12/site-packages/airflow/example_dags/example_workday_timetable.py for tasks to queue
[2025-02-04T14:22:00.022+0000] {logging_mixin.py:190} INFO - [2025-02-04T14:22:00.021+0000] {dagbag.py:588} INFO - Filling up the DagBag from /home/airflow/.local/lib/python3.12/site-packages/airflow/example_dags/example_workday_timetable.py
[2025-02-04T14:22:00.034+0000] {processor.py:925} INFO - DAG(s) 'example_workday_timetable' retrieved from /home/airflow/.local/lib/python3.12/site-packages/airflow/example_dags/example_workday_timetable.py
[2025-02-04T14:22:00.081+0000] {logging_mixin.py:190} INFO - [2025-02-04T14:22:00.081+0000] {dag.py:3239} INFO - Sync 1 DAGs
[2025-02-04T14:22:00.273+0000] {logging_mixin.py:190} INFO - [2025-02-04T14:22:00.272+0000] {dag.py:4180} INFO - Setting next_dagrun for example_workday_timetable to 2021-01-04 00:00:00+00:00, run_after=2021-01-05 00:00:00+00:00
[2025-02-04T14:22:00.319+0000] {processor.py:208} INFO - Processing /home/airflow/.local/lib/python3.12/site-packages/airflow/example_dags/example_workday_timetable.py took 0.318 seconds
[2025-02-04T14:22:33.382+0000] {processor.py:186} INFO - Started process (PID=611) to work on /home/airflow/.local/lib/python3.12/site-packages/airflow/example_dags/example_workday_timetable.py
[2025-02-04T14:22:33.384+0000] {processor.py:914} INFO - Processing file /home/airflow/.local/lib/python3.12/site-packages/airflow/example_dags/example_workday_timetable.py for tasks to queue
[2025-02-04T14:22:33.388+0000] {logging_mixin.py:190} INFO - [2025-02-04T14:22:33.387+0000] {dagbag.py:588} INFO - Filling up the DagBag from /home/airflow/.local/lib/python3.12/site-packages/airflow/example_dags/example_workday_timetable.py
[2025-02-04T14:22:33.408+0000] {processor.py:925} INFO - DAG(s) 'example_workday_timetable' retrieved from /home/airflow/.local/lib/python3.12/site-packages/airflow/example_dags/example_workday_timetable.py
[2025-02-04T14:22:33.456+0000] {logging_mixin.py:190} INFO - [2025-02-04T14:22:33.455+0000] {dag.py:3239} INFO - Sync 1 DAGs
[2025-02-04T14:22:33.635+0000] {logging_mixin.py:190} INFO - [2025-02-04T14:22:33.634+0000] {dag.py:4180} INFO - Setting next_dagrun for example_workday_timetable to 2021-01-04 00:00:00+00:00, run_after=2021-01-05 00:00:00+00:00
[2025-02-04T14:22:33.683+0000] {processor.py:208} INFO - Processing /home/airflow/.local/lib/python3.12/site-packages/airflow/example_dags/example_workday_timetable.py took 0.312 seconds
[2025-02-04T14:23:04.593+0000] {processor.py:186} INFO - Started process (PID=679) to work on /home/airflow/.local/lib/python3.12/site-packages/airflow/example_dags/example_workday_timetable.py
[2025-02-04T14:23:04.595+0000] {processor.py:914} INFO - Processing file /home/airflow/.local/lib/python3.12/site-packages/airflow/example_dags/example_workday_timetable.py for tasks to queue
[2025-02-04T14:23:04.598+0000] {logging_mixin.py:190} INFO - [2025-02-04T14:23:04.597+0000] {dagbag.py:588} INFO - Filling up the DagBag from /home/airflow/.local/lib/python3.12/site-packages/airflow/example_dags/example_workday_timetable.py
[2025-02-04T14:23:04.608+0000] {processor.py:925} INFO - DAG(s) 'example_workday_timetable' retrieved from /home/airflow/.local/lib/python3.12/site-packages/airflow/example_dags/example_workday_timetable.py
[2025-02-04T14:23:04.643+0000] {logging_mixin.py:190} INFO - [2025-02-04T14:23:04.642+0000] {dag.py:3239} INFO - Sync 1 DAGs
[2025-02-04T14:23:04.777+0000] {logging_mixin.py:190} INFO - [2025-02-04T14:23:04.776+0000] {dag.py:4180} INFO - Setting next_dagrun for example_workday_timetable to 2021-01-04 00:00:00+00:00, run_after=2021-01-05 00:00:00+00:00
[2025-02-04T14:23:04.829+0000] {processor.py:208} INFO - Processing /home/airflow/.local/lib/python3.12/site-packages/airflow/example_dags/example_workday_timetable.py took 0.246 seconds
[2025-02-04T14:23:35.071+0000] {processor.py:186} INFO - Started process (PID=742) to work on /home/airflow/.local/lib/python3.12/site-packages/airflow/example_dags/example_workday_timetable.py
[2025-02-04T14:23:35.073+0000] {processor.py:914} INFO - Processing file /home/airflow/.local/lib/python3.12/site-packages/airflow/example_dags/example_workday_timetable.py for tasks to queue
[2025-02-04T14:23:35.075+0000] {logging_mixin.py:190} INFO - [2025-02-04T14:23:35.074+0000] {dagbag.py:588} INFO - Filling up the DagBag from /home/airflow/.local/lib/python3.12/site-packages/airflow/example_dags/example_workday_timetable.py
[2025-02-04T14:23:35.085+0000] {processor.py:925} INFO - DAG(s) 'example_workday_timetable' retrieved from /home/airflow/.local/lib/python3.12/site-packages/airflow/example_dags/example_workday_timetable.py
[2025-02-04T14:23:35.131+0000] {logging_mixin.py:190} INFO - [2025-02-04T14:23:35.131+0000] {dag.py:3239} INFO - Sync 1 DAGs
[2025-02-04T14:23:35.268+0000] {logging_mixin.py:190} INFO - [2025-02-04T14:23:35.268+0000] {dag.py:4180} INFO - Setting next_dagrun for example_workday_timetable to 2021-01-04 00:00:00+00:00, run_after=2021-01-05 00:00:00+00:00
[2025-02-04T14:23:35.301+0000] {processor.py:208} INFO - Processing /home/airflow/.local/lib/python3.12/site-packages/airflow/example_dags/example_workday_timetable.py took 0.241 seconds
[2025-02-04T14:24:05.685+0000] {processor.py:186} INFO - Started process (PID=807) to work on /home/airflow/.local/lib/python3.12/site-packages/airflow/example_dags/example_workday_timetable.py
[2025-02-04T14:24:05.687+0000] {processor.py:914} INFO - Processing file /home/airflow/.local/lib/python3.12/site-packages/airflow/example_dags/example_workday_timetable.py for tasks to queue
[2025-02-04T14:24:05.700+0000] {logging_mixin.py:190} INFO - [2025-02-04T14:24:05.699+0000] {dagbag.py:588} INFO - Filling up the DagBag from /home/airflow/.local/lib/python3.12/site-packages/airflow/example_dags/example_workday_timetable.py
[2025-02-04T14:24:05.738+0000] {processor.py:925} INFO - DAG(s) 'example_workday_timetable' retrieved from /home/airflow/.local/lib/python3.12/site-packages/airflow/example_dags/example_workday_timetable.py
[2025-02-04T14:24:05.813+0000] {logging_mixin.py:190} INFO - [2025-02-04T14:24:05.813+0000] {dag.py:3239} INFO - Sync 1 DAGs
[2025-02-04T14:24:05.945+0000] {logging_mixin.py:190} INFO - [2025-02-04T14:24:05.945+0000] {dag.py:4180} INFO - Setting next_dagrun for example_workday_timetable to 2021-01-04 00:00:00+00:00, run_after=2021-01-05 00:00:00+00:00
[2025-02-04T14:24:05.980+0000] {processor.py:208} INFO - Processing /home/airflow/.local/lib/python3.12/site-packages/airflow/example_dags/example_workday_timetable.py took 0.308 seconds
[2025-02-04T14:33:02.115+0000] {processor.py:186} INFO - Started process (PID=137) to work on /home/airflow/.local/lib/python3.12/site-packages/airflow/example_dags/example_workday_timetable.py
[2025-02-04T14:33:02.118+0000] {processor.py:914} INFO - Processing file /home/airflow/.local/lib/python3.12/site-packages/airflow/example_dags/example_workday_timetable.py for tasks to queue
[2025-02-04T14:33:02.122+0000] {logging_mixin.py:190} INFO - [2025-02-04T14:33:02.122+0000] {dagbag.py:588} INFO - Filling up the DagBag from /home/airflow/.local/lib/python3.12/site-packages/airflow/example_dags/example_workday_timetable.py
[2025-02-04T14:33:02.134+0000] {processor.py:925} INFO - DAG(s) 'example_workday_timetable' retrieved from /home/airflow/.local/lib/python3.12/site-packages/airflow/example_dags/example_workday_timetable.py
[2025-02-04T14:33:02.392+0000] {logging_mixin.py:190} INFO - [2025-02-04T14:33:02.391+0000] {override.py:1911} INFO - Created Permission View: can delete on DAG:example_workday_timetable
[2025-02-04T14:33:02.446+0000] {logging_mixin.py:190} INFO - [2025-02-04T14:33:02.445+0000] {override.py:1911} INFO - Created Permission View: can read on DAG:example_workday_timetable
[2025-02-04T14:33:02.475+0000] {logging_mixin.py:190} INFO - [2025-02-04T14:33:02.474+0000] {override.py:1911} INFO - Created Permission View: can edit on DAG:example_workday_timetable
[2025-02-04T14:33:02.511+0000] {logging_mixin.py:190} INFO - [2025-02-04T14:33:02.509+0000] {override.py:1911} INFO - Created Permission View: can create on DAG Run:example_workday_timetable
[2025-02-04T14:33:02.537+0000] {logging_mixin.py:190} INFO - [2025-02-04T14:33:02.536+0000] {override.py:1911} INFO - Created Permission View: can delete on DAG Run:example_workday_timetable
[2025-02-04T14:33:02.561+0000] {logging_mixin.py:190} INFO - [2025-02-04T14:33:02.561+0000] {override.py:1911} INFO - Created Permission View: can read on DAG Run:example_workday_timetable
[2025-02-04T14:33:02.601+0000] {logging_mixin.py:190} INFO - [2025-02-04T14:33:02.600+0000] {override.py:1911} INFO - Created Permission View: menu access on DAG Run:example_workday_timetable
[2025-02-04T14:33:02.606+0000] {logging_mixin.py:190} INFO - [2025-02-04T14:33:02.602+0000] {dag.py:3239} INFO - Sync 1 DAGs
[2025-02-04T14:33:02.672+0000] {logging_mixin.py:190} INFO - [2025-02-04T14:33:02.672+0000] {dag.py:3262} INFO - Creating ORM DAG for example_workday_timetable
[2025-02-04T14:33:03.022+0000] {logging_mixin.py:190} INFO - [2025-02-04T14:33:03.021+0000] {dag.py:4180} INFO - Setting next_dagrun for example_workday_timetable to 2021-01-04 00:00:00+00:00, run_after=2021-01-05 00:00:00+00:00
[2025-02-04T14:33:03.082+0000] {processor.py:208} INFO - Processing /home/airflow/.local/lib/python3.12/site-packages/airflow/example_dags/example_workday_timetable.py took 0.983 seconds
[2025-02-04T14:33:33.355+0000] {processor.py:186} INFO - Started process (PID=201) to work on /home/airflow/.local/lib/python3.12/site-packages/airflow/example_dags/example_workday_timetable.py
[2025-02-04T14:33:33.357+0000] {processor.py:914} INFO - Processing file /home/airflow/.local/lib/python3.12/site-packages/airflow/example_dags/example_workday_timetable.py for tasks to queue
[2025-02-04T14:33:33.362+0000] {logging_mixin.py:190} INFO - [2025-02-04T14:33:33.361+0000] {dagbag.py:588} INFO - Filling up the DagBag from /home/airflow/.local/lib/python3.12/site-packages/airflow/example_dags/example_workday_timetable.py
[2025-02-04T14:33:33.381+0000] {processor.py:925} INFO - DAG(s) 'example_workday_timetable' retrieved from /home/airflow/.local/lib/python3.12/site-packages/airflow/example_dags/example_workday_timetable.py
[2025-02-04T14:33:33.422+0000] {logging_mixin.py:190} INFO - [2025-02-04T14:33:33.422+0000] {dag.py:3239} INFO - Sync 1 DAGs
[2025-02-04T14:33:33.555+0000] {logging_mixin.py:190} INFO - [2025-02-04T14:33:33.554+0000] {dag.py:4180} INFO - Setting next_dagrun for example_workday_timetable to 2021-01-04 00:00:00+00:00, run_after=2021-01-05 00:00:00+00:00
[2025-02-04T14:33:33.588+0000] {processor.py:208} INFO - Processing /home/airflow/.local/lib/python3.12/site-packages/airflow/example_dags/example_workday_timetable.py took 0.250 seconds
[2025-02-04T14:34:03.815+0000] {processor.py:186} INFO - Started process (PID=265) to work on /home/airflow/.local/lib/python3.12/site-packages/airflow/example_dags/example_workday_timetable.py
[2025-02-04T14:34:03.817+0000] {processor.py:914} INFO - Processing file /home/airflow/.local/lib/python3.12/site-packages/airflow/example_dags/example_workday_timetable.py for tasks to queue
[2025-02-04T14:34:03.822+0000] {logging_mixin.py:190} INFO - [2025-02-04T14:34:03.821+0000] {dagbag.py:588} INFO - Filling up the DagBag from /home/airflow/.local/lib/python3.12/site-packages/airflow/example_dags/example_workday_timetable.py
[2025-02-04T14:34:03.832+0000] {processor.py:925} INFO - DAG(s) 'example_workday_timetable' retrieved from /home/airflow/.local/lib/python3.12/site-packages/airflow/example_dags/example_workday_timetable.py
[2025-02-04T14:34:03.950+0000] {logging_mixin.py:190} INFO - [2025-02-04T14:34:03.950+0000] {dag.py:3239} INFO - Sync 1 DAGs
[2025-02-04T14:34:04.089+0000] {logging_mixin.py:190} INFO - [2025-02-04T14:34:04.089+0000] {dag.py:4180} INFO - Setting next_dagrun for example_workday_timetable to 2021-01-04 00:00:00+00:00, run_after=2021-01-05 00:00:00+00:00
[2025-02-04T14:34:04.121+0000] {processor.py:208} INFO - Processing /home/airflow/.local/lib/python3.12/site-packages/airflow/example_dags/example_workday_timetable.py took 0.319 seconds
[2025-02-04T14:34:34.831+0000] {processor.py:186} INFO - Started process (PID=329) to work on /home/airflow/.local/lib/python3.12/site-packages/airflow/example_dags/example_workday_timetable.py
[2025-02-04T14:34:34.832+0000] {processor.py:914} INFO - Processing file /home/airflow/.local/lib/python3.12/site-packages/airflow/example_dags/example_workday_timetable.py for tasks to queue
[2025-02-04T14:34:34.836+0000] {logging_mixin.py:190} INFO - [2025-02-04T14:34:34.836+0000] {dagbag.py:588} INFO - Filling up the DagBag from /home/airflow/.local/lib/python3.12/site-packages/airflow/example_dags/example_workday_timetable.py
[2025-02-04T14:34:34.844+0000] {processor.py:925} INFO - DAG(s) 'example_workday_timetable' retrieved from /home/airflow/.local/lib/python3.12/site-packages/airflow/example_dags/example_workday_timetable.py
[2025-02-04T14:34:34.875+0000] {logging_mixin.py:190} INFO - [2025-02-04T14:34:34.875+0000] {dag.py:3239} INFO - Sync 1 DAGs
[2025-02-04T14:34:34.986+0000] {logging_mixin.py:190} INFO - [2025-02-04T14:34:34.986+0000] {dag.py:4180} INFO - Setting next_dagrun for example_workday_timetable to 2021-01-04 00:00:00+00:00, run_after=2021-01-05 00:00:00+00:00
[2025-02-04T14:34:35.017+0000] {processor.py:208} INFO - Processing /home/airflow/.local/lib/python3.12/site-packages/airflow/example_dags/example_workday_timetable.py took 0.195 seconds
[2025-02-04T14:35:08.557+0000] {processor.py:186} INFO - Started process (PID=393) to work on /home/airflow/.local/lib/python3.12/site-packages/airflow/example_dags/example_workday_timetable.py
[2025-02-04T14:35:08.559+0000] {processor.py:914} INFO - Processing file /home/airflow/.local/lib/python3.12/site-packages/airflow/example_dags/example_workday_timetable.py for tasks to queue
[2025-02-04T14:35:08.564+0000] {logging_mixin.py:190} INFO - [2025-02-04T14:35:08.563+0000] {dagbag.py:588} INFO - Filling up the DagBag from /home/airflow/.local/lib/python3.12/site-packages/airflow/example_dags/example_workday_timetable.py
[2025-02-04T14:35:08.578+0000] {processor.py:925} INFO - DAG(s) 'example_workday_timetable' retrieved from /home/airflow/.local/lib/python3.12/site-packages/airflow/example_dags/example_workday_timetable.py
[2025-02-04T14:35:08.655+0000] {logging_mixin.py:190} INFO - [2025-02-04T14:35:08.654+0000] {dag.py:3239} INFO - Sync 1 DAGs
[2025-02-04T14:35:08.927+0000] {logging_mixin.py:190} INFO - [2025-02-04T14:35:08.927+0000] {dag.py:4180} INFO - Setting next_dagrun for example_workday_timetable to 2021-01-04 00:00:00+00:00, run_after=2021-01-05 00:00:00+00:00
[2025-02-04T14:35:08.967+0000] {processor.py:208} INFO - Processing /home/airflow/.local/lib/python3.12/site-packages/airflow/example_dags/example_workday_timetable.py took 0.422 seconds
[2025-02-04T14:35:40.343+0000] {processor.py:186} INFO - Started process (PID=460) to work on /home/airflow/.local/lib/python3.12/site-packages/airflow/example_dags/example_workday_timetable.py
[2025-02-04T14:35:40.345+0000] {processor.py:914} INFO - Processing file /home/airflow/.local/lib/python3.12/site-packages/airflow/example_dags/example_workday_timetable.py for tasks to queue
[2025-02-04T14:35:40.349+0000] {logging_mixin.py:190} INFO - [2025-02-04T14:35:40.349+0000] {dagbag.py:588} INFO - Filling up the DagBag from /home/airflow/.local/lib/python3.12/site-packages/airflow/example_dags/example_workday_timetable.py
[2025-02-04T14:35:40.377+0000] {processor.py:925} INFO - DAG(s) 'example_workday_timetable' retrieved from /home/airflow/.local/lib/python3.12/site-packages/airflow/example_dags/example_workday_timetable.py
[2025-02-04T14:35:40.421+0000] {logging_mixin.py:190} INFO - [2025-02-04T14:35:40.421+0000] {dag.py:3239} INFO - Sync 1 DAGs
[2025-02-04T14:35:40.591+0000] {logging_mixin.py:190} INFO - [2025-02-04T14:35:40.590+0000] {dag.py:4180} INFO - Setting next_dagrun for example_workday_timetable to 2021-01-04 00:00:00+00:00, run_after=2021-01-05 00:00:00+00:00
[2025-02-04T14:35:40.628+0000] {processor.py:208} INFO - Processing /home/airflow/.local/lib/python3.12/site-packages/airflow/example_dags/example_workday_timetable.py took 0.300 seconds
[2025-02-04T14:36:11.959+0000] {processor.py:186} INFO - Started process (PID=522) to work on /home/airflow/.local/lib/python3.12/site-packages/airflow/example_dags/example_workday_timetable.py
[2025-02-04T14:36:11.962+0000] {processor.py:914} INFO - Processing file /home/airflow/.local/lib/python3.12/site-packages/airflow/example_dags/example_workday_timetable.py for tasks to queue
[2025-02-04T14:36:11.977+0000] {logging_mixin.py:190} INFO - [2025-02-04T14:36:11.977+0000] {dagbag.py:588} INFO - Filling up the DagBag from /home/airflow/.local/lib/python3.12/site-packages/airflow/example_dags/example_workday_timetable.py
[2025-02-04T14:36:12.023+0000] {processor.py:925} INFO - DAG(s) 'example_workday_timetable' retrieved from /home/airflow/.local/lib/python3.12/site-packages/airflow/example_dags/example_workday_timetable.py
[2025-02-04T14:36:12.190+0000] {logging_mixin.py:190} INFO - [2025-02-04T14:36:12.190+0000] {dag.py:3239} INFO - Sync 1 DAGs
[2025-02-04T14:36:12.980+0000] {logging_mixin.py:190} INFO - [2025-02-04T14:36:12.979+0000] {dag.py:4180} INFO - Setting next_dagrun for example_workday_timetable to 2021-01-04 00:00:00+00:00, run_after=2021-01-05 00:00:00+00:00
[2025-02-04T14:36:13.088+0000] {processor.py:208} INFO - Processing /home/airflow/.local/lib/python3.12/site-packages/airflow/example_dags/example_workday_timetable.py took 1.175 seconds
[2025-02-04T14:36:47.872+0000] {processor.py:186} INFO - Started process (PID=586) to work on /home/airflow/.local/lib/python3.12/site-packages/airflow/example_dags/example_workday_timetable.py
[2025-02-04T14:36:47.874+0000] {processor.py:914} INFO - Processing file /home/airflow/.local/lib/python3.12/site-packages/airflow/example_dags/example_workday_timetable.py for tasks to queue
[2025-02-04T14:36:47.878+0000] {logging_mixin.py:190} INFO - [2025-02-04T14:36:47.878+0000] {dagbag.py:588} INFO - Filling up the DagBag from /home/airflow/.local/lib/python3.12/site-packages/airflow/example_dags/example_workday_timetable.py
[2025-02-04T14:36:47.889+0000] {processor.py:925} INFO - DAG(s) 'example_workday_timetable' retrieved from /home/airflow/.local/lib/python3.12/site-packages/airflow/example_dags/example_workday_timetable.py
[2025-02-04T14:36:47.922+0000] {logging_mixin.py:190} INFO - [2025-02-04T14:36:47.922+0000] {dag.py:3239} INFO - Sync 1 DAGs
[2025-02-04T14:36:48.073+0000] {logging_mixin.py:190} INFO - [2025-02-04T14:36:48.072+0000] {dag.py:4180} INFO - Setting next_dagrun for example_workday_timetable to 2021-01-04 00:00:00+00:00, run_after=2021-01-05 00:00:00+00:00
[2025-02-04T14:36:48.108+0000] {processor.py:208} INFO - Processing /home/airflow/.local/lib/python3.12/site-packages/airflow/example_dags/example_workday_timetable.py took 0.245 seconds
[2025-02-04T14:37:19.408+0000] {processor.py:186} INFO - Started process (PID=652) to work on /home/airflow/.local/lib/python3.12/site-packages/airflow/example_dags/example_workday_timetable.py
[2025-02-04T14:37:19.450+0000] {processor.py:914} INFO - Processing file /home/airflow/.local/lib/python3.12/site-packages/airflow/example_dags/example_workday_timetable.py for tasks to queue
[2025-02-04T14:37:19.456+0000] {logging_mixin.py:190} INFO - [2025-02-04T14:37:19.455+0000] {dagbag.py:588} INFO - Filling up the DagBag from /home/airflow/.local/lib/python3.12/site-packages/airflow/example_dags/example_workday_timetable.py
[2025-02-04T14:37:19.490+0000] {processor.py:925} INFO - DAG(s) 'example_workday_timetable' retrieved from /home/airflow/.local/lib/python3.12/site-packages/airflow/example_dags/example_workday_timetable.py
[2025-02-04T14:37:19.599+0000] {logging_mixin.py:190} INFO - [2025-02-04T14:37:19.598+0000] {dag.py:3239} INFO - Sync 1 DAGs
[2025-02-04T14:37:19.865+0000] {logging_mixin.py:190} INFO - [2025-02-04T14:37:19.865+0000] {dag.py:4180} INFO - Setting next_dagrun for example_workday_timetable to 2021-01-04 00:00:00+00:00, run_after=2021-01-05 00:00:00+00:00
[2025-02-04T14:37:19.901+0000] {processor.py:208} INFO - Processing /home/airflow/.local/lib/python3.12/site-packages/airflow/example_dags/example_workday_timetable.py took 0.507 seconds
[2025-02-04T14:37:56.462+0000] {processor.py:186} INFO - Started process (PID=722) to work on /home/airflow/.local/lib/python3.12/site-packages/airflow/example_dags/example_workday_timetable.py
[2025-02-04T14:37:56.464+0000] {processor.py:914} INFO - Processing file /home/airflow/.local/lib/python3.12/site-packages/airflow/example_dags/example_workday_timetable.py for tasks to queue
[2025-02-04T14:37:56.468+0000] {logging_mixin.py:190} INFO - [2025-02-04T14:37:56.467+0000] {dagbag.py:588} INFO - Filling up the DagBag from /home/airflow/.local/lib/python3.12/site-packages/airflow/example_dags/example_workday_timetable.py
[2025-02-04T14:37:56.477+0000] {processor.py:925} INFO - DAG(s) 'example_workday_timetable' retrieved from /home/airflow/.local/lib/python3.12/site-packages/airflow/example_dags/example_workday_timetable.py
[2025-02-04T14:37:56.509+0000] {logging_mixin.py:190} INFO - [2025-02-04T14:37:56.508+0000] {dag.py:3239} INFO - Sync 1 DAGs
[2025-02-04T14:37:56.706+0000] {logging_mixin.py:190} INFO - [2025-02-04T14:37:56.706+0000] {dag.py:4180} INFO - Setting next_dagrun for example_workday_timetable to 2021-01-04 00:00:00+00:00, run_after=2021-01-05 00:00:00+00:00
[2025-02-04T14:37:56.754+0000] {processor.py:208} INFO - Processing /home/airflow/.local/lib/python3.12/site-packages/airflow/example_dags/example_workday_timetable.py took 0.302 seconds
[2025-02-04T14:38:27.484+0000] {processor.py:186} INFO - Started process (PID=786) to work on /home/airflow/.local/lib/python3.12/site-packages/airflow/example_dags/example_workday_timetable.py
[2025-02-04T14:38:27.485+0000] {processor.py:914} INFO - Processing file /home/airflow/.local/lib/python3.12/site-packages/airflow/example_dags/example_workday_timetable.py for tasks to queue
[2025-02-04T14:38:27.489+0000] {logging_mixin.py:190} INFO - [2025-02-04T14:38:27.489+0000] {dagbag.py:588} INFO - Filling up the DagBag from /home/airflow/.local/lib/python3.12/site-packages/airflow/example_dags/example_workday_timetable.py
[2025-02-04T14:38:27.499+0000] {processor.py:925} INFO - DAG(s) 'example_workday_timetable' retrieved from /home/airflow/.local/lib/python3.12/site-packages/airflow/example_dags/example_workday_timetable.py
[2025-02-04T14:38:27.558+0000] {logging_mixin.py:190} INFO - [2025-02-04T14:38:27.558+0000] {dag.py:3239} INFO - Sync 1 DAGs
[2025-02-04T14:38:27.896+0000] {logging_mixin.py:190} INFO - [2025-02-04T14:38:27.890+0000] {dag.py:4180} INFO - Setting next_dagrun for example_workday_timetable to 2021-01-04 00:00:00+00:00, run_after=2021-01-05 00:00:00+00:00
[2025-02-04T14:38:27.977+0000] {processor.py:208} INFO - Processing /home/airflow/.local/lib/python3.12/site-packages/airflow/example_dags/example_workday_timetable.py took 0.506 seconds
[2025-02-04T14:39:01.051+0000] {processor.py:186} INFO - Started process (PID=853) to work on /home/airflow/.local/lib/python3.12/site-packages/airflow/example_dags/example_workday_timetable.py
[2025-02-04T14:39:01.053+0000] {processor.py:914} INFO - Processing file /home/airflow/.local/lib/python3.12/site-packages/airflow/example_dags/example_workday_timetable.py for tasks to queue
[2025-02-04T14:39:01.058+0000] {logging_mixin.py:190} INFO - [2025-02-04T14:39:01.057+0000] {dagbag.py:588} INFO - Filling up the DagBag from /home/airflow/.local/lib/python3.12/site-packages/airflow/example_dags/example_workday_timetable.py
[2025-02-04T14:39:01.081+0000] {processor.py:925} INFO - DAG(s) 'example_workday_timetable' retrieved from /home/airflow/.local/lib/python3.12/site-packages/airflow/example_dags/example_workday_timetable.py
[2025-02-04T14:39:01.124+0000] {logging_mixin.py:190} INFO - [2025-02-04T14:39:01.124+0000] {dag.py:3239} INFO - Sync 1 DAGs
[2025-02-04T14:39:01.270+0000] {logging_mixin.py:190} INFO - [2025-02-04T14:39:01.270+0000] {dag.py:4180} INFO - Setting next_dagrun for example_workday_timetable to 2021-01-04 00:00:00+00:00, run_after=2021-01-05 00:00:00+00:00
[2025-02-04T14:39:01.316+0000] {processor.py:208} INFO - Processing /home/airflow/.local/lib/python3.12/site-packages/airflow/example_dags/example_workday_timetable.py took 0.278 seconds
[2025-02-04T14:39:32.012+0000] {processor.py:186} INFO - Started process (PID=917) to work on /home/airflow/.local/lib/python3.12/site-packages/airflow/example_dags/example_workday_timetable.py
[2025-02-04T14:39:32.013+0000] {processor.py:914} INFO - Processing file /home/airflow/.local/lib/python3.12/site-packages/airflow/example_dags/example_workday_timetable.py for tasks to queue
[2025-02-04T14:39:32.018+0000] {logging_mixin.py:190} INFO - [2025-02-04T14:39:32.018+0000] {dagbag.py:588} INFO - Filling up the DagBag from /home/airflow/.local/lib/python3.12/site-packages/airflow/example_dags/example_workday_timetable.py
[2025-02-04T14:39:32.030+0000] {processor.py:925} INFO - DAG(s) 'example_workday_timetable' retrieved from /home/airflow/.local/lib/python3.12/site-packages/airflow/example_dags/example_workday_timetable.py
[2025-02-04T14:39:32.064+0000] {logging_mixin.py:190} INFO - [2025-02-04T14:39:32.064+0000] {dag.py:3239} INFO - Sync 1 DAGs
[2025-02-04T14:39:32.278+0000] {logging_mixin.py:190} INFO - [2025-02-04T14:39:32.277+0000] {dag.py:4180} INFO - Setting next_dagrun for example_workday_timetable to 2021-01-04 00:00:00+00:00, run_after=2021-01-05 00:00:00+00:00
[2025-02-04T14:39:32.332+0000] {processor.py:208} INFO - Processing /home/airflow/.local/lib/python3.12/site-packages/airflow/example_dags/example_workday_timetable.py took 0.329 seconds
[2025-02-04T14:40:04.027+0000] {processor.py:186} INFO - Started process (PID=982) to work on /home/airflow/.local/lib/python3.12/site-packages/airflow/example_dags/example_workday_timetable.py
[2025-02-04T14:40:04.028+0000] {processor.py:914} INFO - Processing file /home/airflow/.local/lib/python3.12/site-packages/airflow/example_dags/example_workday_timetable.py for tasks to queue
[2025-02-04T14:40:04.032+0000] {logging_mixin.py:190} INFO - [2025-02-04T14:40:04.032+0000] {dagbag.py:588} INFO - Filling up the DagBag from /home/airflow/.local/lib/python3.12/site-packages/airflow/example_dags/example_workday_timetable.py
[2025-02-04T14:40:04.044+0000] {processor.py:925} INFO - DAG(s) 'example_workday_timetable' retrieved from /home/airflow/.local/lib/python3.12/site-packages/airflow/example_dags/example_workday_timetable.py
[2025-02-04T14:40:04.076+0000] {logging_mixin.py:190} INFO - [2025-02-04T14:40:04.076+0000] {dag.py:3239} INFO - Sync 1 DAGs
[2025-02-04T14:40:04.225+0000] {logging_mixin.py:190} INFO - [2025-02-04T14:40:04.225+0000] {dag.py:4180} INFO - Setting next_dagrun for example_workday_timetable to 2021-01-04 00:00:00+00:00, run_after=2021-01-05 00:00:00+00:00
[2025-02-04T14:40:04.259+0000] {processor.py:208} INFO - Processing /home/airflow/.local/lib/python3.12/site-packages/airflow/example_dags/example_workday_timetable.py took 0.242 seconds
[2025-02-04T14:40:37.064+0000] {processor.py:186} INFO - Started process (PID=1047) to work on /home/airflow/.local/lib/python3.12/site-packages/airflow/example_dags/example_workday_timetable.py
[2025-02-04T14:40:37.066+0000] {processor.py:914} INFO - Processing file /home/airflow/.local/lib/python3.12/site-packages/airflow/example_dags/example_workday_timetable.py for tasks to queue
[2025-02-04T14:40:37.070+0000] {logging_mixin.py:190} INFO - [2025-02-04T14:40:37.069+0000] {dagbag.py:588} INFO - Filling up the DagBag from /home/airflow/.local/lib/python3.12/site-packages/airflow/example_dags/example_workday_timetable.py
[2025-02-04T14:40:37.082+0000] {processor.py:925} INFO - DAG(s) 'example_workday_timetable' retrieved from /home/airflow/.local/lib/python3.12/site-packages/airflow/example_dags/example_workday_timetable.py
[2025-02-04T14:40:37.123+0000] {logging_mixin.py:190} INFO - [2025-02-04T14:40:37.123+0000] {dag.py:3239} INFO - Sync 1 DAGs
[2025-02-04T14:40:37.258+0000] {logging_mixin.py:190} INFO - [2025-02-04T14:40:37.258+0000] {dag.py:4180} INFO - Setting next_dagrun for example_workday_timetable to 2021-01-04 00:00:00+00:00, run_after=2021-01-05 00:00:00+00:00
[2025-02-04T14:40:37.320+0000] {processor.py:208} INFO - Processing /home/airflow/.local/lib/python3.12/site-packages/airflow/example_dags/example_workday_timetable.py took 0.267 seconds
[2025-02-04T14:41:07.455+0000] {processor.py:186} INFO - Started process (PID=1111) to work on /home/airflow/.local/lib/python3.12/site-packages/airflow/example_dags/example_workday_timetable.py
[2025-02-04T14:41:07.457+0000] {processor.py:914} INFO - Processing file /home/airflow/.local/lib/python3.12/site-packages/airflow/example_dags/example_workday_timetable.py for tasks to queue
[2025-02-04T14:41:07.461+0000] {logging_mixin.py:190} INFO - [2025-02-04T14:41:07.461+0000] {dagbag.py:588} INFO - Filling up the DagBag from /home/airflow/.local/lib/python3.12/site-packages/airflow/example_dags/example_workday_timetable.py
[2025-02-04T14:41:07.474+0000] {processor.py:925} INFO - DAG(s) 'example_workday_timetable' retrieved from /home/airflow/.local/lib/python3.12/site-packages/airflow/example_dags/example_workday_timetable.py
[2025-02-04T14:41:07.515+0000] {logging_mixin.py:190} INFO - [2025-02-04T14:41:07.514+0000] {dag.py:3239} INFO - Sync 1 DAGs
[2025-02-04T14:41:07.646+0000] {logging_mixin.py:190} INFO - [2025-02-04T14:41:07.646+0000] {dag.py:4180} INFO - Setting next_dagrun for example_workday_timetable to 2021-01-04 00:00:00+00:00, run_after=2021-01-05 00:00:00+00:00
[2025-02-04T14:41:07.677+0000] {processor.py:208} INFO - Processing /home/airflow/.local/lib/python3.12/site-packages/airflow/example_dags/example_workday_timetable.py took 0.234 seconds
[2025-02-04T14:41:41.220+0000] {processor.py:186} INFO - Started process (PID=1175) to work on /home/airflow/.local/lib/python3.12/site-packages/airflow/example_dags/example_workday_timetable.py
[2025-02-04T14:41:41.222+0000] {processor.py:914} INFO - Processing file /home/airflow/.local/lib/python3.12/site-packages/airflow/example_dags/example_workday_timetable.py for tasks to queue
[2025-02-04T14:41:41.239+0000] {logging_mixin.py:190} INFO - [2025-02-04T14:41:41.239+0000] {dagbag.py:588} INFO - Filling up the DagBag from /home/airflow/.local/lib/python3.12/site-packages/airflow/example_dags/example_workday_timetable.py
[2025-02-04T14:41:41.254+0000] {processor.py:925} INFO - DAG(s) 'example_workday_timetable' retrieved from /home/airflow/.local/lib/python3.12/site-packages/airflow/example_dags/example_workday_timetable.py
[2025-02-04T14:41:41.289+0000] {logging_mixin.py:190} INFO - [2025-02-04T14:41:41.289+0000] {dag.py:3239} INFO - Sync 1 DAGs
[2025-02-04T14:41:41.432+0000] {logging_mixin.py:190} INFO - [2025-02-04T14:41:41.431+0000] {dag.py:4180} INFO - Setting next_dagrun for example_workday_timetable to 2021-01-04 00:00:00+00:00, run_after=2021-01-05 00:00:00+00:00
[2025-02-04T14:41:41.478+0000] {processor.py:208} INFO - Processing /home/airflow/.local/lib/python3.12/site-packages/airflow/example_dags/example_workday_timetable.py took 0.272 seconds
[2025-02-04T14:42:11.609+0000] {processor.py:186} INFO - Started process (PID=1239) to work on /home/airflow/.local/lib/python3.12/site-packages/airflow/example_dags/example_workday_timetable.py
[2025-02-04T14:42:11.611+0000] {processor.py:914} INFO - Processing file /home/airflow/.local/lib/python3.12/site-packages/airflow/example_dags/example_workday_timetable.py for tasks to queue
[2025-02-04T14:42:11.614+0000] {logging_mixin.py:190} INFO - [2025-02-04T14:42:11.613+0000] {dagbag.py:588} INFO - Filling up the DagBag from /home/airflow/.local/lib/python3.12/site-packages/airflow/example_dags/example_workday_timetable.py
[2025-02-04T14:42:11.625+0000] {processor.py:925} INFO - DAG(s) 'example_workday_timetable' retrieved from /home/airflow/.local/lib/python3.12/site-packages/airflow/example_dags/example_workday_timetable.py
[2025-02-04T14:42:11.659+0000] {logging_mixin.py:190} INFO - [2025-02-04T14:42:11.659+0000] {dag.py:3239} INFO - Sync 1 DAGs
[2025-02-04T14:42:11.786+0000] {logging_mixin.py:190} INFO - [2025-02-04T14:42:11.785+0000] {dag.py:4180} INFO - Setting next_dagrun for example_workday_timetable to 2021-01-04 00:00:00+00:00, run_after=2021-01-05 00:00:00+00:00
[2025-02-04T14:42:11.814+0000] {processor.py:208} INFO - Processing /home/airflow/.local/lib/python3.12/site-packages/airflow/example_dags/example_workday_timetable.py took 0.216 seconds
[2025-02-04T14:42:43.823+0000] {processor.py:186} INFO - Started process (PID=1303) to work on /home/airflow/.local/lib/python3.12/site-packages/airflow/example_dags/example_workday_timetable.py
[2025-02-04T14:42:43.827+0000] {processor.py:914} INFO - Processing file /home/airflow/.local/lib/python3.12/site-packages/airflow/example_dags/example_workday_timetable.py for tasks to queue
[2025-02-04T14:42:43.839+0000] {logging_mixin.py:190} INFO - [2025-02-04T14:42:43.838+0000] {dagbag.py:588} INFO - Filling up the DagBag from /home/airflow/.local/lib/python3.12/site-packages/airflow/example_dags/example_workday_timetable.py
[2025-02-04T14:42:43.865+0000] {processor.py:925} INFO - DAG(s) 'example_workday_timetable' retrieved from /home/airflow/.local/lib/python3.12/site-packages/airflow/example_dags/example_workday_timetable.py
[2025-02-04T14:42:43.955+0000] {logging_mixin.py:190} INFO - [2025-02-04T14:42:43.955+0000] {dag.py:3239} INFO - Sync 1 DAGs
[2025-02-04T14:42:44.110+0000] {logging_mixin.py:190} INFO - [2025-02-04T14:42:44.110+0000] {dag.py:4180} INFO - Setting next_dagrun for example_workday_timetable to 2021-01-04 00:00:00+00:00, run_after=2021-01-05 00:00:00+00:00
[2025-02-04T14:42:44.142+0000] {processor.py:208} INFO - Processing /home/airflow/.local/lib/python3.12/site-packages/airflow/example_dags/example_workday_timetable.py took 0.334 seconds
[2025-02-04T14:43:14.259+0000] {processor.py:186} INFO - Started process (PID=1366) to work on /home/airflow/.local/lib/python3.12/site-packages/airflow/example_dags/example_workday_timetable.py
[2025-02-04T14:43:14.261+0000] {processor.py:914} INFO - Processing file /home/airflow/.local/lib/python3.12/site-packages/airflow/example_dags/example_workday_timetable.py for tasks to queue
[2025-02-04T14:43:14.267+0000] {logging_mixin.py:190} INFO - [2025-02-04T14:43:14.267+0000] {dagbag.py:588} INFO - Filling up the DagBag from /home/airflow/.local/lib/python3.12/site-packages/airflow/example_dags/example_workday_timetable.py
[2025-02-04T14:43:14.281+0000] {processor.py:925} INFO - DAG(s) 'example_workday_timetable' retrieved from /home/airflow/.local/lib/python3.12/site-packages/airflow/example_dags/example_workday_timetable.py
[2025-02-04T14:43:14.319+0000] {logging_mixin.py:190} INFO - [2025-02-04T14:43:14.319+0000] {dag.py:3239} INFO - Sync 1 DAGs
[2025-02-04T14:43:14.436+0000] {logging_mixin.py:190} INFO - [2025-02-04T14:43:14.436+0000] {dag.py:4180} INFO - Setting next_dagrun for example_workday_timetable to 2021-01-04 00:00:00+00:00, run_after=2021-01-05 00:00:00+00:00
[2025-02-04T14:43:14.468+0000] {processor.py:208} INFO - Processing /home/airflow/.local/lib/python3.12/site-packages/airflow/example_dags/example_workday_timetable.py took 0.224 seconds
[2025-02-04T14:43:44.846+0000] {processor.py:186} INFO - Started process (PID=1430) to work on /home/airflow/.local/lib/python3.12/site-packages/airflow/example_dags/example_workday_timetable.py
[2025-02-04T14:43:44.847+0000] {processor.py:914} INFO - Processing file /home/airflow/.local/lib/python3.12/site-packages/airflow/example_dags/example_workday_timetable.py for tasks to queue
[2025-02-04T14:43:44.852+0000] {logging_mixin.py:190} INFO - [2025-02-04T14:43:44.851+0000] {dagbag.py:588} INFO - Filling up the DagBag from /home/airflow/.local/lib/python3.12/site-packages/airflow/example_dags/example_workday_timetable.py
[2025-02-04T14:43:44.863+0000] {processor.py:925} INFO - DAG(s) 'example_workday_timetable' retrieved from /home/airflow/.local/lib/python3.12/site-packages/airflow/example_dags/example_workday_timetable.py
[2025-02-04T14:43:44.913+0000] {logging_mixin.py:190} INFO - [2025-02-04T14:43:44.912+0000] {dag.py:3239} INFO - Sync 1 DAGs
[2025-02-04T14:43:45.052+0000] {logging_mixin.py:190} INFO - [2025-02-04T14:43:45.051+0000] {dag.py:4180} INFO - Setting next_dagrun for example_workday_timetable to 2021-01-04 00:00:00+00:00, run_after=2021-01-05 00:00:00+00:00
[2025-02-04T14:43:45.082+0000] {processor.py:208} INFO - Processing /home/airflow/.local/lib/python3.12/site-packages/airflow/example_dags/example_workday_timetable.py took 0.248 seconds
[2025-02-04T14:44:16.232+0000] {processor.py:186} INFO - Started process (PID=1494) to work on /home/airflow/.local/lib/python3.12/site-packages/airflow/example_dags/example_workday_timetable.py
[2025-02-04T14:44:16.234+0000] {processor.py:914} INFO - Processing file /home/airflow/.local/lib/python3.12/site-packages/airflow/example_dags/example_workday_timetable.py for tasks to queue
[2025-02-04T14:44:16.237+0000] {logging_mixin.py:190} INFO - [2025-02-04T14:44:16.237+0000] {dagbag.py:588} INFO - Filling up the DagBag from /home/airflow/.local/lib/python3.12/site-packages/airflow/example_dags/example_workday_timetable.py
[2025-02-04T14:44:16.246+0000] {processor.py:925} INFO - DAG(s) 'example_workday_timetable' retrieved from /home/airflow/.local/lib/python3.12/site-packages/airflow/example_dags/example_workday_timetable.py
[2025-02-04T14:44:16.281+0000] {logging_mixin.py:190} INFO - [2025-02-04T14:44:16.281+0000] {dag.py:3239} INFO - Sync 1 DAGs
[2025-02-04T14:44:16.401+0000] {logging_mixin.py:190} INFO - [2025-02-04T14:44:16.401+0000] {dag.py:4180} INFO - Setting next_dagrun for example_workday_timetable to 2021-01-04 00:00:00+00:00, run_after=2021-01-05 00:00:00+00:00
[2025-02-04T14:44:16.433+0000] {processor.py:208} INFO - Processing /home/airflow/.local/lib/python3.12/site-packages/airflow/example_dags/example_workday_timetable.py took 0.211 seconds
[2025-02-04T14:44:47.737+0000] {processor.py:186} INFO - Started process (PID=1558) to work on /home/airflow/.local/lib/python3.12/site-packages/airflow/example_dags/example_workday_timetable.py
[2025-02-04T14:44:47.739+0000] {processor.py:914} INFO - Processing file /home/airflow/.local/lib/python3.12/site-packages/airflow/example_dags/example_workday_timetable.py for tasks to queue
[2025-02-04T14:44:47.742+0000] {logging_mixin.py:190} INFO - [2025-02-04T14:44:47.742+0000] {dagbag.py:588} INFO - Filling up the DagBag from /home/airflow/.local/lib/python3.12/site-packages/airflow/example_dags/example_workday_timetable.py
[2025-02-04T14:44:47.752+0000] {processor.py:925} INFO - DAG(s) 'example_workday_timetable' retrieved from /home/airflow/.local/lib/python3.12/site-packages/airflow/example_dags/example_workday_timetable.py
[2025-02-04T14:44:47.786+0000] {logging_mixin.py:190} INFO - [2025-02-04T14:44:47.785+0000] {dag.py:3239} INFO - Sync 1 DAGs
[2025-02-04T14:44:47.916+0000] {logging_mixin.py:190} INFO - [2025-02-04T14:44:47.915+0000] {dag.py:4180} INFO - Setting next_dagrun for example_workday_timetable to 2021-01-04 00:00:00+00:00, run_after=2021-01-05 00:00:00+00:00
[2025-02-04T14:44:47.945+0000] {processor.py:208} INFO - Processing /home/airflow/.local/lib/python3.12/site-packages/airflow/example_dags/example_workday_timetable.py took 0.220 seconds
[2025-02-04T14:45:18.677+0000] {processor.py:186} INFO - Started process (PID=1622) to work on /home/airflow/.local/lib/python3.12/site-packages/airflow/example_dags/example_workday_timetable.py
[2025-02-04T14:45:18.679+0000] {processor.py:914} INFO - Processing file /home/airflow/.local/lib/python3.12/site-packages/airflow/example_dags/example_workday_timetable.py for tasks to queue
[2025-02-04T14:45:18.685+0000] {logging_mixin.py:190} INFO - [2025-02-04T14:45:18.684+0000] {dagbag.py:588} INFO - Filling up the DagBag from /home/airflow/.local/lib/python3.12/site-packages/airflow/example_dags/example_workday_timetable.py
[2025-02-04T14:45:18.700+0000] {processor.py:925} INFO - DAG(s) 'example_workday_timetable' retrieved from /home/airflow/.local/lib/python3.12/site-packages/airflow/example_dags/example_workday_timetable.py
[2025-02-04T14:45:18.740+0000] {logging_mixin.py:190} INFO - [2025-02-04T14:45:18.739+0000] {dag.py:3239} INFO - Sync 1 DAGs
[2025-02-04T14:45:18.908+0000] {logging_mixin.py:190} INFO - [2025-02-04T14:45:18.908+0000] {dag.py:4180} INFO - Setting next_dagrun for example_workday_timetable to 2021-01-04 00:00:00+00:00, run_after=2021-01-05 00:00:00+00:00
[2025-02-04T14:45:18.947+0000] {processor.py:208} INFO - Processing /home/airflow/.local/lib/python3.12/site-packages/airflow/example_dags/example_workday_timetable.py took 0.281 seconds
[2025-02-04T14:45:49.130+0000] {processor.py:186} INFO - Started process (PID=1685) to work on /home/airflow/.local/lib/python3.12/site-packages/airflow/example_dags/example_workday_timetable.py
[2025-02-04T14:45:49.132+0000] {processor.py:914} INFO - Processing file /home/airflow/.local/lib/python3.12/site-packages/airflow/example_dags/example_workday_timetable.py for tasks to queue
[2025-02-04T14:45:49.137+0000] {logging_mixin.py:190} INFO - [2025-02-04T14:45:49.136+0000] {dagbag.py:588} INFO - Filling up the DagBag from /home/airflow/.local/lib/python3.12/site-packages/airflow/example_dags/example_workday_timetable.py
[2025-02-04T14:45:49.146+0000] {processor.py:925} INFO - DAG(s) 'example_workday_timetable' retrieved from /home/airflow/.local/lib/python3.12/site-packages/airflow/example_dags/example_workday_timetable.py
[2025-02-04T14:45:49.181+0000] {logging_mixin.py:190} INFO - [2025-02-04T14:45:49.181+0000] {dag.py:3239} INFO - Sync 1 DAGs
[2025-02-04T14:45:49.309+0000] {logging_mixin.py:190} INFO - [2025-02-04T14:45:49.309+0000] {dag.py:4180} INFO - Setting next_dagrun for example_workday_timetable to 2021-01-04 00:00:00+00:00, run_after=2021-01-05 00:00:00+00:00
[2025-02-04T14:45:49.342+0000] {processor.py:208} INFO - Processing /home/airflow/.local/lib/python3.12/site-packages/airflow/example_dags/example_workday_timetable.py took 0.223 seconds
[2025-02-04T14:49:28.629+0000] {processor.py:186} INFO - Started process (PID=126) to work on /home/airflow/.local/lib/python3.12/site-packages/airflow/example_dags/example_workday_timetable.py
[2025-02-04T14:49:28.631+0000] {processor.py:914} INFO - Processing file /home/airflow/.local/lib/python3.12/site-packages/airflow/example_dags/example_workday_timetable.py for tasks to queue
[2025-02-04T14:49:28.636+0000] {logging_mixin.py:190} INFO - [2025-02-04T14:49:28.635+0000] {dagbag.py:588} INFO - Filling up the DagBag from /home/airflow/.local/lib/python3.12/site-packages/airflow/example_dags/example_workday_timetable.py
[2025-02-04T14:49:28.648+0000] {processor.py:925} INFO - DAG(s) 'example_workday_timetable' retrieved from /home/airflow/.local/lib/python3.12/site-packages/airflow/example_dags/example_workday_timetable.py
[2025-02-04T14:49:28.762+0000] {logging_mixin.py:190} INFO - [2025-02-04T14:49:28.762+0000] {dag.py:3239} INFO - Sync 1 DAGs
[2025-02-04T14:49:29.817+0000] {logging_mixin.py:190} INFO - [2025-02-04T14:49:29.816+0000] {dag.py:4180} INFO - Setting next_dagrun for example_workday_timetable to 2021-01-04 00:00:00+00:00, run_after=2021-01-05 00:00:00+00:00
[2025-02-04T14:49:29.895+0000] {processor.py:208} INFO - Processing /home/airflow/.local/lib/python3.12/site-packages/airflow/example_dags/example_workday_timetable.py took 1.277 seconds
[2025-02-04T14:50:00.884+0000] {processor.py:186} INFO - Started process (PID=191) to work on /home/airflow/.local/lib/python3.12/site-packages/airflow/example_dags/example_workday_timetable.py
[2025-02-04T14:50:00.886+0000] {processor.py:914} INFO - Processing file /home/airflow/.local/lib/python3.12/site-packages/airflow/example_dags/example_workday_timetable.py for tasks to queue
[2025-02-04T14:50:00.890+0000] {logging_mixin.py:190} INFO - [2025-02-04T14:50:00.889+0000] {dagbag.py:588} INFO - Filling up the DagBag from /home/airflow/.local/lib/python3.12/site-packages/airflow/example_dags/example_workday_timetable.py
[2025-02-04T14:50:00.903+0000] {processor.py:925} INFO - DAG(s) 'example_workday_timetable' retrieved from /home/airflow/.local/lib/python3.12/site-packages/airflow/example_dags/example_workday_timetable.py
[2025-02-04T14:50:00.937+0000] {logging_mixin.py:190} INFO - [2025-02-04T14:50:00.936+0000] {dag.py:3239} INFO - Sync 1 DAGs
[2025-02-04T14:50:01.100+0000] {logging_mixin.py:190} INFO - [2025-02-04T14:50:01.100+0000] {dag.py:4180} INFO - Setting next_dagrun for example_workday_timetable to 2021-01-04 00:00:00+00:00, run_after=2021-01-05 00:00:00+00:00
[2025-02-04T14:50:01.175+0000] {processor.py:208} INFO - Processing /home/airflow/.local/lib/python3.12/site-packages/airflow/example_dags/example_workday_timetable.py took 0.299 seconds
[2025-02-04T14:50:32.263+0000] {processor.py:186} INFO - Started process (PID=255) to work on /home/airflow/.local/lib/python3.12/site-packages/airflow/example_dags/example_workday_timetable.py
[2025-02-04T14:50:32.265+0000] {processor.py:914} INFO - Processing file /home/airflow/.local/lib/python3.12/site-packages/airflow/example_dags/example_workday_timetable.py for tasks to queue
[2025-02-04T14:50:32.268+0000] {logging_mixin.py:190} INFO - [2025-02-04T14:50:32.268+0000] {dagbag.py:588} INFO - Filling up the DagBag from /home/airflow/.local/lib/python3.12/site-packages/airflow/example_dags/example_workday_timetable.py
[2025-02-04T14:50:32.278+0000] {processor.py:925} INFO - DAG(s) 'example_workday_timetable' retrieved from /home/airflow/.local/lib/python3.12/site-packages/airflow/example_dags/example_workday_timetable.py
[2025-02-04T14:50:32.308+0000] {logging_mixin.py:190} INFO - [2025-02-04T14:50:32.308+0000] {dag.py:3239} INFO - Sync 1 DAGs
[2025-02-04T14:50:32.436+0000] {logging_mixin.py:190} INFO - [2025-02-04T14:50:32.435+0000] {dag.py:4180} INFO - Setting next_dagrun for example_workday_timetable to 2021-01-04 00:00:00+00:00, run_after=2021-01-05 00:00:00+00:00
[2025-02-04T14:50:32.464+0000] {processor.py:208} INFO - Processing /home/airflow/.local/lib/python3.12/site-packages/airflow/example_dags/example_workday_timetable.py took 0.210 seconds
[2025-02-04T14:51:07.212+0000] {processor.py:186} INFO - Started process (PID=322) to work on /home/airflow/.local/lib/python3.12/site-packages/airflow/example_dags/example_workday_timetable.py
[2025-02-04T14:51:07.214+0000] {processor.py:914} INFO - Processing file /home/airflow/.local/lib/python3.12/site-packages/airflow/example_dags/example_workday_timetable.py for tasks to queue
[2025-02-04T14:51:07.218+0000] {logging_mixin.py:190} INFO - [2025-02-04T14:51:07.218+0000] {dagbag.py:588} INFO - Filling up the DagBag from /home/airflow/.local/lib/python3.12/site-packages/airflow/example_dags/example_workday_timetable.py
[2025-02-04T14:51:07.231+0000] {processor.py:925} INFO - DAG(s) 'example_workday_timetable' retrieved from /home/airflow/.local/lib/python3.12/site-packages/airflow/example_dags/example_workday_timetable.py
[2025-02-04T14:51:07.278+0000] {logging_mixin.py:190} INFO - [2025-02-04T14:51:07.278+0000] {dag.py:3239} INFO - Sync 1 DAGs
[2025-02-04T14:51:07.442+0000] {logging_mixin.py:190} INFO - [2025-02-04T14:51:07.442+0000] {dag.py:4180} INFO - Setting next_dagrun for example_workday_timetable to 2021-01-04 00:00:00+00:00, run_after=2021-01-05 00:00:00+00:00
[2025-02-04T14:51:07.486+0000] {processor.py:208} INFO - Processing /home/airflow/.local/lib/python3.12/site-packages/airflow/example_dags/example_workday_timetable.py took 0.287 seconds
[2025-02-04T14:51:54.666+0000] {processor.py:186} INFO - Started process (PID=385) to work on /home/airflow/.local/lib/python3.12/site-packages/airflow/example_dags/example_workday_timetable.py
[2025-02-04T14:51:54.694+0000] {processor.py:914} INFO - Processing file /home/airflow/.local/lib/python3.12/site-packages/airflow/example_dags/example_workday_timetable.py for tasks to queue
[2025-02-04T14:51:54.700+0000] {logging_mixin.py:190} INFO - [2025-02-04T14:51:54.699+0000] {dagbag.py:588} INFO - Filling up the DagBag from /home/airflow/.local/lib/python3.12/site-packages/airflow/example_dags/example_workday_timetable.py
[2025-02-04T14:51:54.774+0000] {processor.py:925} INFO - DAG(s) 'example_workday_timetable' retrieved from /home/airflow/.local/lib/python3.12/site-packages/airflow/example_dags/example_workday_timetable.py
[2025-02-04T14:51:54.943+0000] {logging_mixin.py:190} INFO - [2025-02-04T14:51:54.943+0000] {dag.py:3239} INFO - Sync 1 DAGs
[2025-02-04T14:51:55.679+0000] {logging_mixin.py:190} INFO - [2025-02-04T14:51:55.676+0000] {dag.py:4180} INFO - Setting next_dagrun for example_workday_timetable to 2021-01-04 00:00:00+00:00, run_after=2021-01-05 00:00:00+00:00
[2025-02-04T14:51:56.256+0000] {processor.py:208} INFO - Processing /home/airflow/.local/lib/python3.12/site-packages/airflow/example_dags/example_workday_timetable.py took 1.629 seconds
[2025-02-04T14:52:44.736+0000] {processor.py:186} INFO - Started process (PID=455) to work on /home/airflow/.local/lib/python3.12/site-packages/airflow/example_dags/example_workday_timetable.py
[2025-02-04T14:52:44.738+0000] {processor.py:914} INFO - Processing file /home/airflow/.local/lib/python3.12/site-packages/airflow/example_dags/example_workday_timetable.py for tasks to queue
[2025-02-04T14:52:44.744+0000] {logging_mixin.py:190} INFO - [2025-02-04T14:52:44.743+0000] {dagbag.py:588} INFO - Filling up the DagBag from /home/airflow/.local/lib/python3.12/site-packages/airflow/example_dags/example_workday_timetable.py
[2025-02-04T14:52:44.758+0000] {processor.py:925} INFO - DAG(s) 'example_workday_timetable' retrieved from /home/airflow/.local/lib/python3.12/site-packages/airflow/example_dags/example_workday_timetable.py
[2025-02-04T14:52:44.837+0000] {logging_mixin.py:190} INFO - [2025-02-04T14:52:44.837+0000] {dag.py:3239} INFO - Sync 1 DAGs
[2025-02-04T14:52:45.029+0000] {logging_mixin.py:190} INFO - [2025-02-04T14:52:45.028+0000] {dag.py:4180} INFO - Setting next_dagrun for example_workday_timetable to 2021-01-04 00:00:00+00:00, run_after=2021-01-05 00:00:00+00:00
[2025-02-04T14:52:45.068+0000] {processor.py:208} INFO - Processing /home/airflow/.local/lib/python3.12/site-packages/airflow/example_dags/example_workday_timetable.py took 0.350 seconds
[2025-02-04T14:53:15.726+0000] {processor.py:186} INFO - Started process (PID=524) to work on /home/airflow/.local/lib/python3.12/site-packages/airflow/example_dags/example_workday_timetable.py
[2025-02-04T14:53:15.727+0000] {processor.py:914} INFO - Processing file /home/airflow/.local/lib/python3.12/site-packages/airflow/example_dags/example_workday_timetable.py for tasks to queue
[2025-02-04T14:53:15.735+0000] {logging_mixin.py:190} INFO - [2025-02-04T14:53:15.735+0000] {dagbag.py:588} INFO - Filling up the DagBag from /home/airflow/.local/lib/python3.12/site-packages/airflow/example_dags/example_workday_timetable.py
[2025-02-04T14:53:15.745+0000] {processor.py:925} INFO - DAG(s) 'example_workday_timetable' retrieved from /home/airflow/.local/lib/python3.12/site-packages/airflow/example_dags/example_workday_timetable.py
[2025-02-04T14:53:15.781+0000] {logging_mixin.py:190} INFO - [2025-02-04T14:53:15.780+0000] {dag.py:3239} INFO - Sync 1 DAGs
[2025-02-04T14:53:15.935+0000] {logging_mixin.py:190} INFO - [2025-02-04T14:53:15.935+0000] {dag.py:4180} INFO - Setting next_dagrun for example_workday_timetable to 2021-01-04 00:00:00+00:00, run_after=2021-01-05 00:00:00+00:00
[2025-02-04T14:53:15.979+0000] {processor.py:208} INFO - Processing /home/airflow/.local/lib/python3.12/site-packages/airflow/example_dags/example_workday_timetable.py took 0.264 seconds
[2025-02-04T14:53:46.747+0000] {processor.py:186} INFO - Started process (PID=589) to work on /home/airflow/.local/lib/python3.12/site-packages/airflow/example_dags/example_workday_timetable.py
[2025-02-04T14:53:46.749+0000] {processor.py:914} INFO - Processing file /home/airflow/.local/lib/python3.12/site-packages/airflow/example_dags/example_workday_timetable.py for tasks to queue
[2025-02-04T14:53:46.754+0000] {logging_mixin.py:190} INFO - [2025-02-04T14:53:46.753+0000] {dagbag.py:588} INFO - Filling up the DagBag from /home/airflow/.local/lib/python3.12/site-packages/airflow/example_dags/example_workday_timetable.py
[2025-02-04T14:53:46.767+0000] {processor.py:925} INFO - DAG(s) 'example_workday_timetable' retrieved from /home/airflow/.local/lib/python3.12/site-packages/airflow/example_dags/example_workday_timetable.py
[2025-02-04T14:53:46.797+0000] {logging_mixin.py:190} INFO - [2025-02-04T14:53:46.797+0000] {dag.py:3239} INFO - Sync 1 DAGs
[2025-02-04T14:53:47.063+0000] {logging_mixin.py:190} INFO - [2025-02-04T14:53:47.063+0000] {dag.py:4180} INFO - Setting next_dagrun for example_workday_timetable to 2021-01-04 00:00:00+00:00, run_after=2021-01-05 00:00:00+00:00
[2025-02-04T14:53:47.123+0000] {processor.py:208} INFO - Processing /home/airflow/.local/lib/python3.12/site-packages/airflow/example_dags/example_workday_timetable.py took 0.391 seconds
[2025-02-04T14:54:17.478+0000] {processor.py:186} INFO - Started process (PID=654) to work on /home/airflow/.local/lib/python3.12/site-packages/airflow/example_dags/example_workday_timetable.py
[2025-02-04T14:54:17.482+0000] {processor.py:914} INFO - Processing file /home/airflow/.local/lib/python3.12/site-packages/airflow/example_dags/example_workday_timetable.py for tasks to queue
[2025-02-04T14:54:17.487+0000] {logging_mixin.py:190} INFO - [2025-02-04T14:54:17.486+0000] {dagbag.py:588} INFO - Filling up the DagBag from /home/airflow/.local/lib/python3.12/site-packages/airflow/example_dags/example_workday_timetable.py
[2025-02-04T14:54:17.502+0000] {processor.py:925} INFO - DAG(s) 'example_workday_timetable' retrieved from /home/airflow/.local/lib/python3.12/site-packages/airflow/example_dags/example_workday_timetable.py
[2025-02-04T14:54:17.542+0000] {logging_mixin.py:190} INFO - [2025-02-04T14:54:17.542+0000] {dag.py:3239} INFO - Sync 1 DAGs
[2025-02-04T14:54:17.708+0000] {logging_mixin.py:190} INFO - [2025-02-04T14:54:17.707+0000] {dag.py:4180} INFO - Setting next_dagrun for example_workday_timetable to 2021-01-04 00:00:00+00:00, run_after=2021-01-05 00:00:00+00:00
[2025-02-04T14:54:17.753+0000] {processor.py:208} INFO - Processing /home/airflow/.local/lib/python3.12/site-packages/airflow/example_dags/example_workday_timetable.py took 0.293 seconds
[2025-02-04T14:54:47.833+0000] {processor.py:186} INFO - Started process (PID=723) to work on /home/airflow/.local/lib/python3.12/site-packages/airflow/example_dags/example_workday_timetable.py
[2025-02-04T14:54:47.835+0000] {processor.py:914} INFO - Processing file /home/airflow/.local/lib/python3.12/site-packages/airflow/example_dags/example_workday_timetable.py for tasks to queue
[2025-02-04T14:54:47.838+0000] {logging_mixin.py:190} INFO - [2025-02-04T14:54:47.838+0000] {dagbag.py:588} INFO - Filling up the DagBag from /home/airflow/.local/lib/python3.12/site-packages/airflow/example_dags/example_workday_timetable.py
[2025-02-04T14:54:47.846+0000] {processor.py:925} INFO - DAG(s) 'example_workday_timetable' retrieved from /home/airflow/.local/lib/python3.12/site-packages/airflow/example_dags/example_workday_timetable.py
[2025-02-04T14:54:47.873+0000] {logging_mixin.py:190} INFO - [2025-02-04T14:54:47.873+0000] {dag.py:3239} INFO - Sync 1 DAGs
[2025-02-04T14:54:47.960+0000] {logging_mixin.py:190} INFO - [2025-02-04T14:54:47.959+0000] {dag.py:4180} INFO - Setting next_dagrun for example_workday_timetable to 2021-01-04 00:00:00+00:00, run_after=2021-01-05 00:00:00+00:00
[2025-02-04T14:54:47.988+0000] {processor.py:208} INFO - Processing /home/airflow/.local/lib/python3.12/site-packages/airflow/example_dags/example_workday_timetable.py took 0.163 seconds
[2025-02-04T14:55:18.337+0000] {processor.py:186} INFO - Started process (PID=788) to work on /home/airflow/.local/lib/python3.12/site-packages/airflow/example_dags/example_workday_timetable.py
[2025-02-04T14:55:18.339+0000] {processor.py:914} INFO - Processing file /home/airflow/.local/lib/python3.12/site-packages/airflow/example_dags/example_workday_timetable.py for tasks to queue
[2025-02-04T14:55:18.342+0000] {logging_mixin.py:190} INFO - [2025-02-04T14:55:18.342+0000] {dagbag.py:588} INFO - Filling up the DagBag from /home/airflow/.local/lib/python3.12/site-packages/airflow/example_dags/example_workday_timetable.py
[2025-02-04T14:55:18.353+0000] {processor.py:925} INFO - DAG(s) 'example_workday_timetable' retrieved from /home/airflow/.local/lib/python3.12/site-packages/airflow/example_dags/example_workday_timetable.py
[2025-02-04T14:55:18.382+0000] {logging_mixin.py:190} INFO - [2025-02-04T14:55:18.382+0000] {dag.py:3239} INFO - Sync 1 DAGs
[2025-02-04T14:55:18.484+0000] {logging_mixin.py:190} INFO - [2025-02-04T14:55:18.484+0000] {dag.py:4180} INFO - Setting next_dagrun for example_workday_timetable to 2021-01-04 00:00:00+00:00, run_after=2021-01-05 00:00:00+00:00
[2025-02-04T14:55:18.510+0000] {processor.py:208} INFO - Processing /home/airflow/.local/lib/python3.12/site-packages/airflow/example_dags/example_workday_timetable.py took 0.183 seconds
[2025-02-04T14:55:57.814+0000] {processor.py:186} INFO - Started process (PID=856) to work on /home/airflow/.local/lib/python3.12/site-packages/airflow/example_dags/example_workday_timetable.py
[2025-02-04T14:55:57.816+0000] {processor.py:914} INFO - Processing file /home/airflow/.local/lib/python3.12/site-packages/airflow/example_dags/example_workday_timetable.py for tasks to queue
[2025-02-04T14:55:57.825+0000] {logging_mixin.py:190} INFO - [2025-02-04T14:55:57.824+0000] {dagbag.py:588} INFO - Filling up the DagBag from /home/airflow/.local/lib/python3.12/site-packages/airflow/example_dags/example_workday_timetable.py
[2025-02-04T14:55:57.873+0000] {processor.py:925} INFO - DAG(s) 'example_workday_timetable' retrieved from /home/airflow/.local/lib/python3.12/site-packages/airflow/example_dags/example_workday_timetable.py
[2025-02-04T14:55:58.090+0000] {logging_mixin.py:190} INFO - [2025-02-04T14:55:58.090+0000] {dag.py:3239} INFO - Sync 1 DAGs
[2025-02-04T14:55:58.883+0000] {logging_mixin.py:190} INFO - [2025-02-04T14:55:58.883+0000] {dag.py:4180} INFO - Setting next_dagrun for example_workday_timetable to 2021-01-04 00:00:00+00:00, run_after=2021-01-05 00:00:00+00:00
[2025-02-04T14:55:59.024+0000] {processor.py:208} INFO - Processing /home/airflow/.local/lib/python3.12/site-packages/airflow/example_dags/example_workday_timetable.py took 0.816 seconds
[2025-02-04T14:56:29.455+0000] {processor.py:186} INFO - Started process (PID=919) to work on /home/airflow/.local/lib/python3.12/site-packages/airflow/example_dags/example_workday_timetable.py
[2025-02-04T14:56:29.468+0000] {processor.py:914} INFO - Processing file /home/airflow/.local/lib/python3.12/site-packages/airflow/example_dags/example_workday_timetable.py for tasks to queue
[2025-02-04T14:56:29.476+0000] {logging_mixin.py:190} INFO - [2025-02-04T14:56:29.474+0000] {dagbag.py:588} INFO - Filling up the DagBag from /home/airflow/.local/lib/python3.12/site-packages/airflow/example_dags/example_workday_timetable.py
[2025-02-04T14:56:29.519+0000] {processor.py:925} INFO - DAG(s) 'example_workday_timetable' retrieved from /home/airflow/.local/lib/python3.12/site-packages/airflow/example_dags/example_workday_timetable.py
[2025-02-04T14:56:29.645+0000] {logging_mixin.py:190} INFO - [2025-02-04T14:56:29.644+0000] {dag.py:3239} INFO - Sync 1 DAGs
[2025-02-04T14:56:30.867+0000] {logging_mixin.py:190} INFO - [2025-02-04T14:56:30.867+0000] {dag.py:4180} INFO - Setting next_dagrun for example_workday_timetable to 2021-01-04 00:00:00+00:00, run_after=2021-01-05 00:00:00+00:00
[2025-02-04T14:56:30.994+0000] {processor.py:208} INFO - Processing /home/airflow/.local/lib/python3.12/site-packages/airflow/example_dags/example_workday_timetable.py took 1.102 seconds
[2025-02-04T14:57:01.849+0000] {processor.py:186} INFO - Started process (PID=984) to work on /home/airflow/.local/lib/python3.12/site-packages/airflow/example_dags/example_workday_timetable.py
[2025-02-04T14:57:01.851+0000] {processor.py:914} INFO - Processing file /home/airflow/.local/lib/python3.12/site-packages/airflow/example_dags/example_workday_timetable.py for tasks to queue
[2025-02-04T14:57:01.856+0000] {logging_mixin.py:190} INFO - [2025-02-04T14:57:01.855+0000] {dagbag.py:588} INFO - Filling up the DagBag from /home/airflow/.local/lib/python3.12/site-packages/airflow/example_dags/example_workday_timetable.py
[2025-02-04T14:57:01.867+0000] {processor.py:925} INFO - DAG(s) 'example_workday_timetable' retrieved from /home/airflow/.local/lib/python3.12/site-packages/airflow/example_dags/example_workday_timetable.py
[2025-02-04T14:57:01.899+0000] {logging_mixin.py:190} INFO - [2025-02-04T14:57:01.899+0000] {dag.py:3239} INFO - Sync 1 DAGs
[2025-02-04T14:57:02.016+0000] {logging_mixin.py:190} INFO - [2025-02-04T14:57:02.016+0000] {dag.py:4180} INFO - Setting next_dagrun for example_workday_timetable to 2021-01-04 00:00:00+00:00, run_after=2021-01-05 00:00:00+00:00
[2025-02-04T14:57:02.046+0000] {processor.py:208} INFO - Processing /home/airflow/.local/lib/python3.12/site-packages/airflow/example_dags/example_workday_timetable.py took 0.211 seconds
[2025-02-04T14:57:33.236+0000] {processor.py:186} INFO - Started process (PID=1048) to work on /home/airflow/.local/lib/python3.12/site-packages/airflow/example_dags/example_workday_timetable.py
[2025-02-04T14:57:33.238+0000] {processor.py:914} INFO - Processing file /home/airflow/.local/lib/python3.12/site-packages/airflow/example_dags/example_workday_timetable.py for tasks to queue
[2025-02-04T14:57:33.243+0000] {logging_mixin.py:190} INFO - [2025-02-04T14:57:33.242+0000] {dagbag.py:588} INFO - Filling up the DagBag from /home/airflow/.local/lib/python3.12/site-packages/airflow/example_dags/example_workday_timetable.py
[2025-02-04T14:57:33.254+0000] {processor.py:925} INFO - DAG(s) 'example_workday_timetable' retrieved from /home/airflow/.local/lib/python3.12/site-packages/airflow/example_dags/example_workday_timetable.py
[2025-02-04T14:57:33.289+0000] {logging_mixin.py:190} INFO - [2025-02-04T14:57:33.289+0000] {dag.py:3239} INFO - Sync 1 DAGs
[2025-02-04T14:57:33.410+0000] {logging_mixin.py:190} INFO - [2025-02-04T14:57:33.410+0000] {dag.py:4180} INFO - Setting next_dagrun for example_workday_timetable to 2021-01-04 00:00:00+00:00, run_after=2021-01-05 00:00:00+00:00
[2025-02-04T14:57:33.438+0000] {processor.py:208} INFO - Processing /home/airflow/.local/lib/python3.12/site-packages/airflow/example_dags/example_workday_timetable.py took 0.214 seconds
[2025-02-04T14:58:04.199+0000] {processor.py:186} INFO - Started process (PID=1113) to work on /home/airflow/.local/lib/python3.12/site-packages/airflow/example_dags/example_workday_timetable.py
[2025-02-04T14:58:04.201+0000] {processor.py:914} INFO - Processing file /home/airflow/.local/lib/python3.12/site-packages/airflow/example_dags/example_workday_timetable.py for tasks to queue
[2025-02-04T14:58:04.206+0000] {logging_mixin.py:190} INFO - [2025-02-04T14:58:04.205+0000] {dagbag.py:588} INFO - Filling up the DagBag from /home/airflow/.local/lib/python3.12/site-packages/airflow/example_dags/example_workday_timetable.py
[2025-02-04T14:58:04.218+0000] {processor.py:925} INFO - DAG(s) 'example_workday_timetable' retrieved from /home/airflow/.local/lib/python3.12/site-packages/airflow/example_dags/example_workday_timetable.py
[2025-02-04T14:58:04.259+0000] {logging_mixin.py:190} INFO - [2025-02-04T14:58:04.258+0000] {dag.py:3239} INFO - Sync 1 DAGs
[2025-02-04T14:58:04.402+0000] {logging_mixin.py:190} INFO - [2025-02-04T14:58:04.402+0000] {dag.py:4180} INFO - Setting next_dagrun for example_workday_timetable to 2021-01-04 00:00:00+00:00, run_after=2021-01-05 00:00:00+00:00
[2025-02-04T14:58:04.478+0000] {processor.py:208} INFO - Processing /home/airflow/.local/lib/python3.12/site-packages/airflow/example_dags/example_workday_timetable.py took 0.291 seconds
[2025-02-04T14:58:35.293+0000] {processor.py:186} INFO - Started process (PID=1178) to work on /home/airflow/.local/lib/python3.12/site-packages/airflow/example_dags/example_workday_timetable.py
[2025-02-04T14:58:35.295+0000] {processor.py:914} INFO - Processing file /home/airflow/.local/lib/python3.12/site-packages/airflow/example_dags/example_workday_timetable.py for tasks to queue
[2025-02-04T14:58:35.299+0000] {logging_mixin.py:190} INFO - [2025-02-04T14:58:35.298+0000] {dagbag.py:588} INFO - Filling up the DagBag from /home/airflow/.local/lib/python3.12/site-packages/airflow/example_dags/example_workday_timetable.py
[2025-02-04T14:58:35.307+0000] {processor.py:925} INFO - DAG(s) 'example_workday_timetable' retrieved from /home/airflow/.local/lib/python3.12/site-packages/airflow/example_dags/example_workday_timetable.py
[2025-02-04T14:58:35.340+0000] {logging_mixin.py:190} INFO - [2025-02-04T14:58:35.339+0000] {dag.py:3239} INFO - Sync 1 DAGs
[2025-02-04T14:58:35.448+0000] {logging_mixin.py:190} INFO - [2025-02-04T14:58:35.447+0000] {dag.py:4180} INFO - Setting next_dagrun for example_workday_timetable to 2021-01-04 00:00:00+00:00, run_after=2021-01-05 00:00:00+00:00
[2025-02-04T14:58:35.474+0000] {processor.py:208} INFO - Processing /home/airflow/.local/lib/python3.12/site-packages/airflow/example_dags/example_workday_timetable.py took 0.190 seconds
[2025-02-04T14:59:06.308+0000] {processor.py:186} INFO - Started process (PID=1243) to work on /home/airflow/.local/lib/python3.12/site-packages/airflow/example_dags/example_workday_timetable.py
[2025-02-04T14:59:06.310+0000] {processor.py:914} INFO - Processing file /home/airflow/.local/lib/python3.12/site-packages/airflow/example_dags/example_workday_timetable.py for tasks to queue
[2025-02-04T14:59:06.316+0000] {logging_mixin.py:190} INFO - [2025-02-04T14:59:06.315+0000] {dagbag.py:588} INFO - Filling up the DagBag from /home/airflow/.local/lib/python3.12/site-packages/airflow/example_dags/example_workday_timetable.py
[2025-02-04T14:59:06.330+0000] {processor.py:925} INFO - DAG(s) 'example_workday_timetable' retrieved from /home/airflow/.local/lib/python3.12/site-packages/airflow/example_dags/example_workday_timetable.py
[2025-02-04T14:59:06.368+0000] {logging_mixin.py:190} INFO - [2025-02-04T14:59:06.368+0000] {dag.py:3239} INFO - Sync 1 DAGs
[2025-02-04T14:59:06.508+0000] {logging_mixin.py:190} INFO - [2025-02-04T14:59:06.508+0000] {dag.py:4180} INFO - Setting next_dagrun for example_workday_timetable to 2021-01-04 00:00:00+00:00, run_after=2021-01-05 00:00:00+00:00
[2025-02-04T14:59:06.547+0000] {processor.py:208} INFO - Processing /home/airflow/.local/lib/python3.12/site-packages/airflow/example_dags/example_workday_timetable.py took 0.253 seconds
[2025-02-04T14:59:38.472+0000] {processor.py:186} INFO - Started process (PID=1308) to work on /home/airflow/.local/lib/python3.12/site-packages/airflow/example_dags/example_workday_timetable.py
[2025-02-04T14:59:38.474+0000] {processor.py:914} INFO - Processing file /home/airflow/.local/lib/python3.12/site-packages/airflow/example_dags/example_workday_timetable.py for tasks to queue
[2025-02-04T14:59:38.478+0000] {logging_mixin.py:190} INFO - [2025-02-04T14:59:38.477+0000] {dagbag.py:588} INFO - Filling up the DagBag from /home/airflow/.local/lib/python3.12/site-packages/airflow/example_dags/example_workday_timetable.py
[2025-02-04T14:59:38.487+0000] {processor.py:925} INFO - DAG(s) 'example_workday_timetable' retrieved from /home/airflow/.local/lib/python3.12/site-packages/airflow/example_dags/example_workday_timetable.py
[2025-02-04T14:59:38.518+0000] {logging_mixin.py:190} INFO - [2025-02-04T14:59:38.518+0000] {dag.py:3239} INFO - Sync 1 DAGs
[2025-02-04T14:59:38.648+0000] {logging_mixin.py:190} INFO - [2025-02-04T14:59:38.647+0000] {dag.py:4180} INFO - Setting next_dagrun for example_workday_timetable to 2021-01-04 00:00:00+00:00, run_after=2021-01-05 00:00:00+00:00
[2025-02-04T14:59:38.687+0000] {processor.py:208} INFO - Processing /home/airflow/.local/lib/python3.12/site-packages/airflow/example_dags/example_workday_timetable.py took 0.225 seconds
[2025-02-04T15:00:09.040+0000] {processor.py:186} INFO - Started process (PID=1372) to work on /home/airflow/.local/lib/python3.12/site-packages/airflow/example_dags/example_workday_timetable.py
[2025-02-04T15:00:09.042+0000] {processor.py:914} INFO - Processing file /home/airflow/.local/lib/python3.12/site-packages/airflow/example_dags/example_workday_timetable.py for tasks to queue
[2025-02-04T15:00:09.047+0000] {logging_mixin.py:190} INFO - [2025-02-04T15:00:09.047+0000] {dagbag.py:588} INFO - Filling up the DagBag from /home/airflow/.local/lib/python3.12/site-packages/airflow/example_dags/example_workday_timetable.py
[2025-02-04T15:00:09.061+0000] {processor.py:925} INFO - DAG(s) 'example_workday_timetable' retrieved from /home/airflow/.local/lib/python3.12/site-packages/airflow/example_dags/example_workday_timetable.py
[2025-02-04T15:00:09.102+0000] {logging_mixin.py:190} INFO - [2025-02-04T15:00:09.102+0000] {dag.py:3239} INFO - Sync 1 DAGs
[2025-02-04T15:00:09.264+0000] {logging_mixin.py:190} INFO - [2025-02-04T15:00:09.263+0000] {dag.py:4180} INFO - Setting next_dagrun for example_workday_timetable to 2021-01-04 00:00:00+00:00, run_after=2021-01-05 00:00:00+00:00
[2025-02-04T15:00:09.307+0000] {processor.py:208} INFO - Processing /home/airflow/.local/lib/python3.12/site-packages/airflow/example_dags/example_workday_timetable.py took 0.279 seconds
[2025-02-04T15:00:40.075+0000] {processor.py:186} INFO - Started process (PID=1436) to work on /home/airflow/.local/lib/python3.12/site-packages/airflow/example_dags/example_workday_timetable.py
[2025-02-04T15:00:40.077+0000] {processor.py:914} INFO - Processing file /home/airflow/.local/lib/python3.12/site-packages/airflow/example_dags/example_workday_timetable.py for tasks to queue
[2025-02-04T15:00:40.082+0000] {logging_mixin.py:190} INFO - [2025-02-04T15:00:40.082+0000] {dagbag.py:588} INFO - Filling up the DagBag from /home/airflow/.local/lib/python3.12/site-packages/airflow/example_dags/example_workday_timetable.py
[2025-02-04T15:00:40.093+0000] {processor.py:925} INFO - DAG(s) 'example_workday_timetable' retrieved from /home/airflow/.local/lib/python3.12/site-packages/airflow/example_dags/example_workday_timetable.py
[2025-02-04T15:00:40.133+0000] {logging_mixin.py:190} INFO - [2025-02-04T15:00:40.133+0000] {dag.py:3239} INFO - Sync 1 DAGs
[2025-02-04T15:00:40.286+0000] {logging_mixin.py:190} INFO - [2025-02-04T15:00:40.286+0000] {dag.py:4180} INFO - Setting next_dagrun for example_workday_timetable to 2021-01-04 00:00:00+00:00, run_after=2021-01-05 00:00:00+00:00
[2025-02-04T15:00:40.323+0000] {processor.py:208} INFO - Processing /home/airflow/.local/lib/python3.12/site-packages/airflow/example_dags/example_workday_timetable.py took 0.259 seconds
[2025-02-04T15:01:12.108+0000] {processor.py:186} INFO - Started process (PID=1501) to work on /home/airflow/.local/lib/python3.12/site-packages/airflow/example_dags/example_workday_timetable.py
[2025-02-04T15:01:12.109+0000] {processor.py:914} INFO - Processing file /home/airflow/.local/lib/python3.12/site-packages/airflow/example_dags/example_workday_timetable.py for tasks to queue
[2025-02-04T15:01:12.114+0000] {logging_mixin.py:190} INFO - [2025-02-04T15:01:12.113+0000] {dagbag.py:588} INFO - Filling up the DagBag from /home/airflow/.local/lib/python3.12/site-packages/airflow/example_dags/example_workday_timetable.py
[2025-02-04T15:01:12.126+0000] {processor.py:925} INFO - DAG(s) 'example_workday_timetable' retrieved from /home/airflow/.local/lib/python3.12/site-packages/airflow/example_dags/example_workday_timetable.py
[2025-02-04T15:01:12.157+0000] {logging_mixin.py:190} INFO - [2025-02-04T15:01:12.156+0000] {dag.py:3239} INFO - Sync 1 DAGs
[2025-02-04T15:01:12.267+0000] {logging_mixin.py:190} INFO - [2025-02-04T15:01:12.267+0000] {dag.py:4180} INFO - Setting next_dagrun for example_workday_timetable to 2021-01-04 00:00:00+00:00, run_after=2021-01-05 00:00:00+00:00
[2025-02-04T15:01:12.308+0000] {processor.py:208} INFO - Processing /home/airflow/.local/lib/python3.12/site-packages/airflow/example_dags/example_workday_timetable.py took 0.210 seconds
