[2025-02-04T14:07:19.057+0000] {processor.py:186} INFO - Started process (PID=97) to work on /home/airflow/.local/lib/python3.12/site-packages/airflow/example_dags/example_sensors.py
[2025-02-04T14:07:19.077+0000] {processor.py:914} INFO - Processing file /home/airflow/.local/lib/python3.12/site-packages/airflow/example_dags/example_sensors.py for tasks to queue
[2025-02-04T14:07:19.140+0000] {logging_mixin.py:190} INFO - [2025-02-04T14:07:19.130+0000] {dagbag.py:588} INFO - Filling up the DagBag from /home/airflow/.local/lib/python3.12/site-packages/airflow/example_dags/example_sensors.py
[2025-02-04T14:07:19.530+0000] {processor.py:925} INFO - DAG(s) 'example_sensors' retrieved from /home/airflow/.local/lib/python3.12/site-packages/airflow/example_dags/example_sensors.py
[2025-02-04T14:07:22.298+0000] {logging_mixin.py:190} INFO - [2025-02-04T14:07:22.297+0000] {override.py:1911} INFO - Created Permission View: can delete on DAG:example_sensors
[2025-02-04T14:07:22.349+0000] {logging_mixin.py:190} INFO - [2025-02-04T14:07:22.349+0000] {override.py:1911} INFO - Created Permission View: can read on DAG:example_sensors
[2025-02-04T14:07:22.367+0000] {logging_mixin.py:190} INFO - [2025-02-04T14:07:22.367+0000] {override.py:1911} INFO - Created Permission View: can edit on DAG:example_sensors
[2025-02-04T14:07:22.828+0000] {logging_mixin.py:190} INFO - [2025-02-04T14:07:22.827+0000] {override.py:1911} INFO - Created Permission View: can delete on DAG Run:example_sensors
[2025-02-04T14:07:22.849+0000] {logging_mixin.py:190} INFO - [2025-02-04T14:07:22.848+0000] {override.py:1911} INFO - Created Permission View: menu access on DAG Run:example_sensors
[2025-02-04T14:07:22.883+0000] {logging_mixin.py:190} INFO - [2025-02-04T14:07:22.883+0000] {override.py:1911} INFO - Created Permission View: can read on DAG Run:example_sensors
[2025-02-04T14:07:22.909+0000] {logging_mixin.py:190} INFO - [2025-02-04T14:07:22.908+0000] {override.py:1911} INFO - Created Permission View: can create on DAG Run:example_sensors
[2025-02-04T14:07:22.912+0000] {logging_mixin.py:190} INFO - [2025-02-04T14:07:22.911+0000] {dag.py:3239} INFO - Sync 1 DAGs
[2025-02-04T14:07:23.063+0000] {logging_mixin.py:190} INFO - [2025-02-04T14:07:23.063+0000] {dag.py:3262} INFO - Creating ORM DAG for example_sensors
[2025-02-04T14:07:23.069+0000] {logging_mixin.py:190} INFO - [2025-02-04T14:07:23.068+0000] {dag.py:4180} INFO - Setting next_dagrun for example_sensors to None, run_after=None
[2025-02-04T14:07:23.151+0000] {processor.py:208} INFO - Processing /home/airflow/.local/lib/python3.12/site-packages/airflow/example_dags/example_sensors.py took 3.551 seconds
[2025-02-04T14:08:28.580+0000] {processor.py:186} INFO - Started process (PID=167) to work on /home/airflow/.local/lib/python3.12/site-packages/airflow/example_dags/example_sensors.py
[2025-02-04T14:08:28.785+0000] {processor.py:914} INFO - Processing file /home/airflow/.local/lib/python3.12/site-packages/airflow/example_dags/example_sensors.py for tasks to queue
[2025-02-04T14:08:28.875+0000] {logging_mixin.py:190} INFO - [2025-02-04T14:08:28.874+0000] {dagbag.py:588} INFO - Filling up the DagBag from /home/airflow/.local/lib/python3.12/site-packages/airflow/example_dags/example_sensors.py
[2025-02-04T14:08:28.976+0000] {processor.py:925} INFO - DAG(s) 'example_sensors' retrieved from /home/airflow/.local/lib/python3.12/site-packages/airflow/example_dags/example_sensors.py
[2025-02-04T14:08:29.166+0000] {logging_mixin.py:190} INFO - [2025-02-04T14:08:29.165+0000] {dag.py:3239} INFO - Sync 1 DAGs
[2025-02-04T14:08:29.365+0000] {logging_mixin.py:190} INFO - [2025-02-04T14:08:29.365+0000] {dag.py:4180} INFO - Setting next_dagrun for example_sensors to None, run_after=None
[2025-02-04T14:08:29.644+0000] {processor.py:208} INFO - Processing /home/airflow/.local/lib/python3.12/site-packages/airflow/example_dags/example_sensors.py took 1.074 seconds
[2025-02-04T14:08:59.820+0000] {processor.py:186} INFO - Started process (PID=230) to work on /home/airflow/.local/lib/python3.12/site-packages/airflow/example_dags/example_sensors.py
[2025-02-04T14:08:59.822+0000] {processor.py:914} INFO - Processing file /home/airflow/.local/lib/python3.12/site-packages/airflow/example_dags/example_sensors.py for tasks to queue
[2025-02-04T14:08:59.826+0000] {logging_mixin.py:190} INFO - [2025-02-04T14:08:59.825+0000] {dagbag.py:588} INFO - Filling up the DagBag from /home/airflow/.local/lib/python3.12/site-packages/airflow/example_dags/example_sensors.py
[2025-02-04T14:08:59.847+0000] {processor.py:925} INFO - DAG(s) 'example_sensors' retrieved from /home/airflow/.local/lib/python3.12/site-packages/airflow/example_dags/example_sensors.py
[2025-02-04T14:08:59.888+0000] {logging_mixin.py:190} INFO - [2025-02-04T14:08:59.888+0000] {dag.py:3239} INFO - Sync 1 DAGs
[2025-02-04T14:08:59.913+0000] {logging_mixin.py:190} INFO - [2025-02-04T14:08:59.912+0000] {dag.py:4180} INFO - Setting next_dagrun for example_sensors to None, run_after=None
[2025-02-04T14:08:59.949+0000] {processor.py:208} INFO - Processing /home/airflow/.local/lib/python3.12/site-packages/airflow/example_dags/example_sensors.py took 0.139 seconds
[2025-02-04T14:09:31.880+0000] {processor.py:186} INFO - Started process (PID=299) to work on /home/airflow/.local/lib/python3.12/site-packages/airflow/example_dags/example_sensors.py
[2025-02-04T14:09:31.882+0000] {processor.py:914} INFO - Processing file /home/airflow/.local/lib/python3.12/site-packages/airflow/example_dags/example_sensors.py for tasks to queue
[2025-02-04T14:09:31.887+0000] {logging_mixin.py:190} INFO - [2025-02-04T14:09:31.886+0000] {dagbag.py:588} INFO - Filling up the DagBag from /home/airflow/.local/lib/python3.12/site-packages/airflow/example_dags/example_sensors.py
[2025-02-04T14:09:31.915+0000] {processor.py:925} INFO - DAG(s) 'example_sensors' retrieved from /home/airflow/.local/lib/python3.12/site-packages/airflow/example_dags/example_sensors.py
[2025-02-04T14:09:31.981+0000] {logging_mixin.py:190} INFO - [2025-02-04T14:09:31.980+0000] {dag.py:3239} INFO - Sync 1 DAGs
[2025-02-04T14:09:32.019+0000] {logging_mixin.py:190} INFO - [2025-02-04T14:09:32.018+0000] {dag.py:4180} INFO - Setting next_dagrun for example_sensors to None, run_after=None
[2025-02-04T14:09:32.077+0000] {processor.py:208} INFO - Processing /home/airflow/.local/lib/python3.12/site-packages/airflow/example_dags/example_sensors.py took 0.207 seconds
[2025-02-04T14:10:02.526+0000] {processor.py:186} INFO - Started process (PID=363) to work on /home/airflow/.local/lib/python3.12/site-packages/airflow/example_dags/example_sensors.py
[2025-02-04T14:10:02.527+0000] {processor.py:914} INFO - Processing file /home/airflow/.local/lib/python3.12/site-packages/airflow/example_dags/example_sensors.py for tasks to queue
[2025-02-04T14:10:02.531+0000] {logging_mixin.py:190} INFO - [2025-02-04T14:10:02.531+0000] {dagbag.py:588} INFO - Filling up the DagBag from /home/airflow/.local/lib/python3.12/site-packages/airflow/example_dags/example_sensors.py
[2025-02-04T14:10:02.553+0000] {processor.py:925} INFO - DAG(s) 'example_sensors' retrieved from /home/airflow/.local/lib/python3.12/site-packages/airflow/example_dags/example_sensors.py
[2025-02-04T14:10:02.596+0000] {logging_mixin.py:190} INFO - [2025-02-04T14:10:02.596+0000] {dag.py:3239} INFO - Sync 1 DAGs
[2025-02-04T14:10:02.621+0000] {logging_mixin.py:190} INFO - [2025-02-04T14:10:02.621+0000] {dag.py:4180} INFO - Setting next_dagrun for example_sensors to None, run_after=None
[2025-02-04T14:10:02.660+0000] {processor.py:208} INFO - Processing /home/airflow/.local/lib/python3.12/site-packages/airflow/example_dags/example_sensors.py took 0.145 seconds
[2025-02-04T14:10:49.790+0000] {processor.py:186} INFO - Started process (PID=427) to work on /home/airflow/.local/lib/python3.12/site-packages/airflow/example_dags/example_sensors.py
[2025-02-04T14:10:49.792+0000] {processor.py:914} INFO - Processing file /home/airflow/.local/lib/python3.12/site-packages/airflow/example_dags/example_sensors.py for tasks to queue
[2025-02-04T14:10:49.797+0000] {logging_mixin.py:190} INFO - [2025-02-04T14:10:49.796+0000] {dagbag.py:588} INFO - Filling up the DagBag from /home/airflow/.local/lib/python3.12/site-packages/airflow/example_dags/example_sensors.py
[2025-02-04T14:10:49.828+0000] {processor.py:925} INFO - DAG(s) 'example_sensors' retrieved from /home/airflow/.local/lib/python3.12/site-packages/airflow/example_dags/example_sensors.py
[2025-02-04T14:10:49.884+0000] {logging_mixin.py:190} INFO - [2025-02-04T14:10:49.884+0000] {dag.py:3239} INFO - Sync 1 DAGs
[2025-02-04T14:10:49.913+0000] {logging_mixin.py:190} INFO - [2025-02-04T14:10:49.913+0000] {dag.py:4180} INFO - Setting next_dagrun for example_sensors to None, run_after=None
[2025-02-04T14:10:49.950+0000] {processor.py:208} INFO - Processing /home/airflow/.local/lib/python3.12/site-packages/airflow/example_dags/example_sensors.py took 0.173 seconds
[2025-02-04T14:11:23.826+0000] {processor.py:186} INFO - Started process (PID=491) to work on /home/airflow/.local/lib/python3.12/site-packages/airflow/example_dags/example_sensors.py
[2025-02-04T14:11:23.831+0000] {processor.py:914} INFO - Processing file /home/airflow/.local/lib/python3.12/site-packages/airflow/example_dags/example_sensors.py for tasks to queue
[2025-02-04T14:11:23.861+0000] {logging_mixin.py:190} INFO - [2025-02-04T14:11:23.860+0000] {dagbag.py:588} INFO - Filling up the DagBag from /home/airflow/.local/lib/python3.12/site-packages/airflow/example_dags/example_sensors.py
[2025-02-04T14:11:23.992+0000] {processor.py:925} INFO - DAG(s) 'example_sensors' retrieved from /home/airflow/.local/lib/python3.12/site-packages/airflow/example_dags/example_sensors.py
[2025-02-04T14:11:24.221+0000] {logging_mixin.py:190} INFO - [2025-02-04T14:11:24.203+0000] {dag.py:3239} INFO - Sync 1 DAGs
[2025-02-04T14:11:24.366+0000] {logging_mixin.py:190} INFO - [2025-02-04T14:11:24.365+0000] {dag.py:4180} INFO - Setting next_dagrun for example_sensors to None, run_after=None
[2025-02-04T14:11:24.484+0000] {processor.py:208} INFO - Processing /home/airflow/.local/lib/python3.12/site-packages/airflow/example_dags/example_sensors.py took 0.693 seconds
[2025-02-04T14:18:37.941+0000] {processor.py:186} INFO - Started process (PID=88) to work on /home/airflow/.local/lib/python3.12/site-packages/airflow/example_dags/example_sensors.py
[2025-02-04T14:18:37.948+0000] {processor.py:914} INFO - Processing file /home/airflow/.local/lib/python3.12/site-packages/airflow/example_dags/example_sensors.py for tasks to queue
[2025-02-04T14:18:37.954+0000] {logging_mixin.py:190} INFO - [2025-02-04T14:18:37.953+0000] {dagbag.py:588} INFO - Filling up the DagBag from /home/airflow/.local/lib/python3.12/site-packages/airflow/example_dags/example_sensors.py
[2025-02-04T14:18:37.987+0000] {processor.py:925} INFO - DAG(s) 'example_sensors' retrieved from /home/airflow/.local/lib/python3.12/site-packages/airflow/example_dags/example_sensors.py
[2025-02-04T14:18:38.091+0000] {logging_mixin.py:190} INFO - [2025-02-04T14:18:38.089+0000] {dag.py:3239} INFO - Sync 1 DAGs
[2025-02-04T14:18:38.160+0000] {logging_mixin.py:190} INFO - [2025-02-04T14:18:38.160+0000] {dag.py:4180} INFO - Setting next_dagrun for example_sensors to None, run_after=None
[2025-02-04T14:18:38.245+0000] {processor.py:208} INFO - Processing /home/airflow/.local/lib/python3.12/site-packages/airflow/example_dags/example_sensors.py took 0.335 seconds
[2025-02-04T14:19:09.157+0000] {processor.py:186} INFO - Started process (PID=152) to work on /home/airflow/.local/lib/python3.12/site-packages/airflow/example_dags/example_sensors.py
[2025-02-04T14:19:09.160+0000] {processor.py:914} INFO - Processing file /home/airflow/.local/lib/python3.12/site-packages/airflow/example_dags/example_sensors.py for tasks to queue
[2025-02-04T14:19:09.165+0000] {logging_mixin.py:190} INFO - [2025-02-04T14:19:09.165+0000] {dagbag.py:588} INFO - Filling up the DagBag from /home/airflow/.local/lib/python3.12/site-packages/airflow/example_dags/example_sensors.py
[2025-02-04T14:19:09.191+0000] {processor.py:925} INFO - DAG(s) 'example_sensors' retrieved from /home/airflow/.local/lib/python3.12/site-packages/airflow/example_dags/example_sensors.py
[2025-02-04T14:19:09.265+0000] {logging_mixin.py:190} INFO - [2025-02-04T14:19:09.265+0000] {dag.py:3239} INFO - Sync 1 DAGs
[2025-02-04T14:19:09.294+0000] {logging_mixin.py:190} INFO - [2025-02-04T14:19:09.293+0000] {dag.py:4180} INFO - Setting next_dagrun for example_sensors to None, run_after=None
[2025-02-04T14:19:09.334+0000] {processor.py:208} INFO - Processing /home/airflow/.local/lib/python3.12/site-packages/airflow/example_dags/example_sensors.py took 0.188 seconds
[2025-02-04T14:19:40.875+0000] {processor.py:186} INFO - Started process (PID=221) to work on /home/airflow/.local/lib/python3.12/site-packages/airflow/example_dags/example_sensors.py
[2025-02-04T14:19:40.876+0000] {processor.py:914} INFO - Processing file /home/airflow/.local/lib/python3.12/site-packages/airflow/example_dags/example_sensors.py for tasks to queue
[2025-02-04T14:19:40.880+0000] {logging_mixin.py:190} INFO - [2025-02-04T14:19:40.879+0000] {dagbag.py:588} INFO - Filling up the DagBag from /home/airflow/.local/lib/python3.12/site-packages/airflow/example_dags/example_sensors.py
[2025-02-04T14:19:40.911+0000] {processor.py:925} INFO - DAG(s) 'example_sensors' retrieved from /home/airflow/.local/lib/python3.12/site-packages/airflow/example_dags/example_sensors.py
[2025-02-04T14:19:40.977+0000] {logging_mixin.py:190} INFO - [2025-02-04T14:19:40.977+0000] {dag.py:3239} INFO - Sync 1 DAGs
[2025-02-04T14:19:41.017+0000] {logging_mixin.py:190} INFO - [2025-02-04T14:19:41.016+0000] {dag.py:4180} INFO - Setting next_dagrun for example_sensors to None, run_after=None
[2025-02-04T14:19:41.115+0000] {processor.py:208} INFO - Processing /home/airflow/.local/lib/python3.12/site-packages/airflow/example_dags/example_sensors.py took 0.248 seconds
[2025-02-04T14:20:12.132+0000] {processor.py:186} INFO - Started process (PID=293) to work on /home/airflow/.local/lib/python3.12/site-packages/airflow/example_dags/example_sensors.py
[2025-02-04T14:20:12.136+0000] {processor.py:914} INFO - Processing file /home/airflow/.local/lib/python3.12/site-packages/airflow/example_dags/example_sensors.py for tasks to queue
[2025-02-04T14:20:12.140+0000] {logging_mixin.py:190} INFO - [2025-02-04T14:20:12.139+0000] {dagbag.py:588} INFO - Filling up the DagBag from /home/airflow/.local/lib/python3.12/site-packages/airflow/example_dags/example_sensors.py
[2025-02-04T14:20:12.183+0000] {processor.py:925} INFO - DAG(s) 'example_sensors' retrieved from /home/airflow/.local/lib/python3.12/site-packages/airflow/example_dags/example_sensors.py
[2025-02-04T14:20:12.332+0000] {logging_mixin.py:190} INFO - [2025-02-04T14:20:12.327+0000] {dag.py:3239} INFO - Sync 1 DAGs
[2025-02-04T14:20:12.412+0000] {logging_mixin.py:190} INFO - [2025-02-04T14:20:12.411+0000] {dag.py:4180} INFO - Setting next_dagrun for example_sensors to None, run_after=None
[2025-02-04T14:20:12.486+0000] {processor.py:208} INFO - Processing /home/airflow/.local/lib/python3.12/site-packages/airflow/example_dags/example_sensors.py took 0.371 seconds
[2025-02-04T14:20:50.738+0000] {processor.py:186} INFO - Started process (PID=363) to work on /home/airflow/.local/lib/python3.12/site-packages/airflow/example_dags/example_sensors.py
[2025-02-04T14:20:50.739+0000] {processor.py:914} INFO - Processing file /home/airflow/.local/lib/python3.12/site-packages/airflow/example_dags/example_sensors.py for tasks to queue
[2025-02-04T14:20:50.741+0000] {logging_mixin.py:190} INFO - [2025-02-04T14:20:50.741+0000] {dagbag.py:588} INFO - Filling up the DagBag from /home/airflow/.local/lib/python3.12/site-packages/airflow/example_dags/example_sensors.py
[2025-02-04T14:20:50.764+0000] {processor.py:925} INFO - DAG(s) 'example_sensors' retrieved from /home/airflow/.local/lib/python3.12/site-packages/airflow/example_dags/example_sensors.py
[2025-02-04T14:20:50.807+0000] {logging_mixin.py:190} INFO - [2025-02-04T14:20:50.807+0000] {dag.py:3239} INFO - Sync 1 DAGs
[2025-02-04T14:20:50.841+0000] {logging_mixin.py:190} INFO - [2025-02-04T14:20:50.840+0000] {dag.py:4180} INFO - Setting next_dagrun for example_sensors to None, run_after=None
[2025-02-04T14:20:50.901+0000] {processor.py:208} INFO - Processing /home/airflow/.local/lib/python3.12/site-packages/airflow/example_dags/example_sensors.py took 0.174 seconds
[2025-02-04T14:21:21.699+0000] {processor.py:186} INFO - Started process (PID=436) to work on /home/airflow/.local/lib/python3.12/site-packages/airflow/example_dags/example_sensors.py
[2025-02-04T14:21:21.701+0000] {processor.py:914} INFO - Processing file /home/airflow/.local/lib/python3.12/site-packages/airflow/example_dags/example_sensors.py for tasks to queue
[2025-02-04T14:21:21.703+0000] {logging_mixin.py:190} INFO - [2025-02-04T14:21:21.702+0000] {dagbag.py:588} INFO - Filling up the DagBag from /home/airflow/.local/lib/python3.12/site-packages/airflow/example_dags/example_sensors.py
[2025-02-04T14:21:21.728+0000] {processor.py:925} INFO - DAG(s) 'example_sensors' retrieved from /home/airflow/.local/lib/python3.12/site-packages/airflow/example_dags/example_sensors.py
[2025-02-04T14:21:21.815+0000] {logging_mixin.py:190} INFO - [2025-02-04T14:21:21.814+0000] {dag.py:3239} INFO - Sync 1 DAGs
[2025-02-04T14:21:21.848+0000] {logging_mixin.py:190} INFO - [2025-02-04T14:21:21.847+0000] {dag.py:4180} INFO - Setting next_dagrun for example_sensors to None, run_after=None
[2025-02-04T14:21:21.883+0000] {processor.py:208} INFO - Processing /home/airflow/.local/lib/python3.12/site-packages/airflow/example_dags/example_sensors.py took 0.197 seconds
[2025-02-04T14:21:54.509+0000] {processor.py:186} INFO - Started process (PID=501) to work on /home/airflow/.local/lib/python3.12/site-packages/airflow/example_dags/example_sensors.py
[2025-02-04T14:21:54.511+0000] {processor.py:914} INFO - Processing file /home/airflow/.local/lib/python3.12/site-packages/airflow/example_dags/example_sensors.py for tasks to queue
[2025-02-04T14:21:54.514+0000] {logging_mixin.py:190} INFO - [2025-02-04T14:21:54.513+0000] {dagbag.py:588} INFO - Filling up the DagBag from /home/airflow/.local/lib/python3.12/site-packages/airflow/example_dags/example_sensors.py
[2025-02-04T14:21:54.551+0000] {processor.py:925} INFO - DAG(s) 'example_sensors' retrieved from /home/airflow/.local/lib/python3.12/site-packages/airflow/example_dags/example_sensors.py
[2025-02-04T14:21:54.638+0000] {logging_mixin.py:190} INFO - [2025-02-04T14:21:54.637+0000] {dag.py:3239} INFO - Sync 1 DAGs
[2025-02-04T14:21:54.683+0000] {logging_mixin.py:190} INFO - [2025-02-04T14:21:54.682+0000] {dag.py:4180} INFO - Setting next_dagrun for example_sensors to None, run_after=None
[2025-02-04T14:21:54.738+0000] {processor.py:208} INFO - Processing /home/airflow/.local/lib/python3.12/site-packages/airflow/example_dags/example_sensors.py took 0.243 seconds
[2025-02-04T14:22:25.373+0000] {processor.py:186} INFO - Started process (PID=573) to work on /home/airflow/.local/lib/python3.12/site-packages/airflow/example_dags/example_sensors.py
[2025-02-04T14:22:25.374+0000] {processor.py:914} INFO - Processing file /home/airflow/.local/lib/python3.12/site-packages/airflow/example_dags/example_sensors.py for tasks to queue
[2025-02-04T14:22:25.377+0000] {logging_mixin.py:190} INFO - [2025-02-04T14:22:25.376+0000] {dagbag.py:588} INFO - Filling up the DagBag from /home/airflow/.local/lib/python3.12/site-packages/airflow/example_dags/example_sensors.py
[2025-02-04T14:22:25.397+0000] {processor.py:925} INFO - DAG(s) 'example_sensors' retrieved from /home/airflow/.local/lib/python3.12/site-packages/airflow/example_dags/example_sensors.py
[2025-02-04T14:22:25.443+0000] {logging_mixin.py:190} INFO - [2025-02-04T14:22:25.443+0000] {dag.py:3239} INFO - Sync 1 DAGs
[2025-02-04T14:22:25.472+0000] {logging_mixin.py:190} INFO - [2025-02-04T14:22:25.472+0000] {dag.py:4180} INFO - Setting next_dagrun for example_sensors to None, run_after=None
[2025-02-04T14:22:25.510+0000] {processor.py:208} INFO - Processing /home/airflow/.local/lib/python3.12/site-packages/airflow/example_dags/example_sensors.py took 0.149 seconds
[2025-02-04T14:22:56.646+0000] {processor.py:186} INFO - Started process (PID=639) to work on /home/airflow/.local/lib/python3.12/site-packages/airflow/example_dags/example_sensors.py
[2025-02-04T14:22:56.648+0000] {processor.py:914} INFO - Processing file /home/airflow/.local/lib/python3.12/site-packages/airflow/example_dags/example_sensors.py for tasks to queue
[2025-02-04T14:22:56.651+0000] {logging_mixin.py:190} INFO - [2025-02-04T14:22:56.650+0000] {dagbag.py:588} INFO - Filling up the DagBag from /home/airflow/.local/lib/python3.12/site-packages/airflow/example_dags/example_sensors.py
[2025-02-04T14:22:56.675+0000] {processor.py:925} INFO - DAG(s) 'example_sensors' retrieved from /home/airflow/.local/lib/python3.12/site-packages/airflow/example_dags/example_sensors.py
[2025-02-04T14:22:56.742+0000] {logging_mixin.py:190} INFO - [2025-02-04T14:22:56.742+0000] {dag.py:3239} INFO - Sync 1 DAGs
[2025-02-04T14:22:56.782+0000] {logging_mixin.py:190} INFO - [2025-02-04T14:22:56.781+0000] {dag.py:4180} INFO - Setting next_dagrun for example_sensors to None, run_after=None
[2025-02-04T14:22:56.834+0000] {processor.py:208} INFO - Processing /home/airflow/.local/lib/python3.12/site-packages/airflow/example_dags/example_sensors.py took 0.204 seconds
[2025-02-04T14:23:27.260+0000] {processor.py:186} INFO - Started process (PID=703) to work on /home/airflow/.local/lib/python3.12/site-packages/airflow/example_dags/example_sensors.py
[2025-02-04T14:23:27.262+0000] {processor.py:914} INFO - Processing file /home/airflow/.local/lib/python3.12/site-packages/airflow/example_dags/example_sensors.py for tasks to queue
[2025-02-04T14:23:27.264+0000] {logging_mixin.py:190} INFO - [2025-02-04T14:23:27.263+0000] {dagbag.py:588} INFO - Filling up the DagBag from /home/airflow/.local/lib/python3.12/site-packages/airflow/example_dags/example_sensors.py
[2025-02-04T14:23:27.281+0000] {processor.py:925} INFO - DAG(s) 'example_sensors' retrieved from /home/airflow/.local/lib/python3.12/site-packages/airflow/example_dags/example_sensors.py
[2025-02-04T14:23:27.329+0000] {logging_mixin.py:190} INFO - [2025-02-04T14:23:27.328+0000] {dag.py:3239} INFO - Sync 1 DAGs
[2025-02-04T14:23:27.353+0000] {logging_mixin.py:190} INFO - [2025-02-04T14:23:27.353+0000] {dag.py:4180} INFO - Setting next_dagrun for example_sensors to None, run_after=None
[2025-02-04T14:23:27.387+0000] {processor.py:208} INFO - Processing /home/airflow/.local/lib/python3.12/site-packages/airflow/example_dags/example_sensors.py took 0.139 seconds
[2025-02-04T14:23:57.732+0000] {processor.py:186} INFO - Started process (PID=767) to work on /home/airflow/.local/lib/python3.12/site-packages/airflow/example_dags/example_sensors.py
[2025-02-04T14:23:57.734+0000] {processor.py:914} INFO - Processing file /home/airflow/.local/lib/python3.12/site-packages/airflow/example_dags/example_sensors.py for tasks to queue
[2025-02-04T14:23:57.737+0000] {logging_mixin.py:190} INFO - [2025-02-04T14:23:57.736+0000] {dagbag.py:588} INFO - Filling up the DagBag from /home/airflow/.local/lib/python3.12/site-packages/airflow/example_dags/example_sensors.py
[2025-02-04T14:23:57.765+0000] {processor.py:925} INFO - DAG(s) 'example_sensors' retrieved from /home/airflow/.local/lib/python3.12/site-packages/airflow/example_dags/example_sensors.py
[2025-02-04T14:23:57.823+0000] {logging_mixin.py:190} INFO - [2025-02-04T14:23:57.822+0000] {dag.py:3239} INFO - Sync 1 DAGs
[2025-02-04T14:23:57.849+0000] {logging_mixin.py:190} INFO - [2025-02-04T14:23:57.849+0000] {dag.py:4180} INFO - Setting next_dagrun for example_sensors to None, run_after=None
[2025-02-04T14:23:57.894+0000] {processor.py:208} INFO - Processing /home/airflow/.local/lib/python3.12/site-packages/airflow/example_dags/example_sensors.py took 0.179 seconds
[2025-02-04T14:24:32.652+0000] {processor.py:186} INFO - Started process (PID=831) to work on /home/airflow/.local/lib/python3.12/site-packages/airflow/example_dags/example_sensors.py
[2025-02-04T14:24:32.671+0000] {processor.py:914} INFO - Processing file /home/airflow/.local/lib/python3.12/site-packages/airflow/example_dags/example_sensors.py for tasks to queue
[2025-02-04T14:24:32.675+0000] {logging_mixin.py:190} INFO - [2025-02-04T14:24:32.674+0000] {dagbag.py:588} INFO - Filling up the DagBag from /home/airflow/.local/lib/python3.12/site-packages/airflow/example_dags/example_sensors.py
[2025-02-04T14:24:32.767+0000] {processor.py:925} INFO - DAG(s) 'example_sensors' retrieved from /home/airflow/.local/lib/python3.12/site-packages/airflow/example_dags/example_sensors.py
[2025-02-04T14:24:33.005+0000] {logging_mixin.py:190} INFO - [2025-02-04T14:24:33.005+0000] {dag.py:3239} INFO - Sync 1 DAGs
[2025-02-04T14:24:33.123+0000] {logging_mixin.py:190} INFO - [2025-02-04T14:24:33.123+0000] {dag.py:4180} INFO - Setting next_dagrun for example_sensors to None, run_after=None
[2025-02-04T14:24:33.281+0000] {processor.py:208} INFO - Processing /home/airflow/.local/lib/python3.12/site-packages/airflow/example_dags/example_sensors.py took 0.663 seconds
[2025-02-04T14:32:34.166+0000] {processor.py:186} INFO - Started process (PID=100) to work on /home/airflow/.local/lib/python3.12/site-packages/airflow/example_dags/example_sensors.py
[2025-02-04T14:32:34.169+0000] {processor.py:914} INFO - Processing file /home/airflow/.local/lib/python3.12/site-packages/airflow/example_dags/example_sensors.py for tasks to queue
[2025-02-04T14:32:34.178+0000] {logging_mixin.py:190} INFO - [2025-02-04T14:32:34.177+0000] {dagbag.py:588} INFO - Filling up the DagBag from /home/airflow/.local/lib/python3.12/site-packages/airflow/example_dags/example_sensors.py
[2025-02-04T14:32:34.344+0000] {processor.py:925} INFO - DAG(s) 'example_sensors' retrieved from /home/airflow/.local/lib/python3.12/site-packages/airflow/example_dags/example_sensors.py
[2025-02-04T14:32:35.883+0000] {logging_mixin.py:190} INFO - [2025-02-04T14:32:35.882+0000] {override.py:1911} INFO - Created Permission View: can delete on DAG:example_sensors
[2025-02-04T14:32:35.941+0000] {logging_mixin.py:190} INFO - [2025-02-04T14:32:35.940+0000] {override.py:1911} INFO - Created Permission View: can read on DAG:example_sensors
[2025-02-04T14:32:36.001+0000] {logging_mixin.py:190} INFO - [2025-02-04T14:32:36.000+0000] {override.py:1911} INFO - Created Permission View: can edit on DAG:example_sensors
[2025-02-04T14:32:36.098+0000] {logging_mixin.py:190} INFO - [2025-02-04T14:32:36.097+0000] {override.py:1911} INFO - Created Permission View: can create on DAG Run:example_sensors
[2025-02-04T14:32:36.180+0000] {logging_mixin.py:190} INFO - [2025-02-04T14:32:36.179+0000] {override.py:1911} INFO - Created Permission View: can delete on DAG Run:example_sensors
[2025-02-04T14:32:36.309+0000] {logging_mixin.py:190} INFO - [2025-02-04T14:32:36.308+0000] {override.py:1911} INFO - Created Permission View: can read on DAG Run:example_sensors
[2025-02-04T14:32:36.499+0000] {logging_mixin.py:190} INFO - [2025-02-04T14:32:36.498+0000] {override.py:1911} INFO - Created Permission View: menu access on DAG Run:example_sensors
[2025-02-04T14:32:36.505+0000] {logging_mixin.py:190} INFO - [2025-02-04T14:32:36.505+0000] {dag.py:3239} INFO - Sync 1 DAGs
[2025-02-04T14:32:37.207+0000] {logging_mixin.py:190} INFO - [2025-02-04T14:32:37.206+0000] {dag.py:3262} INFO - Creating ORM DAG for example_sensors
[2025-02-04T14:32:37.376+0000] {logging_mixin.py:190} INFO - [2025-02-04T14:32:37.375+0000] {dag.py:4180} INFO - Setting next_dagrun for example_sensors to None, run_after=None
[2025-02-04T14:32:38.359+0000] {processor.py:208} INFO - Processing /home/airflow/.local/lib/python3.12/site-packages/airflow/example_dags/example_sensors.py took 4.441 seconds
[2025-02-04T14:33:16.338+0000] {processor.py:186} INFO - Started process (PID=170) to work on /home/airflow/.local/lib/python3.12/site-packages/airflow/example_dags/example_sensors.py
[2025-02-04T14:33:16.344+0000] {processor.py:914} INFO - Processing file /home/airflow/.local/lib/python3.12/site-packages/airflow/example_dags/example_sensors.py for tasks to queue
[2025-02-04T14:33:16.351+0000] {logging_mixin.py:190} INFO - [2025-02-04T14:33:16.350+0000] {dagbag.py:588} INFO - Filling up the DagBag from /home/airflow/.local/lib/python3.12/site-packages/airflow/example_dags/example_sensors.py
[2025-02-04T14:33:16.419+0000] {processor.py:925} INFO - DAG(s) 'example_sensors' retrieved from /home/airflow/.local/lib/python3.12/site-packages/airflow/example_dags/example_sensors.py
[2025-02-04T14:33:16.940+0000] {logging_mixin.py:190} INFO - [2025-02-04T14:33:16.939+0000] {dag.py:3239} INFO - Sync 1 DAGs
[2025-02-04T14:33:16.973+0000] {logging_mixin.py:190} INFO - [2025-02-04T14:33:16.973+0000] {dag.py:4180} INFO - Setting next_dagrun for example_sensors to None, run_after=None
[2025-02-04T14:33:17.037+0000] {processor.py:208} INFO - Processing /home/airflow/.local/lib/python3.12/site-packages/airflow/example_dags/example_sensors.py took 0.300 seconds
[2025-02-04T14:33:47.276+0000] {processor.py:186} INFO - Started process (PID=234) to work on /home/airflow/.local/lib/python3.12/site-packages/airflow/example_dags/example_sensors.py
[2025-02-04T14:33:47.278+0000] {processor.py:914} INFO - Processing file /home/airflow/.local/lib/python3.12/site-packages/airflow/example_dags/example_sensors.py for tasks to queue
[2025-02-04T14:33:47.284+0000] {logging_mixin.py:190} INFO - [2025-02-04T14:33:47.283+0000] {dagbag.py:588} INFO - Filling up the DagBag from /home/airflow/.local/lib/python3.12/site-packages/airflow/example_dags/example_sensors.py
[2025-02-04T14:33:47.815+0000] {processor.py:925} INFO - DAG(s) 'example_sensors' retrieved from /home/airflow/.local/lib/python3.12/site-packages/airflow/example_dags/example_sensors.py
[2025-02-04T14:33:47.880+0000] {logging_mixin.py:190} INFO - [2025-02-04T14:33:47.879+0000] {dag.py:3239} INFO - Sync 1 DAGs
[2025-02-04T14:33:47.914+0000] {logging_mixin.py:190} INFO - [2025-02-04T14:33:47.914+0000] {dag.py:4180} INFO - Setting next_dagrun for example_sensors to None, run_after=None
[2025-02-04T14:33:48.000+0000] {processor.py:208} INFO - Processing /home/airflow/.local/lib/python3.12/site-packages/airflow/example_dags/example_sensors.py took 0.306 seconds
[2025-02-04T14:34:19.462+0000] {processor.py:186} INFO - Started process (PID=298) to work on /home/airflow/.local/lib/python3.12/site-packages/airflow/example_dags/example_sensors.py
[2025-02-04T14:34:19.465+0000] {processor.py:914} INFO - Processing file /home/airflow/.local/lib/python3.12/site-packages/airflow/example_dags/example_sensors.py for tasks to queue
[2025-02-04T14:34:19.471+0000] {logging_mixin.py:190} INFO - [2025-02-04T14:34:19.470+0000] {dagbag.py:588} INFO - Filling up the DagBag from /home/airflow/.local/lib/python3.12/site-packages/airflow/example_dags/example_sensors.py
[2025-02-04T14:34:19.507+0000] {processor.py:925} INFO - DAG(s) 'example_sensors' retrieved from /home/airflow/.local/lib/python3.12/site-packages/airflow/example_dags/example_sensors.py
[2025-02-04T14:34:19.641+0000] {logging_mixin.py:190} INFO - [2025-02-04T14:34:19.640+0000] {dag.py:3239} INFO - Sync 1 DAGs
[2025-02-04T14:34:19.708+0000] {logging_mixin.py:190} INFO - [2025-02-04T14:34:19.708+0000] {dag.py:4180} INFO - Setting next_dagrun for example_sensors to None, run_after=None
[2025-02-04T14:34:19.774+0000] {processor.py:208} INFO - Processing /home/airflow/.local/lib/python3.12/site-packages/airflow/example_dags/example_sensors.py took 0.349 seconds
[2025-02-04T14:34:50.520+0000] {processor.py:186} INFO - Started process (PID=361) to work on /home/airflow/.local/lib/python3.12/site-packages/airflow/example_dags/example_sensors.py
[2025-02-04T14:34:50.523+0000] {processor.py:914} INFO - Processing file /home/airflow/.local/lib/python3.12/site-packages/airflow/example_dags/example_sensors.py for tasks to queue
[2025-02-04T14:34:50.540+0000] {logging_mixin.py:190} INFO - [2025-02-04T14:34:50.539+0000] {dagbag.py:588} INFO - Filling up the DagBag from /home/airflow/.local/lib/python3.12/site-packages/airflow/example_dags/example_sensors.py
[2025-02-04T14:34:50.593+0000] {processor.py:925} INFO - DAG(s) 'example_sensors' retrieved from /home/airflow/.local/lib/python3.12/site-packages/airflow/example_dags/example_sensors.py
[2025-02-04T14:34:50.740+0000] {logging_mixin.py:190} INFO - [2025-02-04T14:34:50.739+0000] {dag.py:3239} INFO - Sync 1 DAGs
[2025-02-04T14:34:50.841+0000] {logging_mixin.py:190} INFO - [2025-02-04T14:34:50.841+0000] {dag.py:4180} INFO - Setting next_dagrun for example_sensors to None, run_after=None
[2025-02-04T14:34:50.910+0000] {processor.py:208} INFO - Processing /home/airflow/.local/lib/python3.12/site-packages/airflow/example_dags/example_sensors.py took 0.412 seconds
[2025-02-04T14:35:22.097+0000] {processor.py:186} INFO - Started process (PID=425) to work on /home/airflow/.local/lib/python3.12/site-packages/airflow/example_dags/example_sensors.py
[2025-02-04T14:35:22.099+0000] {processor.py:914} INFO - Processing file /home/airflow/.local/lib/python3.12/site-packages/airflow/example_dags/example_sensors.py for tasks to queue
[2025-02-04T14:35:22.104+0000] {logging_mixin.py:190} INFO - [2025-02-04T14:35:22.103+0000] {dagbag.py:588} INFO - Filling up the DagBag from /home/airflow/.local/lib/python3.12/site-packages/airflow/example_dags/example_sensors.py
[2025-02-04T14:35:22.139+0000] {processor.py:925} INFO - DAG(s) 'example_sensors' retrieved from /home/airflow/.local/lib/python3.12/site-packages/airflow/example_dags/example_sensors.py
[2025-02-04T14:35:22.237+0000] {logging_mixin.py:190} INFO - [2025-02-04T14:35:22.237+0000] {dag.py:3239} INFO - Sync 1 DAGs
[2025-02-04T14:35:22.299+0000] {logging_mixin.py:190} INFO - [2025-02-04T14:35:22.299+0000] {dag.py:4180} INFO - Setting next_dagrun for example_sensors to None, run_after=None
[2025-02-04T14:35:22.409+0000] {processor.py:208} INFO - Processing /home/airflow/.local/lib/python3.12/site-packages/airflow/example_dags/example_sensors.py took 0.328 seconds
[2025-02-04T14:35:55.062+0000] {processor.py:186} INFO - Started process (PID=488) to work on /home/airflow/.local/lib/python3.12/site-packages/airflow/example_dags/example_sensors.py
[2025-02-04T14:35:55.064+0000] {processor.py:914} INFO - Processing file /home/airflow/.local/lib/python3.12/site-packages/airflow/example_dags/example_sensors.py for tasks to queue
[2025-02-04T14:35:55.069+0000] {logging_mixin.py:190} INFO - [2025-02-04T14:35:55.068+0000] {dagbag.py:588} INFO - Filling up the DagBag from /home/airflow/.local/lib/python3.12/site-packages/airflow/example_dags/example_sensors.py
[2025-02-04T14:35:55.100+0000] {processor.py:925} INFO - DAG(s) 'example_sensors' retrieved from /home/airflow/.local/lib/python3.12/site-packages/airflow/example_dags/example_sensors.py
[2025-02-04T14:35:55.200+0000] {logging_mixin.py:190} INFO - [2025-02-04T14:35:55.200+0000] {dag.py:3239} INFO - Sync 1 DAGs
[2025-02-04T14:35:55.251+0000] {logging_mixin.py:190} INFO - [2025-02-04T14:35:55.251+0000] {dag.py:4180} INFO - Setting next_dagrun for example_sensors to None, run_after=None
[2025-02-04T14:35:55.326+0000] {processor.py:208} INFO - Processing /home/airflow/.local/lib/python3.12/site-packages/airflow/example_dags/example_sensors.py took 0.279 seconds
[2025-02-04T14:36:42.053+0000] {processor.py:186} INFO - Started process (PID=553) to work on /home/airflow/.local/lib/python3.12/site-packages/airflow/example_dags/example_sensors.py
[2025-02-04T14:36:42.087+0000] {processor.py:914} INFO - Processing file /home/airflow/.local/lib/python3.12/site-packages/airflow/example_dags/example_sensors.py for tasks to queue
[2025-02-04T14:36:42.096+0000] {logging_mixin.py:190} INFO - [2025-02-04T14:36:42.094+0000] {dagbag.py:588} INFO - Filling up the DagBag from /home/airflow/.local/lib/python3.12/site-packages/airflow/example_dags/example_sensors.py
[2025-02-04T14:36:42.143+0000] {processor.py:925} INFO - DAG(s) 'example_sensors' retrieved from /home/airflow/.local/lib/python3.12/site-packages/airflow/example_dags/example_sensors.py
[2025-02-04T14:36:42.381+0000] {logging_mixin.py:190} INFO - [2025-02-04T14:36:42.380+0000] {dag.py:3239} INFO - Sync 1 DAGs
[2025-02-04T14:36:42.507+0000] {logging_mixin.py:190} INFO - [2025-02-04T14:36:42.507+0000] {dag.py:4180} INFO - Setting next_dagrun for example_sensors to None, run_after=None
[2025-02-04T14:36:42.904+0000] {processor.py:208} INFO - Processing /home/airflow/.local/lib/python3.12/site-packages/airflow/example_dags/example_sensors.py took 0.883 seconds
[2025-02-04T14:37:13.559+0000] {processor.py:186} INFO - Started process (PID=618) to work on /home/airflow/.local/lib/python3.12/site-packages/airflow/example_dags/example_sensors.py
[2025-02-04T14:37:13.561+0000] {processor.py:914} INFO - Processing file /home/airflow/.local/lib/python3.12/site-packages/airflow/example_dags/example_sensors.py for tasks to queue
[2025-02-04T14:37:13.570+0000] {logging_mixin.py:190} INFO - [2025-02-04T14:37:13.568+0000] {dagbag.py:588} INFO - Filling up the DagBag from /home/airflow/.local/lib/python3.12/site-packages/airflow/example_dags/example_sensors.py
[2025-02-04T14:37:13.623+0000] {processor.py:925} INFO - DAG(s) 'example_sensors' retrieved from /home/airflow/.local/lib/python3.12/site-packages/airflow/example_dags/example_sensors.py
[2025-02-04T14:37:13.734+0000] {logging_mixin.py:190} INFO - [2025-02-04T14:37:13.733+0000] {dag.py:3239} INFO - Sync 1 DAGs
[2025-02-04T14:37:13.786+0000] {logging_mixin.py:190} INFO - [2025-02-04T14:37:13.785+0000] {dag.py:4180} INFO - Setting next_dagrun for example_sensors to None, run_after=None
[2025-02-04T14:37:13.830+0000] {processor.py:208} INFO - Processing /home/airflow/.local/lib/python3.12/site-packages/airflow/example_dags/example_sensors.py took 0.285 seconds
[2025-02-04T14:37:49.388+0000] {processor.py:186} INFO - Started process (PID=681) to work on /home/airflow/.local/lib/python3.12/site-packages/airflow/example_dags/example_sensors.py
[2025-02-04T14:37:49.395+0000] {processor.py:914} INFO - Processing file /home/airflow/.local/lib/python3.12/site-packages/airflow/example_dags/example_sensors.py for tasks to queue
[2025-02-04T14:37:49.401+0000] {logging_mixin.py:190} INFO - [2025-02-04T14:37:49.401+0000] {dagbag.py:588} INFO - Filling up the DagBag from /home/airflow/.local/lib/python3.12/site-packages/airflow/example_dags/example_sensors.py
[2025-02-04T14:37:49.434+0000] {processor.py:925} INFO - DAG(s) 'example_sensors' retrieved from /home/airflow/.local/lib/python3.12/site-packages/airflow/example_dags/example_sensors.py
[2025-02-04T14:37:49.520+0000] {logging_mixin.py:190} INFO - [2025-02-04T14:37:49.519+0000] {dag.py:3239} INFO - Sync 1 DAGs
[2025-02-04T14:37:49.561+0000] {logging_mixin.py:190} INFO - [2025-02-04T14:37:49.561+0000] {dag.py:4180} INFO - Setting next_dagrun for example_sensors to None, run_after=None
[2025-02-04T14:37:49.620+0000] {processor.py:208} INFO - Processing /home/airflow/.local/lib/python3.12/site-packages/airflow/example_dags/example_sensors.py took 0.249 seconds
[2025-02-04T14:38:20.111+0000] {processor.py:186} INFO - Started process (PID=746) to work on /home/airflow/.local/lib/python3.12/site-packages/airflow/example_dags/example_sensors.py
[2025-02-04T14:38:20.113+0000] {processor.py:914} INFO - Processing file /home/airflow/.local/lib/python3.12/site-packages/airflow/example_dags/example_sensors.py for tasks to queue
[2025-02-04T14:38:20.118+0000] {logging_mixin.py:190} INFO - [2025-02-04T14:38:20.117+0000] {dagbag.py:588} INFO - Filling up the DagBag from /home/airflow/.local/lib/python3.12/site-packages/airflow/example_dags/example_sensors.py
[2025-02-04T14:38:20.144+0000] {processor.py:925} INFO - DAG(s) 'example_sensors' retrieved from /home/airflow/.local/lib/python3.12/site-packages/airflow/example_dags/example_sensors.py
[2025-02-04T14:38:20.203+0000] {logging_mixin.py:190} INFO - [2025-02-04T14:38:20.203+0000] {dag.py:3239} INFO - Sync 1 DAGs
[2025-02-04T14:38:20.236+0000] {logging_mixin.py:190} INFO - [2025-02-04T14:38:20.236+0000] {dag.py:4180} INFO - Setting next_dagrun for example_sensors to None, run_after=None
[2025-02-04T14:38:20.272+0000] {processor.py:208} INFO - Processing /home/airflow/.local/lib/python3.12/site-packages/airflow/example_dags/example_sensors.py took 0.171 seconds
[2025-02-04T14:38:55.172+0000] {processor.py:186} INFO - Started process (PID=814) to work on /home/airflow/.local/lib/python3.12/site-packages/airflow/example_dags/example_sensors.py
[2025-02-04T14:38:55.174+0000] {processor.py:914} INFO - Processing file /home/airflow/.local/lib/python3.12/site-packages/airflow/example_dags/example_sensors.py for tasks to queue
[2025-02-04T14:38:55.181+0000] {logging_mixin.py:190} INFO - [2025-02-04T14:38:55.181+0000] {dagbag.py:588} INFO - Filling up the DagBag from /home/airflow/.local/lib/python3.12/site-packages/airflow/example_dags/example_sensors.py
[2025-02-04T14:38:55.215+0000] {processor.py:925} INFO - DAG(s) 'example_sensors' retrieved from /home/airflow/.local/lib/python3.12/site-packages/airflow/example_dags/example_sensors.py
[2025-02-04T14:38:55.288+0000] {logging_mixin.py:190} INFO - [2025-02-04T14:38:55.288+0000] {dag.py:3239} INFO - Sync 1 DAGs
[2025-02-04T14:38:55.322+0000] {logging_mixin.py:190} INFO - [2025-02-04T14:38:55.321+0000] {dag.py:4180} INFO - Setting next_dagrun for example_sensors to None, run_after=None
[2025-02-04T14:38:55.363+0000] {processor.py:208} INFO - Processing /home/airflow/.local/lib/python3.12/site-packages/airflow/example_dags/example_sensors.py took 0.205 seconds
[2025-02-04T14:39:25.514+0000] {processor.py:186} INFO - Started process (PID=878) to work on /home/airflow/.local/lib/python3.12/site-packages/airflow/example_dags/example_sensors.py
[2025-02-04T14:39:25.516+0000] {processor.py:914} INFO - Processing file /home/airflow/.local/lib/python3.12/site-packages/airflow/example_dags/example_sensors.py for tasks to queue
[2025-02-04T14:39:25.520+0000] {logging_mixin.py:190} INFO - [2025-02-04T14:39:25.519+0000] {dagbag.py:588} INFO - Filling up the DagBag from /home/airflow/.local/lib/python3.12/site-packages/airflow/example_dags/example_sensors.py
[2025-02-04T14:39:25.536+0000] {processor.py:925} INFO - DAG(s) 'example_sensors' retrieved from /home/airflow/.local/lib/python3.12/site-packages/airflow/example_dags/example_sensors.py
[2025-02-04T14:39:25.578+0000] {logging_mixin.py:190} INFO - [2025-02-04T14:39:25.577+0000] {dag.py:3239} INFO - Sync 1 DAGs
[2025-02-04T14:39:25.598+0000] {logging_mixin.py:190} INFO - [2025-02-04T14:39:25.598+0000] {dag.py:4180} INFO - Setting next_dagrun for example_sensors to None, run_after=None
[2025-02-04T14:39:25.627+0000] {processor.py:208} INFO - Processing /home/airflow/.local/lib/python3.12/site-packages/airflow/example_dags/example_sensors.py took 0.122 seconds
[2025-02-04T14:39:56.900+0000] {processor.py:186} INFO - Started process (PID=942) to work on /home/airflow/.local/lib/python3.12/site-packages/airflow/example_dags/example_sensors.py
[2025-02-04T14:39:56.902+0000] {processor.py:914} INFO - Processing file /home/airflow/.local/lib/python3.12/site-packages/airflow/example_dags/example_sensors.py for tasks to queue
[2025-02-04T14:39:56.906+0000] {logging_mixin.py:190} INFO - [2025-02-04T14:39:56.905+0000] {dagbag.py:588} INFO - Filling up the DagBag from /home/airflow/.local/lib/python3.12/site-packages/airflow/example_dags/example_sensors.py
[2025-02-04T14:39:56.926+0000] {processor.py:925} INFO - DAG(s) 'example_sensors' retrieved from /home/airflow/.local/lib/python3.12/site-packages/airflow/example_dags/example_sensors.py
[2025-02-04T14:39:56.977+0000] {logging_mixin.py:190} INFO - [2025-02-04T14:39:56.977+0000] {dag.py:3239} INFO - Sync 1 DAGs
[2025-02-04T14:39:57.000+0000] {logging_mixin.py:190} INFO - [2025-02-04T14:39:57.000+0000] {dag.py:4180} INFO - Setting next_dagrun for example_sensors to None, run_after=None
[2025-02-04T14:39:57.032+0000] {processor.py:208} INFO - Processing /home/airflow/.local/lib/python3.12/site-packages/airflow/example_dags/example_sensors.py took 0.146 seconds
[2025-02-04T14:40:28.091+0000] {processor.py:186} INFO - Started process (PID=1007) to work on /home/airflow/.local/lib/python3.12/site-packages/airflow/example_dags/example_sensors.py
[2025-02-04T14:40:28.093+0000] {processor.py:914} INFO - Processing file /home/airflow/.local/lib/python3.12/site-packages/airflow/example_dags/example_sensors.py for tasks to queue
[2025-02-04T14:40:28.098+0000] {logging_mixin.py:190} INFO - [2025-02-04T14:40:28.097+0000] {dagbag.py:588} INFO - Filling up the DagBag from /home/airflow/.local/lib/python3.12/site-packages/airflow/example_dags/example_sensors.py
[2025-02-04T14:40:28.119+0000] {processor.py:925} INFO - DAG(s) 'example_sensors' retrieved from /home/airflow/.local/lib/python3.12/site-packages/airflow/example_dags/example_sensors.py
[2025-02-04T14:40:28.329+0000] {logging_mixin.py:190} INFO - [2025-02-04T14:40:28.329+0000] {dag.py:3239} INFO - Sync 1 DAGs
[2025-02-04T14:40:28.457+0000] {logging_mixin.py:190} INFO - [2025-02-04T14:40:28.454+0000] {dag.py:4180} INFO - Setting next_dagrun for example_sensors to None, run_after=None
[2025-02-04T14:40:28.582+0000] {processor.py:208} INFO - Processing /home/airflow/.local/lib/python3.12/site-packages/airflow/example_dags/example_sensors.py took 0.504 seconds
[2025-02-04T14:40:59.473+0000] {processor.py:186} INFO - Started process (PID=1071) to work on /home/airflow/.local/lib/python3.12/site-packages/airflow/example_dags/example_sensors.py
[2025-02-04T14:40:59.475+0000] {processor.py:914} INFO - Processing file /home/airflow/.local/lib/python3.12/site-packages/airflow/example_dags/example_sensors.py for tasks to queue
[2025-02-04T14:40:59.480+0000] {logging_mixin.py:190} INFO - [2025-02-04T14:40:59.479+0000] {dagbag.py:588} INFO - Filling up the DagBag from /home/airflow/.local/lib/python3.12/site-packages/airflow/example_dags/example_sensors.py
[2025-02-04T14:40:59.507+0000] {processor.py:925} INFO - DAG(s) 'example_sensors' retrieved from /home/airflow/.local/lib/python3.12/site-packages/airflow/example_dags/example_sensors.py
[2025-02-04T14:40:59.600+0000] {logging_mixin.py:190} INFO - [2025-02-04T14:40:59.599+0000] {dag.py:3239} INFO - Sync 1 DAGs
[2025-02-04T14:40:59.694+0000] {logging_mixin.py:190} INFO - [2025-02-04T14:40:59.694+0000] {dag.py:4180} INFO - Setting next_dagrun for example_sensors to None, run_after=None
[2025-02-04T14:40:59.796+0000] {processor.py:208} INFO - Processing /home/airflow/.local/lib/python3.12/site-packages/airflow/example_dags/example_sensors.py took 0.336 seconds
[2025-02-04T14:41:30.446+0000] {processor.py:186} INFO - Started process (PID=1135) to work on /home/airflow/.local/lib/python3.12/site-packages/airflow/example_dags/example_sensors.py
[2025-02-04T14:41:30.448+0000] {processor.py:914} INFO - Processing file /home/airflow/.local/lib/python3.12/site-packages/airflow/example_dags/example_sensors.py for tasks to queue
[2025-02-04T14:41:30.452+0000] {logging_mixin.py:190} INFO - [2025-02-04T14:41:30.451+0000] {dagbag.py:588} INFO - Filling up the DagBag from /home/airflow/.local/lib/python3.12/site-packages/airflow/example_dags/example_sensors.py
[2025-02-04T14:41:30.472+0000] {processor.py:925} INFO - DAG(s) 'example_sensors' retrieved from /home/airflow/.local/lib/python3.12/site-packages/airflow/example_dags/example_sensors.py
[2025-02-04T14:41:30.524+0000] {logging_mixin.py:190} INFO - [2025-02-04T14:41:30.523+0000] {dag.py:3239} INFO - Sync 1 DAGs
[2025-02-04T14:41:30.553+0000] {logging_mixin.py:190} INFO - [2025-02-04T14:41:30.553+0000] {dag.py:4180} INFO - Setting next_dagrun for example_sensors to None, run_after=None
[2025-02-04T14:41:30.641+0000] {processor.py:208} INFO - Processing /home/airflow/.local/lib/python3.12/site-packages/airflow/example_dags/example_sensors.py took 0.207 seconds
[2025-02-04T14:42:01.461+0000] {processor.py:186} INFO - Started process (PID=1199) to work on /home/airflow/.local/lib/python3.12/site-packages/airflow/example_dags/example_sensors.py
[2025-02-04T14:42:01.463+0000] {processor.py:914} INFO - Processing file /home/airflow/.local/lib/python3.12/site-packages/airflow/example_dags/example_sensors.py for tasks to queue
[2025-02-04T14:42:01.471+0000] {logging_mixin.py:190} INFO - [2025-02-04T14:42:01.470+0000] {dagbag.py:588} INFO - Filling up the DagBag from /home/airflow/.local/lib/python3.12/site-packages/airflow/example_dags/example_sensors.py
[2025-02-04T14:42:01.504+0000] {processor.py:925} INFO - DAG(s) 'example_sensors' retrieved from /home/airflow/.local/lib/python3.12/site-packages/airflow/example_dags/example_sensors.py
[2025-02-04T14:42:01.576+0000] {logging_mixin.py:190} INFO - [2025-02-04T14:42:01.576+0000] {dag.py:3239} INFO - Sync 1 DAGs
[2025-02-04T14:42:01.706+0000] {logging_mixin.py:190} INFO - [2025-02-04T14:42:01.705+0000] {dag.py:4180} INFO - Setting next_dagrun for example_sensors to None, run_after=None
[2025-02-04T14:42:01.796+0000] {processor.py:208} INFO - Processing /home/airflow/.local/lib/python3.12/site-packages/airflow/example_dags/example_sensors.py took 0.352 seconds
[2025-02-04T14:42:32.087+0000] {processor.py:186} INFO - Started process (PID=1262) to work on /home/airflow/.local/lib/python3.12/site-packages/airflow/example_dags/example_sensors.py
[2025-02-04T14:42:32.088+0000] {processor.py:914} INFO - Processing file /home/airflow/.local/lib/python3.12/site-packages/airflow/example_dags/example_sensors.py for tasks to queue
[2025-02-04T14:42:32.092+0000] {logging_mixin.py:190} INFO - [2025-02-04T14:42:32.091+0000] {dagbag.py:588} INFO - Filling up the DagBag from /home/airflow/.local/lib/python3.12/site-packages/airflow/example_dags/example_sensors.py
[2025-02-04T14:42:32.109+0000] {processor.py:925} INFO - DAG(s) 'example_sensors' retrieved from /home/airflow/.local/lib/python3.12/site-packages/airflow/example_dags/example_sensors.py
[2025-02-04T14:42:32.155+0000] {logging_mixin.py:190} INFO - [2025-02-04T14:42:32.155+0000] {dag.py:3239} INFO - Sync 1 DAGs
[2025-02-04T14:42:32.176+0000] {logging_mixin.py:190} INFO - [2025-02-04T14:42:32.176+0000] {dag.py:4180} INFO - Setting next_dagrun for example_sensors to None, run_after=None
[2025-02-04T14:42:32.210+0000] {processor.py:208} INFO - Processing /home/airflow/.local/lib/python3.12/site-packages/airflow/example_dags/example_sensors.py took 0.135 seconds
[2025-02-04T14:43:02.436+0000] {processor.py:186} INFO - Started process (PID=1326) to work on /home/airflow/.local/lib/python3.12/site-packages/airflow/example_dags/example_sensors.py
[2025-02-04T14:43:02.438+0000] {processor.py:914} INFO - Processing file /home/airflow/.local/lib/python3.12/site-packages/airflow/example_dags/example_sensors.py for tasks to queue
[2025-02-04T14:43:02.442+0000] {logging_mixin.py:190} INFO - [2025-02-04T14:43:02.441+0000] {dagbag.py:588} INFO - Filling up the DagBag from /home/airflow/.local/lib/python3.12/site-packages/airflow/example_dags/example_sensors.py
[2025-02-04T14:43:02.458+0000] {processor.py:925} INFO - DAG(s) 'example_sensors' retrieved from /home/airflow/.local/lib/python3.12/site-packages/airflow/example_dags/example_sensors.py
[2025-02-04T14:43:02.510+0000] {logging_mixin.py:190} INFO - [2025-02-04T14:43:02.509+0000] {dag.py:3239} INFO - Sync 1 DAGs
[2025-02-04T14:43:02.540+0000] {logging_mixin.py:190} INFO - [2025-02-04T14:43:02.540+0000] {dag.py:4180} INFO - Setting next_dagrun for example_sensors to None, run_after=None
[2025-02-04T14:43:02.568+0000] {processor.py:208} INFO - Processing /home/airflow/.local/lib/python3.12/site-packages/airflow/example_dags/example_sensors.py took 0.142 seconds
[2025-02-04T14:43:32.948+0000] {processor.py:186} INFO - Started process (PID=1390) to work on /home/airflow/.local/lib/python3.12/site-packages/airflow/example_dags/example_sensors.py
[2025-02-04T14:43:32.950+0000] {processor.py:914} INFO - Processing file /home/airflow/.local/lib/python3.12/site-packages/airflow/example_dags/example_sensors.py for tasks to queue
[2025-02-04T14:43:32.955+0000] {logging_mixin.py:190} INFO - [2025-02-04T14:43:32.955+0000] {dagbag.py:588} INFO - Filling up the DagBag from /home/airflow/.local/lib/python3.12/site-packages/airflow/example_dags/example_sensors.py
[2025-02-04T14:43:32.985+0000] {processor.py:925} INFO - DAG(s) 'example_sensors' retrieved from /home/airflow/.local/lib/python3.12/site-packages/airflow/example_dags/example_sensors.py
[2025-02-04T14:43:33.050+0000] {logging_mixin.py:190} INFO - [2025-02-04T14:43:33.050+0000] {dag.py:3239} INFO - Sync 1 DAGs
[2025-02-04T14:43:33.082+0000] {logging_mixin.py:190} INFO - [2025-02-04T14:43:33.082+0000] {dag.py:4180} INFO - Setting next_dagrun for example_sensors to None, run_after=None
[2025-02-04T14:43:33.142+0000] {processor.py:208} INFO - Processing /home/airflow/.local/lib/python3.12/site-packages/airflow/example_dags/example_sensors.py took 0.208 seconds
[2025-02-04T14:44:03.348+0000] {processor.py:186} INFO - Started process (PID=1454) to work on /home/airflow/.local/lib/python3.12/site-packages/airflow/example_dags/example_sensors.py
[2025-02-04T14:44:03.350+0000] {processor.py:914} INFO - Processing file /home/airflow/.local/lib/python3.12/site-packages/airflow/example_dags/example_sensors.py for tasks to queue
[2025-02-04T14:44:03.354+0000] {logging_mixin.py:190} INFO - [2025-02-04T14:44:03.353+0000] {dagbag.py:588} INFO - Filling up the DagBag from /home/airflow/.local/lib/python3.12/site-packages/airflow/example_dags/example_sensors.py
[2025-02-04T14:44:03.370+0000] {processor.py:925} INFO - DAG(s) 'example_sensors' retrieved from /home/airflow/.local/lib/python3.12/site-packages/airflow/example_dags/example_sensors.py
[2025-02-04T14:44:03.411+0000] {logging_mixin.py:190} INFO - [2025-02-04T14:44:03.411+0000] {dag.py:3239} INFO - Sync 1 DAGs
[2025-02-04T14:44:03.435+0000] {logging_mixin.py:190} INFO - [2025-02-04T14:44:03.435+0000] {dag.py:4180} INFO - Setting next_dagrun for example_sensors to None, run_after=None
[2025-02-04T14:44:03.473+0000] {processor.py:208} INFO - Processing /home/airflow/.local/lib/python3.12/site-packages/airflow/example_dags/example_sensors.py took 0.134 seconds
[2025-02-04T14:44:34.021+0000] {processor.py:186} INFO - Started process (PID=1518) to work on /home/airflow/.local/lib/python3.12/site-packages/airflow/example_dags/example_sensors.py
[2025-02-04T14:44:34.023+0000] {processor.py:914} INFO - Processing file /home/airflow/.local/lib/python3.12/site-packages/airflow/example_dags/example_sensors.py for tasks to queue
[2025-02-04T14:44:34.027+0000] {logging_mixin.py:190} INFO - [2025-02-04T14:44:34.026+0000] {dagbag.py:588} INFO - Filling up the DagBag from /home/airflow/.local/lib/python3.12/site-packages/airflow/example_dags/example_sensors.py
[2025-02-04T14:44:34.050+0000] {processor.py:925} INFO - DAG(s) 'example_sensors' retrieved from /home/airflow/.local/lib/python3.12/site-packages/airflow/example_dags/example_sensors.py
[2025-02-04T14:44:34.095+0000] {logging_mixin.py:190} INFO - [2025-02-04T14:44:34.094+0000] {dag.py:3239} INFO - Sync 1 DAGs
[2025-02-04T14:44:34.122+0000] {logging_mixin.py:190} INFO - [2025-02-04T14:44:34.122+0000] {dag.py:4180} INFO - Setting next_dagrun for example_sensors to None, run_after=None
[2025-02-04T14:44:34.162+0000] {processor.py:208} INFO - Processing /home/airflow/.local/lib/python3.12/site-packages/airflow/example_dags/example_sensors.py took 0.152 seconds
[2025-02-04T14:45:05.063+0000] {processor.py:186} INFO - Started process (PID=1582) to work on /home/airflow/.local/lib/python3.12/site-packages/airflow/example_dags/example_sensors.py
[2025-02-04T14:45:05.065+0000] {processor.py:914} INFO - Processing file /home/airflow/.local/lib/python3.12/site-packages/airflow/example_dags/example_sensors.py for tasks to queue
[2025-02-04T14:45:05.070+0000] {logging_mixin.py:190} INFO - [2025-02-04T14:45:05.069+0000] {dagbag.py:588} INFO - Filling up the DagBag from /home/airflow/.local/lib/python3.12/site-packages/airflow/example_dags/example_sensors.py
[2025-02-04T14:45:05.108+0000] {processor.py:925} INFO - DAG(s) 'example_sensors' retrieved from /home/airflow/.local/lib/python3.12/site-packages/airflow/example_dags/example_sensors.py
[2025-02-04T14:45:05.167+0000] {logging_mixin.py:190} INFO - [2025-02-04T14:45:05.167+0000] {dag.py:3239} INFO - Sync 1 DAGs
[2025-02-04T14:45:05.198+0000] {logging_mixin.py:190} INFO - [2025-02-04T14:45:05.198+0000] {dag.py:4180} INFO - Setting next_dagrun for example_sensors to None, run_after=None
[2025-02-04T14:45:05.235+0000] {processor.py:208} INFO - Processing /home/airflow/.local/lib/python3.12/site-packages/airflow/example_dags/example_sensors.py took 0.183 seconds
[2025-02-04T14:45:35.959+0000] {processor.py:186} INFO - Started process (PID=1646) to work on /home/airflow/.local/lib/python3.12/site-packages/airflow/example_dags/example_sensors.py
[2025-02-04T14:45:35.962+0000] {processor.py:914} INFO - Processing file /home/airflow/.local/lib/python3.12/site-packages/airflow/example_dags/example_sensors.py for tasks to queue
[2025-02-04T14:45:35.968+0000] {logging_mixin.py:190} INFO - [2025-02-04T14:45:35.967+0000] {dagbag.py:588} INFO - Filling up the DagBag from /home/airflow/.local/lib/python3.12/site-packages/airflow/example_dags/example_sensors.py
[2025-02-04T14:45:35.996+0000] {processor.py:925} INFO - DAG(s) 'example_sensors' retrieved from /home/airflow/.local/lib/python3.12/site-packages/airflow/example_dags/example_sensors.py
[2025-02-04T14:45:36.067+0000] {logging_mixin.py:190} INFO - [2025-02-04T14:45:36.066+0000] {dag.py:3239} INFO - Sync 1 DAGs
[2025-02-04T14:45:36.106+0000] {logging_mixin.py:190} INFO - [2025-02-04T14:45:36.105+0000] {dag.py:4180} INFO - Setting next_dagrun for example_sensors to None, run_after=None
[2025-02-04T14:45:36.160+0000] {processor.py:208} INFO - Processing /home/airflow/.local/lib/python3.12/site-packages/airflow/example_dags/example_sensors.py took 0.215 seconds
[2025-02-04T14:46:07.172+0000] {processor.py:186} INFO - Started process (PID=1710) to work on /home/airflow/.local/lib/python3.12/site-packages/airflow/example_dags/example_sensors.py
[2025-02-04T14:46:07.175+0000] {processor.py:914} INFO - Processing file /home/airflow/.local/lib/python3.12/site-packages/airflow/example_dags/example_sensors.py for tasks to queue
[2025-02-04T14:46:07.183+0000] {logging_mixin.py:190} INFO - [2025-02-04T14:46:07.182+0000] {dagbag.py:588} INFO - Filling up the DagBag from /home/airflow/.local/lib/python3.12/site-packages/airflow/example_dags/example_sensors.py
[2025-02-04T14:46:07.217+0000] {processor.py:925} INFO - DAG(s) 'example_sensors' retrieved from /home/airflow/.local/lib/python3.12/site-packages/airflow/example_dags/example_sensors.py
[2025-02-04T14:46:07.387+0000] {logging_mixin.py:190} INFO - [2025-02-04T14:46:07.383+0000] {dag.py:3239} INFO - Sync 1 DAGs
[2025-02-04T14:46:07.428+0000] {logging_mixin.py:190} INFO - [2025-02-04T14:46:07.427+0000] {dag.py:4180} INFO - Setting next_dagrun for example_sensors to None, run_after=None
[2025-02-04T14:46:07.471+0000] {processor.py:208} INFO - Processing /home/airflow/.local/lib/python3.12/site-packages/airflow/example_dags/example_sensors.py took 0.311 seconds
[2025-02-04T14:49:12.440+0000] {processor.py:186} INFO - Started process (PID=89) to work on /home/airflow/.local/lib/python3.12/site-packages/airflow/example_dags/example_sensors.py
[2025-02-04T14:49:12.459+0000] {processor.py:914} INFO - Processing file /home/airflow/.local/lib/python3.12/site-packages/airflow/example_dags/example_sensors.py for tasks to queue
[2025-02-04T14:49:12.475+0000] {logging_mixin.py:190} INFO - [2025-02-04T14:49:12.474+0000] {dagbag.py:588} INFO - Filling up the DagBag from /home/airflow/.local/lib/python3.12/site-packages/airflow/example_dags/example_sensors.py
[2025-02-04T14:49:12.621+0000] {processor.py:925} INFO - DAG(s) 'example_sensors' retrieved from /home/airflow/.local/lib/python3.12/site-packages/airflow/example_dags/example_sensors.py
[2025-02-04T14:49:12.702+0000] {logging_mixin.py:190} INFO - [2025-02-04T14:49:12.702+0000] {dag.py:3239} INFO - Sync 1 DAGs
[2025-02-04T14:49:12.761+0000] {logging_mixin.py:190} INFO - [2025-02-04T14:49:12.760+0000] {dag.py:4180} INFO - Setting next_dagrun for example_sensors to None, run_after=None
[2025-02-04T14:49:12.817+0000] {processor.py:208} INFO - Processing /home/airflow/.local/lib/python3.12/site-packages/airflow/example_dags/example_sensors.py took 0.439 seconds
[2025-02-04T14:49:52.074+0000] {processor.py:186} INFO - Started process (PID=153) to work on /home/airflow/.local/lib/python3.12/site-packages/airflow/example_dags/example_sensors.py
[2025-02-04T14:49:52.076+0000] {processor.py:914} INFO - Processing file /home/airflow/.local/lib/python3.12/site-packages/airflow/example_dags/example_sensors.py for tasks to queue
[2025-02-04T14:49:52.082+0000] {logging_mixin.py:190} INFO - [2025-02-04T14:49:52.081+0000] {dagbag.py:588} INFO - Filling up the DagBag from /home/airflow/.local/lib/python3.12/site-packages/airflow/example_dags/example_sensors.py
[2025-02-04T14:49:52.116+0000] {processor.py:925} INFO - DAG(s) 'example_sensors' retrieved from /home/airflow/.local/lib/python3.12/site-packages/airflow/example_dags/example_sensors.py
[2025-02-04T14:49:52.181+0000] {logging_mixin.py:190} INFO - [2025-02-04T14:49:52.180+0000] {dag.py:3239} INFO - Sync 1 DAGs
[2025-02-04T14:49:52.215+0000] {logging_mixin.py:190} INFO - [2025-02-04T14:49:52.214+0000] {dag.py:4180} INFO - Setting next_dagrun for example_sensors to None, run_after=None
[2025-02-04T14:49:52.255+0000] {processor.py:208} INFO - Processing /home/airflow/.local/lib/python3.12/site-packages/airflow/example_dags/example_sensors.py took 0.192 seconds
[2025-02-04T14:50:25.851+0000] {processor.py:186} INFO - Started process (PID=218) to work on /home/airflow/.local/lib/python3.12/site-packages/airflow/example_dags/example_sensors.py
[2025-02-04T14:50:25.852+0000] {processor.py:914} INFO - Processing file /home/airflow/.local/lib/python3.12/site-packages/airflow/example_dags/example_sensors.py for tasks to queue
[2025-02-04T14:50:25.856+0000] {logging_mixin.py:190} INFO - [2025-02-04T14:50:25.856+0000] {dagbag.py:588} INFO - Filling up the DagBag from /home/airflow/.local/lib/python3.12/site-packages/airflow/example_dags/example_sensors.py
[2025-02-04T14:50:25.876+0000] {processor.py:925} INFO - DAG(s) 'example_sensors' retrieved from /home/airflow/.local/lib/python3.12/site-packages/airflow/example_dags/example_sensors.py
[2025-02-04T14:50:25.925+0000] {logging_mixin.py:190} INFO - [2025-02-04T14:50:25.925+0000] {dag.py:3239} INFO - Sync 1 DAGs
[2025-02-04T14:50:25.948+0000] {logging_mixin.py:190} INFO - [2025-02-04T14:50:25.948+0000] {dag.py:4180} INFO - Setting next_dagrun for example_sensors to None, run_after=None
[2025-02-04T14:50:25.980+0000] {processor.py:208} INFO - Processing /home/airflow/.local/lib/python3.12/site-packages/airflow/example_dags/example_sensors.py took 0.138 seconds
[2025-02-04T14:51:00.291+0000] {processor.py:186} INFO - Started process (PID=288) to work on /home/airflow/.local/lib/python3.12/site-packages/airflow/example_dags/example_sensors.py
[2025-02-04T14:51:00.294+0000] {processor.py:914} INFO - Processing file /home/airflow/.local/lib/python3.12/site-packages/airflow/example_dags/example_sensors.py for tasks to queue
[2025-02-04T14:51:00.299+0000] {logging_mixin.py:190} INFO - [2025-02-04T14:51:00.298+0000] {dagbag.py:588} INFO - Filling up the DagBag from /home/airflow/.local/lib/python3.12/site-packages/airflow/example_dags/example_sensors.py
[2025-02-04T14:51:00.336+0000] {processor.py:925} INFO - DAG(s) 'example_sensors' retrieved from /home/airflow/.local/lib/python3.12/site-packages/airflow/example_dags/example_sensors.py
[2025-02-04T14:51:00.469+0000] {logging_mixin.py:190} INFO - [2025-02-04T14:51:00.468+0000] {dag.py:3239} INFO - Sync 1 DAGs
[2025-02-04T14:51:00.509+0000] {logging_mixin.py:190} INFO - [2025-02-04T14:51:00.509+0000] {dag.py:4180} INFO - Setting next_dagrun for example_sensors to None, run_after=None
[2025-02-04T14:51:00.554+0000] {processor.py:208} INFO - Processing /home/airflow/.local/lib/python3.12/site-packages/airflow/example_dags/example_sensors.py took 0.277 seconds
[2025-02-04T14:51:32.802+0000] {processor.py:186} INFO - Started process (PID=351) to work on /home/airflow/.local/lib/python3.12/site-packages/airflow/example_dags/example_sensors.py
[2025-02-04T14:51:32.804+0000] {processor.py:914} INFO - Processing file /home/airflow/.local/lib/python3.12/site-packages/airflow/example_dags/example_sensors.py for tasks to queue
[2025-02-04T14:51:32.809+0000] {logging_mixin.py:190} INFO - [2025-02-04T14:51:32.809+0000] {dagbag.py:588} INFO - Filling up the DagBag from /home/airflow/.local/lib/python3.12/site-packages/airflow/example_dags/example_sensors.py
[2025-02-04T14:51:32.843+0000] {processor.py:925} INFO - DAG(s) 'example_sensors' retrieved from /home/airflow/.local/lib/python3.12/site-packages/airflow/example_dags/example_sensors.py
[2025-02-04T14:51:32.901+0000] {logging_mixin.py:190} INFO - [2025-02-04T14:51:32.901+0000] {dag.py:3239} INFO - Sync 1 DAGs
[2025-02-04T14:51:32.937+0000] {logging_mixin.py:190} INFO - [2025-02-04T14:51:32.937+0000] {dag.py:4180} INFO - Setting next_dagrun for example_sensors to None, run_after=None
[2025-02-04T14:51:32.975+0000] {processor.py:208} INFO - Processing /home/airflow/.local/lib/python3.12/site-packages/airflow/example_dags/example_sensors.py took 0.198 seconds
[2025-02-04T14:52:28.230+0000] {processor.py:186} INFO - Started process (PID=415) to work on /home/airflow/.local/lib/python3.12/site-packages/airflow/example_dags/example_sensors.py
[2025-02-04T14:52:28.244+0000] {processor.py:914} INFO - Processing file /home/airflow/.local/lib/python3.12/site-packages/airflow/example_dags/example_sensors.py for tasks to queue
[2025-02-04T14:52:28.267+0000] {logging_mixin.py:190} INFO - [2025-02-04T14:52:28.266+0000] {dagbag.py:588} INFO - Filling up the DagBag from /home/airflow/.local/lib/python3.12/site-packages/airflow/example_dags/example_sensors.py
[2025-02-04T14:52:28.427+0000] {processor.py:925} INFO - DAG(s) 'example_sensors' retrieved from /home/airflow/.local/lib/python3.12/site-packages/airflow/example_dags/example_sensors.py
[2025-02-04T14:52:28.700+0000] {logging_mixin.py:190} INFO - [2025-02-04T14:52:28.700+0000] {dag.py:3239} INFO - Sync 1 DAGs
[2025-02-04T14:52:28.855+0000] {logging_mixin.py:190} INFO - [2025-02-04T14:52:28.855+0000] {dag.py:4180} INFO - Setting next_dagrun for example_sensors to None, run_after=None
[2025-02-04T14:52:29.043+0000] {processor.py:208} INFO - Processing /home/airflow/.local/lib/python3.12/site-packages/airflow/example_dags/example_sensors.py took 0.889 seconds
[2025-02-04T14:52:59.351+0000] {processor.py:186} INFO - Started process (PID=483) to work on /home/airflow/.local/lib/python3.12/site-packages/airflow/example_dags/example_sensors.py
[2025-02-04T14:52:59.353+0000] {processor.py:914} INFO - Processing file /home/airflow/.local/lib/python3.12/site-packages/airflow/example_dags/example_sensors.py for tasks to queue
[2025-02-04T14:52:59.357+0000] {logging_mixin.py:190} INFO - [2025-02-04T14:52:59.357+0000] {dagbag.py:588} INFO - Filling up the DagBag from /home/airflow/.local/lib/python3.12/site-packages/airflow/example_dags/example_sensors.py
[2025-02-04T14:52:59.381+0000] {processor.py:925} INFO - DAG(s) 'example_sensors' retrieved from /home/airflow/.local/lib/python3.12/site-packages/airflow/example_dags/example_sensors.py
[2025-02-04T14:52:59.422+0000] {logging_mixin.py:190} INFO - [2025-02-04T14:52:59.421+0000] {dag.py:3239} INFO - Sync 1 DAGs
[2025-02-04T14:52:59.443+0000] {logging_mixin.py:190} INFO - [2025-02-04T14:52:59.442+0000] {dag.py:4180} INFO - Setting next_dagrun for example_sensors to None, run_after=None
[2025-02-04T14:52:59.485+0000] {processor.py:208} INFO - Processing /home/airflow/.local/lib/python3.12/site-packages/airflow/example_dags/example_sensors.py took 0.145 seconds
[2025-02-04T14:53:30.219+0000] {processor.py:186} INFO - Started process (PID=549) to work on /home/airflow/.local/lib/python3.12/site-packages/airflow/example_dags/example_sensors.py
[2025-02-04T14:53:30.226+0000] {processor.py:914} INFO - Processing file /home/airflow/.local/lib/python3.12/site-packages/airflow/example_dags/example_sensors.py for tasks to queue
[2025-02-04T14:53:30.232+0000] {logging_mixin.py:190} INFO - [2025-02-04T14:53:30.232+0000] {dagbag.py:588} INFO - Filling up the DagBag from /home/airflow/.local/lib/python3.12/site-packages/airflow/example_dags/example_sensors.py
[2025-02-04T14:53:30.262+0000] {processor.py:925} INFO - DAG(s) 'example_sensors' retrieved from /home/airflow/.local/lib/python3.12/site-packages/airflow/example_dags/example_sensors.py
[2025-02-04T14:53:30.323+0000] {logging_mixin.py:190} INFO - [2025-02-04T14:53:30.323+0000] {dag.py:3239} INFO - Sync 1 DAGs
[2025-02-04T14:53:30.354+0000] {logging_mixin.py:190} INFO - [2025-02-04T14:53:30.354+0000] {dag.py:4180} INFO - Setting next_dagrun for example_sensors to None, run_after=None
[2025-02-04T14:53:30.394+0000] {processor.py:208} INFO - Processing /home/airflow/.local/lib/python3.12/site-packages/airflow/example_dags/example_sensors.py took 0.189 seconds
[2025-02-04T14:54:00.855+0000] {processor.py:186} INFO - Started process (PID=617) to work on /home/airflow/.local/lib/python3.12/site-packages/airflow/example_dags/example_sensors.py
[2025-02-04T14:54:00.857+0000] {processor.py:914} INFO - Processing file /home/airflow/.local/lib/python3.12/site-packages/airflow/example_dags/example_sensors.py for tasks to queue
[2025-02-04T14:54:00.864+0000] {logging_mixin.py:190} INFO - [2025-02-04T14:54:00.863+0000] {dagbag.py:588} INFO - Filling up the DagBag from /home/airflow/.local/lib/python3.12/site-packages/airflow/example_dags/example_sensors.py
[2025-02-04T14:54:00.886+0000] {processor.py:925} INFO - DAG(s) 'example_sensors' retrieved from /home/airflow/.local/lib/python3.12/site-packages/airflow/example_dags/example_sensors.py
[2025-02-04T14:54:00.934+0000] {logging_mixin.py:190} INFO - [2025-02-04T14:54:00.933+0000] {dag.py:3239} INFO - Sync 1 DAGs
[2025-02-04T14:54:00.959+0000] {logging_mixin.py:190} INFO - [2025-02-04T14:54:00.959+0000] {dag.py:4180} INFO - Setting next_dagrun for example_sensors to None, run_after=None
[2025-02-04T14:54:00.993+0000] {processor.py:208} INFO - Processing /home/airflow/.local/lib/python3.12/site-packages/airflow/example_dags/example_sensors.py took 0.151 seconds
[2025-02-04T14:54:31.117+0000] {processor.py:186} INFO - Started process (PID=684) to work on /home/airflow/.local/lib/python3.12/site-packages/airflow/example_dags/example_sensors.py
[2025-02-04T14:54:31.155+0000] {processor.py:914} INFO - Processing file /home/airflow/.local/lib/python3.12/site-packages/airflow/example_dags/example_sensors.py for tasks to queue
[2025-02-04T14:54:31.182+0000] {logging_mixin.py:190} INFO - [2025-02-04T14:54:31.181+0000] {dagbag.py:588} INFO - Filling up the DagBag from /home/airflow/.local/lib/python3.12/site-packages/airflow/example_dags/example_sensors.py
[2025-02-04T14:54:31.219+0000] {processor.py:925} INFO - DAG(s) 'example_sensors' retrieved from /home/airflow/.local/lib/python3.12/site-packages/airflow/example_dags/example_sensors.py
[2025-02-04T14:54:31.296+0000] {logging_mixin.py:190} INFO - [2025-02-04T14:54:31.295+0000] {dag.py:3239} INFO - Sync 1 DAGs
[2025-02-04T14:54:31.352+0000] {logging_mixin.py:190} INFO - [2025-02-04T14:54:31.352+0000] {dag.py:4180} INFO - Setting next_dagrun for example_sensors to None, run_after=None
[2025-02-04T14:54:31.397+0000] {processor.py:208} INFO - Processing /home/airflow/.local/lib/python3.12/site-packages/airflow/example_dags/example_sensors.py took 0.302 seconds
[2025-02-04T14:55:02.067+0000] {processor.py:186} INFO - Started process (PID=750) to work on /home/airflow/.local/lib/python3.12/site-packages/airflow/example_dags/example_sensors.py
[2025-02-04T14:55:02.069+0000] {processor.py:914} INFO - Processing file /home/airflow/.local/lib/python3.12/site-packages/airflow/example_dags/example_sensors.py for tasks to queue
[2025-02-04T14:55:02.075+0000] {logging_mixin.py:190} INFO - [2025-02-04T14:55:02.074+0000] {dagbag.py:588} INFO - Filling up the DagBag from /home/airflow/.local/lib/python3.12/site-packages/airflow/example_dags/example_sensors.py
[2025-02-04T14:55:02.119+0000] {processor.py:925} INFO - DAG(s) 'example_sensors' retrieved from /home/airflow/.local/lib/python3.12/site-packages/airflow/example_dags/example_sensors.py
[2025-02-04T14:55:02.197+0000] {logging_mixin.py:190} INFO - [2025-02-04T14:55:02.197+0000] {dag.py:3239} INFO - Sync 1 DAGs
[2025-02-04T14:55:02.354+0000] {logging_mixin.py:190} INFO - [2025-02-04T14:55:02.353+0000] {dag.py:4180} INFO - Setting next_dagrun for example_sensors to None, run_after=None
[2025-02-04T14:55:02.782+0000] {processor.py:208} INFO - Processing /home/airflow/.local/lib/python3.12/site-packages/airflow/example_dags/example_sensors.py took 0.731 seconds
[2025-02-04T14:55:32.919+0000] {processor.py:186} INFO - Started process (PID=818) to work on /home/airflow/.local/lib/python3.12/site-packages/airflow/example_dags/example_sensors.py
[2025-02-04T14:55:32.921+0000] {processor.py:914} INFO - Processing file /home/airflow/.local/lib/python3.12/site-packages/airflow/example_dags/example_sensors.py for tasks to queue
[2025-02-04T14:55:32.925+0000] {logging_mixin.py:190} INFO - [2025-02-04T14:55:32.925+0000] {dagbag.py:588} INFO - Filling up the DagBag from /home/airflow/.local/lib/python3.12/site-packages/airflow/example_dags/example_sensors.py
[2025-02-04T14:55:32.947+0000] {processor.py:925} INFO - DAG(s) 'example_sensors' retrieved from /home/airflow/.local/lib/python3.12/site-packages/airflow/example_dags/example_sensors.py
[2025-02-04T14:55:33.060+0000] {logging_mixin.py:190} INFO - [2025-02-04T14:55:33.059+0000] {dag.py:3239} INFO - Sync 1 DAGs
[2025-02-04T14:55:33.092+0000] {logging_mixin.py:190} INFO - [2025-02-04T14:55:33.092+0000] {dag.py:4180} INFO - Setting next_dagrun for example_sensors to None, run_after=None
[2025-02-04T14:55:33.135+0000] {processor.py:208} INFO - Processing /home/airflow/.local/lib/python3.12/site-packages/airflow/example_dags/example_sensors.py took 0.228 seconds
[2025-02-04T14:56:16.917+0000] {processor.py:186} INFO - Started process (PID=888) to work on /home/airflow/.local/lib/python3.12/site-packages/airflow/example_dags/example_sensors.py
[2025-02-04T14:56:16.920+0000] {processor.py:914} INFO - Processing file /home/airflow/.local/lib/python3.12/site-packages/airflow/example_dags/example_sensors.py for tasks to queue
[2025-02-04T14:56:16.925+0000] {logging_mixin.py:190} INFO - [2025-02-04T14:56:16.925+0000] {dagbag.py:588} INFO - Filling up the DagBag from /home/airflow/.local/lib/python3.12/site-packages/airflow/example_dags/example_sensors.py
[2025-02-04T14:56:16.952+0000] {processor.py:925} INFO - DAG(s) 'example_sensors' retrieved from /home/airflow/.local/lib/python3.12/site-packages/airflow/example_dags/example_sensors.py
[2025-02-04T14:56:17.045+0000] {logging_mixin.py:190} INFO - [2025-02-04T14:56:17.045+0000] {dag.py:3239} INFO - Sync 1 DAGs
[2025-02-04T14:56:17.103+0000] {logging_mixin.py:190} INFO - [2025-02-04T14:56:17.102+0000] {dag.py:4180} INFO - Setting next_dagrun for example_sensors to None, run_after=None
[2025-02-04T14:56:17.164+0000] {processor.py:208} INFO - Processing /home/airflow/.local/lib/python3.12/site-packages/airflow/example_dags/example_sensors.py took 0.261 seconds
[2025-02-04T14:56:51.451+0000] {processor.py:186} INFO - Started process (PID=952) to work on /home/airflow/.local/lib/python3.12/site-packages/airflow/example_dags/example_sensors.py
[2025-02-04T14:56:51.456+0000] {processor.py:914} INFO - Processing file /home/airflow/.local/lib/python3.12/site-packages/airflow/example_dags/example_sensors.py for tasks to queue
[2025-02-04T14:56:51.462+0000] {logging_mixin.py:190} INFO - [2025-02-04T14:56:51.461+0000] {dagbag.py:588} INFO - Filling up the DagBag from /home/airflow/.local/lib/python3.12/site-packages/airflow/example_dags/example_sensors.py
[2025-02-04T14:56:51.504+0000] {processor.py:925} INFO - DAG(s) 'example_sensors' retrieved from /home/airflow/.local/lib/python3.12/site-packages/airflow/example_dags/example_sensors.py
[2025-02-04T14:56:51.621+0000] {logging_mixin.py:190} INFO - [2025-02-04T14:56:51.620+0000] {dag.py:3239} INFO - Sync 1 DAGs
[2025-02-04T14:56:51.676+0000] {logging_mixin.py:190} INFO - [2025-02-04T14:56:51.676+0000] {dag.py:4180} INFO - Setting next_dagrun for example_sensors to None, run_after=None
[2025-02-04T14:56:51.716+0000] {processor.py:208} INFO - Processing /home/airflow/.local/lib/python3.12/site-packages/airflow/example_dags/example_sensors.py took 0.285 seconds
[2025-02-04T14:57:22.608+0000] {processor.py:186} INFO - Started process (PID=1016) to work on /home/airflow/.local/lib/python3.12/site-packages/airflow/example_dags/example_sensors.py
[2025-02-04T14:57:22.610+0000] {processor.py:914} INFO - Processing file /home/airflow/.local/lib/python3.12/site-packages/airflow/example_dags/example_sensors.py for tasks to queue
[2025-02-04T14:57:22.614+0000] {logging_mixin.py:190} INFO - [2025-02-04T14:57:22.613+0000] {dagbag.py:588} INFO - Filling up the DagBag from /home/airflow/.local/lib/python3.12/site-packages/airflow/example_dags/example_sensors.py
[2025-02-04T14:57:22.633+0000] {processor.py:925} INFO - DAG(s) 'example_sensors' retrieved from /home/airflow/.local/lib/python3.12/site-packages/airflow/example_dags/example_sensors.py
[2025-02-04T14:57:22.683+0000] {logging_mixin.py:190} INFO - [2025-02-04T14:57:22.682+0000] {dag.py:3239} INFO - Sync 1 DAGs
[2025-02-04T14:57:22.712+0000] {logging_mixin.py:190} INFO - [2025-02-04T14:57:22.711+0000] {dag.py:4180} INFO - Setting next_dagrun for example_sensors to None, run_after=None
[2025-02-04T14:57:22.744+0000] {processor.py:208} INFO - Processing /home/airflow/.local/lib/python3.12/site-packages/airflow/example_dags/example_sensors.py took 0.147 seconds
[2025-02-04T14:57:55.394+0000] {processor.py:186} INFO - Started process (PID=1082) to work on /home/airflow/.local/lib/python3.12/site-packages/airflow/example_dags/example_sensors.py
[2025-02-04T14:57:55.396+0000] {processor.py:914} INFO - Processing file /home/airflow/.local/lib/python3.12/site-packages/airflow/example_dags/example_sensors.py for tasks to queue
[2025-02-04T14:57:55.400+0000] {logging_mixin.py:190} INFO - [2025-02-04T14:57:55.399+0000] {dagbag.py:588} INFO - Filling up the DagBag from /home/airflow/.local/lib/python3.12/site-packages/airflow/example_dags/example_sensors.py
[2025-02-04T14:57:55.422+0000] {processor.py:925} INFO - DAG(s) 'example_sensors' retrieved from /home/airflow/.local/lib/python3.12/site-packages/airflow/example_dags/example_sensors.py
[2025-02-04T14:57:55.500+0000] {logging_mixin.py:190} INFO - [2025-02-04T14:57:55.499+0000] {dag.py:3239} INFO - Sync 1 DAGs
[2025-02-04T14:57:55.531+0000] {logging_mixin.py:190} INFO - [2025-02-04T14:57:55.531+0000] {dag.py:4180} INFO - Setting next_dagrun for example_sensors to None, run_after=None
[2025-02-04T14:57:55.568+0000] {processor.py:208} INFO - Processing /home/airflow/.local/lib/python3.12/site-packages/airflow/example_dags/example_sensors.py took 0.184 seconds
[2025-02-04T14:58:26.238+0000] {processor.py:186} INFO - Started process (PID=1146) to work on /home/airflow/.local/lib/python3.12/site-packages/airflow/example_dags/example_sensors.py
[2025-02-04T14:58:26.239+0000] {processor.py:914} INFO - Processing file /home/airflow/.local/lib/python3.12/site-packages/airflow/example_dags/example_sensors.py for tasks to queue
[2025-02-04T14:58:26.244+0000] {logging_mixin.py:190} INFO - [2025-02-04T14:58:26.244+0000] {dagbag.py:588} INFO - Filling up the DagBag from /home/airflow/.local/lib/python3.12/site-packages/airflow/example_dags/example_sensors.py
[2025-02-04T14:58:26.265+0000] {processor.py:925} INFO - DAG(s) 'example_sensors' retrieved from /home/airflow/.local/lib/python3.12/site-packages/airflow/example_dags/example_sensors.py
[2025-02-04T14:58:26.322+0000] {logging_mixin.py:190} INFO - [2025-02-04T14:58:26.321+0000] {dag.py:3239} INFO - Sync 1 DAGs
[2025-02-04T14:58:26.355+0000] {logging_mixin.py:190} INFO - [2025-02-04T14:58:26.354+0000] {dag.py:4180} INFO - Setting next_dagrun for example_sensors to None, run_after=None
[2025-02-04T14:58:26.388+0000] {processor.py:208} INFO - Processing /home/airflow/.local/lib/python3.12/site-packages/airflow/example_dags/example_sensors.py took 0.164 seconds
[2025-02-04T14:58:58.763+0000] {processor.py:186} INFO - Started process (PID=1210) to work on /home/airflow/.local/lib/python3.12/site-packages/airflow/example_dags/example_sensors.py
[2025-02-04T14:58:58.765+0000] {processor.py:914} INFO - Processing file /home/airflow/.local/lib/python3.12/site-packages/airflow/example_dags/example_sensors.py for tasks to queue
[2025-02-04T14:58:58.770+0000] {logging_mixin.py:190} INFO - [2025-02-04T14:58:58.769+0000] {dagbag.py:588} INFO - Filling up the DagBag from /home/airflow/.local/lib/python3.12/site-packages/airflow/example_dags/example_sensors.py
[2025-02-04T14:58:58.792+0000] {processor.py:925} INFO - DAG(s) 'example_sensors' retrieved from /home/airflow/.local/lib/python3.12/site-packages/airflow/example_dags/example_sensors.py
[2025-02-04T14:58:58.844+0000] {logging_mixin.py:190} INFO - [2025-02-04T14:58:58.844+0000] {dag.py:3239} INFO - Sync 1 DAGs
[2025-02-04T14:58:58.871+0000] {logging_mixin.py:190} INFO - [2025-02-04T14:58:58.871+0000] {dag.py:4180} INFO - Setting next_dagrun for example_sensors to None, run_after=None
[2025-02-04T14:58:58.903+0000] {processor.py:208} INFO - Processing /home/airflow/.local/lib/python3.12/site-packages/airflow/example_dags/example_sensors.py took 0.151 seconds
[2025-02-04T14:59:29.185+0000] {processor.py:186} INFO - Started process (PID=1272) to work on /home/airflow/.local/lib/python3.12/site-packages/airflow/example_dags/example_sensors.py
[2025-02-04T14:59:29.188+0000] {processor.py:914} INFO - Processing file /home/airflow/.local/lib/python3.12/site-packages/airflow/example_dags/example_sensors.py for tasks to queue
[2025-02-04T14:59:29.193+0000] {logging_mixin.py:190} INFO - [2025-02-04T14:59:29.192+0000] {dagbag.py:588} INFO - Filling up the DagBag from /home/airflow/.local/lib/python3.12/site-packages/airflow/example_dags/example_sensors.py
[2025-02-04T14:59:29.211+0000] {processor.py:925} INFO - DAG(s) 'example_sensors' retrieved from /home/airflow/.local/lib/python3.12/site-packages/airflow/example_dags/example_sensors.py
[2025-02-04T14:59:29.264+0000] {logging_mixin.py:190} INFO - [2025-02-04T14:59:29.263+0000] {dag.py:3239} INFO - Sync 1 DAGs
[2025-02-04T14:59:29.305+0000] {logging_mixin.py:190} INFO - [2025-02-04T14:59:29.305+0000] {dag.py:4180} INFO - Setting next_dagrun for example_sensors to None, run_after=None
[2025-02-04T14:59:29.375+0000] {processor.py:208} INFO - Processing /home/airflow/.local/lib/python3.12/site-packages/airflow/example_dags/example_sensors.py took 0.203 seconds
[2025-02-04T14:59:59.823+0000] {processor.py:186} INFO - Started process (PID=1336) to work on /home/airflow/.local/lib/python3.12/site-packages/airflow/example_dags/example_sensors.py
[2025-02-04T14:59:59.825+0000] {processor.py:914} INFO - Processing file /home/airflow/.local/lib/python3.12/site-packages/airflow/example_dags/example_sensors.py for tasks to queue
[2025-02-04T14:59:59.829+0000] {logging_mixin.py:190} INFO - [2025-02-04T14:59:59.828+0000] {dagbag.py:588} INFO - Filling up the DagBag from /home/airflow/.local/lib/python3.12/site-packages/airflow/example_dags/example_sensors.py
[2025-02-04T14:59:59.845+0000] {processor.py:925} INFO - DAG(s) 'example_sensors' retrieved from /home/airflow/.local/lib/python3.12/site-packages/airflow/example_dags/example_sensors.py
[2025-02-04T14:59:59.895+0000] {logging_mixin.py:190} INFO - [2025-02-04T14:59:59.894+0000] {dag.py:3239} INFO - Sync 1 DAGs
[2025-02-04T14:59:59.916+0000] {logging_mixin.py:190} INFO - [2025-02-04T14:59:59.916+0000] {dag.py:4180} INFO - Setting next_dagrun for example_sensors to None, run_after=None
[2025-02-04T14:59:59.948+0000] {processor.py:208} INFO - Processing /home/airflow/.local/lib/python3.12/site-packages/airflow/example_dags/example_sensors.py took 0.137 seconds
[2025-02-04T15:00:30.740+0000] {processor.py:186} INFO - Started process (PID=1400) to work on /home/airflow/.local/lib/python3.12/site-packages/airflow/example_dags/example_sensors.py
[2025-02-04T15:00:30.745+0000] {processor.py:914} INFO - Processing file /home/airflow/.local/lib/python3.12/site-packages/airflow/example_dags/example_sensors.py for tasks to queue
[2025-02-04T15:00:30.750+0000] {logging_mixin.py:190} INFO - [2025-02-04T15:00:30.749+0000] {dagbag.py:588} INFO - Filling up the DagBag from /home/airflow/.local/lib/python3.12/site-packages/airflow/example_dags/example_sensors.py
[2025-02-04T15:00:30.767+0000] {processor.py:925} INFO - DAG(s) 'example_sensors' retrieved from /home/airflow/.local/lib/python3.12/site-packages/airflow/example_dags/example_sensors.py
[2025-02-04T15:00:30.812+0000] {logging_mixin.py:190} INFO - [2025-02-04T15:00:30.812+0000] {dag.py:3239} INFO - Sync 1 DAGs
[2025-02-04T15:00:30.837+0000] {logging_mixin.py:190} INFO - [2025-02-04T15:00:30.836+0000] {dag.py:4180} INFO - Setting next_dagrun for example_sensors to None, run_after=None
[2025-02-04T15:00:30.869+0000] {processor.py:208} INFO - Processing /home/airflow/.local/lib/python3.12/site-packages/airflow/example_dags/example_sensors.py took 0.140 seconds
[2025-02-04T15:01:01.080+0000] {processor.py:186} INFO - Started process (PID=1465) to work on /home/airflow/.local/lib/python3.12/site-packages/airflow/example_dags/example_sensors.py
[2025-02-04T15:01:01.082+0000] {processor.py:914} INFO - Processing file /home/airflow/.local/lib/python3.12/site-packages/airflow/example_dags/example_sensors.py for tasks to queue
[2025-02-04T15:01:01.088+0000] {logging_mixin.py:190} INFO - [2025-02-04T15:01:01.087+0000] {dagbag.py:588} INFO - Filling up the DagBag from /home/airflow/.local/lib/python3.12/site-packages/airflow/example_dags/example_sensors.py
[2025-02-04T15:01:01.138+0000] {processor.py:925} INFO - DAG(s) 'example_sensors' retrieved from /home/airflow/.local/lib/python3.12/site-packages/airflow/example_dags/example_sensors.py
[2025-02-04T15:01:01.222+0000] {logging_mixin.py:190} INFO - [2025-02-04T15:01:01.221+0000] {dag.py:3239} INFO - Sync 1 DAGs
[2025-02-04T15:01:01.261+0000] {logging_mixin.py:190} INFO - [2025-02-04T15:01:01.261+0000] {dag.py:4180} INFO - Setting next_dagrun for example_sensors to None, run_after=None
[2025-02-04T15:01:01.328+0000] {processor.py:208} INFO - Processing /home/airflow/.local/lib/python3.12/site-packages/airflow/example_dags/example_sensors.py took 0.268 seconds
[2025-02-04T15:01:32.334+0000] {processor.py:186} INFO - Started process (PID=1529) to work on /home/airflow/.local/lib/python3.12/site-packages/airflow/example_dags/example_sensors.py
[2025-02-04T15:01:32.337+0000] {processor.py:914} INFO - Processing file /home/airflow/.local/lib/python3.12/site-packages/airflow/example_dags/example_sensors.py for tasks to queue
[2025-02-04T15:01:32.343+0000] {logging_mixin.py:190} INFO - [2025-02-04T15:01:32.342+0000] {dagbag.py:588} INFO - Filling up the DagBag from /home/airflow/.local/lib/python3.12/site-packages/airflow/example_dags/example_sensors.py
[2025-02-04T15:01:32.385+0000] {processor.py:925} INFO - DAG(s) 'example_sensors' retrieved from /home/airflow/.local/lib/python3.12/site-packages/airflow/example_dags/example_sensors.py
[2025-02-04T15:01:32.470+0000] {logging_mixin.py:190} INFO - [2025-02-04T15:01:32.470+0000] {dag.py:3239} INFO - Sync 1 DAGs
[2025-02-04T15:01:32.526+0000] {logging_mixin.py:190} INFO - [2025-02-04T15:01:32.525+0000] {dag.py:4180} INFO - Setting next_dagrun for example_sensors to None, run_after=None
[2025-02-04T15:01:32.583+0000] {processor.py:208} INFO - Processing /home/airflow/.local/lib/python3.12/site-packages/airflow/example_dags/example_sensors.py took 0.268 seconds
