[2025-02-04T14:06:58.574+0000] {processor.py:186} INFO - Started process (PID=88) to work on /home/airflow/.local/lib/python3.12/site-packages/airflow/example_dags/example_xcom.py
[2025-02-04T14:06:58.605+0000] {processor.py:914} INFO - Processing file /home/airflow/.local/lib/python3.12/site-packages/airflow/example_dags/example_xcom.py for tasks to queue
[2025-02-04T14:06:58.686+0000] {logging_mixin.py:190} INFO - [2025-02-04T14:06:58.683+0000] {dagbag.py:588} INFO - Filling up the DagBag from /home/airflow/.local/lib/python3.12/site-packages/airflow/example_dags/example_xcom.py
[2025-02-04T14:06:58.809+0000] {processor.py:925} INFO - DAG(s) 'example_xcom' retrieved from /home/airflow/.local/lib/python3.12/site-packages/airflow/example_dags/example_xcom.py
[2025-02-04T14:06:59.802+0000] {logging_mixin.py:190} INFO - [2025-02-04T14:06:59.794+0000] {override.py:1911} INFO - Created Permission View: can delete on DAG:example_xcom
[2025-02-04T14:06:59.856+0000] {logging_mixin.py:190} INFO - [2025-02-04T14:06:59.855+0000] {override.py:1911} INFO - Created Permission View: can read on DAG:example_xcom
[2025-02-04T14:06:59.877+0000] {logging_mixin.py:190} INFO - [2025-02-04T14:06:59.875+0000] {override.py:1911} INFO - Created Permission View: can edit on DAG:example_xcom
[2025-02-04T14:06:59.908+0000] {logging_mixin.py:190} INFO - [2025-02-04T14:06:59.907+0000] {override.py:1911} INFO - Created Permission View: can delete on DAG Run:example_xcom
[2025-02-04T14:06:59.938+0000] {logging_mixin.py:190} INFO - [2025-02-04T14:06:59.937+0000] {override.py:1911} INFO - Created Permission View: menu access on DAG Run:example_xcom
[2025-02-04T14:07:00.077+0000] {logging_mixin.py:190} INFO - [2025-02-04T14:07:00.076+0000] {override.py:1911} INFO - Created Permission View: can read on DAG Run:example_xcom
[2025-02-04T14:07:00.102+0000] {logging_mixin.py:190} INFO - [2025-02-04T14:07:00.102+0000] {override.py:1911} INFO - Created Permission View: can create on DAG Run:example_xcom
[2025-02-04T14:07:00.104+0000] {logging_mixin.py:190} INFO - [2025-02-04T14:07:00.103+0000] {dag.py:3239} INFO - Sync 1 DAGs
[2025-02-04T14:07:00.188+0000] {logging_mixin.py:190} INFO - [2025-02-04T14:07:00.187+0000] {dag.py:3262} INFO - Creating ORM DAG for example_xcom
[2025-02-04T14:07:01.000+0000] {logging_mixin.py:190} INFO - [2025-02-04T14:07:00.996+0000] {dag.py:4180} INFO - Setting next_dagrun for example_xcom to 2021-01-01 00:00:00+00:00, run_after=2021-01-01 00:00:00+00:00
[2025-02-04T14:07:01.840+0000] {processor.py:208} INFO - Processing /home/airflow/.local/lib/python3.12/site-packages/airflow/example_dags/example_xcom.py took 3.325 seconds
[2025-02-04T14:08:24.940+0000] {processor.py:186} INFO - Started process (PID=157) to work on /home/airflow/.local/lib/python3.12/site-packages/airflow/example_dags/example_xcom.py
[2025-02-04T14:08:24.955+0000] {processor.py:914} INFO - Processing file /home/airflow/.local/lib/python3.12/site-packages/airflow/example_dags/example_xcom.py for tasks to queue
[2025-02-04T14:08:24.977+0000] {logging_mixin.py:190} INFO - [2025-02-04T14:08:24.976+0000] {dagbag.py:588} INFO - Filling up the DagBag from /home/airflow/.local/lib/python3.12/site-packages/airflow/example_dags/example_xcom.py
[2025-02-04T14:08:25.056+0000] {processor.py:925} INFO - DAG(s) 'example_xcom' retrieved from /home/airflow/.local/lib/python3.12/site-packages/airflow/example_dags/example_xcom.py
[2025-02-04T14:08:25.303+0000] {logging_mixin.py:190} INFO - [2025-02-04T14:08:25.303+0000] {dag.py:3239} INFO - Sync 1 DAGs
[2025-02-04T14:08:25.444+0000] {logging_mixin.py:190} INFO - [2025-02-04T14:08:25.444+0000] {dag.py:4180} INFO - Setting next_dagrun for example_xcom to 2021-01-01 00:00:00+00:00, run_after=2021-01-01 00:00:00+00:00
[2025-02-04T14:08:25.562+0000] {processor.py:208} INFO - Processing /home/airflow/.local/lib/python3.12/site-packages/airflow/example_dags/example_xcom.py took 0.686 seconds
[2025-02-04T14:08:56.396+0000] {processor.py:186} INFO - Started process (PID=220) to work on /home/airflow/.local/lib/python3.12/site-packages/airflow/example_dags/example_xcom.py
[2025-02-04T14:08:56.398+0000] {processor.py:914} INFO - Processing file /home/airflow/.local/lib/python3.12/site-packages/airflow/example_dags/example_xcom.py for tasks to queue
[2025-02-04T14:08:56.403+0000] {logging_mixin.py:190} INFO - [2025-02-04T14:08:56.402+0000] {dagbag.py:588} INFO - Filling up the DagBag from /home/airflow/.local/lib/python3.12/site-packages/airflow/example_dags/example_xcom.py
[2025-02-04T14:08:56.424+0000] {processor.py:925} INFO - DAG(s) 'example_xcom' retrieved from /home/airflow/.local/lib/python3.12/site-packages/airflow/example_dags/example_xcom.py
[2025-02-04T14:08:56.466+0000] {logging_mixin.py:190} INFO - [2025-02-04T14:08:56.466+0000] {dag.py:3239} INFO - Sync 1 DAGs
[2025-02-04T14:08:56.522+0000] {logging_mixin.py:190} INFO - [2025-02-04T14:08:56.521+0000] {dag.py:4180} INFO - Setting next_dagrun for example_xcom to 2021-01-01 00:00:00+00:00, run_after=2021-01-01 00:00:00+00:00
[2025-02-04T14:08:56.559+0000] {processor.py:208} INFO - Processing /home/airflow/.local/lib/python3.12/site-packages/airflow/example_dags/example_xcom.py took 0.176 seconds
[2025-02-04T14:09:29.939+0000] {processor.py:186} INFO - Started process (PID=285) to work on /home/airflow/.local/lib/python3.12/site-packages/airflow/example_dags/example_xcom.py
[2025-02-04T14:09:29.941+0000] {processor.py:914} INFO - Processing file /home/airflow/.local/lib/python3.12/site-packages/airflow/example_dags/example_xcom.py for tasks to queue
[2025-02-04T14:09:29.945+0000] {logging_mixin.py:190} INFO - [2025-02-04T14:09:29.944+0000] {dagbag.py:588} INFO - Filling up the DagBag from /home/airflow/.local/lib/python3.12/site-packages/airflow/example_dags/example_xcom.py
[2025-02-04T14:09:29.962+0000] {processor.py:925} INFO - DAG(s) 'example_xcom' retrieved from /home/airflow/.local/lib/python3.12/site-packages/airflow/example_dags/example_xcom.py
[2025-02-04T14:09:30.011+0000] {logging_mixin.py:190} INFO - [2025-02-04T14:09:30.010+0000] {dag.py:3239} INFO - Sync 1 DAGs
[2025-02-04T14:09:30.066+0000] {logging_mixin.py:190} INFO - [2025-02-04T14:09:30.066+0000] {dag.py:4180} INFO - Setting next_dagrun for example_xcom to 2021-01-01 00:00:00+00:00, run_after=2021-01-01 00:00:00+00:00
[2025-02-04T14:09:30.107+0000] {processor.py:208} INFO - Processing /home/airflow/.local/lib/python3.12/site-packages/airflow/example_dags/example_xcom.py took 0.178 seconds
[2025-02-04T14:10:00.629+0000] {processor.py:186} INFO - Started process (PID=347) to work on /home/airflow/.local/lib/python3.12/site-packages/airflow/example_dags/example_xcom.py
[2025-02-04T14:10:00.630+0000] {processor.py:914} INFO - Processing file /home/airflow/.local/lib/python3.12/site-packages/airflow/example_dags/example_xcom.py for tasks to queue
[2025-02-04T14:10:00.634+0000] {logging_mixin.py:190} INFO - [2025-02-04T14:10:00.634+0000] {dagbag.py:588} INFO - Filling up the DagBag from /home/airflow/.local/lib/python3.12/site-packages/airflow/example_dags/example_xcom.py
[2025-02-04T14:10:00.654+0000] {processor.py:925} INFO - DAG(s) 'example_xcom' retrieved from /home/airflow/.local/lib/python3.12/site-packages/airflow/example_dags/example_xcom.py
[2025-02-04T14:10:00.693+0000] {logging_mixin.py:190} INFO - [2025-02-04T14:10:00.693+0000] {dag.py:3239} INFO - Sync 1 DAGs
[2025-02-04T14:10:00.749+0000] {logging_mixin.py:190} INFO - [2025-02-04T14:10:00.749+0000] {dag.py:4180} INFO - Setting next_dagrun for example_xcom to 2021-01-01 00:00:00+00:00, run_after=2021-01-01 00:00:00+00:00
[2025-02-04T14:10:00.790+0000] {processor.py:208} INFO - Processing /home/airflow/.local/lib/python3.12/site-packages/airflow/example_dags/example_xcom.py took 0.173 seconds
[2025-02-04T14:10:45.597+0000] {processor.py:186} INFO - Started process (PID=416) to work on /home/airflow/.local/lib/python3.12/site-packages/airflow/example_dags/example_xcom.py
[2025-02-04T14:10:45.604+0000] {processor.py:914} INFO - Processing file /home/airflow/.local/lib/python3.12/site-packages/airflow/example_dags/example_xcom.py for tasks to queue
[2025-02-04T14:10:45.611+0000] {logging_mixin.py:190} INFO - [2025-02-04T14:10:45.610+0000] {dagbag.py:588} INFO - Filling up the DagBag from /home/airflow/.local/lib/python3.12/site-packages/airflow/example_dags/example_xcom.py
[2025-02-04T14:10:45.642+0000] {processor.py:925} INFO - DAG(s) 'example_xcom' retrieved from /home/airflow/.local/lib/python3.12/site-packages/airflow/example_dags/example_xcom.py
[2025-02-04T14:10:45.717+0000] {logging_mixin.py:190} INFO - [2025-02-04T14:10:45.717+0000] {dag.py:3239} INFO - Sync 1 DAGs
[2025-02-04T14:10:45.808+0000] {logging_mixin.py:190} INFO - [2025-02-04T14:10:45.808+0000] {dag.py:4180} INFO - Setting next_dagrun for example_xcom to 2021-01-01 00:00:00+00:00, run_after=2021-01-01 00:00:00+00:00
[2025-02-04T14:10:45.857+0000] {processor.py:208} INFO - Processing /home/airflow/.local/lib/python3.12/site-packages/airflow/example_dags/example_xcom.py took 0.286 seconds
[2025-02-04T14:11:21.598+0000] {processor.py:186} INFO - Started process (PID=482) to work on /home/airflow/.local/lib/python3.12/site-packages/airflow/example_dags/example_xcom.py
[2025-02-04T14:11:21.602+0000] {processor.py:914} INFO - Processing file /home/airflow/.local/lib/python3.12/site-packages/airflow/example_dags/example_xcom.py for tasks to queue
[2025-02-04T14:11:21.607+0000] {logging_mixin.py:190} INFO - [2025-02-04T14:11:21.606+0000] {dagbag.py:588} INFO - Filling up the DagBag from /home/airflow/.local/lib/python3.12/site-packages/airflow/example_dags/example_xcom.py
[2025-02-04T14:11:21.628+0000] {processor.py:925} INFO - DAG(s) 'example_xcom' retrieved from /home/airflow/.local/lib/python3.12/site-packages/airflow/example_dags/example_xcom.py
[2025-02-04T14:11:21.681+0000] {logging_mixin.py:190} INFO - [2025-02-04T14:11:21.681+0000] {dag.py:3239} INFO - Sync 1 DAGs
[2025-02-04T14:11:21.744+0000] {logging_mixin.py:190} INFO - [2025-02-04T14:11:21.744+0000] {dag.py:4180} INFO - Setting next_dagrun for example_xcom to 2021-01-01 00:00:00+00:00, run_after=2021-01-01 00:00:00+00:00
[2025-02-04T14:11:21.800+0000] {processor.py:208} INFO - Processing /home/airflow/.local/lib/python3.12/site-packages/airflow/example_dags/example_xcom.py took 0.215 seconds
[2025-02-04T14:18:35.590+0000] {processor.py:186} INFO - Started process (PID=78) to work on /home/airflow/.local/lib/python3.12/site-packages/airflow/example_dags/example_xcom.py
[2025-02-04T14:18:35.593+0000] {processor.py:914} INFO - Processing file /home/airflow/.local/lib/python3.12/site-packages/airflow/example_dags/example_xcom.py for tasks to queue
[2025-02-04T14:18:35.601+0000] {logging_mixin.py:190} INFO - [2025-02-04T14:18:35.600+0000] {dagbag.py:588} INFO - Filling up the DagBag from /home/airflow/.local/lib/python3.12/site-packages/airflow/example_dags/example_xcom.py
[2025-02-04T14:18:35.635+0000] {processor.py:925} INFO - DAG(s) 'example_xcom' retrieved from /home/airflow/.local/lib/python3.12/site-packages/airflow/example_dags/example_xcom.py
[2025-02-04T14:18:35.699+0000] {logging_mixin.py:190} INFO - [2025-02-04T14:18:35.699+0000] {dag.py:3239} INFO - Sync 1 DAGs
[2025-02-04T14:18:35.761+0000] {logging_mixin.py:190} INFO - [2025-02-04T14:18:35.761+0000] {dag.py:4180} INFO - Setting next_dagrun for example_xcom to 2021-01-01 00:00:00+00:00, run_after=2021-01-01 00:00:00+00:00
[2025-02-04T14:18:35.802+0000] {processor.py:208} INFO - Processing /home/airflow/.local/lib/python3.12/site-packages/airflow/example_dags/example_xcom.py took 0.232 seconds
[2025-02-04T14:19:07.338+0000] {processor.py:186} INFO - Started process (PID=142) to work on /home/airflow/.local/lib/python3.12/site-packages/airflow/example_dags/example_xcom.py
[2025-02-04T14:19:07.340+0000] {processor.py:914} INFO - Processing file /home/airflow/.local/lib/python3.12/site-packages/airflow/example_dags/example_xcom.py for tasks to queue
[2025-02-04T14:19:07.344+0000] {logging_mixin.py:190} INFO - [2025-02-04T14:19:07.344+0000] {dagbag.py:588} INFO - Filling up the DagBag from /home/airflow/.local/lib/python3.12/site-packages/airflow/example_dags/example_xcom.py
[2025-02-04T14:19:07.361+0000] {processor.py:925} INFO - DAG(s) 'example_xcom' retrieved from /home/airflow/.local/lib/python3.12/site-packages/airflow/example_dags/example_xcom.py
[2025-02-04T14:19:07.404+0000] {logging_mixin.py:190} INFO - [2025-02-04T14:19:07.404+0000] {dag.py:3239} INFO - Sync 1 DAGs
[2025-02-04T14:19:07.445+0000] {logging_mixin.py:190} INFO - [2025-02-04T14:19:07.444+0000] {dag.py:4180} INFO - Setting next_dagrun for example_xcom to 2021-01-01 00:00:00+00:00, run_after=2021-01-01 00:00:00+00:00
[2025-02-04T14:19:07.477+0000] {processor.py:208} INFO - Processing /home/airflow/.local/lib/python3.12/site-packages/airflow/example_dags/example_xcom.py took 0.153 seconds
[2025-02-04T14:19:39.153+0000] {processor.py:186} INFO - Started process (PID=210) to work on /home/airflow/.local/lib/python3.12/site-packages/airflow/example_dags/example_xcom.py
[2025-02-04T14:19:39.155+0000] {processor.py:914} INFO - Processing file /home/airflow/.local/lib/python3.12/site-packages/airflow/example_dags/example_xcom.py for tasks to queue
[2025-02-04T14:19:39.158+0000] {logging_mixin.py:190} INFO - [2025-02-04T14:19:39.157+0000] {dagbag.py:588} INFO - Filling up the DagBag from /home/airflow/.local/lib/python3.12/site-packages/airflow/example_dags/example_xcom.py
[2025-02-04T14:19:39.180+0000] {processor.py:925} INFO - DAG(s) 'example_xcom' retrieved from /home/airflow/.local/lib/python3.12/site-packages/airflow/example_dags/example_xcom.py
[2025-02-04T14:19:39.259+0000] {logging_mixin.py:190} INFO - [2025-02-04T14:19:39.259+0000] {dag.py:3239} INFO - Sync 1 DAGs
[2025-02-04T14:19:39.307+0000] {logging_mixin.py:190} INFO - [2025-02-04T14:19:39.307+0000] {dag.py:4180} INFO - Setting next_dagrun for example_xcom to 2021-01-01 00:00:00+00:00, run_after=2021-01-01 00:00:00+00:00
[2025-02-04T14:19:39.353+0000] {processor.py:208} INFO - Processing /home/airflow/.local/lib/python3.12/site-packages/airflow/example_dags/example_xcom.py took 0.222 seconds
[2025-02-04T14:20:10.817+0000] {processor.py:186} INFO - Started process (PID=283) to work on /home/airflow/.local/lib/python3.12/site-packages/airflow/example_dags/example_xcom.py
[2025-02-04T14:20:10.818+0000] {processor.py:914} INFO - Processing file /home/airflow/.local/lib/python3.12/site-packages/airflow/example_dags/example_xcom.py for tasks to queue
[2025-02-04T14:20:10.821+0000] {logging_mixin.py:190} INFO - [2025-02-04T14:20:10.821+0000] {dagbag.py:588} INFO - Filling up the DagBag from /home/airflow/.local/lib/python3.12/site-packages/airflow/example_dags/example_xcom.py
[2025-02-04T14:20:10.843+0000] {processor.py:925} INFO - DAG(s) 'example_xcom' retrieved from /home/airflow/.local/lib/python3.12/site-packages/airflow/example_dags/example_xcom.py
[2025-02-04T14:20:10.888+0000] {logging_mixin.py:190} INFO - [2025-02-04T14:20:10.888+0000] {dag.py:3239} INFO - Sync 1 DAGs
[2025-02-04T14:20:10.950+0000] {logging_mixin.py:190} INFO - [2025-02-04T14:20:10.949+0000] {dag.py:4180} INFO - Setting next_dagrun for example_xcom to 2021-01-01 00:00:00+00:00, run_after=2021-01-01 00:00:00+00:00
[2025-02-04T14:20:10.984+0000] {processor.py:208} INFO - Processing /home/airflow/.local/lib/python3.12/site-packages/airflow/example_dags/example_xcom.py took 0.180 seconds
[2025-02-04T14:20:47.879+0000] {processor.py:186} INFO - Started process (PID=354) to work on /home/airflow/.local/lib/python3.12/site-packages/airflow/example_dags/example_xcom.py
[2025-02-04T14:20:47.882+0000] {processor.py:914} INFO - Processing file /home/airflow/.local/lib/python3.12/site-packages/airflow/example_dags/example_xcom.py for tasks to queue
[2025-02-04T14:20:47.885+0000] {logging_mixin.py:190} INFO - [2025-02-04T14:20:47.885+0000] {dagbag.py:588} INFO - Filling up the DagBag from /home/airflow/.local/lib/python3.12/site-packages/airflow/example_dags/example_xcom.py
[2025-02-04T14:20:47.926+0000] {processor.py:925} INFO - DAG(s) 'example_xcom' retrieved from /home/airflow/.local/lib/python3.12/site-packages/airflow/example_dags/example_xcom.py
[2025-02-04T14:20:48.042+0000] {logging_mixin.py:190} INFO - [2025-02-04T14:20:48.036+0000] {dag.py:3239} INFO - Sync 1 DAGs
[2025-02-04T14:20:48.184+0000] {logging_mixin.py:190} INFO - [2025-02-04T14:20:48.184+0000] {dag.py:4180} INFO - Setting next_dagrun for example_xcom to 2021-01-01 00:00:00+00:00, run_after=2021-01-01 00:00:00+00:00
[2025-02-04T14:20:48.336+0000] {processor.py:208} INFO - Processing /home/airflow/.local/lib/python3.12/site-packages/airflow/example_dags/example_xcom.py took 0.492 seconds
[2025-02-04T14:21:18.598+0000] {processor.py:186} INFO - Started process (PID=426) to work on /home/airflow/.local/lib/python3.12/site-packages/airflow/example_dags/example_xcom.py
[2025-02-04T14:21:18.600+0000] {processor.py:914} INFO - Processing file /home/airflow/.local/lib/python3.12/site-packages/airflow/example_dags/example_xcom.py for tasks to queue
[2025-02-04T14:21:18.602+0000] {logging_mixin.py:190} INFO - [2025-02-04T14:21:18.602+0000] {dagbag.py:588} INFO - Filling up the DagBag from /home/airflow/.local/lib/python3.12/site-packages/airflow/example_dags/example_xcom.py
[2025-02-04T14:21:18.615+0000] {processor.py:925} INFO - DAG(s) 'example_xcom' retrieved from /home/airflow/.local/lib/python3.12/site-packages/airflow/example_dags/example_xcom.py
[2025-02-04T14:21:18.646+0000] {logging_mixin.py:190} INFO - [2025-02-04T14:21:18.645+0000] {dag.py:3239} INFO - Sync 1 DAGs
[2025-02-04T14:21:18.678+0000] {logging_mixin.py:190} INFO - [2025-02-04T14:21:18.678+0000] {dag.py:4180} INFO - Setting next_dagrun for example_xcom to 2021-01-01 00:00:00+00:00, run_after=2021-01-01 00:00:00+00:00
[2025-02-04T14:21:18.707+0000] {processor.py:208} INFO - Processing /home/airflow/.local/lib/python3.12/site-packages/airflow/example_dags/example_xcom.py took 0.118 seconds
[2025-02-04T14:21:50.722+0000] {processor.py:186} INFO - Started process (PID=491) to work on /home/airflow/.local/lib/python3.12/site-packages/airflow/example_dags/example_xcom.py
[2025-02-04T14:21:50.735+0000] {processor.py:914} INFO - Processing file /home/airflow/.local/lib/python3.12/site-packages/airflow/example_dags/example_xcom.py for tasks to queue
[2025-02-04T14:21:50.756+0000] {logging_mixin.py:190} INFO - [2025-02-04T14:21:50.755+0000] {dagbag.py:588} INFO - Filling up the DagBag from /home/airflow/.local/lib/python3.12/site-packages/airflow/example_dags/example_xcom.py
[2025-02-04T14:21:50.822+0000] {processor.py:925} INFO - DAG(s) 'example_xcom' retrieved from /home/airflow/.local/lib/python3.12/site-packages/airflow/example_dags/example_xcom.py
[2025-02-04T14:21:50.945+0000] {logging_mixin.py:190} INFO - [2025-02-04T14:21:50.944+0000] {dag.py:3239} INFO - Sync 1 DAGs
[2025-02-04T14:21:51.122+0000] {logging_mixin.py:190} INFO - [2025-02-04T14:21:51.121+0000] {dag.py:4180} INFO - Setting next_dagrun for example_xcom to 2021-01-01 00:00:00+00:00, run_after=2021-01-01 00:00:00+00:00
[2025-02-04T14:21:51.270+0000] {processor.py:208} INFO - Processing /home/airflow/.local/lib/python3.12/site-packages/airflow/example_dags/example_xcom.py took 0.573 seconds
[2025-02-04T14:22:21.846+0000] {processor.py:186} INFO - Started process (PID=563) to work on /home/airflow/.local/lib/python3.12/site-packages/airflow/example_dags/example_xcom.py
[2025-02-04T14:22:21.848+0000] {processor.py:914} INFO - Processing file /home/airflow/.local/lib/python3.12/site-packages/airflow/example_dags/example_xcom.py for tasks to queue
[2025-02-04T14:22:21.851+0000] {logging_mixin.py:190} INFO - [2025-02-04T14:22:21.850+0000] {dagbag.py:588} INFO - Filling up the DagBag from /home/airflow/.local/lib/python3.12/site-packages/airflow/example_dags/example_xcom.py
[2025-02-04T14:22:21.870+0000] {processor.py:925} INFO - DAG(s) 'example_xcom' retrieved from /home/airflow/.local/lib/python3.12/site-packages/airflow/example_dags/example_xcom.py
[2025-02-04T14:22:21.915+0000] {logging_mixin.py:190} INFO - [2025-02-04T14:22:21.915+0000] {dag.py:3239} INFO - Sync 1 DAGs
[2025-02-04T14:22:21.962+0000] {logging_mixin.py:190} INFO - [2025-02-04T14:22:21.962+0000] {dag.py:4180} INFO - Setting next_dagrun for example_xcom to 2021-01-01 00:00:00+00:00, run_after=2021-01-01 00:00:00+00:00
[2025-02-04T14:22:21.996+0000] {processor.py:208} INFO - Processing /home/airflow/.local/lib/python3.12/site-packages/airflow/example_dags/example_xcom.py took 0.161 seconds
[2025-02-04T14:22:53.113+0000] {processor.py:186} INFO - Started process (PID=629) to work on /home/airflow/.local/lib/python3.12/site-packages/airflow/example_dags/example_xcom.py
[2025-02-04T14:22:53.148+0000] {processor.py:914} INFO - Processing file /home/airflow/.local/lib/python3.12/site-packages/airflow/example_dags/example_xcom.py for tasks to queue
[2025-02-04T14:22:53.165+0000] {logging_mixin.py:190} INFO - [2025-02-04T14:22:53.164+0000] {dagbag.py:588} INFO - Filling up the DagBag from /home/airflow/.local/lib/python3.12/site-packages/airflow/example_dags/example_xcom.py
[2025-02-04T14:22:53.239+0000] {processor.py:925} INFO - DAG(s) 'example_xcom' retrieved from /home/airflow/.local/lib/python3.12/site-packages/airflow/example_dags/example_xcom.py
[2025-02-04T14:22:53.357+0000] {logging_mixin.py:190} INFO - [2025-02-04T14:22:53.356+0000] {dag.py:3239} INFO - Sync 1 DAGs
[2025-02-04T14:22:53.456+0000] {logging_mixin.py:190} INFO - [2025-02-04T14:22:53.456+0000] {dag.py:4180} INFO - Setting next_dagrun for example_xcom to 2021-01-01 00:00:00+00:00, run_after=2021-01-01 00:00:00+00:00
[2025-02-04T14:22:53.547+0000] {processor.py:208} INFO - Processing /home/airflow/.local/lib/python3.12/site-packages/airflow/example_dags/example_xcom.py took 0.458 seconds
[2025-02-04T14:23:23.759+0000] {processor.py:186} INFO - Started process (PID=693) to work on /home/airflow/.local/lib/python3.12/site-packages/airflow/example_dags/example_xcom.py
[2025-02-04T14:23:23.760+0000] {processor.py:914} INFO - Processing file /home/airflow/.local/lib/python3.12/site-packages/airflow/example_dags/example_xcom.py for tasks to queue
[2025-02-04T14:23:23.762+0000] {logging_mixin.py:190} INFO - [2025-02-04T14:23:23.762+0000] {dagbag.py:588} INFO - Filling up the DagBag from /home/airflow/.local/lib/python3.12/site-packages/airflow/example_dags/example_xcom.py
[2025-02-04T14:23:23.778+0000] {processor.py:925} INFO - DAG(s) 'example_xcom' retrieved from /home/airflow/.local/lib/python3.12/site-packages/airflow/example_dags/example_xcom.py
[2025-02-04T14:23:23.830+0000] {logging_mixin.py:190} INFO - [2025-02-04T14:23:23.829+0000] {dag.py:3239} INFO - Sync 1 DAGs
[2025-02-04T14:23:23.900+0000] {logging_mixin.py:190} INFO - [2025-02-04T14:23:23.900+0000] {dag.py:4180} INFO - Setting next_dagrun for example_xcom to 2021-01-01 00:00:00+00:00, run_after=2021-01-01 00:00:00+00:00
[2025-02-04T14:23:23.952+0000] {processor.py:208} INFO - Processing /home/airflow/.local/lib/python3.12/site-packages/airflow/example_dags/example_xcom.py took 0.203 seconds
[2025-02-04T14:23:54.128+0000] {processor.py:186} INFO - Started process (PID=757) to work on /home/airflow/.local/lib/python3.12/site-packages/airflow/example_dags/example_xcom.py
[2025-02-04T14:23:54.135+0000] {processor.py:914} INFO - Processing file /home/airflow/.local/lib/python3.12/site-packages/airflow/example_dags/example_xcom.py for tasks to queue
[2025-02-04T14:23:54.144+0000] {logging_mixin.py:190} INFO - [2025-02-04T14:23:54.143+0000] {dagbag.py:588} INFO - Filling up the DagBag from /home/airflow/.local/lib/python3.12/site-packages/airflow/example_dags/example_xcom.py
[2025-02-04T14:23:54.185+0000] {processor.py:925} INFO - DAG(s) 'example_xcom' retrieved from /home/airflow/.local/lib/python3.12/site-packages/airflow/example_dags/example_xcom.py
[2025-02-04T14:23:54.274+0000] {logging_mixin.py:190} INFO - [2025-02-04T14:23:54.273+0000] {dag.py:3239} INFO - Sync 1 DAGs
[2025-02-04T14:23:54.331+0000] {logging_mixin.py:190} INFO - [2025-02-04T14:23:54.330+0000] {dag.py:4180} INFO - Setting next_dagrun for example_xcom to 2021-01-01 00:00:00+00:00, run_after=2021-01-01 00:00:00+00:00
[2025-02-04T14:23:54.367+0000] {processor.py:208} INFO - Processing /home/airflow/.local/lib/python3.12/site-packages/airflow/example_dags/example_xcom.py took 0.258 seconds
[2025-02-04T14:24:26.143+0000] {processor.py:186} INFO - Started process (PID=822) to work on /home/airflow/.local/lib/python3.12/site-packages/airflow/example_dags/example_xcom.py
[2025-02-04T14:24:26.166+0000] {processor.py:914} INFO - Processing file /home/airflow/.local/lib/python3.12/site-packages/airflow/example_dags/example_xcom.py for tasks to queue
[2025-02-04T14:24:26.181+0000] {logging_mixin.py:190} INFO - [2025-02-04T14:24:26.180+0000] {dagbag.py:588} INFO - Filling up the DagBag from /home/airflow/.local/lib/python3.12/site-packages/airflow/example_dags/example_xcom.py
[2025-02-04T14:24:26.259+0000] {processor.py:925} INFO - DAG(s) 'example_xcom' retrieved from /home/airflow/.local/lib/python3.12/site-packages/airflow/example_dags/example_xcom.py
[2025-02-04T14:24:26.427+0000] {logging_mixin.py:190} INFO - [2025-02-04T14:24:26.426+0000] {dag.py:3239} INFO - Sync 1 DAGs
[2025-02-04T14:24:26.739+0000] {logging_mixin.py:190} INFO - [2025-02-04T14:24:26.738+0000] {dag.py:4180} INFO - Setting next_dagrun for example_xcom to 2021-01-01 00:00:00+00:00, run_after=2021-01-01 00:00:00+00:00
[2025-02-04T14:24:26.969+0000] {processor.py:208} INFO - Processing /home/airflow/.local/lib/python3.12/site-packages/airflow/example_dags/example_xcom.py took 0.837 seconds
[2025-02-04T14:32:18.219+0000] {processor.py:186} INFO - Started process (PID=91) to work on /home/airflow/.local/lib/python3.12/site-packages/airflow/example_dags/example_xcom.py
[2025-02-04T14:32:18.254+0000] {processor.py:914} INFO - Processing file /home/airflow/.local/lib/python3.12/site-packages/airflow/example_dags/example_xcom.py for tasks to queue
[2025-02-04T14:32:18.302+0000] {logging_mixin.py:190} INFO - [2025-02-04T14:32:18.289+0000] {dagbag.py:588} INFO - Filling up the DagBag from /home/airflow/.local/lib/python3.12/site-packages/airflow/example_dags/example_xcom.py
[2025-02-04T14:32:18.876+0000] {processor.py:925} INFO - DAG(s) 'example_xcom' retrieved from /home/airflow/.local/lib/python3.12/site-packages/airflow/example_dags/example_xcom.py
[2025-02-04T14:32:20.176+0000] {logging_mixin.py:190} INFO - [2025-02-04T14:32:20.160+0000] {override.py:1911} INFO - Created Permission View: can delete on DAG:example_xcom
[2025-02-04T14:32:20.230+0000] {logging_mixin.py:190} INFO - [2025-02-04T14:32:20.229+0000] {override.py:1911} INFO - Created Permission View: can read on DAG:example_xcom
[2025-02-04T14:32:20.270+0000] {logging_mixin.py:190} INFO - [2025-02-04T14:32:20.269+0000] {override.py:1911} INFO - Created Permission View: can edit on DAG:example_xcom
[2025-02-04T14:32:20.342+0000] {logging_mixin.py:190} INFO - [2025-02-04T14:32:20.341+0000] {override.py:1911} INFO - Created Permission View: can create on DAG Run:example_xcom
[2025-02-04T14:32:20.388+0000] {logging_mixin.py:190} INFO - [2025-02-04T14:32:20.388+0000] {override.py:1911} INFO - Created Permission View: can delete on DAG Run:example_xcom
[2025-02-04T14:32:20.438+0000] {logging_mixin.py:190} INFO - [2025-02-04T14:32:20.438+0000] {override.py:1911} INFO - Created Permission View: can read on DAG Run:example_xcom
[2025-02-04T14:32:20.493+0000] {logging_mixin.py:190} INFO - [2025-02-04T14:32:20.493+0000] {override.py:1911} INFO - Created Permission View: menu access on DAG Run:example_xcom
[2025-02-04T14:32:20.495+0000] {logging_mixin.py:190} INFO - [2025-02-04T14:32:20.495+0000] {dag.py:3239} INFO - Sync 1 DAGs
[2025-02-04T14:32:20.609+0000] {logging_mixin.py:190} INFO - [2025-02-04T14:32:20.608+0000] {dag.py:3262} INFO - Creating ORM DAG for example_xcom
[2025-02-04T14:32:20.718+0000] {logging_mixin.py:190} INFO - [2025-02-04T14:32:20.718+0000] {dag.py:4180} INFO - Setting next_dagrun for example_xcom to 2021-01-01 00:00:00+00:00, run_after=2021-01-01 00:00:00+00:00
[2025-02-04T14:32:20.871+0000] {processor.py:208} INFO - Processing /home/airflow/.local/lib/python3.12/site-packages/airflow/example_dags/example_xcom.py took 2.907 seconds
[2025-02-04T14:33:12.382+0000] {processor.py:186} INFO - Started process (PID=155) to work on /home/airflow/.local/lib/python3.12/site-packages/airflow/example_dags/example_xcom.py
[2025-02-04T14:33:12.384+0000] {processor.py:914} INFO - Processing file /home/airflow/.local/lib/python3.12/site-packages/airflow/example_dags/example_xcom.py for tasks to queue
[2025-02-04T14:33:12.403+0000] {logging_mixin.py:190} INFO - [2025-02-04T14:33:12.403+0000] {dagbag.py:588} INFO - Filling up the DagBag from /home/airflow/.local/lib/python3.12/site-packages/airflow/example_dags/example_xcom.py
[2025-02-04T14:33:12.491+0000] {processor.py:925} INFO - DAG(s) 'example_xcom' retrieved from /home/airflow/.local/lib/python3.12/site-packages/airflow/example_dags/example_xcom.py
[2025-02-04T14:33:12.606+0000] {logging_mixin.py:190} INFO - [2025-02-04T14:33:12.605+0000] {dag.py:3239} INFO - Sync 1 DAGs
[2025-02-04T14:33:12.772+0000] {logging_mixin.py:190} INFO - [2025-02-04T14:33:12.772+0000] {dag.py:4180} INFO - Setting next_dagrun for example_xcom to 2021-01-01 00:00:00+00:00, run_after=2021-01-01 00:00:00+00:00
[2025-02-04T14:33:12.872+0000] {processor.py:208} INFO - Processing /home/airflow/.local/lib/python3.12/site-packages/airflow/example_dags/example_xcom.py took 0.529 seconds
[2025-02-04T14:33:43.097+0000] {processor.py:186} INFO - Started process (PID=218) to work on /home/airflow/.local/lib/python3.12/site-packages/airflow/example_dags/example_xcom.py
[2025-02-04T14:33:43.099+0000] {processor.py:914} INFO - Processing file /home/airflow/.local/lib/python3.12/site-packages/airflow/example_dags/example_xcom.py for tasks to queue
[2025-02-04T14:33:43.104+0000] {logging_mixin.py:190} INFO - [2025-02-04T14:33:43.103+0000] {dagbag.py:588} INFO - Filling up the DagBag from /home/airflow/.local/lib/python3.12/site-packages/airflow/example_dags/example_xcom.py
[2025-02-04T14:33:43.118+0000] {processor.py:925} INFO - DAG(s) 'example_xcom' retrieved from /home/airflow/.local/lib/python3.12/site-packages/airflow/example_dags/example_xcom.py
[2025-02-04T14:33:43.149+0000] {logging_mixin.py:190} INFO - [2025-02-04T14:33:43.149+0000] {dag.py:3239} INFO - Sync 1 DAGs
[2025-02-04T14:33:43.181+0000] {logging_mixin.py:190} INFO - [2025-02-04T14:33:43.181+0000] {dag.py:4180} INFO - Setting next_dagrun for example_xcom to 2021-01-01 00:00:00+00:00, run_after=2021-01-01 00:00:00+00:00
[2025-02-04T14:33:43.211+0000] {processor.py:208} INFO - Processing /home/airflow/.local/lib/python3.12/site-packages/airflow/example_dags/example_xcom.py took 0.125 seconds
[2025-02-04T14:34:13.744+0000] {processor.py:186} INFO - Started process (PID=282) to work on /home/airflow/.local/lib/python3.12/site-packages/airflow/example_dags/example_xcom.py
[2025-02-04T14:34:13.746+0000] {processor.py:914} INFO - Processing file /home/airflow/.local/lib/python3.12/site-packages/airflow/example_dags/example_xcom.py for tasks to queue
[2025-02-04T14:34:13.750+0000] {logging_mixin.py:190} INFO - [2025-02-04T14:34:13.749+0000] {dagbag.py:588} INFO - Filling up the DagBag from /home/airflow/.local/lib/python3.12/site-packages/airflow/example_dags/example_xcom.py
[2025-02-04T14:34:13.763+0000] {processor.py:925} INFO - DAG(s) 'example_xcom' retrieved from /home/airflow/.local/lib/python3.12/site-packages/airflow/example_dags/example_xcom.py
[2025-02-04T14:34:13.795+0000] {logging_mixin.py:190} INFO - [2025-02-04T14:34:13.795+0000] {dag.py:3239} INFO - Sync 1 DAGs
[2025-02-04T14:34:13.832+0000] {logging_mixin.py:190} INFO - [2025-02-04T14:34:13.832+0000] {dag.py:4180} INFO - Setting next_dagrun for example_xcom to 2021-01-01 00:00:00+00:00, run_after=2021-01-01 00:00:00+00:00
[2025-02-04T14:34:13.867+0000] {processor.py:208} INFO - Processing /home/airflow/.local/lib/python3.12/site-packages/airflow/example_dags/example_xcom.py took 0.137 seconds
[2025-02-04T14:34:45.404+0000] {processor.py:186} INFO - Started process (PID=346) to work on /home/airflow/.local/lib/python3.12/site-packages/airflow/example_dags/example_xcom.py
[2025-02-04T14:34:45.405+0000] {processor.py:914} INFO - Processing file /home/airflow/.local/lib/python3.12/site-packages/airflow/example_dags/example_xcom.py for tasks to queue
[2025-02-04T14:34:45.409+0000] {logging_mixin.py:190} INFO - [2025-02-04T14:34:45.408+0000] {dagbag.py:588} INFO - Filling up the DagBag from /home/airflow/.local/lib/python3.12/site-packages/airflow/example_dags/example_xcom.py
[2025-02-04T14:34:45.427+0000] {processor.py:925} INFO - DAG(s) 'example_xcom' retrieved from /home/airflow/.local/lib/python3.12/site-packages/airflow/example_dags/example_xcom.py
[2025-02-04T14:34:45.470+0000] {logging_mixin.py:190} INFO - [2025-02-04T14:34:45.469+0000] {dag.py:3239} INFO - Sync 1 DAGs
[2025-02-04T14:34:45.512+0000] {logging_mixin.py:190} INFO - [2025-02-04T14:34:45.511+0000] {dag.py:4180} INFO - Setting next_dagrun for example_xcom to 2021-01-01 00:00:00+00:00, run_after=2021-01-01 00:00:00+00:00
[2025-02-04T14:34:45.543+0000] {processor.py:208} INFO - Processing /home/airflow/.local/lib/python3.12/site-packages/airflow/example_dags/example_xcom.py took 0.151 seconds
[2025-02-04T14:35:17.073+0000] {processor.py:186} INFO - Started process (PID=416) to work on /home/airflow/.local/lib/python3.12/site-packages/airflow/example_dags/example_xcom.py
[2025-02-04T14:35:17.075+0000] {processor.py:914} INFO - Processing file /home/airflow/.local/lib/python3.12/site-packages/airflow/example_dags/example_xcom.py for tasks to queue
[2025-02-04T14:35:17.081+0000] {logging_mixin.py:190} INFO - [2025-02-04T14:35:17.081+0000] {dagbag.py:588} INFO - Filling up the DagBag from /home/airflow/.local/lib/python3.12/site-packages/airflow/example_dags/example_xcom.py
[2025-02-04T14:35:17.100+0000] {processor.py:925} INFO - DAG(s) 'example_xcom' retrieved from /home/airflow/.local/lib/python3.12/site-packages/airflow/example_dags/example_xcom.py
[2025-02-04T14:35:17.145+0000] {logging_mixin.py:190} INFO - [2025-02-04T14:35:17.145+0000] {dag.py:3239} INFO - Sync 1 DAGs
[2025-02-04T14:35:17.186+0000] {logging_mixin.py:190} INFO - [2025-02-04T14:35:17.186+0000] {dag.py:4180} INFO - Setting next_dagrun for example_xcom to 2021-01-01 00:00:00+00:00, run_after=2021-01-01 00:00:00+00:00
[2025-02-04T14:35:17.218+0000] {processor.py:208} INFO - Processing /home/airflow/.local/lib/python3.12/site-packages/airflow/example_dags/example_xcom.py took 0.158 seconds
[2025-02-04T14:35:53.372+0000] {processor.py:186} INFO - Started process (PID=479) to work on /home/airflow/.local/lib/python3.12/site-packages/airflow/example_dags/example_xcom.py
[2025-02-04T14:35:53.374+0000] {processor.py:914} INFO - Processing file /home/airflow/.local/lib/python3.12/site-packages/airflow/example_dags/example_xcom.py for tasks to queue
[2025-02-04T14:35:53.379+0000] {logging_mixin.py:190} INFO - [2025-02-04T14:35:53.379+0000] {dagbag.py:588} INFO - Filling up the DagBag from /home/airflow/.local/lib/python3.12/site-packages/airflow/example_dags/example_xcom.py
[2025-02-04T14:35:53.406+0000] {processor.py:925} INFO - DAG(s) 'example_xcom' retrieved from /home/airflow/.local/lib/python3.12/site-packages/airflow/example_dags/example_xcom.py
[2025-02-04T14:35:53.483+0000] {logging_mixin.py:190} INFO - [2025-02-04T14:35:53.482+0000] {dag.py:3239} INFO - Sync 1 DAGs
[2025-02-04T14:35:53.593+0000] {logging_mixin.py:190} INFO - [2025-02-04T14:35:53.593+0000] {dag.py:4180} INFO - Setting next_dagrun for example_xcom to 2021-01-01 00:00:00+00:00, run_after=2021-01-01 00:00:00+00:00
[2025-02-04T14:35:53.848+0000] {processor.py:208} INFO - Processing /home/airflow/.local/lib/python3.12/site-packages/airflow/example_dags/example_xcom.py took 0.488 seconds
[2025-02-04T14:36:36.527+0000] {processor.py:186} INFO - Started process (PID=543) to work on /home/airflow/.local/lib/python3.12/site-packages/airflow/example_dags/example_xcom.py
[2025-02-04T14:36:36.541+0000] {processor.py:914} INFO - Processing file /home/airflow/.local/lib/python3.12/site-packages/airflow/example_dags/example_xcom.py for tasks to queue
[2025-02-04T14:36:36.564+0000] {logging_mixin.py:190} INFO - [2025-02-04T14:36:36.563+0000] {dagbag.py:588} INFO - Filling up the DagBag from /home/airflow/.local/lib/python3.12/site-packages/airflow/example_dags/example_xcom.py
[2025-02-04T14:36:36.635+0000] {processor.py:925} INFO - DAG(s) 'example_xcom' retrieved from /home/airflow/.local/lib/python3.12/site-packages/airflow/example_dags/example_xcom.py
[2025-02-04T14:36:36.857+0000] {logging_mixin.py:190} INFO - [2025-02-04T14:36:36.857+0000] {dag.py:3239} INFO - Sync 1 DAGs
[2025-02-04T14:36:37.081+0000] {logging_mixin.py:190} INFO - [2025-02-04T14:36:37.081+0000] {dag.py:4180} INFO - Setting next_dagrun for example_xcom to 2021-01-01 00:00:00+00:00, run_after=2021-01-01 00:00:00+00:00
[2025-02-04T14:36:37.292+0000] {processor.py:208} INFO - Processing /home/airflow/.local/lib/python3.12/site-packages/airflow/example_dags/example_xcom.py took 0.806 seconds
[2025-02-04T14:37:08.992+0000] {processor.py:186} INFO - Started process (PID=608) to work on /home/airflow/.local/lib/python3.12/site-packages/airflow/example_dags/example_xcom.py
[2025-02-04T14:37:08.994+0000] {processor.py:914} INFO - Processing file /home/airflow/.local/lib/python3.12/site-packages/airflow/example_dags/example_xcom.py for tasks to queue
[2025-02-04T14:37:09.001+0000] {logging_mixin.py:190} INFO - [2025-02-04T14:37:09.000+0000] {dagbag.py:588} INFO - Filling up the DagBag from /home/airflow/.local/lib/python3.12/site-packages/airflow/example_dags/example_xcom.py
[2025-02-04T14:37:09.039+0000] {processor.py:925} INFO - DAG(s) 'example_xcom' retrieved from /home/airflow/.local/lib/python3.12/site-packages/airflow/example_dags/example_xcom.py
[2025-02-04T14:37:09.093+0000] {logging_mixin.py:190} INFO - [2025-02-04T14:37:09.093+0000] {dag.py:3239} INFO - Sync 1 DAGs
[2025-02-04T14:37:09.183+0000] {logging_mixin.py:190} INFO - [2025-02-04T14:37:09.182+0000] {dag.py:4180} INFO - Setting next_dagrun for example_xcom to 2021-01-01 00:00:00+00:00, run_after=2021-01-01 00:00:00+00:00
[2025-02-04T14:37:09.370+0000] {processor.py:208} INFO - Processing /home/airflow/.local/lib/python3.12/site-packages/airflow/example_dags/example_xcom.py took 0.392 seconds
[2025-02-04T14:37:46.448+0000] {processor.py:186} INFO - Started process (PID=671) to work on /home/airflow/.local/lib/python3.12/site-packages/airflow/example_dags/example_xcom.py
[2025-02-04T14:37:46.451+0000] {processor.py:914} INFO - Processing file /home/airflow/.local/lib/python3.12/site-packages/airflow/example_dags/example_xcom.py for tasks to queue
[2025-02-04T14:37:46.466+0000] {logging_mixin.py:190} INFO - [2025-02-04T14:37:46.461+0000] {dagbag.py:588} INFO - Filling up the DagBag from /home/airflow/.local/lib/python3.12/site-packages/airflow/example_dags/example_xcom.py
[2025-02-04T14:37:46.516+0000] {processor.py:925} INFO - DAG(s) 'example_xcom' retrieved from /home/airflow/.local/lib/python3.12/site-packages/airflow/example_dags/example_xcom.py
[2025-02-04T14:37:46.612+0000] {logging_mixin.py:190} INFO - [2025-02-04T14:37:46.611+0000] {dag.py:3239} INFO - Sync 1 DAGs
[2025-02-04T14:37:46.694+0000] {logging_mixin.py:190} INFO - [2025-02-04T14:37:46.694+0000] {dag.py:4180} INFO - Setting next_dagrun for example_xcom to 2021-01-01 00:00:00+00:00, run_after=2021-01-01 00:00:00+00:00
[2025-02-04T14:37:46.767+0000] {processor.py:208} INFO - Processing /home/airflow/.local/lib/python3.12/site-packages/airflow/example_dags/example_xcom.py took 0.351 seconds
[2025-02-04T14:38:17.606+0000] {processor.py:186} INFO - Started process (PID=736) to work on /home/airflow/.local/lib/python3.12/site-packages/airflow/example_dags/example_xcom.py
[2025-02-04T14:38:17.607+0000] {processor.py:914} INFO - Processing file /home/airflow/.local/lib/python3.12/site-packages/airflow/example_dags/example_xcom.py for tasks to queue
[2025-02-04T14:38:17.614+0000] {logging_mixin.py:190} INFO - [2025-02-04T14:38:17.613+0000] {dagbag.py:588} INFO - Filling up the DagBag from /home/airflow/.local/lib/python3.12/site-packages/airflow/example_dags/example_xcom.py
[2025-02-04T14:38:17.633+0000] {processor.py:925} INFO - DAG(s) 'example_xcom' retrieved from /home/airflow/.local/lib/python3.12/site-packages/airflow/example_dags/example_xcom.py
[2025-02-04T14:38:17.706+0000] {logging_mixin.py:190} INFO - [2025-02-04T14:38:17.704+0000] {dag.py:3239} INFO - Sync 1 DAGs
[2025-02-04T14:38:17.819+0000] {logging_mixin.py:190} INFO - [2025-02-04T14:38:17.818+0000] {dag.py:4180} INFO - Setting next_dagrun for example_xcom to 2021-01-01 00:00:00+00:00, run_after=2021-01-01 00:00:00+00:00
[2025-02-04T14:38:17.865+0000] {processor.py:208} INFO - Processing /home/airflow/.local/lib/python3.12/site-packages/airflow/example_dags/example_xcom.py took 0.268 seconds
[2025-02-04T14:38:48.052+0000] {processor.py:186} INFO - Started process (PID=799) to work on /home/airflow/.local/lib/python3.12/site-packages/airflow/example_dags/example_xcom.py
[2025-02-04T14:38:48.054+0000] {processor.py:914} INFO - Processing file /home/airflow/.local/lib/python3.12/site-packages/airflow/example_dags/example_xcom.py for tasks to queue
[2025-02-04T14:38:48.061+0000] {logging_mixin.py:190} INFO - [2025-02-04T14:38:48.060+0000] {dagbag.py:588} INFO - Filling up the DagBag from /home/airflow/.local/lib/python3.12/site-packages/airflow/example_dags/example_xcom.py
[2025-02-04T14:38:48.086+0000] {processor.py:925} INFO - DAG(s) 'example_xcom' retrieved from /home/airflow/.local/lib/python3.12/site-packages/airflow/example_dags/example_xcom.py
[2025-02-04T14:38:48.159+0000] {logging_mixin.py:190} INFO - [2025-02-04T14:38:48.158+0000] {dag.py:3239} INFO - Sync 1 DAGs
[2025-02-04T14:38:48.250+0000] {logging_mixin.py:190} INFO - [2025-02-04T14:38:48.250+0000] {dag.py:4180} INFO - Setting next_dagrun for example_xcom to 2021-01-01 00:00:00+00:00, run_after=2021-01-01 00:00:00+00:00
[2025-02-04T14:38:48.327+0000] {processor.py:208} INFO - Processing /home/airflow/.local/lib/python3.12/site-packages/airflow/example_dags/example_xcom.py took 0.286 seconds
[2025-02-04T14:39:19.088+0000] {processor.py:186} INFO - Started process (PID=863) to work on /home/airflow/.local/lib/python3.12/site-packages/airflow/example_dags/example_xcom.py
[2025-02-04T14:39:19.090+0000] {processor.py:914} INFO - Processing file /home/airflow/.local/lib/python3.12/site-packages/airflow/example_dags/example_xcom.py for tasks to queue
[2025-02-04T14:39:19.094+0000] {logging_mixin.py:190} INFO - [2025-02-04T14:39:19.093+0000] {dagbag.py:588} INFO - Filling up the DagBag from /home/airflow/.local/lib/python3.12/site-packages/airflow/example_dags/example_xcom.py
[2025-02-04T14:39:19.108+0000] {processor.py:925} INFO - DAG(s) 'example_xcom' retrieved from /home/airflow/.local/lib/python3.12/site-packages/airflow/example_dags/example_xcom.py
[2025-02-04T14:39:19.139+0000] {logging_mixin.py:190} INFO - [2025-02-04T14:39:19.138+0000] {dag.py:3239} INFO - Sync 1 DAGs
[2025-02-04T14:39:19.173+0000] {logging_mixin.py:190} INFO - [2025-02-04T14:39:19.172+0000] {dag.py:4180} INFO - Setting next_dagrun for example_xcom to 2021-01-01 00:00:00+00:00, run_after=2021-01-01 00:00:00+00:00
[2025-02-04T14:39:19.207+0000] {processor.py:208} INFO - Processing /home/airflow/.local/lib/python3.12/site-packages/airflow/example_dags/example_xcom.py took 0.127 seconds
[2025-02-04T14:39:49.519+0000] {processor.py:186} INFO - Started process (PID=927) to work on /home/airflow/.local/lib/python3.12/site-packages/airflow/example_dags/example_xcom.py
[2025-02-04T14:39:49.520+0000] {processor.py:914} INFO - Processing file /home/airflow/.local/lib/python3.12/site-packages/airflow/example_dags/example_xcom.py for tasks to queue
[2025-02-04T14:39:49.524+0000] {logging_mixin.py:190} INFO - [2025-02-04T14:39:49.524+0000] {dagbag.py:588} INFO - Filling up the DagBag from /home/airflow/.local/lib/python3.12/site-packages/airflow/example_dags/example_xcom.py
[2025-02-04T14:39:49.542+0000] {processor.py:925} INFO - DAG(s) 'example_xcom' retrieved from /home/airflow/.local/lib/python3.12/site-packages/airflow/example_dags/example_xcom.py
[2025-02-04T14:39:49.574+0000] {logging_mixin.py:190} INFO - [2025-02-04T14:39:49.573+0000] {dag.py:3239} INFO - Sync 1 DAGs
[2025-02-04T14:39:49.609+0000] {logging_mixin.py:190} INFO - [2025-02-04T14:39:49.609+0000] {dag.py:4180} INFO - Setting next_dagrun for example_xcom to 2021-01-01 00:00:00+00:00, run_after=2021-01-01 00:00:00+00:00
[2025-02-04T14:39:49.654+0000] {processor.py:208} INFO - Processing /home/airflow/.local/lib/python3.12/site-packages/airflow/example_dags/example_xcom.py took 0.146 seconds
[2025-02-04T14:40:20.541+0000] {processor.py:186} INFO - Started process (PID=992) to work on /home/airflow/.local/lib/python3.12/site-packages/airflow/example_dags/example_xcom.py
[2025-02-04T14:40:20.543+0000] {processor.py:914} INFO - Processing file /home/airflow/.local/lib/python3.12/site-packages/airflow/example_dags/example_xcom.py for tasks to queue
[2025-02-04T14:40:20.548+0000] {logging_mixin.py:190} INFO - [2025-02-04T14:40:20.547+0000] {dagbag.py:588} INFO - Filling up the DagBag from /home/airflow/.local/lib/python3.12/site-packages/airflow/example_dags/example_xcom.py
[2025-02-04T14:40:20.566+0000] {processor.py:925} INFO - DAG(s) 'example_xcom' retrieved from /home/airflow/.local/lib/python3.12/site-packages/airflow/example_dags/example_xcom.py
[2025-02-04T14:40:20.605+0000] {logging_mixin.py:190} INFO - [2025-02-04T14:40:20.604+0000] {dag.py:3239} INFO - Sync 1 DAGs
[2025-02-04T14:40:20.650+0000] {logging_mixin.py:190} INFO - [2025-02-04T14:40:20.650+0000] {dag.py:4180} INFO - Setting next_dagrun for example_xcom to 2021-01-01 00:00:00+00:00, run_after=2021-01-01 00:00:00+00:00
[2025-02-04T14:40:20.682+0000] {processor.py:208} INFO - Processing /home/airflow/.local/lib/python3.12/site-packages/airflow/example_dags/example_xcom.py took 0.151 seconds
[2025-02-04T14:40:50.941+0000] {processor.py:186} INFO - Started process (PID=1057) to work on /home/airflow/.local/lib/python3.12/site-packages/airflow/example_dags/example_xcom.py
[2025-02-04T14:40:50.943+0000] {processor.py:914} INFO - Processing file /home/airflow/.local/lib/python3.12/site-packages/airflow/example_dags/example_xcom.py for tasks to queue
[2025-02-04T14:40:50.947+0000] {logging_mixin.py:190} INFO - [2025-02-04T14:40:50.947+0000] {dagbag.py:588} INFO - Filling up the DagBag from /home/airflow/.local/lib/python3.12/site-packages/airflow/example_dags/example_xcom.py
[2025-02-04T14:40:50.970+0000] {processor.py:925} INFO - DAG(s) 'example_xcom' retrieved from /home/airflow/.local/lib/python3.12/site-packages/airflow/example_dags/example_xcom.py
[2025-02-04T14:40:51.014+0000] {logging_mixin.py:190} INFO - [2025-02-04T14:40:51.014+0000] {dag.py:3239} INFO - Sync 1 DAGs
[2025-02-04T14:40:51.062+0000] {logging_mixin.py:190} INFO - [2025-02-04T14:40:51.061+0000] {dag.py:4180} INFO - Setting next_dagrun for example_xcom to 2021-01-01 00:00:00+00:00, run_after=2021-01-01 00:00:00+00:00
[2025-02-04T14:40:51.093+0000] {processor.py:208} INFO - Processing /home/airflow/.local/lib/python3.12/site-packages/airflow/example_dags/example_xcom.py took 0.164 seconds
[2025-02-04T14:41:21.166+0000] {processor.py:186} INFO - Started process (PID=1121) to work on /home/airflow/.local/lib/python3.12/site-packages/airflow/example_dags/example_xcom.py
[2025-02-04T14:41:21.169+0000] {processor.py:914} INFO - Processing file /home/airflow/.local/lib/python3.12/site-packages/airflow/example_dags/example_xcom.py for tasks to queue
[2025-02-04T14:41:21.183+0000] {logging_mixin.py:190} INFO - [2025-02-04T14:41:21.182+0000] {dagbag.py:588} INFO - Filling up the DagBag from /home/airflow/.local/lib/python3.12/site-packages/airflow/example_dags/example_xcom.py
[2025-02-04T14:41:21.204+0000] {processor.py:925} INFO - DAG(s) 'example_xcom' retrieved from /home/airflow/.local/lib/python3.12/site-packages/airflow/example_dags/example_xcom.py
[2025-02-04T14:41:21.235+0000] {logging_mixin.py:190} INFO - [2025-02-04T14:41:21.235+0000] {dag.py:3239} INFO - Sync 1 DAGs
[2025-02-04T14:41:21.293+0000] {logging_mixin.py:190} INFO - [2025-02-04T14:41:21.292+0000] {dag.py:4180} INFO - Setting next_dagrun for example_xcom to 2021-01-01 00:00:00+00:00, run_after=2021-01-01 00:00:00+00:00
[2025-02-04T14:41:21.353+0000] {processor.py:208} INFO - Processing /home/airflow/.local/lib/python3.12/site-packages/airflow/example_dags/example_xcom.py took 0.210 seconds
[2025-02-04T14:41:51.687+0000] {processor.py:186} INFO - Started process (PID=1185) to work on /home/airflow/.local/lib/python3.12/site-packages/airflow/example_dags/example_xcom.py
[2025-02-04T14:41:51.689+0000] {processor.py:914} INFO - Processing file /home/airflow/.local/lib/python3.12/site-packages/airflow/example_dags/example_xcom.py for tasks to queue
[2025-02-04T14:41:51.692+0000] {logging_mixin.py:190} INFO - [2025-02-04T14:41:51.691+0000] {dagbag.py:588} INFO - Filling up the DagBag from /home/airflow/.local/lib/python3.12/site-packages/airflow/example_dags/example_xcom.py
[2025-02-04T14:41:51.705+0000] {processor.py:925} INFO - DAG(s) 'example_xcom' retrieved from /home/airflow/.local/lib/python3.12/site-packages/airflow/example_dags/example_xcom.py
[2025-02-04T14:41:51.758+0000] {logging_mixin.py:190} INFO - [2025-02-04T14:41:51.757+0000] {dag.py:3239} INFO - Sync 1 DAGs
[2025-02-04T14:41:51.801+0000] {logging_mixin.py:190} INFO - [2025-02-04T14:41:51.801+0000] {dag.py:4180} INFO - Setting next_dagrun for example_xcom to 2021-01-01 00:00:00+00:00, run_after=2021-01-01 00:00:00+00:00
[2025-02-04T14:41:51.834+0000] {processor.py:208} INFO - Processing /home/airflow/.local/lib/python3.12/site-packages/airflow/example_dags/example_xcom.py took 0.155 seconds
[2025-02-04T14:42:21.993+0000] {processor.py:186} INFO - Started process (PID=1249) to work on /home/airflow/.local/lib/python3.12/site-packages/airflow/example_dags/example_xcom.py
[2025-02-04T14:42:21.995+0000] {processor.py:914} INFO - Processing file /home/airflow/.local/lib/python3.12/site-packages/airflow/example_dags/example_xcom.py for tasks to queue
[2025-02-04T14:42:22.005+0000] {logging_mixin.py:190} INFO - [2025-02-04T14:42:22.002+0000] {dagbag.py:588} INFO - Filling up the DagBag from /home/airflow/.local/lib/python3.12/site-packages/airflow/example_dags/example_xcom.py
[2025-02-04T14:42:22.034+0000] {processor.py:925} INFO - DAG(s) 'example_xcom' retrieved from /home/airflow/.local/lib/python3.12/site-packages/airflow/example_dags/example_xcom.py
[2025-02-04T14:42:22.067+0000] {logging_mixin.py:190} INFO - [2025-02-04T14:42:22.065+0000] {dag.py:3239} INFO - Sync 1 DAGs
[2025-02-04T14:42:22.109+0000] {logging_mixin.py:190} INFO - [2025-02-04T14:42:22.109+0000] {dag.py:4180} INFO - Setting next_dagrun for example_xcom to 2021-01-01 00:00:00+00:00, run_after=2021-01-01 00:00:00+00:00
[2025-02-04T14:42:22.139+0000] {processor.py:208} INFO - Processing /home/airflow/.local/lib/python3.12/site-packages/airflow/example_dags/example_xcom.py took 0.160 seconds
[2025-02-04T14:42:52.308+0000] {processor.py:186} INFO - Started process (PID=1313) to work on /home/airflow/.local/lib/python3.12/site-packages/airflow/example_dags/example_xcom.py
[2025-02-04T14:42:52.310+0000] {processor.py:914} INFO - Processing file /home/airflow/.local/lib/python3.12/site-packages/airflow/example_dags/example_xcom.py for tasks to queue
[2025-02-04T14:42:52.315+0000] {logging_mixin.py:190} INFO - [2025-02-04T14:42:52.314+0000] {dagbag.py:588} INFO - Filling up the DagBag from /home/airflow/.local/lib/python3.12/site-packages/airflow/example_dags/example_xcom.py
[2025-02-04T14:42:52.334+0000] {processor.py:925} INFO - DAG(s) 'example_xcom' retrieved from /home/airflow/.local/lib/python3.12/site-packages/airflow/example_dags/example_xcom.py
[2025-02-04T14:42:52.374+0000] {logging_mixin.py:190} INFO - [2025-02-04T14:42:52.373+0000] {dag.py:3239} INFO - Sync 1 DAGs
[2025-02-04T14:42:52.409+0000] {logging_mixin.py:190} INFO - [2025-02-04T14:42:52.409+0000] {dag.py:4180} INFO - Setting next_dagrun for example_xcom to 2021-01-01 00:00:00+00:00, run_after=2021-01-01 00:00:00+00:00
[2025-02-04T14:42:52.441+0000] {processor.py:208} INFO - Processing /home/airflow/.local/lib/python3.12/site-packages/airflow/example_dags/example_xcom.py took 0.145 seconds
[2025-02-04T14:43:22.506+0000] {processor.py:186} INFO - Started process (PID=1377) to work on /home/airflow/.local/lib/python3.12/site-packages/airflow/example_dags/example_xcom.py
[2025-02-04T14:43:22.508+0000] {processor.py:914} INFO - Processing file /home/airflow/.local/lib/python3.12/site-packages/airflow/example_dags/example_xcom.py for tasks to queue
[2025-02-04T14:43:22.511+0000] {logging_mixin.py:190} INFO - [2025-02-04T14:43:22.511+0000] {dagbag.py:588} INFO - Filling up the DagBag from /home/airflow/.local/lib/python3.12/site-packages/airflow/example_dags/example_xcom.py
[2025-02-04T14:43:22.525+0000] {processor.py:925} INFO - DAG(s) 'example_xcom' retrieved from /home/airflow/.local/lib/python3.12/site-packages/airflow/example_dags/example_xcom.py
[2025-02-04T14:43:22.555+0000] {logging_mixin.py:190} INFO - [2025-02-04T14:43:22.555+0000] {dag.py:3239} INFO - Sync 1 DAGs
[2025-02-04T14:43:22.590+0000] {logging_mixin.py:190} INFO - [2025-02-04T14:43:22.590+0000] {dag.py:4180} INFO - Setting next_dagrun for example_xcom to 2021-01-01 00:00:00+00:00, run_after=2021-01-01 00:00:00+00:00
[2025-02-04T14:43:22.617+0000] {processor.py:208} INFO - Processing /home/airflow/.local/lib/python3.12/site-packages/airflow/example_dags/example_xcom.py took 0.120 seconds
[2025-02-04T14:43:53.231+0000] {processor.py:186} INFO - Started process (PID=1440) to work on /home/airflow/.local/lib/python3.12/site-packages/airflow/example_dags/example_xcom.py
[2025-02-04T14:43:53.232+0000] {processor.py:914} INFO - Processing file /home/airflow/.local/lib/python3.12/site-packages/airflow/example_dags/example_xcom.py for tasks to queue
[2025-02-04T14:43:53.238+0000] {logging_mixin.py:190} INFO - [2025-02-04T14:43:53.238+0000] {dagbag.py:588} INFO - Filling up the DagBag from /home/airflow/.local/lib/python3.12/site-packages/airflow/example_dags/example_xcom.py
[2025-02-04T14:43:53.254+0000] {processor.py:925} INFO - DAG(s) 'example_xcom' retrieved from /home/airflow/.local/lib/python3.12/site-packages/airflow/example_dags/example_xcom.py
[2025-02-04T14:43:53.303+0000] {logging_mixin.py:190} INFO - [2025-02-04T14:43:53.303+0000] {dag.py:3239} INFO - Sync 1 DAGs
[2025-02-04T14:43:53.349+0000] {logging_mixin.py:190} INFO - [2025-02-04T14:43:53.349+0000] {dag.py:4180} INFO - Setting next_dagrun for example_xcom to 2021-01-01 00:00:00+00:00, run_after=2021-01-01 00:00:00+00:00
[2025-02-04T14:43:53.390+0000] {processor.py:208} INFO - Processing /home/airflow/.local/lib/python3.12/site-packages/airflow/example_dags/example_xcom.py took 0.171 seconds
[2025-02-04T14:44:23.704+0000] {processor.py:186} INFO - Started process (PID=1503) to work on /home/airflow/.local/lib/python3.12/site-packages/airflow/example_dags/example_xcom.py
[2025-02-04T14:44:23.705+0000] {processor.py:914} INFO - Processing file /home/airflow/.local/lib/python3.12/site-packages/airflow/example_dags/example_xcom.py for tasks to queue
[2025-02-04T14:44:23.709+0000] {logging_mixin.py:190} INFO - [2025-02-04T14:44:23.709+0000] {dagbag.py:588} INFO - Filling up the DagBag from /home/airflow/.local/lib/python3.12/site-packages/airflow/example_dags/example_xcom.py
[2025-02-04T14:44:23.722+0000] {processor.py:925} INFO - DAG(s) 'example_xcom' retrieved from /home/airflow/.local/lib/python3.12/site-packages/airflow/example_dags/example_xcom.py
[2025-02-04T14:44:23.751+0000] {logging_mixin.py:190} INFO - [2025-02-04T14:44:23.751+0000] {dag.py:3239} INFO - Sync 1 DAGs
[2025-02-04T14:44:23.784+0000] {logging_mixin.py:190} INFO - [2025-02-04T14:44:23.783+0000] {dag.py:4180} INFO - Setting next_dagrun for example_xcom to 2021-01-01 00:00:00+00:00, run_after=2021-01-01 00:00:00+00:00
[2025-02-04T14:44:23.814+0000] {processor.py:208} INFO - Processing /home/airflow/.local/lib/python3.12/site-packages/airflow/example_dags/example_xcom.py took 0.122 seconds
[2025-02-04T14:44:54.724+0000] {processor.py:186} INFO - Started process (PID=1567) to work on /home/airflow/.local/lib/python3.12/site-packages/airflow/example_dags/example_xcom.py
[2025-02-04T14:44:54.726+0000] {processor.py:914} INFO - Processing file /home/airflow/.local/lib/python3.12/site-packages/airflow/example_dags/example_xcom.py for tasks to queue
[2025-02-04T14:44:54.730+0000] {logging_mixin.py:190} INFO - [2025-02-04T14:44:54.730+0000] {dagbag.py:588} INFO - Filling up the DagBag from /home/airflow/.local/lib/python3.12/site-packages/airflow/example_dags/example_xcom.py
[2025-02-04T14:44:54.746+0000] {processor.py:925} INFO - DAG(s) 'example_xcom' retrieved from /home/airflow/.local/lib/python3.12/site-packages/airflow/example_dags/example_xcom.py
[2025-02-04T14:44:54.777+0000] {logging_mixin.py:190} INFO - [2025-02-04T14:44:54.776+0000] {dag.py:3239} INFO - Sync 1 DAGs
[2025-02-04T14:44:54.809+0000] {logging_mixin.py:190} INFO - [2025-02-04T14:44:54.809+0000] {dag.py:4180} INFO - Setting next_dagrun for example_xcom to 2021-01-01 00:00:00+00:00, run_after=2021-01-01 00:00:00+00:00
[2025-02-04T14:44:54.839+0000] {processor.py:208} INFO - Processing /home/airflow/.local/lib/python3.12/site-packages/airflow/example_dags/example_xcom.py took 0.123 seconds
[2025-02-04T14:45:24.976+0000] {processor.py:186} INFO - Started process (PID=1631) to work on /home/airflow/.local/lib/python3.12/site-packages/airflow/example_dags/example_xcom.py
[2025-02-04T14:45:24.978+0000] {processor.py:914} INFO - Processing file /home/airflow/.local/lib/python3.12/site-packages/airflow/example_dags/example_xcom.py for tasks to queue
[2025-02-04T14:45:24.983+0000] {logging_mixin.py:190} INFO - [2025-02-04T14:45:24.983+0000] {dagbag.py:588} INFO - Filling up the DagBag from /home/airflow/.local/lib/python3.12/site-packages/airflow/example_dags/example_xcom.py
[2025-02-04T14:45:25.003+0000] {processor.py:925} INFO - DAG(s) 'example_xcom' retrieved from /home/airflow/.local/lib/python3.12/site-packages/airflow/example_dags/example_xcom.py
[2025-02-04T14:45:25.057+0000] {logging_mixin.py:190} INFO - [2025-02-04T14:45:25.056+0000] {dag.py:3239} INFO - Sync 1 DAGs
[2025-02-04T14:45:25.094+0000] {logging_mixin.py:190} INFO - [2025-02-04T14:45:25.093+0000] {dag.py:4180} INFO - Setting next_dagrun for example_xcom to 2021-01-01 00:00:00+00:00, run_after=2021-01-01 00:00:00+00:00
[2025-02-04T14:45:25.123+0000] {processor.py:208} INFO - Processing /home/airflow/.local/lib/python3.12/site-packages/airflow/example_dags/example_xcom.py took 0.161 seconds
[2025-02-04T14:45:55.853+0000] {processor.py:186} INFO - Started process (PID=1695) to work on /home/airflow/.local/lib/python3.12/site-packages/airflow/example_dags/example_xcom.py
[2025-02-04T14:45:55.855+0000] {processor.py:914} INFO - Processing file /home/airflow/.local/lib/python3.12/site-packages/airflow/example_dags/example_xcom.py for tasks to queue
[2025-02-04T14:45:55.859+0000] {logging_mixin.py:190} INFO - [2025-02-04T14:45:55.858+0000] {dagbag.py:588} INFO - Filling up the DagBag from /home/airflow/.local/lib/python3.12/site-packages/airflow/example_dags/example_xcom.py
[2025-02-04T14:45:55.876+0000] {processor.py:925} INFO - DAG(s) 'example_xcom' retrieved from /home/airflow/.local/lib/python3.12/site-packages/airflow/example_dags/example_xcom.py
[2025-02-04T14:45:55.911+0000] {logging_mixin.py:190} INFO - [2025-02-04T14:45:55.911+0000] {dag.py:3239} INFO - Sync 1 DAGs
[2025-02-04T14:45:55.948+0000] {logging_mixin.py:190} INFO - [2025-02-04T14:45:55.948+0000] {dag.py:4180} INFO - Setting next_dagrun for example_xcom to 2021-01-01 00:00:00+00:00, run_after=2021-01-01 00:00:00+00:00
[2025-02-04T14:45:55.979+0000] {processor.py:208} INFO - Processing /home/airflow/.local/lib/python3.12/site-packages/airflow/example_dags/example_xcom.py took 0.137 seconds
[2025-02-04T14:49:08.604+0000] {processor.py:186} INFO - Started process (PID=80) to work on /home/airflow/.local/lib/python3.12/site-packages/airflow/example_dags/example_xcom.py
[2025-02-04T14:49:08.606+0000] {processor.py:914} INFO - Processing file /home/airflow/.local/lib/python3.12/site-packages/airflow/example_dags/example_xcom.py for tasks to queue
[2025-02-04T14:49:08.611+0000] {logging_mixin.py:190} INFO - [2025-02-04T14:49:08.610+0000] {dagbag.py:588} INFO - Filling up the DagBag from /home/airflow/.local/lib/python3.12/site-packages/airflow/example_dags/example_xcom.py
[2025-02-04T14:49:08.639+0000] {processor.py:925} INFO - DAG(s) 'example_xcom' retrieved from /home/airflow/.local/lib/python3.12/site-packages/airflow/example_dags/example_xcom.py
[2025-02-04T14:49:08.689+0000] {logging_mixin.py:190} INFO - [2025-02-04T14:49:08.689+0000] {dag.py:3239} INFO - Sync 1 DAGs
[2025-02-04T14:49:08.745+0000] {logging_mixin.py:190} INFO - [2025-02-04T14:49:08.744+0000] {dag.py:4180} INFO - Setting next_dagrun for example_xcom to 2021-01-01 00:00:00+00:00, run_after=2021-01-01 00:00:00+00:00
[2025-02-04T14:49:08.788+0000] {processor.py:208} INFO - Processing /home/airflow/.local/lib/python3.12/site-packages/airflow/example_dags/example_xcom.py took 0.199 seconds
[2025-02-04T14:49:48.675+0000] {processor.py:186} INFO - Started process (PID=144) to work on /home/airflow/.local/lib/python3.12/site-packages/airflow/example_dags/example_xcom.py
[2025-02-04T14:49:48.679+0000] {processor.py:914} INFO - Processing file /home/airflow/.local/lib/python3.12/site-packages/airflow/example_dags/example_xcom.py for tasks to queue
[2025-02-04T14:49:48.686+0000] {logging_mixin.py:190} INFO - [2025-02-04T14:49:48.685+0000] {dagbag.py:588} INFO - Filling up the DagBag from /home/airflow/.local/lib/python3.12/site-packages/airflow/example_dags/example_xcom.py
[2025-02-04T14:49:48.709+0000] {processor.py:925} INFO - DAG(s) 'example_xcom' retrieved from /home/airflow/.local/lib/python3.12/site-packages/airflow/example_dags/example_xcom.py
[2025-02-04T14:49:48.762+0000] {logging_mixin.py:190} INFO - [2025-02-04T14:49:48.761+0000] {dag.py:3239} INFO - Sync 1 DAGs
[2025-02-04T14:49:48.823+0000] {logging_mixin.py:190} INFO - [2025-02-04T14:49:48.823+0000] {dag.py:4180} INFO - Setting next_dagrun for example_xcom to 2021-01-01 00:00:00+00:00, run_after=2021-01-01 00:00:00+00:00
[2025-02-04T14:49:48.866+0000] {processor.py:208} INFO - Processing /home/airflow/.local/lib/python3.12/site-packages/airflow/example_dags/example_xcom.py took 0.216 seconds
[2025-02-04T14:50:23.314+0000] {processor.py:186} INFO - Started process (PID=208) to work on /home/airflow/.local/lib/python3.12/site-packages/airflow/example_dags/example_xcom.py
[2025-02-04T14:50:23.319+0000] {processor.py:914} INFO - Processing file /home/airflow/.local/lib/python3.12/site-packages/airflow/example_dags/example_xcom.py for tasks to queue
[2025-02-04T14:50:23.325+0000] {logging_mixin.py:190} INFO - [2025-02-04T14:50:23.324+0000] {dagbag.py:588} INFO - Filling up the DagBag from /home/airflow/.local/lib/python3.12/site-packages/airflow/example_dags/example_xcom.py
[2025-02-04T14:50:23.347+0000] {processor.py:925} INFO - DAG(s) 'example_xcom' retrieved from /home/airflow/.local/lib/python3.12/site-packages/airflow/example_dags/example_xcom.py
[2025-02-04T14:50:23.431+0000] {logging_mixin.py:190} INFO - [2025-02-04T14:50:23.431+0000] {dag.py:3239} INFO - Sync 1 DAGs
[2025-02-04T14:50:23.498+0000] {logging_mixin.py:190} INFO - [2025-02-04T14:50:23.498+0000] {dag.py:4180} INFO - Setting next_dagrun for example_xcom to 2021-01-01 00:00:00+00:00, run_after=2021-01-01 00:00:00+00:00
[2025-02-04T14:50:23.535+0000] {processor.py:208} INFO - Processing /home/airflow/.local/lib/python3.12/site-packages/airflow/example_dags/example_xcom.py took 0.231 seconds
[2025-02-04T14:50:57.642+0000] {processor.py:186} INFO - Started process (PID=273) to work on /home/airflow/.local/lib/python3.12/site-packages/airflow/example_dags/example_xcom.py
[2025-02-04T14:50:57.644+0000] {processor.py:914} INFO - Processing file /home/airflow/.local/lib/python3.12/site-packages/airflow/example_dags/example_xcom.py for tasks to queue
[2025-02-04T14:50:57.652+0000] {logging_mixin.py:190} INFO - [2025-02-04T14:50:57.651+0000] {dagbag.py:588} INFO - Filling up the DagBag from /home/airflow/.local/lib/python3.12/site-packages/airflow/example_dags/example_xcom.py
[2025-02-04T14:50:57.678+0000] {processor.py:925} INFO - DAG(s) 'example_xcom' retrieved from /home/airflow/.local/lib/python3.12/site-packages/airflow/example_dags/example_xcom.py
[2025-02-04T14:50:57.763+0000] {logging_mixin.py:190} INFO - [2025-02-04T14:50:57.763+0000] {dag.py:3239} INFO - Sync 1 DAGs
[2025-02-04T14:50:57.843+0000] {logging_mixin.py:190} INFO - [2025-02-04T14:50:57.842+0000] {dag.py:4180} INFO - Setting next_dagrun for example_xcom to 2021-01-01 00:00:00+00:00, run_after=2021-01-01 00:00:00+00:00
[2025-02-04T14:50:57.881+0000] {processor.py:208} INFO - Processing /home/airflow/.local/lib/python3.12/site-packages/airflow/example_dags/example_xcom.py took 0.253 seconds
[2025-02-04T14:51:29.077+0000] {processor.py:186} INFO - Started process (PID=336) to work on /home/airflow/.local/lib/python3.12/site-packages/airflow/example_dags/example_xcom.py
[2025-02-04T14:51:29.079+0000] {processor.py:914} INFO - Processing file /home/airflow/.local/lib/python3.12/site-packages/airflow/example_dags/example_xcom.py for tasks to queue
[2025-02-04T14:51:29.094+0000] {logging_mixin.py:190} INFO - [2025-02-04T14:51:29.093+0000] {dagbag.py:588} INFO - Filling up the DagBag from /home/airflow/.local/lib/python3.12/site-packages/airflow/example_dags/example_xcom.py
[2025-02-04T14:51:29.128+0000] {processor.py:925} INFO - DAG(s) 'example_xcom' retrieved from /home/airflow/.local/lib/python3.12/site-packages/airflow/example_dags/example_xcom.py
[2025-02-04T14:51:29.210+0000] {logging_mixin.py:190} INFO - [2025-02-04T14:51:29.210+0000] {dag.py:3239} INFO - Sync 1 DAGs
[2025-02-04T14:51:29.334+0000] {logging_mixin.py:190} INFO - [2025-02-04T14:51:29.333+0000] {dag.py:4180} INFO - Setting next_dagrun for example_xcom to 2021-01-01 00:00:00+00:00, run_after=2021-01-01 00:00:00+00:00
[2025-02-04T14:51:29.381+0000] {processor.py:208} INFO - Processing /home/airflow/.local/lib/python3.12/site-packages/airflow/example_dags/example_xcom.py took 0.321 seconds
[2025-02-04T14:52:16.808+0000] {processor.py:186} INFO - Started process (PID=406) to work on /home/airflow/.local/lib/python3.12/site-packages/airflow/example_dags/example_xcom.py
[2025-02-04T14:52:16.810+0000] {processor.py:914} INFO - Processing file /home/airflow/.local/lib/python3.12/site-packages/airflow/example_dags/example_xcom.py for tasks to queue
[2025-02-04T14:52:16.831+0000] {logging_mixin.py:190} INFO - [2025-02-04T14:52:16.830+0000] {dagbag.py:588} INFO - Filling up the DagBag from /home/airflow/.local/lib/python3.12/site-packages/airflow/example_dags/example_xcom.py
[2025-02-04T14:52:16.899+0000] {processor.py:925} INFO - DAG(s) 'example_xcom' retrieved from /home/airflow/.local/lib/python3.12/site-packages/airflow/example_dags/example_xcom.py
[2025-02-04T14:52:17.035+0000] {logging_mixin.py:190} INFO - [2025-02-04T14:52:17.034+0000] {dag.py:3239} INFO - Sync 1 DAGs
[2025-02-04T14:52:17.205+0000] {logging_mixin.py:190} INFO - [2025-02-04T14:52:17.205+0000] {dag.py:4180} INFO - Setting next_dagrun for example_xcom to 2021-01-01 00:00:00+00:00, run_after=2021-01-01 00:00:00+00:00
[2025-02-04T14:52:17.334+0000] {processor.py:208} INFO - Processing /home/airflow/.local/lib/python3.12/site-packages/airflow/example_dags/example_xcom.py took 0.560 seconds
[2025-02-04T14:52:48.798+0000] {processor.py:186} INFO - Started process (PID=470) to work on /home/airflow/.local/lib/python3.12/site-packages/airflow/example_dags/example_xcom.py
[2025-02-04T14:52:48.800+0000] {processor.py:914} INFO - Processing file /home/airflow/.local/lib/python3.12/site-packages/airflow/example_dags/example_xcom.py for tasks to queue
[2025-02-04T14:52:48.842+0000] {logging_mixin.py:190} INFO - [2025-02-04T14:52:48.841+0000] {dagbag.py:588} INFO - Filling up the DagBag from /home/airflow/.local/lib/python3.12/site-packages/airflow/example_dags/example_xcom.py
[2025-02-04T14:52:48.928+0000] {processor.py:925} INFO - DAG(s) 'example_xcom' retrieved from /home/airflow/.local/lib/python3.12/site-packages/airflow/example_dags/example_xcom.py
[2025-02-04T14:52:49.027+0000] {logging_mixin.py:190} INFO - [2025-02-04T14:52:49.027+0000] {dag.py:3239} INFO - Sync 1 DAGs
[2025-02-04T14:52:49.065+0000] {logging_mixin.py:190} INFO - [2025-02-04T14:52:49.064+0000] {dag.py:4180} INFO - Setting next_dagrun for example_xcom to 2021-01-01 00:00:00+00:00, run_after=2021-01-01 00:00:00+00:00
[2025-02-04T14:52:49.093+0000] {processor.py:208} INFO - Processing /home/airflow/.local/lib/python3.12/site-packages/airflow/example_dags/example_xcom.py took 0.318 seconds
[2025-02-04T14:53:20.944+0000] {processor.py:186} INFO - Started process (PID=539) to work on /home/airflow/.local/lib/python3.12/site-packages/airflow/example_dags/example_xcom.py
[2025-02-04T14:53:20.946+0000] {processor.py:914} INFO - Processing file /home/airflow/.local/lib/python3.12/site-packages/airflow/example_dags/example_xcom.py for tasks to queue
[2025-02-04T14:53:20.950+0000] {logging_mixin.py:190} INFO - [2025-02-04T14:53:20.950+0000] {dagbag.py:588} INFO - Filling up the DagBag from /home/airflow/.local/lib/python3.12/site-packages/airflow/example_dags/example_xcom.py
[2025-02-04T14:53:20.969+0000] {processor.py:925} INFO - DAG(s) 'example_xcom' retrieved from /home/airflow/.local/lib/python3.12/site-packages/airflow/example_dags/example_xcom.py
[2025-02-04T14:53:21.014+0000] {logging_mixin.py:190} INFO - [2025-02-04T14:53:21.013+0000] {dag.py:3239} INFO - Sync 1 DAGs
[2025-02-04T14:53:21.063+0000] {logging_mixin.py:190} INFO - [2025-02-04T14:53:21.063+0000] {dag.py:4180} INFO - Setting next_dagrun for example_xcom to 2021-01-01 00:00:00+00:00, run_after=2021-01-01 00:00:00+00:00
[2025-02-04T14:53:21.096+0000] {processor.py:208} INFO - Processing /home/airflow/.local/lib/python3.12/site-packages/airflow/example_dags/example_xcom.py took 0.164 seconds
[2025-02-04T14:53:52.324+0000] {processor.py:186} INFO - Started process (PID=604) to work on /home/airflow/.local/lib/python3.12/site-packages/airflow/example_dags/example_xcom.py
[2025-02-04T14:53:52.325+0000] {processor.py:914} INFO - Processing file /home/airflow/.local/lib/python3.12/site-packages/airflow/example_dags/example_xcom.py for tasks to queue
[2025-02-04T14:53:52.329+0000] {logging_mixin.py:190} INFO - [2025-02-04T14:53:52.328+0000] {dagbag.py:588} INFO - Filling up the DagBag from /home/airflow/.local/lib/python3.12/site-packages/airflow/example_dags/example_xcom.py
[2025-02-04T14:53:52.342+0000] {processor.py:925} INFO - DAG(s) 'example_xcom' retrieved from /home/airflow/.local/lib/python3.12/site-packages/airflow/example_dags/example_xcom.py
[2025-02-04T14:53:52.372+0000] {logging_mixin.py:190} INFO - [2025-02-04T14:53:52.372+0000] {dag.py:3239} INFO - Sync 1 DAGs
[2025-02-04T14:53:52.406+0000] {logging_mixin.py:190} INFO - [2025-02-04T14:53:52.405+0000] {dag.py:4180} INFO - Setting next_dagrun for example_xcom to 2021-01-01 00:00:00+00:00, run_after=2021-01-01 00:00:00+00:00
[2025-02-04T14:53:52.438+0000] {processor.py:208} INFO - Processing /home/airflow/.local/lib/python3.12/site-packages/airflow/example_dags/example_xcom.py took 0.124 seconds
[2025-02-04T14:54:26.994+0000] {processor.py:186} INFO - Started process (PID=672) to work on /home/airflow/.local/lib/python3.12/site-packages/airflow/example_dags/example_xcom.py
[2025-02-04T14:54:26.996+0000] {processor.py:914} INFO - Processing file /home/airflow/.local/lib/python3.12/site-packages/airflow/example_dags/example_xcom.py for tasks to queue
[2025-02-04T14:54:27.000+0000] {logging_mixin.py:190} INFO - [2025-02-04T14:54:27.000+0000] {dagbag.py:588} INFO - Filling up the DagBag from /home/airflow/.local/lib/python3.12/site-packages/airflow/example_dags/example_xcom.py
[2025-02-04T14:54:27.018+0000] {processor.py:925} INFO - DAG(s) 'example_xcom' retrieved from /home/airflow/.local/lib/python3.12/site-packages/airflow/example_dags/example_xcom.py
[2025-02-04T14:54:27.064+0000] {logging_mixin.py:190} INFO - [2025-02-04T14:54:27.063+0000] {dag.py:3239} INFO - Sync 1 DAGs
[2025-02-04T14:54:27.106+0000] {logging_mixin.py:190} INFO - [2025-02-04T14:54:27.105+0000] {dag.py:4180} INFO - Setting next_dagrun for example_xcom to 2021-01-01 00:00:00+00:00, run_after=2021-01-01 00:00:00+00:00
[2025-02-04T14:54:27.140+0000] {processor.py:208} INFO - Processing /home/airflow/.local/lib/python3.12/site-packages/airflow/example_dags/example_xcom.py took 0.159 seconds
[2025-02-04T14:54:58.228+0000] {processor.py:186} INFO - Started process (PID=740) to work on /home/airflow/.local/lib/python3.12/site-packages/airflow/example_dags/example_xcom.py
[2025-02-04T14:54:58.231+0000] {processor.py:914} INFO - Processing file /home/airflow/.local/lib/python3.12/site-packages/airflow/example_dags/example_xcom.py for tasks to queue
[2025-02-04T14:54:58.237+0000] {logging_mixin.py:190} INFO - [2025-02-04T14:54:58.236+0000] {dagbag.py:588} INFO - Filling up the DagBag from /home/airflow/.local/lib/python3.12/site-packages/airflow/example_dags/example_xcom.py
[2025-02-04T14:54:58.268+0000] {processor.py:925} INFO - DAG(s) 'example_xcom' retrieved from /home/airflow/.local/lib/python3.12/site-packages/airflow/example_dags/example_xcom.py
[2025-02-04T14:54:58.314+0000] {logging_mixin.py:190} INFO - [2025-02-04T14:54:58.313+0000] {dag.py:3239} INFO - Sync 1 DAGs
[2025-02-04T14:54:58.371+0000] {logging_mixin.py:190} INFO - [2025-02-04T14:54:58.370+0000] {dag.py:4180} INFO - Setting next_dagrun for example_xcom to 2021-01-01 00:00:00+00:00, run_after=2021-01-01 00:00:00+00:00
[2025-02-04T14:54:58.411+0000] {processor.py:208} INFO - Processing /home/airflow/.local/lib/python3.12/site-packages/airflow/example_dags/example_xcom.py took 0.215 seconds
[2025-02-04T14:55:29.093+0000] {processor.py:186} INFO - Started process (PID=807) to work on /home/airflow/.local/lib/python3.12/site-packages/airflow/example_dags/example_xcom.py
[2025-02-04T14:55:29.095+0000] {processor.py:914} INFO - Processing file /home/airflow/.local/lib/python3.12/site-packages/airflow/example_dags/example_xcom.py for tasks to queue
[2025-02-04T14:55:29.104+0000] {logging_mixin.py:190} INFO - [2025-02-04T14:55:29.102+0000] {dagbag.py:588} INFO - Filling up the DagBag from /home/airflow/.local/lib/python3.12/site-packages/airflow/example_dags/example_xcom.py
[2025-02-04T14:55:29.129+0000] {processor.py:925} INFO - DAG(s) 'example_xcom' retrieved from /home/airflow/.local/lib/python3.12/site-packages/airflow/example_dags/example_xcom.py
[2025-02-04T14:55:29.175+0000] {logging_mixin.py:190} INFO - [2025-02-04T14:55:29.175+0000] {dag.py:3239} INFO - Sync 1 DAGs
[2025-02-04T14:55:29.236+0000] {logging_mixin.py:190} INFO - [2025-02-04T14:55:29.235+0000] {dag.py:4180} INFO - Setting next_dagrun for example_xcom to 2021-01-01 00:00:00+00:00, run_after=2021-01-01 00:00:00+00:00
[2025-02-04T14:55:29.275+0000] {processor.py:208} INFO - Processing /home/airflow/.local/lib/python3.12/site-packages/airflow/example_dags/example_xcom.py took 0.196 seconds
[2025-02-04T14:56:07.421+0000] {processor.py:186} INFO - Started process (PID=869) to work on /home/airflow/.local/lib/python3.12/site-packages/airflow/example_dags/example_xcom.py
[2025-02-04T14:56:07.425+0000] {processor.py:914} INFO - Processing file /home/airflow/.local/lib/python3.12/site-packages/airflow/example_dags/example_xcom.py for tasks to queue
[2025-02-04T14:56:07.431+0000] {logging_mixin.py:190} INFO - [2025-02-04T14:56:07.430+0000] {dagbag.py:588} INFO - Filling up the DagBag from /home/airflow/.local/lib/python3.12/site-packages/airflow/example_dags/example_xcom.py
[2025-02-04T14:56:07.463+0000] {processor.py:925} INFO - DAG(s) 'example_xcom' retrieved from /home/airflow/.local/lib/python3.12/site-packages/airflow/example_dags/example_xcom.py
[2025-02-04T14:56:07.569+0000] {logging_mixin.py:190} INFO - [2025-02-04T14:56:07.568+0000] {dag.py:3239} INFO - Sync 1 DAGs
[2025-02-04T14:56:07.843+0000] {logging_mixin.py:190} INFO - [2025-02-04T14:56:07.842+0000] {dag.py:4180} INFO - Setting next_dagrun for example_xcom to 2021-01-01 00:00:00+00:00, run_after=2021-01-01 00:00:00+00:00
[2025-02-04T14:56:07.941+0000] {processor.py:208} INFO - Processing /home/airflow/.local/lib/python3.12/site-packages/airflow/example_dags/example_xcom.py took 0.562 seconds
[2025-02-04T14:56:38.153+0000] {processor.py:186} INFO - Started process (PID=932) to work on /home/airflow/.local/lib/python3.12/site-packages/airflow/example_dags/example_xcom.py
[2025-02-04T14:56:38.165+0000] {processor.py:914} INFO - Processing file /home/airflow/.local/lib/python3.12/site-packages/airflow/example_dags/example_xcom.py for tasks to queue
[2025-02-04T14:56:38.181+0000] {logging_mixin.py:190} INFO - [2025-02-04T14:56:38.180+0000] {dagbag.py:588} INFO - Filling up the DagBag from /home/airflow/.local/lib/python3.12/site-packages/airflow/example_dags/example_xcom.py
[2025-02-04T14:56:38.249+0000] {processor.py:925} INFO - DAG(s) 'example_xcom' retrieved from /home/airflow/.local/lib/python3.12/site-packages/airflow/example_dags/example_xcom.py
[2025-02-04T14:56:38.382+0000] {logging_mixin.py:190} INFO - [2025-02-04T14:56:38.381+0000] {dag.py:3239} INFO - Sync 1 DAGs
[2025-02-04T14:56:38.569+0000] {logging_mixin.py:190} INFO - [2025-02-04T14:56:38.569+0000] {dag.py:4180} INFO - Setting next_dagrun for example_xcom to 2021-01-01 00:00:00+00:00, run_after=2021-01-01 00:00:00+00:00
[2025-02-04T14:56:38.724+0000] {processor.py:208} INFO - Processing /home/airflow/.local/lib/python3.12/site-packages/airflow/example_dags/example_xcom.py took 0.604 seconds
[2025-02-04T14:57:09.206+0000] {processor.py:186} INFO - Started process (PID=996) to work on /home/airflow/.local/lib/python3.12/site-packages/airflow/example_dags/example_xcom.py
[2025-02-04T14:57:09.208+0000] {processor.py:914} INFO - Processing file /home/airflow/.local/lib/python3.12/site-packages/airflow/example_dags/example_xcom.py for tasks to queue
[2025-02-04T14:57:09.213+0000] {logging_mixin.py:190} INFO - [2025-02-04T14:57:09.212+0000] {dagbag.py:588} INFO - Filling up the DagBag from /home/airflow/.local/lib/python3.12/site-packages/airflow/example_dags/example_xcom.py
[2025-02-04T14:57:09.232+0000] {processor.py:925} INFO - DAG(s) 'example_xcom' retrieved from /home/airflow/.local/lib/python3.12/site-packages/airflow/example_dags/example_xcom.py
[2025-02-04T14:57:09.276+0000] {logging_mixin.py:190} INFO - [2025-02-04T14:57:09.276+0000] {dag.py:3239} INFO - Sync 1 DAGs
[2025-02-04T14:57:09.328+0000] {logging_mixin.py:190} INFO - [2025-02-04T14:57:09.327+0000] {dag.py:4180} INFO - Setting next_dagrun for example_xcom to 2021-01-01 00:00:00+00:00, run_after=2021-01-01 00:00:00+00:00
[2025-02-04T14:57:09.364+0000] {processor.py:208} INFO - Processing /home/airflow/.local/lib/python3.12/site-packages/airflow/example_dags/example_xcom.py took 0.171 seconds
[2025-02-04T14:57:39.439+0000] {processor.py:186} INFO - Started process (PID=1060) to work on /home/airflow/.local/lib/python3.12/site-packages/airflow/example_dags/example_xcom.py
[2025-02-04T14:57:39.441+0000] {processor.py:914} INFO - Processing file /home/airflow/.local/lib/python3.12/site-packages/airflow/example_dags/example_xcom.py for tasks to queue
[2025-02-04T14:57:39.445+0000] {logging_mixin.py:190} INFO - [2025-02-04T14:57:39.444+0000] {dagbag.py:588} INFO - Filling up the DagBag from /home/airflow/.local/lib/python3.12/site-packages/airflow/example_dags/example_xcom.py
[2025-02-04T14:57:39.461+0000] {processor.py:925} INFO - DAG(s) 'example_xcom' retrieved from /home/airflow/.local/lib/python3.12/site-packages/airflow/example_dags/example_xcom.py
[2025-02-04T14:57:39.491+0000] {logging_mixin.py:190} INFO - [2025-02-04T14:57:39.491+0000] {dag.py:3239} INFO - Sync 1 DAGs
[2025-02-04T14:57:39.523+0000] {logging_mixin.py:190} INFO - [2025-02-04T14:57:39.523+0000] {dag.py:4180} INFO - Setting next_dagrun for example_xcom to 2021-01-01 00:00:00+00:00, run_after=2021-01-01 00:00:00+00:00
[2025-02-04T14:57:39.554+0000] {processor.py:208} INFO - Processing /home/airflow/.local/lib/python3.12/site-packages/airflow/example_dags/example_xcom.py took 0.124 seconds
[2025-02-04T14:58:10.432+0000] {processor.py:186} INFO - Started process (PID=1124) to work on /home/airflow/.local/lib/python3.12/site-packages/airflow/example_dags/example_xcom.py
[2025-02-04T14:58:10.434+0000] {processor.py:914} INFO - Processing file /home/airflow/.local/lib/python3.12/site-packages/airflow/example_dags/example_xcom.py for tasks to queue
[2025-02-04T14:58:10.439+0000] {logging_mixin.py:190} INFO - [2025-02-04T14:58:10.439+0000] {dagbag.py:588} INFO - Filling up the DagBag from /home/airflow/.local/lib/python3.12/site-packages/airflow/example_dags/example_xcom.py
[2025-02-04T14:58:10.456+0000] {processor.py:925} INFO - DAG(s) 'example_xcom' retrieved from /home/airflow/.local/lib/python3.12/site-packages/airflow/example_dags/example_xcom.py
[2025-02-04T14:58:10.492+0000] {logging_mixin.py:190} INFO - [2025-02-04T14:58:10.492+0000] {dag.py:3239} INFO - Sync 1 DAGs
[2025-02-04T14:58:10.532+0000] {logging_mixin.py:190} INFO - [2025-02-04T14:58:10.531+0000] {dag.py:4180} INFO - Setting next_dagrun for example_xcom to 2021-01-01 00:00:00+00:00, run_after=2021-01-01 00:00:00+00:00
[2025-02-04T14:58:10.560+0000] {processor.py:208} INFO - Processing /home/airflow/.local/lib/python3.12/site-packages/airflow/example_dags/example_xcom.py took 0.138 seconds
[2025-02-04T14:58:41.453+0000] {processor.py:186} INFO - Started process (PID=1189) to work on /home/airflow/.local/lib/python3.12/site-packages/airflow/example_dags/example_xcom.py
[2025-02-04T14:58:41.454+0000] {processor.py:914} INFO - Processing file /home/airflow/.local/lib/python3.12/site-packages/airflow/example_dags/example_xcom.py for tasks to queue
[2025-02-04T14:58:41.459+0000] {logging_mixin.py:190} INFO - [2025-02-04T14:58:41.459+0000] {dagbag.py:588} INFO - Filling up the DagBag from /home/airflow/.local/lib/python3.12/site-packages/airflow/example_dags/example_xcom.py
[2025-02-04T14:58:41.472+0000] {processor.py:925} INFO - DAG(s) 'example_xcom' retrieved from /home/airflow/.local/lib/python3.12/site-packages/airflow/example_dags/example_xcom.py
[2025-02-04T14:58:41.512+0000] {logging_mixin.py:190} INFO - [2025-02-04T14:58:41.512+0000] {dag.py:3239} INFO - Sync 1 DAGs
[2025-02-04T14:58:41.543+0000] {logging_mixin.py:190} INFO - [2025-02-04T14:58:41.543+0000] {dag.py:4180} INFO - Setting next_dagrun for example_xcom to 2021-01-01 00:00:00+00:00, run_after=2021-01-01 00:00:00+00:00
[2025-02-04T14:58:41.573+0000] {processor.py:208} INFO - Processing /home/airflow/.local/lib/python3.12/site-packages/airflow/example_dags/example_xcom.py took 0.131 seconds
[2025-02-04T14:59:11.634+0000] {processor.py:186} INFO - Started process (PID=1254) to work on /home/airflow/.local/lib/python3.12/site-packages/airflow/example_dags/example_xcom.py
[2025-02-04T14:59:11.635+0000] {processor.py:914} INFO - Processing file /home/airflow/.local/lib/python3.12/site-packages/airflow/example_dags/example_xcom.py for tasks to queue
[2025-02-04T14:59:11.640+0000] {logging_mixin.py:190} INFO - [2025-02-04T14:59:11.639+0000] {dagbag.py:588} INFO - Filling up the DagBag from /home/airflow/.local/lib/python3.12/site-packages/airflow/example_dags/example_xcom.py
[2025-02-04T14:59:11.653+0000] {processor.py:925} INFO - DAG(s) 'example_xcom' retrieved from /home/airflow/.local/lib/python3.12/site-packages/airflow/example_dags/example_xcom.py
[2025-02-04T14:59:11.684+0000] {logging_mixin.py:190} INFO - [2025-02-04T14:59:11.684+0000] {dag.py:3239} INFO - Sync 1 DAGs
[2025-02-04T14:59:11.717+0000] {logging_mixin.py:190} INFO - [2025-02-04T14:59:11.717+0000] {dag.py:4180} INFO - Setting next_dagrun for example_xcom to 2021-01-01 00:00:00+00:00, run_after=2021-01-01 00:00:00+00:00
[2025-02-04T14:59:11.750+0000] {processor.py:208} INFO - Processing /home/airflow/.local/lib/python3.12/site-packages/airflow/example_dags/example_xcom.py took 0.125 seconds
[2025-02-04T14:59:42.592+0000] {processor.py:186} INFO - Started process (PID=1318) to work on /home/airflow/.local/lib/python3.12/site-packages/airflow/example_dags/example_xcom.py
[2025-02-04T14:59:42.594+0000] {processor.py:914} INFO - Processing file /home/airflow/.local/lib/python3.12/site-packages/airflow/example_dags/example_xcom.py for tasks to queue
[2025-02-04T14:59:42.599+0000] {logging_mixin.py:190} INFO - [2025-02-04T14:59:42.598+0000] {dagbag.py:588} INFO - Filling up the DagBag from /home/airflow/.local/lib/python3.12/site-packages/airflow/example_dags/example_xcom.py
[2025-02-04T14:59:42.619+0000] {processor.py:925} INFO - DAG(s) 'example_xcom' retrieved from /home/airflow/.local/lib/python3.12/site-packages/airflow/example_dags/example_xcom.py
[2025-02-04T14:59:42.659+0000] {logging_mixin.py:190} INFO - [2025-02-04T14:59:42.658+0000] {dag.py:3239} INFO - Sync 1 DAGs
[2025-02-04T14:59:42.696+0000] {logging_mixin.py:190} INFO - [2025-02-04T14:59:42.696+0000] {dag.py:4180} INFO - Setting next_dagrun for example_xcom to 2021-01-01 00:00:00+00:00, run_after=2021-01-01 00:00:00+00:00
[2025-02-04T14:59:42.729+0000] {processor.py:208} INFO - Processing /home/airflow/.local/lib/python3.12/site-packages/airflow/example_dags/example_xcom.py took 0.146 seconds
[2025-02-04T15:00:13.352+0000] {processor.py:186} INFO - Started process (PID=1382) to work on /home/airflow/.local/lib/python3.12/site-packages/airflow/example_dags/example_xcom.py
[2025-02-04T15:00:13.354+0000] {processor.py:914} INFO - Processing file /home/airflow/.local/lib/python3.12/site-packages/airflow/example_dags/example_xcom.py for tasks to queue
[2025-02-04T15:00:13.358+0000] {logging_mixin.py:190} INFO - [2025-02-04T15:00:13.357+0000] {dagbag.py:588} INFO - Filling up the DagBag from /home/airflow/.local/lib/python3.12/site-packages/airflow/example_dags/example_xcom.py
[2025-02-04T15:00:13.376+0000] {processor.py:925} INFO - DAG(s) 'example_xcom' retrieved from /home/airflow/.local/lib/python3.12/site-packages/airflow/example_dags/example_xcom.py
[2025-02-04T15:00:13.413+0000] {logging_mixin.py:190} INFO - [2025-02-04T15:00:13.413+0000] {dag.py:3239} INFO - Sync 1 DAGs
[2025-02-04T15:00:13.452+0000] {logging_mixin.py:190} INFO - [2025-02-04T15:00:13.452+0000] {dag.py:4180} INFO - Setting next_dagrun for example_xcom to 2021-01-01 00:00:00+00:00, run_after=2021-01-01 00:00:00+00:00
[2025-02-04T15:00:13.485+0000] {processor.py:208} INFO - Processing /home/airflow/.local/lib/python3.12/site-packages/airflow/example_dags/example_xcom.py took 0.146 seconds
[2025-02-04T15:00:44.020+0000] {processor.py:186} INFO - Started process (PID=1446) to work on /home/airflow/.local/lib/python3.12/site-packages/airflow/example_dags/example_xcom.py
[2025-02-04T15:00:44.022+0000] {processor.py:914} INFO - Processing file /home/airflow/.local/lib/python3.12/site-packages/airflow/example_dags/example_xcom.py for tasks to queue
[2025-02-04T15:00:44.026+0000] {logging_mixin.py:190} INFO - [2025-02-04T15:00:44.025+0000] {dagbag.py:588} INFO - Filling up the DagBag from /home/airflow/.local/lib/python3.12/site-packages/airflow/example_dags/example_xcom.py
[2025-02-04T15:00:44.041+0000] {processor.py:925} INFO - DAG(s) 'example_xcom' retrieved from /home/airflow/.local/lib/python3.12/site-packages/airflow/example_dags/example_xcom.py
[2025-02-04T15:00:44.072+0000] {logging_mixin.py:190} INFO - [2025-02-04T15:00:44.071+0000] {dag.py:3239} INFO - Sync 1 DAGs
[2025-02-04T15:00:44.110+0000] {logging_mixin.py:190} INFO - [2025-02-04T15:00:44.110+0000] {dag.py:4180} INFO - Setting next_dagrun for example_xcom to 2021-01-01 00:00:00+00:00, run_after=2021-01-01 00:00:00+00:00
[2025-02-04T15:00:44.139+0000] {processor.py:208} INFO - Processing /home/airflow/.local/lib/python3.12/site-packages/airflow/example_dags/example_xcom.py took 0.129 seconds
[2025-02-04T15:01:15.092+0000] {processor.py:186} INFO - Started process (PID=1511) to work on /home/airflow/.local/lib/python3.12/site-packages/airflow/example_dags/example_xcom.py
[2025-02-04T15:01:15.095+0000] {processor.py:914} INFO - Processing file /home/airflow/.local/lib/python3.12/site-packages/airflow/example_dags/example_xcom.py for tasks to queue
[2025-02-04T15:01:15.105+0000] {logging_mixin.py:190} INFO - [2025-02-04T15:01:15.104+0000] {dagbag.py:588} INFO - Filling up the DagBag from /home/airflow/.local/lib/python3.12/site-packages/airflow/example_dags/example_xcom.py
[2025-02-04T15:01:15.124+0000] {processor.py:925} INFO - DAG(s) 'example_xcom' retrieved from /home/airflow/.local/lib/python3.12/site-packages/airflow/example_dags/example_xcom.py
[2025-02-04T15:01:15.171+0000] {logging_mixin.py:190} INFO - [2025-02-04T15:01:15.170+0000] {dag.py:3239} INFO - Sync 1 DAGs
[2025-02-04T15:01:15.217+0000] {logging_mixin.py:190} INFO - [2025-02-04T15:01:15.216+0000] {dag.py:4180} INFO - Setting next_dagrun for example_xcom to 2021-01-01 00:00:00+00:00, run_after=2021-01-01 00:00:00+00:00
[2025-02-04T15:01:15.247+0000] {processor.py:208} INFO - Processing /home/airflow/.local/lib/python3.12/site-packages/airflow/example_dags/example_xcom.py took 0.173 seconds
[2025-02-04T15:01:47.246+0000] {processor.py:186} INFO - Started process (PID=1558) to work on /home/airflow/.local/lib/python3.12/site-packages/airflow/example_dags/example_xcom.py
[2025-02-04T15:01:47.249+0000] {processor.py:914} INFO - Processing file /home/airflow/.local/lib/python3.12/site-packages/airflow/example_dags/example_xcom.py for tasks to queue
[2025-02-04T15:01:47.272+0000] {logging_mixin.py:190} INFO - [2025-02-04T15:01:47.270+0000] {dagbag.py:588} INFO - Filling up the DagBag from /home/airflow/.local/lib/python3.12/site-packages/airflow/example_dags/example_xcom.py
[2025-02-04T15:01:47.335+0000] {processor.py:925} INFO - DAG(s) 'example_xcom' retrieved from /home/airflow/.local/lib/python3.12/site-packages/airflow/example_dags/example_xcom.py
[2025-02-04T15:01:47.460+0000] {logging_mixin.py:190} INFO - [2025-02-04T15:01:47.459+0000] {dag.py:3239} INFO - Sync 1 DAGs
[2025-02-04T15:01:47.578+0000] {logging_mixin.py:190} INFO - [2025-02-04T15:01:47.577+0000] {dag.py:4180} INFO - Setting next_dagrun for example_xcom to 2021-01-01 00:00:00+00:00, run_after=2021-01-01 00:00:00+00:00
[2025-02-04T15:01:47.681+0000] {processor.py:208} INFO - Processing /home/airflow/.local/lib/python3.12/site-packages/airflow/example_dags/example_xcom.py took 0.478 seconds
