[2025-02-04T14:07:19.394+0000] {processor.py:186} INFO - Started process (PID=98) to work on /home/airflow/.local/lib/python3.12/site-packages/airflow/example_dags/example_python_decorator.py
[2025-02-04T14:07:19.426+0000] {processor.py:914} INFO - Processing file /home/airflow/.local/lib/python3.12/site-packages/airflow/example_dags/example_python_decorator.py for tasks to queue
[2025-02-04T14:07:19.769+0000] {logging_mixin.py:190} INFO - [2025-02-04T14:07:19.702+0000] {dagbag.py:588} INFO - Filling up the DagBag from /home/airflow/.local/lib/python3.12/site-packages/airflow/example_dags/example_python_decorator.py
[2025-02-04T14:07:20.328+0000] {processor.py:925} INFO - DAG(s) 'example_python_decorator' retrieved from /home/airflow/.local/lib/python3.12/site-packages/airflow/example_dags/example_python_decorator.py
[2025-02-04T14:07:22.271+0000] {logging_mixin.py:190} INFO - [2025-02-04T14:07:22.268+0000] {override.py:1911} INFO - Created Permission View: can delete on DAG:example_python_decorator
[2025-02-04T14:07:22.309+0000] {logging_mixin.py:190} INFO - [2025-02-04T14:07:22.308+0000] {override.py:1911} INFO - Created Permission View: can read on DAG:example_python_decorator
[2025-02-04T14:07:22.351+0000] {logging_mixin.py:190} INFO - [2025-02-04T14:07:22.351+0000] {override.py:1911} INFO - Created Permission View: can edit on DAG:example_python_decorator
[2025-02-04T14:07:22.823+0000] {logging_mixin.py:190} INFO - [2025-02-04T14:07:22.823+0000] {override.py:1911} INFO - Created Permission View: can delete on DAG Run:example_python_decorator
[2025-02-04T14:07:22.844+0000] {logging_mixin.py:190} INFO - [2025-02-04T14:07:22.844+0000] {override.py:1911} INFO - Created Permission View: menu access on DAG Run:example_python_decorator
[2025-02-04T14:07:22.876+0000] {logging_mixin.py:190} INFO - [2025-02-04T14:07:22.870+0000] {override.py:1911} INFO - Created Permission View: can read on DAG Run:example_python_decorator
[2025-02-04T14:07:22.913+0000] {logging_mixin.py:190} INFO - [2025-02-04T14:07:22.912+0000] {override.py:1911} INFO - Created Permission View: can create on DAG Run:example_python_decorator
[2025-02-04T14:07:22.914+0000] {logging_mixin.py:190} INFO - [2025-02-04T14:07:22.914+0000] {dag.py:3239} INFO - Sync 1 DAGs
[2025-02-04T14:07:23.067+0000] {logging_mixin.py:190} INFO - [2025-02-04T14:07:23.066+0000] {dag.py:3262} INFO - Creating ORM DAG for example_python_decorator
[2025-02-04T14:07:23.071+0000] {logging_mixin.py:190} INFO - [2025-02-04T14:07:23.071+0000] {dag.py:4180} INFO - Setting next_dagrun for example_python_decorator to None, run_after=None
[2025-02-04T14:07:23.180+0000] {processor.py:208} INFO - Processing /home/airflow/.local/lib/python3.12/site-packages/airflow/example_dags/example_python_decorator.py took 3.047 seconds
[2025-02-04T14:08:29.009+0000] {processor.py:186} INFO - Started process (PID=168) to work on /home/airflow/.local/lib/python3.12/site-packages/airflow/example_dags/example_python_decorator.py
[2025-02-04T14:08:29.015+0000] {processor.py:914} INFO - Processing file /home/airflow/.local/lib/python3.12/site-packages/airflow/example_dags/example_python_decorator.py for tasks to queue
[2025-02-04T14:08:29.027+0000] {logging_mixin.py:190} INFO - [2025-02-04T14:08:29.025+0000] {dagbag.py:588} INFO - Filling up the DagBag from /home/airflow/.local/lib/python3.12/site-packages/airflow/example_dags/example_python_decorator.py
[2025-02-04T14:08:29.221+0000] {processor.py:925} INFO - DAG(s) 'example_python_decorator' retrieved from /home/airflow/.local/lib/python3.12/site-packages/airflow/example_dags/example_python_decorator.py
[2025-02-04T14:08:29.547+0000] {logging_mixin.py:190} INFO - [2025-02-04T14:08:29.546+0000] {dag.py:3239} INFO - Sync 1 DAGs
[2025-02-04T14:08:29.688+0000] {logging_mixin.py:190} INFO - [2025-02-04T14:08:29.687+0000] {dag.py:4180} INFO - Setting next_dagrun for example_python_decorator to None, run_after=None
[2025-02-04T14:08:29.837+0000] {processor.py:208} INFO - Processing /home/airflow/.local/lib/python3.12/site-packages/airflow/example_dags/example_python_decorator.py took 0.866 seconds
[2025-02-04T14:09:00.025+0000] {processor.py:186} INFO - Started process (PID=231) to work on /home/airflow/.local/lib/python3.12/site-packages/airflow/example_dags/example_python_decorator.py
[2025-02-04T14:09:00.027+0000] {processor.py:914} INFO - Processing file /home/airflow/.local/lib/python3.12/site-packages/airflow/example_dags/example_python_decorator.py for tasks to queue
[2025-02-04T14:09:00.032+0000] {logging_mixin.py:190} INFO - [2025-02-04T14:09:00.031+0000] {dagbag.py:588} INFO - Filling up the DagBag from /home/airflow/.local/lib/python3.12/site-packages/airflow/example_dags/example_python_decorator.py
[2025-02-04T14:09:00.060+0000] {processor.py:925} INFO - DAG(s) 'example_python_decorator' retrieved from /home/airflow/.local/lib/python3.12/site-packages/airflow/example_dags/example_python_decorator.py
[2025-02-04T14:09:00.106+0000] {logging_mixin.py:190} INFO - [2025-02-04T14:09:00.106+0000] {dag.py:3239} INFO - Sync 1 DAGs
[2025-02-04T14:09:00.139+0000] {logging_mixin.py:190} INFO - [2025-02-04T14:09:00.138+0000] {dag.py:4180} INFO - Setting next_dagrun for example_python_decorator to None, run_after=None
[2025-02-04T14:09:00.207+0000] {processor.py:208} INFO - Processing /home/airflow/.local/lib/python3.12/site-packages/airflow/example_dags/example_python_decorator.py took 0.195 seconds
[2025-02-04T14:09:32.084+0000] {processor.py:186} INFO - Started process (PID=300) to work on /home/airflow/.local/lib/python3.12/site-packages/airflow/example_dags/example_python_decorator.py
[2025-02-04T14:09:32.087+0000] {processor.py:914} INFO - Processing file /home/airflow/.local/lib/python3.12/site-packages/airflow/example_dags/example_python_decorator.py for tasks to queue
[2025-02-04T14:09:32.094+0000] {logging_mixin.py:190} INFO - [2025-02-04T14:09:32.091+0000] {dagbag.py:588} INFO - Filling up the DagBag from /home/airflow/.local/lib/python3.12/site-packages/airflow/example_dags/example_python_decorator.py
[2025-02-04T14:09:32.134+0000] {processor.py:925} INFO - DAG(s) 'example_python_decorator' retrieved from /home/airflow/.local/lib/python3.12/site-packages/airflow/example_dags/example_python_decorator.py
[2025-02-04T14:09:32.176+0000] {logging_mixin.py:190} INFO - [2025-02-04T14:09:32.176+0000] {dag.py:3239} INFO - Sync 1 DAGs
[2025-02-04T14:09:32.208+0000] {logging_mixin.py:190} INFO - [2025-02-04T14:09:32.208+0000] {dag.py:4180} INFO - Setting next_dagrun for example_python_decorator to None, run_after=None
[2025-02-04T14:09:32.243+0000] {processor.py:208} INFO - Processing /home/airflow/.local/lib/python3.12/site-packages/airflow/example_dags/example_python_decorator.py took 0.177 seconds
[2025-02-04T14:10:02.617+0000] {processor.py:186} INFO - Started process (PID=364) to work on /home/airflow/.local/lib/python3.12/site-packages/airflow/example_dags/example_python_decorator.py
[2025-02-04T14:10:02.619+0000] {processor.py:914} INFO - Processing file /home/airflow/.local/lib/python3.12/site-packages/airflow/example_dags/example_python_decorator.py for tasks to queue
[2025-02-04T14:10:02.624+0000] {logging_mixin.py:190} INFO - [2025-02-04T14:10:02.624+0000] {dagbag.py:588} INFO - Filling up the DagBag from /home/airflow/.local/lib/python3.12/site-packages/airflow/example_dags/example_python_decorator.py
[2025-02-04T14:10:02.653+0000] {processor.py:925} INFO - DAG(s) 'example_python_decorator' retrieved from /home/airflow/.local/lib/python3.12/site-packages/airflow/example_dags/example_python_decorator.py
[2025-02-04T14:10:02.692+0000] {logging_mixin.py:190} INFO - [2025-02-04T14:10:02.691+0000] {dag.py:3239} INFO - Sync 1 DAGs
[2025-02-04T14:10:02.717+0000] {logging_mixin.py:190} INFO - [2025-02-04T14:10:02.717+0000] {dag.py:4180} INFO - Setting next_dagrun for example_python_decorator to None, run_after=None
[2025-02-04T14:10:02.752+0000] {processor.py:208} INFO - Processing /home/airflow/.local/lib/python3.12/site-packages/airflow/example_dags/example_python_decorator.py took 0.144 seconds
[2025-02-04T14:10:49.973+0000] {processor.py:186} INFO - Started process (PID=428) to work on /home/airflow/.local/lib/python3.12/site-packages/airflow/example_dags/example_python_decorator.py
[2025-02-04T14:10:49.976+0000] {processor.py:914} INFO - Processing file /home/airflow/.local/lib/python3.12/site-packages/airflow/example_dags/example_python_decorator.py for tasks to queue
[2025-02-04T14:10:49.984+0000] {logging_mixin.py:190} INFO - [2025-02-04T14:10:49.982+0000] {dagbag.py:588} INFO - Filling up the DagBag from /home/airflow/.local/lib/python3.12/site-packages/airflow/example_dags/example_python_decorator.py
[2025-02-04T14:10:50.017+0000] {processor.py:925} INFO - DAG(s) 'example_python_decorator' retrieved from /home/airflow/.local/lib/python3.12/site-packages/airflow/example_dags/example_python_decorator.py
[2025-02-04T14:10:50.061+0000] {logging_mixin.py:190} INFO - [2025-02-04T14:10:50.060+0000] {dag.py:3239} INFO - Sync 1 DAGs
[2025-02-04T14:10:50.089+0000] {logging_mixin.py:190} INFO - [2025-02-04T14:10:50.089+0000] {dag.py:4180} INFO - Setting next_dagrun for example_python_decorator to None, run_after=None
[2025-02-04T14:10:50.124+0000] {processor.py:208} INFO - Processing /home/airflow/.local/lib/python3.12/site-packages/airflow/example_dags/example_python_decorator.py took 0.171 seconds
[2025-02-04T14:11:24.427+0000] {processor.py:186} INFO - Started process (PID=492) to work on /home/airflow/.local/lib/python3.12/site-packages/airflow/example_dags/example_python_decorator.py
[2025-02-04T14:11:24.432+0000] {processor.py:914} INFO - Processing file /home/airflow/.local/lib/python3.12/site-packages/airflow/example_dags/example_python_decorator.py for tasks to queue
[2025-02-04T14:11:24.452+0000] {logging_mixin.py:190} INFO - [2025-02-04T14:11:24.451+0000] {dagbag.py:588} INFO - Filling up the DagBag from /home/airflow/.local/lib/python3.12/site-packages/airflow/example_dags/example_python_decorator.py
[2025-02-04T14:11:24.560+0000] {processor.py:925} INFO - DAG(s) 'example_python_decorator' retrieved from /home/airflow/.local/lib/python3.12/site-packages/airflow/example_dags/example_python_decorator.py
[2025-02-04T14:11:24.630+0000] {logging_mixin.py:190} INFO - [2025-02-04T14:11:24.630+0000] {dag.py:3239} INFO - Sync 1 DAGs
[2025-02-04T14:11:24.679+0000] {logging_mixin.py:190} INFO - [2025-02-04T14:11:24.678+0000] {dag.py:4180} INFO - Setting next_dagrun for example_python_decorator to None, run_after=None
[2025-02-04T14:11:24.722+0000] {processor.py:208} INFO - Processing /home/airflow/.local/lib/python3.12/site-packages/airflow/example_dags/example_python_decorator.py took 0.412 seconds
[2025-02-04T14:18:38.130+0000] {processor.py:186} INFO - Started process (PID=89) to work on /home/airflow/.local/lib/python3.12/site-packages/airflow/example_dags/example_python_decorator.py
[2025-02-04T14:18:38.139+0000] {processor.py:914} INFO - Processing file /home/airflow/.local/lib/python3.12/site-packages/airflow/example_dags/example_python_decorator.py for tasks to queue
[2025-02-04T14:18:38.148+0000] {logging_mixin.py:190} INFO - [2025-02-04T14:18:38.147+0000] {dagbag.py:588} INFO - Filling up the DagBag from /home/airflow/.local/lib/python3.12/site-packages/airflow/example_dags/example_python_decorator.py
[2025-02-04T14:18:38.216+0000] {processor.py:925} INFO - DAG(s) 'example_python_decorator' retrieved from /home/airflow/.local/lib/python3.12/site-packages/airflow/example_dags/example_python_decorator.py
[2025-02-04T14:18:38.486+0000] {logging_mixin.py:190} INFO - [2025-02-04T14:18:38.486+0000] {dag.py:3239} INFO - Sync 1 DAGs
[2025-02-04T14:18:38.506+0000] {logging_mixin.py:190} INFO - [2025-02-04T14:18:38.506+0000] {dag.py:4180} INFO - Setting next_dagrun for example_python_decorator to None, run_after=None
[2025-02-04T14:18:38.539+0000] {processor.py:208} INFO - Processing /home/airflow/.local/lib/python3.12/site-packages/airflow/example_dags/example_python_decorator.py took 0.435 seconds
[2025-02-04T14:19:09.266+0000] {processor.py:186} INFO - Started process (PID=153) to work on /home/airflow/.local/lib/python3.12/site-packages/airflow/example_dags/example_python_decorator.py
[2025-02-04T14:19:09.269+0000] {processor.py:914} INFO - Processing file /home/airflow/.local/lib/python3.12/site-packages/airflow/example_dags/example_python_decorator.py for tasks to queue
[2025-02-04T14:19:09.273+0000] {logging_mixin.py:190} INFO - [2025-02-04T14:19:09.272+0000] {dagbag.py:588} INFO - Filling up the DagBag from /home/airflow/.local/lib/python3.12/site-packages/airflow/example_dags/example_python_decorator.py
[2025-02-04T14:19:09.301+0000] {processor.py:925} INFO - DAG(s) 'example_python_decorator' retrieved from /home/airflow/.local/lib/python3.12/site-packages/airflow/example_dags/example_python_decorator.py
[2025-02-04T14:19:09.347+0000] {logging_mixin.py:190} INFO - [2025-02-04T14:19:09.347+0000] {dag.py:3239} INFO - Sync 1 DAGs
[2025-02-04T14:19:09.378+0000] {logging_mixin.py:190} INFO - [2025-02-04T14:19:09.378+0000] {dag.py:4180} INFO - Setting next_dagrun for example_python_decorator to None, run_after=None
[2025-02-04T14:19:09.420+0000] {processor.py:208} INFO - Processing /home/airflow/.local/lib/python3.12/site-packages/airflow/example_dags/example_python_decorator.py took 0.164 seconds
[2025-02-04T14:19:41.338+0000] {processor.py:186} INFO - Started process (PID=223) to work on /home/airflow/.local/lib/python3.12/site-packages/airflow/example_dags/example_python_decorator.py
[2025-02-04T14:19:41.341+0000] {processor.py:914} INFO - Processing file /home/airflow/.local/lib/python3.12/site-packages/airflow/example_dags/example_python_decorator.py for tasks to queue
[2025-02-04T14:19:41.343+0000] {logging_mixin.py:190} INFO - [2025-02-04T14:19:41.343+0000] {dagbag.py:588} INFO - Filling up the DagBag from /home/airflow/.local/lib/python3.12/site-packages/airflow/example_dags/example_python_decorator.py
[2025-02-04T14:19:41.375+0000] {processor.py:925} INFO - DAG(s) 'example_python_decorator' retrieved from /home/airflow/.local/lib/python3.12/site-packages/airflow/example_dags/example_python_decorator.py
[2025-02-04T14:19:41.445+0000] {logging_mixin.py:190} INFO - [2025-02-04T14:19:41.444+0000] {dag.py:3239} INFO - Sync 1 DAGs
[2025-02-04T14:19:41.519+0000] {logging_mixin.py:190} INFO - [2025-02-04T14:19:41.518+0000] {dag.py:4180} INFO - Setting next_dagrun for example_python_decorator to None, run_after=None
[2025-02-04T14:19:41.560+0000] {processor.py:208} INFO - Processing /home/airflow/.local/lib/python3.12/site-packages/airflow/example_dags/example_python_decorator.py took 0.234 seconds
[2025-02-04T14:20:12.575+0000] {processor.py:186} INFO - Started process (PID=294) to work on /home/airflow/.local/lib/python3.12/site-packages/airflow/example_dags/example_python_decorator.py
[2025-02-04T14:20:12.577+0000] {processor.py:914} INFO - Processing file /home/airflow/.local/lib/python3.12/site-packages/airflow/example_dags/example_python_decorator.py for tasks to queue
[2025-02-04T14:20:12.579+0000] {logging_mixin.py:190} INFO - [2025-02-04T14:20:12.579+0000] {dagbag.py:588} INFO - Filling up the DagBag from /home/airflow/.local/lib/python3.12/site-packages/airflow/example_dags/example_python_decorator.py
[2025-02-04T14:20:12.611+0000] {processor.py:925} INFO - DAG(s) 'example_python_decorator' retrieved from /home/airflow/.local/lib/python3.12/site-packages/airflow/example_dags/example_python_decorator.py
[2025-02-04T14:20:12.655+0000] {logging_mixin.py:190} INFO - [2025-02-04T14:20:12.655+0000] {dag.py:3239} INFO - Sync 1 DAGs
[2025-02-04T14:20:12.688+0000] {logging_mixin.py:190} INFO - [2025-02-04T14:20:12.688+0000] {dag.py:4180} INFO - Setting next_dagrun for example_python_decorator to None, run_after=None
[2025-02-04T14:20:12.722+0000] {processor.py:208} INFO - Processing /home/airflow/.local/lib/python3.12/site-packages/airflow/example_dags/example_python_decorator.py took 0.159 seconds
[2025-02-04T14:20:51.186+0000] {processor.py:186} INFO - Started process (PID=364) to work on /home/airflow/.local/lib/python3.12/site-packages/airflow/example_dags/example_python_decorator.py
[2025-02-04T14:20:51.215+0000] {processor.py:914} INFO - Processing file /home/airflow/.local/lib/python3.12/site-packages/airflow/example_dags/example_python_decorator.py for tasks to queue
[2025-02-04T14:20:51.220+0000] {logging_mixin.py:190} INFO - [2025-02-04T14:20:51.220+0000] {dagbag.py:588} INFO - Filling up the DagBag from /home/airflow/.local/lib/python3.12/site-packages/airflow/example_dags/example_python_decorator.py
[2025-02-04T14:20:51.299+0000] {processor.py:925} INFO - DAG(s) 'example_python_decorator' retrieved from /home/airflow/.local/lib/python3.12/site-packages/airflow/example_dags/example_python_decorator.py
[2025-02-04T14:20:51.392+0000] {logging_mixin.py:190} INFO - [2025-02-04T14:20:51.392+0000] {dag.py:3239} INFO - Sync 1 DAGs
[2025-02-04T14:20:51.459+0000] {logging_mixin.py:190} INFO - [2025-02-04T14:20:51.458+0000] {dag.py:4180} INFO - Setting next_dagrun for example_python_decorator to None, run_after=None
[2025-02-04T14:20:51.523+0000] {processor.py:208} INFO - Processing /home/airflow/.local/lib/python3.12/site-packages/airflow/example_dags/example_python_decorator.py took 0.360 seconds
[2025-02-04T14:21:21.971+0000] {processor.py:186} INFO - Started process (PID=437) to work on /home/airflow/.local/lib/python3.12/site-packages/airflow/example_dags/example_python_decorator.py
[2025-02-04T14:21:21.973+0000] {processor.py:914} INFO - Processing file /home/airflow/.local/lib/python3.12/site-packages/airflow/example_dags/example_python_decorator.py for tasks to queue
[2025-02-04T14:21:21.976+0000] {logging_mixin.py:190} INFO - [2025-02-04T14:21:21.975+0000] {dagbag.py:588} INFO - Filling up the DagBag from /home/airflow/.local/lib/python3.12/site-packages/airflow/example_dags/example_python_decorator.py
[2025-02-04T14:21:22.005+0000] {processor.py:925} INFO - DAG(s) 'example_python_decorator' retrieved from /home/airflow/.local/lib/python3.12/site-packages/airflow/example_dags/example_python_decorator.py
[2025-02-04T14:21:22.046+0000] {logging_mixin.py:190} INFO - [2025-02-04T14:21:22.046+0000] {dag.py:3239} INFO - Sync 1 DAGs
[2025-02-04T14:21:22.076+0000] {logging_mixin.py:190} INFO - [2025-02-04T14:21:22.076+0000] {dag.py:4180} INFO - Setting next_dagrun for example_python_decorator to None, run_after=None
[2025-02-04T14:21:22.113+0000] {processor.py:208} INFO - Processing /home/airflow/.local/lib/python3.12/site-packages/airflow/example_dags/example_python_decorator.py took 0.155 seconds
[2025-02-04T14:21:54.818+0000] {processor.py:186} INFO - Started process (PID=502) to work on /home/airflow/.local/lib/python3.12/site-packages/airflow/example_dags/example_python_decorator.py
[2025-02-04T14:21:54.821+0000] {processor.py:914} INFO - Processing file /home/airflow/.local/lib/python3.12/site-packages/airflow/example_dags/example_python_decorator.py for tasks to queue
[2025-02-04T14:21:54.824+0000] {logging_mixin.py:190} INFO - [2025-02-04T14:21:54.823+0000] {dagbag.py:588} INFO - Filling up the DagBag from /home/airflow/.local/lib/python3.12/site-packages/airflow/example_dags/example_python_decorator.py
[2025-02-04T14:21:54.872+0000] {processor.py:925} INFO - DAG(s) 'example_python_decorator' retrieved from /home/airflow/.local/lib/python3.12/site-packages/airflow/example_dags/example_python_decorator.py
[2025-02-04T14:21:54.934+0000] {logging_mixin.py:190} INFO - [2025-02-04T14:21:54.933+0000] {dag.py:3239} INFO - Sync 1 DAGs
[2025-02-04T14:21:54.978+0000] {logging_mixin.py:190} INFO - [2025-02-04T14:21:54.978+0000] {dag.py:4180} INFO - Setting next_dagrun for example_python_decorator to None, run_after=None
[2025-02-04T14:21:55.025+0000] {processor.py:208} INFO - Processing /home/airflow/.local/lib/python3.12/site-packages/airflow/example_dags/example_python_decorator.py took 0.221 seconds
[2025-02-04T14:22:25.568+0000] {processor.py:186} INFO - Started process (PID=575) to work on /home/airflow/.local/lib/python3.12/site-packages/airflow/example_dags/example_python_decorator.py
[2025-02-04T14:22:25.570+0000] {processor.py:914} INFO - Processing file /home/airflow/.local/lib/python3.12/site-packages/airflow/example_dags/example_python_decorator.py for tasks to queue
[2025-02-04T14:22:25.572+0000] {logging_mixin.py:190} INFO - [2025-02-04T14:22:25.572+0000] {dagbag.py:588} INFO - Filling up the DagBag from /home/airflow/.local/lib/python3.12/site-packages/airflow/example_dags/example_python_decorator.py
[2025-02-04T14:22:25.595+0000] {processor.py:925} INFO - DAG(s) 'example_python_decorator' retrieved from /home/airflow/.local/lib/python3.12/site-packages/airflow/example_dags/example_python_decorator.py
[2025-02-04T14:22:25.633+0000] {logging_mixin.py:190} INFO - [2025-02-04T14:22:25.633+0000] {dag.py:3239} INFO - Sync 1 DAGs
[2025-02-04T14:22:25.660+0000] {logging_mixin.py:190} INFO - [2025-02-04T14:22:25.660+0000] {dag.py:4180} INFO - Setting next_dagrun for example_python_decorator to None, run_after=None
[2025-02-04T14:22:25.721+0000] {processor.py:208} INFO - Processing /home/airflow/.local/lib/python3.12/site-packages/airflow/example_dags/example_python_decorator.py took 0.163 seconds
[2025-02-04T14:22:56.902+0000] {processor.py:186} INFO - Started process (PID=640) to work on /home/airflow/.local/lib/python3.12/site-packages/airflow/example_dags/example_python_decorator.py
[2025-02-04T14:22:56.904+0000] {processor.py:914} INFO - Processing file /home/airflow/.local/lib/python3.12/site-packages/airflow/example_dags/example_python_decorator.py for tasks to queue
[2025-02-04T14:22:56.907+0000] {logging_mixin.py:190} INFO - [2025-02-04T14:22:56.906+0000] {dagbag.py:588} INFO - Filling up the DagBag from /home/airflow/.local/lib/python3.12/site-packages/airflow/example_dags/example_python_decorator.py
[2025-02-04T14:22:56.949+0000] {processor.py:925} INFO - DAG(s) 'example_python_decorator' retrieved from /home/airflow/.local/lib/python3.12/site-packages/airflow/example_dags/example_python_decorator.py
[2025-02-04T14:22:56.996+0000] {logging_mixin.py:190} INFO - [2025-02-04T14:22:56.995+0000] {dag.py:3239} INFO - Sync 1 DAGs
[2025-02-04T14:22:57.036+0000] {logging_mixin.py:190} INFO - [2025-02-04T14:22:57.035+0000] {dag.py:4180} INFO - Setting next_dagrun for example_python_decorator to None, run_after=None
[2025-02-04T14:22:57.074+0000] {processor.py:208} INFO - Processing /home/airflow/.local/lib/python3.12/site-packages/airflow/example_dags/example_python_decorator.py took 0.183 seconds
[2025-02-04T14:23:27.266+0000] {processor.py:186} INFO - Started process (PID=704) to work on /home/airflow/.local/lib/python3.12/site-packages/airflow/example_dags/example_python_decorator.py
[2025-02-04T14:23:27.267+0000] {processor.py:914} INFO - Processing file /home/airflow/.local/lib/python3.12/site-packages/airflow/example_dags/example_python_decorator.py for tasks to queue
[2025-02-04T14:23:27.271+0000] {logging_mixin.py:190} INFO - [2025-02-04T14:23:27.270+0000] {dagbag.py:588} INFO - Filling up the DagBag from /home/airflow/.local/lib/python3.12/site-packages/airflow/example_dags/example_python_decorator.py
[2025-02-04T14:23:27.298+0000] {processor.py:925} INFO - DAG(s) 'example_python_decorator' retrieved from /home/airflow/.local/lib/python3.12/site-packages/airflow/example_dags/example_python_decorator.py
[2025-02-04T14:23:27.334+0000] {logging_mixin.py:190} INFO - [2025-02-04T14:23:27.334+0000] {dag.py:3239} INFO - Sync 1 DAGs
[2025-02-04T14:23:27.361+0000] {logging_mixin.py:190} INFO - [2025-02-04T14:23:27.361+0000] {dag.py:4180} INFO - Setting next_dagrun for example_python_decorator to None, run_after=None
[2025-02-04T14:23:27.397+0000] {processor.py:208} INFO - Processing /home/airflow/.local/lib/python3.12/site-packages/airflow/example_dags/example_python_decorator.py took 0.142 seconds
[2025-02-04T14:23:57.964+0000] {processor.py:186} INFO - Started process (PID=768) to work on /home/airflow/.local/lib/python3.12/site-packages/airflow/example_dags/example_python_decorator.py
[2025-02-04T14:23:57.967+0000] {processor.py:914} INFO - Processing file /home/airflow/.local/lib/python3.12/site-packages/airflow/example_dags/example_python_decorator.py for tasks to queue
[2025-02-04T14:23:57.970+0000] {logging_mixin.py:190} INFO - [2025-02-04T14:23:57.969+0000] {dagbag.py:588} INFO - Filling up the DagBag from /home/airflow/.local/lib/python3.12/site-packages/airflow/example_dags/example_python_decorator.py
[2025-02-04T14:23:58.000+0000] {processor.py:925} INFO - DAG(s) 'example_python_decorator' retrieved from /home/airflow/.local/lib/python3.12/site-packages/airflow/example_dags/example_python_decorator.py
[2025-02-04T14:23:58.038+0000] {logging_mixin.py:190} INFO - [2025-02-04T14:23:58.038+0000] {dag.py:3239} INFO - Sync 1 DAGs
[2025-02-04T14:23:58.078+0000] {logging_mixin.py:190} INFO - [2025-02-04T14:23:58.077+0000] {dag.py:4180} INFO - Setting next_dagrun for example_python_decorator to None, run_after=None
[2025-02-04T14:23:58.123+0000] {processor.py:208} INFO - Processing /home/airflow/.local/lib/python3.12/site-packages/airflow/example_dags/example_python_decorator.py took 0.171 seconds
[2025-02-04T14:24:32.924+0000] {processor.py:186} INFO - Started process (PID=832) to work on /home/airflow/.local/lib/python3.12/site-packages/airflow/example_dags/example_python_decorator.py
[2025-02-04T14:24:32.998+0000] {processor.py:914} INFO - Processing file /home/airflow/.local/lib/python3.12/site-packages/airflow/example_dags/example_python_decorator.py for tasks to queue
[2025-02-04T14:24:33.029+0000] {logging_mixin.py:190} INFO - [2025-02-04T14:24:33.028+0000] {dagbag.py:588} INFO - Filling up the DagBag from /home/airflow/.local/lib/python3.12/site-packages/airflow/example_dags/example_python_decorator.py
[2025-02-04T14:24:33.202+0000] {processor.py:925} INFO - DAG(s) 'example_python_decorator' retrieved from /home/airflow/.local/lib/python3.12/site-packages/airflow/example_dags/example_python_decorator.py
[2025-02-04T14:24:33.465+0000] {logging_mixin.py:190} INFO - [2025-02-04T14:24:33.464+0000] {dag.py:3239} INFO - Sync 1 DAGs
[2025-02-04T14:24:33.630+0000] {logging_mixin.py:190} INFO - [2025-02-04T14:24:33.618+0000] {dag.py:4180} INFO - Setting next_dagrun for example_python_decorator to None, run_after=None
[2025-02-04T14:24:33.837+0000] {processor.py:208} INFO - Processing /home/airflow/.local/lib/python3.12/site-packages/airflow/example_dags/example_python_decorator.py took 0.950 seconds
[2025-02-04T14:32:36.449+0000] {processor.py:186} INFO - Started process (PID=101) to work on /home/airflow/.local/lib/python3.12/site-packages/airflow/example_dags/example_python_decorator.py
[2025-02-04T14:32:36.453+0000] {processor.py:914} INFO - Processing file /home/airflow/.local/lib/python3.12/site-packages/airflow/example_dags/example_python_decorator.py for tasks to queue
[2025-02-04T14:32:36.565+0000] {logging_mixin.py:190} INFO - [2025-02-04T14:32:36.560+0000] {dagbag.py:588} INFO - Filling up the DagBag from /home/airflow/.local/lib/python3.12/site-packages/airflow/example_dags/example_python_decorator.py
[2025-02-04T14:32:37.983+0000] {processor.py:925} INFO - DAG(s) 'example_python_decorator' retrieved from /home/airflow/.local/lib/python3.12/site-packages/airflow/example_dags/example_python_decorator.py
[2025-02-04T14:32:41.558+0000] {logging_mixin.py:190} INFO - [2025-02-04T14:32:41.557+0000] {override.py:1911} INFO - Created Permission View: can delete on DAG:example_python_decorator
[2025-02-04T14:32:41.882+0000] {logging_mixin.py:190} INFO - [2025-02-04T14:32:41.881+0000] {override.py:1911} INFO - Created Permission View: can read on DAG:example_python_decorator
[2025-02-04T14:32:41.951+0000] {logging_mixin.py:190} INFO - [2025-02-04T14:32:41.950+0000] {override.py:1911} INFO - Created Permission View: can edit on DAG:example_python_decorator
[2025-02-04T14:32:42.032+0000] {logging_mixin.py:190} INFO - [2025-02-04T14:32:42.031+0000] {override.py:1911} INFO - Created Permission View: can create on DAG Run:example_python_decorator
[2025-02-04T14:32:42.075+0000] {logging_mixin.py:190} INFO - [2025-02-04T14:32:42.074+0000] {override.py:1911} INFO - Created Permission View: can delete on DAG Run:example_python_decorator
[2025-02-04T14:32:42.133+0000] {logging_mixin.py:190} INFO - [2025-02-04T14:32:42.132+0000] {override.py:1911} INFO - Created Permission View: can read on DAG Run:example_python_decorator
[2025-02-04T14:32:42.176+0000] {logging_mixin.py:190} INFO - [2025-02-04T14:32:42.175+0000] {override.py:1911} INFO - Created Permission View: menu access on DAG Run:example_python_decorator
[2025-02-04T14:32:42.178+0000] {logging_mixin.py:190} INFO - [2025-02-04T14:32:42.178+0000] {dag.py:3239} INFO - Sync 1 DAGs
[2025-02-04T14:32:42.297+0000] {logging_mixin.py:190} INFO - [2025-02-04T14:32:42.296+0000] {dag.py:3262} INFO - Creating ORM DAG for example_python_decorator
[2025-02-04T14:32:42.302+0000] {logging_mixin.py:190} INFO - [2025-02-04T14:32:42.301+0000] {dag.py:4180} INFO - Setting next_dagrun for example_python_decorator to None, run_after=None
[2025-02-04T14:32:42.387+0000] {processor.py:208} INFO - Processing /home/airflow/.local/lib/python3.12/site-packages/airflow/example_dags/example_python_decorator.py took 6.050 seconds
[2025-02-04T14:33:16.334+0000] {processor.py:186} INFO - Started process (PID=171) to work on /home/airflow/.local/lib/python3.12/site-packages/airflow/example_dags/example_python_decorator.py
[2025-02-04T14:33:16.337+0000] {processor.py:914} INFO - Processing file /home/airflow/.local/lib/python3.12/site-packages/airflow/example_dags/example_python_decorator.py for tasks to queue
[2025-02-04T14:33:16.346+0000] {logging_mixin.py:190} INFO - [2025-02-04T14:33:16.345+0000] {dagbag.py:588} INFO - Filling up the DagBag from /home/airflow/.local/lib/python3.12/site-packages/airflow/example_dags/example_python_decorator.py
[2025-02-04T14:33:16.417+0000] {processor.py:925} INFO - DAG(s) 'example_python_decorator' retrieved from /home/airflow/.local/lib/python3.12/site-packages/airflow/example_dags/example_python_decorator.py
[2025-02-04T14:33:16.959+0000] {logging_mixin.py:190} INFO - [2025-02-04T14:33:16.959+0000] {dag.py:3239} INFO - Sync 1 DAGs
[2025-02-04T14:33:16.997+0000] {logging_mixin.py:190} INFO - [2025-02-04T14:33:16.997+0000] {dag.py:4180} INFO - Setting next_dagrun for example_python_decorator to None, run_after=None
[2025-02-04T14:33:17.078+0000] {processor.py:208} INFO - Processing /home/airflow/.local/lib/python3.12/site-packages/airflow/example_dags/example_python_decorator.py took 0.341 seconds
[2025-02-04T14:33:47.307+0000] {processor.py:186} INFO - Started process (PID=235) to work on /home/airflow/.local/lib/python3.12/site-packages/airflow/example_dags/example_python_decorator.py
[2025-02-04T14:33:47.312+0000] {processor.py:914} INFO - Processing file /home/airflow/.local/lib/python3.12/site-packages/airflow/example_dags/example_python_decorator.py for tasks to queue
[2025-02-04T14:33:47.319+0000] {logging_mixin.py:190} INFO - [2025-02-04T14:33:47.318+0000] {dagbag.py:588} INFO - Filling up the DagBag from /home/airflow/.local/lib/python3.12/site-packages/airflow/example_dags/example_python_decorator.py
[2025-02-04T14:33:47.814+0000] {processor.py:925} INFO - DAG(s) 'example_python_decorator' retrieved from /home/airflow/.local/lib/python3.12/site-packages/airflow/example_dags/example_python_decorator.py
[2025-02-04T14:33:47.874+0000] {logging_mixin.py:190} INFO - [2025-02-04T14:33:47.873+0000] {dag.py:3239} INFO - Sync 1 DAGs
[2025-02-04T14:33:47.909+0000] {logging_mixin.py:190} INFO - [2025-02-04T14:33:47.909+0000] {dag.py:4180} INFO - Setting next_dagrun for example_python_decorator to None, run_after=None
[2025-02-04T14:33:47.952+0000] {processor.py:208} INFO - Processing /home/airflow/.local/lib/python3.12/site-packages/airflow/example_dags/example_python_decorator.py took 0.252 seconds
[2025-02-04T14:34:19.862+0000] {processor.py:186} INFO - Started process (PID=299) to work on /home/airflow/.local/lib/python3.12/site-packages/airflow/example_dags/example_python_decorator.py
[2025-02-04T14:34:19.864+0000] {processor.py:914} INFO - Processing file /home/airflow/.local/lib/python3.12/site-packages/airflow/example_dags/example_python_decorator.py for tasks to queue
[2025-02-04T14:34:19.870+0000] {logging_mixin.py:190} INFO - [2025-02-04T14:34:19.869+0000] {dagbag.py:588} INFO - Filling up the DagBag from /home/airflow/.local/lib/python3.12/site-packages/airflow/example_dags/example_python_decorator.py
[2025-02-04T14:34:19.904+0000] {processor.py:925} INFO - DAG(s) 'example_python_decorator' retrieved from /home/airflow/.local/lib/python3.12/site-packages/airflow/example_dags/example_python_decorator.py
[2025-02-04T14:34:19.972+0000] {logging_mixin.py:190} INFO - [2025-02-04T14:34:19.971+0000] {dag.py:3239} INFO - Sync 1 DAGs
[2025-02-04T14:34:20.006+0000] {logging_mixin.py:190} INFO - [2025-02-04T14:34:20.005+0000] {dag.py:4180} INFO - Setting next_dagrun for example_python_decorator to None, run_after=None
[2025-02-04T14:34:20.074+0000] {processor.py:208} INFO - Processing /home/airflow/.local/lib/python3.12/site-packages/airflow/example_dags/example_python_decorator.py took 0.225 seconds
[2025-02-04T14:34:51.508+0000] {processor.py:186} INFO - Started process (PID=363) to work on /home/airflow/.local/lib/python3.12/site-packages/airflow/example_dags/example_python_decorator.py
[2025-02-04T14:34:51.510+0000] {processor.py:914} INFO - Processing file /home/airflow/.local/lib/python3.12/site-packages/airflow/example_dags/example_python_decorator.py for tasks to queue
[2025-02-04T14:34:51.514+0000] {logging_mixin.py:190} INFO - [2025-02-04T14:34:51.513+0000] {dagbag.py:588} INFO - Filling up the DagBag from /home/airflow/.local/lib/python3.12/site-packages/airflow/example_dags/example_python_decorator.py
[2025-02-04T14:34:51.542+0000] {processor.py:925} INFO - DAG(s) 'example_python_decorator' retrieved from /home/airflow/.local/lib/python3.12/site-packages/airflow/example_dags/example_python_decorator.py
[2025-02-04T14:34:51.582+0000] {logging_mixin.py:190} INFO - [2025-02-04T14:34:51.582+0000] {dag.py:3239} INFO - Sync 1 DAGs
[2025-02-04T14:34:51.613+0000] {logging_mixin.py:190} INFO - [2025-02-04T14:34:51.612+0000] {dag.py:4180} INFO - Setting next_dagrun for example_python_decorator to None, run_after=None
[2025-02-04T14:34:51.687+0000] {processor.py:208} INFO - Processing /home/airflow/.local/lib/python3.12/site-packages/airflow/example_dags/example_python_decorator.py took 0.191 seconds
[2025-02-04T14:35:22.496+0000] {processor.py:186} INFO - Started process (PID=426) to work on /home/airflow/.local/lib/python3.12/site-packages/airflow/example_dags/example_python_decorator.py
[2025-02-04T14:35:22.497+0000] {processor.py:914} INFO - Processing file /home/airflow/.local/lib/python3.12/site-packages/airflow/example_dags/example_python_decorator.py for tasks to queue
[2025-02-04T14:35:22.501+0000] {logging_mixin.py:190} INFO - [2025-02-04T14:35:22.501+0000] {dagbag.py:588} INFO - Filling up the DagBag from /home/airflow/.local/lib/python3.12/site-packages/airflow/example_dags/example_python_decorator.py
[2025-02-04T14:35:22.526+0000] {processor.py:925} INFO - DAG(s) 'example_python_decorator' retrieved from /home/airflow/.local/lib/python3.12/site-packages/airflow/example_dags/example_python_decorator.py
[2025-02-04T14:35:22.557+0000] {logging_mixin.py:190} INFO - [2025-02-04T14:35:22.557+0000] {dag.py:3239} INFO - Sync 1 DAGs
[2025-02-04T14:35:22.577+0000] {logging_mixin.py:190} INFO - [2025-02-04T14:35:22.576+0000] {dag.py:4180} INFO - Setting next_dagrun for example_python_decorator to None, run_after=None
[2025-02-04T14:35:22.612+0000] {processor.py:208} INFO - Processing /home/airflow/.local/lib/python3.12/site-packages/airflow/example_dags/example_python_decorator.py took 0.127 seconds
[2025-02-04T14:35:55.319+0000] {processor.py:186} INFO - Started process (PID=489) to work on /home/airflow/.local/lib/python3.12/site-packages/airflow/example_dags/example_python_decorator.py
[2025-02-04T14:35:55.321+0000] {processor.py:914} INFO - Processing file /home/airflow/.local/lib/python3.12/site-packages/airflow/example_dags/example_python_decorator.py for tasks to queue
[2025-02-04T14:35:55.327+0000] {logging_mixin.py:190} INFO - [2025-02-04T14:35:55.326+0000] {dagbag.py:588} INFO - Filling up the DagBag from /home/airflow/.local/lib/python3.12/site-packages/airflow/example_dags/example_python_decorator.py
[2025-02-04T14:35:55.387+0000] {processor.py:925} INFO - DAG(s) 'example_python_decorator' retrieved from /home/airflow/.local/lib/python3.12/site-packages/airflow/example_dags/example_python_decorator.py
[2025-02-04T14:35:55.492+0000] {logging_mixin.py:190} INFO - [2025-02-04T14:35:55.492+0000] {dag.py:3239} INFO - Sync 1 DAGs
[2025-02-04T14:35:55.531+0000] {logging_mixin.py:190} INFO - [2025-02-04T14:35:55.530+0000] {dag.py:4180} INFO - Setting next_dagrun for example_python_decorator to None, run_after=None
[2025-02-04T14:35:55.578+0000] {processor.py:208} INFO - Processing /home/airflow/.local/lib/python3.12/site-packages/airflow/example_dags/example_python_decorator.py took 0.280 seconds
[2025-02-04T14:36:42.973+0000] {processor.py:186} INFO - Started process (PID=554) to work on /home/airflow/.local/lib/python3.12/site-packages/airflow/example_dags/example_python_decorator.py
[2025-02-04T14:36:42.975+0000] {processor.py:914} INFO - Processing file /home/airflow/.local/lib/python3.12/site-packages/airflow/example_dags/example_python_decorator.py for tasks to queue
[2025-02-04T14:36:42.980+0000] {logging_mixin.py:190} INFO - [2025-02-04T14:36:42.979+0000] {dagbag.py:588} INFO - Filling up the DagBag from /home/airflow/.local/lib/python3.12/site-packages/airflow/example_dags/example_python_decorator.py
[2025-02-04T14:36:43.052+0000] {processor.py:925} INFO - DAG(s) 'example_python_decorator' retrieved from /home/airflow/.local/lib/python3.12/site-packages/airflow/example_dags/example_python_decorator.py
[2025-02-04T14:36:43.156+0000] {logging_mixin.py:190} INFO - [2025-02-04T14:36:43.151+0000] {dag.py:3239} INFO - Sync 1 DAGs
[2025-02-04T14:36:43.212+0000] {logging_mixin.py:190} INFO - [2025-02-04T14:36:43.212+0000] {dag.py:4180} INFO - Setting next_dagrun for example_python_decorator to None, run_after=None
[2025-02-04T14:36:43.263+0000] {processor.py:208} INFO - Processing /home/airflow/.local/lib/python3.12/site-packages/airflow/example_dags/example_python_decorator.py took 0.303 seconds
[2025-02-04T14:37:13.954+0000] {processor.py:186} INFO - Started process (PID=619) to work on /home/airflow/.local/lib/python3.12/site-packages/airflow/example_dags/example_python_decorator.py
[2025-02-04T14:37:13.958+0000] {processor.py:914} INFO - Processing file /home/airflow/.local/lib/python3.12/site-packages/airflow/example_dags/example_python_decorator.py for tasks to queue
[2025-02-04T14:37:13.971+0000] {logging_mixin.py:190} INFO - [2025-02-04T14:37:13.968+0000] {dagbag.py:588} INFO - Filling up the DagBag from /home/airflow/.local/lib/python3.12/site-packages/airflow/example_dags/example_python_decorator.py
[2025-02-04T14:37:14.089+0000] {processor.py:925} INFO - DAG(s) 'example_python_decorator' retrieved from /home/airflow/.local/lib/python3.12/site-packages/airflow/example_dags/example_python_decorator.py
[2025-02-04T14:37:14.173+0000] {logging_mixin.py:190} INFO - [2025-02-04T14:37:14.173+0000] {dag.py:3239} INFO - Sync 1 DAGs
[2025-02-04T14:37:14.231+0000] {logging_mixin.py:190} INFO - [2025-02-04T14:37:14.230+0000] {dag.py:4180} INFO - Setting next_dagrun for example_python_decorator to None, run_after=None
[2025-02-04T14:37:14.307+0000] {processor.py:208} INFO - Processing /home/airflow/.local/lib/python3.12/site-packages/airflow/example_dags/example_python_decorator.py took 0.402 seconds
[2025-02-04T14:37:49.634+0000] {processor.py:186} INFO - Started process (PID=682) to work on /home/airflow/.local/lib/python3.12/site-packages/airflow/example_dags/example_python_decorator.py
[2025-02-04T14:37:49.639+0000] {processor.py:914} INFO - Processing file /home/airflow/.local/lib/python3.12/site-packages/airflow/example_dags/example_python_decorator.py for tasks to queue
[2025-02-04T14:37:49.648+0000] {logging_mixin.py:190} INFO - [2025-02-04T14:37:49.647+0000] {dagbag.py:588} INFO - Filling up the DagBag from /home/airflow/.local/lib/python3.12/site-packages/airflow/example_dags/example_python_decorator.py
[2025-02-04T14:37:49.735+0000] {processor.py:925} INFO - DAG(s) 'example_python_decorator' retrieved from /home/airflow/.local/lib/python3.12/site-packages/airflow/example_dags/example_python_decorator.py
[2025-02-04T14:37:49.814+0000] {logging_mixin.py:190} INFO - [2025-02-04T14:37:49.814+0000] {dag.py:3239} INFO - Sync 1 DAGs
[2025-02-04T14:37:49.868+0000] {logging_mixin.py:190} INFO - [2025-02-04T14:37:49.868+0000] {dag.py:4180} INFO - Setting next_dagrun for example_python_decorator to None, run_after=None
[2025-02-04T14:37:49.944+0000] {processor.py:208} INFO - Processing /home/airflow/.local/lib/python3.12/site-packages/airflow/example_dags/example_python_decorator.py took 0.335 seconds
[2025-02-04T14:38:20.337+0000] {processor.py:186} INFO - Started process (PID=747) to work on /home/airflow/.local/lib/python3.12/site-packages/airflow/example_dags/example_python_decorator.py
[2025-02-04T14:38:20.339+0000] {processor.py:914} INFO - Processing file /home/airflow/.local/lib/python3.12/site-packages/airflow/example_dags/example_python_decorator.py for tasks to queue
[2025-02-04T14:38:20.344+0000] {logging_mixin.py:190} INFO - [2025-02-04T14:38:20.343+0000] {dagbag.py:588} INFO - Filling up the DagBag from /home/airflow/.local/lib/python3.12/site-packages/airflow/example_dags/example_python_decorator.py
[2025-02-04T14:38:20.379+0000] {processor.py:925} INFO - DAG(s) 'example_python_decorator' retrieved from /home/airflow/.local/lib/python3.12/site-packages/airflow/example_dags/example_python_decorator.py
[2025-02-04T14:38:20.436+0000] {logging_mixin.py:190} INFO - [2025-02-04T14:38:20.435+0000] {dag.py:3239} INFO - Sync 1 DAGs
[2025-02-04T14:38:20.470+0000] {logging_mixin.py:190} INFO - [2025-02-04T14:38:20.469+0000] {dag.py:4180} INFO - Setting next_dagrun for example_python_decorator to None, run_after=None
[2025-02-04T14:38:20.509+0000] {processor.py:208} INFO - Processing /home/airflow/.local/lib/python3.12/site-packages/airflow/example_dags/example_python_decorator.py took 0.184 seconds
[2025-02-04T14:38:55.428+0000] {processor.py:186} INFO - Started process (PID=815) to work on /home/airflow/.local/lib/python3.12/site-packages/airflow/example_dags/example_python_decorator.py
[2025-02-04T14:38:55.430+0000] {processor.py:914} INFO - Processing file /home/airflow/.local/lib/python3.12/site-packages/airflow/example_dags/example_python_decorator.py for tasks to queue
[2025-02-04T14:38:55.434+0000] {logging_mixin.py:190} INFO - [2025-02-04T14:38:55.433+0000] {dagbag.py:588} INFO - Filling up the DagBag from /home/airflow/.local/lib/python3.12/site-packages/airflow/example_dags/example_python_decorator.py
[2025-02-04T14:38:55.461+0000] {processor.py:925} INFO - DAG(s) 'example_python_decorator' retrieved from /home/airflow/.local/lib/python3.12/site-packages/airflow/example_dags/example_python_decorator.py
[2025-02-04T14:38:55.505+0000] {logging_mixin.py:190} INFO - [2025-02-04T14:38:55.504+0000] {dag.py:3239} INFO - Sync 1 DAGs
[2025-02-04T14:38:55.534+0000] {logging_mixin.py:190} INFO - [2025-02-04T14:38:55.534+0000] {dag.py:4180} INFO - Setting next_dagrun for example_python_decorator to None, run_after=None
[2025-02-04T14:38:55.575+0000] {processor.py:208} INFO - Processing /home/airflow/.local/lib/python3.12/site-packages/airflow/example_dags/example_python_decorator.py took 0.159 seconds
[2025-02-04T14:39:25.694+0000] {processor.py:186} INFO - Started process (PID=880) to work on /home/airflow/.local/lib/python3.12/site-packages/airflow/example_dags/example_python_decorator.py
[2025-02-04T14:39:25.696+0000] {processor.py:914} INFO - Processing file /home/airflow/.local/lib/python3.12/site-packages/airflow/example_dags/example_python_decorator.py for tasks to queue
[2025-02-04T14:39:25.701+0000] {logging_mixin.py:190} INFO - [2025-02-04T14:39:25.700+0000] {dagbag.py:588} INFO - Filling up the DagBag from /home/airflow/.local/lib/python3.12/site-packages/airflow/example_dags/example_python_decorator.py
[2025-02-04T14:39:25.724+0000] {processor.py:925} INFO - DAG(s) 'example_python_decorator' retrieved from /home/airflow/.local/lib/python3.12/site-packages/airflow/example_dags/example_python_decorator.py
[2025-02-04T14:39:25.773+0000] {logging_mixin.py:190} INFO - [2025-02-04T14:39:25.772+0000] {dag.py:3239} INFO - Sync 1 DAGs
[2025-02-04T14:39:25.797+0000] {logging_mixin.py:190} INFO - [2025-02-04T14:39:25.797+0000] {dag.py:4180} INFO - Setting next_dagrun for example_python_decorator to None, run_after=None
[2025-02-04T14:39:25.828+0000] {processor.py:208} INFO - Processing /home/airflow/.local/lib/python3.12/site-packages/airflow/example_dags/example_python_decorator.py took 0.143 seconds
[2025-02-04T14:39:56.908+0000] {processor.py:186} INFO - Started process (PID=943) to work on /home/airflow/.local/lib/python3.12/site-packages/airflow/example_dags/example_python_decorator.py
[2025-02-04T14:39:56.910+0000] {processor.py:914} INFO - Processing file /home/airflow/.local/lib/python3.12/site-packages/airflow/example_dags/example_python_decorator.py for tasks to queue
[2025-02-04T14:39:56.915+0000] {logging_mixin.py:190} INFO - [2025-02-04T14:39:56.914+0000] {dagbag.py:588} INFO - Filling up the DagBag from /home/airflow/.local/lib/python3.12/site-packages/airflow/example_dags/example_python_decorator.py
[2025-02-04T14:39:56.941+0000] {processor.py:925} INFO - DAG(s) 'example_python_decorator' retrieved from /home/airflow/.local/lib/python3.12/site-packages/airflow/example_dags/example_python_decorator.py
[2025-02-04T14:39:56.982+0000] {logging_mixin.py:190} INFO - [2025-02-04T14:39:56.982+0000] {dag.py:3239} INFO - Sync 1 DAGs
[2025-02-04T14:39:57.005+0000] {logging_mixin.py:190} INFO - [2025-02-04T14:39:57.004+0000] {dag.py:4180} INFO - Setting next_dagrun for example_python_decorator to None, run_after=None
[2025-02-04T14:39:57.037+0000] {processor.py:208} INFO - Processing /home/airflow/.local/lib/python3.12/site-packages/airflow/example_dags/example_python_decorator.py took 0.140 seconds
[2025-02-04T14:40:28.784+0000] {processor.py:186} INFO - Started process (PID=1015) to work on /home/airflow/.local/lib/python3.12/site-packages/airflow/example_dags/example_python_decorator.py
[2025-02-04T14:40:28.788+0000] {processor.py:914} INFO - Processing file /home/airflow/.local/lib/python3.12/site-packages/airflow/example_dags/example_python_decorator.py for tasks to queue
[2025-02-04T14:40:28.793+0000] {logging_mixin.py:190} INFO - [2025-02-04T14:40:28.792+0000] {dagbag.py:588} INFO - Filling up the DagBag from /home/airflow/.local/lib/python3.12/site-packages/airflow/example_dags/example_python_decorator.py
[2025-02-04T14:40:28.872+0000] {processor.py:925} INFO - DAG(s) 'example_python_decorator' retrieved from /home/airflow/.local/lib/python3.12/site-packages/airflow/example_dags/example_python_decorator.py
[2025-02-04T14:40:29.000+0000] {logging_mixin.py:190} INFO - [2025-02-04T14:40:28.999+0000] {dag.py:3239} INFO - Sync 1 DAGs
[2025-02-04T14:40:29.072+0000] {logging_mixin.py:190} INFO - [2025-02-04T14:40:29.069+0000] {dag.py:4180} INFO - Setting next_dagrun for example_python_decorator to None, run_after=None
[2025-02-04T14:40:29.212+0000] {processor.py:208} INFO - Processing /home/airflow/.local/lib/python3.12/site-packages/airflow/example_dags/example_python_decorator.py took 0.463 seconds
[2025-02-04T14:40:59.478+0000] {processor.py:186} INFO - Started process (PID=1072) to work on /home/airflow/.local/lib/python3.12/site-packages/airflow/example_dags/example_python_decorator.py
[2025-02-04T14:40:59.479+0000] {processor.py:914} INFO - Processing file /home/airflow/.local/lib/python3.12/site-packages/airflow/example_dags/example_python_decorator.py for tasks to queue
[2025-02-04T14:40:59.484+0000] {logging_mixin.py:190} INFO - [2025-02-04T14:40:59.483+0000] {dagbag.py:588} INFO - Filling up the DagBag from /home/airflow/.local/lib/python3.12/site-packages/airflow/example_dags/example_python_decorator.py
[2025-02-04T14:40:59.524+0000] {processor.py:925} INFO - DAG(s) 'example_python_decorator' retrieved from /home/airflow/.local/lib/python3.12/site-packages/airflow/example_dags/example_python_decorator.py
[2025-02-04T14:40:59.612+0000] {logging_mixin.py:190} INFO - [2025-02-04T14:40:59.611+0000] {dag.py:3239} INFO - Sync 1 DAGs
[2025-02-04T14:40:59.721+0000] {logging_mixin.py:190} INFO - [2025-02-04T14:40:59.721+0000] {dag.py:4180} INFO - Setting next_dagrun for example_python_decorator to None, run_after=None
[2025-02-04T14:40:59.842+0000] {processor.py:208} INFO - Processing /home/airflow/.local/lib/python3.12/site-packages/airflow/example_dags/example_python_decorator.py took 0.377 seconds
[2025-02-04T14:41:30.743+0000] {processor.py:186} INFO - Started process (PID=1142) to work on /home/airflow/.local/lib/python3.12/site-packages/airflow/example_dags/example_python_decorator.py
[2025-02-04T14:41:30.744+0000] {processor.py:914} INFO - Processing file /home/airflow/.local/lib/python3.12/site-packages/airflow/example_dags/example_python_decorator.py for tasks to queue
[2025-02-04T14:41:30.749+0000] {logging_mixin.py:190} INFO - [2025-02-04T14:41:30.748+0000] {dagbag.py:588} INFO - Filling up the DagBag from /home/airflow/.local/lib/python3.12/site-packages/airflow/example_dags/example_python_decorator.py
[2025-02-04T14:41:30.786+0000] {processor.py:925} INFO - DAG(s) 'example_python_decorator' retrieved from /home/airflow/.local/lib/python3.12/site-packages/airflow/example_dags/example_python_decorator.py
[2025-02-04T14:41:30.838+0000] {logging_mixin.py:190} INFO - [2025-02-04T14:41:30.838+0000] {dag.py:3239} INFO - Sync 1 DAGs
[2025-02-04T14:41:30.875+0000] {logging_mixin.py:190} INFO - [2025-02-04T14:41:30.875+0000] {dag.py:4180} INFO - Setting next_dagrun for example_python_decorator to None, run_after=None
[2025-02-04T14:41:30.904+0000] {processor.py:208} INFO - Processing /home/airflow/.local/lib/python3.12/site-packages/airflow/example_dags/example_python_decorator.py took 0.176 seconds
[2025-02-04T14:42:01.883+0000] {processor.py:186} INFO - Started process (PID=1206) to work on /home/airflow/.local/lib/python3.12/site-packages/airflow/example_dags/example_python_decorator.py
[2025-02-04T14:42:01.888+0000] {processor.py:914} INFO - Processing file /home/airflow/.local/lib/python3.12/site-packages/airflow/example_dags/example_python_decorator.py for tasks to queue
[2025-02-04T14:42:01.893+0000] {logging_mixin.py:190} INFO - [2025-02-04T14:42:01.892+0000] {dagbag.py:588} INFO - Filling up the DagBag from /home/airflow/.local/lib/python3.12/site-packages/airflow/example_dags/example_python_decorator.py
[2025-02-04T14:42:01.933+0000] {processor.py:925} INFO - DAG(s) 'example_python_decorator' retrieved from /home/airflow/.local/lib/python3.12/site-packages/airflow/example_dags/example_python_decorator.py
[2025-02-04T14:42:01.999+0000] {logging_mixin.py:190} INFO - [2025-02-04T14:42:01.998+0000] {dag.py:3239} INFO - Sync 1 DAGs
[2025-02-04T14:42:02.039+0000] {logging_mixin.py:190} INFO - [2025-02-04T14:42:02.038+0000] {dag.py:4180} INFO - Setting next_dagrun for example_python_decorator to None, run_after=None
[2025-02-04T14:42:02.086+0000] {processor.py:208} INFO - Processing /home/airflow/.local/lib/python3.12/site-packages/airflow/example_dags/example_python_decorator.py took 0.219 seconds
[2025-02-04T14:42:32.267+0000] {processor.py:186} INFO - Started process (PID=1263) to work on /home/airflow/.local/lib/python3.12/site-packages/airflow/example_dags/example_python_decorator.py
[2025-02-04T14:42:32.268+0000] {processor.py:914} INFO - Processing file /home/airflow/.local/lib/python3.12/site-packages/airflow/example_dags/example_python_decorator.py for tasks to queue
[2025-02-04T14:42:32.272+0000] {logging_mixin.py:190} INFO - [2025-02-04T14:42:32.271+0000] {dagbag.py:588} INFO - Filling up the DagBag from /home/airflow/.local/lib/python3.12/site-packages/airflow/example_dags/example_python_decorator.py
[2025-02-04T14:42:32.295+0000] {processor.py:925} INFO - DAG(s) 'example_python_decorator' retrieved from /home/airflow/.local/lib/python3.12/site-packages/airflow/example_dags/example_python_decorator.py
[2025-02-04T14:42:32.327+0000] {logging_mixin.py:190} INFO - [2025-02-04T14:42:32.327+0000] {dag.py:3239} INFO - Sync 1 DAGs
[2025-02-04T14:42:32.347+0000] {logging_mixin.py:190} INFO - [2025-02-04T14:42:32.347+0000] {dag.py:4180} INFO - Setting next_dagrun for example_python_decorator to None, run_after=None
[2025-02-04T14:42:32.376+0000] {processor.py:208} INFO - Processing /home/airflow/.local/lib/python3.12/site-packages/airflow/example_dags/example_python_decorator.py took 0.118 seconds
[2025-02-04T14:43:02.623+0000] {processor.py:186} INFO - Started process (PID=1327) to work on /home/airflow/.local/lib/python3.12/site-packages/airflow/example_dags/example_python_decorator.py
[2025-02-04T14:43:02.625+0000] {processor.py:914} INFO - Processing file /home/airflow/.local/lib/python3.12/site-packages/airflow/example_dags/example_python_decorator.py for tasks to queue
[2025-02-04T14:43:02.629+0000] {logging_mixin.py:190} INFO - [2025-02-04T14:43:02.628+0000] {dagbag.py:588} INFO - Filling up the DagBag from /home/airflow/.local/lib/python3.12/site-packages/airflow/example_dags/example_python_decorator.py
[2025-02-04T14:43:02.653+0000] {processor.py:925} INFO - DAG(s) 'example_python_decorator' retrieved from /home/airflow/.local/lib/python3.12/site-packages/airflow/example_dags/example_python_decorator.py
[2025-02-04T14:43:02.686+0000] {logging_mixin.py:190} INFO - [2025-02-04T14:43:02.686+0000] {dag.py:3239} INFO - Sync 1 DAGs
[2025-02-04T14:43:02.706+0000] {logging_mixin.py:190} INFO - [2025-02-04T14:43:02.705+0000] {dag.py:4180} INFO - Setting next_dagrun for example_python_decorator to None, run_after=None
[2025-02-04T14:43:02.732+0000] {processor.py:208} INFO - Processing /home/airflow/.local/lib/python3.12/site-packages/airflow/example_dags/example_python_decorator.py took 0.117 seconds
[2025-02-04T14:43:33.225+0000] {processor.py:186} INFO - Started process (PID=1391) to work on /home/airflow/.local/lib/python3.12/site-packages/airflow/example_dags/example_python_decorator.py
[2025-02-04T14:43:33.226+0000] {processor.py:914} INFO - Processing file /home/airflow/.local/lib/python3.12/site-packages/airflow/example_dags/example_python_decorator.py for tasks to queue
[2025-02-04T14:43:33.230+0000] {logging_mixin.py:190} INFO - [2025-02-04T14:43:33.230+0000] {dagbag.py:588} INFO - Filling up the DagBag from /home/airflow/.local/lib/python3.12/site-packages/airflow/example_dags/example_python_decorator.py
[2025-02-04T14:43:33.255+0000] {processor.py:925} INFO - DAG(s) 'example_python_decorator' retrieved from /home/airflow/.local/lib/python3.12/site-packages/airflow/example_dags/example_python_decorator.py
[2025-02-04T14:43:33.291+0000] {logging_mixin.py:190} INFO - [2025-02-04T14:43:33.290+0000] {dag.py:3239} INFO - Sync 1 DAGs
[2025-02-04T14:43:33.311+0000] {logging_mixin.py:190} INFO - [2025-02-04T14:43:33.311+0000] {dag.py:4180} INFO - Setting next_dagrun for example_python_decorator to None, run_after=None
[2025-02-04T14:43:33.340+0000] {processor.py:208} INFO - Processing /home/airflow/.local/lib/python3.12/site-packages/airflow/example_dags/example_python_decorator.py took 0.125 seconds
[2025-02-04T14:44:03.532+0000] {processor.py:186} INFO - Started process (PID=1455) to work on /home/airflow/.local/lib/python3.12/site-packages/airflow/example_dags/example_python_decorator.py
[2025-02-04T14:44:03.533+0000] {processor.py:914} INFO - Processing file /home/airflow/.local/lib/python3.12/site-packages/airflow/example_dags/example_python_decorator.py for tasks to queue
[2025-02-04T14:44:03.537+0000] {logging_mixin.py:190} INFO - [2025-02-04T14:44:03.536+0000] {dagbag.py:588} INFO - Filling up the DagBag from /home/airflow/.local/lib/python3.12/site-packages/airflow/example_dags/example_python_decorator.py
[2025-02-04T14:44:03.558+0000] {processor.py:925} INFO - DAG(s) 'example_python_decorator' retrieved from /home/airflow/.local/lib/python3.12/site-packages/airflow/example_dags/example_python_decorator.py
[2025-02-04T14:44:03.591+0000] {logging_mixin.py:190} INFO - [2025-02-04T14:44:03.591+0000] {dag.py:3239} INFO - Sync 1 DAGs
[2025-02-04T14:44:03.612+0000] {logging_mixin.py:190} INFO - [2025-02-04T14:44:03.612+0000] {dag.py:4180} INFO - Setting next_dagrun for example_python_decorator to None, run_after=None
[2025-02-04T14:44:03.641+0000] {processor.py:208} INFO - Processing /home/airflow/.local/lib/python3.12/site-packages/airflow/example_dags/example_python_decorator.py took 0.118 seconds
[2025-02-04T14:44:34.243+0000] {processor.py:186} INFO - Started process (PID=1519) to work on /home/airflow/.local/lib/python3.12/site-packages/airflow/example_dags/example_python_decorator.py
[2025-02-04T14:44:34.246+0000] {processor.py:914} INFO - Processing file /home/airflow/.local/lib/python3.12/site-packages/airflow/example_dags/example_python_decorator.py for tasks to queue
[2025-02-04T14:44:34.253+0000] {logging_mixin.py:190} INFO - [2025-02-04T14:44:34.252+0000] {dagbag.py:588} INFO - Filling up the DagBag from /home/airflow/.local/lib/python3.12/site-packages/airflow/example_dags/example_python_decorator.py
[2025-02-04T14:44:34.283+0000] {processor.py:925} INFO - DAG(s) 'example_python_decorator' retrieved from /home/airflow/.local/lib/python3.12/site-packages/airflow/example_dags/example_python_decorator.py
[2025-02-04T14:44:34.317+0000] {logging_mixin.py:190} INFO - [2025-02-04T14:44:34.317+0000] {dag.py:3239} INFO - Sync 1 DAGs
[2025-02-04T14:44:34.340+0000] {logging_mixin.py:190} INFO - [2025-02-04T14:44:34.340+0000] {dag.py:4180} INFO - Setting next_dagrun for example_python_decorator to None, run_after=None
[2025-02-04T14:44:34.366+0000] {processor.py:208} INFO - Processing /home/airflow/.local/lib/python3.12/site-packages/airflow/example_dags/example_python_decorator.py took 0.140 seconds
[2025-02-04T14:45:05.281+0000] {processor.py:186} INFO - Started process (PID=1583) to work on /home/airflow/.local/lib/python3.12/site-packages/airflow/example_dags/example_python_decorator.py
[2025-02-04T14:45:05.283+0000] {processor.py:914} INFO - Processing file /home/airflow/.local/lib/python3.12/site-packages/airflow/example_dags/example_python_decorator.py for tasks to queue
[2025-02-04T14:45:05.286+0000] {logging_mixin.py:190} INFO - [2025-02-04T14:45:05.286+0000] {dagbag.py:588} INFO - Filling up the DagBag from /home/airflow/.local/lib/python3.12/site-packages/airflow/example_dags/example_python_decorator.py
[2025-02-04T14:45:05.314+0000] {processor.py:925} INFO - DAG(s) 'example_python_decorator' retrieved from /home/airflow/.local/lib/python3.12/site-packages/airflow/example_dags/example_python_decorator.py
[2025-02-04T14:45:05.354+0000] {logging_mixin.py:190} INFO - [2025-02-04T14:45:05.353+0000] {dag.py:3239} INFO - Sync 1 DAGs
[2025-02-04T14:45:05.378+0000] {logging_mixin.py:190} INFO - [2025-02-04T14:45:05.378+0000] {dag.py:4180} INFO - Setting next_dagrun for example_python_decorator to None, run_after=None
[2025-02-04T14:45:05.412+0000] {processor.py:208} INFO - Processing /home/airflow/.local/lib/python3.12/site-packages/airflow/example_dags/example_python_decorator.py took 0.140 seconds
[2025-02-04T14:45:36.246+0000] {processor.py:186} INFO - Started process (PID=1647) to work on /home/airflow/.local/lib/python3.12/site-packages/airflow/example_dags/example_python_decorator.py
[2025-02-04T14:45:36.248+0000] {processor.py:914} INFO - Processing file /home/airflow/.local/lib/python3.12/site-packages/airflow/example_dags/example_python_decorator.py for tasks to queue
[2025-02-04T14:45:36.254+0000] {logging_mixin.py:190} INFO - [2025-02-04T14:45:36.253+0000] {dagbag.py:588} INFO - Filling up the DagBag from /home/airflow/.local/lib/python3.12/site-packages/airflow/example_dags/example_python_decorator.py
[2025-02-04T14:45:36.296+0000] {processor.py:925} INFO - DAG(s) 'example_python_decorator' retrieved from /home/airflow/.local/lib/python3.12/site-packages/airflow/example_dags/example_python_decorator.py
[2025-02-04T14:45:36.367+0000] {logging_mixin.py:190} INFO - [2025-02-04T14:45:36.366+0000] {dag.py:3239} INFO - Sync 1 DAGs
[2025-02-04T14:45:36.417+0000] {logging_mixin.py:190} INFO - [2025-02-04T14:45:36.417+0000] {dag.py:4180} INFO - Setting next_dagrun for example_python_decorator to None, run_after=None
[2025-02-04T14:45:36.465+0000] {processor.py:208} INFO - Processing /home/airflow/.local/lib/python3.12/site-packages/airflow/example_dags/example_python_decorator.py took 0.239 seconds
[2025-02-04T14:46:07.531+0000] {processor.py:186} INFO - Started process (PID=1711) to work on /home/airflow/.local/lib/python3.12/site-packages/airflow/example_dags/example_python_decorator.py
[2025-02-04T14:46:07.533+0000] {processor.py:914} INFO - Processing file /home/airflow/.local/lib/python3.12/site-packages/airflow/example_dags/example_python_decorator.py for tasks to queue
[2025-02-04T14:46:07.537+0000] {logging_mixin.py:190} INFO - [2025-02-04T14:46:07.536+0000] {dagbag.py:588} INFO - Filling up the DagBag from /home/airflow/.local/lib/python3.12/site-packages/airflow/example_dags/example_python_decorator.py
[2025-02-04T14:46:07.558+0000] {processor.py:925} INFO - DAG(s) 'example_python_decorator' retrieved from /home/airflow/.local/lib/python3.12/site-packages/airflow/example_dags/example_python_decorator.py
[2025-02-04T14:46:07.589+0000] {logging_mixin.py:190} INFO - [2025-02-04T14:46:07.589+0000] {dag.py:3239} INFO - Sync 1 DAGs
[2025-02-04T14:46:07.611+0000] {logging_mixin.py:190} INFO - [2025-02-04T14:46:07.610+0000] {dag.py:4180} INFO - Setting next_dagrun for example_python_decorator to None, run_after=None
[2025-02-04T14:46:07.638+0000] {processor.py:208} INFO - Processing /home/airflow/.local/lib/python3.12/site-packages/airflow/example_dags/example_python_decorator.py took 0.118 seconds
[2025-02-04T14:49:12.795+0000] {processor.py:186} INFO - Started process (PID=90) to work on /home/airflow/.local/lib/python3.12/site-packages/airflow/example_dags/example_python_decorator.py
[2025-02-04T14:49:12.803+0000] {processor.py:914} INFO - Processing file /home/airflow/.local/lib/python3.12/site-packages/airflow/example_dags/example_python_decorator.py for tasks to queue
[2025-02-04T14:49:12.812+0000] {logging_mixin.py:190} INFO - [2025-02-04T14:49:12.811+0000] {dagbag.py:588} INFO - Filling up the DagBag from /home/airflow/.local/lib/python3.12/site-packages/airflow/example_dags/example_python_decorator.py
[2025-02-04T14:49:12.881+0000] {processor.py:925} INFO - DAG(s) 'example_python_decorator' retrieved from /home/airflow/.local/lib/python3.12/site-packages/airflow/example_dags/example_python_decorator.py
[2025-02-04T14:49:14.305+0000] {logging_mixin.py:190} INFO - [2025-02-04T14:49:14.305+0000] {dag.py:3239} INFO - Sync 1 DAGs
[2025-02-04T14:49:14.501+0000] {logging_mixin.py:190} INFO - [2025-02-04T14:49:14.500+0000] {dag.py:4180} INFO - Setting next_dagrun for example_python_decorator to None, run_after=None
[2025-02-04T14:49:14.687+0000] {processor.py:208} INFO - Processing /home/airflow/.local/lib/python3.12/site-packages/airflow/example_dags/example_python_decorator.py took 1.936 seconds
[2025-02-04T14:49:52.333+0000] {processor.py:186} INFO - Started process (PID=154) to work on /home/airflow/.local/lib/python3.12/site-packages/airflow/example_dags/example_python_decorator.py
[2025-02-04T14:49:52.335+0000] {processor.py:914} INFO - Processing file /home/airflow/.local/lib/python3.12/site-packages/airflow/example_dags/example_python_decorator.py for tasks to queue
[2025-02-04T14:49:52.340+0000] {logging_mixin.py:190} INFO - [2025-02-04T14:49:52.340+0000] {dagbag.py:588} INFO - Filling up the DagBag from /home/airflow/.local/lib/python3.12/site-packages/airflow/example_dags/example_python_decorator.py
[2025-02-04T14:49:52.378+0000] {processor.py:925} INFO - DAG(s) 'example_python_decorator' retrieved from /home/airflow/.local/lib/python3.12/site-packages/airflow/example_dags/example_python_decorator.py
[2025-02-04T14:49:52.422+0000] {logging_mixin.py:190} INFO - [2025-02-04T14:49:52.422+0000] {dag.py:3239} INFO - Sync 1 DAGs
[2025-02-04T14:49:52.449+0000] {logging_mixin.py:190} INFO - [2025-02-04T14:49:52.449+0000] {dag.py:4180} INFO - Setting next_dagrun for example_python_decorator to None, run_after=None
[2025-02-04T14:49:52.501+0000] {processor.py:208} INFO - Processing /home/airflow/.local/lib/python3.12/site-packages/airflow/example_dags/example_python_decorator.py took 0.184 seconds
[2025-02-04T14:50:26.013+0000] {processor.py:186} INFO - Started process (PID=219) to work on /home/airflow/.local/lib/python3.12/site-packages/airflow/example_dags/example_python_decorator.py
[2025-02-04T14:50:26.015+0000] {processor.py:914} INFO - Processing file /home/airflow/.local/lib/python3.12/site-packages/airflow/example_dags/example_python_decorator.py for tasks to queue
[2025-02-04T14:50:26.018+0000] {logging_mixin.py:190} INFO - [2025-02-04T14:50:26.018+0000] {dagbag.py:588} INFO - Filling up the DagBag from /home/airflow/.local/lib/python3.12/site-packages/airflow/example_dags/example_python_decorator.py
[2025-02-04T14:50:26.041+0000] {processor.py:925} INFO - DAG(s) 'example_python_decorator' retrieved from /home/airflow/.local/lib/python3.12/site-packages/airflow/example_dags/example_python_decorator.py
[2025-02-04T14:50:26.070+0000] {logging_mixin.py:190} INFO - [2025-02-04T14:50:26.070+0000] {dag.py:3239} INFO - Sync 1 DAGs
[2025-02-04T14:50:26.090+0000] {logging_mixin.py:190} INFO - [2025-02-04T14:50:26.089+0000] {dag.py:4180} INFO - Setting next_dagrun for example_python_decorator to None, run_after=None
[2025-02-04T14:50:26.115+0000] {processor.py:208} INFO - Processing /home/airflow/.local/lib/python3.12/site-packages/airflow/example_dags/example_python_decorator.py took 0.110 seconds
[2025-02-04T14:51:00.542+0000] {processor.py:186} INFO - Started process (PID=289) to work on /home/airflow/.local/lib/python3.12/site-packages/airflow/example_dags/example_python_decorator.py
[2025-02-04T14:51:00.544+0000] {processor.py:914} INFO - Processing file /home/airflow/.local/lib/python3.12/site-packages/airflow/example_dags/example_python_decorator.py for tasks to queue
[2025-02-04T14:51:00.552+0000] {logging_mixin.py:190} INFO - [2025-02-04T14:51:00.551+0000] {dagbag.py:588} INFO - Filling up the DagBag from /home/airflow/.local/lib/python3.12/site-packages/airflow/example_dags/example_python_decorator.py
[2025-02-04T14:51:00.589+0000] {processor.py:925} INFO - DAG(s) 'example_python_decorator' retrieved from /home/airflow/.local/lib/python3.12/site-packages/airflow/example_dags/example_python_decorator.py
[2025-02-04T14:51:00.653+0000] {logging_mixin.py:190} INFO - [2025-02-04T14:51:00.652+0000] {dag.py:3239} INFO - Sync 1 DAGs
[2025-02-04T14:51:00.706+0000] {logging_mixin.py:190} INFO - [2025-02-04T14:51:00.706+0000] {dag.py:4180} INFO - Setting next_dagrun for example_python_decorator to None, run_after=None
[2025-02-04T14:51:00.765+0000] {processor.py:208} INFO - Processing /home/airflow/.local/lib/python3.12/site-packages/airflow/example_dags/example_python_decorator.py took 0.240 seconds
[2025-02-04T14:51:32.880+0000] {processor.py:186} INFO - Started process (PID=352) to work on /home/airflow/.local/lib/python3.12/site-packages/airflow/example_dags/example_python_decorator.py
[2025-02-04T14:51:32.883+0000] {processor.py:914} INFO - Processing file /home/airflow/.local/lib/python3.12/site-packages/airflow/example_dags/example_python_decorator.py for tasks to queue
[2025-02-04T14:51:32.888+0000] {logging_mixin.py:190} INFO - [2025-02-04T14:51:32.887+0000] {dagbag.py:588} INFO - Filling up the DagBag from /home/airflow/.local/lib/python3.12/site-packages/airflow/example_dags/example_python_decorator.py
[2025-02-04T14:51:32.919+0000] {processor.py:925} INFO - DAG(s) 'example_python_decorator' retrieved from /home/airflow/.local/lib/python3.12/site-packages/airflow/example_dags/example_python_decorator.py
[2025-02-04T14:51:32.966+0000] {logging_mixin.py:190} INFO - [2025-02-04T14:51:32.966+0000] {dag.py:3239} INFO - Sync 1 DAGs
[2025-02-04T14:51:33.002+0000] {logging_mixin.py:190} INFO - [2025-02-04T14:51:33.001+0000] {dag.py:4180} INFO - Setting next_dagrun for example_python_decorator to None, run_after=None
[2025-02-04T14:51:33.043+0000] {processor.py:208} INFO - Processing /home/airflow/.local/lib/python3.12/site-packages/airflow/example_dags/example_python_decorator.py took 0.178 seconds
[2025-02-04T14:52:28.711+0000] {processor.py:186} INFO - Started process (PID=416) to work on /home/airflow/.local/lib/python3.12/site-packages/airflow/example_dags/example_python_decorator.py
[2025-02-04T14:52:28.738+0000] {processor.py:914} INFO - Processing file /home/airflow/.local/lib/python3.12/site-packages/airflow/example_dags/example_python_decorator.py for tasks to queue
[2025-02-04T14:52:28.756+0000] {logging_mixin.py:190} INFO - [2025-02-04T14:52:28.755+0000] {dagbag.py:588} INFO - Filling up the DagBag from /home/airflow/.local/lib/python3.12/site-packages/airflow/example_dags/example_python_decorator.py
[2025-02-04T14:52:28.893+0000] {processor.py:925} INFO - DAG(s) 'example_python_decorator' retrieved from /home/airflow/.local/lib/python3.12/site-packages/airflow/example_dags/example_python_decorator.py
[2025-02-04T14:52:29.080+0000] {logging_mixin.py:190} INFO - [2025-02-04T14:52:29.079+0000] {dag.py:3239} INFO - Sync 1 DAGs
[2025-02-04T14:52:29.233+0000] {logging_mixin.py:190} INFO - [2025-02-04T14:52:29.232+0000] {dag.py:4180} INFO - Setting next_dagrun for example_python_decorator to None, run_after=None
[2025-02-04T14:52:29.366+0000] {processor.py:208} INFO - Processing /home/airflow/.local/lib/python3.12/site-packages/airflow/example_dags/example_python_decorator.py took 0.691 seconds
[2025-02-04T14:52:59.587+0000] {processor.py:186} INFO - Started process (PID=484) to work on /home/airflow/.local/lib/python3.12/site-packages/airflow/example_dags/example_python_decorator.py
[2025-02-04T14:52:59.589+0000] {processor.py:914} INFO - Processing file /home/airflow/.local/lib/python3.12/site-packages/airflow/example_dags/example_python_decorator.py for tasks to queue
[2025-02-04T14:52:59.594+0000] {logging_mixin.py:190} INFO - [2025-02-04T14:52:59.593+0000] {dagbag.py:588} INFO - Filling up the DagBag from /home/airflow/.local/lib/python3.12/site-packages/airflow/example_dags/example_python_decorator.py
[2025-02-04T14:52:59.622+0000] {processor.py:925} INFO - DAG(s) 'example_python_decorator' retrieved from /home/airflow/.local/lib/python3.12/site-packages/airflow/example_dags/example_python_decorator.py
[2025-02-04T14:52:59.664+0000] {logging_mixin.py:190} INFO - [2025-02-04T14:52:59.664+0000] {dag.py:3239} INFO - Sync 1 DAGs
[2025-02-04T14:52:59.689+0000] {logging_mixin.py:190} INFO - [2025-02-04T14:52:59.689+0000] {dag.py:4180} INFO - Setting next_dagrun for example_python_decorator to None, run_after=None
[2025-02-04T14:52:59.751+0000] {processor.py:208} INFO - Processing /home/airflow/.local/lib/python3.12/site-packages/airflow/example_dags/example_python_decorator.py took 0.182 seconds
[2025-02-04T14:53:30.485+0000] {processor.py:186} INFO - Started process (PID=550) to work on /home/airflow/.local/lib/python3.12/site-packages/airflow/example_dags/example_python_decorator.py
[2025-02-04T14:53:30.487+0000] {processor.py:914} INFO - Processing file /home/airflow/.local/lib/python3.12/site-packages/airflow/example_dags/example_python_decorator.py for tasks to queue
[2025-02-04T14:53:30.492+0000] {logging_mixin.py:190} INFO - [2025-02-04T14:53:30.491+0000] {dagbag.py:588} INFO - Filling up the DagBag from /home/airflow/.local/lib/python3.12/site-packages/airflow/example_dags/example_python_decorator.py
[2025-02-04T14:53:30.515+0000] {processor.py:925} INFO - DAG(s) 'example_python_decorator' retrieved from /home/airflow/.local/lib/python3.12/site-packages/airflow/example_dags/example_python_decorator.py
[2025-02-04T14:53:30.546+0000] {logging_mixin.py:190} INFO - [2025-02-04T14:53:30.545+0000] {dag.py:3239} INFO - Sync 1 DAGs
[2025-02-04T14:53:30.566+0000] {logging_mixin.py:190} INFO - [2025-02-04T14:53:30.565+0000] {dag.py:4180} INFO - Setting next_dagrun for example_python_decorator to None, run_after=None
[2025-02-04T14:53:30.593+0000] {processor.py:208} INFO - Processing /home/airflow/.local/lib/python3.12/site-packages/airflow/example_dags/example_python_decorator.py took 0.123 seconds
[2025-02-04T14:54:01.050+0000] {processor.py:186} INFO - Started process (PID=618) to work on /home/airflow/.local/lib/python3.12/site-packages/airflow/example_dags/example_python_decorator.py
[2025-02-04T14:54:01.051+0000] {processor.py:914} INFO - Processing file /home/airflow/.local/lib/python3.12/site-packages/airflow/example_dags/example_python_decorator.py for tasks to queue
[2025-02-04T14:54:01.055+0000] {logging_mixin.py:190} INFO - [2025-02-04T14:54:01.055+0000] {dagbag.py:588} INFO - Filling up the DagBag from /home/airflow/.local/lib/python3.12/site-packages/airflow/example_dags/example_python_decorator.py
[2025-02-04T14:54:01.077+0000] {processor.py:925} INFO - DAG(s) 'example_python_decorator' retrieved from /home/airflow/.local/lib/python3.12/site-packages/airflow/example_dags/example_python_decorator.py
[2025-02-04T14:54:01.109+0000] {logging_mixin.py:190} INFO - [2025-02-04T14:54:01.108+0000] {dag.py:3239} INFO - Sync 1 DAGs
[2025-02-04T14:54:01.133+0000] {logging_mixin.py:190} INFO - [2025-02-04T14:54:01.133+0000] {dag.py:4180} INFO - Setting next_dagrun for example_python_decorator to None, run_after=None
[2025-02-04T14:54:01.163+0000] {processor.py:208} INFO - Processing /home/airflow/.local/lib/python3.12/site-packages/airflow/example_dags/example_python_decorator.py took 0.122 seconds
[2025-02-04T14:54:31.754+0000] {processor.py:186} INFO - Started process (PID=686) to work on /home/airflow/.local/lib/python3.12/site-packages/airflow/example_dags/example_python_decorator.py
[2025-02-04T14:54:31.755+0000] {processor.py:914} INFO - Processing file /home/airflow/.local/lib/python3.12/site-packages/airflow/example_dags/example_python_decorator.py for tasks to queue
[2025-02-04T14:54:31.759+0000] {logging_mixin.py:190} INFO - [2025-02-04T14:54:31.758+0000] {dagbag.py:588} INFO - Filling up the DagBag from /home/airflow/.local/lib/python3.12/site-packages/airflow/example_dags/example_python_decorator.py
[2025-02-04T14:54:31.791+0000] {processor.py:925} INFO - DAG(s) 'example_python_decorator' retrieved from /home/airflow/.local/lib/python3.12/site-packages/airflow/example_dags/example_python_decorator.py
[2025-02-04T14:54:31.842+0000] {logging_mixin.py:190} INFO - [2025-02-04T14:54:31.842+0000] {dag.py:3239} INFO - Sync 1 DAGs
[2025-02-04T14:54:31.865+0000] {logging_mixin.py:190} INFO - [2025-02-04T14:54:31.865+0000] {dag.py:4180} INFO - Setting next_dagrun for example_python_decorator to None, run_after=None
[2025-02-04T14:54:31.891+0000] {processor.py:208} INFO - Processing /home/airflow/.local/lib/python3.12/site-packages/airflow/example_dags/example_python_decorator.py took 0.146 seconds
[2025-02-04T14:55:02.179+0000] {processor.py:186} INFO - Started process (PID=751) to work on /home/airflow/.local/lib/python3.12/site-packages/airflow/example_dags/example_python_decorator.py
[2025-02-04T14:55:02.187+0000] {processor.py:914} INFO - Processing file /home/airflow/.local/lib/python3.12/site-packages/airflow/example_dags/example_python_decorator.py for tasks to queue
[2025-02-04T14:55:02.206+0000] {logging_mixin.py:190} INFO - [2025-02-04T14:55:02.205+0000] {dagbag.py:588} INFO - Filling up the DagBag from /home/airflow/.local/lib/python3.12/site-packages/airflow/example_dags/example_python_decorator.py
[2025-02-04T14:55:02.376+0000] {processor.py:925} INFO - DAG(s) 'example_python_decorator' retrieved from /home/airflow/.local/lib/python3.12/site-packages/airflow/example_dags/example_python_decorator.py
[2025-02-04T14:55:02.732+0000] {logging_mixin.py:190} INFO - [2025-02-04T14:55:02.731+0000] {dag.py:3239} INFO - Sync 1 DAGs
[2025-02-04T14:55:02.821+0000] {logging_mixin.py:190} INFO - [2025-02-04T14:55:02.820+0000] {dag.py:4180} INFO - Setting next_dagrun for example_python_decorator to None, run_after=None
[2025-02-04T14:55:02.860+0000] {processor.py:208} INFO - Processing /home/airflow/.local/lib/python3.12/site-packages/airflow/example_dags/example_python_decorator.py took 0.697 seconds
[2025-02-04T14:55:33.062+0000] {processor.py:186} INFO - Started process (PID=819) to work on /home/airflow/.local/lib/python3.12/site-packages/airflow/example_dags/example_python_decorator.py
[2025-02-04T14:55:33.065+0000] {processor.py:914} INFO - Processing file /home/airflow/.local/lib/python3.12/site-packages/airflow/example_dags/example_python_decorator.py for tasks to queue
[2025-02-04T14:55:33.069+0000] {logging_mixin.py:190} INFO - [2025-02-04T14:55:33.069+0000] {dagbag.py:588} INFO - Filling up the DagBag from /home/airflow/.local/lib/python3.12/site-packages/airflow/example_dags/example_python_decorator.py
[2025-02-04T14:55:33.099+0000] {processor.py:925} INFO - DAG(s) 'example_python_decorator' retrieved from /home/airflow/.local/lib/python3.12/site-packages/airflow/example_dags/example_python_decorator.py
[2025-02-04T14:55:33.145+0000] {logging_mixin.py:190} INFO - [2025-02-04T14:55:33.143+0000] {dag.py:3239} INFO - Sync 1 DAGs
[2025-02-04T14:55:33.181+0000] {logging_mixin.py:190} INFO - [2025-02-04T14:55:33.181+0000] {dag.py:4180} INFO - Setting next_dagrun for example_python_decorator to None, run_after=None
[2025-02-04T14:55:33.222+0000] {processor.py:208} INFO - Processing /home/airflow/.local/lib/python3.12/site-packages/airflow/example_dags/example_python_decorator.py took 0.178 seconds
[2025-02-04T14:56:17.159+0000] {processor.py:186} INFO - Started process (PID=889) to work on /home/airflow/.local/lib/python3.12/site-packages/airflow/example_dags/example_python_decorator.py
[2025-02-04T14:56:17.161+0000] {processor.py:914} INFO - Processing file /home/airflow/.local/lib/python3.12/site-packages/airflow/example_dags/example_python_decorator.py for tasks to queue
[2025-02-04T14:56:17.172+0000] {logging_mixin.py:190} INFO - [2025-02-04T14:56:17.171+0000] {dagbag.py:588} INFO - Filling up the DagBag from /home/airflow/.local/lib/python3.12/site-packages/airflow/example_dags/example_python_decorator.py
[2025-02-04T14:56:17.218+0000] {processor.py:925} INFO - DAG(s) 'example_python_decorator' retrieved from /home/airflow/.local/lib/python3.12/site-packages/airflow/example_dags/example_python_decorator.py
[2025-02-04T14:56:17.314+0000] {logging_mixin.py:190} INFO - [2025-02-04T14:56:17.313+0000] {dag.py:3239} INFO - Sync 1 DAGs
[2025-02-04T14:56:17.368+0000] {logging_mixin.py:190} INFO - [2025-02-04T14:56:17.368+0000] {dag.py:4180} INFO - Setting next_dagrun for example_python_decorator to None, run_after=None
[2025-02-04T14:56:17.483+0000] {processor.py:208} INFO - Processing /home/airflow/.local/lib/python3.12/site-packages/airflow/example_dags/example_python_decorator.py took 0.346 seconds
[2025-02-04T14:56:51.956+0000] {processor.py:186} INFO - Started process (PID=955) to work on /home/airflow/.local/lib/python3.12/site-packages/airflow/example_dags/example_python_decorator.py
[2025-02-04T14:56:51.958+0000] {processor.py:914} INFO - Processing file /home/airflow/.local/lib/python3.12/site-packages/airflow/example_dags/example_python_decorator.py for tasks to queue
[2025-02-04T14:56:51.972+0000] {logging_mixin.py:190} INFO - [2025-02-04T14:56:51.971+0000] {dagbag.py:588} INFO - Filling up the DagBag from /home/airflow/.local/lib/python3.12/site-packages/airflow/example_dags/example_python_decorator.py
[2025-02-04T14:56:52.046+0000] {processor.py:925} INFO - DAG(s) 'example_python_decorator' retrieved from /home/airflow/.local/lib/python3.12/site-packages/airflow/example_dags/example_python_decorator.py
[2025-02-04T14:56:52.124+0000] {logging_mixin.py:190} INFO - [2025-02-04T14:56:52.123+0000] {dag.py:3239} INFO - Sync 1 DAGs
[2025-02-04T14:56:52.161+0000] {logging_mixin.py:190} INFO - [2025-02-04T14:56:52.161+0000] {dag.py:4180} INFO - Setting next_dagrun for example_python_decorator to None, run_after=None
[2025-02-04T14:56:52.202+0000] {processor.py:208} INFO - Processing /home/airflow/.local/lib/python3.12/site-packages/airflow/example_dags/example_python_decorator.py took 0.267 seconds
[2025-02-04T14:57:23.117+0000] {processor.py:186} INFO - Started process (PID=1019) to work on /home/airflow/.local/lib/python3.12/site-packages/airflow/example_dags/example_python_decorator.py
[2025-02-04T14:57:23.120+0000] {processor.py:914} INFO - Processing file /home/airflow/.local/lib/python3.12/site-packages/airflow/example_dags/example_python_decorator.py for tasks to queue
[2025-02-04T14:57:23.124+0000] {logging_mixin.py:190} INFO - [2025-02-04T14:57:23.123+0000] {dagbag.py:588} INFO - Filling up the DagBag from /home/airflow/.local/lib/python3.12/site-packages/airflow/example_dags/example_python_decorator.py
[2025-02-04T14:57:23.158+0000] {processor.py:925} INFO - DAG(s) 'example_python_decorator' retrieved from /home/airflow/.local/lib/python3.12/site-packages/airflow/example_dags/example_python_decorator.py
[2025-02-04T14:57:23.194+0000] {logging_mixin.py:190} INFO - [2025-02-04T14:57:23.194+0000] {dag.py:3239} INFO - Sync 1 DAGs
[2025-02-04T14:57:23.218+0000] {logging_mixin.py:190} INFO - [2025-02-04T14:57:23.218+0000] {dag.py:4180} INFO - Setting next_dagrun for example_python_decorator to None, run_after=None
[2025-02-04T14:57:23.249+0000] {processor.py:208} INFO - Processing /home/airflow/.local/lib/python3.12/site-packages/airflow/example_dags/example_python_decorator.py took 0.142 seconds
[2025-02-04T14:57:55.643+0000] {processor.py:186} INFO - Started process (PID=1083) to work on /home/airflow/.local/lib/python3.12/site-packages/airflow/example_dags/example_python_decorator.py
[2025-02-04T14:57:55.645+0000] {processor.py:914} INFO - Processing file /home/airflow/.local/lib/python3.12/site-packages/airflow/example_dags/example_python_decorator.py for tasks to queue
[2025-02-04T14:57:55.649+0000] {logging_mixin.py:190} INFO - [2025-02-04T14:57:55.648+0000] {dagbag.py:588} INFO - Filling up the DagBag from /home/airflow/.local/lib/python3.12/site-packages/airflow/example_dags/example_python_decorator.py
[2025-02-04T14:57:55.672+0000] {processor.py:925} INFO - DAG(s) 'example_python_decorator' retrieved from /home/airflow/.local/lib/python3.12/site-packages/airflow/example_dags/example_python_decorator.py
[2025-02-04T14:57:55.716+0000] {logging_mixin.py:190} INFO - [2025-02-04T14:57:55.715+0000] {dag.py:3239} INFO - Sync 1 DAGs
[2025-02-04T14:57:55.742+0000] {logging_mixin.py:190} INFO - [2025-02-04T14:57:55.742+0000] {dag.py:4180} INFO - Setting next_dagrun for example_python_decorator to None, run_after=None
[2025-02-04T14:57:55.772+0000] {processor.py:208} INFO - Processing /home/airflow/.local/lib/python3.12/site-packages/airflow/example_dags/example_python_decorator.py took 0.141 seconds
[2025-02-04T14:58:26.448+0000] {processor.py:186} INFO - Started process (PID=1147) to work on /home/airflow/.local/lib/python3.12/site-packages/airflow/example_dags/example_python_decorator.py
[2025-02-04T14:58:26.450+0000] {processor.py:914} INFO - Processing file /home/airflow/.local/lib/python3.12/site-packages/airflow/example_dags/example_python_decorator.py for tasks to queue
[2025-02-04T14:58:26.454+0000] {logging_mixin.py:190} INFO - [2025-02-04T14:58:26.453+0000] {dagbag.py:588} INFO - Filling up the DagBag from /home/airflow/.local/lib/python3.12/site-packages/airflow/example_dags/example_python_decorator.py
[2025-02-04T14:58:26.485+0000] {processor.py:925} INFO - DAG(s) 'example_python_decorator' retrieved from /home/airflow/.local/lib/python3.12/site-packages/airflow/example_dags/example_python_decorator.py
[2025-02-04T14:58:26.568+0000] {logging_mixin.py:190} INFO - [2025-02-04T14:58:26.567+0000] {dag.py:3239} INFO - Sync 1 DAGs
[2025-02-04T14:58:26.619+0000] {logging_mixin.py:190} INFO - [2025-02-04T14:58:26.619+0000] {dag.py:4180} INFO - Setting next_dagrun for example_python_decorator to None, run_after=None
[2025-02-04T14:58:26.704+0000] {processor.py:208} INFO - Processing /home/airflow/.local/lib/python3.12/site-packages/airflow/example_dags/example_python_decorator.py took 0.266 seconds
[2025-02-04T14:58:58.961+0000] {processor.py:186} INFO - Started process (PID=1211) to work on /home/airflow/.local/lib/python3.12/site-packages/airflow/example_dags/example_python_decorator.py
[2025-02-04T14:58:58.962+0000] {processor.py:914} INFO - Processing file /home/airflow/.local/lib/python3.12/site-packages/airflow/example_dags/example_python_decorator.py for tasks to queue
[2025-02-04T14:58:58.967+0000] {logging_mixin.py:190} INFO - [2025-02-04T14:58:58.966+0000] {dagbag.py:588} INFO - Filling up the DagBag from /home/airflow/.local/lib/python3.12/site-packages/airflow/example_dags/example_python_decorator.py
[2025-02-04T14:58:58.990+0000] {processor.py:925} INFO - DAG(s) 'example_python_decorator' retrieved from /home/airflow/.local/lib/python3.12/site-packages/airflow/example_dags/example_python_decorator.py
[2025-02-04T14:58:59.031+0000] {logging_mixin.py:190} INFO - [2025-02-04T14:58:59.030+0000] {dag.py:3239} INFO - Sync 1 DAGs
[2025-02-04T14:58:59.064+0000] {logging_mixin.py:190} INFO - [2025-02-04T14:58:59.063+0000] {dag.py:4180} INFO - Setting next_dagrun for example_python_decorator to None, run_after=None
[2025-02-04T14:58:59.096+0000] {processor.py:208} INFO - Processing /home/airflow/.local/lib/python3.12/site-packages/airflow/example_dags/example_python_decorator.py took 0.144 seconds
[2025-02-04T14:59:29.452+0000] {processor.py:186} INFO - Started process (PID=1274) to work on /home/airflow/.local/lib/python3.12/site-packages/airflow/example_dags/example_python_decorator.py
[2025-02-04T14:59:29.454+0000] {processor.py:914} INFO - Processing file /home/airflow/.local/lib/python3.12/site-packages/airflow/example_dags/example_python_decorator.py for tasks to queue
[2025-02-04T14:59:29.459+0000] {logging_mixin.py:190} INFO - [2025-02-04T14:59:29.459+0000] {dagbag.py:588} INFO - Filling up the DagBag from /home/airflow/.local/lib/python3.12/site-packages/airflow/example_dags/example_python_decorator.py
[2025-02-04T14:59:29.490+0000] {processor.py:925} INFO - DAG(s) 'example_python_decorator' retrieved from /home/airflow/.local/lib/python3.12/site-packages/airflow/example_dags/example_python_decorator.py
[2025-02-04T14:59:29.533+0000] {logging_mixin.py:190} INFO - [2025-02-04T14:59:29.532+0000] {dag.py:3239} INFO - Sync 1 DAGs
[2025-02-04T14:59:29.565+0000] {logging_mixin.py:190} INFO - [2025-02-04T14:59:29.565+0000] {dag.py:4180} INFO - Setting next_dagrun for example_python_decorator to None, run_after=None
[2025-02-04T14:59:29.600+0000] {processor.py:208} INFO - Processing /home/airflow/.local/lib/python3.12/site-packages/airflow/example_dags/example_python_decorator.py took 0.162 seconds
[2025-02-04T14:59:59.829+0000] {processor.py:186} INFO - Started process (PID=1337) to work on /home/airflow/.local/lib/python3.12/site-packages/airflow/example_dags/example_python_decorator.py
[2025-02-04T14:59:59.831+0000] {processor.py:914} INFO - Processing file /home/airflow/.local/lib/python3.12/site-packages/airflow/example_dags/example_python_decorator.py for tasks to queue
[2025-02-04T14:59:59.834+0000] {logging_mixin.py:190} INFO - [2025-02-04T14:59:59.833+0000] {dagbag.py:588} INFO - Filling up the DagBag from /home/airflow/.local/lib/python3.12/site-packages/airflow/example_dags/example_python_decorator.py
[2025-02-04T14:59:59.860+0000] {processor.py:925} INFO - DAG(s) 'example_python_decorator' retrieved from /home/airflow/.local/lib/python3.12/site-packages/airflow/example_dags/example_python_decorator.py
[2025-02-04T14:59:59.900+0000] {logging_mixin.py:190} INFO - [2025-02-04T14:59:59.900+0000] {dag.py:3239} INFO - Sync 1 DAGs
[2025-02-04T14:59:59.921+0000] {logging_mixin.py:190} INFO - [2025-02-04T14:59:59.920+0000] {dag.py:4180} INFO - Setting next_dagrun for example_python_decorator to None, run_after=None
[2025-02-04T14:59:59.954+0000] {processor.py:208} INFO - Processing /home/airflow/.local/lib/python3.12/site-packages/airflow/example_dags/example_python_decorator.py took 0.136 seconds
[2025-02-04T15:00:30.742+0000] {processor.py:186} INFO - Started process (PID=1401) to work on /home/airflow/.local/lib/python3.12/site-packages/airflow/example_dags/example_python_decorator.py
[2025-02-04T15:00:30.745+0000] {processor.py:914} INFO - Processing file /home/airflow/.local/lib/python3.12/site-packages/airflow/example_dags/example_python_decorator.py for tasks to queue
[2025-02-04T15:00:30.750+0000] {logging_mixin.py:190} INFO - [2025-02-04T15:00:30.749+0000] {dagbag.py:588} INFO - Filling up the DagBag from /home/airflow/.local/lib/python3.12/site-packages/airflow/example_dags/example_python_decorator.py
[2025-02-04T15:00:30.775+0000] {processor.py:925} INFO - DAG(s) 'example_python_decorator' retrieved from /home/airflow/.local/lib/python3.12/site-packages/airflow/example_dags/example_python_decorator.py
[2025-02-04T15:00:30.814+0000] {logging_mixin.py:190} INFO - [2025-02-04T15:00:30.814+0000] {dag.py:3239} INFO - Sync 1 DAGs
[2025-02-04T15:00:30.842+0000] {logging_mixin.py:190} INFO - [2025-02-04T15:00:30.841+0000] {dag.py:4180} INFO - Setting next_dagrun for example_python_decorator to None, run_after=None
[2025-02-04T15:00:30.872+0000] {processor.py:208} INFO - Processing /home/airflow/.local/lib/python3.12/site-packages/airflow/example_dags/example_python_decorator.py took 0.139 seconds
[2025-02-04T15:01:01.092+0000] {processor.py:186} INFO - Started process (PID=1466) to work on /home/airflow/.local/lib/python3.12/site-packages/airflow/example_dags/example_python_decorator.py
[2025-02-04T15:01:01.102+0000] {processor.py:914} INFO - Processing file /home/airflow/.local/lib/python3.12/site-packages/airflow/example_dags/example_python_decorator.py for tasks to queue
[2025-02-04T15:01:01.117+0000] {logging_mixin.py:190} INFO - [2025-02-04T15:01:01.116+0000] {dagbag.py:588} INFO - Filling up the DagBag from /home/airflow/.local/lib/python3.12/site-packages/airflow/example_dags/example_python_decorator.py
[2025-02-04T15:01:01.167+0000] {processor.py:925} INFO - DAG(s) 'example_python_decorator' retrieved from /home/airflow/.local/lib/python3.12/site-packages/airflow/example_dags/example_python_decorator.py
[2025-02-04T15:01:01.233+0000] {logging_mixin.py:190} INFO - [2025-02-04T15:01:01.232+0000] {dag.py:3239} INFO - Sync 1 DAGs
[2025-02-04T15:01:01.282+0000] {logging_mixin.py:190} INFO - [2025-02-04T15:01:01.282+0000] {dag.py:4180} INFO - Setting next_dagrun for example_python_decorator to None, run_after=None
[2025-02-04T15:01:01.343+0000] {processor.py:208} INFO - Processing /home/airflow/.local/lib/python3.12/site-packages/airflow/example_dags/example_python_decorator.py took 0.270 seconds
[2025-02-04T15:01:32.539+0000] {processor.py:186} INFO - Started process (PID=1530) to work on /home/airflow/.local/lib/python3.12/site-packages/airflow/example_dags/example_python_decorator.py
[2025-02-04T15:01:32.544+0000] {processor.py:914} INFO - Processing file /home/airflow/.local/lib/python3.12/site-packages/airflow/example_dags/example_python_decorator.py for tasks to queue
[2025-02-04T15:01:32.549+0000] {logging_mixin.py:190} INFO - [2025-02-04T15:01:32.548+0000] {dagbag.py:588} INFO - Filling up the DagBag from /home/airflow/.local/lib/python3.12/site-packages/airflow/example_dags/example_python_decorator.py
[2025-02-04T15:01:32.625+0000] {processor.py:925} INFO - DAG(s) 'example_python_decorator' retrieved from /home/airflow/.local/lib/python3.12/site-packages/airflow/example_dags/example_python_decorator.py
[2025-02-04T15:01:32.722+0000] {logging_mixin.py:190} INFO - [2025-02-04T15:01:32.721+0000] {dag.py:3239} INFO - Sync 1 DAGs
[2025-02-04T15:01:32.822+0000] {logging_mixin.py:190} INFO - [2025-02-04T15:01:32.821+0000] {dag.py:4180} INFO - Setting next_dagrun for example_python_decorator to None, run_after=None
[2025-02-04T15:01:32.893+0000] {processor.py:208} INFO - Processing /home/airflow/.local/lib/python3.12/site-packages/airflow/example_dags/example_python_decorator.py took 0.370 seconds
