[2025-02-04T14:08:10.509+0000] {processor.py:186} INFO - Started process (PID=137) to work on /home/airflow/.local/lib/python3.12/site-packages/airflow/example_dags/example_task_group.py
[2025-02-04T14:08:10.512+0000] {processor.py:914} INFO - Processing file /home/airflow/.local/lib/python3.12/site-packages/airflow/example_dags/example_task_group.py for tasks to queue
[2025-02-04T14:08:10.527+0000] {logging_mixin.py:190} INFO - [2025-02-04T14:08:10.522+0000] {dagbag.py:588} INFO - Filling up the DagBag from /home/airflow/.local/lib/python3.12/site-packages/airflow/example_dags/example_task_group.py
[2025-02-04T14:08:10.564+0000] {processor.py:925} INFO - DAG(s) 'example_task_group' retrieved from /home/airflow/.local/lib/python3.12/site-packages/airflow/example_dags/example_task_group.py
[2025-02-04T14:08:11.382+0000] {logging_mixin.py:190} INFO - [2025-02-04T14:08:11.380+0000] {override.py:1911} INFO - Created Permission View: can delete on DAG:example_task_group
[2025-02-04T14:08:11.435+0000] {logging_mixin.py:190} INFO - [2025-02-04T14:08:11.428+0000] {override.py:1911} INFO - Created Permission View: can read on DAG:example_task_group
[2025-02-04T14:08:11.473+0000] {logging_mixin.py:190} INFO - [2025-02-04T14:08:11.472+0000] {override.py:1911} INFO - Created Permission View: can edit on DAG:example_task_group
[2025-02-04T14:08:11.525+0000] {logging_mixin.py:190} INFO - [2025-02-04T14:08:11.521+0000] {override.py:1911} INFO - Created Permission View: can delete on DAG Run:example_task_group
[2025-02-04T14:08:11.566+0000] {logging_mixin.py:190} INFO - [2025-02-04T14:08:11.565+0000] {override.py:1911} INFO - Created Permission View: menu access on DAG Run:example_task_group
[2025-02-04T14:08:11.599+0000] {logging_mixin.py:190} INFO - [2025-02-04T14:08:11.598+0000] {override.py:1911} INFO - Created Permission View: can read on DAG Run:example_task_group
[2025-02-04T14:08:11.686+0000] {logging_mixin.py:190} INFO - [2025-02-04T14:08:11.685+0000] {override.py:1911} INFO - Created Permission View: can create on DAG Run:example_task_group
[2025-02-04T14:08:11.719+0000] {logging_mixin.py:190} INFO - [2025-02-04T14:08:11.719+0000] {dag.py:3239} INFO - Sync 1 DAGs
[2025-02-04T14:08:11.845+0000] {logging_mixin.py:190} INFO - [2025-02-04T14:08:11.845+0000] {dag.py:3262} INFO - Creating ORM DAG for example_task_group
[2025-02-04T14:08:11.849+0000] {logging_mixin.py:190} INFO - [2025-02-04T14:08:11.848+0000] {dag.py:4180} INFO - Setting next_dagrun for example_task_group to None, run_after=None
[2025-02-04T14:08:12.012+0000] {processor.py:208} INFO - Processing /home/airflow/.local/lib/python3.12/site-packages/airflow/example_dags/example_task_group.py took 1.531 seconds
[2025-02-04T14:08:42.219+0000] {processor.py:186} INFO - Started process (PID=201) to work on /home/airflow/.local/lib/python3.12/site-packages/airflow/example_dags/example_task_group.py
[2025-02-04T14:08:42.221+0000] {processor.py:914} INFO - Processing file /home/airflow/.local/lib/python3.12/site-packages/airflow/example_dags/example_task_group.py for tasks to queue
[2025-02-04T14:08:42.226+0000] {logging_mixin.py:190} INFO - [2025-02-04T14:08:42.225+0000] {dagbag.py:588} INFO - Filling up the DagBag from /home/airflow/.local/lib/python3.12/site-packages/airflow/example_dags/example_task_group.py
[2025-02-04T14:08:42.248+0000] {processor.py:925} INFO - DAG(s) 'example_task_group' retrieved from /home/airflow/.local/lib/python3.12/site-packages/airflow/example_dags/example_task_group.py
[2025-02-04T14:08:42.296+0000] {logging_mixin.py:190} INFO - [2025-02-04T14:08:42.295+0000] {dag.py:3239} INFO - Sync 1 DAGs
[2025-02-04T14:08:42.337+0000] {logging_mixin.py:190} INFO - [2025-02-04T14:08:42.336+0000] {dag.py:4180} INFO - Setting next_dagrun for example_task_group to None, run_after=None
[2025-02-04T14:08:42.399+0000] {processor.py:208} INFO - Processing /home/airflow/.local/lib/python3.12/site-packages/airflow/example_dags/example_task_group.py took 0.193 seconds
[2025-02-04T14:09:13.052+0000] {processor.py:186} INFO - Started process (PID=265) to work on /home/airflow/.local/lib/python3.12/site-packages/airflow/example_dags/example_task_group.py
[2025-02-04T14:09:13.055+0000] {processor.py:914} INFO - Processing file /home/airflow/.local/lib/python3.12/site-packages/airflow/example_dags/example_task_group.py for tasks to queue
[2025-02-04T14:09:13.062+0000] {logging_mixin.py:190} INFO - [2025-02-04T14:09:13.061+0000] {dagbag.py:588} INFO - Filling up the DagBag from /home/airflow/.local/lib/python3.12/site-packages/airflow/example_dags/example_task_group.py
[2025-02-04T14:09:13.100+0000] {processor.py:925} INFO - DAG(s) 'example_task_group' retrieved from /home/airflow/.local/lib/python3.12/site-packages/airflow/example_dags/example_task_group.py
[2025-02-04T14:09:13.169+0000] {logging_mixin.py:190} INFO - [2025-02-04T14:09:13.168+0000] {dag.py:3239} INFO - Sync 1 DAGs
[2025-02-04T14:09:13.203+0000] {logging_mixin.py:190} INFO - [2025-02-04T14:09:13.202+0000] {dag.py:4180} INFO - Setting next_dagrun for example_task_group to None, run_after=None
[2025-02-04T14:09:13.257+0000] {processor.py:208} INFO - Processing /home/airflow/.local/lib/python3.12/site-packages/airflow/example_dags/example_task_group.py took 0.218 seconds
[2025-02-04T14:09:43.494+0000] {processor.py:186} INFO - Started process (PID=327) to work on /home/airflow/.local/lib/python3.12/site-packages/airflow/example_dags/example_task_group.py
[2025-02-04T14:09:43.496+0000] {processor.py:914} INFO - Processing file /home/airflow/.local/lib/python3.12/site-packages/airflow/example_dags/example_task_group.py for tasks to queue
[2025-02-04T14:09:43.501+0000] {logging_mixin.py:190} INFO - [2025-02-04T14:09:43.500+0000] {dagbag.py:588} INFO - Filling up the DagBag from /home/airflow/.local/lib/python3.12/site-packages/airflow/example_dags/example_task_group.py
[2025-02-04T14:09:43.515+0000] {processor.py:925} INFO - DAG(s) 'example_task_group' retrieved from /home/airflow/.local/lib/python3.12/site-packages/airflow/example_dags/example_task_group.py
[2025-02-04T14:09:43.549+0000] {logging_mixin.py:190} INFO - [2025-02-04T14:09:43.549+0000] {dag.py:3239} INFO - Sync 1 DAGs
[2025-02-04T14:09:43.573+0000] {logging_mixin.py:190} INFO - [2025-02-04T14:09:43.573+0000] {dag.py:4180} INFO - Setting next_dagrun for example_task_group to None, run_after=None
[2025-02-04T14:09:43.606+0000] {processor.py:208} INFO - Processing /home/airflow/.local/lib/python3.12/site-packages/airflow/example_dags/example_task_group.py took 0.123 seconds
[2025-02-04T14:10:14.288+0000] {processor.py:186} INFO - Started process (PID=391) to work on /home/airflow/.local/lib/python3.12/site-packages/airflow/example_dags/example_task_group.py
[2025-02-04T14:10:14.293+0000] {processor.py:914} INFO - Processing file /home/airflow/.local/lib/python3.12/site-packages/airflow/example_dags/example_task_group.py for tasks to queue
[2025-02-04T14:10:14.299+0000] {logging_mixin.py:190} INFO - [2025-02-04T14:10:14.298+0000] {dagbag.py:588} INFO - Filling up the DagBag from /home/airflow/.local/lib/python3.12/site-packages/airflow/example_dags/example_task_group.py
[2025-02-04T14:10:14.312+0000] {processor.py:925} INFO - DAG(s) 'example_task_group' retrieved from /home/airflow/.local/lib/python3.12/site-packages/airflow/example_dags/example_task_group.py
[2025-02-04T14:10:14.343+0000] {logging_mixin.py:190} INFO - [2025-02-04T14:10:14.342+0000] {dag.py:3239} INFO - Sync 1 DAGs
[2025-02-04T14:10:14.363+0000] {logging_mixin.py:190} INFO - [2025-02-04T14:10:14.363+0000] {dag.py:4180} INFO - Setting next_dagrun for example_task_group to None, run_after=None
[2025-02-04T14:10:14.393+0000] {processor.py:208} INFO - Processing /home/airflow/.local/lib/python3.12/site-packages/airflow/example_dags/example_task_group.py took 0.123 seconds
[2025-02-04T14:10:55.635+0000] {processor.py:186} INFO - Started process (PID=455) to work on /home/airflow/.local/lib/python3.12/site-packages/airflow/example_dags/example_task_group.py
[2025-02-04T14:10:55.637+0000] {processor.py:914} INFO - Processing file /home/airflow/.local/lib/python3.12/site-packages/airflow/example_dags/example_task_group.py for tasks to queue
[2025-02-04T14:10:55.643+0000] {logging_mixin.py:190} INFO - [2025-02-04T14:10:55.642+0000] {dagbag.py:588} INFO - Filling up the DagBag from /home/airflow/.local/lib/python3.12/site-packages/airflow/example_dags/example_task_group.py
[2025-02-04T14:10:55.672+0000] {processor.py:925} INFO - DAG(s) 'example_task_group' retrieved from /home/airflow/.local/lib/python3.12/site-packages/airflow/example_dags/example_task_group.py
[2025-02-04T14:10:55.747+0000] {logging_mixin.py:190} INFO - [2025-02-04T14:10:55.747+0000] {dag.py:3239} INFO - Sync 1 DAGs
[2025-02-04T14:10:55.797+0000] {logging_mixin.py:190} INFO - [2025-02-04T14:10:55.796+0000] {dag.py:4180} INFO - Setting next_dagrun for example_task_group to None, run_after=None
[2025-02-04T14:10:55.855+0000] {processor.py:208} INFO - Processing /home/airflow/.local/lib/python3.12/site-packages/airflow/example_dags/example_task_group.py took 0.241 seconds
[2025-02-04T14:11:35.265+0000] {processor.py:186} INFO - Started process (PID=523) to work on /home/airflow/.local/lib/python3.12/site-packages/airflow/example_dags/example_task_group.py
[2025-02-04T14:11:35.268+0000] {processor.py:914} INFO - Processing file /home/airflow/.local/lib/python3.12/site-packages/airflow/example_dags/example_task_group.py for tasks to queue
[2025-02-04T14:11:35.283+0000] {logging_mixin.py:190} INFO - [2025-02-04T14:11:35.282+0000] {dagbag.py:588} INFO - Filling up the DagBag from /home/airflow/.local/lib/python3.12/site-packages/airflow/example_dags/example_task_group.py
[2025-02-04T14:11:35.362+0000] {processor.py:925} INFO - DAG(s) 'example_task_group' retrieved from /home/airflow/.local/lib/python3.12/site-packages/airflow/example_dags/example_task_group.py
[2025-02-04T14:11:35.605+0000] {logging_mixin.py:190} INFO - [2025-02-04T14:11:35.605+0000] {dag.py:3239} INFO - Sync 1 DAGs
[2025-02-04T14:11:35.655+0000] {logging_mixin.py:190} INFO - [2025-02-04T14:11:35.654+0000] {dag.py:4180} INFO - Setting next_dagrun for example_task_group to None, run_after=None
[2025-02-04T14:11:35.719+0000] {processor.py:208} INFO - Processing /home/airflow/.local/lib/python3.12/site-packages/airflow/example_dags/example_task_group.py took 0.491 seconds
[2025-02-04T14:18:45.459+0000] {processor.py:186} INFO - Started process (PID=117) to work on /home/airflow/.local/lib/python3.12/site-packages/airflow/example_dags/example_task_group.py
[2025-02-04T14:18:45.461+0000] {processor.py:914} INFO - Processing file /home/airflow/.local/lib/python3.12/site-packages/airflow/example_dags/example_task_group.py for tasks to queue
[2025-02-04T14:18:45.466+0000] {logging_mixin.py:190} INFO - [2025-02-04T14:18:45.466+0000] {dagbag.py:588} INFO - Filling up the DagBag from /home/airflow/.local/lib/python3.12/site-packages/airflow/example_dags/example_task_group.py
[2025-02-04T14:18:45.487+0000] {processor.py:925} INFO - DAG(s) 'example_task_group' retrieved from /home/airflow/.local/lib/python3.12/site-packages/airflow/example_dags/example_task_group.py
[2025-02-04T14:18:45.539+0000] {logging_mixin.py:190} INFO - [2025-02-04T14:18:45.538+0000] {dag.py:3239} INFO - Sync 1 DAGs
[2025-02-04T14:18:45.576+0000] {logging_mixin.py:190} INFO - [2025-02-04T14:18:45.575+0000] {dag.py:4180} INFO - Setting next_dagrun for example_task_group to None, run_after=None
[2025-02-04T14:18:45.629+0000] {processor.py:208} INFO - Processing /home/airflow/.local/lib/python3.12/site-packages/airflow/example_dags/example_task_group.py took 0.182 seconds
[2025-02-04T14:19:17.670+0000] {processor.py:186} INFO - Started process (PID=181) to work on /home/airflow/.local/lib/python3.12/site-packages/airflow/example_dags/example_task_group.py
[2025-02-04T14:19:17.673+0000] {processor.py:914} INFO - Processing file /home/airflow/.local/lib/python3.12/site-packages/airflow/example_dags/example_task_group.py for tasks to queue
[2025-02-04T14:19:17.677+0000] {logging_mixin.py:190} INFO - [2025-02-04T14:19:17.677+0000] {dagbag.py:588} INFO - Filling up the DagBag from /home/airflow/.local/lib/python3.12/site-packages/airflow/example_dags/example_task_group.py
[2025-02-04T14:19:17.696+0000] {processor.py:925} INFO - DAG(s) 'example_task_group' retrieved from /home/airflow/.local/lib/python3.12/site-packages/airflow/example_dags/example_task_group.py
[2025-02-04T14:19:17.747+0000] {logging_mixin.py:190} INFO - [2025-02-04T14:19:17.746+0000] {dag.py:3239} INFO - Sync 1 DAGs
[2025-02-04T14:19:17.782+0000] {logging_mixin.py:190} INFO - [2025-02-04T14:19:17.782+0000] {dag.py:4180} INFO - Setting next_dagrun for example_task_group to None, run_after=None
[2025-02-04T14:19:17.831+0000] {processor.py:208} INFO - Processing /home/airflow/.local/lib/python3.12/site-packages/airflow/example_dags/example_task_group.py took 0.173 seconds
[2025-02-04T14:19:49.034+0000] {processor.py:186} INFO - Started process (PID=254) to work on /home/airflow/.local/lib/python3.12/site-packages/airflow/example_dags/example_task_group.py
[2025-02-04T14:19:49.036+0000] {processor.py:914} INFO - Processing file /home/airflow/.local/lib/python3.12/site-packages/airflow/example_dags/example_task_group.py for tasks to queue
[2025-02-04T14:19:49.038+0000] {logging_mixin.py:190} INFO - [2025-02-04T14:19:49.038+0000] {dagbag.py:588} INFO - Filling up the DagBag from /home/airflow/.local/lib/python3.12/site-packages/airflow/example_dags/example_task_group.py
[2025-02-04T14:19:49.053+0000] {processor.py:925} INFO - DAG(s) 'example_task_group' retrieved from /home/airflow/.local/lib/python3.12/site-packages/airflow/example_dags/example_task_group.py
[2025-02-04T14:19:49.111+0000] {logging_mixin.py:190} INFO - [2025-02-04T14:19:49.110+0000] {dag.py:3239} INFO - Sync 1 DAGs
[2025-02-04T14:19:49.156+0000] {logging_mixin.py:190} INFO - [2025-02-04T14:19:49.155+0000] {dag.py:4180} INFO - Setting next_dagrun for example_task_group to None, run_after=None
[2025-02-04T14:19:49.229+0000] {processor.py:208} INFO - Processing /home/airflow/.local/lib/python3.12/site-packages/airflow/example_dags/example_task_group.py took 0.206 seconds
[2025-02-04T14:20:20.485+0000] {processor.py:186} INFO - Started process (PID=323) to work on /home/airflow/.local/lib/python3.12/site-packages/airflow/example_dags/example_task_group.py
[2025-02-04T14:20:20.487+0000] {processor.py:914} INFO - Processing file /home/airflow/.local/lib/python3.12/site-packages/airflow/example_dags/example_task_group.py for tasks to queue
[2025-02-04T14:20:20.490+0000] {logging_mixin.py:190} INFO - [2025-02-04T14:20:20.489+0000] {dagbag.py:588} INFO - Filling up the DagBag from /home/airflow/.local/lib/python3.12/site-packages/airflow/example_dags/example_task_group.py
[2025-02-04T14:20:20.507+0000] {processor.py:925} INFO - DAG(s) 'example_task_group' retrieved from /home/airflow/.local/lib/python3.12/site-packages/airflow/example_dags/example_task_group.py
[2025-02-04T14:20:20.554+0000] {logging_mixin.py:190} INFO - [2025-02-04T14:20:20.554+0000] {dag.py:3239} INFO - Sync 1 DAGs
[2025-02-04T14:20:20.588+0000] {logging_mixin.py:190} INFO - [2025-02-04T14:20:20.588+0000] {dag.py:4180} INFO - Setting next_dagrun for example_task_group to None, run_after=None
[2025-02-04T14:20:20.634+0000] {processor.py:208} INFO - Processing /home/airflow/.local/lib/python3.12/site-packages/airflow/example_dags/example_task_group.py took 0.161 seconds
[2025-02-04T14:20:56.597+0000] {processor.py:186} INFO - Started process (PID=393) to work on /home/airflow/.local/lib/python3.12/site-packages/airflow/example_dags/example_task_group.py
[2025-02-04T14:20:56.600+0000] {processor.py:914} INFO - Processing file /home/airflow/.local/lib/python3.12/site-packages/airflow/example_dags/example_task_group.py for tasks to queue
[2025-02-04T14:20:56.602+0000] {logging_mixin.py:190} INFO - [2025-02-04T14:20:56.601+0000] {dagbag.py:588} INFO - Filling up the DagBag from /home/airflow/.local/lib/python3.12/site-packages/airflow/example_dags/example_task_group.py
[2025-02-04T14:20:56.623+0000] {processor.py:925} INFO - DAG(s) 'example_task_group' retrieved from /home/airflow/.local/lib/python3.12/site-packages/airflow/example_dags/example_task_group.py
[2025-02-04T14:20:56.666+0000] {logging_mixin.py:190} INFO - [2025-02-04T14:20:56.666+0000] {dag.py:3239} INFO - Sync 1 DAGs
[2025-02-04T14:20:56.701+0000] {logging_mixin.py:190} INFO - [2025-02-04T14:20:56.701+0000] {dag.py:4180} INFO - Setting next_dagrun for example_task_group to None, run_after=None
[2025-02-04T14:20:56.741+0000] {processor.py:208} INFO - Processing /home/airflow/.local/lib/python3.12/site-packages/airflow/example_dags/example_task_group.py took 0.159 seconds
[2025-02-04T14:21:28.393+0000] {processor.py:186} INFO - Started process (PID=465) to work on /home/airflow/.local/lib/python3.12/site-packages/airflow/example_dags/example_task_group.py
[2025-02-04T14:21:28.394+0000] {processor.py:914} INFO - Processing file /home/airflow/.local/lib/python3.12/site-packages/airflow/example_dags/example_task_group.py for tasks to queue
[2025-02-04T14:21:28.396+0000] {logging_mixin.py:190} INFO - [2025-02-04T14:21:28.396+0000] {dagbag.py:588} INFO - Filling up the DagBag from /home/airflow/.local/lib/python3.12/site-packages/airflow/example_dags/example_task_group.py
[2025-02-04T14:21:28.413+0000] {processor.py:925} INFO - DAG(s) 'example_task_group' retrieved from /home/airflow/.local/lib/python3.12/site-packages/airflow/example_dags/example_task_group.py
[2025-02-04T14:21:28.455+0000] {logging_mixin.py:190} INFO - [2025-02-04T14:21:28.454+0000] {dag.py:3239} INFO - Sync 1 DAGs
[2025-02-04T14:21:28.490+0000] {logging_mixin.py:190} INFO - [2025-02-04T14:21:28.490+0000] {dag.py:4180} INFO - Setting next_dagrun for example_task_group to None, run_after=None
[2025-02-04T14:21:28.551+0000] {processor.py:208} INFO - Processing /home/airflow/.local/lib/python3.12/site-packages/airflow/example_dags/example_task_group.py took 0.168 seconds
[2025-02-04T14:21:59.205+0000] {processor.py:186} INFO - Started process (PID=530) to work on /home/airflow/.local/lib/python3.12/site-packages/airflow/example_dags/example_task_group.py
[2025-02-04T14:21:59.206+0000] {processor.py:914} INFO - Processing file /home/airflow/.local/lib/python3.12/site-packages/airflow/example_dags/example_task_group.py for tasks to queue
[2025-02-04T14:21:59.209+0000] {logging_mixin.py:190} INFO - [2025-02-04T14:21:59.208+0000] {dagbag.py:588} INFO - Filling up the DagBag from /home/airflow/.local/lib/python3.12/site-packages/airflow/example_dags/example_task_group.py
[2025-02-04T14:21:59.227+0000] {processor.py:925} INFO - DAG(s) 'example_task_group' retrieved from /home/airflow/.local/lib/python3.12/site-packages/airflow/example_dags/example_task_group.py
[2025-02-04T14:21:59.273+0000] {logging_mixin.py:190} INFO - [2025-02-04T14:21:59.272+0000] {dag.py:3239} INFO - Sync 1 DAGs
[2025-02-04T14:21:59.304+0000] {logging_mixin.py:190} INFO - [2025-02-04T14:21:59.303+0000] {dag.py:4180} INFO - Setting next_dagrun for example_task_group to None, run_after=None
[2025-02-04T14:21:59.341+0000] {processor.py:208} INFO - Processing /home/airflow/.local/lib/python3.12/site-packages/airflow/example_dags/example_task_group.py took 0.148 seconds
[2025-02-04T14:22:33.069+0000] {processor.py:186} INFO - Started process (PID=609) to work on /home/airflow/.local/lib/python3.12/site-packages/airflow/example_dags/example_task_group.py
[2025-02-04T14:22:33.082+0000] {processor.py:914} INFO - Processing file /home/airflow/.local/lib/python3.12/site-packages/airflow/example_dags/example_task_group.py for tasks to queue
[2025-02-04T14:22:33.092+0000] {logging_mixin.py:190} INFO - [2025-02-04T14:22:33.090+0000] {dagbag.py:588} INFO - Filling up the DagBag from /home/airflow/.local/lib/python3.12/site-packages/airflow/example_dags/example_task_group.py
[2025-02-04T14:22:33.131+0000] {processor.py:925} INFO - DAG(s) 'example_task_group' retrieved from /home/airflow/.local/lib/python3.12/site-packages/airflow/example_dags/example_task_group.py
[2025-02-04T14:22:33.198+0000] {logging_mixin.py:190} INFO - [2025-02-04T14:22:33.197+0000] {dag.py:3239} INFO - Sync 1 DAGs
[2025-02-04T14:22:33.240+0000] {logging_mixin.py:190} INFO - [2025-02-04T14:22:33.240+0000] {dag.py:4180} INFO - Setting next_dagrun for example_task_group to None, run_after=None
[2025-02-04T14:22:33.276+0000] {processor.py:208} INFO - Processing /home/airflow/.local/lib/python3.12/site-packages/airflow/example_dags/example_task_group.py took 0.236 seconds
[2025-02-04T14:23:03.714+0000] {processor.py:186} INFO - Started process (PID=677) to work on /home/airflow/.local/lib/python3.12/site-packages/airflow/example_dags/example_task_group.py
[2025-02-04T14:23:03.716+0000] {processor.py:914} INFO - Processing file /home/airflow/.local/lib/python3.12/site-packages/airflow/example_dags/example_task_group.py for tasks to queue
[2025-02-04T14:23:03.720+0000] {logging_mixin.py:190} INFO - [2025-02-04T14:23:03.719+0000] {dagbag.py:588} INFO - Filling up the DagBag from /home/airflow/.local/lib/python3.12/site-packages/airflow/example_dags/example_task_group.py
[2025-02-04T14:23:03.755+0000] {processor.py:925} INFO - DAG(s) 'example_task_group' retrieved from /home/airflow/.local/lib/python3.12/site-packages/airflow/example_dags/example_task_group.py
[2025-02-04T14:23:03.851+0000] {logging_mixin.py:190} INFO - [2025-02-04T14:23:03.850+0000] {dag.py:3239} INFO - Sync 1 DAGs
[2025-02-04T14:23:03.904+0000] {logging_mixin.py:190} INFO - [2025-02-04T14:23:03.903+0000] {dag.py:4180} INFO - Setting next_dagrun for example_task_group to None, run_after=None
[2025-02-04T14:23:04.005+0000] {processor.py:208} INFO - Processing /home/airflow/.local/lib/python3.12/site-packages/airflow/example_dags/example_task_group.py took 0.309 seconds
[2025-02-04T14:23:34.913+0000] {processor.py:186} INFO - Started process (PID=740) to work on /home/airflow/.local/lib/python3.12/site-packages/airflow/example_dags/example_task_group.py
[2025-02-04T14:23:34.915+0000] {processor.py:914} INFO - Processing file /home/airflow/.local/lib/python3.12/site-packages/airflow/example_dags/example_task_group.py for tasks to queue
[2025-02-04T14:23:34.917+0000] {logging_mixin.py:190} INFO - [2025-02-04T14:23:34.916+0000] {dagbag.py:588} INFO - Filling up the DagBag from /home/airflow/.local/lib/python3.12/site-packages/airflow/example_dags/example_task_group.py
[2025-02-04T14:23:34.935+0000] {processor.py:925} INFO - DAG(s) 'example_task_group' retrieved from /home/airflow/.local/lib/python3.12/site-packages/airflow/example_dags/example_task_group.py
[2025-02-04T14:23:34.967+0000] {logging_mixin.py:190} INFO - [2025-02-04T14:23:34.967+0000] {dag.py:3239} INFO - Sync 1 DAGs
[2025-02-04T14:23:34.991+0000] {logging_mixin.py:190} INFO - [2025-02-04T14:23:34.991+0000] {dag.py:4180} INFO - Setting next_dagrun for example_task_group to None, run_after=None
[2025-02-04T14:23:35.018+0000] {processor.py:208} INFO - Processing /home/airflow/.local/lib/python3.12/site-packages/airflow/example_dags/example_task_group.py took 0.114 seconds
[2025-02-04T14:24:05.167+0000] {processor.py:186} INFO - Started process (PID=805) to work on /home/airflow/.local/lib/python3.12/site-packages/airflow/example_dags/example_task_group.py
[2025-02-04T14:24:05.172+0000] {processor.py:914} INFO - Processing file /home/airflow/.local/lib/python3.12/site-packages/airflow/example_dags/example_task_group.py for tasks to queue
[2025-02-04T14:24:05.174+0000] {logging_mixin.py:190} INFO - [2025-02-04T14:24:05.174+0000] {dagbag.py:588} INFO - Filling up the DagBag from /home/airflow/.local/lib/python3.12/site-packages/airflow/example_dags/example_task_group.py
[2025-02-04T14:24:05.205+0000] {processor.py:925} INFO - DAG(s) 'example_task_group' retrieved from /home/airflow/.local/lib/python3.12/site-packages/airflow/example_dags/example_task_group.py
[2025-02-04T14:24:05.241+0000] {logging_mixin.py:190} INFO - [2025-02-04T14:24:05.241+0000] {dag.py:3239} INFO - Sync 1 DAGs
[2025-02-04T14:24:05.262+0000] {logging_mixin.py:190} INFO - [2025-02-04T14:24:05.262+0000] {dag.py:4180} INFO - Setting next_dagrun for example_task_group to None, run_after=None
[2025-02-04T14:24:05.287+0000] {processor.py:208} INFO - Processing /home/airflow/.local/lib/python3.12/site-packages/airflow/example_dags/example_task_group.py took 0.140 seconds
[2025-02-04T14:33:01.404+0000] {processor.py:186} INFO - Started process (PID=135) to work on /home/airflow/.local/lib/python3.12/site-packages/airflow/example_dags/example_task_group.py
[2025-02-04T14:33:01.406+0000] {processor.py:914} INFO - Processing file /home/airflow/.local/lib/python3.12/site-packages/airflow/example_dags/example_task_group.py for tasks to queue
[2025-02-04T14:33:01.411+0000] {logging_mixin.py:190} INFO - [2025-02-04T14:33:01.410+0000] {dagbag.py:588} INFO - Filling up the DagBag from /home/airflow/.local/lib/python3.12/site-packages/airflow/example_dags/example_task_group.py
[2025-02-04T14:33:01.428+0000] {processor.py:925} INFO - DAG(s) 'example_task_group' retrieved from /home/airflow/.local/lib/python3.12/site-packages/airflow/example_dags/example_task_group.py
[2025-02-04T14:33:01.689+0000] {logging_mixin.py:190} INFO - [2025-02-04T14:33:01.686+0000] {override.py:1911} INFO - Created Permission View: can delete on DAG:example_task_group
[2025-02-04T14:33:01.730+0000] {logging_mixin.py:190} INFO - [2025-02-04T14:33:01.726+0000] {override.py:1911} INFO - Created Permission View: can read on DAG:example_task_group
[2025-02-04T14:33:01.776+0000] {logging_mixin.py:190} INFO - [2025-02-04T14:33:01.775+0000] {override.py:1911} INFO - Created Permission View: can edit on DAG:example_task_group
[2025-02-04T14:33:01.804+0000] {logging_mixin.py:190} INFO - [2025-02-04T14:33:01.804+0000] {override.py:1911} INFO - Created Permission View: can create on DAG Run:example_task_group
[2025-02-04T14:33:01.842+0000] {logging_mixin.py:190} INFO - [2025-02-04T14:33:01.841+0000] {override.py:1911} INFO - Created Permission View: can delete on DAG Run:example_task_group
[2025-02-04T14:33:01.912+0000] {logging_mixin.py:190} INFO - [2025-02-04T14:33:01.912+0000] {override.py:1911} INFO - Created Permission View: can read on DAG Run:example_task_group
[2025-02-04T14:33:01.947+0000] {logging_mixin.py:190} INFO - [2025-02-04T14:33:01.947+0000] {override.py:1911} INFO - Created Permission View: menu access on DAG Run:example_task_group
[2025-02-04T14:33:01.948+0000] {logging_mixin.py:190} INFO - [2025-02-04T14:33:01.948+0000] {dag.py:3239} INFO - Sync 1 DAGs
[2025-02-04T14:33:01.977+0000] {logging_mixin.py:190} INFO - [2025-02-04T14:33:01.977+0000] {dag.py:3262} INFO - Creating ORM DAG for example_task_group
[2025-02-04T14:33:01.978+0000] {logging_mixin.py:190} INFO - [2025-02-04T14:33:01.978+0000] {dag.py:4180} INFO - Setting next_dagrun for example_task_group to None, run_after=None
[2025-02-04T14:33:02.013+0000] {processor.py:208} INFO - Processing /home/airflow/.local/lib/python3.12/site-packages/airflow/example_dags/example_task_group.py took 0.618 seconds
[2025-02-04T14:33:32.097+0000] {processor.py:186} INFO - Started process (PID=199) to work on /home/airflow/.local/lib/python3.12/site-packages/airflow/example_dags/example_task_group.py
[2025-02-04T14:33:32.099+0000] {processor.py:914} INFO - Processing file /home/airflow/.local/lib/python3.12/site-packages/airflow/example_dags/example_task_group.py for tasks to queue
[2025-02-04T14:33:32.103+0000] {logging_mixin.py:190} INFO - [2025-02-04T14:33:32.103+0000] {dagbag.py:588} INFO - Filling up the DagBag from /home/airflow/.local/lib/python3.12/site-packages/airflow/example_dags/example_task_group.py
[2025-02-04T14:33:32.117+0000] {processor.py:925} INFO - DAG(s) 'example_task_group' retrieved from /home/airflow/.local/lib/python3.12/site-packages/airflow/example_dags/example_task_group.py
[2025-02-04T14:33:32.162+0000] {logging_mixin.py:190} INFO - [2025-02-04T14:33:32.162+0000] {dag.py:3239} INFO - Sync 1 DAGs
[2025-02-04T14:33:32.197+0000] {logging_mixin.py:190} INFO - [2025-02-04T14:33:32.197+0000] {dag.py:4180} INFO - Setting next_dagrun for example_task_group to None, run_after=None
[2025-02-04T14:33:32.237+0000] {processor.py:208} INFO - Processing /home/airflow/.local/lib/python3.12/site-packages/airflow/example_dags/example_task_group.py took 0.151 seconds
[2025-02-04T14:34:03.571+0000] {processor.py:186} INFO - Started process (PID=263) to work on /home/airflow/.local/lib/python3.12/site-packages/airflow/example_dags/example_task_group.py
[2025-02-04T14:34:03.573+0000] {processor.py:914} INFO - Processing file /home/airflow/.local/lib/python3.12/site-packages/airflow/example_dags/example_task_group.py for tasks to queue
[2025-02-04T14:34:03.578+0000] {logging_mixin.py:190} INFO - [2025-02-04T14:34:03.578+0000] {dagbag.py:588} INFO - Filling up the DagBag from /home/airflow/.local/lib/python3.12/site-packages/airflow/example_dags/example_task_group.py
[2025-02-04T14:34:03.596+0000] {processor.py:925} INFO - DAG(s) 'example_task_group' retrieved from /home/airflow/.local/lib/python3.12/site-packages/airflow/example_dags/example_task_group.py
[2025-02-04T14:34:03.643+0000] {logging_mixin.py:190} INFO - [2025-02-04T14:34:03.643+0000] {dag.py:3239} INFO - Sync 1 DAGs
[2025-02-04T14:34:03.699+0000] {logging_mixin.py:190} INFO - [2025-02-04T14:34:03.698+0000] {dag.py:4180} INFO - Setting next_dagrun for example_task_group to None, run_after=None
[2025-02-04T14:34:03.750+0000] {processor.py:208} INFO - Processing /home/airflow/.local/lib/python3.12/site-packages/airflow/example_dags/example_task_group.py took 0.192 seconds
[2025-02-04T14:34:34.665+0000] {processor.py:186} INFO - Started process (PID=327) to work on /home/airflow/.local/lib/python3.12/site-packages/airflow/example_dags/example_task_group.py
[2025-02-04T14:34:34.667+0000] {processor.py:914} INFO - Processing file /home/airflow/.local/lib/python3.12/site-packages/airflow/example_dags/example_task_group.py for tasks to queue
[2025-02-04T14:34:34.672+0000] {logging_mixin.py:190} INFO - [2025-02-04T14:34:34.671+0000] {dagbag.py:588} INFO - Filling up the DagBag from /home/airflow/.local/lib/python3.12/site-packages/airflow/example_dags/example_task_group.py
[2025-02-04T14:34:34.690+0000] {processor.py:925} INFO - DAG(s) 'example_task_group' retrieved from /home/airflow/.local/lib/python3.12/site-packages/airflow/example_dags/example_task_group.py
[2025-02-04T14:34:34.720+0000] {logging_mixin.py:190} INFO - [2025-02-04T14:34:34.720+0000] {dag.py:3239} INFO - Sync 1 DAGs
[2025-02-04T14:34:34.740+0000] {logging_mixin.py:190} INFO - [2025-02-04T14:34:34.740+0000] {dag.py:4180} INFO - Setting next_dagrun for example_task_group to None, run_after=None
[2025-02-04T14:34:34.769+0000] {processor.py:208} INFO - Processing /home/airflow/.local/lib/python3.12/site-packages/airflow/example_dags/example_task_group.py took 0.115 seconds
[2025-02-04T14:35:06.508+0000] {processor.py:186} INFO - Started process (PID=391) to work on /home/airflow/.local/lib/python3.12/site-packages/airflow/example_dags/example_task_group.py
[2025-02-04T14:35:06.510+0000] {processor.py:914} INFO - Processing file /home/airflow/.local/lib/python3.12/site-packages/airflow/example_dags/example_task_group.py for tasks to queue
[2025-02-04T14:35:06.525+0000] {logging_mixin.py:190} INFO - [2025-02-04T14:35:06.523+0000] {dagbag.py:588} INFO - Filling up the DagBag from /home/airflow/.local/lib/python3.12/site-packages/airflow/example_dags/example_task_group.py
[2025-02-04T14:35:06.562+0000] {processor.py:925} INFO - DAG(s) 'example_task_group' retrieved from /home/airflow/.local/lib/python3.12/site-packages/airflow/example_dags/example_task_group.py
[2025-02-04T14:35:07.289+0000] {logging_mixin.py:190} INFO - [2025-02-04T14:35:07.287+0000] {dag.py:3239} INFO - Sync 1 DAGs
[2025-02-04T14:35:07.401+0000] {logging_mixin.py:190} INFO - [2025-02-04T14:35:07.401+0000] {dag.py:4180} INFO - Setting next_dagrun for example_task_group to None, run_after=None
[2025-02-04T14:35:07.490+0000] {processor.py:208} INFO - Processing /home/airflow/.local/lib/python3.12/site-packages/airflow/example_dags/example_task_group.py took 1.056 seconds
[2025-02-04T14:35:37.565+0000] {processor.py:186} INFO - Started process (PID=454) to work on /home/airflow/.local/lib/python3.12/site-packages/airflow/example_dags/example_task_group.py
[2025-02-04T14:35:37.567+0000] {processor.py:914} INFO - Processing file /home/airflow/.local/lib/python3.12/site-packages/airflow/example_dags/example_task_group.py for tasks to queue
[2025-02-04T14:35:37.570+0000] {logging_mixin.py:190} INFO - [2025-02-04T14:35:37.570+0000] {dagbag.py:588} INFO - Filling up the DagBag from /home/airflow/.local/lib/python3.12/site-packages/airflow/example_dags/example_task_group.py
[2025-02-04T14:35:37.583+0000] {processor.py:925} INFO - DAG(s) 'example_task_group' retrieved from /home/airflow/.local/lib/python3.12/site-packages/airflow/example_dags/example_task_group.py
[2025-02-04T14:35:37.624+0000] {logging_mixin.py:190} INFO - [2025-02-04T14:35:37.623+0000] {dag.py:3239} INFO - Sync 1 DAGs
[2025-02-04T14:35:37.652+0000] {logging_mixin.py:190} INFO - [2025-02-04T14:35:37.652+0000] {dag.py:4180} INFO - Setting next_dagrun for example_task_group to None, run_after=None
[2025-02-04T14:35:37.701+0000] {processor.py:208} INFO - Processing /home/airflow/.local/lib/python3.12/site-packages/airflow/example_dags/example_task_group.py took 0.145 seconds
[2025-02-04T14:36:08.413+0000] {processor.py:186} INFO - Started process (PID=517) to work on /home/airflow/.local/lib/python3.12/site-packages/airflow/example_dags/example_task_group.py
[2025-02-04T14:36:08.415+0000] {processor.py:914} INFO - Processing file /home/airflow/.local/lib/python3.12/site-packages/airflow/example_dags/example_task_group.py for tasks to queue
[2025-02-04T14:36:08.420+0000] {logging_mixin.py:190} INFO - [2025-02-04T14:36:08.419+0000] {dagbag.py:588} INFO - Filling up the DagBag from /home/airflow/.local/lib/python3.12/site-packages/airflow/example_dags/example_task_group.py
[2025-02-04T14:36:08.438+0000] {processor.py:925} INFO - DAG(s) 'example_task_group' retrieved from /home/airflow/.local/lib/python3.12/site-packages/airflow/example_dags/example_task_group.py
[2025-02-04T14:36:08.482+0000] {logging_mixin.py:190} INFO - [2025-02-04T14:36:08.482+0000] {dag.py:3239} INFO - Sync 1 DAGs
[2025-02-04T14:36:08.548+0000] {logging_mixin.py:190} INFO - [2025-02-04T14:36:08.544+0000] {dag.py:4180} INFO - Setting next_dagrun for example_task_group to None, run_after=None
[2025-02-04T14:36:08.624+0000] {processor.py:208} INFO - Processing /home/airflow/.local/lib/python3.12/site-packages/airflow/example_dags/example_task_group.py took 0.226 seconds
[2025-02-04T14:36:47.530+0000] {processor.py:186} INFO - Started process (PID=584) to work on /home/airflow/.local/lib/python3.12/site-packages/airflow/example_dags/example_task_group.py
[2025-02-04T14:36:47.564+0000] {processor.py:914} INFO - Processing file /home/airflow/.local/lib/python3.12/site-packages/airflow/example_dags/example_task_group.py for tasks to queue
[2025-02-04T14:36:47.576+0000] {logging_mixin.py:190} INFO - [2025-02-04T14:36:47.575+0000] {dagbag.py:588} INFO - Filling up the DagBag from /home/airflow/.local/lib/python3.12/site-packages/airflow/example_dags/example_task_group.py
[2025-02-04T14:36:47.646+0000] {processor.py:925} INFO - DAG(s) 'example_task_group' retrieved from /home/airflow/.local/lib/python3.12/site-packages/airflow/example_dags/example_task_group.py
[2025-02-04T14:36:47.727+0000] {logging_mixin.py:190} INFO - [2025-02-04T14:36:47.726+0000] {dag.py:3239} INFO - Sync 1 DAGs
[2025-02-04T14:36:47.780+0000] {logging_mixin.py:190} INFO - [2025-02-04T14:36:47.779+0000] {dag.py:4180} INFO - Setting next_dagrun for example_task_group to None, run_after=None
[2025-02-04T14:36:47.818+0000] {processor.py:208} INFO - Processing /home/airflow/.local/lib/python3.12/site-packages/airflow/example_dags/example_task_group.py took 0.316 seconds
[2025-02-04T14:37:18.986+0000] {processor.py:186} INFO - Started process (PID=650) to work on /home/airflow/.local/lib/python3.12/site-packages/airflow/example_dags/example_task_group.py
[2025-02-04T14:37:18.991+0000] {processor.py:914} INFO - Processing file /home/airflow/.local/lib/python3.12/site-packages/airflow/example_dags/example_task_group.py for tasks to queue
[2025-02-04T14:37:19.001+0000] {logging_mixin.py:190} INFO - [2025-02-04T14:37:18.999+0000] {dagbag.py:588} INFO - Filling up the DagBag from /home/airflow/.local/lib/python3.12/site-packages/airflow/example_dags/example_task_group.py
[2025-02-04T14:37:19.044+0000] {processor.py:925} INFO - DAG(s) 'example_task_group' retrieved from /home/airflow/.local/lib/python3.12/site-packages/airflow/example_dags/example_task_group.py
[2025-02-04T14:37:19.163+0000] {logging_mixin.py:190} INFO - [2025-02-04T14:37:19.158+0000] {dag.py:3239} INFO - Sync 1 DAGs
[2025-02-04T14:37:19.241+0000] {logging_mixin.py:190} INFO - [2025-02-04T14:37:19.241+0000] {dag.py:4180} INFO - Setting next_dagrun for example_task_group to None, run_after=None
[2025-02-04T14:37:19.324+0000] {processor.py:208} INFO - Processing /home/airflow/.local/lib/python3.12/site-packages/airflow/example_dags/example_task_group.py took 0.350 seconds
[2025-02-04T14:37:56.238+0000] {processor.py:186} INFO - Started process (PID=720) to work on /home/airflow/.local/lib/python3.12/site-packages/airflow/example_dags/example_task_group.py
[2025-02-04T14:37:56.240+0000] {processor.py:914} INFO - Processing file /home/airflow/.local/lib/python3.12/site-packages/airflow/example_dags/example_task_group.py for tasks to queue
[2025-02-04T14:37:56.243+0000] {logging_mixin.py:190} INFO - [2025-02-04T14:37:56.243+0000] {dagbag.py:588} INFO - Filling up the DagBag from /home/airflow/.local/lib/python3.12/site-packages/airflow/example_dags/example_task_group.py
[2025-02-04T14:37:56.259+0000] {processor.py:925} INFO - DAG(s) 'example_task_group' retrieved from /home/airflow/.local/lib/python3.12/site-packages/airflow/example_dags/example_task_group.py
[2025-02-04T14:37:56.298+0000] {logging_mixin.py:190} INFO - [2025-02-04T14:37:56.298+0000] {dag.py:3239} INFO - Sync 1 DAGs
[2025-02-04T14:37:56.328+0000] {logging_mixin.py:190} INFO - [2025-02-04T14:37:56.328+0000] {dag.py:4180} INFO - Setting next_dagrun for example_task_group to None, run_after=None
[2025-02-04T14:37:56.366+0000] {processor.py:208} INFO - Processing /home/airflow/.local/lib/python3.12/site-packages/airflow/example_dags/example_task_group.py took 0.141 seconds
[2025-02-04T14:38:27.243+0000] {processor.py:186} INFO - Started process (PID=784) to work on /home/airflow/.local/lib/python3.12/site-packages/airflow/example_dags/example_task_group.py
[2025-02-04T14:38:27.246+0000] {processor.py:914} INFO - Processing file /home/airflow/.local/lib/python3.12/site-packages/airflow/example_dags/example_task_group.py for tasks to queue
[2025-02-04T14:38:27.251+0000] {logging_mixin.py:190} INFO - [2025-02-04T14:38:27.251+0000] {dagbag.py:588} INFO - Filling up the DagBag from /home/airflow/.local/lib/python3.12/site-packages/airflow/example_dags/example_task_group.py
[2025-02-04T14:38:27.277+0000] {processor.py:925} INFO - DAG(s) 'example_task_group' retrieved from /home/airflow/.local/lib/python3.12/site-packages/airflow/example_dags/example_task_group.py
[2025-02-04T14:38:27.347+0000] {logging_mixin.py:190} INFO - [2025-02-04T14:38:27.346+0000] {dag.py:3239} INFO - Sync 1 DAGs
[2025-02-04T14:38:27.383+0000] {logging_mixin.py:190} INFO - [2025-02-04T14:38:27.383+0000] {dag.py:4180} INFO - Setting next_dagrun for example_task_group to None, run_after=None
[2025-02-04T14:38:27.425+0000] {processor.py:208} INFO - Processing /home/airflow/.local/lib/python3.12/site-packages/airflow/example_dags/example_task_group.py took 0.196 seconds
[2025-02-04T14:39:00.787+0000] {processor.py:186} INFO - Started process (PID=851) to work on /home/airflow/.local/lib/python3.12/site-packages/airflow/example_dags/example_task_group.py
[2025-02-04T14:39:00.789+0000] {processor.py:914} INFO - Processing file /home/airflow/.local/lib/python3.12/site-packages/airflow/example_dags/example_task_group.py for tasks to queue
[2025-02-04T14:39:00.794+0000] {logging_mixin.py:190} INFO - [2025-02-04T14:39:00.794+0000] {dagbag.py:588} INFO - Filling up the DagBag from /home/airflow/.local/lib/python3.12/site-packages/airflow/example_dags/example_task_group.py
[2025-02-04T14:39:00.816+0000] {processor.py:925} INFO - DAG(s) 'example_task_group' retrieved from /home/airflow/.local/lib/python3.12/site-packages/airflow/example_dags/example_task_group.py
[2025-02-04T14:39:00.898+0000] {logging_mixin.py:190} INFO - [2025-02-04T14:39:00.896+0000] {dag.py:3239} INFO - Sync 1 DAGs
[2025-02-04T14:39:00.942+0000] {logging_mixin.py:190} INFO - [2025-02-04T14:39:00.942+0000] {dag.py:4180} INFO - Setting next_dagrun for example_task_group to None, run_after=None
[2025-02-04T14:39:00.989+0000] {processor.py:208} INFO - Processing /home/airflow/.local/lib/python3.12/site-packages/airflow/example_dags/example_task_group.py took 0.216 seconds
[2025-02-04T14:39:31.835+0000] {processor.py:186} INFO - Started process (PID=915) to work on /home/airflow/.local/lib/python3.12/site-packages/airflow/example_dags/example_task_group.py
[2025-02-04T14:39:31.836+0000] {processor.py:914} INFO - Processing file /home/airflow/.local/lib/python3.12/site-packages/airflow/example_dags/example_task_group.py for tasks to queue
[2025-02-04T14:39:31.841+0000] {logging_mixin.py:190} INFO - [2025-02-04T14:39:31.840+0000] {dagbag.py:588} INFO - Filling up the DagBag from /home/airflow/.local/lib/python3.12/site-packages/airflow/example_dags/example_task_group.py
[2025-02-04T14:39:31.857+0000] {processor.py:925} INFO - DAG(s) 'example_task_group' retrieved from /home/airflow/.local/lib/python3.12/site-packages/airflow/example_dags/example_task_group.py
[2025-02-04T14:39:31.901+0000] {logging_mixin.py:190} INFO - [2025-02-04T14:39:31.900+0000] {dag.py:3239} INFO - Sync 1 DAGs
[2025-02-04T14:39:31.928+0000] {logging_mixin.py:190} INFO - [2025-02-04T14:39:31.928+0000] {dag.py:4180} INFO - Setting next_dagrun for example_task_group to None, run_after=None
[2025-02-04T14:39:31.960+0000] {processor.py:208} INFO - Processing /home/airflow/.local/lib/python3.12/site-packages/airflow/example_dags/example_task_group.py took 0.137 seconds
[2025-02-04T14:40:03.797+0000] {processor.py:186} INFO - Started process (PID=980) to work on /home/airflow/.local/lib/python3.12/site-packages/airflow/example_dags/example_task_group.py
[2025-02-04T14:40:03.798+0000] {processor.py:914} INFO - Processing file /home/airflow/.local/lib/python3.12/site-packages/airflow/example_dags/example_task_group.py for tasks to queue
[2025-02-04T14:40:03.804+0000] {logging_mixin.py:190} INFO - [2025-02-04T14:40:03.803+0000] {dagbag.py:588} INFO - Filling up the DagBag from /home/airflow/.local/lib/python3.12/site-packages/airflow/example_dags/example_task_group.py
[2025-02-04T14:40:03.829+0000] {processor.py:925} INFO - DAG(s) 'example_task_group' retrieved from /home/airflow/.local/lib/python3.12/site-packages/airflow/example_dags/example_task_group.py
[2025-02-04T14:40:03.886+0000] {logging_mixin.py:190} INFO - [2025-02-04T14:40:03.886+0000] {dag.py:3239} INFO - Sync 1 DAGs
[2025-02-04T14:40:03.925+0000] {logging_mixin.py:190} INFO - [2025-02-04T14:40:03.925+0000] {dag.py:4180} INFO - Setting next_dagrun for example_task_group to None, run_after=None
[2025-02-04T14:40:03.967+0000] {processor.py:208} INFO - Processing /home/airflow/.local/lib/python3.12/site-packages/airflow/example_dags/example_task_group.py took 0.185 seconds
[2025-02-04T14:40:36.561+0000] {processor.py:186} INFO - Started process (PID=1045) to work on /home/airflow/.local/lib/python3.12/site-packages/airflow/example_dags/example_task_group.py
[2025-02-04T14:40:36.562+0000] {processor.py:914} INFO - Processing file /home/airflow/.local/lib/python3.12/site-packages/airflow/example_dags/example_task_group.py for tasks to queue
[2025-02-04T14:40:36.567+0000] {logging_mixin.py:190} INFO - [2025-02-04T14:40:36.566+0000] {dagbag.py:588} INFO - Filling up the DagBag from /home/airflow/.local/lib/python3.12/site-packages/airflow/example_dags/example_task_group.py
[2025-02-04T14:40:36.582+0000] {processor.py:925} INFO - DAG(s) 'example_task_group' retrieved from /home/airflow/.local/lib/python3.12/site-packages/airflow/example_dags/example_task_group.py
[2025-02-04T14:40:36.618+0000] {logging_mixin.py:190} INFO - [2025-02-04T14:40:36.618+0000] {dag.py:3239} INFO - Sync 1 DAGs
[2025-02-04T14:40:36.643+0000] {logging_mixin.py:190} INFO - [2025-02-04T14:40:36.643+0000] {dag.py:4180} INFO - Setting next_dagrun for example_task_group to None, run_after=None
[2025-02-04T14:40:36.680+0000] {processor.py:208} INFO - Processing /home/airflow/.local/lib/python3.12/site-packages/airflow/example_dags/example_task_group.py took 0.128 seconds
[2025-02-04T14:41:07.063+0000] {processor.py:186} INFO - Started process (PID=1109) to work on /home/airflow/.local/lib/python3.12/site-packages/airflow/example_dags/example_task_group.py
[2025-02-04T14:41:07.064+0000] {processor.py:914} INFO - Processing file /home/airflow/.local/lib/python3.12/site-packages/airflow/example_dags/example_task_group.py for tasks to queue
[2025-02-04T14:41:07.069+0000] {logging_mixin.py:190} INFO - [2025-02-04T14:41:07.068+0000] {dagbag.py:588} INFO - Filling up the DagBag from /home/airflow/.local/lib/python3.12/site-packages/airflow/example_dags/example_task_group.py
[2025-02-04T14:41:07.085+0000] {processor.py:925} INFO - DAG(s) 'example_task_group' retrieved from /home/airflow/.local/lib/python3.12/site-packages/airflow/example_dags/example_task_group.py
[2025-02-04T14:41:07.125+0000] {logging_mixin.py:190} INFO - [2025-02-04T14:41:07.125+0000] {dag.py:3239} INFO - Sync 1 DAGs
[2025-02-04T14:41:07.169+0000] {logging_mixin.py:190} INFO - [2025-02-04T14:41:07.168+0000] {dag.py:4180} INFO - Setting next_dagrun for example_task_group to None, run_after=None
[2025-02-04T14:41:07.207+0000] {processor.py:208} INFO - Processing /home/airflow/.local/lib/python3.12/site-packages/airflow/example_dags/example_task_group.py took 0.154 seconds
[2025-02-04T14:41:40.995+0000] {processor.py:186} INFO - Started process (PID=1173) to work on /home/airflow/.local/lib/python3.12/site-packages/airflow/example_dags/example_task_group.py
[2025-02-04T14:41:40.997+0000] {processor.py:914} INFO - Processing file /home/airflow/.local/lib/python3.12/site-packages/airflow/example_dags/example_task_group.py for tasks to queue
[2025-02-04T14:41:41.001+0000] {logging_mixin.py:190} INFO - [2025-02-04T14:41:41.001+0000] {dagbag.py:588} INFO - Filling up the DagBag from /home/airflow/.local/lib/python3.12/site-packages/airflow/example_dags/example_task_group.py
[2025-02-04T14:41:41.019+0000] {processor.py:925} INFO - DAG(s) 'example_task_group' retrieved from /home/airflow/.local/lib/python3.12/site-packages/airflow/example_dags/example_task_group.py
[2025-02-04T14:41:41.067+0000] {logging_mixin.py:190} INFO - [2025-02-04T14:41:41.066+0000] {dag.py:3239} INFO - Sync 1 DAGs
[2025-02-04T14:41:41.096+0000] {logging_mixin.py:190} INFO - [2025-02-04T14:41:41.096+0000] {dag.py:4180} INFO - Setting next_dagrun for example_task_group to None, run_after=None
[2025-02-04T14:41:41.152+0000] {processor.py:208} INFO - Processing /home/airflow/.local/lib/python3.12/site-packages/airflow/example_dags/example_task_group.py took 0.169 seconds
[2025-02-04T14:42:11.415+0000] {processor.py:186} INFO - Started process (PID=1237) to work on /home/airflow/.local/lib/python3.12/site-packages/airflow/example_dags/example_task_group.py
[2025-02-04T14:42:11.417+0000] {processor.py:914} INFO - Processing file /home/airflow/.local/lib/python3.12/site-packages/airflow/example_dags/example_task_group.py for tasks to queue
[2025-02-04T14:42:11.420+0000] {logging_mixin.py:190} INFO - [2025-02-04T14:42:11.420+0000] {dagbag.py:588} INFO - Filling up the DagBag from /home/airflow/.local/lib/python3.12/site-packages/airflow/example_dags/example_task_group.py
[2025-02-04T14:42:11.434+0000] {processor.py:925} INFO - DAG(s) 'example_task_group' retrieved from /home/airflow/.local/lib/python3.12/site-packages/airflow/example_dags/example_task_group.py
[2025-02-04T14:42:11.472+0000] {logging_mixin.py:190} INFO - [2025-02-04T14:42:11.472+0000] {dag.py:3239} INFO - Sync 1 DAGs
[2025-02-04T14:42:11.519+0000] {logging_mixin.py:190} INFO - [2025-02-04T14:42:11.519+0000] {dag.py:4180} INFO - Setting next_dagrun for example_task_group to None, run_after=None
[2025-02-04T14:42:11.549+0000] {processor.py:208} INFO - Processing /home/airflow/.local/lib/python3.12/site-packages/airflow/example_dags/example_task_group.py took 0.144 seconds
[2025-02-04T14:42:43.603+0000] {processor.py:186} INFO - Started process (PID=1301) to work on /home/airflow/.local/lib/python3.12/site-packages/airflow/example_dags/example_task_group.py
[2025-02-04T14:42:43.605+0000] {processor.py:914} INFO - Processing file /home/airflow/.local/lib/python3.12/site-packages/airflow/example_dags/example_task_group.py for tasks to queue
[2025-02-04T14:42:43.610+0000] {logging_mixin.py:190} INFO - [2025-02-04T14:42:43.609+0000] {dagbag.py:588} INFO - Filling up the DagBag from /home/airflow/.local/lib/python3.12/site-packages/airflow/example_dags/example_task_group.py
[2025-02-04T14:42:43.630+0000] {processor.py:925} INFO - DAG(s) 'example_task_group' retrieved from /home/airflow/.local/lib/python3.12/site-packages/airflow/example_dags/example_task_group.py
[2025-02-04T14:42:43.671+0000] {logging_mixin.py:190} INFO - [2025-02-04T14:42:43.671+0000] {dag.py:3239} INFO - Sync 1 DAGs
[2025-02-04T14:42:43.711+0000] {logging_mixin.py:190} INFO - [2025-02-04T14:42:43.711+0000] {dag.py:4180} INFO - Setting next_dagrun for example_task_group to None, run_after=None
[2025-02-04T14:42:43.752+0000] {processor.py:208} INFO - Processing /home/airflow/.local/lib/python3.12/site-packages/airflow/example_dags/example_task_group.py took 0.163 seconds
[2025-02-04T14:43:14.067+0000] {processor.py:186} INFO - Started process (PID=1365) to work on /home/airflow/.local/lib/python3.12/site-packages/airflow/example_dags/example_task_group.py
[2025-02-04T14:43:14.070+0000] {processor.py:914} INFO - Processing file /home/airflow/.local/lib/python3.12/site-packages/airflow/example_dags/example_task_group.py for tasks to queue
[2025-02-04T14:43:14.075+0000] {logging_mixin.py:190} INFO - [2025-02-04T14:43:14.075+0000] {dagbag.py:588} INFO - Filling up the DagBag from /home/airflow/.local/lib/python3.12/site-packages/airflow/example_dags/example_task_group.py
[2025-02-04T14:43:14.091+0000] {processor.py:925} INFO - DAG(s) 'example_task_group' retrieved from /home/airflow/.local/lib/python3.12/site-packages/airflow/example_dags/example_task_group.py
[2025-02-04T14:43:14.127+0000] {logging_mixin.py:190} INFO - [2025-02-04T14:43:14.126+0000] {dag.py:3239} INFO - Sync 1 DAGs
[2025-02-04T14:43:14.148+0000] {logging_mixin.py:190} INFO - [2025-02-04T14:43:14.148+0000] {dag.py:4180} INFO - Setting next_dagrun for example_task_group to None, run_after=None
[2025-02-04T14:43:14.177+0000] {processor.py:208} INFO - Processing /home/airflow/.local/lib/python3.12/site-packages/airflow/example_dags/example_task_group.py took 0.123 seconds
[2025-02-04T14:43:44.669+0000] {processor.py:186} INFO - Started process (PID=1428) to work on /home/airflow/.local/lib/python3.12/site-packages/airflow/example_dags/example_task_group.py
[2025-02-04T14:43:44.671+0000] {processor.py:914} INFO - Processing file /home/airflow/.local/lib/python3.12/site-packages/airflow/example_dags/example_task_group.py for tasks to queue
[2025-02-04T14:43:44.675+0000] {logging_mixin.py:190} INFO - [2025-02-04T14:43:44.675+0000] {dagbag.py:588} INFO - Filling up the DagBag from /home/airflow/.local/lib/python3.12/site-packages/airflow/example_dags/example_task_group.py
[2025-02-04T14:43:44.691+0000] {processor.py:925} INFO - DAG(s) 'example_task_group' retrieved from /home/airflow/.local/lib/python3.12/site-packages/airflow/example_dags/example_task_group.py
[2025-02-04T14:43:44.731+0000] {logging_mixin.py:190} INFO - [2025-02-04T14:43:44.730+0000] {dag.py:3239} INFO - Sync 1 DAGs
[2025-02-04T14:43:44.761+0000] {logging_mixin.py:190} INFO - [2025-02-04T14:43:44.760+0000] {dag.py:4180} INFO - Setting next_dagrun for example_task_group to None, run_after=None
[2025-02-04T14:43:44.791+0000] {processor.py:208} INFO - Processing /home/airflow/.local/lib/python3.12/site-packages/airflow/example_dags/example_task_group.py took 0.134 seconds
[2025-02-04T14:44:15.747+0000] {processor.py:186} INFO - Started process (PID=1492) to work on /home/airflow/.local/lib/python3.12/site-packages/airflow/example_dags/example_task_group.py
[2025-02-04T14:44:15.749+0000] {processor.py:914} INFO - Processing file /home/airflow/.local/lib/python3.12/site-packages/airflow/example_dags/example_task_group.py for tasks to queue
[2025-02-04T14:44:15.753+0000] {logging_mixin.py:190} INFO - [2025-02-04T14:44:15.753+0000] {dagbag.py:588} INFO - Filling up the DagBag from /home/airflow/.local/lib/python3.12/site-packages/airflow/example_dags/example_task_group.py
[2025-02-04T14:44:15.767+0000] {processor.py:925} INFO - DAG(s) 'example_task_group' retrieved from /home/airflow/.local/lib/python3.12/site-packages/airflow/example_dags/example_task_group.py
[2025-02-04T14:44:15.805+0000] {logging_mixin.py:190} INFO - [2025-02-04T14:44:15.805+0000] {dag.py:3239} INFO - Sync 1 DAGs
[2025-02-04T14:44:15.833+0000] {logging_mixin.py:190} INFO - [2025-02-04T14:44:15.833+0000] {dag.py:4180} INFO - Setting next_dagrun for example_task_group to None, run_after=None
[2025-02-04T14:44:15.864+0000] {processor.py:208} INFO - Processing /home/airflow/.local/lib/python3.12/site-packages/airflow/example_dags/example_task_group.py took 0.127 seconds
[2025-02-04T14:44:47.532+0000] {processor.py:186} INFO - Started process (PID=1556) to work on /home/airflow/.local/lib/python3.12/site-packages/airflow/example_dags/example_task_group.py
[2025-02-04T14:44:47.534+0000] {processor.py:914} INFO - Processing file /home/airflow/.local/lib/python3.12/site-packages/airflow/example_dags/example_task_group.py for tasks to queue
[2025-02-04T14:44:47.538+0000] {logging_mixin.py:190} INFO - [2025-02-04T14:44:47.538+0000] {dagbag.py:588} INFO - Filling up the DagBag from /home/airflow/.local/lib/python3.12/site-packages/airflow/example_dags/example_task_group.py
[2025-02-04T14:44:47.555+0000] {processor.py:925} INFO - DAG(s) 'example_task_group' retrieved from /home/airflow/.local/lib/python3.12/site-packages/airflow/example_dags/example_task_group.py
[2025-02-04T14:44:47.615+0000] {logging_mixin.py:190} INFO - [2025-02-04T14:44:47.614+0000] {dag.py:3239} INFO - Sync 1 DAGs
[2025-02-04T14:44:47.648+0000] {logging_mixin.py:190} INFO - [2025-02-04T14:44:47.648+0000] {dag.py:4180} INFO - Setting next_dagrun for example_task_group to None, run_after=None
[2025-02-04T14:44:47.682+0000] {processor.py:208} INFO - Processing /home/airflow/.local/lib/python3.12/site-packages/airflow/example_dags/example_task_group.py took 0.162 seconds
[2025-02-04T14:45:17.978+0000] {processor.py:186} INFO - Started process (PID=1620) to work on /home/airflow/.local/lib/python3.12/site-packages/airflow/example_dags/example_task_group.py
[2025-02-04T14:45:17.979+0000] {processor.py:914} INFO - Processing file /home/airflow/.local/lib/python3.12/site-packages/airflow/example_dags/example_task_group.py for tasks to queue
[2025-02-04T14:45:17.983+0000] {logging_mixin.py:190} INFO - [2025-02-04T14:45:17.982+0000] {dagbag.py:588} INFO - Filling up the DagBag from /home/airflow/.local/lib/python3.12/site-packages/airflow/example_dags/example_task_group.py
[2025-02-04T14:45:18.001+0000] {processor.py:925} INFO - DAG(s) 'example_task_group' retrieved from /home/airflow/.local/lib/python3.12/site-packages/airflow/example_dags/example_task_group.py
[2025-02-04T14:45:18.041+0000] {logging_mixin.py:190} INFO - [2025-02-04T14:45:18.041+0000] {dag.py:3239} INFO - Sync 1 DAGs
[2025-02-04T14:45:18.068+0000] {logging_mixin.py:190} INFO - [2025-02-04T14:45:18.068+0000] {dag.py:4180} INFO - Setting next_dagrun for example_task_group to None, run_after=None
[2025-02-04T14:45:18.097+0000] {processor.py:208} INFO - Processing /home/airflow/.local/lib/python3.12/site-packages/airflow/example_dags/example_task_group.py took 0.129 seconds
[2025-02-04T14:45:48.534+0000] {processor.py:186} INFO - Started process (PID=1683) to work on /home/airflow/.local/lib/python3.12/site-packages/airflow/example_dags/example_task_group.py
[2025-02-04T14:45:48.537+0000] {processor.py:914} INFO - Processing file /home/airflow/.local/lib/python3.12/site-packages/airflow/example_dags/example_task_group.py for tasks to queue
[2025-02-04T14:45:48.542+0000] {logging_mixin.py:190} INFO - [2025-02-04T14:45:48.541+0000] {dagbag.py:588} INFO - Filling up the DagBag from /home/airflow/.local/lib/python3.12/site-packages/airflow/example_dags/example_task_group.py
[2025-02-04T14:45:48.625+0000] {processor.py:925} INFO - DAG(s) 'example_task_group' retrieved from /home/airflow/.local/lib/python3.12/site-packages/airflow/example_dags/example_task_group.py
[2025-02-04T14:45:48.695+0000] {logging_mixin.py:190} INFO - [2025-02-04T14:45:48.695+0000] {dag.py:3239} INFO - Sync 1 DAGs
[2025-02-04T14:45:48.737+0000] {logging_mixin.py:190} INFO - [2025-02-04T14:45:48.737+0000] {dag.py:4180} INFO - Setting next_dagrun for example_task_group to None, run_after=None
[2025-02-04T14:45:48.797+0000] {processor.py:208} INFO - Processing /home/airflow/.local/lib/python3.12/site-packages/airflow/example_dags/example_task_group.py took 0.281 seconds
[2025-02-04T14:49:28.423+0000] {processor.py:186} INFO - Started process (PID=124) to work on /home/airflow/.local/lib/python3.12/site-packages/airflow/example_dags/example_task_group.py
[2025-02-04T14:49:28.425+0000] {processor.py:914} INFO - Processing file /home/airflow/.local/lib/python3.12/site-packages/airflow/example_dags/example_task_group.py for tasks to queue
[2025-02-04T14:49:28.429+0000] {logging_mixin.py:190} INFO - [2025-02-04T14:49:28.428+0000] {dagbag.py:588} INFO - Filling up the DagBag from /home/airflow/.local/lib/python3.12/site-packages/airflow/example_dags/example_task_group.py
[2025-02-04T14:49:28.451+0000] {processor.py:925} INFO - DAG(s) 'example_task_group' retrieved from /home/airflow/.local/lib/python3.12/site-packages/airflow/example_dags/example_task_group.py
[2025-02-04T14:49:28.495+0000] {logging_mixin.py:190} INFO - [2025-02-04T14:49:28.495+0000] {dag.py:3239} INFO - Sync 1 DAGs
[2025-02-04T14:49:28.524+0000] {logging_mixin.py:190} INFO - [2025-02-04T14:49:28.524+0000] {dag.py:4180} INFO - Setting next_dagrun for example_task_group to None, run_after=None
[2025-02-04T14:49:28.565+0000] {processor.py:208} INFO - Processing /home/airflow/.local/lib/python3.12/site-packages/airflow/example_dags/example_task_group.py took 0.156 seconds
[2025-02-04T14:49:59.690+0000] {processor.py:186} INFO - Started process (PID=189) to work on /home/airflow/.local/lib/python3.12/site-packages/airflow/example_dags/example_task_group.py
[2025-02-04T14:49:59.691+0000] {processor.py:914} INFO - Processing file /home/airflow/.local/lib/python3.12/site-packages/airflow/example_dags/example_task_group.py for tasks to queue
[2025-02-04T14:49:59.696+0000] {logging_mixin.py:190} INFO - [2025-02-04T14:49:59.695+0000] {dagbag.py:588} INFO - Filling up the DagBag from /home/airflow/.local/lib/python3.12/site-packages/airflow/example_dags/example_task_group.py
[2025-02-04T14:49:59.710+0000] {processor.py:925} INFO - DAG(s) 'example_task_group' retrieved from /home/airflow/.local/lib/python3.12/site-packages/airflow/example_dags/example_task_group.py
[2025-02-04T14:49:59.751+0000] {logging_mixin.py:190} INFO - [2025-02-04T14:49:59.750+0000] {dag.py:3239} INFO - Sync 1 DAGs
[2025-02-04T14:49:59.780+0000] {logging_mixin.py:190} INFO - [2025-02-04T14:49:59.779+0000] {dag.py:4180} INFO - Setting next_dagrun for example_task_group to None, run_after=None
[2025-02-04T14:49:59.812+0000] {processor.py:208} INFO - Processing /home/airflow/.local/lib/python3.12/site-packages/airflow/example_dags/example_task_group.py took 0.135 seconds
[2025-02-04T14:50:32.091+0000] {processor.py:186} INFO - Started process (PID=253) to work on /home/airflow/.local/lib/python3.12/site-packages/airflow/example_dags/example_task_group.py
[2025-02-04T14:50:32.093+0000] {processor.py:914} INFO - Processing file /home/airflow/.local/lib/python3.12/site-packages/airflow/example_dags/example_task_group.py for tasks to queue
[2025-02-04T14:50:32.097+0000] {logging_mixin.py:190} INFO - [2025-02-04T14:50:32.097+0000] {dagbag.py:588} INFO - Filling up the DagBag from /home/airflow/.local/lib/python3.12/site-packages/airflow/example_dags/example_task_group.py
[2025-02-04T14:50:32.115+0000] {processor.py:925} INFO - DAG(s) 'example_task_group' retrieved from /home/airflow/.local/lib/python3.12/site-packages/airflow/example_dags/example_task_group.py
[2025-02-04T14:50:32.151+0000] {logging_mixin.py:190} INFO - [2025-02-04T14:50:32.151+0000] {dag.py:3239} INFO - Sync 1 DAGs
[2025-02-04T14:50:32.178+0000] {logging_mixin.py:190} INFO - [2025-02-04T14:50:32.178+0000] {dag.py:4180} INFO - Setting next_dagrun for example_task_group to None, run_after=None
[2025-02-04T14:50:32.210+0000] {processor.py:208} INFO - Processing /home/airflow/.local/lib/python3.12/site-packages/airflow/example_dags/example_task_group.py took 0.132 seconds
[2025-02-04T14:51:06.422+0000] {processor.py:186} INFO - Started process (PID=317) to work on /home/airflow/.local/lib/python3.12/site-packages/airflow/example_dags/example_task_group.py
[2025-02-04T14:51:06.424+0000] {processor.py:914} INFO - Processing file /home/airflow/.local/lib/python3.12/site-packages/airflow/example_dags/example_task_group.py for tasks to queue
[2025-02-04T14:51:06.429+0000] {logging_mixin.py:190} INFO - [2025-02-04T14:51:06.428+0000] {dagbag.py:588} INFO - Filling up the DagBag from /home/airflow/.local/lib/python3.12/site-packages/airflow/example_dags/example_task_group.py
[2025-02-04T14:51:06.445+0000] {processor.py:925} INFO - DAG(s) 'example_task_group' retrieved from /home/airflow/.local/lib/python3.12/site-packages/airflow/example_dags/example_task_group.py
[2025-02-04T14:51:06.489+0000] {logging_mixin.py:190} INFO - [2025-02-04T14:51:06.488+0000] {dag.py:3239} INFO - Sync 1 DAGs
[2025-02-04T14:51:06.524+0000] {logging_mixin.py:190} INFO - [2025-02-04T14:51:06.524+0000] {dag.py:4180} INFO - Setting next_dagrun for example_task_group to None, run_after=None
[2025-02-04T14:51:06.570+0000] {processor.py:208} INFO - Processing /home/airflow/.local/lib/python3.12/site-packages/airflow/example_dags/example_task_group.py took 0.159 seconds
[2025-02-04T14:51:53.507+0000] {processor.py:186} INFO - Started process (PID=383) to work on /home/airflow/.local/lib/python3.12/site-packages/airflow/example_dags/example_task_group.py
[2025-02-04T14:51:53.542+0000] {processor.py:914} INFO - Processing file /home/airflow/.local/lib/python3.12/site-packages/airflow/example_dags/example_task_group.py for tasks to queue
[2025-02-04T14:51:53.559+0000] {logging_mixin.py:190} INFO - [2025-02-04T14:51:53.558+0000] {dagbag.py:588} INFO - Filling up the DagBag from /home/airflow/.local/lib/python3.12/site-packages/airflow/example_dags/example_task_group.py
[2025-02-04T14:51:53.652+0000] {processor.py:925} INFO - DAG(s) 'example_task_group' retrieved from /home/airflow/.local/lib/python3.12/site-packages/airflow/example_dags/example_task_group.py
[2025-02-04T14:51:53.852+0000] {logging_mixin.py:190} INFO - [2025-02-04T14:51:53.851+0000] {dag.py:3239} INFO - Sync 1 DAGs
[2025-02-04T14:51:54.028+0000] {logging_mixin.py:190} INFO - [2025-02-04T14:51:54.016+0000] {dag.py:4180} INFO - Setting next_dagrun for example_task_group to None, run_after=None
[2025-02-04T14:51:54.190+0000] {processor.py:208} INFO - Processing /home/airflow/.local/lib/python3.12/site-packages/airflow/example_dags/example_task_group.py took 0.731 seconds
[2025-02-04T14:52:44.467+0000] {processor.py:186} INFO - Started process (PID=453) to work on /home/airflow/.local/lib/python3.12/site-packages/airflow/example_dags/example_task_group.py
[2025-02-04T14:52:44.470+0000] {processor.py:914} INFO - Processing file /home/airflow/.local/lib/python3.12/site-packages/airflow/example_dags/example_task_group.py for tasks to queue
[2025-02-04T14:52:44.484+0000] {logging_mixin.py:190} INFO - [2025-02-04T14:52:44.483+0000] {dagbag.py:588} INFO - Filling up the DagBag from /home/airflow/.local/lib/python3.12/site-packages/airflow/example_dags/example_task_group.py
[2025-02-04T14:52:44.519+0000] {processor.py:925} INFO - DAG(s) 'example_task_group' retrieved from /home/airflow/.local/lib/python3.12/site-packages/airflow/example_dags/example_task_group.py
[2025-02-04T14:52:44.575+0000] {logging_mixin.py:190} INFO - [2025-02-04T14:52:44.574+0000] {dag.py:3239} INFO - Sync 1 DAGs
[2025-02-04T14:52:44.622+0000] {logging_mixin.py:190} INFO - [2025-02-04T14:52:44.622+0000] {dag.py:4180} INFO - Setting next_dagrun for example_task_group to None, run_after=None
[2025-02-04T14:52:44.659+0000] {processor.py:208} INFO - Processing /home/airflow/.local/lib/python3.12/site-packages/airflow/example_dags/example_task_group.py took 0.218 seconds
[2025-02-04T14:53:15.506+0000] {processor.py:186} INFO - Started process (PID=522) to work on /home/airflow/.local/lib/python3.12/site-packages/airflow/example_dags/example_task_group.py
[2025-02-04T14:53:15.519+0000] {processor.py:914} INFO - Processing file /home/airflow/.local/lib/python3.12/site-packages/airflow/example_dags/example_task_group.py for tasks to queue
[2025-02-04T14:53:15.526+0000] {logging_mixin.py:190} INFO - [2025-02-04T14:53:15.525+0000] {dagbag.py:588} INFO - Filling up the DagBag from /home/airflow/.local/lib/python3.12/site-packages/airflow/example_dags/example_task_group.py
[2025-02-04T14:53:15.547+0000] {processor.py:925} INFO - DAG(s) 'example_task_group' retrieved from /home/airflow/.local/lib/python3.12/site-packages/airflow/example_dags/example_task_group.py
[2025-02-04T14:53:15.594+0000] {logging_mixin.py:190} INFO - [2025-02-04T14:53:15.593+0000] {dag.py:3239} INFO - Sync 1 DAGs
[2025-02-04T14:53:15.628+0000] {logging_mixin.py:190} INFO - [2025-02-04T14:53:15.627+0000] {dag.py:4180} INFO - Setting next_dagrun for example_task_group to None, run_after=None
[2025-02-04T14:53:15.668+0000] {processor.py:208} INFO - Processing /home/airflow/.local/lib/python3.12/site-packages/airflow/example_dags/example_task_group.py took 0.184 seconds
[2025-02-04T14:53:46.552+0000] {processor.py:186} INFO - Started process (PID=588) to work on /home/airflow/.local/lib/python3.12/site-packages/airflow/example_dags/example_task_group.py
[2025-02-04T14:53:46.554+0000] {processor.py:914} INFO - Processing file /home/airflow/.local/lib/python3.12/site-packages/airflow/example_dags/example_task_group.py for tasks to queue
[2025-02-04T14:53:46.558+0000] {logging_mixin.py:190} INFO - [2025-02-04T14:53:46.558+0000] {dagbag.py:588} INFO - Filling up the DagBag from /home/airflow/.local/lib/python3.12/site-packages/airflow/example_dags/example_task_group.py
[2025-02-04T14:53:46.578+0000] {processor.py:925} INFO - DAG(s) 'example_task_group' retrieved from /home/airflow/.local/lib/python3.12/site-packages/airflow/example_dags/example_task_group.py
[2025-02-04T14:53:46.627+0000] {logging_mixin.py:190} INFO - [2025-02-04T14:53:46.626+0000] {dag.py:3239} INFO - Sync 1 DAGs
[2025-02-04T14:53:46.659+0000] {logging_mixin.py:190} INFO - [2025-02-04T14:53:46.659+0000] {dag.py:4180} INFO - Setting next_dagrun for example_task_group to None, run_after=None
[2025-02-04T14:53:46.690+0000] {processor.py:208} INFO - Processing /home/airflow/.local/lib/python3.12/site-packages/airflow/example_dags/example_task_group.py took 0.151 seconds
[2025-02-04T14:54:17.067+0000] {processor.py:186} INFO - Started process (PID=653) to work on /home/airflow/.local/lib/python3.12/site-packages/airflow/example_dags/example_task_group.py
[2025-02-04T14:54:17.071+0000] {processor.py:914} INFO - Processing file /home/airflow/.local/lib/python3.12/site-packages/airflow/example_dags/example_task_group.py for tasks to queue
[2025-02-04T14:54:17.078+0000] {logging_mixin.py:190} INFO - [2025-02-04T14:54:17.077+0000] {dagbag.py:588} INFO - Filling up the DagBag from /home/airflow/.local/lib/python3.12/site-packages/airflow/example_dags/example_task_group.py
[2025-02-04T14:54:17.128+0000] {processor.py:925} INFO - DAG(s) 'example_task_group' retrieved from /home/airflow/.local/lib/python3.12/site-packages/airflow/example_dags/example_task_group.py
[2025-02-04T14:54:17.214+0000] {logging_mixin.py:190} INFO - [2025-02-04T14:54:17.213+0000] {dag.py:3239} INFO - Sync 1 DAGs
[2025-02-04T14:54:17.263+0000] {logging_mixin.py:190} INFO - [2025-02-04T14:54:17.263+0000] {dag.py:4180} INFO - Setting next_dagrun for example_task_group to None, run_after=None
[2025-02-04T14:54:17.359+0000] {processor.py:208} INFO - Processing /home/airflow/.local/lib/python3.12/site-packages/airflow/example_dags/example_task_group.py took 0.324 seconds
[2025-02-04T14:54:47.667+0000] {processor.py:186} INFO - Started process (PID=722) to work on /home/airflow/.local/lib/python3.12/site-packages/airflow/example_dags/example_task_group.py
[2025-02-04T14:54:47.669+0000] {processor.py:914} INFO - Processing file /home/airflow/.local/lib/python3.12/site-packages/airflow/example_dags/example_task_group.py for tasks to queue
[2025-02-04T14:54:47.673+0000] {logging_mixin.py:190} INFO - [2025-02-04T14:54:47.672+0000] {dagbag.py:588} INFO - Filling up the DagBag from /home/airflow/.local/lib/python3.12/site-packages/airflow/example_dags/example_task_group.py
[2025-02-04T14:54:47.686+0000] {processor.py:925} INFO - DAG(s) 'example_task_group' retrieved from /home/airflow/.local/lib/python3.12/site-packages/airflow/example_dags/example_task_group.py
[2025-02-04T14:54:47.723+0000] {logging_mixin.py:190} INFO - [2025-02-04T14:54:47.723+0000] {dag.py:3239} INFO - Sync 1 DAGs
[2025-02-04T14:54:47.751+0000] {logging_mixin.py:190} INFO - [2025-02-04T14:54:47.751+0000] {dag.py:4180} INFO - Setting next_dagrun for example_task_group to None, run_after=None
[2025-02-04T14:54:47.778+0000] {processor.py:208} INFO - Processing /home/airflow/.local/lib/python3.12/site-packages/airflow/example_dags/example_task_group.py took 0.120 seconds
[2025-02-04T14:55:18.287+0000] {processor.py:186} INFO - Started process (PID=787) to work on /home/airflow/.local/lib/python3.12/site-packages/airflow/example_dags/example_task_group.py
[2025-02-04T14:55:18.289+0000] {processor.py:914} INFO - Processing file /home/airflow/.local/lib/python3.12/site-packages/airflow/example_dags/example_task_group.py for tasks to queue
[2025-02-04T14:55:18.293+0000] {logging_mixin.py:190} INFO - [2025-02-04T14:55:18.292+0000] {dagbag.py:588} INFO - Filling up the DagBag from /home/airflow/.local/lib/python3.12/site-packages/airflow/example_dags/example_task_group.py
[2025-02-04T14:55:18.308+0000] {processor.py:925} INFO - DAG(s) 'example_task_group' retrieved from /home/airflow/.local/lib/python3.12/site-packages/airflow/example_dags/example_task_group.py
[2025-02-04T14:55:18.346+0000] {logging_mixin.py:190} INFO - [2025-02-04T14:55:18.345+0000] {dag.py:3239} INFO - Sync 1 DAGs
[2025-02-04T14:55:18.373+0000] {logging_mixin.py:190} INFO - [2025-02-04T14:55:18.372+0000] {dag.py:4180} INFO - Setting next_dagrun for example_task_group to None, run_after=None
[2025-02-04T14:55:18.405+0000] {processor.py:208} INFO - Processing /home/airflow/.local/lib/python3.12/site-packages/airflow/example_dags/example_task_group.py took 0.129 seconds
[2025-02-04T14:55:57.052+0000] {processor.py:186} INFO - Started process (PID=854) to work on /home/airflow/.local/lib/python3.12/site-packages/airflow/example_dags/example_task_group.py
[2025-02-04T14:55:57.060+0000] {processor.py:914} INFO - Processing file /home/airflow/.local/lib/python3.12/site-packages/airflow/example_dags/example_task_group.py for tasks to queue
[2025-02-04T14:55:57.076+0000] {logging_mixin.py:190} INFO - [2025-02-04T14:55:57.070+0000] {dagbag.py:588} INFO - Filling up the DagBag from /home/airflow/.local/lib/python3.12/site-packages/airflow/example_dags/example_task_group.py
[2025-02-04T14:55:57.242+0000] {processor.py:925} INFO - DAG(s) 'example_task_group' retrieved from /home/airflow/.local/lib/python3.12/site-packages/airflow/example_dags/example_task_group.py
[2025-02-04T14:55:57.410+0000] {logging_mixin.py:190} INFO - [2025-02-04T14:55:57.410+0000] {dag.py:3239} INFO - Sync 1 DAGs
[2025-02-04T14:55:57.598+0000] {logging_mixin.py:190} INFO - [2025-02-04T14:55:57.597+0000] {dag.py:4180} INFO - Setting next_dagrun for example_task_group to None, run_after=None
[2025-02-04T14:55:57.693+0000] {processor.py:208} INFO - Processing /home/airflow/.local/lib/python3.12/site-packages/airflow/example_dags/example_task_group.py took 0.676 seconds
[2025-02-04T14:56:28.616+0000] {processor.py:186} INFO - Started process (PID=918) to work on /home/airflow/.local/lib/python3.12/site-packages/airflow/example_dags/example_task_group.py
[2025-02-04T14:56:28.630+0000] {processor.py:914} INFO - Processing file /home/airflow/.local/lib/python3.12/site-packages/airflow/example_dags/example_task_group.py for tasks to queue
[2025-02-04T14:56:28.674+0000] {logging_mixin.py:190} INFO - [2025-02-04T14:56:28.670+0000] {dagbag.py:588} INFO - Filling up the DagBag from /home/airflow/.local/lib/python3.12/site-packages/airflow/example_dags/example_task_group.py
[2025-02-04T14:56:28.807+0000] {processor.py:925} INFO - DAG(s) 'example_task_group' retrieved from /home/airflow/.local/lib/python3.12/site-packages/airflow/example_dags/example_task_group.py
[2025-02-04T14:56:28.953+0000] {logging_mixin.py:190} INFO - [2025-02-04T14:56:28.953+0000] {dag.py:3239} INFO - Sync 1 DAGs
[2025-02-04T14:56:29.020+0000] {logging_mixin.py:190} INFO - [2025-02-04T14:56:29.019+0000] {dag.py:4180} INFO - Setting next_dagrun for example_task_group to None, run_after=None
[2025-02-04T14:56:29.210+0000] {processor.py:208} INFO - Processing /home/airflow/.local/lib/python3.12/site-packages/airflow/example_dags/example_task_group.py took 0.618 seconds
[2025-02-04T14:56:59.708+0000] {processor.py:186} INFO - Started process (PID=982) to work on /home/airflow/.local/lib/python3.12/site-packages/airflow/example_dags/example_task_group.py
[2025-02-04T14:56:59.709+0000] {processor.py:914} INFO - Processing file /home/airflow/.local/lib/python3.12/site-packages/airflow/example_dags/example_task_group.py for tasks to queue
[2025-02-04T14:56:59.714+0000] {logging_mixin.py:190} INFO - [2025-02-04T14:56:59.713+0000] {dagbag.py:588} INFO - Filling up the DagBag from /home/airflow/.local/lib/python3.12/site-packages/airflow/example_dags/example_task_group.py
[2025-02-04T14:56:59.731+0000] {processor.py:925} INFO - DAG(s) 'example_task_group' retrieved from /home/airflow/.local/lib/python3.12/site-packages/airflow/example_dags/example_task_group.py
[2025-02-04T14:56:59.767+0000] {logging_mixin.py:190} INFO - [2025-02-04T14:56:59.767+0000] {dag.py:3239} INFO - Sync 1 DAGs
[2025-02-04T14:56:59.791+0000] {logging_mixin.py:190} INFO - [2025-02-04T14:56:59.791+0000] {dag.py:4180} INFO - Setting next_dagrun for example_task_group to None, run_after=None
[2025-02-04T14:56:59.821+0000] {processor.py:208} INFO - Processing /home/airflow/.local/lib/python3.12/site-packages/airflow/example_dags/example_task_group.py took 0.123 seconds
[2025-02-04T14:57:30.028+0000] {processor.py:186} INFO - Started process (PID=1046) to work on /home/airflow/.local/lib/python3.12/site-packages/airflow/example_dags/example_task_group.py
[2025-02-04T14:57:30.029+0000] {processor.py:914} INFO - Processing file /home/airflow/.local/lib/python3.12/site-packages/airflow/example_dags/example_task_group.py for tasks to queue
[2025-02-04T14:57:30.034+0000] {logging_mixin.py:190} INFO - [2025-02-04T14:57:30.034+0000] {dagbag.py:588} INFO - Filling up the DagBag from /home/airflow/.local/lib/python3.12/site-packages/airflow/example_dags/example_task_group.py
[2025-02-04T14:57:30.054+0000] {processor.py:925} INFO - DAG(s) 'example_task_group' retrieved from /home/airflow/.local/lib/python3.12/site-packages/airflow/example_dags/example_task_group.py
[2025-02-04T14:57:30.108+0000] {logging_mixin.py:190} INFO - [2025-02-04T14:57:30.108+0000] {dag.py:3239} INFO - Sync 1 DAGs
[2025-02-04T14:57:30.141+0000] {logging_mixin.py:190} INFO - [2025-02-04T14:57:30.140+0000] {dag.py:4180} INFO - Setting next_dagrun for example_task_group to None, run_after=None
[2025-02-04T14:57:30.180+0000] {processor.py:208} INFO - Processing /home/airflow/.local/lib/python3.12/site-packages/airflow/example_dags/example_task_group.py took 0.161 seconds
[2025-02-04T14:58:00.867+0000] {processor.py:186} INFO - Started process (PID=1110) to work on /home/airflow/.local/lib/python3.12/site-packages/airflow/example_dags/example_task_group.py
[2025-02-04T14:58:00.869+0000] {processor.py:914} INFO - Processing file /home/airflow/.local/lib/python3.12/site-packages/airflow/example_dags/example_task_group.py for tasks to queue
[2025-02-04T14:58:00.875+0000] {logging_mixin.py:190} INFO - [2025-02-04T14:58:00.874+0000] {dagbag.py:588} INFO - Filling up the DagBag from /home/airflow/.local/lib/python3.12/site-packages/airflow/example_dags/example_task_group.py
[2025-02-04T14:58:00.894+0000] {processor.py:925} INFO - DAG(s) 'example_task_group' retrieved from /home/airflow/.local/lib/python3.12/site-packages/airflow/example_dags/example_task_group.py
[2025-02-04T14:58:00.937+0000] {logging_mixin.py:190} INFO - [2025-02-04T14:58:00.936+0000] {dag.py:3239} INFO - Sync 1 DAGs
[2025-02-04T14:58:00.968+0000] {logging_mixin.py:190} INFO - [2025-02-04T14:58:00.968+0000] {dag.py:4180} INFO - Setting next_dagrun for example_task_group to None, run_after=None
[2025-02-04T14:58:01.004+0000] {processor.py:208} INFO - Processing /home/airflow/.local/lib/python3.12/site-packages/airflow/example_dags/example_task_group.py took 0.150 seconds
[2025-02-04T14:58:32.125+0000] {processor.py:186} INFO - Started process (PID=1175) to work on /home/airflow/.local/lib/python3.12/site-packages/airflow/example_dags/example_task_group.py
[2025-02-04T14:58:32.127+0000] {processor.py:914} INFO - Processing file /home/airflow/.local/lib/python3.12/site-packages/airflow/example_dags/example_task_group.py for tasks to queue
[2025-02-04T14:58:32.132+0000] {logging_mixin.py:190} INFO - [2025-02-04T14:58:32.131+0000] {dagbag.py:588} INFO - Filling up the DagBag from /home/airflow/.local/lib/python3.12/site-packages/airflow/example_dags/example_task_group.py
[2025-02-04T14:58:32.146+0000] {processor.py:925} INFO - DAG(s) 'example_task_group' retrieved from /home/airflow/.local/lib/python3.12/site-packages/airflow/example_dags/example_task_group.py
[2025-02-04T14:58:32.183+0000] {logging_mixin.py:190} INFO - [2025-02-04T14:58:32.183+0000] {dag.py:3239} INFO - Sync 1 DAGs
[2025-02-04T14:58:32.207+0000] {logging_mixin.py:190} INFO - [2025-02-04T14:58:32.207+0000] {dag.py:4180} INFO - Setting next_dagrun for example_task_group to None, run_after=None
[2025-02-04T14:58:32.243+0000] {processor.py:208} INFO - Processing /home/airflow/.local/lib/python3.12/site-packages/airflow/example_dags/example_task_group.py took 0.133 seconds
[2025-02-04T14:59:03.168+0000] {processor.py:186} INFO - Started process (PID=1240) to work on /home/airflow/.local/lib/python3.12/site-packages/airflow/example_dags/example_task_group.py
[2025-02-04T14:59:03.170+0000] {processor.py:914} INFO - Processing file /home/airflow/.local/lib/python3.12/site-packages/airflow/example_dags/example_task_group.py for tasks to queue
[2025-02-04T14:59:03.174+0000] {logging_mixin.py:190} INFO - [2025-02-04T14:59:03.173+0000] {dagbag.py:588} INFO - Filling up the DagBag from /home/airflow/.local/lib/python3.12/site-packages/airflow/example_dags/example_task_group.py
[2025-02-04T14:59:03.186+0000] {processor.py:925} INFO - DAG(s) 'example_task_group' retrieved from /home/airflow/.local/lib/python3.12/site-packages/airflow/example_dags/example_task_group.py
[2025-02-04T14:59:03.215+0000] {logging_mixin.py:190} INFO - [2025-02-04T14:59:03.215+0000] {dag.py:3239} INFO - Sync 1 DAGs
[2025-02-04T14:59:03.236+0000] {logging_mixin.py:190} INFO - [2025-02-04T14:59:03.236+0000] {dag.py:4180} INFO - Setting next_dagrun for example_task_group to None, run_after=None
[2025-02-04T14:59:03.265+0000] {processor.py:208} INFO - Processing /home/airflow/.local/lib/python3.12/site-packages/airflow/example_dags/example_task_group.py took 0.106 seconds
[2025-02-04T14:59:38.112+0000] {processor.py:186} INFO - Started process (PID=1304) to work on /home/airflow/.local/lib/python3.12/site-packages/airflow/example_dags/example_task_group.py
[2025-02-04T14:59:38.114+0000] {processor.py:914} INFO - Processing file /home/airflow/.local/lib/python3.12/site-packages/airflow/example_dags/example_task_group.py for tasks to queue
[2025-02-04T14:59:38.119+0000] {logging_mixin.py:190} INFO - [2025-02-04T14:59:38.118+0000] {dagbag.py:588} INFO - Filling up the DagBag from /home/airflow/.local/lib/python3.12/site-packages/airflow/example_dags/example_task_group.py
[2025-02-04T14:59:38.135+0000] {processor.py:925} INFO - DAG(s) 'example_task_group' retrieved from /home/airflow/.local/lib/python3.12/site-packages/airflow/example_dags/example_task_group.py
[2025-02-04T14:59:38.173+0000] {logging_mixin.py:190} INFO - [2025-02-04T14:59:38.173+0000] {dag.py:3239} INFO - Sync 1 DAGs
[2025-02-04T14:59:38.200+0000] {logging_mixin.py:190} INFO - [2025-02-04T14:59:38.199+0000] {dag.py:4180} INFO - Setting next_dagrun for example_task_group to None, run_after=None
[2025-02-04T14:59:38.236+0000] {processor.py:208} INFO - Processing /home/airflow/.local/lib/python3.12/site-packages/airflow/example_dags/example_task_group.py took 0.135 seconds
[2025-02-04T15:00:08.596+0000] {processor.py:186} INFO - Started process (PID=1369) to work on /home/airflow/.local/lib/python3.12/site-packages/airflow/example_dags/example_task_group.py
[2025-02-04T15:00:08.600+0000] {processor.py:914} INFO - Processing file /home/airflow/.local/lib/python3.12/site-packages/airflow/example_dags/example_task_group.py for tasks to queue
[2025-02-04T15:00:08.604+0000] {logging_mixin.py:190} INFO - [2025-02-04T15:00:08.604+0000] {dagbag.py:588} INFO - Filling up the DagBag from /home/airflow/.local/lib/python3.12/site-packages/airflow/example_dags/example_task_group.py
[2025-02-04T15:00:08.636+0000] {processor.py:925} INFO - DAG(s) 'example_task_group' retrieved from /home/airflow/.local/lib/python3.12/site-packages/airflow/example_dags/example_task_group.py
[2025-02-04T15:00:08.715+0000] {logging_mixin.py:190} INFO - [2025-02-04T15:00:08.715+0000] {dag.py:3239} INFO - Sync 1 DAGs
[2025-02-04T15:00:08.759+0000] {logging_mixin.py:190} INFO - [2025-02-04T15:00:08.759+0000] {dag.py:4180} INFO - Setting next_dagrun for example_task_group to None, run_after=None
[2025-02-04T15:00:08.801+0000] {processor.py:208} INFO - Processing /home/airflow/.local/lib/python3.12/site-packages/airflow/example_dags/example_task_group.py took 0.221 seconds
[2025-02-04T15:00:39.775+0000] {processor.py:186} INFO - Started process (PID=1433) to work on /home/airflow/.local/lib/python3.12/site-packages/airflow/example_dags/example_task_group.py
[2025-02-04T15:00:39.777+0000] {processor.py:914} INFO - Processing file /home/airflow/.local/lib/python3.12/site-packages/airflow/example_dags/example_task_group.py for tasks to queue
[2025-02-04T15:00:39.782+0000] {logging_mixin.py:190} INFO - [2025-02-04T15:00:39.781+0000] {dagbag.py:588} INFO - Filling up the DagBag from /home/airflow/.local/lib/python3.12/site-packages/airflow/example_dags/example_task_group.py
[2025-02-04T15:00:39.800+0000] {processor.py:925} INFO - DAG(s) 'example_task_group' retrieved from /home/airflow/.local/lib/python3.12/site-packages/airflow/example_dags/example_task_group.py
[2025-02-04T15:00:39.851+0000] {logging_mixin.py:190} INFO - [2025-02-04T15:00:39.850+0000] {dag.py:3239} INFO - Sync 1 DAGs
[2025-02-04T15:00:39.883+0000] {logging_mixin.py:190} INFO - [2025-02-04T15:00:39.882+0000] {dag.py:4180} INFO - Setting next_dagrun for example_task_group to None, run_after=None
[2025-02-04T15:00:39.934+0000] {processor.py:208} INFO - Processing /home/airflow/.local/lib/python3.12/site-packages/airflow/example_dags/example_task_group.py took 0.172 seconds
[2025-02-04T15:01:11.934+0000] {processor.py:186} INFO - Started process (PID=1499) to work on /home/airflow/.local/lib/python3.12/site-packages/airflow/example_dags/example_task_group.py
[2025-02-04T15:01:11.935+0000] {processor.py:914} INFO - Processing file /home/airflow/.local/lib/python3.12/site-packages/airflow/example_dags/example_task_group.py for tasks to queue
[2025-02-04T15:01:11.940+0000] {logging_mixin.py:190} INFO - [2025-02-04T15:01:11.939+0000] {dagbag.py:588} INFO - Filling up the DagBag from /home/airflow/.local/lib/python3.12/site-packages/airflow/example_dags/example_task_group.py
[2025-02-04T15:01:11.955+0000] {processor.py:925} INFO - DAG(s) 'example_task_group' retrieved from /home/airflow/.local/lib/python3.12/site-packages/airflow/example_dags/example_task_group.py
[2025-02-04T15:01:11.997+0000] {logging_mixin.py:190} INFO - [2025-02-04T15:01:11.996+0000] {dag.py:3239} INFO - Sync 1 DAGs
[2025-02-04T15:01:12.024+0000] {logging_mixin.py:190} INFO - [2025-02-04T15:01:12.024+0000] {dag.py:4180} INFO - Setting next_dagrun for example_task_group to None, run_after=None
[2025-02-04T15:01:12.057+0000] {processor.py:208} INFO - Processing /home/airflow/.local/lib/python3.12/site-packages/airflow/example_dags/example_task_group.py took 0.135 seconds
