[2025-02-04T14:07:15.489+0000] {processor.py:186} INFO - Started process (PID=95) to work on /home/airflow/.local/lib/python3.12/site-packages/airflow/example_dags/example_sla_dag.py
[2025-02-04T14:07:15.492+0000] {processor.py:914} INFO - Processing file /home/airflow/.local/lib/python3.12/site-packages/airflow/example_dags/example_sla_dag.py for tasks to queue
[2025-02-04T14:07:15.575+0000] {logging_mixin.py:190} INFO - [2025-02-04T14:07:15.574+0000] {dagbag.py:588} INFO - Filling up the DagBag from /home/airflow/.local/lib/python3.12/site-packages/airflow/example_dags/example_sla_dag.py
[2025-02-04T14:07:15.689+0000] {processor.py:925} INFO - DAG(s) 'example_sla_dag' retrieved from /home/airflow/.local/lib/python3.12/site-packages/airflow/example_dags/example_sla_dag.py
[2025-02-04T14:07:16.791+0000] {logging_mixin.py:190} INFO - [2025-02-04T14:07:16.790+0000] {override.py:1911} INFO - Created Permission View: can delete on DAG:example_sla_dag
[2025-02-04T14:07:16.929+0000] {logging_mixin.py:190} INFO - [2025-02-04T14:07:16.929+0000] {override.py:1911} INFO - Created Permission View: can read on DAG:example_sla_dag
[2025-02-04T14:07:17.035+0000] {logging_mixin.py:190} INFO - [2025-02-04T14:07:17.034+0000] {override.py:1911} INFO - Created Permission View: can edit on DAG:example_sla_dag
[2025-02-04T14:07:17.232+0000] {logging_mixin.py:190} INFO - [2025-02-04T14:07:17.231+0000] {override.py:1911} INFO - Created Permission View: can delete on DAG Run:example_sla_dag
[2025-02-04T14:07:17.318+0000] {logging_mixin.py:190} INFO - [2025-02-04T14:07:17.317+0000] {override.py:1911} INFO - Created Permission View: menu access on DAG Run:example_sla_dag
[2025-02-04T14:07:17.387+0000] {logging_mixin.py:190} INFO - [2025-02-04T14:07:17.386+0000] {override.py:1911} INFO - Created Permission View: can read on DAG Run:example_sla_dag
[2025-02-04T14:07:17.438+0000] {logging_mixin.py:190} INFO - [2025-02-04T14:07:17.437+0000] {override.py:1911} INFO - Created Permission View: can create on DAG Run:example_sla_dag
[2025-02-04T14:07:17.448+0000] {logging_mixin.py:190} INFO - [2025-02-04T14:07:17.447+0000] {dag.py:3239} INFO - Sync 1 DAGs
[2025-02-04T14:07:17.520+0000] {logging_mixin.py:190} INFO - [2025-02-04T14:07:17.519+0000] {dag.py:3262} INFO - Creating ORM DAG for example_sla_dag
[2025-02-04T14:07:17.719+0000] {logging_mixin.py:190} INFO - [2025-02-04T14:07:17.719+0000] {dag.py:4180} INFO - Setting next_dagrun for example_sla_dag to 2025-02-04 14:04:00+00:00, run_after=2025-02-04 14:06:00+00:00
[2025-02-04T14:07:17.846+0000] {processor.py:208} INFO - Processing /home/airflow/.local/lib/python3.12/site-packages/airflow/example_dags/example_sla_dag.py took 2.420 seconds
[2025-02-04T14:08:27.506+0000] {processor.py:186} INFO - Started process (PID=164) to work on /home/airflow/.local/lib/python3.12/site-packages/airflow/example_dags/example_sla_dag.py
[2025-02-04T14:08:27.510+0000] {processor.py:914} INFO - Processing file /home/airflow/.local/lib/python3.12/site-packages/airflow/example_dags/example_sla_dag.py for tasks to queue
[2025-02-04T14:08:27.528+0000] {logging_mixin.py:190} INFO - [2025-02-04T14:08:27.527+0000] {dagbag.py:588} INFO - Filling up the DagBag from /home/airflow/.local/lib/python3.12/site-packages/airflow/example_dags/example_sla_dag.py
[2025-02-04T14:08:27.582+0000] {processor.py:925} INFO - DAG(s) 'example_sla_dag' retrieved from /home/airflow/.local/lib/python3.12/site-packages/airflow/example_dags/example_sla_dag.py
[2025-02-04T14:08:27.713+0000] {logging_mixin.py:190} INFO - [2025-02-04T14:08:27.712+0000] {dag.py:3239} INFO - Sync 1 DAGs
[2025-02-04T14:08:27.825+0000] {logging_mixin.py:190} INFO - [2025-02-04T14:08:27.824+0000] {dag.py:4180} INFO - Setting next_dagrun for example_sla_dag to 2025-02-04 14:06:00+00:00, run_after=2025-02-04 14:08:00+00:00
[2025-02-04T14:08:28.040+0000] {processor.py:208} INFO - Processing /home/airflow/.local/lib/python3.12/site-packages/airflow/example_dags/example_sla_dag.py took 0.548 seconds
[2025-02-04T14:08:59.362+0000] {processor.py:186} INFO - Started process (PID=228) to work on /home/airflow/.local/lib/python3.12/site-packages/airflow/example_dags/example_sla_dag.py
[2025-02-04T14:08:59.364+0000] {processor.py:914} INFO - Processing file /home/airflow/.local/lib/python3.12/site-packages/airflow/example_dags/example_sla_dag.py for tasks to queue
[2025-02-04T14:08:59.368+0000] {logging_mixin.py:190} INFO - [2025-02-04T14:08:59.367+0000] {dagbag.py:588} INFO - Filling up the DagBag from /home/airflow/.local/lib/python3.12/site-packages/airflow/example_dags/example_sla_dag.py
[2025-02-04T14:08:59.385+0000] {processor.py:925} INFO - DAG(s) 'example_sla_dag' retrieved from /home/airflow/.local/lib/python3.12/site-packages/airflow/example_dags/example_sla_dag.py
[2025-02-04T14:08:59.418+0000] {logging_mixin.py:190} INFO - [2025-02-04T14:08:59.417+0000] {dag.py:3239} INFO - Sync 1 DAGs
[2025-02-04T14:08:59.464+0000] {logging_mixin.py:190} INFO - [2025-02-04T14:08:59.464+0000] {dag.py:4180} INFO - Setting next_dagrun for example_sla_dag to 2025-02-04 14:06:00+00:00, run_after=2025-02-04 14:08:00+00:00
[2025-02-04T14:08:59.497+0000] {processor.py:208} INFO - Processing /home/airflow/.local/lib/python3.12/site-packages/airflow/example_dags/example_sla_dag.py took 0.147 seconds
[2025-02-04T14:09:31.565+0000] {processor.py:186} INFO - Started process (PID=297) to work on /home/airflow/.local/lib/python3.12/site-packages/airflow/example_dags/example_sla_dag.py
[2025-02-04T14:09:31.567+0000] {processor.py:914} INFO - Processing file /home/airflow/.local/lib/python3.12/site-packages/airflow/example_dags/example_sla_dag.py for tasks to queue
[2025-02-04T14:09:31.571+0000] {logging_mixin.py:190} INFO - [2025-02-04T14:09:31.570+0000] {dagbag.py:588} INFO - Filling up the DagBag from /home/airflow/.local/lib/python3.12/site-packages/airflow/example_dags/example_sla_dag.py
[2025-02-04T14:09:31.608+0000] {processor.py:925} INFO - DAG(s) 'example_sla_dag' retrieved from /home/airflow/.local/lib/python3.12/site-packages/airflow/example_dags/example_sla_dag.py
[2025-02-04T14:09:31.691+0000] {logging_mixin.py:190} INFO - [2025-02-04T14:09:31.691+0000] {dag.py:3239} INFO - Sync 1 DAGs
[2025-02-04T14:09:31.762+0000] {logging_mixin.py:190} INFO - [2025-02-04T14:09:31.762+0000] {dag.py:4180} INFO - Setting next_dagrun for example_sla_dag to 2025-02-04 14:06:00+00:00, run_after=2025-02-04 14:08:00+00:00
[2025-02-04T14:09:31.809+0000] {processor.py:208} INFO - Processing /home/airflow/.local/lib/python3.12/site-packages/airflow/example_dags/example_sla_dag.py took 0.258 seconds
[2025-02-04T14:10:02.039+0000] {processor.py:186} INFO - Started process (PID=355) to work on /home/airflow/.local/lib/python3.12/site-packages/airflow/example_dags/example_sla_dag.py
[2025-02-04T14:10:02.041+0000] {processor.py:914} INFO - Processing file /home/airflow/.local/lib/python3.12/site-packages/airflow/example_dags/example_sla_dag.py for tasks to queue
[2025-02-04T14:10:02.046+0000] {logging_mixin.py:190} INFO - [2025-02-04T14:10:02.045+0000] {dagbag.py:588} INFO - Filling up the DagBag from /home/airflow/.local/lib/python3.12/site-packages/airflow/example_dags/example_sla_dag.py
[2025-02-04T14:10:02.066+0000] {processor.py:925} INFO - DAG(s) 'example_sla_dag' retrieved from /home/airflow/.local/lib/python3.12/site-packages/airflow/example_dags/example_sla_dag.py
[2025-02-04T14:10:02.098+0000] {logging_mixin.py:190} INFO - [2025-02-04T14:10:02.098+0000] {dag.py:3239} INFO - Sync 1 DAGs
[2025-02-04T14:10:02.152+0000] {logging_mixin.py:190} INFO - [2025-02-04T14:10:02.152+0000] {dag.py:4180} INFO - Setting next_dagrun for example_sla_dag to 2025-02-04 14:08:00+00:00, run_after=2025-02-04 14:10:00+00:00
[2025-02-04T14:10:02.194+0000] {processor.py:208} INFO - Processing /home/airflow/.local/lib/python3.12/site-packages/airflow/example_dags/example_sla_dag.py took 0.165 seconds
[2025-02-04T14:10:49.504+0000] {processor.py:186} INFO - Started process (PID=425) to work on /home/airflow/.local/lib/python3.12/site-packages/airflow/example_dags/example_sla_dag.py
[2025-02-04T14:10:49.506+0000] {processor.py:914} INFO - Processing file /home/airflow/.local/lib/python3.12/site-packages/airflow/example_dags/example_sla_dag.py for tasks to queue
[2025-02-04T14:10:49.511+0000] {logging_mixin.py:190} INFO - [2025-02-04T14:10:49.510+0000] {dagbag.py:588} INFO - Filling up the DagBag from /home/airflow/.local/lib/python3.12/site-packages/airflow/example_dags/example_sla_dag.py
[2025-02-04T14:10:49.532+0000] {processor.py:925} INFO - DAG(s) 'example_sla_dag' retrieved from /home/airflow/.local/lib/python3.12/site-packages/airflow/example_dags/example_sla_dag.py
[2025-02-04T14:10:49.573+0000] {logging_mixin.py:190} INFO - [2025-02-04T14:10:49.572+0000] {dag.py:3239} INFO - Sync 1 DAGs
[2025-02-04T14:10:49.624+0000] {logging_mixin.py:190} INFO - [2025-02-04T14:10:49.624+0000] {dag.py:4180} INFO - Setting next_dagrun for example_sla_dag to 2025-02-04 14:08:00+00:00, run_after=2025-02-04 14:10:00+00:00
[2025-02-04T14:10:49.656+0000] {processor.py:208} INFO - Processing /home/airflow/.local/lib/python3.12/site-packages/airflow/example_dags/example_sla_dag.py took 0.165 seconds
[2025-02-04T14:11:23.240+0000] {processor.py:186} INFO - Started process (PID=489) to work on /home/airflow/.local/lib/python3.12/site-packages/airflow/example_dags/example_sla_dag.py
[2025-02-04T14:11:23.245+0000] {processor.py:914} INFO - Processing file /home/airflow/.local/lib/python3.12/site-packages/airflow/example_dags/example_sla_dag.py for tasks to queue
[2025-02-04T14:11:23.255+0000] {logging_mixin.py:190} INFO - [2025-02-04T14:11:23.254+0000] {dagbag.py:588} INFO - Filling up the DagBag from /home/airflow/.local/lib/python3.12/site-packages/airflow/example_dags/example_sla_dag.py
[2025-02-04T14:11:23.305+0000] {processor.py:925} INFO - DAG(s) 'example_sla_dag' retrieved from /home/airflow/.local/lib/python3.12/site-packages/airflow/example_dags/example_sla_dag.py
[2025-02-04T14:11:23.405+0000] {logging_mixin.py:190} INFO - [2025-02-04T14:11:23.405+0000] {dag.py:3239} INFO - Sync 1 DAGs
[2025-02-04T14:11:23.541+0000] {logging_mixin.py:190} INFO - [2025-02-04T14:11:23.540+0000] {dag.py:4180} INFO - Setting next_dagrun for example_sla_dag to 2025-02-04 14:08:00+00:00, run_after=2025-02-04 14:10:00+00:00
[2025-02-04T14:11:23.632+0000] {processor.py:208} INFO - Processing /home/airflow/.local/lib/python3.12/site-packages/airflow/example_dags/example_sla_dag.py took 0.407 seconds
[2025-02-04T14:18:37.586+0000] {processor.py:186} INFO - Started process (PID=86) to work on /home/airflow/.local/lib/python3.12/site-packages/airflow/example_dags/example_sla_dag.py
[2025-02-04T14:18:37.589+0000] {processor.py:914} INFO - Processing file /home/airflow/.local/lib/python3.12/site-packages/airflow/example_dags/example_sla_dag.py for tasks to queue
[2025-02-04T14:18:37.593+0000] {logging_mixin.py:190} INFO - [2025-02-04T14:18:37.593+0000] {dagbag.py:588} INFO - Filling up the DagBag from /home/airflow/.local/lib/python3.12/site-packages/airflow/example_dags/example_sla_dag.py
[2025-02-04T14:18:37.616+0000] {processor.py:925} INFO - DAG(s) 'example_sla_dag' retrieved from /home/airflow/.local/lib/python3.12/site-packages/airflow/example_dags/example_sla_dag.py
[2025-02-04T14:18:37.659+0000] {logging_mixin.py:190} INFO - [2025-02-04T14:18:37.659+0000] {dag.py:3239} INFO - Sync 1 DAGs
[2025-02-04T14:18:37.712+0000] {logging_mixin.py:190} INFO - [2025-02-04T14:18:37.711+0000] {dag.py:4180} INFO - Setting next_dagrun for example_sla_dag to 2025-02-04 14:16:00+00:00, run_after=2025-02-04 14:18:00+00:00
[2025-02-04T14:18:37.749+0000] {processor.py:208} INFO - Processing /home/airflow/.local/lib/python3.12/site-packages/airflow/example_dags/example_sla_dag.py took 0.174 seconds
[2025-02-04T14:19:08.916+0000] {processor.py:186} INFO - Started process (PID=150) to work on /home/airflow/.local/lib/python3.12/site-packages/airflow/example_dags/example_sla_dag.py
[2025-02-04T14:19:08.918+0000] {processor.py:914} INFO - Processing file /home/airflow/.local/lib/python3.12/site-packages/airflow/example_dags/example_sla_dag.py for tasks to queue
[2025-02-04T14:19:08.922+0000] {logging_mixin.py:190} INFO - [2025-02-04T14:19:08.921+0000] {dagbag.py:588} INFO - Filling up the DagBag from /home/airflow/.local/lib/python3.12/site-packages/airflow/example_dags/example_sla_dag.py
[2025-02-04T14:19:08.945+0000] {processor.py:925} INFO - DAG(s) 'example_sla_dag' retrieved from /home/airflow/.local/lib/python3.12/site-packages/airflow/example_dags/example_sla_dag.py
[2025-02-04T14:19:08.985+0000] {logging_mixin.py:190} INFO - [2025-02-04T14:19:08.985+0000] {dag.py:3239} INFO - Sync 1 DAGs
[2025-02-04T14:19:09.049+0000] {logging_mixin.py:190} INFO - [2025-02-04T14:19:09.048+0000] {dag.py:4180} INFO - Setting next_dagrun for example_sla_dag to 2025-02-04 14:16:00+00:00, run_after=2025-02-04 14:18:00+00:00
[2025-02-04T14:19:09.088+0000] {processor.py:208} INFO - Processing /home/airflow/.local/lib/python3.12/site-packages/airflow/example_dags/example_sla_dag.py took 0.182 seconds
[2025-02-04T14:19:40.583+0000] {processor.py:186} INFO - Started process (PID=219) to work on /home/airflow/.local/lib/python3.12/site-packages/airflow/example_dags/example_sla_dag.py
[2025-02-04T14:19:40.585+0000] {processor.py:914} INFO - Processing file /home/airflow/.local/lib/python3.12/site-packages/airflow/example_dags/example_sla_dag.py for tasks to queue
[2025-02-04T14:19:40.587+0000] {logging_mixin.py:190} INFO - [2025-02-04T14:19:40.587+0000] {dagbag.py:588} INFO - Filling up the DagBag from /home/airflow/.local/lib/python3.12/site-packages/airflow/example_dags/example_sla_dag.py
[2025-02-04T14:19:40.603+0000] {processor.py:925} INFO - DAG(s) 'example_sla_dag' retrieved from /home/airflow/.local/lib/python3.12/site-packages/airflow/example_dags/example_sla_dag.py
[2025-02-04T14:19:40.631+0000] {logging_mixin.py:190} INFO - [2025-02-04T14:19:40.631+0000] {dag.py:3239} INFO - Sync 1 DAGs
[2025-02-04T14:19:40.672+0000] {logging_mixin.py:190} INFO - [2025-02-04T14:19:40.671+0000] {dag.py:4180} INFO - Setting next_dagrun for example_sla_dag to 2025-02-04 14:16:00+00:00, run_after=2025-02-04 14:18:00+00:00
[2025-02-04T14:19:40.706+0000] {processor.py:208} INFO - Processing /home/airflow/.local/lib/python3.12/site-packages/airflow/example_dags/example_sla_dag.py took 0.131 seconds
[2025-02-04T14:20:11.680+0000] {processor.py:186} INFO - Started process (PID=291) to work on /home/airflow/.local/lib/python3.12/site-packages/airflow/example_dags/example_sla_dag.py
[2025-02-04T14:20:11.682+0000] {processor.py:914} INFO - Processing file /home/airflow/.local/lib/python3.12/site-packages/airflow/example_dags/example_sla_dag.py for tasks to queue
[2025-02-04T14:20:11.684+0000] {logging_mixin.py:190} INFO - [2025-02-04T14:20:11.684+0000] {dagbag.py:588} INFO - Filling up the DagBag from /home/airflow/.local/lib/python3.12/site-packages/airflow/example_dags/example_sla_dag.py
[2025-02-04T14:20:11.700+0000] {processor.py:925} INFO - DAG(s) 'example_sla_dag' retrieved from /home/airflow/.local/lib/python3.12/site-packages/airflow/example_dags/example_sla_dag.py
[2025-02-04T14:20:11.730+0000] {logging_mixin.py:190} INFO - [2025-02-04T14:20:11.730+0000] {dag.py:3239} INFO - Sync 1 DAGs
[2025-02-04T14:20:11.778+0000] {logging_mixin.py:190} INFO - [2025-02-04T14:20:11.778+0000] {dag.py:4180} INFO - Setting next_dagrun for example_sla_dag to 2025-02-04 14:18:00+00:00, run_after=2025-02-04 14:20:00+00:00
[2025-02-04T14:20:11.822+0000] {processor.py:208} INFO - Processing /home/airflow/.local/lib/python3.12/site-packages/airflow/example_dags/example_sla_dag.py took 0.154 seconds
[2025-02-04T14:20:50.391+0000] {processor.py:186} INFO - Started process (PID=361) to work on /home/airflow/.local/lib/python3.12/site-packages/airflow/example_dags/example_sla_dag.py
[2025-02-04T14:20:50.393+0000] {processor.py:914} INFO - Processing file /home/airflow/.local/lib/python3.12/site-packages/airflow/example_dags/example_sla_dag.py for tasks to queue
[2025-02-04T14:20:50.395+0000] {logging_mixin.py:190} INFO - [2025-02-04T14:20:50.395+0000] {dagbag.py:588} INFO - Filling up the DagBag from /home/airflow/.local/lib/python3.12/site-packages/airflow/example_dags/example_sla_dag.py
[2025-02-04T14:20:50.415+0000] {processor.py:925} INFO - DAG(s) 'example_sla_dag' retrieved from /home/airflow/.local/lib/python3.12/site-packages/airflow/example_dags/example_sla_dag.py
[2025-02-04T14:20:50.450+0000] {logging_mixin.py:190} INFO - [2025-02-04T14:20:50.449+0000] {dag.py:3239} INFO - Sync 1 DAGs
[2025-02-04T14:20:50.558+0000] {logging_mixin.py:190} INFO - [2025-02-04T14:20:50.558+0000] {dag.py:4180} INFO - Setting next_dagrun for example_sla_dag to 2025-02-04 14:18:00+00:00, run_after=2025-02-04 14:20:00+00:00
[2025-02-04T14:20:50.617+0000] {processor.py:208} INFO - Processing /home/airflow/.local/lib/python3.12/site-packages/airflow/example_dags/example_sla_dag.py took 0.238 seconds
[2025-02-04T14:21:21.474+0000] {processor.py:186} INFO - Started process (PID=434) to work on /home/airflow/.local/lib/python3.12/site-packages/airflow/example_dags/example_sla_dag.py
[2025-02-04T14:21:21.475+0000] {processor.py:914} INFO - Processing file /home/airflow/.local/lib/python3.12/site-packages/airflow/example_dags/example_sla_dag.py for tasks to queue
[2025-02-04T14:21:21.478+0000] {logging_mixin.py:190} INFO - [2025-02-04T14:21:21.477+0000] {dagbag.py:588} INFO - Filling up the DagBag from /home/airflow/.local/lib/python3.12/site-packages/airflow/example_dags/example_sla_dag.py
[2025-02-04T14:21:21.501+0000] {processor.py:925} INFO - DAG(s) 'example_sla_dag' retrieved from /home/airflow/.local/lib/python3.12/site-packages/airflow/example_dags/example_sla_dag.py
[2025-02-04T14:21:21.551+0000] {logging_mixin.py:190} INFO - [2025-02-04T14:21:21.550+0000] {dag.py:3239} INFO - Sync 1 DAGs
[2025-02-04T14:21:21.596+0000] {logging_mixin.py:190} INFO - [2025-02-04T14:21:21.596+0000] {dag.py:4180} INFO - Setting next_dagrun for example_sla_dag to 2025-02-04 14:18:00+00:00, run_after=2025-02-04 14:20:00+00:00
[2025-02-04T14:21:21.626+0000] {processor.py:208} INFO - Processing /home/airflow/.local/lib/python3.12/site-packages/airflow/example_dags/example_sla_dag.py took 0.161 seconds
[2025-02-04T14:21:53.976+0000] {processor.py:186} INFO - Started process (PID=499) to work on /home/airflow/.local/lib/python3.12/site-packages/airflow/example_dags/example_sla_dag.py
[2025-02-04T14:21:53.978+0000] {processor.py:914} INFO - Processing file /home/airflow/.local/lib/python3.12/site-packages/airflow/example_dags/example_sla_dag.py for tasks to queue
[2025-02-04T14:21:53.981+0000] {logging_mixin.py:190} INFO - [2025-02-04T14:21:53.980+0000] {dagbag.py:588} INFO - Filling up the DagBag from /home/airflow/.local/lib/python3.12/site-packages/airflow/example_dags/example_sla_dag.py
[2025-02-04T14:21:54.004+0000] {processor.py:925} INFO - DAG(s) 'example_sla_dag' retrieved from /home/airflow/.local/lib/python3.12/site-packages/airflow/example_dags/example_sla_dag.py
[2025-02-04T14:21:54.041+0000] {logging_mixin.py:190} INFO - [2025-02-04T14:21:54.041+0000] {dag.py:3239} INFO - Sync 1 DAGs
[2025-02-04T14:21:54.106+0000] {logging_mixin.py:190} INFO - [2025-02-04T14:21:54.106+0000] {dag.py:4180} INFO - Setting next_dagrun for example_sla_dag to 2025-02-04 14:18:00+00:00, run_after=2025-02-04 14:20:00+00:00
[2025-02-04T14:21:54.154+0000] {processor.py:208} INFO - Processing /home/airflow/.local/lib/python3.12/site-packages/airflow/example_dags/example_sla_dag.py took 0.196 seconds
[2025-02-04T14:22:25.100+0000] {processor.py:186} INFO - Started process (PID=571) to work on /home/airflow/.local/lib/python3.12/site-packages/airflow/example_dags/example_sla_dag.py
[2025-02-04T14:22:25.102+0000] {processor.py:914} INFO - Processing file /home/airflow/.local/lib/python3.12/site-packages/airflow/example_dags/example_sla_dag.py for tasks to queue
[2025-02-04T14:22:25.105+0000] {logging_mixin.py:190} INFO - [2025-02-04T14:22:25.104+0000] {dagbag.py:588} INFO - Filling up the DagBag from /home/airflow/.local/lib/python3.12/site-packages/airflow/example_dags/example_sla_dag.py
[2025-02-04T14:22:25.133+0000] {processor.py:925} INFO - DAG(s) 'example_sla_dag' retrieved from /home/airflow/.local/lib/python3.12/site-packages/airflow/example_dags/example_sla_dag.py
[2025-02-04T14:22:25.213+0000] {logging_mixin.py:190} INFO - [2025-02-04T14:22:25.213+0000] {dag.py:3239} INFO - Sync 1 DAGs
[2025-02-04T14:22:25.268+0000] {logging_mixin.py:190} INFO - [2025-02-04T14:22:25.268+0000] {dag.py:4180} INFO - Setting next_dagrun for example_sla_dag to 2025-02-04 14:20:00+00:00, run_after=2025-02-04 14:22:00+00:00
[2025-02-04T14:22:25.308+0000] {processor.py:208} INFO - Processing /home/airflow/.local/lib/python3.12/site-packages/airflow/example_dags/example_sla_dag.py took 0.220 seconds
[2025-02-04T14:22:56.082+0000] {processor.py:186} INFO - Started process (PID=637) to work on /home/airflow/.local/lib/python3.12/site-packages/airflow/example_dags/example_sla_dag.py
[2025-02-04T14:22:56.084+0000] {processor.py:914} INFO - Processing file /home/airflow/.local/lib/python3.12/site-packages/airflow/example_dags/example_sla_dag.py for tasks to queue
[2025-02-04T14:22:56.086+0000] {logging_mixin.py:190} INFO - [2025-02-04T14:22:56.086+0000] {dagbag.py:588} INFO - Filling up the DagBag from /home/airflow/.local/lib/python3.12/site-packages/airflow/example_dags/example_sla_dag.py
[2025-02-04T14:22:56.108+0000] {processor.py:925} INFO - DAG(s) 'example_sla_dag' retrieved from /home/airflow/.local/lib/python3.12/site-packages/airflow/example_dags/example_sla_dag.py
[2025-02-04T14:22:56.159+0000] {logging_mixin.py:190} INFO - [2025-02-04T14:22:56.158+0000] {dag.py:3239} INFO - Sync 1 DAGs
[2025-02-04T14:22:56.222+0000] {logging_mixin.py:190} INFO - [2025-02-04T14:22:56.222+0000] {dag.py:4180} INFO - Setting next_dagrun for example_sla_dag to 2025-02-04 14:20:00+00:00, run_after=2025-02-04 14:22:00+00:00
[2025-02-04T14:22:56.265+0000] {processor.py:208} INFO - Processing /home/airflow/.local/lib/python3.12/site-packages/airflow/example_dags/example_sla_dag.py took 0.195 seconds
[2025-02-04T14:23:26.807+0000] {processor.py:186} INFO - Started process (PID=701) to work on /home/airflow/.local/lib/python3.12/site-packages/airflow/example_dags/example_sla_dag.py
[2025-02-04T14:23:26.809+0000] {processor.py:914} INFO - Processing file /home/airflow/.local/lib/python3.12/site-packages/airflow/example_dags/example_sla_dag.py for tasks to queue
[2025-02-04T14:23:26.810+0000] {logging_mixin.py:190} INFO - [2025-02-04T14:23:26.810+0000] {dagbag.py:588} INFO - Filling up the DagBag from /home/airflow/.local/lib/python3.12/site-packages/airflow/example_dags/example_sla_dag.py
[2025-02-04T14:23:26.826+0000] {processor.py:925} INFO - DAG(s) 'example_sla_dag' retrieved from /home/airflow/.local/lib/python3.12/site-packages/airflow/example_dags/example_sla_dag.py
[2025-02-04T14:23:26.852+0000] {logging_mixin.py:190} INFO - [2025-02-04T14:23:26.852+0000] {dag.py:3239} INFO - Sync 1 DAGs
[2025-02-04T14:23:26.913+0000] {logging_mixin.py:190} INFO - [2025-02-04T14:23:26.913+0000] {dag.py:4180} INFO - Setting next_dagrun for example_sla_dag to 2025-02-04 14:20:00+00:00, run_after=2025-02-04 14:22:00+00:00
[2025-02-04T14:23:26.943+0000] {processor.py:208} INFO - Processing /home/airflow/.local/lib/python3.12/site-packages/airflow/example_dags/example_sla_dag.py took 0.144 seconds
[2025-02-04T14:23:57.238+0000] {processor.py:186} INFO - Started process (PID=765) to work on /home/airflow/.local/lib/python3.12/site-packages/airflow/example_dags/example_sla_dag.py
[2025-02-04T14:23:57.240+0000] {processor.py:914} INFO - Processing file /home/airflow/.local/lib/python3.12/site-packages/airflow/example_dags/example_sla_dag.py for tasks to queue
[2025-02-04T14:23:57.243+0000] {logging_mixin.py:190} INFO - [2025-02-04T14:23:57.242+0000] {dagbag.py:588} INFO - Filling up the DagBag from /home/airflow/.local/lib/python3.12/site-packages/airflow/example_dags/example_sla_dag.py
[2025-02-04T14:23:57.264+0000] {processor.py:925} INFO - DAG(s) 'example_sla_dag' retrieved from /home/airflow/.local/lib/python3.12/site-packages/airflow/example_dags/example_sla_dag.py
[2025-02-04T14:23:57.299+0000] {logging_mixin.py:190} INFO - [2025-02-04T14:23:57.299+0000] {dag.py:3239} INFO - Sync 1 DAGs
[2025-02-04T14:23:57.347+0000] {logging_mixin.py:190} INFO - [2025-02-04T14:23:57.347+0000] {dag.py:4180} INFO - Setting next_dagrun for example_sla_dag to 2025-02-04 14:20:00+00:00, run_after=2025-02-04 14:22:00+00:00
[2025-02-04T14:23:57.376+0000] {processor.py:208} INFO - Processing /home/airflow/.local/lib/python3.12/site-packages/airflow/example_dags/example_sla_dag.py took 0.150 seconds
[2025-02-04T14:24:31.404+0000] {processor.py:186} INFO - Started process (PID=829) to work on /home/airflow/.local/lib/python3.12/site-packages/airflow/example_dags/example_sla_dag.py
[2025-02-04T14:24:31.420+0000] {processor.py:914} INFO - Processing file /home/airflow/.local/lib/python3.12/site-packages/airflow/example_dags/example_sla_dag.py for tasks to queue
[2025-02-04T14:24:31.454+0000] {logging_mixin.py:190} INFO - [2025-02-04T14:24:31.453+0000] {dagbag.py:588} INFO - Filling up the DagBag from /home/airflow/.local/lib/python3.12/site-packages/airflow/example_dags/example_sla_dag.py
[2025-02-04T14:24:31.559+0000] {processor.py:925} INFO - DAG(s) 'example_sla_dag' retrieved from /home/airflow/.local/lib/python3.12/site-packages/airflow/example_dags/example_sla_dag.py
[2025-02-04T14:24:31.727+0000] {logging_mixin.py:190} INFO - [2025-02-04T14:24:31.726+0000] {dag.py:3239} INFO - Sync 1 DAGs
[2025-02-04T14:24:31.991+0000] {logging_mixin.py:190} INFO - [2025-02-04T14:24:31.991+0000] {dag.py:4180} INFO - Setting next_dagrun for example_sla_dag to 2025-02-04 14:22:00+00:00, run_after=2025-02-04 14:24:00+00:00
[2025-02-04T14:24:32.160+0000] {processor.py:208} INFO - Processing /home/airflow/.local/lib/python3.12/site-packages/airflow/example_dags/example_sla_dag.py took 0.798 seconds
[2025-02-04T14:32:31.021+0000] {processor.py:186} INFO - Started process (PID=98) to work on /home/airflow/.local/lib/python3.12/site-packages/airflow/example_dags/example_sla_dag.py
[2025-02-04T14:32:31.034+0000] {processor.py:914} INFO - Processing file /home/airflow/.local/lib/python3.12/site-packages/airflow/example_dags/example_sla_dag.py for tasks to queue
[2025-02-04T14:32:31.045+0000] {logging_mixin.py:190} INFO - [2025-02-04T14:32:31.043+0000] {dagbag.py:588} INFO - Filling up the DagBag from /home/airflow/.local/lib/python3.12/site-packages/airflow/example_dags/example_sla_dag.py
[2025-02-04T14:32:31.320+0000] {processor.py:925} INFO - DAG(s) 'example_sla_dag' retrieved from /home/airflow/.local/lib/python3.12/site-packages/airflow/example_dags/example_sla_dag.py
[2025-02-04T14:32:32.792+0000] {logging_mixin.py:190} INFO - [2025-02-04T14:32:32.790+0000] {override.py:1911} INFO - Created Permission View: can delete on DAG:example_sla_dag
[2025-02-04T14:32:32.896+0000] {logging_mixin.py:190} INFO - [2025-02-04T14:32:32.896+0000] {override.py:1911} INFO - Created Permission View: can read on DAG:example_sla_dag
[2025-02-04T14:32:32.955+0000] {logging_mixin.py:190} INFO - [2025-02-04T14:32:32.954+0000] {override.py:1911} INFO - Created Permission View: can edit on DAG:example_sla_dag
[2025-02-04T14:32:33.026+0000] {logging_mixin.py:190} INFO - [2025-02-04T14:32:33.026+0000] {override.py:1911} INFO - Created Permission View: can create on DAG Run:example_sla_dag
[2025-02-04T14:32:33.044+0000] {logging_mixin.py:190} INFO - [2025-02-04T14:32:33.044+0000] {override.py:1911} INFO - Created Permission View: can delete on DAG Run:example_sla_dag
[2025-02-04T14:32:33.068+0000] {logging_mixin.py:190} INFO - [2025-02-04T14:32:33.067+0000] {override.py:1911} INFO - Created Permission View: can read on DAG Run:example_sla_dag
[2025-02-04T14:32:33.103+0000] {logging_mixin.py:190} INFO - [2025-02-04T14:32:33.103+0000] {override.py:1911} INFO - Created Permission View: menu access on DAG Run:example_sla_dag
[2025-02-04T14:32:33.105+0000] {logging_mixin.py:190} INFO - [2025-02-04T14:32:33.105+0000] {dag.py:3239} INFO - Sync 1 DAGs
[2025-02-04T14:32:33.226+0000] {logging_mixin.py:190} INFO - [2025-02-04T14:32:33.226+0000] {dag.py:3262} INFO - Creating ORM DAG for example_sla_dag
[2025-02-04T14:32:33.363+0000] {logging_mixin.py:190} INFO - [2025-02-04T14:32:33.362+0000] {dag.py:4180} INFO - Setting next_dagrun for example_sla_dag to 2025-02-04 14:30:00+00:00, run_after=2025-02-04 14:32:00+00:00
[2025-02-04T14:32:33.508+0000] {processor.py:208} INFO - Processing /home/airflow/.local/lib/python3.12/site-packages/airflow/example_dags/example_sla_dag.py took 2.583 seconds
[2025-02-04T14:33:15.754+0000] {processor.py:186} INFO - Started process (PID=168) to work on /home/airflow/.local/lib/python3.12/site-packages/airflow/example_dags/example_sla_dag.py
[2025-02-04T14:33:15.756+0000] {processor.py:914} INFO - Processing file /home/airflow/.local/lib/python3.12/site-packages/airflow/example_dags/example_sla_dag.py for tasks to queue
[2025-02-04T14:33:15.762+0000] {logging_mixin.py:190} INFO - [2025-02-04T14:33:15.761+0000] {dagbag.py:588} INFO - Filling up the DagBag from /home/airflow/.local/lib/python3.12/site-packages/airflow/example_dags/example_sla_dag.py
[2025-02-04T14:33:15.787+0000] {processor.py:925} INFO - DAG(s) 'example_sla_dag' retrieved from /home/airflow/.local/lib/python3.12/site-packages/airflow/example_dags/example_sla_dag.py
[2025-02-04T14:33:15.836+0000] {logging_mixin.py:190} INFO - [2025-02-04T14:33:15.835+0000] {dag.py:3239} INFO - Sync 1 DAGs
[2025-02-04T14:33:15.900+0000] {logging_mixin.py:190} INFO - [2025-02-04T14:33:15.900+0000] {dag.py:4180} INFO - Setting next_dagrun for example_sla_dag to 2025-02-04 14:30:00+00:00, run_after=2025-02-04 14:32:00+00:00
[2025-02-04T14:33:15.945+0000] {processor.py:208} INFO - Processing /home/airflow/.local/lib/python3.12/site-packages/airflow/example_dags/example_sla_dag.py took 0.204 seconds
[2025-02-04T14:33:46.621+0000] {processor.py:186} INFO - Started process (PID=232) to work on /home/airflow/.local/lib/python3.12/site-packages/airflow/example_dags/example_sla_dag.py
[2025-02-04T14:33:46.623+0000] {processor.py:914} INFO - Processing file /home/airflow/.local/lib/python3.12/site-packages/airflow/example_dags/example_sla_dag.py for tasks to queue
[2025-02-04T14:33:46.629+0000] {logging_mixin.py:190} INFO - [2025-02-04T14:33:46.628+0000] {dagbag.py:588} INFO - Filling up the DagBag from /home/airflow/.local/lib/python3.12/site-packages/airflow/example_dags/example_sla_dag.py
[2025-02-04T14:33:46.651+0000] {processor.py:925} INFO - DAG(s) 'example_sla_dag' retrieved from /home/airflow/.local/lib/python3.12/site-packages/airflow/example_dags/example_sla_dag.py
[2025-02-04T14:33:46.692+0000] {logging_mixin.py:190} INFO - [2025-02-04T14:33:46.692+0000] {dag.py:3239} INFO - Sync 1 DAGs
[2025-02-04T14:33:46.761+0000] {logging_mixin.py:190} INFO - [2025-02-04T14:33:46.761+0000] {dag.py:4180} INFO - Setting next_dagrun for example_sla_dag to 2025-02-04 14:30:00+00:00, run_after=2025-02-04 14:32:00+00:00
[2025-02-04T14:33:46.804+0000] {processor.py:208} INFO - Processing /home/airflow/.local/lib/python3.12/site-packages/airflow/example_dags/example_sla_dag.py took 0.195 seconds
[2025-02-04T14:34:17.732+0000] {processor.py:186} INFO - Started process (PID=296) to work on /home/airflow/.local/lib/python3.12/site-packages/airflow/example_dags/example_sla_dag.py
[2025-02-04T14:34:17.809+0000] {processor.py:914} INFO - Processing file /home/airflow/.local/lib/python3.12/site-packages/airflow/example_dags/example_sla_dag.py for tasks to queue
[2025-02-04T14:34:17.813+0000] {logging_mixin.py:190} INFO - [2025-02-04T14:34:17.813+0000] {dagbag.py:588} INFO - Filling up the DagBag from /home/airflow/.local/lib/python3.12/site-packages/airflow/example_dags/example_sla_dag.py
[2025-02-04T14:34:17.835+0000] {processor.py:925} INFO - DAG(s) 'example_sla_dag' retrieved from /home/airflow/.local/lib/python3.12/site-packages/airflow/example_dags/example_sla_dag.py
[2025-02-04T14:34:17.872+0000] {logging_mixin.py:190} INFO - [2025-02-04T14:34:17.872+0000] {dag.py:3239} INFO - Sync 1 DAGs
[2025-02-04T14:34:17.916+0000] {logging_mixin.py:190} INFO - [2025-02-04T14:34:17.916+0000] {dag.py:4180} INFO - Setting next_dagrun for example_sla_dag to 2025-02-04 14:32:00+00:00, run_after=2025-02-04 14:34:00+00:00
[2025-02-04T14:34:18.130+0000] {processor.py:208} INFO - Processing /home/airflow/.local/lib/python3.12/site-packages/airflow/example_dags/example_sla_dag.py took 0.414 seconds
[2025-02-04T14:34:48.236+0000] {processor.py:186} INFO - Started process (PID=359) to work on /home/airflow/.local/lib/python3.12/site-packages/airflow/example_dags/example_sla_dag.py
[2025-02-04T14:34:48.238+0000] {processor.py:914} INFO - Processing file /home/airflow/.local/lib/python3.12/site-packages/airflow/example_dags/example_sla_dag.py for tasks to queue
[2025-02-04T14:34:48.242+0000] {logging_mixin.py:190} INFO - [2025-02-04T14:34:48.241+0000] {dagbag.py:588} INFO - Filling up the DagBag from /home/airflow/.local/lib/python3.12/site-packages/airflow/example_dags/example_sla_dag.py
[2025-02-04T14:34:48.258+0000] {processor.py:925} INFO - DAG(s) 'example_sla_dag' retrieved from /home/airflow/.local/lib/python3.12/site-packages/airflow/example_dags/example_sla_dag.py
[2025-02-04T14:34:48.291+0000] {logging_mixin.py:190} INFO - [2025-02-04T14:34:48.291+0000] {dag.py:3239} INFO - Sync 1 DAGs
[2025-02-04T14:34:48.335+0000] {logging_mixin.py:190} INFO - [2025-02-04T14:34:48.334+0000] {dag.py:4180} INFO - Setting next_dagrun for example_sla_dag to 2025-02-04 14:32:00+00:00, run_after=2025-02-04 14:34:00+00:00
[2025-02-04T14:34:48.374+0000] {processor.py:208} INFO - Processing /home/airflow/.local/lib/python3.12/site-packages/airflow/example_dags/example_sla_dag.py took 0.148 seconds
[2025-02-04T14:35:18.778+0000] {processor.py:186} INFO - Started process (PID=423) to work on /home/airflow/.local/lib/python3.12/site-packages/airflow/example_dags/example_sla_dag.py
[2025-02-04T14:35:18.784+0000] {processor.py:914} INFO - Processing file /home/airflow/.local/lib/python3.12/site-packages/airflow/example_dags/example_sla_dag.py for tasks to queue
[2025-02-04T14:35:18.789+0000] {logging_mixin.py:190} INFO - [2025-02-04T14:35:18.788+0000] {dagbag.py:588} INFO - Filling up the DagBag from /home/airflow/.local/lib/python3.12/site-packages/airflow/example_dags/example_sla_dag.py
[2025-02-04T14:35:18.840+0000] {processor.py:925} INFO - DAG(s) 'example_sla_dag' retrieved from /home/airflow/.local/lib/python3.12/site-packages/airflow/example_dags/example_sla_dag.py
[2025-02-04T14:35:18.960+0000] {logging_mixin.py:190} INFO - [2025-02-04T14:35:18.958+0000] {dag.py:3239} INFO - Sync 1 DAGs
[2025-02-04T14:35:19.043+0000] {logging_mixin.py:190} INFO - [2025-02-04T14:35:19.043+0000] {dag.py:4180} INFO - Setting next_dagrun for example_sla_dag to 2025-02-04 14:32:00+00:00, run_after=2025-02-04 14:34:00+00:00
[2025-02-04T14:35:19.079+0000] {processor.py:208} INFO - Processing /home/airflow/.local/lib/python3.12/site-packages/airflow/example_dags/example_sla_dag.py took 0.323 seconds
[2025-02-04T14:35:54.785+0000] {processor.py:186} INFO - Started process (PID=486) to work on /home/airflow/.local/lib/python3.12/site-packages/airflow/example_dags/example_sla_dag.py
[2025-02-04T14:35:54.788+0000] {processor.py:914} INFO - Processing file /home/airflow/.local/lib/python3.12/site-packages/airflow/example_dags/example_sla_dag.py for tasks to queue
[2025-02-04T14:35:54.795+0000] {logging_mixin.py:190} INFO - [2025-02-04T14:35:54.794+0000] {dagbag.py:588} INFO - Filling up the DagBag from /home/airflow/.local/lib/python3.12/site-packages/airflow/example_dags/example_sla_dag.py
[2025-02-04T14:35:54.827+0000] {processor.py:925} INFO - DAG(s) 'example_sla_dag' retrieved from /home/airflow/.local/lib/python3.12/site-packages/airflow/example_dags/example_sla_dag.py
[2025-02-04T14:35:54.877+0000] {logging_mixin.py:190} INFO - [2025-02-04T14:35:54.877+0000] {dag.py:3239} INFO - Sync 1 DAGs
[2025-02-04T14:35:54.938+0000] {logging_mixin.py:190} INFO - [2025-02-04T14:35:54.937+0000] {dag.py:4180} INFO - Setting next_dagrun for example_sla_dag to 2025-02-04 14:32:00+00:00, run_after=2025-02-04 14:34:00+00:00
[2025-02-04T14:35:54.984+0000] {processor.py:208} INFO - Processing /home/airflow/.local/lib/python3.12/site-packages/airflow/example_dags/example_sla_dag.py took 0.221 seconds
[2025-02-04T14:36:41.020+0000] {processor.py:186} INFO - Started process (PID=551) to work on /home/airflow/.local/lib/python3.12/site-packages/airflow/example_dags/example_sla_dag.py
[2025-02-04T14:36:41.023+0000] {processor.py:914} INFO - Processing file /home/airflow/.local/lib/python3.12/site-packages/airflow/example_dags/example_sla_dag.py for tasks to queue
[2025-02-04T14:36:41.029+0000] {logging_mixin.py:190} INFO - [2025-02-04T14:36:41.028+0000] {dagbag.py:588} INFO - Filling up the DagBag from /home/airflow/.local/lib/python3.12/site-packages/airflow/example_dags/example_sla_dag.py
[2025-02-04T14:36:41.070+0000] {processor.py:925} INFO - DAG(s) 'example_sla_dag' retrieved from /home/airflow/.local/lib/python3.12/site-packages/airflow/example_dags/example_sla_dag.py
[2025-02-04T14:36:41.149+0000] {logging_mixin.py:190} INFO - [2025-02-04T14:36:41.149+0000] {dag.py:3239} INFO - Sync 1 DAGs
[2025-02-04T14:36:41.239+0000] {logging_mixin.py:190} INFO - [2025-02-04T14:36:41.238+0000] {dag.py:4180} INFO - Setting next_dagrun for example_sla_dag to 2025-02-04 14:34:00+00:00, run_after=2025-02-04 14:36:00+00:00
[2025-02-04T14:36:41.291+0000] {processor.py:208} INFO - Processing /home/airflow/.local/lib/python3.12/site-packages/airflow/example_dags/example_sla_dag.py took 0.290 seconds
[2025-02-04T14:37:11.448+0000] {processor.py:186} INFO - Started process (PID=615) to work on /home/airflow/.local/lib/python3.12/site-packages/airflow/example_dags/example_sla_dag.py
[2025-02-04T14:37:11.450+0000] {processor.py:914} INFO - Processing file /home/airflow/.local/lib/python3.12/site-packages/airflow/example_dags/example_sla_dag.py for tasks to queue
[2025-02-04T14:37:11.454+0000] {logging_mixin.py:190} INFO - [2025-02-04T14:37:11.453+0000] {dagbag.py:588} INFO - Filling up the DagBag from /home/airflow/.local/lib/python3.12/site-packages/airflow/example_dags/example_sla_dag.py
[2025-02-04T14:37:11.474+0000] {processor.py:925} INFO - DAG(s) 'example_sla_dag' retrieved from /home/airflow/.local/lib/python3.12/site-packages/airflow/example_dags/example_sla_dag.py
[2025-02-04T14:37:11.519+0000] {logging_mixin.py:190} INFO - [2025-02-04T14:37:11.519+0000] {dag.py:3239} INFO - Sync 1 DAGs
[2025-02-04T14:37:11.582+0000] {logging_mixin.py:190} INFO - [2025-02-04T14:37:11.582+0000] {dag.py:4180} INFO - Setting next_dagrun for example_sla_dag to 2025-02-04 14:34:00+00:00, run_after=2025-02-04 14:36:00+00:00
[2025-02-04T14:37:11.624+0000] {processor.py:208} INFO - Processing /home/airflow/.local/lib/python3.12/site-packages/airflow/example_dags/example_sla_dag.py took 0.187 seconds
[2025-02-04T14:37:48.933+0000] {processor.py:186} INFO - Started process (PID=679) to work on /home/airflow/.local/lib/python3.12/site-packages/airflow/example_dags/example_sla_dag.py
[2025-02-04T14:37:48.935+0000] {processor.py:914} INFO - Processing file /home/airflow/.local/lib/python3.12/site-packages/airflow/example_dags/example_sla_dag.py for tasks to queue
[2025-02-04T14:37:48.941+0000] {logging_mixin.py:190} INFO - [2025-02-04T14:37:48.940+0000] {dagbag.py:588} INFO - Filling up the DagBag from /home/airflow/.local/lib/python3.12/site-packages/airflow/example_dags/example_sla_dag.py
[2025-02-04T14:37:48.971+0000] {processor.py:925} INFO - DAG(s) 'example_sla_dag' retrieved from /home/airflow/.local/lib/python3.12/site-packages/airflow/example_dags/example_sla_dag.py
[2025-02-04T14:37:49.046+0000] {logging_mixin.py:190} INFO - [2025-02-04T14:37:49.045+0000] {dag.py:3239} INFO - Sync 1 DAGs
[2025-02-04T14:37:49.179+0000] {logging_mixin.py:190} INFO - [2025-02-04T14:37:49.178+0000] {dag.py:4180} INFO - Setting next_dagrun for example_sla_dag to 2025-02-04 14:34:00+00:00, run_after=2025-02-04 14:36:00+00:00
[2025-02-04T14:37:49.281+0000] {processor.py:208} INFO - Processing /home/airflow/.local/lib/python3.12/site-packages/airflow/example_dags/example_sla_dag.py took 0.364 seconds
[2025-02-04T14:38:19.544+0000] {processor.py:186} INFO - Started process (PID=744) to work on /home/airflow/.local/lib/python3.12/site-packages/airflow/example_dags/example_sla_dag.py
[2025-02-04T14:38:19.546+0000] {processor.py:914} INFO - Processing file /home/airflow/.local/lib/python3.12/site-packages/airflow/example_dags/example_sla_dag.py for tasks to queue
[2025-02-04T14:38:19.549+0000] {logging_mixin.py:190} INFO - [2025-02-04T14:38:19.549+0000] {dagbag.py:588} INFO - Filling up the DagBag from /home/airflow/.local/lib/python3.12/site-packages/airflow/example_dags/example_sla_dag.py
[2025-02-04T14:38:19.573+0000] {processor.py:925} INFO - DAG(s) 'example_sla_dag' retrieved from /home/airflow/.local/lib/python3.12/site-packages/airflow/example_dags/example_sla_dag.py
[2025-02-04T14:38:19.612+0000] {logging_mixin.py:190} INFO - [2025-02-04T14:38:19.611+0000] {dag.py:3239} INFO - Sync 1 DAGs
[2025-02-04T14:38:19.673+0000] {logging_mixin.py:190} INFO - [2025-02-04T14:38:19.673+0000] {dag.py:4180} INFO - Setting next_dagrun for example_sla_dag to 2025-02-04 14:36:00+00:00, run_after=2025-02-04 14:38:00+00:00
[2025-02-04T14:38:19.735+0000] {processor.py:208} INFO - Processing /home/airflow/.local/lib/python3.12/site-packages/airflow/example_dags/example_sla_dag.py took 0.205 seconds
[2025-02-04T14:38:54.656+0000] {processor.py:186} INFO - Started process (PID=812) to work on /home/airflow/.local/lib/python3.12/site-packages/airflow/example_dags/example_sla_dag.py
[2025-02-04T14:38:54.658+0000] {processor.py:914} INFO - Processing file /home/airflow/.local/lib/python3.12/site-packages/airflow/example_dags/example_sla_dag.py for tasks to queue
[2025-02-04T14:38:54.662+0000] {logging_mixin.py:190} INFO - [2025-02-04T14:38:54.662+0000] {dagbag.py:588} INFO - Filling up the DagBag from /home/airflow/.local/lib/python3.12/site-packages/airflow/example_dags/example_sla_dag.py
[2025-02-04T14:38:54.679+0000] {processor.py:925} INFO - DAG(s) 'example_sla_dag' retrieved from /home/airflow/.local/lib/python3.12/site-packages/airflow/example_dags/example_sla_dag.py
[2025-02-04T14:38:54.714+0000] {logging_mixin.py:190} INFO - [2025-02-04T14:38:54.713+0000] {dag.py:3239} INFO - Sync 1 DAGs
[2025-02-04T14:38:54.770+0000] {logging_mixin.py:190} INFO - [2025-02-04T14:38:54.770+0000] {dag.py:4180} INFO - Setting next_dagrun for example_sla_dag to 2025-02-04 14:36:00+00:00, run_after=2025-02-04 14:38:00+00:00
[2025-02-04T14:38:54.805+0000] {processor.py:208} INFO - Processing /home/airflow/.local/lib/python3.12/site-packages/airflow/example_dags/example_sla_dag.py took 0.159 seconds
[2025-02-04T14:39:25.135+0000] {processor.py:186} INFO - Started process (PID=876) to work on /home/airflow/.local/lib/python3.12/site-packages/airflow/example_dags/example_sla_dag.py
[2025-02-04T14:39:25.137+0000] {processor.py:914} INFO - Processing file /home/airflow/.local/lib/python3.12/site-packages/airflow/example_dags/example_sla_dag.py for tasks to queue
[2025-02-04T14:39:25.141+0000] {logging_mixin.py:190} INFO - [2025-02-04T14:39:25.141+0000] {dagbag.py:588} INFO - Filling up the DagBag from /home/airflow/.local/lib/python3.12/site-packages/airflow/example_dags/example_sla_dag.py
[2025-02-04T14:39:25.163+0000] {processor.py:925} INFO - DAG(s) 'example_sla_dag' retrieved from /home/airflow/.local/lib/python3.12/site-packages/airflow/example_dags/example_sla_dag.py
[2025-02-04T14:39:25.196+0000] {logging_mixin.py:190} INFO - [2025-02-04T14:39:25.195+0000] {dag.py:3239} INFO - Sync 1 DAGs
[2025-02-04T14:39:25.243+0000] {logging_mixin.py:190} INFO - [2025-02-04T14:39:25.242+0000] {dag.py:4180} INFO - Setting next_dagrun for example_sla_dag to 2025-02-04 14:36:00+00:00, run_after=2025-02-04 14:38:00+00:00
[2025-02-04T14:39:25.273+0000] {processor.py:208} INFO - Processing /home/airflow/.local/lib/python3.12/site-packages/airflow/example_dags/example_sla_dag.py took 0.151 seconds
[2025-02-04T14:39:56.515+0000] {processor.py:186} INFO - Started process (PID=940) to work on /home/airflow/.local/lib/python3.12/site-packages/airflow/example_dags/example_sla_dag.py
[2025-02-04T14:39:56.517+0000] {processor.py:914} INFO - Processing file /home/airflow/.local/lib/python3.12/site-packages/airflow/example_dags/example_sla_dag.py for tasks to queue
[2025-02-04T14:39:56.521+0000] {logging_mixin.py:190} INFO - [2025-02-04T14:39:56.520+0000] {dagbag.py:588} INFO - Filling up the DagBag from /home/airflow/.local/lib/python3.12/site-packages/airflow/example_dags/example_sla_dag.py
[2025-02-04T14:39:56.541+0000] {processor.py:925} INFO - DAG(s) 'example_sla_dag' retrieved from /home/airflow/.local/lib/python3.12/site-packages/airflow/example_dags/example_sla_dag.py
[2025-02-04T14:39:56.572+0000] {logging_mixin.py:190} INFO - [2025-02-04T14:39:56.571+0000] {dag.py:3239} INFO - Sync 1 DAGs
[2025-02-04T14:39:56.620+0000] {logging_mixin.py:190} INFO - [2025-02-04T14:39:56.620+0000] {dag.py:4180} INFO - Setting next_dagrun for example_sla_dag to 2025-02-04 14:36:00+00:00, run_after=2025-02-04 14:38:00+00:00
[2025-02-04T14:39:56.653+0000] {processor.py:208} INFO - Processing /home/airflow/.local/lib/python3.12/site-packages/airflow/example_dags/example_sla_dag.py took 0.148 seconds
[2025-02-04T14:40:27.426+0000] {processor.py:186} INFO - Started process (PID=1005) to work on /home/airflow/.local/lib/python3.12/site-packages/airflow/example_dags/example_sla_dag.py
[2025-02-04T14:40:27.428+0000] {processor.py:914} INFO - Processing file /home/airflow/.local/lib/python3.12/site-packages/airflow/example_dags/example_sla_dag.py for tasks to queue
[2025-02-04T14:40:27.435+0000] {logging_mixin.py:190} INFO - [2025-02-04T14:40:27.434+0000] {dagbag.py:588} INFO - Filling up the DagBag from /home/airflow/.local/lib/python3.12/site-packages/airflow/example_dags/example_sla_dag.py
[2025-02-04T14:40:27.460+0000] {processor.py:925} INFO - DAG(s) 'example_sla_dag' retrieved from /home/airflow/.local/lib/python3.12/site-packages/airflow/example_dags/example_sla_dag.py
[2025-02-04T14:40:27.547+0000] {logging_mixin.py:190} INFO - [2025-02-04T14:40:27.546+0000] {dag.py:3239} INFO - Sync 1 DAGs
[2025-02-04T14:40:27.682+0000] {logging_mixin.py:190} INFO - [2025-02-04T14:40:27.681+0000] {dag.py:4180} INFO - Setting next_dagrun for example_sla_dag to 2025-02-04 14:38:00+00:00, run_after=2025-02-04 14:40:00+00:00
[2025-02-04T14:40:27.739+0000] {processor.py:208} INFO - Processing /home/airflow/.local/lib/python3.12/site-packages/airflow/example_dags/example_sla_dag.py took 0.327 seconds
[2025-02-04T14:40:58.874+0000] {processor.py:186} INFO - Started process (PID=1069) to work on /home/airflow/.local/lib/python3.12/site-packages/airflow/example_dags/example_sla_dag.py
[2025-02-04T14:40:58.876+0000] {processor.py:914} INFO - Processing file /home/airflow/.local/lib/python3.12/site-packages/airflow/example_dags/example_sla_dag.py for tasks to queue
[2025-02-04T14:40:58.881+0000] {logging_mixin.py:190} INFO - [2025-02-04T14:40:58.880+0000] {dagbag.py:588} INFO - Filling up the DagBag from /home/airflow/.local/lib/python3.12/site-packages/airflow/example_dags/example_sla_dag.py
[2025-02-04T14:40:58.901+0000] {processor.py:925} INFO - DAG(s) 'example_sla_dag' retrieved from /home/airflow/.local/lib/python3.12/site-packages/airflow/example_dags/example_sla_dag.py
[2025-02-04T14:40:58.934+0000] {logging_mixin.py:190} INFO - [2025-02-04T14:40:58.934+0000] {dag.py:3239} INFO - Sync 1 DAGs
[2025-02-04T14:40:58.983+0000] {logging_mixin.py:190} INFO - [2025-02-04T14:40:58.982+0000] {dag.py:4180} INFO - Setting next_dagrun for example_sla_dag to 2025-02-04 14:38:00+00:00, run_after=2025-02-04 14:40:00+00:00
[2025-02-04T14:40:59.013+0000] {processor.py:208} INFO - Processing /home/airflow/.local/lib/python3.12/site-packages/airflow/example_dags/example_sla_dag.py took 0.151 seconds
[2025-02-04T14:41:29.925+0000] {processor.py:186} INFO - Started process (PID=1133) to work on /home/airflow/.local/lib/python3.12/site-packages/airflow/example_dags/example_sla_dag.py
[2025-02-04T14:41:29.927+0000] {processor.py:914} INFO - Processing file /home/airflow/.local/lib/python3.12/site-packages/airflow/example_dags/example_sla_dag.py for tasks to queue
[2025-02-04T14:41:29.931+0000] {logging_mixin.py:190} INFO - [2025-02-04T14:41:29.931+0000] {dagbag.py:588} INFO - Filling up the DagBag from /home/airflow/.local/lib/python3.12/site-packages/airflow/example_dags/example_sla_dag.py
[2025-02-04T14:41:29.952+0000] {processor.py:925} INFO - DAG(s) 'example_sla_dag' retrieved from /home/airflow/.local/lib/python3.12/site-packages/airflow/example_dags/example_sla_dag.py
[2025-02-04T14:41:29.994+0000] {logging_mixin.py:190} INFO - [2025-02-04T14:41:29.993+0000] {dag.py:3239} INFO - Sync 1 DAGs
[2025-02-04T14:41:30.046+0000] {logging_mixin.py:190} INFO - [2025-02-04T14:41:30.046+0000] {dag.py:4180} INFO - Setting next_dagrun for example_sla_dag to 2025-02-04 14:38:00+00:00, run_after=2025-02-04 14:40:00+00:00
[2025-02-04T14:41:30.090+0000] {processor.py:208} INFO - Processing /home/airflow/.local/lib/python3.12/site-packages/airflow/example_dags/example_sla_dag.py took 0.177 seconds
[2025-02-04T14:42:00.193+0000] {processor.py:186} INFO - Started process (PID=1196) to work on /home/airflow/.local/lib/python3.12/site-packages/airflow/example_dags/example_sla_dag.py
[2025-02-04T14:42:00.195+0000] {processor.py:914} INFO - Processing file /home/airflow/.local/lib/python3.12/site-packages/airflow/example_dags/example_sla_dag.py for tasks to queue
[2025-02-04T14:42:00.198+0000] {logging_mixin.py:190} INFO - [2025-02-04T14:42:00.198+0000] {dagbag.py:588} INFO - Filling up the DagBag from /home/airflow/.local/lib/python3.12/site-packages/airflow/example_dags/example_sla_dag.py
[2025-02-04T14:42:00.218+0000] {processor.py:925} INFO - DAG(s) 'example_sla_dag' retrieved from /home/airflow/.local/lib/python3.12/site-packages/airflow/example_dags/example_sla_dag.py
[2025-02-04T14:42:00.248+0000] {logging_mixin.py:190} INFO - [2025-02-04T14:42:00.247+0000] {dag.py:3239} INFO - Sync 1 DAGs
[2025-02-04T14:42:00.300+0000] {logging_mixin.py:190} INFO - [2025-02-04T14:42:00.299+0000] {dag.py:4180} INFO - Setting next_dagrun for example_sla_dag to 2025-02-04 14:40:00+00:00, run_after=2025-02-04 14:42:00+00:00
[2025-02-04T14:42:00.332+0000] {processor.py:208} INFO - Processing /home/airflow/.local/lib/python3.12/site-packages/airflow/example_dags/example_sla_dag.py took 0.148 seconds
[2025-02-04T14:42:30.980+0000] {processor.py:186} INFO - Started process (PID=1260) to work on /home/airflow/.local/lib/python3.12/site-packages/airflow/example_dags/example_sla_dag.py
[2025-02-04T14:42:30.982+0000] {processor.py:914} INFO - Processing file /home/airflow/.local/lib/python3.12/site-packages/airflow/example_dags/example_sla_dag.py for tasks to queue
[2025-02-04T14:42:30.987+0000] {logging_mixin.py:190} INFO - [2025-02-04T14:42:30.986+0000] {dagbag.py:588} INFO - Filling up the DagBag from /home/airflow/.local/lib/python3.12/site-packages/airflow/example_dags/example_sla_dag.py
[2025-02-04T14:42:31.005+0000] {processor.py:925} INFO - DAG(s) 'example_sla_dag' retrieved from /home/airflow/.local/lib/python3.12/site-packages/airflow/example_dags/example_sla_dag.py
[2025-02-04T14:42:31.035+0000] {logging_mixin.py:190} INFO - [2025-02-04T14:42:31.034+0000] {dag.py:3239} INFO - Sync 1 DAGs
[2025-02-04T14:42:31.069+0000] {logging_mixin.py:190} INFO - [2025-02-04T14:42:31.069+0000] {dag.py:4180} INFO - Setting next_dagrun for example_sla_dag to 2025-02-04 14:40:00+00:00, run_after=2025-02-04 14:42:00+00:00
[2025-02-04T14:42:31.095+0000] {processor.py:208} INFO - Processing /home/airflow/.local/lib/python3.12/site-packages/airflow/example_dags/example_sla_dag.py took 0.126 seconds
[2025-02-04T14:43:01.342+0000] {processor.py:186} INFO - Started process (PID=1324) to work on /home/airflow/.local/lib/python3.12/site-packages/airflow/example_dags/example_sla_dag.py
[2025-02-04T14:43:01.344+0000] {processor.py:914} INFO - Processing file /home/airflow/.local/lib/python3.12/site-packages/airflow/example_dags/example_sla_dag.py for tasks to queue
[2025-02-04T14:43:01.349+0000] {logging_mixin.py:190} INFO - [2025-02-04T14:43:01.348+0000] {dagbag.py:588} INFO - Filling up the DagBag from /home/airflow/.local/lib/python3.12/site-packages/airflow/example_dags/example_sla_dag.py
[2025-02-04T14:43:01.371+0000] {processor.py:925} INFO - DAG(s) 'example_sla_dag' retrieved from /home/airflow/.local/lib/python3.12/site-packages/airflow/example_dags/example_sla_dag.py
[2025-02-04T14:43:01.399+0000] {logging_mixin.py:190} INFO - [2025-02-04T14:43:01.398+0000] {dag.py:3239} INFO - Sync 1 DAGs
[2025-02-04T14:43:01.439+0000] {logging_mixin.py:190} INFO - [2025-02-04T14:43:01.439+0000] {dag.py:4180} INFO - Setting next_dagrun for example_sla_dag to 2025-02-04 14:40:00+00:00, run_after=2025-02-04 14:42:00+00:00
[2025-02-04T14:43:01.465+0000] {processor.py:208} INFO - Processing /home/airflow/.local/lib/python3.12/site-packages/airflow/example_dags/example_sla_dag.py took 0.134 seconds
[2025-02-04T14:43:31.572+0000] {processor.py:186} INFO - Started process (PID=1388) to work on /home/airflow/.local/lib/python3.12/site-packages/airflow/example_dags/example_sla_dag.py
[2025-02-04T14:43:31.574+0000] {processor.py:914} INFO - Processing file /home/airflow/.local/lib/python3.12/site-packages/airflow/example_dags/example_sla_dag.py for tasks to queue
[2025-02-04T14:43:31.579+0000] {logging_mixin.py:190} INFO - [2025-02-04T14:43:31.578+0000] {dagbag.py:588} INFO - Filling up the DagBag from /home/airflow/.local/lib/python3.12/site-packages/airflow/example_dags/example_sla_dag.py
[2025-02-04T14:43:31.613+0000] {processor.py:925} INFO - DAG(s) 'example_sla_dag' retrieved from /home/airflow/.local/lib/python3.12/site-packages/airflow/example_dags/example_sla_dag.py
[2025-02-04T14:43:31.671+0000] {logging_mixin.py:190} INFO - [2025-02-04T14:43:31.671+0000] {dag.py:3239} INFO - Sync 1 DAGs
[2025-02-04T14:43:31.763+0000] {logging_mixin.py:190} INFO - [2025-02-04T14:43:31.763+0000] {dag.py:4180} INFO - Setting next_dagrun for example_sla_dag to 2025-02-04 14:40:00+00:00, run_after=2025-02-04 14:42:00+00:00
[2025-02-04T14:43:31.842+0000] {processor.py:208} INFO - Processing /home/airflow/.local/lib/python3.12/site-packages/airflow/example_dags/example_sla_dag.py took 0.283 seconds
[2025-02-04T14:44:02.086+0000] {processor.py:186} INFO - Started process (PID=1452) to work on /home/airflow/.local/lib/python3.12/site-packages/airflow/example_dags/example_sla_dag.py
[2025-02-04T14:44:02.094+0000] {processor.py:914} INFO - Processing file /home/airflow/.local/lib/python3.12/site-packages/airflow/example_dags/example_sla_dag.py for tasks to queue
[2025-02-04T14:44:02.100+0000] {logging_mixin.py:190} INFO - [2025-02-04T14:44:02.099+0000] {dagbag.py:588} INFO - Filling up the DagBag from /home/airflow/.local/lib/python3.12/site-packages/airflow/example_dags/example_sla_dag.py
[2025-02-04T14:44:02.124+0000] {processor.py:925} INFO - DAG(s) 'example_sla_dag' retrieved from /home/airflow/.local/lib/python3.12/site-packages/airflow/example_dags/example_sla_dag.py
[2025-02-04T14:44:02.167+0000] {logging_mixin.py:190} INFO - [2025-02-04T14:44:02.167+0000] {dag.py:3239} INFO - Sync 1 DAGs
[2025-02-04T14:44:02.223+0000] {logging_mixin.py:190} INFO - [2025-02-04T14:44:02.223+0000] {dag.py:4180} INFO - Setting next_dagrun for example_sla_dag to 2025-02-04 14:42:00+00:00, run_after=2025-02-04 14:44:00+00:00
[2025-02-04T14:44:02.263+0000] {processor.py:208} INFO - Processing /home/airflow/.local/lib/python3.12/site-packages/airflow/example_dags/example_sla_dag.py took 0.192 seconds
[2025-02-04T14:44:32.629+0000] {processor.py:186} INFO - Started process (PID=1516) to work on /home/airflow/.local/lib/python3.12/site-packages/airflow/example_dags/example_sla_dag.py
[2025-02-04T14:44:32.633+0000] {processor.py:914} INFO - Processing file /home/airflow/.local/lib/python3.12/site-packages/airflow/example_dags/example_sla_dag.py for tasks to queue
[2025-02-04T14:44:32.638+0000] {logging_mixin.py:190} INFO - [2025-02-04T14:44:32.637+0000] {dagbag.py:588} INFO - Filling up the DagBag from /home/airflow/.local/lib/python3.12/site-packages/airflow/example_dags/example_sla_dag.py
[2025-02-04T14:44:32.661+0000] {processor.py:925} INFO - DAG(s) 'example_sla_dag' retrieved from /home/airflow/.local/lib/python3.12/site-packages/airflow/example_dags/example_sla_dag.py
[2025-02-04T14:44:32.710+0000] {logging_mixin.py:190} INFO - [2025-02-04T14:44:32.709+0000] {dag.py:3239} INFO - Sync 1 DAGs
[2025-02-04T14:44:32.791+0000] {logging_mixin.py:190} INFO - [2025-02-04T14:44:32.790+0000] {dag.py:4180} INFO - Setting next_dagrun for example_sla_dag to 2025-02-04 14:42:00+00:00, run_after=2025-02-04 14:44:00+00:00
[2025-02-04T14:44:32.861+0000] {processor.py:208} INFO - Processing /home/airflow/.local/lib/python3.12/site-packages/airflow/example_dags/example_sla_dag.py took 0.244 seconds
[2025-02-04T14:45:03.829+0000] {processor.py:186} INFO - Started process (PID=1580) to work on /home/airflow/.local/lib/python3.12/site-packages/airflow/example_dags/example_sla_dag.py
[2025-02-04T14:45:03.831+0000] {processor.py:914} INFO - Processing file /home/airflow/.local/lib/python3.12/site-packages/airflow/example_dags/example_sla_dag.py for tasks to queue
[2025-02-04T14:45:03.834+0000] {logging_mixin.py:190} INFO - [2025-02-04T14:45:03.834+0000] {dagbag.py:588} INFO - Filling up the DagBag from /home/airflow/.local/lib/python3.12/site-packages/airflow/example_dags/example_sla_dag.py
[2025-02-04T14:45:03.856+0000] {processor.py:925} INFO - DAG(s) 'example_sla_dag' retrieved from /home/airflow/.local/lib/python3.12/site-packages/airflow/example_dags/example_sla_dag.py
[2025-02-04T14:45:03.903+0000] {logging_mixin.py:190} INFO - [2025-02-04T14:45:03.903+0000] {dag.py:3239} INFO - Sync 1 DAGs
[2025-02-04T14:45:03.945+0000] {logging_mixin.py:190} INFO - [2025-02-04T14:45:03.945+0000] {dag.py:4180} INFO - Setting next_dagrun for example_sla_dag to 2025-02-04 14:42:00+00:00, run_after=2025-02-04 14:44:00+00:00
[2025-02-04T14:45:03.979+0000] {processor.py:208} INFO - Processing /home/airflow/.local/lib/python3.12/site-packages/airflow/example_dags/example_sla_dag.py took 0.159 seconds
[2025-02-04T14:45:34.686+0000] {processor.py:186} INFO - Started process (PID=1644) to work on /home/airflow/.local/lib/python3.12/site-packages/airflow/example_dags/example_sla_dag.py
[2025-02-04T14:45:34.688+0000] {processor.py:914} INFO - Processing file /home/airflow/.local/lib/python3.12/site-packages/airflow/example_dags/example_sla_dag.py for tasks to queue
[2025-02-04T14:45:34.693+0000] {logging_mixin.py:190} INFO - [2025-02-04T14:45:34.693+0000] {dagbag.py:588} INFO - Filling up the DagBag from /home/airflow/.local/lib/python3.12/site-packages/airflow/example_dags/example_sla_dag.py
[2025-02-04T14:45:34.713+0000] {processor.py:925} INFO - DAG(s) 'example_sla_dag' retrieved from /home/airflow/.local/lib/python3.12/site-packages/airflow/example_dags/example_sla_dag.py
[2025-02-04T14:45:34.753+0000] {logging_mixin.py:190} INFO - [2025-02-04T14:45:34.753+0000] {dag.py:3239} INFO - Sync 1 DAGs
[2025-02-04T14:45:34.814+0000] {logging_mixin.py:190} INFO - [2025-02-04T14:45:34.813+0000] {dag.py:4180} INFO - Setting next_dagrun for example_sla_dag to 2025-02-04 14:42:00+00:00, run_after=2025-02-04 14:44:00+00:00
[2025-02-04T14:45:34.850+0000] {processor.py:208} INFO - Processing /home/airflow/.local/lib/python3.12/site-packages/airflow/example_dags/example_sla_dag.py took 0.177 seconds
[2025-02-04T14:46:05.821+0000] {processor.py:186} INFO - Started process (PID=1708) to work on /home/airflow/.local/lib/python3.12/site-packages/airflow/example_dags/example_sla_dag.py
[2025-02-04T14:46:05.824+0000] {processor.py:914} INFO - Processing file /home/airflow/.local/lib/python3.12/site-packages/airflow/example_dags/example_sla_dag.py for tasks to queue
[2025-02-04T14:46:05.829+0000] {logging_mixin.py:190} INFO - [2025-02-04T14:46:05.829+0000] {dagbag.py:588} INFO - Filling up the DagBag from /home/airflow/.local/lib/python3.12/site-packages/airflow/example_dags/example_sla_dag.py
[2025-02-04T14:46:05.857+0000] {processor.py:925} INFO - DAG(s) 'example_sla_dag' retrieved from /home/airflow/.local/lib/python3.12/site-packages/airflow/example_dags/example_sla_dag.py
[2025-02-04T14:46:05.894+0000] {logging_mixin.py:190} INFO - [2025-02-04T14:46:05.893+0000] {dag.py:3239} INFO - Sync 1 DAGs
[2025-02-04T14:46:05.968+0000] {logging_mixin.py:190} INFO - [2025-02-04T14:46:05.968+0000] {dag.py:4180} INFO - Setting next_dagrun for example_sla_dag to 2025-02-04 14:44:00+00:00, run_after=2025-02-04 14:46:00+00:00
[2025-02-04T14:46:06.034+0000] {processor.py:208} INFO - Processing /home/airflow/.local/lib/python3.12/site-packages/airflow/example_dags/example_sla_dag.py took 0.227 seconds
[2025-02-04T14:49:11.276+0000] {processor.py:186} INFO - Started process (PID=87) to work on /home/airflow/.local/lib/python3.12/site-packages/airflow/example_dags/example_sla_dag.py
[2025-02-04T14:49:11.289+0000] {processor.py:914} INFO - Processing file /home/airflow/.local/lib/python3.12/site-packages/airflow/example_dags/example_sla_dag.py for tasks to queue
[2025-02-04T14:49:11.312+0000] {logging_mixin.py:190} INFO - [2025-02-04T14:49:11.301+0000] {dagbag.py:588} INFO - Filling up the DagBag from /home/airflow/.local/lib/python3.12/site-packages/airflow/example_dags/example_sla_dag.py
[2025-02-04T14:49:11.368+0000] {processor.py:925} INFO - DAG(s) 'example_sla_dag' retrieved from /home/airflow/.local/lib/python3.12/site-packages/airflow/example_dags/example_sla_dag.py
[2025-02-04T14:49:11.623+0000] {logging_mixin.py:190} INFO - [2025-02-04T14:49:11.622+0000] {dag.py:3239} INFO - Sync 1 DAGs
[2025-02-04T14:49:11.805+0000] {logging_mixin.py:190} INFO - [2025-02-04T14:49:11.805+0000] {dag.py:4180} INFO - Setting next_dagrun for example_sla_dag to 2025-02-04 14:46:00+00:00, run_after=2025-02-04 14:48:00+00:00
[2025-02-04T14:49:11.911+0000] {processor.py:208} INFO - Processing /home/airflow/.local/lib/python3.12/site-packages/airflow/example_dags/example_sla_dag.py took 0.660 seconds
[2025-02-04T14:49:51.100+0000] {processor.py:186} INFO - Started process (PID=151) to work on /home/airflow/.local/lib/python3.12/site-packages/airflow/example_dags/example_sla_dag.py
[2025-02-04T14:49:51.103+0000] {processor.py:914} INFO - Processing file /home/airflow/.local/lib/python3.12/site-packages/airflow/example_dags/example_sla_dag.py for tasks to queue
[2025-02-04T14:49:51.112+0000] {logging_mixin.py:190} INFO - [2025-02-04T14:49:51.110+0000] {dagbag.py:588} INFO - Filling up the DagBag from /home/airflow/.local/lib/python3.12/site-packages/airflow/example_dags/example_sla_dag.py
[2025-02-04T14:49:51.153+0000] {processor.py:925} INFO - DAG(s) 'example_sla_dag' retrieved from /home/airflow/.local/lib/python3.12/site-packages/airflow/example_dags/example_sla_dag.py
[2025-02-04T14:49:51.231+0000] {logging_mixin.py:190} INFO - [2025-02-04T14:49:51.230+0000] {dag.py:3239} INFO - Sync 1 DAGs
[2025-02-04T14:49:51.310+0000] {logging_mixin.py:190} INFO - [2025-02-04T14:49:51.310+0000] {dag.py:4180} INFO - Setting next_dagrun for example_sla_dag to 2025-02-04 14:46:00+00:00, run_after=2025-02-04 14:48:00+00:00
[2025-02-04T14:49:51.387+0000] {processor.py:208} INFO - Processing /home/airflow/.local/lib/python3.12/site-packages/airflow/example_dags/example_sla_dag.py took 0.320 seconds
[2025-02-04T14:50:25.644+0000] {processor.py:186} INFO - Started process (PID=216) to work on /home/airflow/.local/lib/python3.12/site-packages/airflow/example_dags/example_sla_dag.py
[2025-02-04T14:50:25.646+0000] {processor.py:914} INFO - Processing file /home/airflow/.local/lib/python3.12/site-packages/airflow/example_dags/example_sla_dag.py for tasks to queue
[2025-02-04T14:50:25.649+0000] {logging_mixin.py:190} INFO - [2025-02-04T14:50:25.649+0000] {dagbag.py:588} INFO - Filling up the DagBag from /home/airflow/.local/lib/python3.12/site-packages/airflow/example_dags/example_sla_dag.py
[2025-02-04T14:50:25.668+0000] {processor.py:925} INFO - DAG(s) 'example_sla_dag' retrieved from /home/airflow/.local/lib/python3.12/site-packages/airflow/example_dags/example_sla_dag.py
[2025-02-04T14:50:25.700+0000] {logging_mixin.py:190} INFO - [2025-02-04T14:50:25.699+0000] {dag.py:3239} INFO - Sync 1 DAGs
[2025-02-04T14:50:25.759+0000] {logging_mixin.py:190} INFO - [2025-02-04T14:50:25.759+0000] {dag.py:4180} INFO - Setting next_dagrun for example_sla_dag to 2025-02-04 14:48:00+00:00, run_after=2025-02-04 14:50:00+00:00
[2025-02-04T14:50:25.795+0000] {processor.py:208} INFO - Processing /home/airflow/.local/lib/python3.12/site-packages/airflow/example_dags/example_sla_dag.py took 0.163 seconds
[2025-02-04T14:50:59.883+0000] {processor.py:186} INFO - Started process (PID=286) to work on /home/airflow/.local/lib/python3.12/site-packages/airflow/example_dags/example_sla_dag.py
[2025-02-04T14:50:59.889+0000] {processor.py:914} INFO - Processing file /home/airflow/.local/lib/python3.12/site-packages/airflow/example_dags/example_sla_dag.py for tasks to queue
[2025-02-04T14:50:59.896+0000] {logging_mixin.py:190} INFO - [2025-02-04T14:50:59.895+0000] {dagbag.py:588} INFO - Filling up the DagBag from /home/airflow/.local/lib/python3.12/site-packages/airflow/example_dags/example_sla_dag.py
[2025-02-04T14:50:59.925+0000] {processor.py:925} INFO - DAG(s) 'example_sla_dag' retrieved from /home/airflow/.local/lib/python3.12/site-packages/airflow/example_dags/example_sla_dag.py
[2025-02-04T14:50:59.974+0000] {logging_mixin.py:190} INFO - [2025-02-04T14:50:59.974+0000] {dag.py:3239} INFO - Sync 1 DAGs
[2025-02-04T14:51:00.063+0000] {logging_mixin.py:190} INFO - [2025-02-04T14:51:00.061+0000] {dag.py:4180} INFO - Setting next_dagrun for example_sla_dag to 2025-02-04 14:48:00+00:00, run_after=2025-02-04 14:50:00+00:00
[2025-02-04T14:51:00.151+0000] {processor.py:208} INFO - Processing /home/airflow/.local/lib/python3.12/site-packages/airflow/example_dags/example_sla_dag.py took 0.302 seconds
[2025-02-04T14:51:32.347+0000] {processor.py:186} INFO - Started process (PID=349) to work on /home/airflow/.local/lib/python3.12/site-packages/airflow/example_dags/example_sla_dag.py
[2025-02-04T14:51:32.350+0000] {processor.py:914} INFO - Processing file /home/airflow/.local/lib/python3.12/site-packages/airflow/example_dags/example_sla_dag.py for tasks to queue
[2025-02-04T14:51:32.359+0000] {logging_mixin.py:190} INFO - [2025-02-04T14:51:32.358+0000] {dagbag.py:588} INFO - Filling up the DagBag from /home/airflow/.local/lib/python3.12/site-packages/airflow/example_dags/example_sla_dag.py
[2025-02-04T14:51:32.388+0000] {processor.py:925} INFO - DAG(s) 'example_sla_dag' retrieved from /home/airflow/.local/lib/python3.12/site-packages/airflow/example_dags/example_sla_dag.py
[2025-02-04T14:51:32.431+0000] {logging_mixin.py:190} INFO - [2025-02-04T14:51:32.431+0000] {dag.py:3239} INFO - Sync 1 DAGs
[2025-02-04T14:51:32.512+0000] {logging_mixin.py:190} INFO - [2025-02-04T14:51:32.512+0000] {dag.py:4180} INFO - Setting next_dagrun for example_sla_dag to 2025-02-04 14:48:00+00:00, run_after=2025-02-04 14:50:00+00:00
[2025-02-04T14:51:32.590+0000] {processor.py:208} INFO - Processing /home/airflow/.local/lib/python3.12/site-packages/airflow/example_dags/example_sla_dag.py took 0.265 seconds
[2025-02-04T14:52:26.923+0000] {processor.py:186} INFO - Started process (PID=413) to work on /home/airflow/.local/lib/python3.12/site-packages/airflow/example_dags/example_sla_dag.py
[2025-02-04T14:52:26.937+0000] {processor.py:914} INFO - Processing file /home/airflow/.local/lib/python3.12/site-packages/airflow/example_dags/example_sla_dag.py for tasks to queue
[2025-02-04T14:52:26.955+0000] {logging_mixin.py:190} INFO - [2025-02-04T14:52:26.954+0000] {dagbag.py:588} INFO - Filling up the DagBag from /home/airflow/.local/lib/python3.12/site-packages/airflow/example_dags/example_sla_dag.py
[2025-02-04T14:52:27.076+0000] {processor.py:925} INFO - DAG(s) 'example_sla_dag' retrieved from /home/airflow/.local/lib/python3.12/site-packages/airflow/example_dags/example_sla_dag.py
[2025-02-04T14:52:27.358+0000] {logging_mixin.py:190} INFO - [2025-02-04T14:52:27.346+0000] {dag.py:3239} INFO - Sync 1 DAGs
[2025-02-04T14:52:27.642+0000] {logging_mixin.py:190} INFO - [2025-02-04T14:52:27.642+0000] {dag.py:4180} INFO - Setting next_dagrun for example_sla_dag to 2025-02-04 14:50:00+00:00, run_after=2025-02-04 14:52:00+00:00
[2025-02-04T14:52:27.898+0000] {processor.py:208} INFO - Processing /home/airflow/.local/lib/python3.12/site-packages/airflow/example_dags/example_sla_dag.py took 1.033 seconds
[2025-02-04T14:52:58.120+0000] {processor.py:186} INFO - Started process (PID=480) to work on /home/airflow/.local/lib/python3.12/site-packages/airflow/example_dags/example_sla_dag.py
[2025-02-04T14:52:58.122+0000] {processor.py:914} INFO - Processing file /home/airflow/.local/lib/python3.12/site-packages/airflow/example_dags/example_sla_dag.py for tasks to queue
[2025-02-04T14:52:58.126+0000] {logging_mixin.py:190} INFO - [2025-02-04T14:52:58.125+0000] {dagbag.py:588} INFO - Filling up the DagBag from /home/airflow/.local/lib/python3.12/site-packages/airflow/example_dags/example_sla_dag.py
[2025-02-04T14:52:58.145+0000] {processor.py:925} INFO - DAG(s) 'example_sla_dag' retrieved from /home/airflow/.local/lib/python3.12/site-packages/airflow/example_dags/example_sla_dag.py
[2025-02-04T14:52:58.174+0000] {logging_mixin.py:190} INFO - [2025-02-04T14:52:58.174+0000] {dag.py:3239} INFO - Sync 1 DAGs
[2025-02-04T14:52:58.211+0000] {logging_mixin.py:190} INFO - [2025-02-04T14:52:58.211+0000] {dag.py:4180} INFO - Setting next_dagrun for example_sla_dag to 2025-02-04 14:50:00+00:00, run_after=2025-02-04 14:52:00+00:00
[2025-02-04T14:52:58.241+0000] {processor.py:208} INFO - Processing /home/airflow/.local/lib/python3.12/site-packages/airflow/example_dags/example_sla_dag.py took 0.131 seconds
[2025-02-04T14:53:28.992+0000] {processor.py:186} INFO - Started process (PID=547) to work on /home/airflow/.local/lib/python3.12/site-packages/airflow/example_dags/example_sla_dag.py
[2025-02-04T14:53:28.994+0000] {processor.py:914} INFO - Processing file /home/airflow/.local/lib/python3.12/site-packages/airflow/example_dags/example_sla_dag.py for tasks to queue
[2025-02-04T14:53:28.998+0000] {logging_mixin.py:190} INFO - [2025-02-04T14:53:28.997+0000] {dagbag.py:588} INFO - Filling up the DagBag from /home/airflow/.local/lib/python3.12/site-packages/airflow/example_dags/example_sla_dag.py
[2025-02-04T14:53:29.012+0000] {processor.py:925} INFO - DAG(s) 'example_sla_dag' retrieved from /home/airflow/.local/lib/python3.12/site-packages/airflow/example_dags/example_sla_dag.py
[2025-02-04T14:53:29.046+0000] {logging_mixin.py:190} INFO - [2025-02-04T14:53:29.045+0000] {dag.py:3239} INFO - Sync 1 DAGs
[2025-02-04T14:53:29.094+0000] {logging_mixin.py:190} INFO - [2025-02-04T14:53:29.094+0000] {dag.py:4180} INFO - Setting next_dagrun for example_sla_dag to 2025-02-04 14:50:00+00:00, run_after=2025-02-04 14:52:00+00:00
[2025-02-04T14:53:29.131+0000] {processor.py:208} INFO - Processing /home/airflow/.local/lib/python3.12/site-packages/airflow/example_dags/example_sla_dag.py took 0.153 seconds
[2025-02-04T14:53:59.562+0000] {processor.py:186} INFO - Started process (PID=615) to work on /home/airflow/.local/lib/python3.12/site-packages/airflow/example_dags/example_sla_dag.py
[2025-02-04T14:53:59.564+0000] {processor.py:914} INFO - Processing file /home/airflow/.local/lib/python3.12/site-packages/airflow/example_dags/example_sla_dag.py for tasks to queue
[2025-02-04T14:53:59.568+0000] {logging_mixin.py:190} INFO - [2025-02-04T14:53:59.568+0000] {dagbag.py:588} INFO - Filling up the DagBag from /home/airflow/.local/lib/python3.12/site-packages/airflow/example_dags/example_sla_dag.py
[2025-02-04T14:53:59.589+0000] {processor.py:925} INFO - DAG(s) 'example_sla_dag' retrieved from /home/airflow/.local/lib/python3.12/site-packages/airflow/example_dags/example_sla_dag.py
[2025-02-04T14:53:59.663+0000] {logging_mixin.py:190} INFO - [2025-02-04T14:53:59.662+0000] {dag.py:3239} INFO - Sync 1 DAGs
[2025-02-04T14:53:59.704+0000] {logging_mixin.py:190} INFO - [2025-02-04T14:53:59.703+0000] {dag.py:4180} INFO - Setting next_dagrun for example_sla_dag to 2025-02-04 14:50:00+00:00, run_after=2025-02-04 14:52:00+00:00
[2025-02-04T14:53:59.742+0000] {processor.py:208} INFO - Processing /home/airflow/.local/lib/python3.12/site-packages/airflow/example_dags/example_sla_dag.py took 0.190 seconds
[2025-02-04T14:54:30.851+0000] {processor.py:186} INFO - Started process (PID=682) to work on /home/airflow/.local/lib/python3.12/site-packages/airflow/example_dags/example_sla_dag.py
[2025-02-04T14:54:30.853+0000] {processor.py:914} INFO - Processing file /home/airflow/.local/lib/python3.12/site-packages/airflow/example_dags/example_sla_dag.py for tasks to queue
[2025-02-04T14:54:30.857+0000] {logging_mixin.py:190} INFO - [2025-02-04T14:54:30.857+0000] {dagbag.py:588} INFO - Filling up the DagBag from /home/airflow/.local/lib/python3.12/site-packages/airflow/example_dags/example_sla_dag.py
[2025-02-04T14:54:30.881+0000] {processor.py:925} INFO - DAG(s) 'example_sla_dag' retrieved from /home/airflow/.local/lib/python3.12/site-packages/airflow/example_dags/example_sla_dag.py
[2025-02-04T14:54:30.932+0000] {logging_mixin.py:190} INFO - [2025-02-04T14:54:30.931+0000] {dag.py:3239} INFO - Sync 1 DAGs
[2025-02-04T14:54:30.990+0000] {logging_mixin.py:190} INFO - [2025-02-04T14:54:30.990+0000] {dag.py:4180} INFO - Setting next_dagrun for example_sla_dag to 2025-02-04 14:52:00+00:00, run_after=2025-02-04 14:54:00+00:00
[2025-02-04T14:54:31.026+0000] {processor.py:208} INFO - Processing /home/airflow/.local/lib/python3.12/site-packages/airflow/example_dags/example_sla_dag.py took 0.202 seconds
[2025-02-04T14:55:01.741+0000] {processor.py:186} INFO - Started process (PID=748) to work on /home/airflow/.local/lib/python3.12/site-packages/airflow/example_dags/example_sla_dag.py
[2025-02-04T14:55:01.743+0000] {processor.py:914} INFO - Processing file /home/airflow/.local/lib/python3.12/site-packages/airflow/example_dags/example_sla_dag.py for tasks to queue
[2025-02-04T14:55:01.749+0000] {logging_mixin.py:190} INFO - [2025-02-04T14:55:01.748+0000] {dagbag.py:588} INFO - Filling up the DagBag from /home/airflow/.local/lib/python3.12/site-packages/airflow/example_dags/example_sla_dag.py
[2025-02-04T14:55:01.782+0000] {processor.py:925} INFO - DAG(s) 'example_sla_dag' retrieved from /home/airflow/.local/lib/python3.12/site-packages/airflow/example_dags/example_sla_dag.py
[2025-02-04T14:55:01.827+0000] {logging_mixin.py:190} INFO - [2025-02-04T14:55:01.826+0000] {dag.py:3239} INFO - Sync 1 DAGs
[2025-02-04T14:55:01.896+0000] {logging_mixin.py:190} INFO - [2025-02-04T14:55:01.896+0000] {dag.py:4180} INFO - Setting next_dagrun for example_sla_dag to 2025-02-04 14:52:00+00:00, run_after=2025-02-04 14:54:00+00:00
[2025-02-04T14:55:01.952+0000] {processor.py:208} INFO - Processing /home/airflow/.local/lib/python3.12/site-packages/airflow/example_dags/example_sla_dag.py took 0.225 seconds
[2025-02-04T14:55:32.537+0000] {processor.py:186} INFO - Started process (PID=816) to work on /home/airflow/.local/lib/python3.12/site-packages/airflow/example_dags/example_sla_dag.py
[2025-02-04T14:55:32.543+0000] {processor.py:914} INFO - Processing file /home/airflow/.local/lib/python3.12/site-packages/airflow/example_dags/example_sla_dag.py for tasks to queue
[2025-02-04T14:55:32.547+0000] {logging_mixin.py:190} INFO - [2025-02-04T14:55:32.546+0000] {dagbag.py:588} INFO - Filling up the DagBag from /home/airflow/.local/lib/python3.12/site-packages/airflow/example_dags/example_sla_dag.py
[2025-02-04T14:55:32.566+0000] {processor.py:925} INFO - DAG(s) 'example_sla_dag' retrieved from /home/airflow/.local/lib/python3.12/site-packages/airflow/example_dags/example_sla_dag.py
[2025-02-04T14:55:32.599+0000] {logging_mixin.py:190} INFO - [2025-02-04T14:55:32.599+0000] {dag.py:3239} INFO - Sync 1 DAGs
[2025-02-04T14:55:32.646+0000] {logging_mixin.py:190} INFO - [2025-02-04T14:55:32.645+0000] {dag.py:4180} INFO - Setting next_dagrun for example_sla_dag to 2025-02-04 14:52:00+00:00, run_after=2025-02-04 14:54:00+00:00
[2025-02-04T14:55:32.675+0000] {processor.py:208} INFO - Processing /home/airflow/.local/lib/python3.12/site-packages/airflow/example_dags/example_sla_dag.py took 0.156 seconds
[2025-02-04T14:56:16.393+0000] {processor.py:186} INFO - Started process (PID=886) to work on /home/airflow/.local/lib/python3.12/site-packages/airflow/example_dags/example_sla_dag.py
[2025-02-04T14:56:16.396+0000] {processor.py:914} INFO - Processing file /home/airflow/.local/lib/python3.12/site-packages/airflow/example_dags/example_sla_dag.py for tasks to queue
[2025-02-04T14:56:16.401+0000] {logging_mixin.py:190} INFO - [2025-02-04T14:56:16.400+0000] {dagbag.py:588} INFO - Filling up the DagBag from /home/airflow/.local/lib/python3.12/site-packages/airflow/example_dags/example_sla_dag.py
[2025-02-04T14:56:16.429+0000] {processor.py:925} INFO - DAG(s) 'example_sla_dag' retrieved from /home/airflow/.local/lib/python3.12/site-packages/airflow/example_dags/example_sla_dag.py
[2025-02-04T14:56:16.471+0000] {logging_mixin.py:190} INFO - [2025-02-04T14:56:16.470+0000] {dag.py:3239} INFO - Sync 1 DAGs
[2025-02-04T14:56:16.530+0000] {logging_mixin.py:190} INFO - [2025-02-04T14:56:16.530+0000] {dag.py:4180} INFO - Setting next_dagrun for example_sla_dag to 2025-02-04 14:54:00+00:00, run_after=2025-02-04 14:56:00+00:00
[2025-02-04T14:56:16.570+0000] {processor.py:208} INFO - Processing /home/airflow/.local/lib/python3.12/site-packages/airflow/example_dags/example_sla_dag.py took 0.192 seconds
[2025-02-04T14:56:51.008+0000] {processor.py:186} INFO - Started process (PID=950) to work on /home/airflow/.local/lib/python3.12/site-packages/airflow/example_dags/example_sla_dag.py
[2025-02-04T14:56:51.014+0000] {processor.py:914} INFO - Processing file /home/airflow/.local/lib/python3.12/site-packages/airflow/example_dags/example_sla_dag.py for tasks to queue
[2025-02-04T14:56:51.031+0000] {logging_mixin.py:190} INFO - [2025-02-04T14:56:51.021+0000] {dagbag.py:588} INFO - Filling up the DagBag from /home/airflow/.local/lib/python3.12/site-packages/airflow/example_dags/example_sla_dag.py
[2025-02-04T14:56:51.075+0000] {processor.py:925} INFO - DAG(s) 'example_sla_dag' retrieved from /home/airflow/.local/lib/python3.12/site-packages/airflow/example_dags/example_sla_dag.py
[2025-02-04T14:56:51.183+0000] {logging_mixin.py:190} INFO - [2025-02-04T14:56:51.177+0000] {dag.py:3239} INFO - Sync 1 DAGs
[2025-02-04T14:56:51.271+0000] {logging_mixin.py:190} INFO - [2025-02-04T14:56:51.271+0000] {dag.py:4180} INFO - Setting next_dagrun for example_sla_dag to 2025-02-04 14:54:00+00:00, run_after=2025-02-04 14:56:00+00:00
[2025-02-04T14:56:51.330+0000] {processor.py:208} INFO - Processing /home/airflow/.local/lib/python3.12/site-packages/airflow/example_dags/example_sla_dag.py took 0.337 seconds
[2025-02-04T14:57:22.220+0000] {processor.py:186} INFO - Started process (PID=1014) to work on /home/airflow/.local/lib/python3.12/site-packages/airflow/example_dags/example_sla_dag.py
[2025-02-04T14:57:22.221+0000] {processor.py:914} INFO - Processing file /home/airflow/.local/lib/python3.12/site-packages/airflow/example_dags/example_sla_dag.py for tasks to queue
[2025-02-04T14:57:22.225+0000] {logging_mixin.py:190} INFO - [2025-02-04T14:57:22.224+0000] {dagbag.py:588} INFO - Filling up the DagBag from /home/airflow/.local/lib/python3.12/site-packages/airflow/example_dags/example_sla_dag.py
[2025-02-04T14:57:22.240+0000] {processor.py:925} INFO - DAG(s) 'example_sla_dag' retrieved from /home/airflow/.local/lib/python3.12/site-packages/airflow/example_dags/example_sla_dag.py
[2025-02-04T14:57:22.271+0000] {logging_mixin.py:190} INFO - [2025-02-04T14:57:22.270+0000] {dag.py:3239} INFO - Sync 1 DAGs
[2025-02-04T14:57:22.320+0000] {logging_mixin.py:190} INFO - [2025-02-04T14:57:22.319+0000] {dag.py:4180} INFO - Setting next_dagrun for example_sla_dag to 2025-02-04 14:54:00+00:00, run_after=2025-02-04 14:56:00+00:00
[2025-02-04T14:57:22.357+0000] {processor.py:208} INFO - Processing /home/airflow/.local/lib/python3.12/site-packages/airflow/example_dags/example_sla_dag.py took 0.146 seconds
[2025-02-04T14:57:53.904+0000] {processor.py:186} INFO - Started process (PID=1077) to work on /home/airflow/.local/lib/python3.12/site-packages/airflow/example_dags/example_sla_dag.py
[2025-02-04T14:57:53.907+0000] {processor.py:914} INFO - Processing file /home/airflow/.local/lib/python3.12/site-packages/airflow/example_dags/example_sla_dag.py for tasks to queue
[2025-02-04T14:57:53.911+0000] {logging_mixin.py:190} INFO - [2025-02-04T14:57:53.911+0000] {dagbag.py:588} INFO - Filling up the DagBag from /home/airflow/.local/lib/python3.12/site-packages/airflow/example_dags/example_sla_dag.py
[2025-02-04T14:57:53.938+0000] {processor.py:925} INFO - DAG(s) 'example_sla_dag' retrieved from /home/airflow/.local/lib/python3.12/site-packages/airflow/example_dags/example_sla_dag.py
[2025-02-04T14:57:53.978+0000] {logging_mixin.py:190} INFO - [2025-02-04T14:57:53.977+0000] {dag.py:3239} INFO - Sync 1 DAGs
[2025-02-04T14:57:54.025+0000] {logging_mixin.py:190} INFO - [2025-02-04T14:57:54.024+0000] {dag.py:4180} INFO - Setting next_dagrun for example_sla_dag to 2025-02-04 14:54:00+00:00, run_after=2025-02-04 14:56:00+00:00
[2025-02-04T14:57:54.056+0000] {processor.py:208} INFO - Processing /home/airflow/.local/lib/python3.12/site-packages/airflow/example_dags/example_sla_dag.py took 0.169 seconds
[2025-02-04T14:58:25.920+0000] {processor.py:186} INFO - Started process (PID=1143) to work on /home/airflow/.local/lib/python3.12/site-packages/airflow/example_dags/example_sla_dag.py
[2025-02-04T14:58:25.921+0000] {processor.py:914} INFO - Processing file /home/airflow/.local/lib/python3.12/site-packages/airflow/example_dags/example_sla_dag.py for tasks to queue
[2025-02-04T14:58:25.926+0000] {logging_mixin.py:190} INFO - [2025-02-04T14:58:25.926+0000] {dagbag.py:588} INFO - Filling up the DagBag from /home/airflow/.local/lib/python3.12/site-packages/airflow/example_dags/example_sla_dag.py
[2025-02-04T14:58:25.959+0000] {processor.py:925} INFO - DAG(s) 'example_sla_dag' retrieved from /home/airflow/.local/lib/python3.12/site-packages/airflow/example_dags/example_sla_dag.py
[2025-02-04T14:58:26.031+0000] {logging_mixin.py:190} INFO - [2025-02-04T14:58:26.030+0000] {dag.py:3239} INFO - Sync 1 DAGs
[2025-02-04T14:58:26.079+0000] {logging_mixin.py:190} INFO - [2025-02-04T14:58:26.079+0000] {dag.py:4180} INFO - Setting next_dagrun for example_sla_dag to 2025-02-04 14:56:00+00:00, run_after=2025-02-04 14:58:00+00:00
[2025-02-04T14:58:26.111+0000] {processor.py:208} INFO - Processing /home/airflow/.local/lib/python3.12/site-packages/airflow/example_dags/example_sla_dag.py took 0.201 seconds
[2025-02-04T14:58:56.462+0000] {processor.py:186} INFO - Started process (PID=1206) to work on /home/airflow/.local/lib/python3.12/site-packages/airflow/example_dags/example_sla_dag.py
[2025-02-04T14:58:56.464+0000] {processor.py:914} INFO - Processing file /home/airflow/.local/lib/python3.12/site-packages/airflow/example_dags/example_sla_dag.py for tasks to queue
[2025-02-04T14:58:56.468+0000] {logging_mixin.py:190} INFO - [2025-02-04T14:58:56.467+0000] {dagbag.py:588} INFO - Filling up the DagBag from /home/airflow/.local/lib/python3.12/site-packages/airflow/example_dags/example_sla_dag.py
[2025-02-04T14:58:56.486+0000] {processor.py:925} INFO - DAG(s) 'example_sla_dag' retrieved from /home/airflow/.local/lib/python3.12/site-packages/airflow/example_dags/example_sla_dag.py
[2025-02-04T14:58:56.523+0000] {logging_mixin.py:190} INFO - [2025-02-04T14:58:56.522+0000] {dag.py:3239} INFO - Sync 1 DAGs
[2025-02-04T14:58:56.592+0000] {logging_mixin.py:190} INFO - [2025-02-04T14:58:56.592+0000] {dag.py:4180} INFO - Setting next_dagrun for example_sla_dag to 2025-02-04 14:56:00+00:00, run_after=2025-02-04 14:58:00+00:00
[2025-02-04T14:58:56.634+0000] {processor.py:208} INFO - Processing /home/airflow/.local/lib/python3.12/site-packages/airflow/example_dags/example_sla_dag.py took 0.183 seconds
[2025-02-04T14:59:26.873+0000] {processor.py:186} INFO - Started process (PID=1270) to work on /home/airflow/.local/lib/python3.12/site-packages/airflow/example_dags/example_sla_dag.py
[2025-02-04T14:59:26.875+0000] {processor.py:914} INFO - Processing file /home/airflow/.local/lib/python3.12/site-packages/airflow/example_dags/example_sla_dag.py for tasks to queue
[2025-02-04T14:59:26.880+0000] {logging_mixin.py:190} INFO - [2025-02-04T14:59:26.879+0000] {dagbag.py:588} INFO - Filling up the DagBag from /home/airflow/.local/lib/python3.12/site-packages/airflow/example_dags/example_sla_dag.py
[2025-02-04T14:59:26.926+0000] {processor.py:925} INFO - DAG(s) 'example_sla_dag' retrieved from /home/airflow/.local/lib/python3.12/site-packages/airflow/example_dags/example_sla_dag.py
[2025-02-04T14:59:26.964+0000] {logging_mixin.py:190} INFO - [2025-02-04T14:59:26.963+0000] {dag.py:3239} INFO - Sync 1 DAGs
[2025-02-04T14:59:27.013+0000] {logging_mixin.py:190} INFO - [2025-02-04T14:59:27.013+0000] {dag.py:4180} INFO - Setting next_dagrun for example_sla_dag to 2025-02-04 14:56:00+00:00, run_after=2025-02-04 14:58:00+00:00
[2025-02-04T14:59:27.043+0000] {processor.py:208} INFO - Processing /home/airflow/.local/lib/python3.12/site-packages/airflow/example_dags/example_sla_dag.py took 0.203 seconds
[2025-02-04T14:59:57.565+0000] {processor.py:186} INFO - Started process (PID=1334) to work on /home/airflow/.local/lib/python3.12/site-packages/airflow/example_dags/example_sla_dag.py
[2025-02-04T14:59:57.566+0000] {processor.py:914} INFO - Processing file /home/airflow/.local/lib/python3.12/site-packages/airflow/example_dags/example_sla_dag.py for tasks to queue
[2025-02-04T14:59:57.570+0000] {logging_mixin.py:190} INFO - [2025-02-04T14:59:57.569+0000] {dagbag.py:588} INFO - Filling up the DagBag from /home/airflow/.local/lib/python3.12/site-packages/airflow/example_dags/example_sla_dag.py
[2025-02-04T14:59:57.584+0000] {processor.py:925} INFO - DAG(s) 'example_sla_dag' retrieved from /home/airflow/.local/lib/python3.12/site-packages/airflow/example_dags/example_sla_dag.py
[2025-02-04T14:59:57.613+0000] {logging_mixin.py:190} INFO - [2025-02-04T14:59:57.612+0000] {dag.py:3239} INFO - Sync 1 DAGs
[2025-02-04T14:59:57.650+0000] {logging_mixin.py:190} INFO - [2025-02-04T14:59:57.650+0000] {dag.py:4180} INFO - Setting next_dagrun for example_sla_dag to 2025-02-04 14:56:00+00:00, run_after=2025-02-04 14:58:00+00:00
[2025-02-04T14:59:57.686+0000] {processor.py:208} INFO - Processing /home/airflow/.local/lib/python3.12/site-packages/airflow/example_dags/example_sla_dag.py took 0.129 seconds
[2025-02-04T15:00:28.513+0000] {processor.py:186} INFO - Started process (PID=1398) to work on /home/airflow/.local/lib/python3.12/site-packages/airflow/example_dags/example_sla_dag.py
[2025-02-04T15:00:28.514+0000] {processor.py:914} INFO - Processing file /home/airflow/.local/lib/python3.12/site-packages/airflow/example_dags/example_sla_dag.py for tasks to queue
[2025-02-04T15:00:28.519+0000] {logging_mixin.py:190} INFO - [2025-02-04T15:00:28.518+0000] {dagbag.py:588} INFO - Filling up the DagBag from /home/airflow/.local/lib/python3.12/site-packages/airflow/example_dags/example_sla_dag.py
[2025-02-04T15:00:28.537+0000] {processor.py:925} INFO - DAG(s) 'example_sla_dag' retrieved from /home/airflow/.local/lib/python3.12/site-packages/airflow/example_dags/example_sla_dag.py
[2025-02-04T15:00:28.565+0000] {logging_mixin.py:190} INFO - [2025-02-04T15:00:28.564+0000] {dag.py:3239} INFO - Sync 1 DAGs
[2025-02-04T15:00:28.603+0000] {logging_mixin.py:190} INFO - [2025-02-04T15:00:28.603+0000] {dag.py:4180} INFO - Setting next_dagrun for example_sla_dag to 2025-02-04 14:58:00+00:00, run_after=2025-02-04 15:00:00+00:00
[2025-02-04T15:00:28.632+0000] {processor.py:208} INFO - Processing /home/airflow/.local/lib/python3.12/site-packages/airflow/example_dags/example_sla_dag.py took 0.130 seconds
[2025-02-04T15:01:00.029+0000] {processor.py:186} INFO - Started process (PID=1463) to work on /home/airflow/.local/lib/python3.12/site-packages/airflow/example_dags/example_sla_dag.py
[2025-02-04T15:01:00.030+0000] {processor.py:914} INFO - Processing file /home/airflow/.local/lib/python3.12/site-packages/airflow/example_dags/example_sla_dag.py for tasks to queue
[2025-02-04T15:01:00.035+0000] {logging_mixin.py:190} INFO - [2025-02-04T15:01:00.035+0000] {dagbag.py:588} INFO - Filling up the DagBag from /home/airflow/.local/lib/python3.12/site-packages/airflow/example_dags/example_sla_dag.py
[2025-02-04T15:01:00.054+0000] {processor.py:925} INFO - DAG(s) 'example_sla_dag' retrieved from /home/airflow/.local/lib/python3.12/site-packages/airflow/example_dags/example_sla_dag.py
[2025-02-04T15:01:00.093+0000] {logging_mixin.py:190} INFO - [2025-02-04T15:01:00.092+0000] {dag.py:3239} INFO - Sync 1 DAGs
[2025-02-04T15:01:00.145+0000] {logging_mixin.py:190} INFO - [2025-02-04T15:01:00.145+0000] {dag.py:4180} INFO - Setting next_dagrun for example_sla_dag to 2025-02-04 14:58:00+00:00, run_after=2025-02-04 15:00:00+00:00
[2025-02-04T15:01:00.179+0000] {processor.py:208} INFO - Processing /home/airflow/.local/lib/python3.12/site-packages/airflow/example_dags/example_sla_dag.py took 0.162 seconds
[2025-02-04T15:01:31.519+0000] {processor.py:186} INFO - Started process (PID=1527) to work on /home/airflow/.local/lib/python3.12/site-packages/airflow/example_dags/example_sla_dag.py
[2025-02-04T15:01:31.521+0000] {processor.py:914} INFO - Processing file /home/airflow/.local/lib/python3.12/site-packages/airflow/example_dags/example_sla_dag.py for tasks to queue
[2025-02-04T15:01:31.528+0000] {logging_mixin.py:190} INFO - [2025-02-04T15:01:31.527+0000] {dagbag.py:588} INFO - Filling up the DagBag from /home/airflow/.local/lib/python3.12/site-packages/airflow/example_dags/example_sla_dag.py
[2025-02-04T15:01:31.553+0000] {processor.py:925} INFO - DAG(s) 'example_sla_dag' retrieved from /home/airflow/.local/lib/python3.12/site-packages/airflow/example_dags/example_sla_dag.py
[2025-02-04T15:01:31.631+0000] {logging_mixin.py:190} INFO - [2025-02-04T15:01:31.630+0000] {dag.py:3239} INFO - Sync 1 DAGs
[2025-02-04T15:01:31.741+0000] {logging_mixin.py:190} INFO - [2025-02-04T15:01:31.741+0000] {dag.py:4180} INFO - Setting next_dagrun for example_sla_dag to 2025-02-04 14:58:00+00:00, run_after=2025-02-04 15:00:00+00:00
[2025-02-04T15:01:31.841+0000] {processor.py:208} INFO - Processing /home/airflow/.local/lib/python3.12/site-packages/airflow/example_dags/example_sla_dag.py took 0.339 seconds
