[2025-02-04T14:07:57.004+0000] {processor.py:186} INFO - Started process (PID=124) to work on /home/airflow/.local/lib/python3.12/site-packages/airflow/example_dags/example_latest_only_with_trigger.py
[2025-02-04T14:07:57.021+0000] {processor.py:914} INFO - Processing file /home/airflow/.local/lib/python3.12/site-packages/airflow/example_dags/example_latest_only_with_trigger.py for tasks to queue
[2025-02-04T14:07:57.057+0000] {logging_mixin.py:190} INFO - [2025-02-04T14:07:57.056+0000] {dagbag.py:588} INFO - Filling up the DagBag from /home/airflow/.local/lib/python3.12/site-packages/airflow/example_dags/example_latest_only_with_trigger.py
[2025-02-04T14:07:57.160+0000] {processor.py:925} INFO - DAG(s) 'latest_only_with_trigger' retrieved from /home/airflow/.local/lib/python3.12/site-packages/airflow/example_dags/example_latest_only_with_trigger.py
[2025-02-04T14:07:59.677+0000] {logging_mixin.py:190} INFO - [2025-02-04T14:07:59.675+0000] {override.py:1911} INFO - Created Permission View: can delete on DAG:latest_only_with_trigger
[2025-02-04T14:07:59.852+0000] {logging_mixin.py:190} INFO - [2025-02-04T14:07:59.852+0000] {override.py:1911} INFO - Created Permission View: can read on DAG:latest_only_with_trigger
[2025-02-04T14:07:59.968+0000] {logging_mixin.py:190} INFO - [2025-02-04T14:07:59.967+0000] {override.py:1911} INFO - Created Permission View: can edit on DAG:latest_only_with_trigger
[2025-02-04T14:08:00.039+0000] {logging_mixin.py:190} INFO - [2025-02-04T14:08:00.038+0000] {override.py:1911} INFO - Created Permission View: can delete on DAG Run:latest_only_with_trigger
[2025-02-04T14:08:00.221+0000] {logging_mixin.py:190} INFO - [2025-02-04T14:08:00.221+0000] {override.py:1911} INFO - Created Permission View: menu access on DAG Run:latest_only_with_trigger
[2025-02-04T14:08:00.476+0000] {logging_mixin.py:190} INFO - [2025-02-04T14:08:00.475+0000] {override.py:1911} INFO - Created Permission View: can read on DAG Run:latest_only_with_trigger
[2025-02-04T14:08:00.581+0000] {logging_mixin.py:190} INFO - [2025-02-04T14:08:00.581+0000] {override.py:1911} INFO - Created Permission View: can create on DAG Run:latest_only_with_trigger
[2025-02-04T14:08:00.588+0000] {logging_mixin.py:190} INFO - [2025-02-04T14:08:00.588+0000] {dag.py:3239} INFO - Sync 1 DAGs
[2025-02-04T14:08:00.921+0000] {logging_mixin.py:190} INFO - [2025-02-04T14:08:00.920+0000] {dag.py:3262} INFO - Creating ORM DAG for latest_only_with_trigger
[2025-02-04T14:08:01.192+0000] {logging_mixin.py:190} INFO - [2025-02-04T14:08:01.191+0000] {dag.py:4180} INFO - Setting next_dagrun for latest_only_with_trigger to 2025-02-04 08:00:00+00:00, run_after=2025-02-04 12:00:00+00:00
[2025-02-04T14:08:01.489+0000] {processor.py:208} INFO - Processing /home/airflow/.local/lib/python3.12/site-packages/airflow/example_dags/example_latest_only_with_trigger.py took 4.558 seconds
[2025-02-04T14:08:36.581+0000] {processor.py:186} INFO - Started process (PID=194) to work on /home/airflow/.local/lib/python3.12/site-packages/airflow/example_dags/example_latest_only_with_trigger.py
[2025-02-04T14:08:36.583+0000] {processor.py:914} INFO - Processing file /home/airflow/.local/lib/python3.12/site-packages/airflow/example_dags/example_latest_only_with_trigger.py for tasks to queue
[2025-02-04T14:08:36.588+0000] {logging_mixin.py:190} INFO - [2025-02-04T14:08:36.588+0000] {dagbag.py:588} INFO - Filling up the DagBag from /home/airflow/.local/lib/python3.12/site-packages/airflow/example_dags/example_latest_only_with_trigger.py
[2025-02-04T14:08:36.606+0000] {processor.py:925} INFO - DAG(s) 'latest_only_with_trigger' retrieved from /home/airflow/.local/lib/python3.12/site-packages/airflow/example_dags/example_latest_only_with_trigger.py
[2025-02-04T14:08:36.654+0000] {logging_mixin.py:190} INFO - [2025-02-04T14:08:36.653+0000] {dag.py:3239} INFO - Sync 1 DAGs
[2025-02-04T14:08:36.720+0000] {logging_mixin.py:190} INFO - [2025-02-04T14:08:36.719+0000] {dag.py:4180} INFO - Setting next_dagrun for latest_only_with_trigger to 2025-02-04 08:00:00+00:00, run_after=2025-02-04 12:00:00+00:00
[2025-02-04T14:08:36.771+0000] {processor.py:208} INFO - Processing /home/airflow/.local/lib/python3.12/site-packages/airflow/example_dags/example_latest_only_with_trigger.py took 0.205 seconds
[2025-02-04T14:09:07.296+0000] {processor.py:186} INFO - Started process (PID=257) to work on /home/airflow/.local/lib/python3.12/site-packages/airflow/example_dags/example_latest_only_with_trigger.py
[2025-02-04T14:09:07.308+0000] {processor.py:914} INFO - Processing file /home/airflow/.local/lib/python3.12/site-packages/airflow/example_dags/example_latest_only_with_trigger.py for tasks to queue
[2025-02-04T14:09:07.320+0000] {logging_mixin.py:190} INFO - [2025-02-04T14:09:07.319+0000] {dagbag.py:588} INFO - Filling up the DagBag from /home/airflow/.local/lib/python3.12/site-packages/airflow/example_dags/example_latest_only_with_trigger.py
[2025-02-04T14:09:07.347+0000] {processor.py:925} INFO - DAG(s) 'latest_only_with_trigger' retrieved from /home/airflow/.local/lib/python3.12/site-packages/airflow/example_dags/example_latest_only_with_trigger.py
[2025-02-04T14:09:07.397+0000] {logging_mixin.py:190} INFO - [2025-02-04T14:09:07.397+0000] {dag.py:3239} INFO - Sync 1 DAGs
[2025-02-04T14:09:07.446+0000] {logging_mixin.py:190} INFO - [2025-02-04T14:09:07.445+0000] {dag.py:4180} INFO - Setting next_dagrun for latest_only_with_trigger to 2025-02-04 08:00:00+00:00, run_after=2025-02-04 12:00:00+00:00
[2025-02-04T14:09:07.480+0000] {processor.py:208} INFO - Processing /home/airflow/.local/lib/python3.12/site-packages/airflow/example_dags/example_latest_only_with_trigger.py took 0.205 seconds
[2025-02-04T14:09:37.660+0000] {processor.py:186} INFO - Started process (PID=320) to work on /home/airflow/.local/lib/python3.12/site-packages/airflow/example_dags/example_latest_only_with_trigger.py
[2025-02-04T14:09:37.663+0000] {processor.py:914} INFO - Processing file /home/airflow/.local/lib/python3.12/site-packages/airflow/example_dags/example_latest_only_with_trigger.py for tasks to queue
[2025-02-04T14:09:37.668+0000] {logging_mixin.py:190} INFO - [2025-02-04T14:09:37.667+0000] {dagbag.py:588} INFO - Filling up the DagBag from /home/airflow/.local/lib/python3.12/site-packages/airflow/example_dags/example_latest_only_with_trigger.py
[2025-02-04T14:09:37.681+0000] {processor.py:925} INFO - DAG(s) 'latest_only_with_trigger' retrieved from /home/airflow/.local/lib/python3.12/site-packages/airflow/example_dags/example_latest_only_with_trigger.py
[2025-02-04T14:09:37.713+0000] {logging_mixin.py:190} INFO - [2025-02-04T14:09:37.713+0000] {dag.py:3239} INFO - Sync 1 DAGs
[2025-02-04T14:09:37.747+0000] {logging_mixin.py:190} INFO - [2025-02-04T14:09:37.747+0000] {dag.py:4180} INFO - Setting next_dagrun for latest_only_with_trigger to 2025-02-04 08:00:00+00:00, run_after=2025-02-04 12:00:00+00:00
[2025-02-04T14:09:37.787+0000] {processor.py:208} INFO - Processing /home/airflow/.local/lib/python3.12/site-packages/airflow/example_dags/example_latest_only_with_trigger.py took 0.136 seconds
[2025-02-04T14:10:08.518+0000] {processor.py:186} INFO - Started process (PID=384) to work on /home/airflow/.local/lib/python3.12/site-packages/airflow/example_dags/example_latest_only_with_trigger.py
[2025-02-04T14:10:08.520+0000] {processor.py:914} INFO - Processing file /home/airflow/.local/lib/python3.12/site-packages/airflow/example_dags/example_latest_only_with_trigger.py for tasks to queue
[2025-02-04T14:10:08.524+0000] {logging_mixin.py:190} INFO - [2025-02-04T14:10:08.524+0000] {dagbag.py:588} INFO - Filling up the DagBag from /home/airflow/.local/lib/python3.12/site-packages/airflow/example_dags/example_latest_only_with_trigger.py
[2025-02-04T14:10:08.537+0000] {processor.py:925} INFO - DAG(s) 'latest_only_with_trigger' retrieved from /home/airflow/.local/lib/python3.12/site-packages/airflow/example_dags/example_latest_only_with_trigger.py
[2025-02-04T14:10:08.573+0000] {logging_mixin.py:190} INFO - [2025-02-04T14:10:08.573+0000] {dag.py:3239} INFO - Sync 1 DAGs
[2025-02-04T14:10:08.612+0000] {logging_mixin.py:190} INFO - [2025-02-04T14:10:08.612+0000] {dag.py:4180} INFO - Setting next_dagrun for latest_only_with_trigger to 2025-02-04 08:00:00+00:00, run_after=2025-02-04 12:00:00+00:00
[2025-02-04T14:10:08.650+0000] {processor.py:208} INFO - Processing /home/airflow/.local/lib/python3.12/site-packages/airflow/example_dags/example_latest_only_with_trigger.py took 0.140 seconds
[2025-02-04T14:10:53.573+0000] {processor.py:186} INFO - Started process (PID=448) to work on /home/airflow/.local/lib/python3.12/site-packages/airflow/example_dags/example_latest_only_with_trigger.py
[2025-02-04T14:10:53.575+0000] {processor.py:914} INFO - Processing file /home/airflow/.local/lib/python3.12/site-packages/airflow/example_dags/example_latest_only_with_trigger.py for tasks to queue
[2025-02-04T14:10:53.580+0000] {logging_mixin.py:190} INFO - [2025-02-04T14:10:53.580+0000] {dagbag.py:588} INFO - Filling up the DagBag from /home/airflow/.local/lib/python3.12/site-packages/airflow/example_dags/example_latest_only_with_trigger.py
[2025-02-04T14:10:53.603+0000] {processor.py:925} INFO - DAG(s) 'latest_only_with_trigger' retrieved from /home/airflow/.local/lib/python3.12/site-packages/airflow/example_dags/example_latest_only_with_trigger.py
[2025-02-04T14:10:53.659+0000] {logging_mixin.py:190} INFO - [2025-02-04T14:10:53.658+0000] {dag.py:3239} INFO - Sync 1 DAGs
[2025-02-04T14:10:53.720+0000] {logging_mixin.py:190} INFO - [2025-02-04T14:10:53.719+0000] {dag.py:4180} INFO - Setting next_dagrun for latest_only_with_trigger to 2025-02-04 08:00:00+00:00, run_after=2025-02-04 12:00:00+00:00
[2025-02-04T14:10:53.928+0000] {processor.py:208} INFO - Processing /home/airflow/.local/lib/python3.12/site-packages/airflow/example_dags/example_latest_only_with_trigger.py took 0.368 seconds
[2025-02-04T14:11:32.371+0000] {processor.py:186} INFO - Started process (PID=516) to work on /home/airflow/.local/lib/python3.12/site-packages/airflow/example_dags/example_latest_only_with_trigger.py
[2025-02-04T14:11:32.374+0000] {processor.py:914} INFO - Processing file /home/airflow/.local/lib/python3.12/site-packages/airflow/example_dags/example_latest_only_with_trigger.py for tasks to queue
[2025-02-04T14:11:32.387+0000] {logging_mixin.py:190} INFO - [2025-02-04T14:11:32.386+0000] {dagbag.py:588} INFO - Filling up the DagBag from /home/airflow/.local/lib/python3.12/site-packages/airflow/example_dags/example_latest_only_with_trigger.py
[2025-02-04T14:11:32.412+0000] {processor.py:925} INFO - DAG(s) 'latest_only_with_trigger' retrieved from /home/airflow/.local/lib/python3.12/site-packages/airflow/example_dags/example_latest_only_with_trigger.py
[2025-02-04T14:11:32.510+0000] {logging_mixin.py:190} INFO - [2025-02-04T14:11:32.510+0000] {dag.py:3239} INFO - Sync 1 DAGs
[2025-02-04T14:11:32.602+0000] {logging_mixin.py:190} INFO - [2025-02-04T14:11:32.601+0000] {dag.py:4180} INFO - Setting next_dagrun for latest_only_with_trigger to 2025-02-04 08:00:00+00:00, run_after=2025-02-04 12:00:00+00:00
[2025-02-04T14:11:32.665+0000] {processor.py:208} INFO - Processing /home/airflow/.local/lib/python3.12/site-packages/airflow/example_dags/example_latest_only_with_trigger.py took 0.312 seconds
[2025-02-04T14:18:44.339+0000] {processor.py:186} INFO - Started process (PID=110) to work on /home/airflow/.local/lib/python3.12/site-packages/airflow/example_dags/example_latest_only_with_trigger.py
[2025-02-04T14:18:44.342+0000] {processor.py:914} INFO - Processing file /home/airflow/.local/lib/python3.12/site-packages/airflow/example_dags/example_latest_only_with_trigger.py for tasks to queue
[2025-02-04T14:18:44.347+0000] {logging_mixin.py:190} INFO - [2025-02-04T14:18:44.347+0000] {dagbag.py:588} INFO - Filling up the DagBag from /home/airflow/.local/lib/python3.12/site-packages/airflow/example_dags/example_latest_only_with_trigger.py
[2025-02-04T14:18:44.363+0000] {processor.py:925} INFO - DAG(s) 'latest_only_with_trigger' retrieved from /home/airflow/.local/lib/python3.12/site-packages/airflow/example_dags/example_latest_only_with_trigger.py
[2025-02-04T14:18:44.417+0000] {logging_mixin.py:190} INFO - [2025-02-04T14:18:44.416+0000] {dag.py:3239} INFO - Sync 1 DAGs
[2025-02-04T14:18:44.470+0000] {logging_mixin.py:190} INFO - [2025-02-04T14:18:44.470+0000] {dag.py:4180} INFO - Setting next_dagrun for latest_only_with_trigger to 2025-02-04 08:00:00+00:00, run_after=2025-02-04 12:00:00+00:00
[2025-02-04T14:18:44.535+0000] {processor.py:208} INFO - Processing /home/airflow/.local/lib/python3.12/site-packages/airflow/example_dags/example_latest_only_with_trigger.py took 0.210 seconds
[2025-02-04T14:19:16.235+0000] {processor.py:186} INFO - Started process (PID=174) to work on /home/airflow/.local/lib/python3.12/site-packages/airflow/example_dags/example_latest_only_with_trigger.py
[2025-02-04T14:19:16.240+0000] {processor.py:914} INFO - Processing file /home/airflow/.local/lib/python3.12/site-packages/airflow/example_dags/example_latest_only_with_trigger.py for tasks to queue
[2025-02-04T14:19:16.252+0000] {logging_mixin.py:190} INFO - [2025-02-04T14:19:16.252+0000] {dagbag.py:588} INFO - Filling up the DagBag from /home/airflow/.local/lib/python3.12/site-packages/airflow/example_dags/example_latest_only_with_trigger.py
[2025-02-04T14:19:16.324+0000] {processor.py:925} INFO - DAG(s) 'latest_only_with_trigger' retrieved from /home/airflow/.local/lib/python3.12/site-packages/airflow/example_dags/example_latest_only_with_trigger.py
[2025-02-04T14:19:16.477+0000] {logging_mixin.py:190} INFO - [2025-02-04T14:19:16.476+0000] {dag.py:3239} INFO - Sync 1 DAGs
[2025-02-04T14:19:16.567+0000] {logging_mixin.py:190} INFO - [2025-02-04T14:19:16.566+0000] {dag.py:4180} INFO - Setting next_dagrun for latest_only_with_trigger to 2025-02-04 08:00:00+00:00, run_after=2025-02-04 12:00:00+00:00
[2025-02-04T14:19:16.626+0000] {processor.py:208} INFO - Processing /home/airflow/.local/lib/python3.12/site-packages/airflow/example_dags/example_latest_only_with_trigger.py took 0.417 seconds
[2025-02-04T14:19:47.339+0000] {processor.py:186} INFO - Started process (PID=247) to work on /home/airflow/.local/lib/python3.12/site-packages/airflow/example_dags/example_latest_only_with_trigger.py
[2025-02-04T14:19:47.340+0000] {processor.py:914} INFO - Processing file /home/airflow/.local/lib/python3.12/site-packages/airflow/example_dags/example_latest_only_with_trigger.py for tasks to queue
[2025-02-04T14:19:47.342+0000] {logging_mixin.py:190} INFO - [2025-02-04T14:19:47.342+0000] {dagbag.py:588} INFO - Filling up the DagBag from /home/airflow/.local/lib/python3.12/site-packages/airflow/example_dags/example_latest_only_with_trigger.py
[2025-02-04T14:19:47.355+0000] {processor.py:925} INFO - DAG(s) 'latest_only_with_trigger' retrieved from /home/airflow/.local/lib/python3.12/site-packages/airflow/example_dags/example_latest_only_with_trigger.py
[2025-02-04T14:19:47.389+0000] {logging_mixin.py:190} INFO - [2025-02-04T14:19:47.388+0000] {dag.py:3239} INFO - Sync 1 DAGs
[2025-02-04T14:19:47.425+0000] {logging_mixin.py:190} INFO - [2025-02-04T14:19:47.425+0000] {dag.py:4180} INFO - Setting next_dagrun for latest_only_with_trigger to 2025-02-04 08:00:00+00:00, run_after=2025-02-04 12:00:00+00:00
[2025-02-04T14:19:47.462+0000] {processor.py:208} INFO - Processing /home/airflow/.local/lib/python3.12/site-packages/airflow/example_dags/example_latest_only_with_trigger.py took 0.132 seconds
[2025-02-04T14:20:17.772+0000] {processor.py:186} INFO - Started process (PID=314) to work on /home/airflow/.local/lib/python3.12/site-packages/airflow/example_dags/example_latest_only_with_trigger.py
[2025-02-04T14:20:17.774+0000] {processor.py:914} INFO - Processing file /home/airflow/.local/lib/python3.12/site-packages/airflow/example_dags/example_latest_only_with_trigger.py for tasks to queue
[2025-02-04T14:20:17.776+0000] {logging_mixin.py:190} INFO - [2025-02-04T14:20:17.776+0000] {dagbag.py:588} INFO - Filling up the DagBag from /home/airflow/.local/lib/python3.12/site-packages/airflow/example_dags/example_latest_only_with_trigger.py
[2025-02-04T14:20:17.792+0000] {processor.py:925} INFO - DAG(s) 'latest_only_with_trigger' retrieved from /home/airflow/.local/lib/python3.12/site-packages/airflow/example_dags/example_latest_only_with_trigger.py
[2025-02-04T14:20:17.835+0000] {logging_mixin.py:190} INFO - [2025-02-04T14:20:17.834+0000] {dag.py:3239} INFO - Sync 1 DAGs
[2025-02-04T14:20:17.870+0000] {logging_mixin.py:190} INFO - [2025-02-04T14:20:17.870+0000] {dag.py:4180} INFO - Setting next_dagrun for latest_only_with_trigger to 2025-02-04 08:00:00+00:00, run_after=2025-02-04 12:00:00+00:00
[2025-02-04T14:20:17.902+0000] {processor.py:208} INFO - Processing /home/airflow/.local/lib/python3.12/site-packages/airflow/example_dags/example_latest_only_with_trigger.py took 0.141 seconds
[2025-02-04T14:20:55.157+0000] {processor.py:186} INFO - Started process (PID=386) to work on /home/airflow/.local/lib/python3.12/site-packages/airflow/example_dags/example_latest_only_with_trigger.py
[2025-02-04T14:20:55.159+0000] {processor.py:914} INFO - Processing file /home/airflow/.local/lib/python3.12/site-packages/airflow/example_dags/example_latest_only_with_trigger.py for tasks to queue
[2025-02-04T14:20:55.161+0000] {logging_mixin.py:190} INFO - [2025-02-04T14:20:55.161+0000] {dagbag.py:588} INFO - Filling up the DagBag from /home/airflow/.local/lib/python3.12/site-packages/airflow/example_dags/example_latest_only_with_trigger.py
[2025-02-04T14:20:55.173+0000] {processor.py:925} INFO - DAG(s) 'latest_only_with_trigger' retrieved from /home/airflow/.local/lib/python3.12/site-packages/airflow/example_dags/example_latest_only_with_trigger.py
[2025-02-04T14:20:55.208+0000] {logging_mixin.py:190} INFO - [2025-02-04T14:20:55.208+0000] {dag.py:3239} INFO - Sync 1 DAGs
[2025-02-04T14:20:55.244+0000] {logging_mixin.py:190} INFO - [2025-02-04T14:20:55.244+0000] {dag.py:4180} INFO - Setting next_dagrun for latest_only_with_trigger to 2025-02-04 08:00:00+00:00, run_after=2025-02-04 12:00:00+00:00
[2025-02-04T14:20:55.276+0000] {processor.py:208} INFO - Processing /home/airflow/.local/lib/python3.12/site-packages/airflow/example_dags/example_latest_only_with_trigger.py took 0.127 seconds
[2025-02-04T14:21:26.108+0000] {processor.py:186} INFO - Started process (PID=457) to work on /home/airflow/.local/lib/python3.12/site-packages/airflow/example_dags/example_latest_only_with_trigger.py
[2025-02-04T14:21:26.111+0000] {processor.py:914} INFO - Processing file /home/airflow/.local/lib/python3.12/site-packages/airflow/example_dags/example_latest_only_with_trigger.py for tasks to queue
[2025-02-04T14:21:26.114+0000] {logging_mixin.py:190} INFO - [2025-02-04T14:21:26.113+0000] {dagbag.py:588} INFO - Filling up the DagBag from /home/airflow/.local/lib/python3.12/site-packages/airflow/example_dags/example_latest_only_with_trigger.py
[2025-02-04T14:21:26.136+0000] {processor.py:925} INFO - DAG(s) 'latest_only_with_trigger' retrieved from /home/airflow/.local/lib/python3.12/site-packages/airflow/example_dags/example_latest_only_with_trigger.py
[2025-02-04T14:21:26.183+0000] {logging_mixin.py:190} INFO - [2025-02-04T14:21:26.182+0000] {dag.py:3239} INFO - Sync 1 DAGs
[2025-02-04T14:21:26.234+0000] {logging_mixin.py:190} INFO - [2025-02-04T14:21:26.233+0000] {dag.py:4180} INFO - Setting next_dagrun for latest_only_with_trigger to 2025-02-04 08:00:00+00:00, run_after=2025-02-04 12:00:00+00:00
[2025-02-04T14:21:26.277+0000] {processor.py:208} INFO - Processing /home/airflow/.local/lib/python3.12/site-packages/airflow/example_dags/example_latest_only_with_trigger.py took 0.183 seconds
[2025-02-04T14:21:57.761+0000] {processor.py:186} INFO - Started process (PID=522) to work on /home/airflow/.local/lib/python3.12/site-packages/airflow/example_dags/example_latest_only_with_trigger.py
[2025-02-04T14:21:57.765+0000] {processor.py:914} INFO - Processing file /home/airflow/.local/lib/python3.12/site-packages/airflow/example_dags/example_latest_only_with_trigger.py for tasks to queue
[2025-02-04T14:21:57.768+0000] {logging_mixin.py:190} INFO - [2025-02-04T14:21:57.767+0000] {dagbag.py:588} INFO - Filling up the DagBag from /home/airflow/.local/lib/python3.12/site-packages/airflow/example_dags/example_latest_only_with_trigger.py
[2025-02-04T14:21:57.787+0000] {processor.py:925} INFO - DAG(s) 'latest_only_with_trigger' retrieved from /home/airflow/.local/lib/python3.12/site-packages/airflow/example_dags/example_latest_only_with_trigger.py
[2025-02-04T14:21:57.857+0000] {logging_mixin.py:190} INFO - [2025-02-04T14:21:57.856+0000] {dag.py:3239} INFO - Sync 1 DAGs
[2025-02-04T14:21:57.936+0000] {logging_mixin.py:190} INFO - [2025-02-04T14:21:57.936+0000] {dag.py:4180} INFO - Setting next_dagrun for latest_only_with_trigger to 2025-02-04 08:00:00+00:00, run_after=2025-02-04 12:00:00+00:00
[2025-02-04T14:21:58.013+0000] {processor.py:208} INFO - Processing /home/airflow/.local/lib/python3.12/site-packages/airflow/example_dags/example_latest_only_with_trigger.py took 0.268 seconds
[2025-02-04T14:22:30.503+0000] {processor.py:186} INFO - Started process (PID=595) to work on /home/airflow/.local/lib/python3.12/site-packages/airflow/example_dags/example_latest_only_with_trigger.py
[2025-02-04T14:22:30.505+0000] {processor.py:914} INFO - Processing file /home/airflow/.local/lib/python3.12/site-packages/airflow/example_dags/example_latest_only_with_trigger.py for tasks to queue
[2025-02-04T14:22:30.514+0000] {logging_mixin.py:190} INFO - [2025-02-04T14:22:30.511+0000] {dagbag.py:588} INFO - Filling up the DagBag from /home/airflow/.local/lib/python3.12/site-packages/airflow/example_dags/example_latest_only_with_trigger.py
[2025-02-04T14:22:30.549+0000] {processor.py:925} INFO - DAG(s) 'latest_only_with_trigger' retrieved from /home/airflow/.local/lib/python3.12/site-packages/airflow/example_dags/example_latest_only_with_trigger.py
[2025-02-04T14:22:30.633+0000] {logging_mixin.py:190} INFO - [2025-02-04T14:22:30.633+0000] {dag.py:3239} INFO - Sync 1 DAGs
[2025-02-04T14:22:30.700+0000] {logging_mixin.py:190} INFO - [2025-02-04T14:22:30.699+0000] {dag.py:4180} INFO - Setting next_dagrun for latest_only_with_trigger to 2025-02-04 08:00:00+00:00, run_after=2025-02-04 12:00:00+00:00
[2025-02-04T14:22:30.764+0000] {processor.py:208} INFO - Processing /home/airflow/.local/lib/python3.12/site-packages/airflow/example_dags/example_latest_only_with_trigger.py took 0.278 seconds
[2025-02-04T14:23:01.269+0000] {processor.py:186} INFO - Started process (PID=663) to work on /home/airflow/.local/lib/python3.12/site-packages/airflow/example_dags/example_latest_only_with_trigger.py
[2025-02-04T14:23:01.272+0000] {processor.py:914} INFO - Processing file /home/airflow/.local/lib/python3.12/site-packages/airflow/example_dags/example_latest_only_with_trigger.py for tasks to queue
[2025-02-04T14:23:01.275+0000] {logging_mixin.py:190} INFO - [2025-02-04T14:23:01.274+0000] {dagbag.py:588} INFO - Filling up the DagBag from /home/airflow/.local/lib/python3.12/site-packages/airflow/example_dags/example_latest_only_with_trigger.py
[2025-02-04T14:23:01.296+0000] {processor.py:925} INFO - DAG(s) 'latest_only_with_trigger' retrieved from /home/airflow/.local/lib/python3.12/site-packages/airflow/example_dags/example_latest_only_with_trigger.py
[2025-02-04T14:23:01.335+0000] {logging_mixin.py:190} INFO - [2025-02-04T14:23:01.335+0000] {dag.py:3239} INFO - Sync 1 DAGs
[2025-02-04T14:23:01.448+0000] {logging_mixin.py:190} INFO - [2025-02-04T14:23:01.448+0000] {dag.py:4180} INFO - Setting next_dagrun for latest_only_with_trigger to 2025-02-04 08:00:00+00:00, run_after=2025-02-04 12:00:00+00:00
[2025-02-04T14:23:01.526+0000] {processor.py:208} INFO - Processing /home/airflow/.local/lib/python3.12/site-packages/airflow/example_dags/example_latest_only_with_trigger.py took 0.271 seconds
[2025-02-04T14:23:32.023+0000] {processor.py:186} INFO - Started process (PID=727) to work on /home/airflow/.local/lib/python3.12/site-packages/airflow/example_dags/example_latest_only_with_trigger.py
[2025-02-04T14:23:32.025+0000] {processor.py:914} INFO - Processing file /home/airflow/.local/lib/python3.12/site-packages/airflow/example_dags/example_latest_only_with_trigger.py for tasks to queue
[2025-02-04T14:23:32.028+0000] {logging_mixin.py:190} INFO - [2025-02-04T14:23:32.027+0000] {dagbag.py:588} INFO - Filling up the DagBag from /home/airflow/.local/lib/python3.12/site-packages/airflow/example_dags/example_latest_only_with_trigger.py
[2025-02-04T14:23:32.041+0000] {processor.py:925} INFO - DAG(s) 'latest_only_with_trigger' retrieved from /home/airflow/.local/lib/python3.12/site-packages/airflow/example_dags/example_latest_only_with_trigger.py
[2025-02-04T14:23:32.078+0000] {logging_mixin.py:190} INFO - [2025-02-04T14:23:32.078+0000] {dag.py:3239} INFO - Sync 1 DAGs
[2025-02-04T14:23:32.123+0000] {logging_mixin.py:190} INFO - [2025-02-04T14:23:32.123+0000] {dag.py:4180} INFO - Setting next_dagrun for latest_only_with_trigger to 2025-02-04 08:00:00+00:00, run_after=2025-02-04 12:00:00+00:00
[2025-02-04T14:23:32.155+0000] {processor.py:208} INFO - Processing /home/airflow/.local/lib/python3.12/site-packages/airflow/example_dags/example_latest_only_with_trigger.py took 0.144 seconds
[2025-02-04T14:24:03.380+0000] {processor.py:186} INFO - Started process (PID=791) to work on /home/airflow/.local/lib/python3.12/site-packages/airflow/example_dags/example_latest_only_with_trigger.py
[2025-02-04T14:24:03.381+0000] {processor.py:914} INFO - Processing file /home/airflow/.local/lib/python3.12/site-packages/airflow/example_dags/example_latest_only_with_trigger.py for tasks to queue
[2025-02-04T14:24:03.384+0000] {logging_mixin.py:190} INFO - [2025-02-04T14:24:03.383+0000] {dagbag.py:588} INFO - Filling up the DagBag from /home/airflow/.local/lib/python3.12/site-packages/airflow/example_dags/example_latest_only_with_trigger.py
[2025-02-04T14:24:03.398+0000] {processor.py:925} INFO - DAG(s) 'latest_only_with_trigger' retrieved from /home/airflow/.local/lib/python3.12/site-packages/airflow/example_dags/example_latest_only_with_trigger.py
[2025-02-04T14:24:03.436+0000] {logging_mixin.py:190} INFO - [2025-02-04T14:24:03.435+0000] {dag.py:3239} INFO - Sync 1 DAGs
[2025-02-04T14:24:03.482+0000] {logging_mixin.py:190} INFO - [2025-02-04T14:24:03.482+0000] {dag.py:4180} INFO - Setting next_dagrun for latest_only_with_trigger to 2025-02-04 08:00:00+00:00, run_after=2025-02-04 12:00:00+00:00
[2025-02-04T14:24:03.517+0000] {processor.py:208} INFO - Processing /home/airflow/.local/lib/python3.12/site-packages/airflow/example_dags/example_latest_only_with_trigger.py took 0.147 seconds
[2025-02-04T14:32:58.753+0000] {processor.py:186} INFO - Started process (PID=128) to work on /home/airflow/.local/lib/python3.12/site-packages/airflow/example_dags/example_latest_only_with_trigger.py
[2025-02-04T14:32:58.756+0000] {processor.py:914} INFO - Processing file /home/airflow/.local/lib/python3.12/site-packages/airflow/example_dags/example_latest_only_with_trigger.py for tasks to queue
[2025-02-04T14:32:58.760+0000] {logging_mixin.py:190} INFO - [2025-02-04T14:32:58.759+0000] {dagbag.py:588} INFO - Filling up the DagBag from /home/airflow/.local/lib/python3.12/site-packages/airflow/example_dags/example_latest_only_with_trigger.py
[2025-02-04T14:32:58.778+0000] {processor.py:925} INFO - DAG(s) 'latest_only_with_trigger' retrieved from /home/airflow/.local/lib/python3.12/site-packages/airflow/example_dags/example_latest_only_with_trigger.py
[2025-02-04T14:32:59.434+0000] {logging_mixin.py:190} INFO - [2025-02-04T14:32:59.433+0000] {override.py:1911} INFO - Created Permission View: can delete on DAG:latest_only_with_trigger
[2025-02-04T14:32:59.499+0000] {logging_mixin.py:190} INFO - [2025-02-04T14:32:59.498+0000] {override.py:1911} INFO - Created Permission View: can read on DAG:latest_only_with_trigger
[2025-02-04T14:32:59.544+0000] {logging_mixin.py:190} INFO - [2025-02-04T14:32:59.540+0000] {override.py:1911} INFO - Created Permission View: can edit on DAG:latest_only_with_trigger
[2025-02-04T14:32:59.570+0000] {logging_mixin.py:190} INFO - [2025-02-04T14:32:59.569+0000] {override.py:1911} INFO - Created Permission View: can create on DAG Run:latest_only_with_trigger
[2025-02-04T14:32:59.592+0000] {logging_mixin.py:190} INFO - [2025-02-04T14:32:59.591+0000] {override.py:1911} INFO - Created Permission View: can delete on DAG Run:latest_only_with_trigger
[2025-02-04T14:32:59.614+0000] {logging_mixin.py:190} INFO - [2025-02-04T14:32:59.613+0000] {override.py:1911} INFO - Created Permission View: can read on DAG Run:latest_only_with_trigger
[2025-02-04T14:32:59.632+0000] {logging_mixin.py:190} INFO - [2025-02-04T14:32:59.631+0000] {override.py:1911} INFO - Created Permission View: menu access on DAG Run:latest_only_with_trigger
[2025-02-04T14:32:59.633+0000] {logging_mixin.py:190} INFO - [2025-02-04T14:32:59.633+0000] {dag.py:3239} INFO - Sync 1 DAGs
[2025-02-04T14:32:59.669+0000] {logging_mixin.py:190} INFO - [2025-02-04T14:32:59.668+0000] {dag.py:3262} INFO - Creating ORM DAG for latest_only_with_trigger
[2025-02-04T14:32:59.692+0000] {logging_mixin.py:190} INFO - [2025-02-04T14:32:59.692+0000] {dag.py:4180} INFO - Setting next_dagrun for latest_only_with_trigger to 2025-02-04 08:00:00+00:00, run_after=2025-02-04 12:00:00+00:00
[2025-02-04T14:32:59.734+0000] {processor.py:208} INFO - Processing /home/airflow/.local/lib/python3.12/site-packages/airflow/example_dags/example_latest_only_with_trigger.py took 0.995 seconds
[2025-02-04T14:33:30.775+0000] {processor.py:186} INFO - Started process (PID=192) to work on /home/airflow/.local/lib/python3.12/site-packages/airflow/example_dags/example_latest_only_with_trigger.py
[2025-02-04T14:33:30.777+0000] {processor.py:914} INFO - Processing file /home/airflow/.local/lib/python3.12/site-packages/airflow/example_dags/example_latest_only_with_trigger.py for tasks to queue
[2025-02-04T14:33:30.782+0000] {logging_mixin.py:190} INFO - [2025-02-04T14:33:30.781+0000] {dagbag.py:588} INFO - Filling up the DagBag from /home/airflow/.local/lib/python3.12/site-packages/airflow/example_dags/example_latest_only_with_trigger.py
[2025-02-04T14:33:30.810+0000] {processor.py:925} INFO - DAG(s) 'latest_only_with_trigger' retrieved from /home/airflow/.local/lib/python3.12/site-packages/airflow/example_dags/example_latest_only_with_trigger.py
[2025-02-04T14:33:30.856+0000] {logging_mixin.py:190} INFO - [2025-02-04T14:33:30.856+0000] {dag.py:3239} INFO - Sync 1 DAGs
[2025-02-04T14:33:30.904+0000] {logging_mixin.py:190} INFO - [2025-02-04T14:33:30.903+0000] {dag.py:4180} INFO - Setting next_dagrun for latest_only_with_trigger to 2025-02-04 08:00:00+00:00, run_after=2025-02-04 12:00:00+00:00
[2025-02-04T14:33:30.944+0000] {processor.py:208} INFO - Processing /home/airflow/.local/lib/python3.12/site-packages/airflow/example_dags/example_latest_only_with_trigger.py took 0.189 seconds
[2025-02-04T14:34:01.100+0000] {processor.py:186} INFO - Started process (PID=256) to work on /home/airflow/.local/lib/python3.12/site-packages/airflow/example_dags/example_latest_only_with_trigger.py
[2025-02-04T14:34:01.105+0000] {processor.py:914} INFO - Processing file /home/airflow/.local/lib/python3.12/site-packages/airflow/example_dags/example_latest_only_with_trigger.py for tasks to queue
[2025-02-04T14:34:01.114+0000] {logging_mixin.py:190} INFO - [2025-02-04T14:34:01.114+0000] {dagbag.py:588} INFO - Filling up the DagBag from /home/airflow/.local/lib/python3.12/site-packages/airflow/example_dags/example_latest_only_with_trigger.py
[2025-02-04T14:34:01.159+0000] {processor.py:925} INFO - DAG(s) 'latest_only_with_trigger' retrieved from /home/airflow/.local/lib/python3.12/site-packages/airflow/example_dags/example_latest_only_with_trigger.py
[2025-02-04T14:34:01.300+0000] {logging_mixin.py:190} INFO - [2025-02-04T14:34:01.299+0000] {dag.py:3239} INFO - Sync 1 DAGs
[2025-02-04T14:34:01.467+0000] {logging_mixin.py:190} INFO - [2025-02-04T14:34:01.466+0000] {dag.py:4180} INFO - Setting next_dagrun for latest_only_with_trigger to 2025-02-04 08:00:00+00:00, run_after=2025-02-04 12:00:00+00:00
[2025-02-04T14:34:01.533+0000] {processor.py:208} INFO - Processing /home/airflow/.local/lib/python3.12/site-packages/airflow/example_dags/example_latest_only_with_trigger.py took 0.470 seconds
[2025-02-04T14:34:31.860+0000] {processor.py:186} INFO - Started process (PID=319) to work on /home/airflow/.local/lib/python3.12/site-packages/airflow/example_dags/example_latest_only_with_trigger.py
[2025-02-04T14:34:31.862+0000] {processor.py:914} INFO - Processing file /home/airflow/.local/lib/python3.12/site-packages/airflow/example_dags/example_latest_only_with_trigger.py for tasks to queue
[2025-02-04T14:34:31.874+0000] {logging_mixin.py:190} INFO - [2025-02-04T14:34:31.873+0000] {dagbag.py:588} INFO - Filling up the DagBag from /home/airflow/.local/lib/python3.12/site-packages/airflow/example_dags/example_latest_only_with_trigger.py
[2025-02-04T14:34:31.895+0000] {processor.py:925} INFO - DAG(s) 'latest_only_with_trigger' retrieved from /home/airflow/.local/lib/python3.12/site-packages/airflow/example_dags/example_latest_only_with_trigger.py
[2025-02-04T14:34:31.955+0000] {logging_mixin.py:190} INFO - [2025-02-04T14:34:31.954+0000] {dag.py:3239} INFO - Sync 1 DAGs
[2025-02-04T14:34:32.012+0000] {logging_mixin.py:190} INFO - [2025-02-04T14:34:32.011+0000] {dag.py:4180} INFO - Setting next_dagrun for latest_only_with_trigger to 2025-02-04 08:00:00+00:00, run_after=2025-02-04 12:00:00+00:00
[2025-02-04T14:34:32.051+0000] {processor.py:208} INFO - Processing /home/airflow/.local/lib/python3.12/site-packages/airflow/example_dags/example_latest_only_with_trigger.py took 0.214 seconds
[2025-02-04T14:35:02.759+0000] {processor.py:186} INFO - Started process (PID=383) to work on /home/airflow/.local/lib/python3.12/site-packages/airflow/example_dags/example_latest_only_with_trigger.py
[2025-02-04T14:35:02.761+0000] {processor.py:914} INFO - Processing file /home/airflow/.local/lib/python3.12/site-packages/airflow/example_dags/example_latest_only_with_trigger.py for tasks to queue
[2025-02-04T14:35:02.766+0000] {logging_mixin.py:190} INFO - [2025-02-04T14:35:02.766+0000] {dagbag.py:588} INFO - Filling up the DagBag from /home/airflow/.local/lib/python3.12/site-packages/airflow/example_dags/example_latest_only_with_trigger.py
[2025-02-04T14:35:02.782+0000] {processor.py:925} INFO - DAG(s) 'latest_only_with_trigger' retrieved from /home/airflow/.local/lib/python3.12/site-packages/airflow/example_dags/example_latest_only_with_trigger.py
[2025-02-04T14:35:02.825+0000] {logging_mixin.py:190} INFO - [2025-02-04T14:35:02.825+0000] {dag.py:3239} INFO - Sync 1 DAGs
[2025-02-04T14:35:02.894+0000] {logging_mixin.py:190} INFO - [2025-02-04T14:35:02.894+0000] {dag.py:4180} INFO - Setting next_dagrun for latest_only_with_trigger to 2025-02-04 08:00:00+00:00, run_after=2025-02-04 12:00:00+00:00
[2025-02-04T14:35:02.931+0000] {processor.py:208} INFO - Processing /home/airflow/.local/lib/python3.12/site-packages/airflow/example_dags/example_latest_only_with_trigger.py took 0.185 seconds
[2025-02-04T14:35:33.680+0000] {processor.py:186} INFO - Started process (PID=447) to work on /home/airflow/.local/lib/python3.12/site-packages/airflow/example_dags/example_latest_only_with_trigger.py
[2025-02-04T14:35:33.682+0000] {processor.py:914} INFO - Processing file /home/airflow/.local/lib/python3.12/site-packages/airflow/example_dags/example_latest_only_with_trigger.py for tasks to queue
[2025-02-04T14:35:33.687+0000] {logging_mixin.py:190} INFO - [2025-02-04T14:35:33.686+0000] {dagbag.py:588} INFO - Filling up the DagBag from /home/airflow/.local/lib/python3.12/site-packages/airflow/example_dags/example_latest_only_with_trigger.py
[2025-02-04T14:35:33.700+0000] {processor.py:925} INFO - DAG(s) 'latest_only_with_trigger' retrieved from /home/airflow/.local/lib/python3.12/site-packages/airflow/example_dags/example_latest_only_with_trigger.py
[2025-02-04T14:35:33.736+0000] {logging_mixin.py:190} INFO - [2025-02-04T14:35:33.735+0000] {dag.py:3239} INFO - Sync 1 DAGs
[2025-02-04T14:35:33.800+0000] {logging_mixin.py:190} INFO - [2025-02-04T14:35:33.800+0000] {dag.py:4180} INFO - Setting next_dagrun for latest_only_with_trigger to 2025-02-04 08:00:00+00:00, run_after=2025-02-04 12:00:00+00:00
[2025-02-04T14:35:33.845+0000] {processor.py:208} INFO - Processing /home/airflow/.local/lib/python3.12/site-packages/airflow/example_dags/example_latest_only_with_trigger.py took 0.178 seconds
[2025-02-04T14:36:04.583+0000] {processor.py:186} INFO - Started process (PID=510) to work on /home/airflow/.local/lib/python3.12/site-packages/airflow/example_dags/example_latest_only_with_trigger.py
[2025-02-04T14:36:04.585+0000] {processor.py:914} INFO - Processing file /home/airflow/.local/lib/python3.12/site-packages/airflow/example_dags/example_latest_only_with_trigger.py for tasks to queue
[2025-02-04T14:36:04.590+0000] {logging_mixin.py:190} INFO - [2025-02-04T14:36:04.589+0000] {dagbag.py:588} INFO - Filling up the DagBag from /home/airflow/.local/lib/python3.12/site-packages/airflow/example_dags/example_latest_only_with_trigger.py
[2025-02-04T14:36:04.606+0000] {processor.py:925} INFO - DAG(s) 'latest_only_with_trigger' retrieved from /home/airflow/.local/lib/python3.12/site-packages/airflow/example_dags/example_latest_only_with_trigger.py
[2025-02-04T14:36:04.646+0000] {logging_mixin.py:190} INFO - [2025-02-04T14:36:04.646+0000] {dag.py:3239} INFO - Sync 1 DAGs
[2025-02-04T14:36:04.687+0000] {logging_mixin.py:190} INFO - [2025-02-04T14:36:04.687+0000] {dag.py:4180} INFO - Setting next_dagrun for latest_only_with_trigger to 2025-02-04 08:00:00+00:00, run_after=2025-02-04 12:00:00+00:00
[2025-02-04T14:36:04.724+0000] {processor.py:208} INFO - Processing /home/airflow/.local/lib/python3.12/site-packages/airflow/example_dags/example_latest_only_with_trigger.py took 0.154 seconds
[2025-02-04T14:36:46.349+0000] {processor.py:186} INFO - Started process (PID=574) to work on /home/airflow/.local/lib/python3.12/site-packages/airflow/example_dags/example_latest_only_with_trigger.py
[2025-02-04T14:36:46.351+0000] {processor.py:914} INFO - Processing file /home/airflow/.local/lib/python3.12/site-packages/airflow/example_dags/example_latest_only_with_trigger.py for tasks to queue
[2025-02-04T14:36:46.355+0000] {logging_mixin.py:190} INFO - [2025-02-04T14:36:46.354+0000] {dagbag.py:588} INFO - Filling up the DagBag from /home/airflow/.local/lib/python3.12/site-packages/airflow/example_dags/example_latest_only_with_trigger.py
[2025-02-04T14:36:46.369+0000] {processor.py:925} INFO - DAG(s) 'latest_only_with_trigger' retrieved from /home/airflow/.local/lib/python3.12/site-packages/airflow/example_dags/example_latest_only_with_trigger.py
[2025-02-04T14:36:46.408+0000] {logging_mixin.py:190} INFO - [2025-02-04T14:36:46.407+0000] {dag.py:3239} INFO - Sync 1 DAGs
[2025-02-04T14:36:46.459+0000] {logging_mixin.py:190} INFO - [2025-02-04T14:36:46.458+0000] {dag.py:4180} INFO - Setting next_dagrun for latest_only_with_trigger to 2025-02-04 08:00:00+00:00, run_after=2025-02-04 12:00:00+00:00
[2025-02-04T14:36:46.490+0000] {processor.py:208} INFO - Processing /home/airflow/.local/lib/python3.12/site-packages/airflow/example_dags/example_latest_only_with_trigger.py took 0.151 seconds
[2025-02-04T14:37:18.203+0000] {processor.py:186} INFO - Started process (PID=642) to work on /home/airflow/.local/lib/python3.12/site-packages/airflow/example_dags/example_latest_only_with_trigger.py
[2025-02-04T14:37:18.205+0000] {processor.py:914} INFO - Processing file /home/airflow/.local/lib/python3.12/site-packages/airflow/example_dags/example_latest_only_with_trigger.py for tasks to queue
[2025-02-04T14:37:18.209+0000] {logging_mixin.py:190} INFO - [2025-02-04T14:37:18.209+0000] {dagbag.py:588} INFO - Filling up the DagBag from /home/airflow/.local/lib/python3.12/site-packages/airflow/example_dags/example_latest_only_with_trigger.py
[2025-02-04T14:37:18.223+0000] {processor.py:925} INFO - DAG(s) 'latest_only_with_trigger' retrieved from /home/airflow/.local/lib/python3.12/site-packages/airflow/example_dags/example_latest_only_with_trigger.py
[2025-02-04T14:37:18.253+0000] {logging_mixin.py:190} INFO - [2025-02-04T14:37:18.253+0000] {dag.py:3239} INFO - Sync 1 DAGs
[2025-02-04T14:37:18.293+0000] {logging_mixin.py:190} INFO - [2025-02-04T14:37:18.292+0000] {dag.py:4180} INFO - Setting next_dagrun for latest_only_with_trigger to 2025-02-04 08:00:00+00:00, run_after=2025-02-04 12:00:00+00:00
[2025-02-04T14:37:18.331+0000] {processor.py:208} INFO - Processing /home/airflow/.local/lib/python3.12/site-packages/airflow/example_dags/example_latest_only_with_trigger.py took 0.137 seconds
[2025-02-04T14:37:54.011+0000] {processor.py:186} INFO - Started process (PID=713) to work on /home/airflow/.local/lib/python3.12/site-packages/airflow/example_dags/example_latest_only_with_trigger.py
[2025-02-04T14:37:54.012+0000] {processor.py:914} INFO - Processing file /home/airflow/.local/lib/python3.12/site-packages/airflow/example_dags/example_latest_only_with_trigger.py for tasks to queue
[2025-02-04T14:37:54.017+0000] {logging_mixin.py:190} INFO - [2025-02-04T14:37:54.017+0000] {dagbag.py:588} INFO - Filling up the DagBag from /home/airflow/.local/lib/python3.12/site-packages/airflow/example_dags/example_latest_only_with_trigger.py
[2025-02-04T14:37:54.031+0000] {processor.py:925} INFO - DAG(s) 'latest_only_with_trigger' retrieved from /home/airflow/.local/lib/python3.12/site-packages/airflow/example_dags/example_latest_only_with_trigger.py
[2025-02-04T14:37:54.079+0000] {logging_mixin.py:190} INFO - [2025-02-04T14:37:54.079+0000] {dag.py:3239} INFO - Sync 1 DAGs
[2025-02-04T14:37:54.157+0000] {logging_mixin.py:190} INFO - [2025-02-04T14:37:54.156+0000] {dag.py:4180} INFO - Setting next_dagrun for latest_only_with_trigger to 2025-02-04 08:00:00+00:00, run_after=2025-02-04 12:00:00+00:00
[2025-02-04T14:37:54.217+0000] {processor.py:208} INFO - Processing /home/airflow/.local/lib/python3.12/site-packages/airflow/example_dags/example_latest_only_with_trigger.py took 0.222 seconds
[2025-02-04T14:38:24.891+0000] {processor.py:186} INFO - Started process (PID=777) to work on /home/airflow/.local/lib/python3.12/site-packages/airflow/example_dags/example_latest_only_with_trigger.py
[2025-02-04T14:38:24.893+0000] {processor.py:914} INFO - Processing file /home/airflow/.local/lib/python3.12/site-packages/airflow/example_dags/example_latest_only_with_trigger.py for tasks to queue
[2025-02-04T14:38:24.898+0000] {logging_mixin.py:190} INFO - [2025-02-04T14:38:24.897+0000] {dagbag.py:588} INFO - Filling up the DagBag from /home/airflow/.local/lib/python3.12/site-packages/airflow/example_dags/example_latest_only_with_trigger.py
[2025-02-04T14:38:24.910+0000] {processor.py:925} INFO - DAG(s) 'latest_only_with_trigger' retrieved from /home/airflow/.local/lib/python3.12/site-packages/airflow/example_dags/example_latest_only_with_trigger.py
[2025-02-04T14:38:24.953+0000] {logging_mixin.py:190} INFO - [2025-02-04T14:38:24.952+0000] {dag.py:3239} INFO - Sync 1 DAGs
[2025-02-04T14:38:25.004+0000] {logging_mixin.py:190} INFO - [2025-02-04T14:38:25.004+0000] {dag.py:4180} INFO - Setting next_dagrun for latest_only_with_trigger to 2025-02-04 08:00:00+00:00, run_after=2025-02-04 12:00:00+00:00
[2025-02-04T14:38:25.055+0000] {processor.py:208} INFO - Processing /home/airflow/.local/lib/python3.12/site-packages/airflow/example_dags/example_latest_only_with_trigger.py took 0.174 seconds
[2025-02-04T14:38:59.300+0000] {processor.py:186} INFO - Started process (PID=842) to work on /home/airflow/.local/lib/python3.12/site-packages/airflow/example_dags/example_latest_only_with_trigger.py
[2025-02-04T14:38:59.302+0000] {processor.py:914} INFO - Processing file /home/airflow/.local/lib/python3.12/site-packages/airflow/example_dags/example_latest_only_with_trigger.py for tasks to queue
[2025-02-04T14:38:59.307+0000] {logging_mixin.py:190} INFO - [2025-02-04T14:38:59.306+0000] {dagbag.py:588} INFO - Filling up the DagBag from /home/airflow/.local/lib/python3.12/site-packages/airflow/example_dags/example_latest_only_with_trigger.py
[2025-02-04T14:38:59.320+0000] {processor.py:925} INFO - DAG(s) 'latest_only_with_trigger' retrieved from /home/airflow/.local/lib/python3.12/site-packages/airflow/example_dags/example_latest_only_with_trigger.py
[2025-02-04T14:38:59.356+0000] {logging_mixin.py:190} INFO - [2025-02-04T14:38:59.355+0000] {dag.py:3239} INFO - Sync 1 DAGs
[2025-02-04T14:38:59.413+0000] {logging_mixin.py:190} INFO - [2025-02-04T14:38:59.412+0000] {dag.py:4180} INFO - Setting next_dagrun for latest_only_with_trigger to 2025-02-04 08:00:00+00:00, run_after=2025-02-04 12:00:00+00:00
[2025-02-04T14:38:59.459+0000] {processor.py:208} INFO - Processing /home/airflow/.local/lib/python3.12/site-packages/airflow/example_dags/example_latest_only_with_trigger.py took 0.172 seconds
[2025-02-04T14:39:29.752+0000] {processor.py:186} INFO - Started process (PID=906) to work on /home/airflow/.local/lib/python3.12/site-packages/airflow/example_dags/example_latest_only_with_trigger.py
[2025-02-04T14:39:29.754+0000] {processor.py:914} INFO - Processing file /home/airflow/.local/lib/python3.12/site-packages/airflow/example_dags/example_latest_only_with_trigger.py for tasks to queue
[2025-02-04T14:39:29.759+0000] {logging_mixin.py:190} INFO - [2025-02-04T14:39:29.758+0000] {dagbag.py:588} INFO - Filling up the DagBag from /home/airflow/.local/lib/python3.12/site-packages/airflow/example_dags/example_latest_only_with_trigger.py
[2025-02-04T14:39:29.780+0000] {processor.py:925} INFO - DAG(s) 'latest_only_with_trigger' retrieved from /home/airflow/.local/lib/python3.12/site-packages/airflow/example_dags/example_latest_only_with_trigger.py
[2025-02-04T14:39:29.844+0000] {logging_mixin.py:190} INFO - [2025-02-04T14:39:29.843+0000] {dag.py:3239} INFO - Sync 1 DAGs
[2025-02-04T14:39:29.944+0000] {logging_mixin.py:190} INFO - [2025-02-04T14:39:29.944+0000] {dag.py:4180} INFO - Setting next_dagrun for latest_only_with_trigger to 2025-02-04 08:00:00+00:00, run_after=2025-02-04 12:00:00+00:00
[2025-02-04T14:39:30.030+0000] {processor.py:208} INFO - Processing /home/airflow/.local/lib/python3.12/site-packages/airflow/example_dags/example_latest_only_with_trigger.py took 0.292 seconds
[2025-02-04T14:40:02.122+0000] {processor.py:186} INFO - Started process (PID=971) to work on /home/airflow/.local/lib/python3.12/site-packages/airflow/example_dags/example_latest_only_with_trigger.py
[2025-02-04T14:40:02.124+0000] {processor.py:914} INFO - Processing file /home/airflow/.local/lib/python3.12/site-packages/airflow/example_dags/example_latest_only_with_trigger.py for tasks to queue
[2025-02-04T14:40:02.129+0000] {logging_mixin.py:190} INFO - [2025-02-04T14:40:02.128+0000] {dagbag.py:588} INFO - Filling up the DagBag from /home/airflow/.local/lib/python3.12/site-packages/airflow/example_dags/example_latest_only_with_trigger.py
[2025-02-04T14:40:02.141+0000] {processor.py:925} INFO - DAG(s) 'latest_only_with_trigger' retrieved from /home/airflow/.local/lib/python3.12/site-packages/airflow/example_dags/example_latest_only_with_trigger.py
[2025-02-04T14:40:02.175+0000] {logging_mixin.py:190} INFO - [2025-02-04T14:40:02.175+0000] {dag.py:3239} INFO - Sync 1 DAGs
[2025-02-04T14:40:02.240+0000] {logging_mixin.py:190} INFO - [2025-02-04T14:40:02.239+0000] {dag.py:4180} INFO - Setting next_dagrun for latest_only_with_trigger to 2025-02-04 08:00:00+00:00, run_after=2025-02-04 12:00:00+00:00
[2025-02-04T14:40:02.313+0000] {processor.py:208} INFO - Processing /home/airflow/.local/lib/python3.12/site-packages/airflow/example_dags/example_latest_only_with_trigger.py took 0.201 seconds
[2025-02-04T14:40:35.207+0000] {processor.py:186} INFO - Started process (PID=1038) to work on /home/airflow/.local/lib/python3.12/site-packages/airflow/example_dags/example_latest_only_with_trigger.py
[2025-02-04T14:40:35.210+0000] {processor.py:914} INFO - Processing file /home/airflow/.local/lib/python3.12/site-packages/airflow/example_dags/example_latest_only_with_trigger.py for tasks to queue
[2025-02-04T14:40:35.215+0000] {logging_mixin.py:190} INFO - [2025-02-04T14:40:35.214+0000] {dagbag.py:588} INFO - Filling up the DagBag from /home/airflow/.local/lib/python3.12/site-packages/airflow/example_dags/example_latest_only_with_trigger.py
[2025-02-04T14:40:35.232+0000] {processor.py:925} INFO - DAG(s) 'latest_only_with_trigger' retrieved from /home/airflow/.local/lib/python3.12/site-packages/airflow/example_dags/example_latest_only_with_trigger.py
[2025-02-04T14:40:35.290+0000] {logging_mixin.py:190} INFO - [2025-02-04T14:40:35.290+0000] {dag.py:3239} INFO - Sync 1 DAGs
[2025-02-04T14:40:35.442+0000] {logging_mixin.py:190} INFO - [2025-02-04T14:40:35.441+0000] {dag.py:4180} INFO - Setting next_dagrun for latest_only_with_trigger to 2025-02-04 08:00:00+00:00, run_after=2025-02-04 12:00:00+00:00
[2025-02-04T14:40:35.479+0000] {processor.py:208} INFO - Processing /home/airflow/.local/lib/python3.12/site-packages/airflow/example_dags/example_latest_only_with_trigger.py took 0.283 seconds
[2025-02-04T14:41:06.210+0000] {processor.py:186} INFO - Started process (PID=1102) to work on /home/airflow/.local/lib/python3.12/site-packages/airflow/example_dags/example_latest_only_with_trigger.py
[2025-02-04T14:41:06.212+0000] {processor.py:914} INFO - Processing file /home/airflow/.local/lib/python3.12/site-packages/airflow/example_dags/example_latest_only_with_trigger.py for tasks to queue
[2025-02-04T14:41:06.216+0000] {logging_mixin.py:190} INFO - [2025-02-04T14:41:06.215+0000] {dagbag.py:588} INFO - Filling up the DagBag from /home/airflow/.local/lib/python3.12/site-packages/airflow/example_dags/example_latest_only_with_trigger.py
[2025-02-04T14:41:06.234+0000] {processor.py:925} INFO - DAG(s) 'latest_only_with_trigger' retrieved from /home/airflow/.local/lib/python3.12/site-packages/airflow/example_dags/example_latest_only_with_trigger.py
[2025-02-04T14:41:06.287+0000] {logging_mixin.py:190} INFO - [2025-02-04T14:41:06.287+0000] {dag.py:3239} INFO - Sync 1 DAGs
[2025-02-04T14:41:06.342+0000] {logging_mixin.py:190} INFO - [2025-02-04T14:41:06.342+0000] {dag.py:4180} INFO - Setting next_dagrun for latest_only_with_trigger to 2025-02-04 08:00:00+00:00, run_after=2025-02-04 12:00:00+00:00
[2025-02-04T14:41:06.402+0000] {processor.py:208} INFO - Processing /home/airflow/.local/lib/python3.12/site-packages/airflow/example_dags/example_latest_only_with_trigger.py took 0.205 seconds
[2025-02-04T14:41:39.846+0000] {processor.py:186} INFO - Started process (PID=1166) to work on /home/airflow/.local/lib/python3.12/site-packages/airflow/example_dags/example_latest_only_with_trigger.py
[2025-02-04T14:41:39.850+0000] {processor.py:914} INFO - Processing file /home/airflow/.local/lib/python3.12/site-packages/airflow/example_dags/example_latest_only_with_trigger.py for tasks to queue
[2025-02-04T14:41:39.858+0000] {logging_mixin.py:190} INFO - [2025-02-04T14:41:39.857+0000] {dagbag.py:588} INFO - Filling up the DagBag from /home/airflow/.local/lib/python3.12/site-packages/airflow/example_dags/example_latest_only_with_trigger.py
[2025-02-04T14:41:39.922+0000] {processor.py:925} INFO - DAG(s) 'latest_only_with_trigger' retrieved from /home/airflow/.local/lib/python3.12/site-packages/airflow/example_dags/example_latest_only_with_trigger.py
[2025-02-04T14:41:40.033+0000] {logging_mixin.py:190} INFO - [2025-02-04T14:41:40.033+0000] {dag.py:3239} INFO - Sync 1 DAGs
[2025-02-04T14:41:40.103+0000] {logging_mixin.py:190} INFO - [2025-02-04T14:41:40.103+0000] {dag.py:4180} INFO - Setting next_dagrun for latest_only_with_trigger to 2025-02-04 08:00:00+00:00, run_after=2025-02-04 12:00:00+00:00
[2025-02-04T14:41:40.145+0000] {processor.py:208} INFO - Processing /home/airflow/.local/lib/python3.12/site-packages/airflow/example_dags/example_latest_only_with_trigger.py took 0.338 seconds
[2025-02-04T14:42:10.510+0000] {processor.py:186} INFO - Started process (PID=1230) to work on /home/airflow/.local/lib/python3.12/site-packages/airflow/example_dags/example_latest_only_with_trigger.py
[2025-02-04T14:42:10.511+0000] {processor.py:914} INFO - Processing file /home/airflow/.local/lib/python3.12/site-packages/airflow/example_dags/example_latest_only_with_trigger.py for tasks to queue
[2025-02-04T14:42:10.516+0000] {logging_mixin.py:190} INFO - [2025-02-04T14:42:10.515+0000] {dagbag.py:588} INFO - Filling up the DagBag from /home/airflow/.local/lib/python3.12/site-packages/airflow/example_dags/example_latest_only_with_trigger.py
[2025-02-04T14:42:10.530+0000] {processor.py:925} INFO - DAG(s) 'latest_only_with_trigger' retrieved from /home/airflow/.local/lib/python3.12/site-packages/airflow/example_dags/example_latest_only_with_trigger.py
[2025-02-04T14:42:10.567+0000] {logging_mixin.py:190} INFO - [2025-02-04T14:42:10.566+0000] {dag.py:3239} INFO - Sync 1 DAGs
[2025-02-04T14:42:10.616+0000] {logging_mixin.py:190} INFO - [2025-02-04T14:42:10.615+0000] {dag.py:4180} INFO - Setting next_dagrun for latest_only_with_trigger to 2025-02-04 08:00:00+00:00, run_after=2025-02-04 12:00:00+00:00
[2025-02-04T14:42:10.643+0000] {processor.py:208} INFO - Processing /home/airflow/.local/lib/python3.12/site-packages/airflow/example_dags/example_latest_only_with_trigger.py took 0.145 seconds
[2025-02-04T14:42:41.938+0000] {processor.py:186} INFO - Started process (PID=1294) to work on /home/airflow/.local/lib/python3.12/site-packages/airflow/example_dags/example_latest_only_with_trigger.py
[2025-02-04T14:42:41.940+0000] {processor.py:914} INFO - Processing file /home/airflow/.local/lib/python3.12/site-packages/airflow/example_dags/example_latest_only_with_trigger.py for tasks to queue
[2025-02-04T14:42:41.947+0000] {logging_mixin.py:190} INFO - [2025-02-04T14:42:41.946+0000] {dagbag.py:588} INFO - Filling up the DagBag from /home/airflow/.local/lib/python3.12/site-packages/airflow/example_dags/example_latest_only_with_trigger.py
[2025-02-04T14:42:41.966+0000] {processor.py:925} INFO - DAG(s) 'latest_only_with_trigger' retrieved from /home/airflow/.local/lib/python3.12/site-packages/airflow/example_dags/example_latest_only_with_trigger.py
[2025-02-04T14:42:42.029+0000] {logging_mixin.py:190} INFO - [2025-02-04T14:42:42.028+0000] {dag.py:3239} INFO - Sync 1 DAGs
[2025-02-04T14:42:42.084+0000] {logging_mixin.py:190} INFO - [2025-02-04T14:42:42.084+0000] {dag.py:4180} INFO - Setting next_dagrun for latest_only_with_trigger to 2025-02-04 08:00:00+00:00, run_after=2025-02-04 12:00:00+00:00
[2025-02-04T14:42:42.124+0000] {processor.py:208} INFO - Processing /home/airflow/.local/lib/python3.12/site-packages/airflow/example_dags/example_latest_only_with_trigger.py took 0.205 seconds
[2025-02-04T14:43:12.743+0000] {processor.py:186} INFO - Started process (PID=1357) to work on /home/airflow/.local/lib/python3.12/site-packages/airflow/example_dags/example_latest_only_with_trigger.py
[2025-02-04T14:43:12.744+0000] {processor.py:914} INFO - Processing file /home/airflow/.local/lib/python3.12/site-packages/airflow/example_dags/example_latest_only_with_trigger.py for tasks to queue
[2025-02-04T14:43:12.748+0000] {logging_mixin.py:190} INFO - [2025-02-04T14:43:12.747+0000] {dagbag.py:588} INFO - Filling up the DagBag from /home/airflow/.local/lib/python3.12/site-packages/airflow/example_dags/example_latest_only_with_trigger.py
[2025-02-04T14:43:12.763+0000] {processor.py:925} INFO - DAG(s) 'latest_only_with_trigger' retrieved from /home/airflow/.local/lib/python3.12/site-packages/airflow/example_dags/example_latest_only_with_trigger.py
[2025-02-04T14:43:12.800+0000] {logging_mixin.py:190} INFO - [2025-02-04T14:43:12.799+0000] {dag.py:3239} INFO - Sync 1 DAGs
[2025-02-04T14:43:12.840+0000] {logging_mixin.py:190} INFO - [2025-02-04T14:43:12.840+0000] {dag.py:4180} INFO - Setting next_dagrun for latest_only_with_trigger to 2025-02-04 08:00:00+00:00, run_after=2025-02-04 12:00:00+00:00
[2025-02-04T14:43:12.882+0000] {processor.py:208} INFO - Processing /home/airflow/.local/lib/python3.12/site-packages/airflow/example_dags/example_latest_only_with_trigger.py took 0.150 seconds
[2025-02-04T14:43:43.787+0000] {processor.py:186} INFO - Started process (PID=1421) to work on /home/airflow/.local/lib/python3.12/site-packages/airflow/example_dags/example_latest_only_with_trigger.py
[2025-02-04T14:43:43.788+0000] {processor.py:914} INFO - Processing file /home/airflow/.local/lib/python3.12/site-packages/airflow/example_dags/example_latest_only_with_trigger.py for tasks to queue
[2025-02-04T14:43:43.792+0000] {logging_mixin.py:190} INFO - [2025-02-04T14:43:43.791+0000] {dagbag.py:588} INFO - Filling up the DagBag from /home/airflow/.local/lib/python3.12/site-packages/airflow/example_dags/example_latest_only_with_trigger.py
[2025-02-04T14:43:43.802+0000] {processor.py:925} INFO - DAG(s) 'latest_only_with_trigger' retrieved from /home/airflow/.local/lib/python3.12/site-packages/airflow/example_dags/example_latest_only_with_trigger.py
[2025-02-04T14:43:43.829+0000] {logging_mixin.py:190} INFO - [2025-02-04T14:43:43.829+0000] {dag.py:3239} INFO - Sync 1 DAGs
[2025-02-04T14:43:43.861+0000] {logging_mixin.py:190} INFO - [2025-02-04T14:43:43.861+0000] {dag.py:4180} INFO - Setting next_dagrun for latest_only_with_trigger to 2025-02-04 08:00:00+00:00, run_after=2025-02-04 12:00:00+00:00
[2025-02-04T14:43:43.895+0000] {processor.py:208} INFO - Processing /home/airflow/.local/lib/python3.12/site-packages/airflow/example_dags/example_latest_only_with_trigger.py took 0.116 seconds
[2025-02-04T14:44:13.971+0000] {processor.py:186} INFO - Started process (PID=1485) to work on /home/airflow/.local/lib/python3.12/site-packages/airflow/example_dags/example_latest_only_with_trigger.py
[2025-02-04T14:44:13.973+0000] {processor.py:914} INFO - Processing file /home/airflow/.local/lib/python3.12/site-packages/airflow/example_dags/example_latest_only_with_trigger.py for tasks to queue
[2025-02-04T14:44:13.977+0000] {logging_mixin.py:190} INFO - [2025-02-04T14:44:13.977+0000] {dagbag.py:588} INFO - Filling up the DagBag from /home/airflow/.local/lib/python3.12/site-packages/airflow/example_dags/example_latest_only_with_trigger.py
[2025-02-04T14:44:13.989+0000] {processor.py:925} INFO - DAG(s) 'latest_only_with_trigger' retrieved from /home/airflow/.local/lib/python3.12/site-packages/airflow/example_dags/example_latest_only_with_trigger.py
[2025-02-04T14:44:14.021+0000] {logging_mixin.py:190} INFO - [2025-02-04T14:44:14.021+0000] {dag.py:3239} INFO - Sync 1 DAGs
[2025-02-04T14:44:14.058+0000] {logging_mixin.py:190} INFO - [2025-02-04T14:44:14.058+0000] {dag.py:4180} INFO - Setting next_dagrun for latest_only_with_trigger to 2025-02-04 08:00:00+00:00, run_after=2025-02-04 12:00:00+00:00
[2025-02-04T14:44:14.090+0000] {processor.py:208} INFO - Processing /home/airflow/.local/lib/python3.12/site-packages/airflow/example_dags/example_latest_only_with_trigger.py took 0.128 seconds
[2025-02-04T14:44:44.838+0000] {processor.py:186} INFO - Started process (PID=1548) to work on /home/airflow/.local/lib/python3.12/site-packages/airflow/example_dags/example_latest_only_with_trigger.py
[2025-02-04T14:44:44.840+0000] {processor.py:914} INFO - Processing file /home/airflow/.local/lib/python3.12/site-packages/airflow/example_dags/example_latest_only_with_trigger.py for tasks to queue
[2025-02-04T14:44:44.849+0000] {logging_mixin.py:190} INFO - [2025-02-04T14:44:44.847+0000] {dagbag.py:588} INFO - Filling up the DagBag from /home/airflow/.local/lib/python3.12/site-packages/airflow/example_dags/example_latest_only_with_trigger.py
[2025-02-04T14:44:44.866+0000] {processor.py:925} INFO - DAG(s) 'latest_only_with_trigger' retrieved from /home/airflow/.local/lib/python3.12/site-packages/airflow/example_dags/example_latest_only_with_trigger.py
[2025-02-04T14:44:44.901+0000] {logging_mixin.py:190} INFO - [2025-02-04T14:44:44.901+0000] {dag.py:3239} INFO - Sync 1 DAGs
[2025-02-04T14:44:44.946+0000] {logging_mixin.py:190} INFO - [2025-02-04T14:44:44.945+0000] {dag.py:4180} INFO - Setting next_dagrun for latest_only_with_trigger to 2025-02-04 08:00:00+00:00, run_after=2025-02-04 12:00:00+00:00
[2025-02-04T14:44:44.974+0000] {processor.py:208} INFO - Processing /home/airflow/.local/lib/python3.12/site-packages/airflow/example_dags/example_latest_only_with_trigger.py took 0.152 seconds
[2025-02-04T14:45:15.057+0000] {processor.py:186} INFO - Started process (PID=1612) to work on /home/airflow/.local/lib/python3.12/site-packages/airflow/example_dags/example_latest_only_with_trigger.py
[2025-02-04T14:45:15.058+0000] {processor.py:914} INFO - Processing file /home/airflow/.local/lib/python3.12/site-packages/airflow/example_dags/example_latest_only_with_trigger.py for tasks to queue
[2025-02-04T14:45:15.062+0000] {logging_mixin.py:190} INFO - [2025-02-04T14:45:15.061+0000] {dagbag.py:588} INFO - Filling up the DagBag from /home/airflow/.local/lib/python3.12/site-packages/airflow/example_dags/example_latest_only_with_trigger.py
[2025-02-04T14:45:15.076+0000] {processor.py:925} INFO - DAG(s) 'latest_only_with_trigger' retrieved from /home/airflow/.local/lib/python3.12/site-packages/airflow/example_dags/example_latest_only_with_trigger.py
[2025-02-04T14:45:15.111+0000] {logging_mixin.py:190} INFO - [2025-02-04T14:45:15.110+0000] {dag.py:3239} INFO - Sync 1 DAGs
[2025-02-04T14:45:15.157+0000] {logging_mixin.py:190} INFO - [2025-02-04T14:45:15.156+0000] {dag.py:4180} INFO - Setting next_dagrun for latest_only_with_trigger to 2025-02-04 08:00:00+00:00, run_after=2025-02-04 12:00:00+00:00
[2025-02-04T14:45:15.190+0000] {processor.py:208} INFO - Processing /home/airflow/.local/lib/python3.12/site-packages/airflow/example_dags/example_latest_only_with_trigger.py took 0.142 seconds
[2025-02-04T14:45:47.206+0000] {processor.py:186} INFO - Started process (PID=1676) to work on /home/airflow/.local/lib/python3.12/site-packages/airflow/example_dags/example_latest_only_with_trigger.py
[2025-02-04T14:45:47.208+0000] {processor.py:914} INFO - Processing file /home/airflow/.local/lib/python3.12/site-packages/airflow/example_dags/example_latest_only_with_trigger.py for tasks to queue
[2025-02-04T14:45:47.215+0000] {logging_mixin.py:190} INFO - [2025-02-04T14:45:47.214+0000] {dagbag.py:588} INFO - Filling up the DagBag from /home/airflow/.local/lib/python3.12/site-packages/airflow/example_dags/example_latest_only_with_trigger.py
[2025-02-04T14:45:47.236+0000] {processor.py:925} INFO - DAG(s) 'latest_only_with_trigger' retrieved from /home/airflow/.local/lib/python3.12/site-packages/airflow/example_dags/example_latest_only_with_trigger.py
[2025-02-04T14:45:47.287+0000] {logging_mixin.py:190} INFO - [2025-02-04T14:45:47.287+0000] {dag.py:3239} INFO - Sync 1 DAGs
[2025-02-04T14:45:47.350+0000] {logging_mixin.py:190} INFO - [2025-02-04T14:45:47.349+0000] {dag.py:4180} INFO - Setting next_dagrun for latest_only_with_trigger to 2025-02-04 08:00:00+00:00, run_after=2025-02-04 12:00:00+00:00
[2025-02-04T14:45:47.427+0000] {processor.py:208} INFO - Processing /home/airflow/.local/lib/python3.12/site-packages/airflow/example_dags/example_latest_only_with_trigger.py took 0.240 seconds
[2025-02-04T14:49:27.310+0000] {processor.py:186} INFO - Started process (PID=117) to work on /home/airflow/.local/lib/python3.12/site-packages/airflow/example_dags/example_latest_only_with_trigger.py
[2025-02-04T14:49:27.315+0000] {processor.py:914} INFO - Processing file /home/airflow/.local/lib/python3.12/site-packages/airflow/example_dags/example_latest_only_with_trigger.py for tasks to queue
[2025-02-04T14:49:27.322+0000] {logging_mixin.py:190} INFO - [2025-02-04T14:49:27.321+0000] {dagbag.py:588} INFO - Filling up the DagBag from /home/airflow/.local/lib/python3.12/site-packages/airflow/example_dags/example_latest_only_with_trigger.py
[2025-02-04T14:49:27.359+0000] {processor.py:925} INFO - DAG(s) 'latest_only_with_trigger' retrieved from /home/airflow/.local/lib/python3.12/site-packages/airflow/example_dags/example_latest_only_with_trigger.py
[2025-02-04T14:49:27.409+0000] {logging_mixin.py:190} INFO - [2025-02-04T14:49:27.409+0000] {dag.py:3239} INFO - Sync 1 DAGs
[2025-02-04T14:49:27.470+0000] {logging_mixin.py:190} INFO - [2025-02-04T14:49:27.470+0000] {dag.py:4180} INFO - Setting next_dagrun for latest_only_with_trigger to 2025-02-04 08:00:00+00:00, run_after=2025-02-04 12:00:00+00:00
[2025-02-04T14:49:27.518+0000] {processor.py:208} INFO - Processing /home/airflow/.local/lib/python3.12/site-packages/airflow/example_dags/example_latest_only_with_trigger.py took 0.224 seconds
[2025-02-04T14:49:58.800+0000] {processor.py:186} INFO - Started process (PID=182) to work on /home/airflow/.local/lib/python3.12/site-packages/airflow/example_dags/example_latest_only_with_trigger.py
[2025-02-04T14:49:58.803+0000] {processor.py:914} INFO - Processing file /home/airflow/.local/lib/python3.12/site-packages/airflow/example_dags/example_latest_only_with_trigger.py for tasks to queue
[2025-02-04T14:49:58.807+0000] {logging_mixin.py:190} INFO - [2025-02-04T14:49:58.806+0000] {dagbag.py:588} INFO - Filling up the DagBag from /home/airflow/.local/lib/python3.12/site-packages/airflow/example_dags/example_latest_only_with_trigger.py
[2025-02-04T14:49:58.822+0000] {processor.py:925} INFO - DAG(s) 'latest_only_with_trigger' retrieved from /home/airflow/.local/lib/python3.12/site-packages/airflow/example_dags/example_latest_only_with_trigger.py
[2025-02-04T14:49:58.864+0000] {logging_mixin.py:190} INFO - [2025-02-04T14:49:58.863+0000] {dag.py:3239} INFO - Sync 1 DAGs
[2025-02-04T14:49:58.917+0000] {logging_mixin.py:190} INFO - [2025-02-04T14:49:58.916+0000] {dag.py:4180} INFO - Setting next_dagrun for latest_only_with_trigger to 2025-02-04 08:00:00+00:00, run_after=2025-02-04 12:00:00+00:00
[2025-02-04T14:49:58.964+0000] {processor.py:208} INFO - Processing /home/airflow/.local/lib/python3.12/site-packages/airflow/example_dags/example_latest_only_with_trigger.py took 0.173 seconds
[2025-02-04T14:50:29.996+0000] {processor.py:186} INFO - Started process (PID=246) to work on /home/airflow/.local/lib/python3.12/site-packages/airflow/example_dags/example_latest_only_with_trigger.py
[2025-02-04T14:50:29.998+0000] {processor.py:914} INFO - Processing file /home/airflow/.local/lib/python3.12/site-packages/airflow/example_dags/example_latest_only_with_trigger.py for tasks to queue
[2025-02-04T14:50:30.003+0000] {logging_mixin.py:190} INFO - [2025-02-04T14:50:30.002+0000] {dagbag.py:588} INFO - Filling up the DagBag from /home/airflow/.local/lib/python3.12/site-packages/airflow/example_dags/example_latest_only_with_trigger.py
[2025-02-04T14:50:30.027+0000] {processor.py:925} INFO - DAG(s) 'latest_only_with_trigger' retrieved from /home/airflow/.local/lib/python3.12/site-packages/airflow/example_dags/example_latest_only_with_trigger.py
[2025-02-04T14:50:30.099+0000] {logging_mixin.py:190} INFO - [2025-02-04T14:50:30.098+0000] {dag.py:3239} INFO - Sync 1 DAGs
[2025-02-04T14:50:30.180+0000] {logging_mixin.py:190} INFO - [2025-02-04T14:50:30.178+0000] {dag.py:4180} INFO - Setting next_dagrun for latest_only_with_trigger to 2025-02-04 08:00:00+00:00, run_after=2025-02-04 12:00:00+00:00
[2025-02-04T14:50:30.237+0000] {processor.py:208} INFO - Processing /home/airflow/.local/lib/python3.12/site-packages/airflow/example_dags/example_latest_only_with_trigger.py took 0.255 seconds
[2025-02-04T14:51:05.438+0000] {processor.py:186} INFO - Started process (PID=310) to work on /home/airflow/.local/lib/python3.12/site-packages/airflow/example_dags/example_latest_only_with_trigger.py
[2025-02-04T14:51:05.441+0000] {processor.py:914} INFO - Processing file /home/airflow/.local/lib/python3.12/site-packages/airflow/example_dags/example_latest_only_with_trigger.py for tasks to queue
[2025-02-04T14:51:05.446+0000] {logging_mixin.py:190} INFO - [2025-02-04T14:51:05.445+0000] {dagbag.py:588} INFO - Filling up the DagBag from /home/airflow/.local/lib/python3.12/site-packages/airflow/example_dags/example_latest_only_with_trigger.py
[2025-02-04T14:51:05.482+0000] {processor.py:925} INFO - DAG(s) 'latest_only_with_trigger' retrieved from /home/airflow/.local/lib/python3.12/site-packages/airflow/example_dags/example_latest_only_with_trigger.py
[2025-02-04T14:51:05.535+0000] {logging_mixin.py:190} INFO - [2025-02-04T14:51:05.534+0000] {dag.py:3239} INFO - Sync 1 DAGs
[2025-02-04T14:51:05.595+0000] {logging_mixin.py:190} INFO - [2025-02-04T14:51:05.593+0000] {dag.py:4180} INFO - Setting next_dagrun for latest_only_with_trigger to 2025-02-04 08:00:00+00:00, run_after=2025-02-04 12:00:00+00:00
[2025-02-04T14:51:05.658+0000] {processor.py:208} INFO - Processing /home/airflow/.local/lib/python3.12/site-packages/airflow/example_dags/example_latest_only_with_trigger.py took 0.244 seconds
[2025-02-04T14:51:43.570+0000] {processor.py:186} INFO - Started process (PID=376) to work on /home/airflow/.local/lib/python3.12/site-packages/airflow/example_dags/example_latest_only_with_trigger.py
[2025-02-04T14:51:43.587+0000] {processor.py:914} INFO - Processing file /home/airflow/.local/lib/python3.12/site-packages/airflow/example_dags/example_latest_only_with_trigger.py for tasks to queue
[2025-02-04T14:51:43.634+0000] {logging_mixin.py:190} INFO - [2025-02-04T14:51:43.633+0000] {dagbag.py:588} INFO - Filling up the DagBag from /home/airflow/.local/lib/python3.12/site-packages/airflow/example_dags/example_latest_only_with_trigger.py
[2025-02-04T14:51:43.715+0000] {processor.py:925} INFO - DAG(s) 'latest_only_with_trigger' retrieved from /home/airflow/.local/lib/python3.12/site-packages/airflow/example_dags/example_latest_only_with_trigger.py
[2025-02-04T14:51:44.074+0000] {logging_mixin.py:190} INFO - [2025-02-04T14:51:44.074+0000] {dag.py:3239} INFO - Sync 1 DAGs
[2025-02-04T14:51:44.524+0000] {logging_mixin.py:190} INFO - [2025-02-04T14:51:44.523+0000] {dag.py:4180} INFO - Setting next_dagrun for latest_only_with_trigger to 2025-02-04 08:00:00+00:00, run_after=2025-02-04 12:00:00+00:00
[2025-02-04T14:51:44.845+0000] {processor.py:208} INFO - Processing /home/airflow/.local/lib/python3.12/site-packages/airflow/example_dags/example_latest_only_with_trigger.py took 1.327 seconds
[2025-02-04T14:52:42.521+0000] {processor.py:186} INFO - Started process (PID=446) to work on /home/airflow/.local/lib/python3.12/site-packages/airflow/example_dags/example_latest_only_with_trigger.py
[2025-02-04T14:52:42.526+0000] {processor.py:914} INFO - Processing file /home/airflow/.local/lib/python3.12/site-packages/airflow/example_dags/example_latest_only_with_trigger.py for tasks to queue
[2025-02-04T14:52:42.541+0000] {logging_mixin.py:190} INFO - [2025-02-04T14:52:42.540+0000] {dagbag.py:588} INFO - Filling up the DagBag from /home/airflow/.local/lib/python3.12/site-packages/airflow/example_dags/example_latest_only_with_trigger.py
[2025-02-04T14:52:42.660+0000] {processor.py:925} INFO - DAG(s) 'latest_only_with_trigger' retrieved from /home/airflow/.local/lib/python3.12/site-packages/airflow/example_dags/example_latest_only_with_trigger.py
[2025-02-04T14:52:42.866+0000] {logging_mixin.py:190} INFO - [2025-02-04T14:52:42.866+0000] {dag.py:3239} INFO - Sync 1 DAGs
[2025-02-04T14:52:42.943+0000] {logging_mixin.py:190} INFO - [2025-02-04T14:52:42.942+0000] {dag.py:4180} INFO - Setting next_dagrun for latest_only_with_trigger to 2025-02-04 08:00:00+00:00, run_after=2025-02-04 12:00:00+00:00
[2025-02-04T14:52:43.007+0000] {processor.py:208} INFO - Processing /home/airflow/.local/lib/python3.12/site-packages/airflow/example_dags/example_latest_only_with_trigger.py took 0.516 seconds
[2025-02-04T14:53:13.757+0000] {processor.py:186} INFO - Started process (PID=515) to work on /home/airflow/.local/lib/python3.12/site-packages/airflow/example_dags/example_latest_only_with_trigger.py
[2025-02-04T14:53:13.759+0000] {processor.py:914} INFO - Processing file /home/airflow/.local/lib/python3.12/site-packages/airflow/example_dags/example_latest_only_with_trigger.py for tasks to queue
[2025-02-04T14:53:13.765+0000] {logging_mixin.py:190} INFO - [2025-02-04T14:53:13.763+0000] {dagbag.py:588} INFO - Filling up the DagBag from /home/airflow/.local/lib/python3.12/site-packages/airflow/example_dags/example_latest_only_with_trigger.py
[2025-02-04T14:53:13.787+0000] {processor.py:925} INFO - DAG(s) 'latest_only_with_trigger' retrieved from /home/airflow/.local/lib/python3.12/site-packages/airflow/example_dags/example_latest_only_with_trigger.py
[2025-02-04T14:53:13.832+0000] {logging_mixin.py:190} INFO - [2025-02-04T14:53:13.831+0000] {dag.py:3239} INFO - Sync 1 DAGs
[2025-02-04T14:53:13.874+0000] {logging_mixin.py:190} INFO - [2025-02-04T14:53:13.874+0000] {dag.py:4180} INFO - Setting next_dagrun for latest_only_with_trigger to 2025-02-04 08:00:00+00:00, run_after=2025-02-04 12:00:00+00:00
[2025-02-04T14:53:13.931+0000] {processor.py:208} INFO - Processing /home/airflow/.local/lib/python3.12/site-packages/airflow/example_dags/example_latest_only_with_trigger.py took 0.188 seconds
[2025-02-04T14:53:44.554+0000] {processor.py:186} INFO - Started process (PID=580) to work on /home/airflow/.local/lib/python3.12/site-packages/airflow/example_dags/example_latest_only_with_trigger.py
[2025-02-04T14:53:44.555+0000] {processor.py:914} INFO - Processing file /home/airflow/.local/lib/python3.12/site-packages/airflow/example_dags/example_latest_only_with_trigger.py for tasks to queue
[2025-02-04T14:53:44.561+0000] {logging_mixin.py:190} INFO - [2025-02-04T14:53:44.560+0000] {dagbag.py:588} INFO - Filling up the DagBag from /home/airflow/.local/lib/python3.12/site-packages/airflow/example_dags/example_latest_only_with_trigger.py
[2025-02-04T14:53:44.577+0000] {processor.py:925} INFO - DAG(s) 'latest_only_with_trigger' retrieved from /home/airflow/.local/lib/python3.12/site-packages/airflow/example_dags/example_latest_only_with_trigger.py
[2025-02-04T14:53:44.625+0000] {logging_mixin.py:190} INFO - [2025-02-04T14:53:44.625+0000] {dag.py:3239} INFO - Sync 1 DAGs
[2025-02-04T14:53:44.689+0000] {logging_mixin.py:190} INFO - [2025-02-04T14:53:44.688+0000] {dag.py:4180} INFO - Setting next_dagrun for latest_only_with_trigger to 2025-02-04 08:00:00+00:00, run_after=2025-02-04 12:00:00+00:00
[2025-02-04T14:53:44.727+0000] {processor.py:208} INFO - Processing /home/airflow/.local/lib/python3.12/site-packages/airflow/example_dags/example_latest_only_with_trigger.py took 0.190 seconds
[2025-02-04T14:54:14.855+0000] {processor.py:186} INFO - Started process (PID=646) to work on /home/airflow/.local/lib/python3.12/site-packages/airflow/example_dags/example_latest_only_with_trigger.py
[2025-02-04T14:54:14.858+0000] {processor.py:914} INFO - Processing file /home/airflow/.local/lib/python3.12/site-packages/airflow/example_dags/example_latest_only_with_trigger.py for tasks to queue
[2025-02-04T14:54:14.869+0000] {logging_mixin.py:190} INFO - [2025-02-04T14:54:14.863+0000] {dagbag.py:588} INFO - Filling up the DagBag from /home/airflow/.local/lib/python3.12/site-packages/airflow/example_dags/example_latest_only_with_trigger.py
[2025-02-04T14:54:14.890+0000] {processor.py:925} INFO - DAG(s) 'latest_only_with_trigger' retrieved from /home/airflow/.local/lib/python3.12/site-packages/airflow/example_dags/example_latest_only_with_trigger.py
[2025-02-04T14:54:14.926+0000] {logging_mixin.py:190} INFO - [2025-02-04T14:54:14.926+0000] {dag.py:3239} INFO - Sync 1 DAGs
[2025-02-04T14:54:14.968+0000] {logging_mixin.py:190} INFO - [2025-02-04T14:54:14.968+0000] {dag.py:4180} INFO - Setting next_dagrun for latest_only_with_trigger to 2025-02-04 08:00:00+00:00, run_after=2025-02-04 12:00:00+00:00
[2025-02-04T14:54:15.022+0000] {processor.py:208} INFO - Processing /home/airflow/.local/lib/python3.12/site-packages/airflow/example_dags/example_latest_only_with_trigger.py took 0.192 seconds
[2025-02-04T14:54:45.485+0000] {processor.py:186} INFO - Started process (PID=715) to work on /home/airflow/.local/lib/python3.12/site-packages/airflow/example_dags/example_latest_only_with_trigger.py
[2025-02-04T14:54:45.486+0000] {processor.py:914} INFO - Processing file /home/airflow/.local/lib/python3.12/site-packages/airflow/example_dags/example_latest_only_with_trigger.py for tasks to queue
[2025-02-04T14:54:45.492+0000] {logging_mixin.py:190} INFO - [2025-02-04T14:54:45.491+0000] {dagbag.py:588} INFO - Filling up the DagBag from /home/airflow/.local/lib/python3.12/site-packages/airflow/example_dags/example_latest_only_with_trigger.py
[2025-02-04T14:54:45.507+0000] {processor.py:925} INFO - DAG(s) 'latest_only_with_trigger' retrieved from /home/airflow/.local/lib/python3.12/site-packages/airflow/example_dags/example_latest_only_with_trigger.py
[2025-02-04T14:54:45.550+0000] {logging_mixin.py:190} INFO - [2025-02-04T14:54:45.550+0000] {dag.py:3239} INFO - Sync 1 DAGs
[2025-02-04T14:54:45.594+0000] {logging_mixin.py:190} INFO - [2025-02-04T14:54:45.593+0000] {dag.py:4180} INFO - Setting next_dagrun for latest_only_with_trigger to 2025-02-04 08:00:00+00:00, run_after=2025-02-04 12:00:00+00:00
[2025-02-04T14:54:45.630+0000] {processor.py:208} INFO - Processing /home/airflow/.local/lib/python3.12/site-packages/airflow/example_dags/example_latest_only_with_trigger.py took 0.159 seconds
[2025-02-04T14:55:16.375+0000] {processor.py:186} INFO - Started process (PID=780) to work on /home/airflow/.local/lib/python3.12/site-packages/airflow/example_dags/example_latest_only_with_trigger.py
[2025-02-04T14:55:16.378+0000] {processor.py:914} INFO - Processing file /home/airflow/.local/lib/python3.12/site-packages/airflow/example_dags/example_latest_only_with_trigger.py for tasks to queue
[2025-02-04T14:55:16.384+0000] {logging_mixin.py:190} INFO - [2025-02-04T14:55:16.383+0000] {dagbag.py:588} INFO - Filling up the DagBag from /home/airflow/.local/lib/python3.12/site-packages/airflow/example_dags/example_latest_only_with_trigger.py
[2025-02-04T14:55:16.402+0000] {processor.py:925} INFO - DAG(s) 'latest_only_with_trigger' retrieved from /home/airflow/.local/lib/python3.12/site-packages/airflow/example_dags/example_latest_only_with_trigger.py
[2025-02-04T14:55:16.439+0000] {logging_mixin.py:190} INFO - [2025-02-04T14:55:16.439+0000] {dag.py:3239} INFO - Sync 1 DAGs
[2025-02-04T14:55:16.487+0000] {logging_mixin.py:190} INFO - [2025-02-04T14:55:16.487+0000] {dag.py:4180} INFO - Setting next_dagrun for latest_only_with_trigger to 2025-02-04 08:00:00+00:00, run_after=2025-02-04 12:00:00+00:00
[2025-02-04T14:55:16.524+0000] {processor.py:208} INFO - Processing /home/airflow/.local/lib/python3.12/site-packages/airflow/example_dags/example_latest_only_with_trigger.py took 0.160 seconds
[2025-02-04T14:55:52.857+0000] {processor.py:186} INFO - Started process (PID=847) to work on /home/airflow/.local/lib/python3.12/site-packages/airflow/example_dags/example_latest_only_with_trigger.py
[2025-02-04T14:55:52.867+0000] {processor.py:914} INFO - Processing file /home/airflow/.local/lib/python3.12/site-packages/airflow/example_dags/example_latest_only_with_trigger.py for tasks to queue
[2025-02-04T14:55:52.887+0000] {logging_mixin.py:190} INFO - [2025-02-04T14:55:52.886+0000] {dagbag.py:588} INFO - Filling up the DagBag from /home/airflow/.local/lib/python3.12/site-packages/airflow/example_dags/example_latest_only_with_trigger.py
[2025-02-04T14:55:52.950+0000] {processor.py:925} INFO - DAG(s) 'latest_only_with_trigger' retrieved from /home/airflow/.local/lib/python3.12/site-packages/airflow/example_dags/example_latest_only_with_trigger.py
[2025-02-04T14:55:53.065+0000] {logging_mixin.py:190} INFO - [2025-02-04T14:55:53.065+0000] {dag.py:3239} INFO - Sync 1 DAGs
[2025-02-04T14:55:53.273+0000] {logging_mixin.py:190} INFO - [2025-02-04T14:55:53.272+0000] {dag.py:4180} INFO - Setting next_dagrun for latest_only_with_trigger to 2025-02-04 08:00:00+00:00, run_after=2025-02-04 12:00:00+00:00
[2025-02-04T14:55:53.424+0000] {processor.py:208} INFO - Processing /home/airflow/.local/lib/python3.12/site-packages/airflow/example_dags/example_latest_only_with_trigger.py took 0.588 seconds
[2025-02-04T14:56:23.959+0000] {processor.py:186} INFO - Started process (PID=911) to work on /home/airflow/.local/lib/python3.12/site-packages/airflow/example_dags/example_latest_only_with_trigger.py
[2025-02-04T14:56:23.961+0000] {processor.py:914} INFO - Processing file /home/airflow/.local/lib/python3.12/site-packages/airflow/example_dags/example_latest_only_with_trigger.py for tasks to queue
[2025-02-04T14:56:23.967+0000] {logging_mixin.py:190} INFO - [2025-02-04T14:56:23.967+0000] {dagbag.py:588} INFO - Filling up the DagBag from /home/airflow/.local/lib/python3.12/site-packages/airflow/example_dags/example_latest_only_with_trigger.py
[2025-02-04T14:56:23.989+0000] {processor.py:925} INFO - DAG(s) 'latest_only_with_trigger' retrieved from /home/airflow/.local/lib/python3.12/site-packages/airflow/example_dags/example_latest_only_with_trigger.py
[2025-02-04T14:56:24.057+0000] {logging_mixin.py:190} INFO - [2025-02-04T14:56:24.056+0000] {dag.py:3239} INFO - Sync 1 DAGs
[2025-02-04T14:56:24.162+0000] {logging_mixin.py:190} INFO - [2025-02-04T14:56:24.161+0000] {dag.py:4180} INFO - Setting next_dagrun for latest_only_with_trigger to 2025-02-04 08:00:00+00:00, run_after=2025-02-04 12:00:00+00:00
[2025-02-04T14:56:24.287+0000] {processor.py:208} INFO - Processing /home/airflow/.local/lib/python3.12/site-packages/airflow/example_dags/example_latest_only_with_trigger.py took 0.341 seconds
[2025-02-04T14:56:55.165+0000] {processor.py:186} INFO - Started process (PID=975) to work on /home/airflow/.local/lib/python3.12/site-packages/airflow/example_dags/example_latest_only_with_trigger.py
[2025-02-04T14:56:55.169+0000] {processor.py:914} INFO - Processing file /home/airflow/.local/lib/python3.12/site-packages/airflow/example_dags/example_latest_only_with_trigger.py for tasks to queue
[2025-02-04T14:56:55.174+0000] {logging_mixin.py:190} INFO - [2025-02-04T14:56:55.173+0000] {dagbag.py:588} INFO - Filling up the DagBag from /home/airflow/.local/lib/python3.12/site-packages/airflow/example_dags/example_latest_only_with_trigger.py
[2025-02-04T14:56:55.193+0000] {processor.py:925} INFO - DAG(s) 'latest_only_with_trigger' retrieved from /home/airflow/.local/lib/python3.12/site-packages/airflow/example_dags/example_latest_only_with_trigger.py
[2025-02-04T14:56:55.251+0000] {logging_mixin.py:190} INFO - [2025-02-04T14:56:55.250+0000] {dag.py:3239} INFO - Sync 1 DAGs
[2025-02-04T14:56:55.317+0000] {logging_mixin.py:190} INFO - [2025-02-04T14:56:55.317+0000] {dag.py:4180} INFO - Setting next_dagrun for latest_only_with_trigger to 2025-02-04 08:00:00+00:00, run_after=2025-02-04 12:00:00+00:00
[2025-02-04T14:56:55.377+0000] {processor.py:208} INFO - Processing /home/airflow/.local/lib/python3.12/site-packages/airflow/example_dags/example_latest_only_with_trigger.py took 0.227 seconds
[2025-02-04T14:57:26.214+0000] {processor.py:186} INFO - Started process (PID=1039) to work on /home/airflow/.local/lib/python3.12/site-packages/airflow/example_dags/example_latest_only_with_trigger.py
[2025-02-04T14:57:26.217+0000] {processor.py:914} INFO - Processing file /home/airflow/.local/lib/python3.12/site-packages/airflow/example_dags/example_latest_only_with_trigger.py for tasks to queue
[2025-02-04T14:57:26.223+0000] {logging_mixin.py:190} INFO - [2025-02-04T14:57:26.223+0000] {dagbag.py:588} INFO - Filling up the DagBag from /home/airflow/.local/lib/python3.12/site-packages/airflow/example_dags/example_latest_only_with_trigger.py
[2025-02-04T14:57:26.237+0000] {processor.py:925} INFO - DAG(s) 'latest_only_with_trigger' retrieved from /home/airflow/.local/lib/python3.12/site-packages/airflow/example_dags/example_latest_only_with_trigger.py
[2025-02-04T14:57:26.283+0000] {logging_mixin.py:190} INFO - [2025-02-04T14:57:26.283+0000] {dag.py:3239} INFO - Sync 1 DAGs
[2025-02-04T14:57:26.328+0000] {logging_mixin.py:190} INFO - [2025-02-04T14:57:26.328+0000] {dag.py:4180} INFO - Setting next_dagrun for latest_only_with_trigger to 2025-02-04 08:00:00+00:00, run_after=2025-02-04 12:00:00+00:00
[2025-02-04T14:57:26.364+0000] {processor.py:208} INFO - Processing /home/airflow/.local/lib/python3.12/site-packages/airflow/example_dags/example_latest_only_with_trigger.py took 0.162 seconds
[2025-02-04T14:57:58.095+0000] {processor.py:186} INFO - Started process (PID=1103) to work on /home/airflow/.local/lib/python3.12/site-packages/airflow/example_dags/example_latest_only_with_trigger.py
[2025-02-04T14:57:58.096+0000] {processor.py:914} INFO - Processing file /home/airflow/.local/lib/python3.12/site-packages/airflow/example_dags/example_latest_only_with_trigger.py for tasks to queue
[2025-02-04T14:57:58.102+0000] {logging_mixin.py:190} INFO - [2025-02-04T14:57:58.101+0000] {dagbag.py:588} INFO - Filling up the DagBag from /home/airflow/.local/lib/python3.12/site-packages/airflow/example_dags/example_latest_only_with_trigger.py
[2025-02-04T14:57:58.131+0000] {processor.py:925} INFO - DAG(s) 'latest_only_with_trigger' retrieved from /home/airflow/.local/lib/python3.12/site-packages/airflow/example_dags/example_latest_only_with_trigger.py
[2025-02-04T14:57:58.210+0000] {logging_mixin.py:190} INFO - [2025-02-04T14:57:58.210+0000] {dag.py:3239} INFO - Sync 1 DAGs
[2025-02-04T14:57:58.280+0000] {logging_mixin.py:190} INFO - [2025-02-04T14:57:58.280+0000] {dag.py:4180} INFO - Setting next_dagrun for latest_only_with_trigger to 2025-02-04 08:00:00+00:00, run_after=2025-02-04 12:00:00+00:00
[2025-02-04T14:57:58.331+0000] {processor.py:208} INFO - Processing /home/airflow/.local/lib/python3.12/site-packages/airflow/example_dags/example_latest_only_with_trigger.py took 0.249 seconds
[2025-02-04T14:58:31.204+0000] {processor.py:186} INFO - Started process (PID=1168) to work on /home/airflow/.local/lib/python3.12/site-packages/airflow/example_dags/example_latest_only_with_trigger.py
[2025-02-04T14:58:31.207+0000] {processor.py:914} INFO - Processing file /home/airflow/.local/lib/python3.12/site-packages/airflow/example_dags/example_latest_only_with_trigger.py for tasks to queue
[2025-02-04T14:58:31.212+0000] {logging_mixin.py:190} INFO - [2025-02-04T14:58:31.212+0000] {dagbag.py:588} INFO - Filling up the DagBag from /home/airflow/.local/lib/python3.12/site-packages/airflow/example_dags/example_latest_only_with_trigger.py
[2025-02-04T14:58:31.225+0000] {processor.py:925} INFO - DAG(s) 'latest_only_with_trigger' retrieved from /home/airflow/.local/lib/python3.12/site-packages/airflow/example_dags/example_latest_only_with_trigger.py
[2025-02-04T14:58:31.264+0000] {logging_mixin.py:190} INFO - [2025-02-04T14:58:31.263+0000] {dag.py:3239} INFO - Sync 1 DAGs
[2025-02-04T14:58:31.328+0000] {logging_mixin.py:190} INFO - [2025-02-04T14:58:31.327+0000] {dag.py:4180} INFO - Setting next_dagrun for latest_only_with_trigger to 2025-02-04 08:00:00+00:00, run_after=2025-02-04 12:00:00+00:00
[2025-02-04T14:58:31.371+0000] {processor.py:208} INFO - Processing /home/airflow/.local/lib/python3.12/site-packages/airflow/example_dags/example_latest_only_with_trigger.py took 0.177 seconds
[2025-02-04T14:59:02.435+0000] {processor.py:186} INFO - Started process (PID=1233) to work on /home/airflow/.local/lib/python3.12/site-packages/airflow/example_dags/example_latest_only_with_trigger.py
[2025-02-04T14:59:02.438+0000] {processor.py:914} INFO - Processing file /home/airflow/.local/lib/python3.12/site-packages/airflow/example_dags/example_latest_only_with_trigger.py for tasks to queue
[2025-02-04T14:59:02.442+0000] {logging_mixin.py:190} INFO - [2025-02-04T14:59:02.441+0000] {dagbag.py:588} INFO - Filling up the DagBag from /home/airflow/.local/lib/python3.12/site-packages/airflow/example_dags/example_latest_only_with_trigger.py
[2025-02-04T14:59:02.455+0000] {processor.py:925} INFO - DAG(s) 'latest_only_with_trigger' retrieved from /home/airflow/.local/lib/python3.12/site-packages/airflow/example_dags/example_latest_only_with_trigger.py
[2025-02-04T14:59:02.492+0000] {logging_mixin.py:190} INFO - [2025-02-04T14:59:02.491+0000] {dag.py:3239} INFO - Sync 1 DAGs
[2025-02-04T14:59:02.538+0000] {logging_mixin.py:190} INFO - [2025-02-04T14:59:02.537+0000] {dag.py:4180} INFO - Setting next_dagrun for latest_only_with_trigger to 2025-02-04 08:00:00+00:00, run_after=2025-02-04 12:00:00+00:00
[2025-02-04T14:59:02.580+0000] {processor.py:208} INFO - Processing /home/airflow/.local/lib/python3.12/site-packages/airflow/example_dags/example_latest_only_with_trigger.py took 0.157 seconds
[2025-02-04T14:59:36.903+0000] {processor.py:186} INFO - Started process (PID=1297) to work on /home/airflow/.local/lib/python3.12/site-packages/airflow/example_dags/example_latest_only_with_trigger.py
[2025-02-04T14:59:36.905+0000] {processor.py:914} INFO - Processing file /home/airflow/.local/lib/python3.12/site-packages/airflow/example_dags/example_latest_only_with_trigger.py for tasks to queue
[2025-02-04T14:59:36.913+0000] {logging_mixin.py:190} INFO - [2025-02-04T14:59:36.912+0000] {dagbag.py:588} INFO - Filling up the DagBag from /home/airflow/.local/lib/python3.12/site-packages/airflow/example_dags/example_latest_only_with_trigger.py
[2025-02-04T14:59:36.932+0000] {processor.py:925} INFO - DAG(s) 'latest_only_with_trigger' retrieved from /home/airflow/.local/lib/python3.12/site-packages/airflow/example_dags/example_latest_only_with_trigger.py
[2025-02-04T14:59:36.980+0000] {logging_mixin.py:190} INFO - [2025-02-04T14:59:36.980+0000] {dag.py:3239} INFO - Sync 1 DAGs
[2025-02-04T14:59:37.039+0000] {logging_mixin.py:190} INFO - [2025-02-04T14:59:37.039+0000] {dag.py:4180} INFO - Setting next_dagrun for latest_only_with_trigger to 2025-02-04 08:00:00+00:00, run_after=2025-02-04 12:00:00+00:00
[2025-02-04T14:59:37.085+0000] {processor.py:208} INFO - Processing /home/airflow/.local/lib/python3.12/site-packages/airflow/example_dags/example_latest_only_with_trigger.py took 0.196 seconds
[2025-02-04T15:00:07.563+0000] {processor.py:186} INFO - Started process (PID=1361) to work on /home/airflow/.local/lib/python3.12/site-packages/airflow/example_dags/example_latest_only_with_trigger.py
[2025-02-04T15:00:07.565+0000] {processor.py:914} INFO - Processing file /home/airflow/.local/lib/python3.12/site-packages/airflow/example_dags/example_latest_only_with_trigger.py for tasks to queue
[2025-02-04T15:00:07.570+0000] {logging_mixin.py:190} INFO - [2025-02-04T15:00:07.569+0000] {dagbag.py:588} INFO - Filling up the DagBag from /home/airflow/.local/lib/python3.12/site-packages/airflow/example_dags/example_latest_only_with_trigger.py
[2025-02-04T15:00:07.582+0000] {processor.py:925} INFO - DAG(s) 'latest_only_with_trigger' retrieved from /home/airflow/.local/lib/python3.12/site-packages/airflow/example_dags/example_latest_only_with_trigger.py
[2025-02-04T15:00:07.615+0000] {logging_mixin.py:190} INFO - [2025-02-04T15:00:07.615+0000] {dag.py:3239} INFO - Sync 1 DAGs
[2025-02-04T15:00:07.662+0000] {logging_mixin.py:190} INFO - [2025-02-04T15:00:07.662+0000] {dag.py:4180} INFO - Setting next_dagrun for latest_only_with_trigger to 2025-02-04 08:00:00+00:00, run_after=2025-02-04 12:00:00+00:00
[2025-02-04T15:00:07.698+0000] {processor.py:208} INFO - Processing /home/airflow/.local/lib/python3.12/site-packages/airflow/example_dags/example_latest_only_with_trigger.py took 0.146 seconds
[2025-02-04T15:00:38.535+0000] {processor.py:186} INFO - Started process (PID=1425) to work on /home/airflow/.local/lib/python3.12/site-packages/airflow/example_dags/example_latest_only_with_trigger.py
[2025-02-04T15:00:38.537+0000] {processor.py:914} INFO - Processing file /home/airflow/.local/lib/python3.12/site-packages/airflow/example_dags/example_latest_only_with_trigger.py for tasks to queue
[2025-02-04T15:00:38.540+0000] {logging_mixin.py:190} INFO - [2025-02-04T15:00:38.540+0000] {dagbag.py:588} INFO - Filling up the DagBag from /home/airflow/.local/lib/python3.12/site-packages/airflow/example_dags/example_latest_only_with_trigger.py
[2025-02-04T15:00:38.553+0000] {processor.py:925} INFO - DAG(s) 'latest_only_with_trigger' retrieved from /home/airflow/.local/lib/python3.12/site-packages/airflow/example_dags/example_latest_only_with_trigger.py
[2025-02-04T15:00:38.632+0000] {logging_mixin.py:190} INFO - [2025-02-04T15:00:38.631+0000] {dag.py:3239} INFO - Sync 1 DAGs
[2025-02-04T15:00:38.697+0000] {logging_mixin.py:190} INFO - [2025-02-04T15:00:38.697+0000] {dag.py:4180} INFO - Setting next_dagrun for latest_only_with_trigger to 2025-02-04 08:00:00+00:00, run_after=2025-02-04 12:00:00+00:00
[2025-02-04T15:00:38.735+0000] {processor.py:208} INFO - Processing /home/airflow/.local/lib/python3.12/site-packages/airflow/example_dags/example_latest_only_with_trigger.py took 0.211 seconds
[2025-02-04T15:01:10.954+0000] {processor.py:186} INFO - Started process (PID=1490) to work on /home/airflow/.local/lib/python3.12/site-packages/airflow/example_dags/example_latest_only_with_trigger.py
[2025-02-04T15:01:10.956+0000] {processor.py:914} INFO - Processing file /home/airflow/.local/lib/python3.12/site-packages/airflow/example_dags/example_latest_only_with_trigger.py for tasks to queue
[2025-02-04T15:01:10.961+0000] {logging_mixin.py:190} INFO - [2025-02-04T15:01:10.960+0000] {dagbag.py:588} INFO - Filling up the DagBag from /home/airflow/.local/lib/python3.12/site-packages/airflow/example_dags/example_latest_only_with_trigger.py
[2025-02-04T15:01:10.972+0000] {processor.py:925} INFO - DAG(s) 'latest_only_with_trigger' retrieved from /home/airflow/.local/lib/python3.12/site-packages/airflow/example_dags/example_latest_only_with_trigger.py
[2025-02-04T15:01:11.003+0000] {logging_mixin.py:190} INFO - [2025-02-04T15:01:11.002+0000] {dag.py:3239} INFO - Sync 1 DAGs
[2025-02-04T15:01:11.042+0000] {logging_mixin.py:190} INFO - [2025-02-04T15:01:11.042+0000] {dag.py:4180} INFO - Setting next_dagrun for latest_only_with_trigger to 2025-02-04 08:00:00+00:00, run_after=2025-02-04 12:00:00+00:00
[2025-02-04T15:01:11.068+0000] {processor.py:208} INFO - Processing /home/airflow/.local/lib/python3.12/site-packages/airflow/example_dags/example_latest_only_with_trigger.py took 0.122 seconds
[2025-02-04T15:01:48.776+0000] {processor.py:186} INFO - Started process (PID=1561) to work on /home/airflow/.local/lib/python3.12/site-packages/airflow/example_dags/example_latest_only_with_trigger.py
[2025-02-04T15:01:48.787+0000] {processor.py:914} INFO - Processing file /home/airflow/.local/lib/python3.12/site-packages/airflow/example_dags/example_latest_only_with_trigger.py for tasks to queue
[2025-02-04T15:01:48.801+0000] {logging_mixin.py:190} INFO - [2025-02-04T15:01:48.800+0000] {dagbag.py:588} INFO - Filling up the DagBag from /home/airflow/.local/lib/python3.12/site-packages/airflow/example_dags/example_latest_only_with_trigger.py
[2025-02-04T15:01:48.945+0000] {processor.py:925} INFO - DAG(s) 'latest_only_with_trigger' retrieved from /home/airflow/.local/lib/python3.12/site-packages/airflow/example_dags/example_latest_only_with_trigger.py
[2025-02-04T15:01:49.112+0000] {logging_mixin.py:190} INFO - [2025-02-04T15:01:49.111+0000] {dag.py:3239} INFO - Sync 1 DAGs
[2025-02-04T15:01:56.301+0000] {logging_mixin.py:190} INFO - [2025-02-04T15:01:56.301+0000] {process_utils.py:266} INFO - Waiting up to 5 seconds for processes to exit...
