[2025-02-04T14:07:42.251+0000] {processor.py:186} INFO - Started process (PID=117) to work on /home/airflow/.local/lib/python3.12/site-packages/airflow/example_dags/example_short_circuit_operator.py
[2025-02-04T14:07:42.256+0000] {processor.py:914} INFO - Processing file /home/airflow/.local/lib/python3.12/site-packages/airflow/example_dags/example_short_circuit_operator.py for tasks to queue
[2025-02-04T14:07:42.262+0000] {logging_mixin.py:190} INFO - [2025-02-04T14:07:42.261+0000] {dagbag.py:588} INFO - Filling up the DagBag from /home/airflow/.local/lib/python3.12/site-packages/airflow/example_dags/example_short_circuit_operator.py
[2025-02-04T14:07:42.333+0000] {processor.py:925} INFO - DAG(s) 'example_short_circuit_operator' retrieved from /home/airflow/.local/lib/python3.12/site-packages/airflow/example_dags/example_short_circuit_operator.py
[2025-02-04T14:07:43.192+0000] {logging_mixin.py:190} INFO - [2025-02-04T14:07:43.188+0000] {override.py:1911} INFO - Created Permission View: can delete on DAG:example_short_circuit_operator
[2025-02-04T14:07:43.299+0000] {logging_mixin.py:190} INFO - [2025-02-04T14:07:43.298+0000] {override.py:1911} INFO - Created Permission View: can read on DAG:example_short_circuit_operator
[2025-02-04T14:07:43.406+0000] {logging_mixin.py:190} INFO - [2025-02-04T14:07:43.406+0000] {override.py:1911} INFO - Created Permission View: can edit on DAG:example_short_circuit_operator
[2025-02-04T14:07:43.459+0000] {logging_mixin.py:190} INFO - [2025-02-04T14:07:43.458+0000] {override.py:1911} INFO - Created Permission View: can delete on DAG Run:example_short_circuit_operator
[2025-02-04T14:07:43.488+0000] {logging_mixin.py:190} INFO - [2025-02-04T14:07:43.487+0000] {override.py:1911} INFO - Created Permission View: menu access on DAG Run:example_short_circuit_operator
[2025-02-04T14:07:43.518+0000] {logging_mixin.py:190} INFO - [2025-02-04T14:07:43.515+0000] {override.py:1911} INFO - Created Permission View: can read on DAG Run:example_short_circuit_operator
[2025-02-04T14:07:43.552+0000] {logging_mixin.py:190} INFO - [2025-02-04T14:07:43.552+0000] {override.py:1911} INFO - Created Permission View: can create on DAG Run:example_short_circuit_operator
[2025-02-04T14:07:43.561+0000] {logging_mixin.py:190} INFO - [2025-02-04T14:07:43.560+0000] {dag.py:3239} INFO - Sync 1 DAGs
[2025-02-04T14:07:43.703+0000] {logging_mixin.py:190} INFO - [2025-02-04T14:07:43.696+0000] {dag.py:3262} INFO - Creating ORM DAG for example_short_circuit_operator
[2025-02-04T14:07:43.714+0000] {logging_mixin.py:190} INFO - [2025-02-04T14:07:43.714+0000] {dag.py:4180} INFO - Setting next_dagrun for example_short_circuit_operator to None, run_after=None
[2025-02-04T14:07:43.872+0000] {processor.py:208} INFO - Processing /home/airflow/.local/lib/python3.12/site-packages/airflow/example_dags/example_short_circuit_operator.py took 1.642 seconds
[2025-02-04T14:08:34.003+0000] {processor.py:186} INFO - Started process (PID=186) to work on /home/airflow/.local/lib/python3.12/site-packages/airflow/example_dags/example_short_circuit_operator.py
[2025-02-04T14:08:34.008+0000] {processor.py:914} INFO - Processing file /home/airflow/.local/lib/python3.12/site-packages/airflow/example_dags/example_short_circuit_operator.py for tasks to queue
[2025-02-04T14:08:34.014+0000] {logging_mixin.py:190} INFO - [2025-02-04T14:08:34.013+0000] {dagbag.py:588} INFO - Filling up the DagBag from /home/airflow/.local/lib/python3.12/site-packages/airflow/example_dags/example_short_circuit_operator.py
[2025-02-04T14:08:34.034+0000] {processor.py:925} INFO - DAG(s) 'example_short_circuit_operator' retrieved from /home/airflow/.local/lib/python3.12/site-packages/airflow/example_dags/example_short_circuit_operator.py
[2025-02-04T14:08:34.172+0000] {logging_mixin.py:190} INFO - [2025-02-04T14:08:34.171+0000] {dag.py:3239} INFO - Sync 1 DAGs
[2025-02-04T14:08:34.287+0000] {logging_mixin.py:190} INFO - [2025-02-04T14:08:34.279+0000] {dag.py:4180} INFO - Setting next_dagrun for example_short_circuit_operator to None, run_after=None
[2025-02-04T14:08:34.462+0000] {processor.py:208} INFO - Processing /home/airflow/.local/lib/python3.12/site-packages/airflow/example_dags/example_short_circuit_operator.py took 0.487 seconds
[2025-02-04T14:09:04.958+0000] {processor.py:186} INFO - Started process (PID=250) to work on /home/airflow/.local/lib/python3.12/site-packages/airflow/example_dags/example_short_circuit_operator.py
[2025-02-04T14:09:04.963+0000] {processor.py:914} INFO - Processing file /home/airflow/.local/lib/python3.12/site-packages/airflow/example_dags/example_short_circuit_operator.py for tasks to queue
[2025-02-04T14:09:04.973+0000] {logging_mixin.py:190} INFO - [2025-02-04T14:09:04.973+0000] {dagbag.py:588} INFO - Filling up the DagBag from /home/airflow/.local/lib/python3.12/site-packages/airflow/example_dags/example_short_circuit_operator.py
[2025-02-04T14:09:05.018+0000] {processor.py:925} INFO - DAG(s) 'example_short_circuit_operator' retrieved from /home/airflow/.local/lib/python3.12/site-packages/airflow/example_dags/example_short_circuit_operator.py
[2025-02-04T14:09:05.113+0000] {logging_mixin.py:190} INFO - [2025-02-04T14:09:05.113+0000] {dag.py:3239} INFO - Sync 1 DAGs
[2025-02-04T14:09:05.168+0000] {logging_mixin.py:190} INFO - [2025-02-04T14:09:05.167+0000] {dag.py:4180} INFO - Setting next_dagrun for example_short_circuit_operator to None, run_after=None
[2025-02-04T14:09:05.225+0000] {processor.py:208} INFO - Processing /home/airflow/.local/lib/python3.12/site-packages/airflow/example_dags/example_short_circuit_operator.py took 0.299 seconds
[2025-02-04T14:09:35.627+0000] {processor.py:186} INFO - Started process (PID=313) to work on /home/airflow/.local/lib/python3.12/site-packages/airflow/example_dags/example_short_circuit_operator.py
[2025-02-04T14:09:35.635+0000] {processor.py:914} INFO - Processing file /home/airflow/.local/lib/python3.12/site-packages/airflow/example_dags/example_short_circuit_operator.py for tasks to queue
[2025-02-04T14:09:35.641+0000] {logging_mixin.py:190} INFO - [2025-02-04T14:09:35.641+0000] {dagbag.py:588} INFO - Filling up the DagBag from /home/airflow/.local/lib/python3.12/site-packages/airflow/example_dags/example_short_circuit_operator.py
[2025-02-04T14:09:35.691+0000] {processor.py:925} INFO - DAG(s) 'example_short_circuit_operator' retrieved from /home/airflow/.local/lib/python3.12/site-packages/airflow/example_dags/example_short_circuit_operator.py
[2025-02-04T14:09:35.781+0000] {logging_mixin.py:190} INFO - [2025-02-04T14:09:35.780+0000] {dag.py:3239} INFO - Sync 1 DAGs
[2025-02-04T14:09:35.825+0000] {logging_mixin.py:190} INFO - [2025-02-04T14:09:35.825+0000] {dag.py:4180} INFO - Setting next_dagrun for example_short_circuit_operator to None, run_after=None
[2025-02-04T14:09:35.868+0000] {processor.py:208} INFO - Processing /home/airflow/.local/lib/python3.12/site-packages/airflow/example_dags/example_short_circuit_operator.py took 0.265 seconds
[2025-02-04T14:10:06.631+0000] {processor.py:186} INFO - Started process (PID=377) to work on /home/airflow/.local/lib/python3.12/site-packages/airflow/example_dags/example_short_circuit_operator.py
[2025-02-04T14:10:06.633+0000] {processor.py:914} INFO - Processing file /home/airflow/.local/lib/python3.12/site-packages/airflow/example_dags/example_short_circuit_operator.py for tasks to queue
[2025-02-04T14:10:06.641+0000] {logging_mixin.py:190} INFO - [2025-02-04T14:10:06.640+0000] {dagbag.py:588} INFO - Filling up the DagBag from /home/airflow/.local/lib/python3.12/site-packages/airflow/example_dags/example_short_circuit_operator.py
[2025-02-04T14:10:06.678+0000] {processor.py:925} INFO - DAG(s) 'example_short_circuit_operator' retrieved from /home/airflow/.local/lib/python3.12/site-packages/airflow/example_dags/example_short_circuit_operator.py
[2025-02-04T14:10:06.722+0000] {logging_mixin.py:190} INFO - [2025-02-04T14:10:06.722+0000] {dag.py:3239} INFO - Sync 1 DAGs
[2025-02-04T14:10:06.747+0000] {logging_mixin.py:190} INFO - [2025-02-04T14:10:06.746+0000] {dag.py:4180} INFO - Setting next_dagrun for example_short_circuit_operator to None, run_after=None
[2025-02-04T14:10:06.779+0000] {processor.py:208} INFO - Processing /home/airflow/.local/lib/python3.12/site-packages/airflow/example_dags/example_short_circuit_operator.py took 0.160 seconds
[2025-02-04T14:10:51.791+0000] {processor.py:186} INFO - Started process (PID=441) to work on /home/airflow/.local/lib/python3.12/site-packages/airflow/example_dags/example_short_circuit_operator.py
[2025-02-04T14:10:51.793+0000] {processor.py:914} INFO - Processing file /home/airflow/.local/lib/python3.12/site-packages/airflow/example_dags/example_short_circuit_operator.py for tasks to queue
[2025-02-04T14:10:51.798+0000] {logging_mixin.py:190} INFO - [2025-02-04T14:10:51.797+0000] {dagbag.py:588} INFO - Filling up the DagBag from /home/airflow/.local/lib/python3.12/site-packages/airflow/example_dags/example_short_circuit_operator.py
[2025-02-04T14:10:51.816+0000] {processor.py:925} INFO - DAG(s) 'example_short_circuit_operator' retrieved from /home/airflow/.local/lib/python3.12/site-packages/airflow/example_dags/example_short_circuit_operator.py
[2025-02-04T14:10:51.870+0000] {logging_mixin.py:190} INFO - [2025-02-04T14:10:51.868+0000] {dag.py:3239} INFO - Sync 1 DAGs
[2025-02-04T14:10:51.897+0000] {logging_mixin.py:190} INFO - [2025-02-04T14:10:51.896+0000] {dag.py:4180} INFO - Setting next_dagrun for example_short_circuit_operator to None, run_after=None
[2025-02-04T14:10:51.935+0000] {processor.py:208} INFO - Processing /home/airflow/.local/lib/python3.12/site-packages/airflow/example_dags/example_short_circuit_operator.py took 0.156 seconds
[2025-02-04T14:11:28.155+0000] {processor.py:186} INFO - Started process (PID=505) to work on /home/airflow/.local/lib/python3.12/site-packages/airflow/example_dags/example_short_circuit_operator.py
[2025-02-04T14:11:28.180+0000] {processor.py:914} INFO - Processing file /home/airflow/.local/lib/python3.12/site-packages/airflow/example_dags/example_short_circuit_operator.py for tasks to queue
[2025-02-04T14:11:28.219+0000] {logging_mixin.py:190} INFO - [2025-02-04T14:11:28.217+0000] {dagbag.py:588} INFO - Filling up the DagBag from /home/airflow/.local/lib/python3.12/site-packages/airflow/example_dags/example_short_circuit_operator.py
[2025-02-04T14:11:28.263+0000] {processor.py:925} INFO - DAG(s) 'example_short_circuit_operator' retrieved from /home/airflow/.local/lib/python3.12/site-packages/airflow/example_dags/example_short_circuit_operator.py
[2025-02-04T14:11:28.385+0000] {logging_mixin.py:190} INFO - [2025-02-04T14:11:28.384+0000] {dag.py:3239} INFO - Sync 1 DAGs
[2025-02-04T14:11:28.422+0000] {logging_mixin.py:190} INFO - [2025-02-04T14:11:28.421+0000] {dag.py:4180} INFO - Setting next_dagrun for example_short_circuit_operator to None, run_after=None
[2025-02-04T14:11:28.474+0000] {processor.py:208} INFO - Processing /home/airflow/.local/lib/python3.12/site-packages/airflow/example_dags/example_short_circuit_operator.py took 0.352 seconds
[2025-02-04T14:18:41.070+0000] {processor.py:186} INFO - Started process (PID=103) to work on /home/airflow/.local/lib/python3.12/site-packages/airflow/example_dags/example_short_circuit_operator.py
[2025-02-04T14:18:41.076+0000] {processor.py:914} INFO - Processing file /home/airflow/.local/lib/python3.12/site-packages/airflow/example_dags/example_short_circuit_operator.py for tasks to queue
[2025-02-04T14:18:41.087+0000] {logging_mixin.py:190} INFO - [2025-02-04T14:18:41.086+0000] {dagbag.py:588} INFO - Filling up the DagBag from /home/airflow/.local/lib/python3.12/site-packages/airflow/example_dags/example_short_circuit_operator.py
[2025-02-04T14:18:41.170+0000] {processor.py:925} INFO - DAG(s) 'example_short_circuit_operator' retrieved from /home/airflow/.local/lib/python3.12/site-packages/airflow/example_dags/example_short_circuit_operator.py
[2025-02-04T14:18:41.429+0000] {logging_mixin.py:190} INFO - [2025-02-04T14:18:41.429+0000] {dag.py:3239} INFO - Sync 1 DAGs
[2025-02-04T14:18:41.506+0000] {logging_mixin.py:190} INFO - [2025-02-04T14:18:41.506+0000] {dag.py:4180} INFO - Setting next_dagrun for example_short_circuit_operator to None, run_after=None
[2025-02-04T14:18:41.564+0000] {processor.py:208} INFO - Processing /home/airflow/.local/lib/python3.12/site-packages/airflow/example_dags/example_short_circuit_operator.py took 0.517 seconds
[2025-02-04T14:19:11.653+0000] {processor.py:186} INFO - Started process (PID=166) to work on /home/airflow/.local/lib/python3.12/site-packages/airflow/example_dags/example_short_circuit_operator.py
[2025-02-04T14:19:11.655+0000] {processor.py:914} INFO - Processing file /home/airflow/.local/lib/python3.12/site-packages/airflow/example_dags/example_short_circuit_operator.py for tasks to queue
[2025-02-04T14:19:11.658+0000] {logging_mixin.py:190} INFO - [2025-02-04T14:19:11.658+0000] {dagbag.py:588} INFO - Filling up the DagBag from /home/airflow/.local/lib/python3.12/site-packages/airflow/example_dags/example_short_circuit_operator.py
[2025-02-04T14:19:11.675+0000] {processor.py:925} INFO - DAG(s) 'example_short_circuit_operator' retrieved from /home/airflow/.local/lib/python3.12/site-packages/airflow/example_dags/example_short_circuit_operator.py
[2025-02-04T14:19:11.713+0000] {logging_mixin.py:190} INFO - [2025-02-04T14:19:11.713+0000] {dag.py:3239} INFO - Sync 1 DAGs
[2025-02-04T14:19:11.739+0000] {logging_mixin.py:190} INFO - [2025-02-04T14:19:11.739+0000] {dag.py:4180} INFO - Setting next_dagrun for example_short_circuit_operator to None, run_after=None
[2025-02-04T14:19:11.787+0000] {processor.py:208} INFO - Processing /home/airflow/.local/lib/python3.12/site-packages/airflow/example_dags/example_short_circuit_operator.py took 0.146 seconds
[2025-02-04T14:19:44.947+0000] {processor.py:186} INFO - Started process (PID=237) to work on /home/airflow/.local/lib/python3.12/site-packages/airflow/example_dags/example_short_circuit_operator.py
[2025-02-04T14:19:44.972+0000] {processor.py:914} INFO - Processing file /home/airflow/.local/lib/python3.12/site-packages/airflow/example_dags/example_short_circuit_operator.py for tasks to queue
[2025-02-04T14:19:44.976+0000] {logging_mixin.py:190} INFO - [2025-02-04T14:19:44.975+0000] {dagbag.py:588} INFO - Filling up the DagBag from /home/airflow/.local/lib/python3.12/site-packages/airflow/example_dags/example_short_circuit_operator.py
[2025-02-04T14:19:45.002+0000] {processor.py:925} INFO - DAG(s) 'example_short_circuit_operator' retrieved from /home/airflow/.local/lib/python3.12/site-packages/airflow/example_dags/example_short_circuit_operator.py
[2025-02-04T14:19:45.049+0000] {logging_mixin.py:190} INFO - [2025-02-04T14:19:45.049+0000] {dag.py:3239} INFO - Sync 1 DAGs
[2025-02-04T14:19:45.080+0000] {logging_mixin.py:190} INFO - [2025-02-04T14:19:45.079+0000] {dag.py:4180} INFO - Setting next_dagrun for example_short_circuit_operator to None, run_after=None
[2025-02-04T14:19:45.120+0000] {processor.py:208} INFO - Processing /home/airflow/.local/lib/python3.12/site-packages/airflow/example_dags/example_short_circuit_operator.py took 0.186 seconds
[2025-02-04T14:20:15.699+0000] {processor.py:186} INFO - Started process (PID=307) to work on /home/airflow/.local/lib/python3.12/site-packages/airflow/example_dags/example_short_circuit_operator.py
[2025-02-04T14:20:15.702+0000] {processor.py:914} INFO - Processing file /home/airflow/.local/lib/python3.12/site-packages/airflow/example_dags/example_short_circuit_operator.py for tasks to queue
[2025-02-04T14:20:15.704+0000] {logging_mixin.py:190} INFO - [2025-02-04T14:20:15.703+0000] {dagbag.py:588} INFO - Filling up the DagBag from /home/airflow/.local/lib/python3.12/site-packages/airflow/example_dags/example_short_circuit_operator.py
[2025-02-04T14:20:15.723+0000] {processor.py:925} INFO - DAG(s) 'example_short_circuit_operator' retrieved from /home/airflow/.local/lib/python3.12/site-packages/airflow/example_dags/example_short_circuit_operator.py
[2025-02-04T14:20:15.791+0000] {logging_mixin.py:190} INFO - [2025-02-04T14:20:15.790+0000] {dag.py:3239} INFO - Sync 1 DAGs
[2025-02-04T14:20:15.822+0000] {logging_mixin.py:190} INFO - [2025-02-04T14:20:15.822+0000] {dag.py:4180} INFO - Setting next_dagrun for example_short_circuit_operator to None, run_after=None
[2025-02-04T14:20:15.870+0000] {processor.py:208} INFO - Processing /home/airflow/.local/lib/python3.12/site-packages/airflow/example_dags/example_short_circuit_operator.py took 0.184 seconds
[2025-02-04T14:20:53.782+0000] {processor.py:186} INFO - Started process (PID=377) to work on /home/airflow/.local/lib/python3.12/site-packages/airflow/example_dags/example_short_circuit_operator.py
[2025-02-04T14:20:53.784+0000] {processor.py:914} INFO - Processing file /home/airflow/.local/lib/python3.12/site-packages/airflow/example_dags/example_short_circuit_operator.py for tasks to queue
[2025-02-04T14:20:53.797+0000] {logging_mixin.py:190} INFO - [2025-02-04T14:20:53.797+0000] {dagbag.py:588} INFO - Filling up the DagBag from /home/airflow/.local/lib/python3.12/site-packages/airflow/example_dags/example_short_circuit_operator.py
[2025-02-04T14:20:53.863+0000] {processor.py:925} INFO - DAG(s) 'example_short_circuit_operator' retrieved from /home/airflow/.local/lib/python3.12/site-packages/airflow/example_dags/example_short_circuit_operator.py
[2025-02-04T14:20:53.946+0000] {logging_mixin.py:190} INFO - [2025-02-04T14:20:53.945+0000] {dag.py:3239} INFO - Sync 1 DAGs
[2025-02-04T14:20:53.990+0000] {logging_mixin.py:190} INFO - [2025-02-04T14:20:53.989+0000] {dag.py:4180} INFO - Setting next_dagrun for example_short_circuit_operator to None, run_after=None
[2025-02-04T14:20:54.046+0000] {processor.py:208} INFO - Processing /home/airflow/.local/lib/python3.12/site-packages/airflow/example_dags/example_short_circuit_operator.py took 0.285 seconds
[2025-02-04T14:21:25.045+0000] {processor.py:186} INFO - Started process (PID=450) to work on /home/airflow/.local/lib/python3.12/site-packages/airflow/example_dags/example_short_circuit_operator.py
[2025-02-04T14:21:25.047+0000] {processor.py:914} INFO - Processing file /home/airflow/.local/lib/python3.12/site-packages/airflow/example_dags/example_short_circuit_operator.py for tasks to queue
[2025-02-04T14:21:25.049+0000] {logging_mixin.py:190} INFO - [2025-02-04T14:21:25.048+0000] {dagbag.py:588} INFO - Filling up the DagBag from /home/airflow/.local/lib/python3.12/site-packages/airflow/example_dags/example_short_circuit_operator.py
[2025-02-04T14:21:25.078+0000] {processor.py:925} INFO - DAG(s) 'example_short_circuit_operator' retrieved from /home/airflow/.local/lib/python3.12/site-packages/airflow/example_dags/example_short_circuit_operator.py
[2025-02-04T14:21:25.129+0000] {logging_mixin.py:190} INFO - [2025-02-04T14:21:25.129+0000] {dag.py:3239} INFO - Sync 1 DAGs
[2025-02-04T14:21:25.155+0000] {logging_mixin.py:190} INFO - [2025-02-04T14:21:25.154+0000] {dag.py:4180} INFO - Setting next_dagrun for example_short_circuit_operator to None, run_after=None
[2025-02-04T14:21:25.191+0000] {processor.py:208} INFO - Processing /home/airflow/.local/lib/python3.12/site-packages/airflow/example_dags/example_short_circuit_operator.py took 0.155 seconds
[2025-02-04T14:21:56.954+0000] {processor.py:186} INFO - Started process (PID=515) to work on /home/airflow/.local/lib/python3.12/site-packages/airflow/example_dags/example_short_circuit_operator.py
[2025-02-04T14:21:56.956+0000] {processor.py:914} INFO - Processing file /home/airflow/.local/lib/python3.12/site-packages/airflow/example_dags/example_short_circuit_operator.py for tasks to queue
[2025-02-04T14:21:56.959+0000] {logging_mixin.py:190} INFO - [2025-02-04T14:21:56.958+0000] {dagbag.py:588} INFO - Filling up the DagBag from /home/airflow/.local/lib/python3.12/site-packages/airflow/example_dags/example_short_circuit_operator.py
[2025-02-04T14:21:56.984+0000] {processor.py:925} INFO - DAG(s) 'example_short_circuit_operator' retrieved from /home/airflow/.local/lib/python3.12/site-packages/airflow/example_dags/example_short_circuit_operator.py
[2025-02-04T14:21:57.036+0000] {logging_mixin.py:190} INFO - [2025-02-04T14:21:57.036+0000] {dag.py:3239} INFO - Sync 1 DAGs
[2025-02-04T14:21:57.068+0000] {logging_mixin.py:190} INFO - [2025-02-04T14:21:57.068+0000] {dag.py:4180} INFO - Setting next_dagrun for example_short_circuit_operator to None, run_after=None
[2025-02-04T14:21:57.100+0000] {processor.py:208} INFO - Processing /home/airflow/.local/lib/python3.12/site-packages/airflow/example_dags/example_short_circuit_operator.py took 0.161 seconds
[2025-02-04T14:22:28.579+0000] {processor.py:186} INFO - Started process (PID=588) to work on /home/airflow/.local/lib/python3.12/site-packages/airflow/example_dags/example_short_circuit_operator.py
[2025-02-04T14:22:28.589+0000] {processor.py:914} INFO - Processing file /home/airflow/.local/lib/python3.12/site-packages/airflow/example_dags/example_short_circuit_operator.py for tasks to queue
[2025-02-04T14:22:28.594+0000] {logging_mixin.py:190} INFO - [2025-02-04T14:22:28.592+0000] {dagbag.py:588} INFO - Filling up the DagBag from /home/airflow/.local/lib/python3.12/site-packages/airflow/example_dags/example_short_circuit_operator.py
[2025-02-04T14:22:28.707+0000] {processor.py:925} INFO - DAG(s) 'example_short_circuit_operator' retrieved from /home/airflow/.local/lib/python3.12/site-packages/airflow/example_dags/example_short_circuit_operator.py
[2025-02-04T14:22:28.944+0000] {logging_mixin.py:190} INFO - [2025-02-04T14:22:28.934+0000] {dag.py:3239} INFO - Sync 1 DAGs
[2025-02-04T14:22:29.049+0000] {logging_mixin.py:190} INFO - [2025-02-04T14:22:29.048+0000] {dag.py:4180} INFO - Setting next_dagrun for example_short_circuit_operator to None, run_after=None
[2025-02-04T14:22:29.167+0000] {processor.py:208} INFO - Processing /home/airflow/.local/lib/python3.12/site-packages/airflow/example_dags/example_short_circuit_operator.py took 0.617 seconds
[2025-02-04T14:23:00.462+0000] {processor.py:186} INFO - Started process (PID=656) to work on /home/airflow/.local/lib/python3.12/site-packages/airflow/example_dags/example_short_circuit_operator.py
[2025-02-04T14:23:00.463+0000] {processor.py:914} INFO - Processing file /home/airflow/.local/lib/python3.12/site-packages/airflow/example_dags/example_short_circuit_operator.py for tasks to queue
[2025-02-04T14:23:00.466+0000] {logging_mixin.py:190} INFO - [2025-02-04T14:23:00.465+0000] {dagbag.py:588} INFO - Filling up the DagBag from /home/airflow/.local/lib/python3.12/site-packages/airflow/example_dags/example_short_circuit_operator.py
[2025-02-04T14:23:00.482+0000] {processor.py:925} INFO - DAG(s) 'example_short_circuit_operator' retrieved from /home/airflow/.local/lib/python3.12/site-packages/airflow/example_dags/example_short_circuit_operator.py
[2025-02-04T14:23:00.521+0000] {logging_mixin.py:190} INFO - [2025-02-04T14:23:00.521+0000] {dag.py:3239} INFO - Sync 1 DAGs
[2025-02-04T14:23:00.544+0000] {logging_mixin.py:190} INFO - [2025-02-04T14:23:00.544+0000] {dag.py:4180} INFO - Setting next_dagrun for example_short_circuit_operator to None, run_after=None
[2025-02-04T14:23:00.581+0000] {processor.py:208} INFO - Processing /home/airflow/.local/lib/python3.12/site-packages/airflow/example_dags/example_short_circuit_operator.py took 0.130 seconds
[2025-02-04T14:23:31.355+0000] {processor.py:186} INFO - Started process (PID=720) to work on /home/airflow/.local/lib/python3.12/site-packages/airflow/example_dags/example_short_circuit_operator.py
[2025-02-04T14:23:31.357+0000] {processor.py:914} INFO - Processing file /home/airflow/.local/lib/python3.12/site-packages/airflow/example_dags/example_short_circuit_operator.py for tasks to queue
[2025-02-04T14:23:31.359+0000] {logging_mixin.py:190} INFO - [2025-02-04T14:23:31.359+0000] {dagbag.py:588} INFO - Filling up the DagBag from /home/airflow/.local/lib/python3.12/site-packages/airflow/example_dags/example_short_circuit_operator.py
[2025-02-04T14:23:31.376+0000] {processor.py:925} INFO - DAG(s) 'example_short_circuit_operator' retrieved from /home/airflow/.local/lib/python3.12/site-packages/airflow/example_dags/example_short_circuit_operator.py
[2025-02-04T14:23:31.418+0000] {logging_mixin.py:190} INFO - [2025-02-04T14:23:31.417+0000] {dag.py:3239} INFO - Sync 1 DAGs
[2025-02-04T14:23:31.458+0000] {logging_mixin.py:190} INFO - [2025-02-04T14:23:31.458+0000] {dag.py:4180} INFO - Setting next_dagrun for example_short_circuit_operator to None, run_after=None
[2025-02-04T14:23:31.494+0000] {processor.py:208} INFO - Processing /home/airflow/.local/lib/python3.12/site-packages/airflow/example_dags/example_short_circuit_operator.py took 0.149 seconds
[2025-02-04T14:24:02.448+0000] {processor.py:186} INFO - Started process (PID=784) to work on /home/airflow/.local/lib/python3.12/site-packages/airflow/example_dags/example_short_circuit_operator.py
[2025-02-04T14:24:02.450+0000] {processor.py:914} INFO - Processing file /home/airflow/.local/lib/python3.12/site-packages/airflow/example_dags/example_short_circuit_operator.py for tasks to queue
[2025-02-04T14:24:02.452+0000] {logging_mixin.py:190} INFO - [2025-02-04T14:24:02.451+0000] {dagbag.py:588} INFO - Filling up the DagBag from /home/airflow/.local/lib/python3.12/site-packages/airflow/example_dags/example_short_circuit_operator.py
[2025-02-04T14:24:02.465+0000] {processor.py:925} INFO - DAG(s) 'example_short_circuit_operator' retrieved from /home/airflow/.local/lib/python3.12/site-packages/airflow/example_dags/example_short_circuit_operator.py
[2025-02-04T14:24:02.507+0000] {logging_mixin.py:190} INFO - [2025-02-04T14:24:02.507+0000] {dag.py:3239} INFO - Sync 1 DAGs
[2025-02-04T14:24:02.534+0000] {logging_mixin.py:190} INFO - [2025-02-04T14:24:02.533+0000] {dag.py:4180} INFO - Setting next_dagrun for example_short_circuit_operator to None, run_after=None
[2025-02-04T14:24:02.564+0000] {processor.py:208} INFO - Processing /home/airflow/.local/lib/python3.12/site-packages/airflow/example_dags/example_short_circuit_operator.py took 0.125 seconds
[2025-02-04T14:24:44.092+0000] {processor.py:186} INFO - Started process (PID=856) to work on /home/airflow/.local/lib/python3.12/site-packages/airflow/example_dags/example_short_circuit_operator.py
[2025-02-04T14:24:44.095+0000] {processor.py:914} INFO - Processing file /home/airflow/.local/lib/python3.12/site-packages/airflow/example_dags/example_short_circuit_operator.py for tasks to queue
[2025-02-04T14:24:44.099+0000] {logging_mixin.py:190} INFO - [2025-02-04T14:24:44.098+0000] {dagbag.py:588} INFO - Filling up the DagBag from /home/airflow/.local/lib/python3.12/site-packages/airflow/example_dags/example_short_circuit_operator.py
[2025-02-04T14:24:44.134+0000] {processor.py:925} INFO - DAG(s) 'example_short_circuit_operator' retrieved from /home/airflow/.local/lib/python3.12/site-packages/airflow/example_dags/example_short_circuit_operator.py
[2025-02-04T14:24:44.278+0000] {logging_mixin.py:190} INFO - [2025-02-04T14:24:44.277+0000] {dag.py:3239} INFO - Sync 1 DAGs
[2025-02-04T14:24:44.336+0000] {logging_mixin.py:190} INFO - [2025-02-04T14:24:44.336+0000] {dag.py:4180} INFO - Setting next_dagrun for example_short_circuit_operator to None, run_after=None
[2025-02-04T14:24:44.404+0000] {processor.py:208} INFO - Processing /home/airflow/.local/lib/python3.12/site-packages/airflow/example_dags/example_short_circuit_operator.py took 0.338 seconds
[2025-02-04T14:32:55.858+0000] {processor.py:186} INFO - Started process (PID=121) to work on /home/airflow/.local/lib/python3.12/site-packages/airflow/example_dags/example_short_circuit_operator.py
[2025-02-04T14:32:55.860+0000] {processor.py:914} INFO - Processing file /home/airflow/.local/lib/python3.12/site-packages/airflow/example_dags/example_short_circuit_operator.py for tasks to queue
[2025-02-04T14:32:55.865+0000] {logging_mixin.py:190} INFO - [2025-02-04T14:32:55.865+0000] {dagbag.py:588} INFO - Filling up the DagBag from /home/airflow/.local/lib/python3.12/site-packages/airflow/example_dags/example_short_circuit_operator.py
[2025-02-04T14:32:55.890+0000] {processor.py:925} INFO - DAG(s) 'example_short_circuit_operator' retrieved from /home/airflow/.local/lib/python3.12/site-packages/airflow/example_dags/example_short_circuit_operator.py
[2025-02-04T14:32:56.226+0000] {logging_mixin.py:190} INFO - [2025-02-04T14:32:56.225+0000] {override.py:1911} INFO - Created Permission View: can delete on DAG:example_short_circuit_operator
[2025-02-04T14:32:56.255+0000] {logging_mixin.py:190} INFO - [2025-02-04T14:32:56.253+0000] {override.py:1911} INFO - Created Permission View: can read on DAG:example_short_circuit_operator
[2025-02-04T14:32:56.280+0000] {logging_mixin.py:190} INFO - [2025-02-04T14:32:56.279+0000] {override.py:1911} INFO - Created Permission View: can edit on DAG:example_short_circuit_operator
[2025-02-04T14:32:56.303+0000] {logging_mixin.py:190} INFO - [2025-02-04T14:32:56.302+0000] {override.py:1911} INFO - Created Permission View: can create on DAG Run:example_short_circuit_operator
[2025-02-04T14:32:56.319+0000] {logging_mixin.py:190} INFO - [2025-02-04T14:32:56.319+0000] {override.py:1911} INFO - Created Permission View: can delete on DAG Run:example_short_circuit_operator
[2025-02-04T14:32:56.338+0000] {logging_mixin.py:190} INFO - [2025-02-04T14:32:56.337+0000] {override.py:1911} INFO - Created Permission View: can read on DAG Run:example_short_circuit_operator
[2025-02-04T14:32:56.363+0000] {logging_mixin.py:190} INFO - [2025-02-04T14:32:56.363+0000] {override.py:1911} INFO - Created Permission View: menu access on DAG Run:example_short_circuit_operator
[2025-02-04T14:32:56.365+0000] {logging_mixin.py:190} INFO - [2025-02-04T14:32:56.364+0000] {dag.py:3239} INFO - Sync 1 DAGs
[2025-02-04T14:32:56.401+0000] {logging_mixin.py:190} INFO - [2025-02-04T14:32:56.400+0000] {dag.py:3262} INFO - Creating ORM DAG for example_short_circuit_operator
[2025-02-04T14:32:56.404+0000] {logging_mixin.py:190} INFO - [2025-02-04T14:32:56.403+0000] {dag.py:4180} INFO - Setting next_dagrun for example_short_circuit_operator to None, run_after=None
[2025-02-04T14:32:56.442+0000] {processor.py:208} INFO - Processing /home/airflow/.local/lib/python3.12/site-packages/airflow/example_dags/example_short_circuit_operator.py took 0.600 seconds
[2025-02-04T14:33:26.592+0000] {processor.py:186} INFO - Started process (PID=184) to work on /home/airflow/.local/lib/python3.12/site-packages/airflow/example_dags/example_short_circuit_operator.py
[2025-02-04T14:33:26.594+0000] {processor.py:914} INFO - Processing file /home/airflow/.local/lib/python3.12/site-packages/airflow/example_dags/example_short_circuit_operator.py for tasks to queue
[2025-02-04T14:33:26.597+0000] {logging_mixin.py:190} INFO - [2025-02-04T14:33:26.597+0000] {dagbag.py:588} INFO - Filling up the DagBag from /home/airflow/.local/lib/python3.12/site-packages/airflow/example_dags/example_short_circuit_operator.py
[2025-02-04T14:33:26.610+0000] {processor.py:925} INFO - DAG(s) 'example_short_circuit_operator' retrieved from /home/airflow/.local/lib/python3.12/site-packages/airflow/example_dags/example_short_circuit_operator.py
[2025-02-04T14:33:26.648+0000] {logging_mixin.py:190} INFO - [2025-02-04T14:33:26.648+0000] {dag.py:3239} INFO - Sync 1 DAGs
[2025-02-04T14:33:26.673+0000] {logging_mixin.py:190} INFO - [2025-02-04T14:33:26.673+0000] {dag.py:4180} INFO - Setting next_dagrun for example_short_circuit_operator to None, run_after=None
[2025-02-04T14:33:26.709+0000] {processor.py:208} INFO - Processing /home/airflow/.local/lib/python3.12/site-packages/airflow/example_dags/example_short_circuit_operator.py took 0.128 seconds
[2025-02-04T14:33:56.795+0000] {processor.py:186} INFO - Started process (PID=248) to work on /home/airflow/.local/lib/python3.12/site-packages/airflow/example_dags/example_short_circuit_operator.py
[2025-02-04T14:33:56.797+0000] {processor.py:914} INFO - Processing file /home/airflow/.local/lib/python3.12/site-packages/airflow/example_dags/example_short_circuit_operator.py for tasks to queue
[2025-02-04T14:33:56.802+0000] {logging_mixin.py:190} INFO - [2025-02-04T14:33:56.801+0000] {dagbag.py:588} INFO - Filling up the DagBag from /home/airflow/.local/lib/python3.12/site-packages/airflow/example_dags/example_short_circuit_operator.py
[2025-02-04T14:33:56.826+0000] {processor.py:925} INFO - DAG(s) 'example_short_circuit_operator' retrieved from /home/airflow/.local/lib/python3.12/site-packages/airflow/example_dags/example_short_circuit_operator.py
[2025-02-04T14:33:56.886+0000] {logging_mixin.py:190} INFO - [2025-02-04T14:33:56.886+0000] {dag.py:3239} INFO - Sync 1 DAGs
[2025-02-04T14:33:56.911+0000] {logging_mixin.py:190} INFO - [2025-02-04T14:33:56.911+0000] {dag.py:4180} INFO - Setting next_dagrun for example_short_circuit_operator to None, run_after=None
[2025-02-04T14:33:56.943+0000] {processor.py:208} INFO - Processing /home/airflow/.local/lib/python3.12/site-packages/airflow/example_dags/example_short_circuit_operator.py took 0.164 seconds
[2025-02-04T14:34:27.686+0000] {processor.py:186} INFO - Started process (PID=312) to work on /home/airflow/.local/lib/python3.12/site-packages/airflow/example_dags/example_short_circuit_operator.py
[2025-02-04T14:34:27.689+0000] {processor.py:914} INFO - Processing file /home/airflow/.local/lib/python3.12/site-packages/airflow/example_dags/example_short_circuit_operator.py for tasks to queue
[2025-02-04T14:34:27.693+0000] {logging_mixin.py:190} INFO - [2025-02-04T14:34:27.693+0000] {dagbag.py:588} INFO - Filling up the DagBag from /home/airflow/.local/lib/python3.12/site-packages/airflow/example_dags/example_short_circuit_operator.py
[2025-02-04T14:34:27.715+0000] {processor.py:925} INFO - DAG(s) 'example_short_circuit_operator' retrieved from /home/airflow/.local/lib/python3.12/site-packages/airflow/example_dags/example_short_circuit_operator.py
[2025-02-04T14:34:27.771+0000] {logging_mixin.py:190} INFO - [2025-02-04T14:34:27.771+0000] {dag.py:3239} INFO - Sync 1 DAGs
[2025-02-04T14:34:27.818+0000] {logging_mixin.py:190} INFO - [2025-02-04T14:34:27.817+0000] {dag.py:4180} INFO - Setting next_dagrun for example_short_circuit_operator to None, run_after=None
[2025-02-04T14:34:27.874+0000] {processor.py:208} INFO - Processing /home/airflow/.local/lib/python3.12/site-packages/airflow/example_dags/example_short_circuit_operator.py took 0.204 seconds
[2025-02-04T14:34:58.011+0000] {processor.py:186} INFO - Started process (PID=376) to work on /home/airflow/.local/lib/python3.12/site-packages/airflow/example_dags/example_short_circuit_operator.py
[2025-02-04T14:34:58.019+0000] {processor.py:914} INFO - Processing file /home/airflow/.local/lib/python3.12/site-packages/airflow/example_dags/example_short_circuit_operator.py for tasks to queue
[2025-02-04T14:34:58.025+0000] {logging_mixin.py:190} INFO - [2025-02-04T14:34:58.024+0000] {dagbag.py:588} INFO - Filling up the DagBag from /home/airflow/.local/lib/python3.12/site-packages/airflow/example_dags/example_short_circuit_operator.py
[2025-02-04T14:34:58.046+0000] {processor.py:925} INFO - DAG(s) 'example_short_circuit_operator' retrieved from /home/airflow/.local/lib/python3.12/site-packages/airflow/example_dags/example_short_circuit_operator.py
[2025-02-04T14:34:58.094+0000] {logging_mixin.py:190} INFO - [2025-02-04T14:34:58.093+0000] {dag.py:3239} INFO - Sync 1 DAGs
[2025-02-04T14:34:58.122+0000] {logging_mixin.py:190} INFO - [2025-02-04T14:34:58.121+0000] {dag.py:4180} INFO - Setting next_dagrun for example_short_circuit_operator to None, run_after=None
[2025-02-04T14:34:58.157+0000] {processor.py:208} INFO - Processing /home/airflow/.local/lib/python3.12/site-packages/airflow/example_dags/example_short_circuit_operator.py took 0.163 seconds
[2025-02-04T14:35:28.884+0000] {processor.py:186} INFO - Started process (PID=440) to work on /home/airflow/.local/lib/python3.12/site-packages/airflow/example_dags/example_short_circuit_operator.py
[2025-02-04T14:35:28.886+0000] {processor.py:914} INFO - Processing file /home/airflow/.local/lib/python3.12/site-packages/airflow/example_dags/example_short_circuit_operator.py for tasks to queue
[2025-02-04T14:35:28.891+0000] {logging_mixin.py:190} INFO - [2025-02-04T14:35:28.890+0000] {dagbag.py:588} INFO - Filling up the DagBag from /home/airflow/.local/lib/python3.12/site-packages/airflow/example_dags/example_short_circuit_operator.py
[2025-02-04T14:35:28.914+0000] {processor.py:925} INFO - DAG(s) 'example_short_circuit_operator' retrieved from /home/airflow/.local/lib/python3.12/site-packages/airflow/example_dags/example_short_circuit_operator.py
[2025-02-04T14:35:28.963+0000] {logging_mixin.py:190} INFO - [2025-02-04T14:35:28.963+0000] {dag.py:3239} INFO - Sync 1 DAGs
[2025-02-04T14:35:29.001+0000] {logging_mixin.py:190} INFO - [2025-02-04T14:35:28.995+0000] {dag.py:4180} INFO - Setting next_dagrun for example_short_circuit_operator to None, run_after=None
[2025-02-04T14:35:29.052+0000] {processor.py:208} INFO - Processing /home/airflow/.local/lib/python3.12/site-packages/airflow/example_dags/example_short_circuit_operator.py took 0.190 seconds
[2025-02-04T14:35:59.695+0000] {processor.py:186} INFO - Started process (PID=503) to work on /home/airflow/.local/lib/python3.12/site-packages/airflow/example_dags/example_short_circuit_operator.py
[2025-02-04T14:35:59.706+0000] {processor.py:914} INFO - Processing file /home/airflow/.local/lib/python3.12/site-packages/airflow/example_dags/example_short_circuit_operator.py for tasks to queue
[2025-02-04T14:35:59.718+0000] {logging_mixin.py:190} INFO - [2025-02-04T14:35:59.717+0000] {dagbag.py:588} INFO - Filling up the DagBag from /home/airflow/.local/lib/python3.12/site-packages/airflow/example_dags/example_short_circuit_operator.py
[2025-02-04T14:35:59.780+0000] {processor.py:925} INFO - DAG(s) 'example_short_circuit_operator' retrieved from /home/airflow/.local/lib/python3.12/site-packages/airflow/example_dags/example_short_circuit_operator.py
[2025-02-04T14:35:59.874+0000] {logging_mixin.py:190} INFO - [2025-02-04T14:35:59.874+0000] {dag.py:3239} INFO - Sync 1 DAGs
[2025-02-04T14:35:59.930+0000] {logging_mixin.py:190} INFO - [2025-02-04T14:35:59.930+0000] {dag.py:4180} INFO - Setting next_dagrun for example_short_circuit_operator to None, run_after=None
[2025-02-04T14:36:00.009+0000] {processor.py:208} INFO - Processing /home/airflow/.local/lib/python3.12/site-packages/airflow/example_dags/example_short_circuit_operator.py took 0.342 seconds
[2025-02-04T14:36:45.293+0000] {processor.py:186} INFO - Started process (PID=567) to work on /home/airflow/.local/lib/python3.12/site-packages/airflow/example_dags/example_short_circuit_operator.py
[2025-02-04T14:36:45.308+0000] {processor.py:914} INFO - Processing file /home/airflow/.local/lib/python3.12/site-packages/airflow/example_dags/example_short_circuit_operator.py for tasks to queue
[2025-02-04T14:36:45.313+0000] {logging_mixin.py:190} INFO - [2025-02-04T14:36:45.312+0000] {dagbag.py:588} INFO - Filling up the DagBag from /home/airflow/.local/lib/python3.12/site-packages/airflow/example_dags/example_short_circuit_operator.py
[2025-02-04T14:36:45.331+0000] {processor.py:925} INFO - DAG(s) 'example_short_circuit_operator' retrieved from /home/airflow/.local/lib/python3.12/site-packages/airflow/example_dags/example_short_circuit_operator.py
[2025-02-04T14:36:45.396+0000] {logging_mixin.py:190} INFO - [2025-02-04T14:36:45.396+0000] {dag.py:3239} INFO - Sync 1 DAGs
[2025-02-04T14:36:45.428+0000] {logging_mixin.py:190} INFO - [2025-02-04T14:36:45.427+0000] {dag.py:4180} INFO - Setting next_dagrun for example_short_circuit_operator to None, run_after=None
[2025-02-04T14:36:45.477+0000] {processor.py:208} INFO - Processing /home/airflow/.local/lib/python3.12/site-packages/airflow/example_dags/example_short_circuit_operator.py took 0.193 seconds
[2025-02-04T14:37:17.172+0000] {processor.py:186} INFO - Started process (PID=632) to work on /home/airflow/.local/lib/python3.12/site-packages/airflow/example_dags/example_short_circuit_operator.py
[2025-02-04T14:37:17.175+0000] {processor.py:914} INFO - Processing file /home/airflow/.local/lib/python3.12/site-packages/airflow/example_dags/example_short_circuit_operator.py for tasks to queue
[2025-02-04T14:37:17.179+0000] {logging_mixin.py:190} INFO - [2025-02-04T14:37:17.178+0000] {dagbag.py:588} INFO - Filling up the DagBag from /home/airflow/.local/lib/python3.12/site-packages/airflow/example_dags/example_short_circuit_operator.py
[2025-02-04T14:37:17.196+0000] {processor.py:925} INFO - DAG(s) 'example_short_circuit_operator' retrieved from /home/airflow/.local/lib/python3.12/site-packages/airflow/example_dags/example_short_circuit_operator.py
[2025-02-04T14:37:17.234+0000] {logging_mixin.py:190} INFO - [2025-02-04T14:37:17.233+0000] {dag.py:3239} INFO - Sync 1 DAGs
[2025-02-04T14:37:17.263+0000] {logging_mixin.py:190} INFO - [2025-02-04T14:37:17.263+0000] {dag.py:4180} INFO - Setting next_dagrun for example_short_circuit_operator to None, run_after=None
[2025-02-04T14:37:17.299+0000] {processor.py:208} INFO - Processing /home/airflow/.local/lib/python3.12/site-packages/airflow/example_dags/example_short_circuit_operator.py took 0.137 seconds
[2025-02-04T14:37:52.813+0000] {processor.py:186} INFO - Started process (PID=699) to work on /home/airflow/.local/lib/python3.12/site-packages/airflow/example_dags/example_short_circuit_operator.py
[2025-02-04T14:37:52.815+0000] {processor.py:914} INFO - Processing file /home/airflow/.local/lib/python3.12/site-packages/airflow/example_dags/example_short_circuit_operator.py for tasks to queue
[2025-02-04T14:37:52.819+0000] {logging_mixin.py:190} INFO - [2025-02-04T14:37:52.819+0000] {dagbag.py:588} INFO - Filling up the DagBag from /home/airflow/.local/lib/python3.12/site-packages/airflow/example_dags/example_short_circuit_operator.py
[2025-02-04T14:37:52.839+0000] {processor.py:925} INFO - DAG(s) 'example_short_circuit_operator' retrieved from /home/airflow/.local/lib/python3.12/site-packages/airflow/example_dags/example_short_circuit_operator.py
[2025-02-04T14:37:52.901+0000] {logging_mixin.py:190} INFO - [2025-02-04T14:37:52.900+0000] {dag.py:3239} INFO - Sync 1 DAGs
[2025-02-04T14:37:52.942+0000] {logging_mixin.py:190} INFO - [2025-02-04T14:37:52.942+0000] {dag.py:4180} INFO - Setting next_dagrun for example_short_circuit_operator to None, run_after=None
[2025-02-04T14:37:53.024+0000] {processor.py:208} INFO - Processing /home/airflow/.local/lib/python3.12/site-packages/airflow/example_dags/example_short_circuit_operator.py took 0.226 seconds
[2025-02-04T14:38:23.224+0000] {processor.py:186} INFO - Started process (PID=765) to work on /home/airflow/.local/lib/python3.12/site-packages/airflow/example_dags/example_short_circuit_operator.py
[2025-02-04T14:38:23.226+0000] {processor.py:914} INFO - Processing file /home/airflow/.local/lib/python3.12/site-packages/airflow/example_dags/example_short_circuit_operator.py for tasks to queue
[2025-02-04T14:38:23.232+0000] {logging_mixin.py:190} INFO - [2025-02-04T14:38:23.232+0000] {dagbag.py:588} INFO - Filling up the DagBag from /home/airflow/.local/lib/python3.12/site-packages/airflow/example_dags/example_short_circuit_operator.py
[2025-02-04T14:38:23.249+0000] {processor.py:925} INFO - DAG(s) 'example_short_circuit_operator' retrieved from /home/airflow/.local/lib/python3.12/site-packages/airflow/example_dags/example_short_circuit_operator.py
[2025-02-04T14:38:23.291+0000] {logging_mixin.py:190} INFO - [2025-02-04T14:38:23.291+0000] {dag.py:3239} INFO - Sync 1 DAGs
[2025-02-04T14:38:23.319+0000] {logging_mixin.py:190} INFO - [2025-02-04T14:38:23.318+0000] {dag.py:4180} INFO - Setting next_dagrun for example_short_circuit_operator to None, run_after=None
[2025-02-04T14:38:23.362+0000] {processor.py:208} INFO - Processing /home/airflow/.local/lib/python3.12/site-packages/airflow/example_dags/example_short_circuit_operator.py took 0.150 seconds
[2025-02-04T14:38:58.103+0000] {processor.py:186} INFO - Started process (PID=835) to work on /home/airflow/.local/lib/python3.12/site-packages/airflow/example_dags/example_short_circuit_operator.py
[2025-02-04T14:38:58.105+0000] {processor.py:914} INFO - Processing file /home/airflow/.local/lib/python3.12/site-packages/airflow/example_dags/example_short_circuit_operator.py for tasks to queue
[2025-02-04T14:38:58.109+0000] {logging_mixin.py:190} INFO - [2025-02-04T14:38:58.108+0000] {dagbag.py:588} INFO - Filling up the DagBag from /home/airflow/.local/lib/python3.12/site-packages/airflow/example_dags/example_short_circuit_operator.py
[2025-02-04T14:38:58.122+0000] {processor.py:925} INFO - DAG(s) 'example_short_circuit_operator' retrieved from /home/airflow/.local/lib/python3.12/site-packages/airflow/example_dags/example_short_circuit_operator.py
[2025-02-04T14:38:58.163+0000] {logging_mixin.py:190} INFO - [2025-02-04T14:38:58.163+0000] {dag.py:3239} INFO - Sync 1 DAGs
[2025-02-04T14:38:58.199+0000] {logging_mixin.py:190} INFO - [2025-02-04T14:38:58.198+0000] {dag.py:4180} INFO - Setting next_dagrun for example_short_circuit_operator to None, run_after=None
[2025-02-04T14:38:58.244+0000] {processor.py:208} INFO - Processing /home/airflow/.local/lib/python3.12/site-packages/airflow/example_dags/example_short_circuit_operator.py took 0.151 seconds
[2025-02-04T14:39:28.808+0000] {processor.py:186} INFO - Started process (PID=899) to work on /home/airflow/.local/lib/python3.12/site-packages/airflow/example_dags/example_short_circuit_operator.py
[2025-02-04T14:39:28.810+0000] {processor.py:914} INFO - Processing file /home/airflow/.local/lib/python3.12/site-packages/airflow/example_dags/example_short_circuit_operator.py for tasks to queue
[2025-02-04T14:39:28.815+0000] {logging_mixin.py:190} INFO - [2025-02-04T14:39:28.815+0000] {dagbag.py:588} INFO - Filling up the DagBag from /home/airflow/.local/lib/python3.12/site-packages/airflow/example_dags/example_short_circuit_operator.py
[2025-02-04T14:39:28.828+0000] {processor.py:925} INFO - DAG(s) 'example_short_circuit_operator' retrieved from /home/airflow/.local/lib/python3.12/site-packages/airflow/example_dags/example_short_circuit_operator.py
[2025-02-04T14:39:28.875+0000] {logging_mixin.py:190} INFO - [2025-02-04T14:39:28.874+0000] {dag.py:3239} INFO - Sync 1 DAGs
[2025-02-04T14:39:28.908+0000] {logging_mixin.py:190} INFO - [2025-02-04T14:39:28.908+0000] {dag.py:4180} INFO - Setting next_dagrun for example_short_circuit_operator to None, run_after=None
[2025-02-04T14:39:28.947+0000] {processor.py:208} INFO - Processing /home/airflow/.local/lib/python3.12/site-packages/airflow/example_dags/example_short_circuit_operator.py took 0.151 seconds
[2025-02-04T14:40:00.748+0000] {processor.py:186} INFO - Started process (PID=964) to work on /home/airflow/.local/lib/python3.12/site-packages/airflow/example_dags/example_short_circuit_operator.py
[2025-02-04T14:40:00.753+0000] {processor.py:914} INFO - Processing file /home/airflow/.local/lib/python3.12/site-packages/airflow/example_dags/example_short_circuit_operator.py for tasks to queue
[2025-02-04T14:40:00.758+0000] {logging_mixin.py:190} INFO - [2025-02-04T14:40:00.757+0000] {dagbag.py:588} INFO - Filling up the DagBag from /home/airflow/.local/lib/python3.12/site-packages/airflow/example_dags/example_short_circuit_operator.py
[2025-02-04T14:40:00.915+0000] {processor.py:925} INFO - DAG(s) 'example_short_circuit_operator' retrieved from /home/airflow/.local/lib/python3.12/site-packages/airflow/example_dags/example_short_circuit_operator.py
[2025-02-04T14:40:01.071+0000] {logging_mixin.py:190} INFO - [2025-02-04T14:40:01.071+0000] {dag.py:3239} INFO - Sync 1 DAGs
[2025-02-04T14:40:01.101+0000] {logging_mixin.py:190} INFO - [2025-02-04T14:40:01.101+0000] {dag.py:4180} INFO - Setting next_dagrun for example_short_circuit_operator to None, run_after=None
[2025-02-04T14:40:01.149+0000] {processor.py:208} INFO - Processing /home/airflow/.local/lib/python3.12/site-packages/airflow/example_dags/example_short_circuit_operator.py took 0.416 seconds
[2025-02-04T14:40:34.029+0000] {processor.py:186} INFO - Started process (PID=1029) to work on /home/airflow/.local/lib/python3.12/site-packages/airflow/example_dags/example_short_circuit_operator.py
[2025-02-04T14:40:34.033+0000] {processor.py:914} INFO - Processing file /home/airflow/.local/lib/python3.12/site-packages/airflow/example_dags/example_short_circuit_operator.py for tasks to queue
[2025-02-04T14:40:34.041+0000] {logging_mixin.py:190} INFO - [2025-02-04T14:40:34.039+0000] {dagbag.py:588} INFO - Filling up the DagBag from /home/airflow/.local/lib/python3.12/site-packages/airflow/example_dags/example_short_circuit_operator.py
[2025-02-04T14:40:34.066+0000] {processor.py:925} INFO - DAG(s) 'example_short_circuit_operator' retrieved from /home/airflow/.local/lib/python3.12/site-packages/airflow/example_dags/example_short_circuit_operator.py
[2025-02-04T14:40:34.117+0000] {logging_mixin.py:190} INFO - [2025-02-04T14:40:34.117+0000] {dag.py:3239} INFO - Sync 1 DAGs
[2025-02-04T14:40:34.150+0000] {logging_mixin.py:190} INFO - [2025-02-04T14:40:34.150+0000] {dag.py:4180} INFO - Setting next_dagrun for example_short_circuit_operator to None, run_after=None
[2025-02-04T14:40:34.191+0000] {processor.py:208} INFO - Processing /home/airflow/.local/lib/python3.12/site-packages/airflow/example_dags/example_short_circuit_operator.py took 0.182 seconds
[2025-02-04T14:41:05.127+0000] {processor.py:186} INFO - Started process (PID=1094) to work on /home/airflow/.local/lib/python3.12/site-packages/airflow/example_dags/example_short_circuit_operator.py
[2025-02-04T14:41:05.129+0000] {processor.py:914} INFO - Processing file /home/airflow/.local/lib/python3.12/site-packages/airflow/example_dags/example_short_circuit_operator.py for tasks to queue
[2025-02-04T14:41:05.136+0000] {logging_mixin.py:190} INFO - [2025-02-04T14:41:05.135+0000] {dagbag.py:588} INFO - Filling up the DagBag from /home/airflow/.local/lib/python3.12/site-packages/airflow/example_dags/example_short_circuit_operator.py
[2025-02-04T14:41:05.156+0000] {processor.py:925} INFO - DAG(s) 'example_short_circuit_operator' retrieved from /home/airflow/.local/lib/python3.12/site-packages/airflow/example_dags/example_short_circuit_operator.py
[2025-02-04T14:41:05.212+0000] {logging_mixin.py:190} INFO - [2025-02-04T14:41:05.211+0000] {dag.py:3239} INFO - Sync 1 DAGs
[2025-02-04T14:41:05.245+0000] {logging_mixin.py:190} INFO - [2025-02-04T14:41:05.244+0000] {dag.py:4180} INFO - Setting next_dagrun for example_short_circuit_operator to None, run_after=None
[2025-02-04T14:41:05.316+0000] {processor.py:208} INFO - Processing /home/airflow/.local/lib/python3.12/site-packages/airflow/example_dags/example_short_circuit_operator.py took 0.203 seconds
[2025-02-04T14:41:38.032+0000] {processor.py:186} INFO - Started process (PID=1159) to work on /home/airflow/.local/lib/python3.12/site-packages/airflow/example_dags/example_short_circuit_operator.py
[2025-02-04T14:41:38.034+0000] {processor.py:914} INFO - Processing file /home/airflow/.local/lib/python3.12/site-packages/airflow/example_dags/example_short_circuit_operator.py for tasks to queue
[2025-02-04T14:41:38.049+0000] {logging_mixin.py:190} INFO - [2025-02-04T14:41:38.048+0000] {dagbag.py:588} INFO - Filling up the DagBag from /home/airflow/.local/lib/python3.12/site-packages/airflow/example_dags/example_short_circuit_operator.py
[2025-02-04T14:41:38.084+0000] {processor.py:925} INFO - DAG(s) 'example_short_circuit_operator' retrieved from /home/airflow/.local/lib/python3.12/site-packages/airflow/example_dags/example_short_circuit_operator.py
[2025-02-04T14:41:38.179+0000] {logging_mixin.py:190} INFO - [2025-02-04T14:41:38.178+0000] {dag.py:3239} INFO - Sync 1 DAGs
[2025-02-04T14:41:38.260+0000] {logging_mixin.py:190} INFO - [2025-02-04T14:41:38.260+0000] {dag.py:4180} INFO - Setting next_dagrun for example_short_circuit_operator to None, run_after=None
[2025-02-04T14:41:38.339+0000] {processor.py:208} INFO - Processing /home/airflow/.local/lib/python3.12/site-packages/airflow/example_dags/example_short_circuit_operator.py took 0.331 seconds
[2025-02-04T14:42:09.212+0000] {processor.py:186} INFO - Started process (PID=1222) to work on /home/airflow/.local/lib/python3.12/site-packages/airflow/example_dags/example_short_circuit_operator.py
[2025-02-04T14:42:09.214+0000] {processor.py:914} INFO - Processing file /home/airflow/.local/lib/python3.12/site-packages/airflow/example_dags/example_short_circuit_operator.py for tasks to queue
[2025-02-04T14:42:09.222+0000] {logging_mixin.py:190} INFO - [2025-02-04T14:42:09.221+0000] {dagbag.py:588} INFO - Filling up the DagBag from /home/airflow/.local/lib/python3.12/site-packages/airflow/example_dags/example_short_circuit_operator.py
[2025-02-04T14:42:09.235+0000] {processor.py:925} INFO - DAG(s) 'example_short_circuit_operator' retrieved from /home/airflow/.local/lib/python3.12/site-packages/airflow/example_dags/example_short_circuit_operator.py
[2025-02-04T14:42:09.274+0000] {logging_mixin.py:190} INFO - [2025-02-04T14:42:09.274+0000] {dag.py:3239} INFO - Sync 1 DAGs
[2025-02-04T14:42:09.299+0000] {logging_mixin.py:190} INFO - [2025-02-04T14:42:09.298+0000] {dag.py:4180} INFO - Setting next_dagrun for example_short_circuit_operator to None, run_after=None
[2025-02-04T14:42:09.331+0000] {processor.py:208} INFO - Processing /home/airflow/.local/lib/python3.12/site-packages/airflow/example_dags/example_short_circuit_operator.py took 0.131 seconds
[2025-02-04T14:42:40.253+0000] {processor.py:186} INFO - Started process (PID=1286) to work on /home/airflow/.local/lib/python3.12/site-packages/airflow/example_dags/example_short_circuit_operator.py
[2025-02-04T14:42:40.255+0000] {processor.py:914} INFO - Processing file /home/airflow/.local/lib/python3.12/site-packages/airflow/example_dags/example_short_circuit_operator.py for tasks to queue
[2025-02-04T14:42:40.267+0000] {logging_mixin.py:190} INFO - [2025-02-04T14:42:40.262+0000] {dagbag.py:588} INFO - Filling up the DagBag from /home/airflow/.local/lib/python3.12/site-packages/airflow/example_dags/example_short_circuit_operator.py
[2025-02-04T14:42:40.305+0000] {processor.py:925} INFO - DAG(s) 'example_short_circuit_operator' retrieved from /home/airflow/.local/lib/python3.12/site-packages/airflow/example_dags/example_short_circuit_operator.py
[2025-02-04T14:42:40.419+0000] {logging_mixin.py:190} INFO - [2025-02-04T14:42:40.419+0000] {dag.py:3239} INFO - Sync 1 DAGs
[2025-02-04T14:42:40.461+0000] {logging_mixin.py:190} INFO - [2025-02-04T14:42:40.461+0000] {dag.py:4180} INFO - Setting next_dagrun for example_short_circuit_operator to None, run_after=None
[2025-02-04T14:42:40.516+0000] {processor.py:208} INFO - Processing /home/airflow/.local/lib/python3.12/site-packages/airflow/example_dags/example_short_circuit_operator.py took 0.292 seconds
[2025-02-04T14:43:11.940+0000] {processor.py:186} INFO - Started process (PID=1350) to work on /home/airflow/.local/lib/python3.12/site-packages/airflow/example_dags/example_short_circuit_operator.py
[2025-02-04T14:43:11.942+0000] {processor.py:914} INFO - Processing file /home/airflow/.local/lib/python3.12/site-packages/airflow/example_dags/example_short_circuit_operator.py for tasks to queue
[2025-02-04T14:43:11.946+0000] {logging_mixin.py:190} INFO - [2025-02-04T14:43:11.946+0000] {dagbag.py:588} INFO - Filling up the DagBag from /home/airflow/.local/lib/python3.12/site-packages/airflow/example_dags/example_short_circuit_operator.py
[2025-02-04T14:43:11.964+0000] {processor.py:925} INFO - DAG(s) 'example_short_circuit_operator' retrieved from /home/airflow/.local/lib/python3.12/site-packages/airflow/example_dags/example_short_circuit_operator.py
[2025-02-04T14:43:12.001+0000] {logging_mixin.py:190} INFO - [2025-02-04T14:43:12.001+0000] {dag.py:3239} INFO - Sync 1 DAGs
[2025-02-04T14:43:12.023+0000] {logging_mixin.py:190} INFO - [2025-02-04T14:43:12.023+0000] {dag.py:4180} INFO - Setting next_dagrun for example_short_circuit_operator to None, run_after=None
[2025-02-04T14:43:12.053+0000] {processor.py:208} INFO - Processing /home/airflow/.local/lib/python3.12/site-packages/airflow/example_dags/example_short_circuit_operator.py took 0.123 seconds
[2025-02-04T14:43:42.484+0000] {processor.py:186} INFO - Started process (PID=1414) to work on /home/airflow/.local/lib/python3.12/site-packages/airflow/example_dags/example_short_circuit_operator.py
[2025-02-04T14:43:42.485+0000] {processor.py:914} INFO - Processing file /home/airflow/.local/lib/python3.12/site-packages/airflow/example_dags/example_short_circuit_operator.py for tasks to queue
[2025-02-04T14:43:42.490+0000] {logging_mixin.py:190} INFO - [2025-02-04T14:43:42.489+0000] {dagbag.py:588} INFO - Filling up the DagBag from /home/airflow/.local/lib/python3.12/site-packages/airflow/example_dags/example_short_circuit_operator.py
[2025-02-04T14:43:42.508+0000] {processor.py:925} INFO - DAG(s) 'example_short_circuit_operator' retrieved from /home/airflow/.local/lib/python3.12/site-packages/airflow/example_dags/example_short_circuit_operator.py
[2025-02-04T14:43:42.551+0000] {logging_mixin.py:190} INFO - [2025-02-04T14:43:42.551+0000] {dag.py:3239} INFO - Sync 1 DAGs
[2025-02-04T14:43:42.579+0000] {logging_mixin.py:190} INFO - [2025-02-04T14:43:42.579+0000] {dag.py:4180} INFO - Setting next_dagrun for example_short_circuit_operator to None, run_after=None
[2025-02-04T14:43:42.612+0000] {processor.py:208} INFO - Processing /home/airflow/.local/lib/python3.12/site-packages/airflow/example_dags/example_short_circuit_operator.py took 0.139 seconds
[2025-02-04T14:44:12.939+0000] {processor.py:186} INFO - Started process (PID=1477) to work on /home/airflow/.local/lib/python3.12/site-packages/airflow/example_dags/example_short_circuit_operator.py
[2025-02-04T14:44:12.940+0000] {processor.py:914} INFO - Processing file /home/airflow/.local/lib/python3.12/site-packages/airflow/example_dags/example_short_circuit_operator.py for tasks to queue
[2025-02-04T14:44:12.944+0000] {logging_mixin.py:190} INFO - [2025-02-04T14:44:12.944+0000] {dagbag.py:588} INFO - Filling up the DagBag from /home/airflow/.local/lib/python3.12/site-packages/airflow/example_dags/example_short_circuit_operator.py
[2025-02-04T14:44:12.958+0000] {processor.py:925} INFO - DAG(s) 'example_short_circuit_operator' retrieved from /home/airflow/.local/lib/python3.12/site-packages/airflow/example_dags/example_short_circuit_operator.py
[2025-02-04T14:44:13.001+0000] {logging_mixin.py:190} INFO - [2025-02-04T14:44:13.001+0000] {dag.py:3239} INFO - Sync 1 DAGs
[2025-02-04T14:44:13.026+0000] {logging_mixin.py:190} INFO - [2025-02-04T14:44:13.025+0000] {dag.py:4180} INFO - Setting next_dagrun for example_short_circuit_operator to None, run_after=None
[2025-02-04T14:44:13.058+0000] {processor.py:208} INFO - Processing /home/airflow/.local/lib/python3.12/site-packages/airflow/example_dags/example_short_circuit_operator.py took 0.128 seconds
[2025-02-04T14:44:43.801+0000] {processor.py:186} INFO - Started process (PID=1541) to work on /home/airflow/.local/lib/python3.12/site-packages/airflow/example_dags/example_short_circuit_operator.py
[2025-02-04T14:44:43.803+0000] {processor.py:914} INFO - Processing file /home/airflow/.local/lib/python3.12/site-packages/airflow/example_dags/example_short_circuit_operator.py for tasks to queue
[2025-02-04T14:44:43.807+0000] {logging_mixin.py:190} INFO - [2025-02-04T14:44:43.806+0000] {dagbag.py:588} INFO - Filling up the DagBag from /home/airflow/.local/lib/python3.12/site-packages/airflow/example_dags/example_short_circuit_operator.py
[2025-02-04T14:44:43.825+0000] {processor.py:925} INFO - DAG(s) 'example_short_circuit_operator' retrieved from /home/airflow/.local/lib/python3.12/site-packages/airflow/example_dags/example_short_circuit_operator.py
[2025-02-04T14:44:43.874+0000] {logging_mixin.py:190} INFO - [2025-02-04T14:44:43.874+0000] {dag.py:3239} INFO - Sync 1 DAGs
[2025-02-04T14:44:43.916+0000] {logging_mixin.py:190} INFO - [2025-02-04T14:44:43.916+0000] {dag.py:4180} INFO - Setting next_dagrun for example_short_circuit_operator to None, run_after=None
[2025-02-04T14:44:43.968+0000] {processor.py:208} INFO - Processing /home/airflow/.local/lib/python3.12/site-packages/airflow/example_dags/example_short_circuit_operator.py took 0.183 seconds
[2025-02-04T14:45:14.114+0000] {processor.py:186} INFO - Started process (PID=1605) to work on /home/airflow/.local/lib/python3.12/site-packages/airflow/example_dags/example_short_circuit_operator.py
[2025-02-04T14:45:14.116+0000] {processor.py:914} INFO - Processing file /home/airflow/.local/lib/python3.12/site-packages/airflow/example_dags/example_short_circuit_operator.py for tasks to queue
[2025-02-04T14:45:14.121+0000] {logging_mixin.py:190} INFO - [2025-02-04T14:45:14.120+0000] {dagbag.py:588} INFO - Filling up the DagBag from /home/airflow/.local/lib/python3.12/site-packages/airflow/example_dags/example_short_circuit_operator.py
[2025-02-04T14:45:14.138+0000] {processor.py:925} INFO - DAG(s) 'example_short_circuit_operator' retrieved from /home/airflow/.local/lib/python3.12/site-packages/airflow/example_dags/example_short_circuit_operator.py
[2025-02-04T14:45:14.181+0000] {logging_mixin.py:190} INFO - [2025-02-04T14:45:14.181+0000] {dag.py:3239} INFO - Sync 1 DAGs
[2025-02-04T14:45:14.206+0000] {logging_mixin.py:190} INFO - [2025-02-04T14:45:14.206+0000] {dag.py:4180} INFO - Setting next_dagrun for example_short_circuit_operator to None, run_after=None
[2025-02-04T14:45:14.240+0000] {processor.py:208} INFO - Processing /home/airflow/.local/lib/python3.12/site-packages/airflow/example_dags/example_short_circuit_operator.py took 0.136 seconds
[2025-02-04T14:45:44.885+0000] {processor.py:186} INFO - Started process (PID=1669) to work on /home/airflow/.local/lib/python3.12/site-packages/airflow/example_dags/example_short_circuit_operator.py
[2025-02-04T14:45:44.888+0000] {processor.py:914} INFO - Processing file /home/airflow/.local/lib/python3.12/site-packages/airflow/example_dags/example_short_circuit_operator.py for tasks to queue
[2025-02-04T14:45:44.901+0000] {logging_mixin.py:190} INFO - [2025-02-04T14:45:44.900+0000] {dagbag.py:588} INFO - Filling up the DagBag from /home/airflow/.local/lib/python3.12/site-packages/airflow/example_dags/example_short_circuit_operator.py
[2025-02-04T14:45:44.940+0000] {processor.py:925} INFO - DAG(s) 'example_short_circuit_operator' retrieved from /home/airflow/.local/lib/python3.12/site-packages/airflow/example_dags/example_short_circuit_operator.py
[2025-02-04T14:45:45.012+0000] {logging_mixin.py:190} INFO - [2025-02-04T14:45:45.011+0000] {dag.py:3239} INFO - Sync 1 DAGs
[2025-02-04T14:45:45.061+0000] {logging_mixin.py:190} INFO - [2025-02-04T14:45:45.061+0000] {dag.py:4180} INFO - Setting next_dagrun for example_short_circuit_operator to None, run_after=None
[2025-02-04T14:45:45.111+0000] {processor.py:208} INFO - Processing /home/airflow/.local/lib/python3.12/site-packages/airflow/example_dags/example_short_circuit_operator.py took 0.249 seconds
[2025-02-04T14:46:16.032+0000] {processor.py:186} INFO - Started process (PID=1732) to work on /home/airflow/.local/lib/python3.12/site-packages/airflow/example_dags/example_short_circuit_operator.py
[2025-02-04T14:46:16.036+0000] {processor.py:914} INFO - Processing file /home/airflow/.local/lib/python3.12/site-packages/airflow/example_dags/example_short_circuit_operator.py for tasks to queue
[2025-02-04T14:46:16.045+0000] {logging_mixin.py:190} INFO - [2025-02-04T14:46:16.044+0000] {dagbag.py:588} INFO - Filling up the DagBag from /home/airflow/.local/lib/python3.12/site-packages/airflow/example_dags/example_short_circuit_operator.py
[2025-02-04T14:46:16.068+0000] {processor.py:925} INFO - DAG(s) 'example_short_circuit_operator' retrieved from /home/airflow/.local/lib/python3.12/site-packages/airflow/example_dags/example_short_circuit_operator.py
[2025-02-04T14:46:16.135+0000] {logging_mixin.py:190} INFO - [2025-02-04T14:46:16.135+0000] {dag.py:3239} INFO - Sync 1 DAGs
[2025-02-04T14:46:16.209+0000] {logging_mixin.py:190} INFO - [2025-02-04T14:46:16.209+0000] {dag.py:4180} INFO - Setting next_dagrun for example_short_circuit_operator to None, run_after=None
[2025-02-04T14:46:16.300+0000] {processor.py:208} INFO - Processing /home/airflow/.local/lib/python3.12/site-packages/airflow/example_dags/example_short_circuit_operator.py took 0.282 seconds
[2025-02-04T14:49:24.331+0000] {processor.py:186} INFO - Started process (PID=104) to work on /home/airflow/.local/lib/python3.12/site-packages/airflow/example_dags/example_short_circuit_operator.py
[2025-02-04T14:49:24.335+0000] {processor.py:914} INFO - Processing file /home/airflow/.local/lib/python3.12/site-packages/airflow/example_dags/example_short_circuit_operator.py for tasks to queue
[2025-02-04T14:49:24.346+0000] {logging_mixin.py:190} INFO - [2025-02-04T14:49:24.345+0000] {dagbag.py:588} INFO - Filling up the DagBag from /home/airflow/.local/lib/python3.12/site-packages/airflow/example_dags/example_short_circuit_operator.py
[2025-02-04T14:49:24.491+0000] {processor.py:925} INFO - DAG(s) 'example_short_circuit_operator' retrieved from /home/airflow/.local/lib/python3.12/site-packages/airflow/example_dags/example_short_circuit_operator.py
[2025-02-04T14:49:24.616+0000] {logging_mixin.py:190} INFO - [2025-02-04T14:49:24.615+0000] {dag.py:3239} INFO - Sync 1 DAGs
[2025-02-04T14:49:24.670+0000] {logging_mixin.py:190} INFO - [2025-02-04T14:49:24.669+0000] {dag.py:4180} INFO - Setting next_dagrun for example_short_circuit_operator to None, run_after=None
[2025-02-04T14:49:24.954+0000] {processor.py:208} INFO - Processing /home/airflow/.local/lib/python3.12/site-packages/airflow/example_dags/example_short_circuit_operator.py took 0.644 seconds
[2025-02-04T14:49:55.415+0000] {processor.py:186} INFO - Started process (PID=167) to work on /home/airflow/.local/lib/python3.12/site-packages/airflow/example_dags/example_short_circuit_operator.py
[2025-02-04T14:49:55.417+0000] {processor.py:914} INFO - Processing file /home/airflow/.local/lib/python3.12/site-packages/airflow/example_dags/example_short_circuit_operator.py for tasks to queue
[2025-02-04T14:49:55.421+0000] {logging_mixin.py:190} INFO - [2025-02-04T14:49:55.420+0000] {dagbag.py:588} INFO - Filling up the DagBag from /home/airflow/.local/lib/python3.12/site-packages/airflow/example_dags/example_short_circuit_operator.py
[2025-02-04T14:49:55.436+0000] {processor.py:925} INFO - DAG(s) 'example_short_circuit_operator' retrieved from /home/airflow/.local/lib/python3.12/site-packages/airflow/example_dags/example_short_circuit_operator.py
[2025-02-04T14:49:55.471+0000] {logging_mixin.py:190} INFO - [2025-02-04T14:49:55.470+0000] {dag.py:3239} INFO - Sync 1 DAGs
[2025-02-04T14:49:55.491+0000] {logging_mixin.py:190} INFO - [2025-02-04T14:49:55.490+0000] {dag.py:4180} INFO - Setting next_dagrun for example_short_circuit_operator to None, run_after=None
[2025-02-04T14:49:55.523+0000] {processor.py:208} INFO - Processing /home/airflow/.local/lib/python3.12/site-packages/airflow/example_dags/example_short_circuit_operator.py took 0.117 seconds
[2025-02-04T14:50:27.455+0000] {processor.py:186} INFO - Started process (PID=232) to work on /home/airflow/.local/lib/python3.12/site-packages/airflow/example_dags/example_short_circuit_operator.py
[2025-02-04T14:50:27.457+0000] {processor.py:914} INFO - Processing file /home/airflow/.local/lib/python3.12/site-packages/airflow/example_dags/example_short_circuit_operator.py for tasks to queue
[2025-02-04T14:50:27.464+0000] {logging_mixin.py:190} INFO - [2025-02-04T14:50:27.463+0000] {dagbag.py:588} INFO - Filling up the DagBag from /home/airflow/.local/lib/python3.12/site-packages/airflow/example_dags/example_short_circuit_operator.py
[2025-02-04T14:50:27.492+0000] {processor.py:925} INFO - DAG(s) 'example_short_circuit_operator' retrieved from /home/airflow/.local/lib/python3.12/site-packages/airflow/example_dags/example_short_circuit_operator.py
[2025-02-04T14:50:27.591+0000] {logging_mixin.py:190} INFO - [2025-02-04T14:50:27.590+0000] {dag.py:3239} INFO - Sync 1 DAGs
[2025-02-04T14:50:27.639+0000] {logging_mixin.py:190} INFO - [2025-02-04T14:50:27.639+0000] {dag.py:4180} INFO - Setting next_dagrun for example_short_circuit_operator to None, run_after=None
[2025-02-04T14:50:27.674+0000] {processor.py:208} INFO - Processing /home/airflow/.local/lib/python3.12/site-packages/airflow/example_dags/example_short_circuit_operator.py took 0.239 seconds
[2025-02-04T14:51:03.635+0000] {processor.py:186} INFO - Started process (PID=303) to work on /home/airflow/.local/lib/python3.12/site-packages/airflow/example_dags/example_short_circuit_operator.py
[2025-02-04T14:51:03.638+0000] {processor.py:914} INFO - Processing file /home/airflow/.local/lib/python3.12/site-packages/airflow/example_dags/example_short_circuit_operator.py for tasks to queue
[2025-02-04T14:51:03.647+0000] {logging_mixin.py:190} INFO - [2025-02-04T14:51:03.645+0000] {dagbag.py:588} INFO - Filling up the DagBag from /home/airflow/.local/lib/python3.12/site-packages/airflow/example_dags/example_short_circuit_operator.py
[2025-02-04T14:51:03.682+0000] {processor.py:925} INFO - DAG(s) 'example_short_circuit_operator' retrieved from /home/airflow/.local/lib/python3.12/site-packages/airflow/example_dags/example_short_circuit_operator.py
[2025-02-04T14:51:03.797+0000] {logging_mixin.py:190} INFO - [2025-02-04T14:51:03.797+0000] {dag.py:3239} INFO - Sync 1 DAGs
[2025-02-04T14:51:03.838+0000] {logging_mixin.py:190} INFO - [2025-02-04T14:51:03.837+0000] {dag.py:4180} INFO - Setting next_dagrun for example_short_circuit_operator to None, run_after=None
[2025-02-04T14:51:03.885+0000] {processor.py:208} INFO - Processing /home/airflow/.local/lib/python3.12/site-packages/airflow/example_dags/example_short_circuit_operator.py took 0.268 seconds
[2025-02-04T14:51:35.482+0000] {processor.py:186} INFO - Started process (PID=365) to work on /home/airflow/.local/lib/python3.12/site-packages/airflow/example_dags/example_short_circuit_operator.py
[2025-02-04T14:51:35.487+0000] {processor.py:914} INFO - Processing file /home/airflow/.local/lib/python3.12/site-packages/airflow/example_dags/example_short_circuit_operator.py for tasks to queue
[2025-02-04T14:51:35.492+0000] {logging_mixin.py:190} INFO - [2025-02-04T14:51:35.492+0000] {dagbag.py:588} INFO - Filling up the DagBag from /home/airflow/.local/lib/python3.12/site-packages/airflow/example_dags/example_short_circuit_operator.py
[2025-02-04T14:51:35.507+0000] {processor.py:925} INFO - DAG(s) 'example_short_circuit_operator' retrieved from /home/airflow/.local/lib/python3.12/site-packages/airflow/example_dags/example_short_circuit_operator.py
[2025-02-04T14:51:35.585+0000] {logging_mixin.py:190} INFO - [2025-02-04T14:51:35.585+0000] {dag.py:3239} INFO - Sync 1 DAGs
[2025-02-04T14:51:35.642+0000] {logging_mixin.py:190} INFO - [2025-02-04T14:51:35.641+0000] {dag.py:4180} INFO - Setting next_dagrun for example_short_circuit_operator to None, run_after=None
[2025-02-04T14:51:35.702+0000] {processor.py:208} INFO - Processing /home/airflow/.local/lib/python3.12/site-packages/airflow/example_dags/example_short_circuit_operator.py took 0.237 seconds
[2025-02-04T14:52:37.455+0000] {processor.py:186} INFO - Started process (PID=435) to work on /home/airflow/.local/lib/python3.12/site-packages/airflow/example_dags/example_short_circuit_operator.py
[2025-02-04T14:52:37.473+0000] {processor.py:914} INFO - Processing file /home/airflow/.local/lib/python3.12/site-packages/airflow/example_dags/example_short_circuit_operator.py for tasks to queue
[2025-02-04T14:52:37.491+0000] {logging_mixin.py:190} INFO - [2025-02-04T14:52:37.490+0000] {dagbag.py:588} INFO - Filling up the DagBag from /home/airflow/.local/lib/python3.12/site-packages/airflow/example_dags/example_short_circuit_operator.py
[2025-02-04T14:52:37.618+0000] {processor.py:925} INFO - DAG(s) 'example_short_circuit_operator' retrieved from /home/airflow/.local/lib/python3.12/site-packages/airflow/example_dags/example_short_circuit_operator.py
[2025-02-04T14:52:38.018+0000] {logging_mixin.py:190} INFO - [2025-02-04T14:52:38.018+0000] {dag.py:3239} INFO - Sync 1 DAGs
[2025-02-04T14:52:38.223+0000] {logging_mixin.py:190} INFO - [2025-02-04T14:52:38.223+0000] {dag.py:4180} INFO - Setting next_dagrun for example_short_circuit_operator to None, run_after=None
[2025-02-04T14:52:38.442+0000] {processor.py:208} INFO - Processing /home/airflow/.local/lib/python3.12/site-packages/airflow/example_dags/example_short_circuit_operator.py took 1.032 seconds
[2025-02-04T14:53:08.963+0000] {processor.py:186} INFO - Started process (PID=505) to work on /home/airflow/.local/lib/python3.12/site-packages/airflow/example_dags/example_short_circuit_operator.py
[2025-02-04T14:53:08.965+0000] {processor.py:914} INFO - Processing file /home/airflow/.local/lib/python3.12/site-packages/airflow/example_dags/example_short_circuit_operator.py for tasks to queue
[2025-02-04T14:53:08.971+0000] {logging_mixin.py:190} INFO - [2025-02-04T14:53:08.970+0000] {dagbag.py:588} INFO - Filling up the DagBag from /home/airflow/.local/lib/python3.12/site-packages/airflow/example_dags/example_short_circuit_operator.py
[2025-02-04T14:53:08.992+0000] {processor.py:925} INFO - DAG(s) 'example_short_circuit_operator' retrieved from /home/airflow/.local/lib/python3.12/site-packages/airflow/example_dags/example_short_circuit_operator.py
[2025-02-04T14:53:09.059+0000] {logging_mixin.py:190} INFO - [2025-02-04T14:53:09.059+0000] {dag.py:3239} INFO - Sync 1 DAGs
[2025-02-04T14:53:09.101+0000] {logging_mixin.py:190} INFO - [2025-02-04T14:53:09.101+0000] {dag.py:4180} INFO - Setting next_dagrun for example_short_circuit_operator to None, run_after=None
[2025-02-04T14:53:09.157+0000] {processor.py:208} INFO - Processing /home/airflow/.local/lib/python3.12/site-packages/airflow/example_dags/example_short_circuit_operator.py took 0.209 seconds
[2025-02-04T14:53:39.799+0000] {processor.py:186} INFO - Started process (PID=570) to work on /home/airflow/.local/lib/python3.12/site-packages/airflow/example_dags/example_short_circuit_operator.py
[2025-02-04T14:53:39.801+0000] {processor.py:914} INFO - Processing file /home/airflow/.local/lib/python3.12/site-packages/airflow/example_dags/example_short_circuit_operator.py for tasks to queue
[2025-02-04T14:53:39.816+0000] {logging_mixin.py:190} INFO - [2025-02-04T14:53:39.815+0000] {dagbag.py:588} INFO - Filling up the DagBag from /home/airflow/.local/lib/python3.12/site-packages/airflow/example_dags/example_short_circuit_operator.py
[2025-02-04T14:53:39.857+0000] {processor.py:925} INFO - DAG(s) 'example_short_circuit_operator' retrieved from /home/airflow/.local/lib/python3.12/site-packages/airflow/example_dags/example_short_circuit_operator.py
[2025-02-04T14:53:39.920+0000] {logging_mixin.py:190} INFO - [2025-02-04T14:53:39.919+0000] {dag.py:3239} INFO - Sync 1 DAGs
[2025-02-04T14:53:39.983+0000] {logging_mixin.py:190} INFO - [2025-02-04T14:53:39.983+0000] {dag.py:4180} INFO - Setting next_dagrun for example_short_circuit_operator to None, run_after=None
[2025-02-04T14:53:40.182+0000] {processor.py:208} INFO - Processing /home/airflow/.local/lib/python3.12/site-packages/airflow/example_dags/example_short_circuit_operator.py took 0.395 seconds
[2025-02-04T14:54:10.373+0000] {processor.py:186} INFO - Started process (PID=637) to work on /home/airflow/.local/lib/python3.12/site-packages/airflow/example_dags/example_short_circuit_operator.py
[2025-02-04T14:54:10.375+0000] {processor.py:914} INFO - Processing file /home/airflow/.local/lib/python3.12/site-packages/airflow/example_dags/example_short_circuit_operator.py for tasks to queue
[2025-02-04T14:54:10.379+0000] {logging_mixin.py:190} INFO - [2025-02-04T14:54:10.378+0000] {dagbag.py:588} INFO - Filling up the DagBag from /home/airflow/.local/lib/python3.12/site-packages/airflow/example_dags/example_short_circuit_operator.py
[2025-02-04T14:54:10.397+0000] {processor.py:925} INFO - DAG(s) 'example_short_circuit_operator' retrieved from /home/airflow/.local/lib/python3.12/site-packages/airflow/example_dags/example_short_circuit_operator.py
[2025-02-04T14:54:10.439+0000] {logging_mixin.py:190} INFO - [2025-02-04T14:54:10.439+0000] {dag.py:3239} INFO - Sync 1 DAGs
[2025-02-04T14:54:10.475+0000] {logging_mixin.py:190} INFO - [2025-02-04T14:54:10.474+0000] {dag.py:4180} INFO - Setting next_dagrun for example_short_circuit_operator to None, run_after=None
[2025-02-04T14:54:10.512+0000] {processor.py:208} INFO - Processing /home/airflow/.local/lib/python3.12/site-packages/airflow/example_dags/example_short_circuit_operator.py took 0.156 seconds
[2025-02-04T14:54:40.795+0000] {processor.py:186} INFO - Started process (PID=706) to work on /home/airflow/.local/lib/python3.12/site-packages/airflow/example_dags/example_short_circuit_operator.py
[2025-02-04T14:54:40.797+0000] {processor.py:914} INFO - Processing file /home/airflow/.local/lib/python3.12/site-packages/airflow/example_dags/example_short_circuit_operator.py for tasks to queue
[2025-02-04T14:54:40.801+0000] {logging_mixin.py:190} INFO - [2025-02-04T14:54:40.801+0000] {dagbag.py:588} INFO - Filling up the DagBag from /home/airflow/.local/lib/python3.12/site-packages/airflow/example_dags/example_short_circuit_operator.py
[2025-02-04T14:54:40.819+0000] {processor.py:925} INFO - DAG(s) 'example_short_circuit_operator' retrieved from /home/airflow/.local/lib/python3.12/site-packages/airflow/example_dags/example_short_circuit_operator.py
[2025-02-04T14:54:40.906+0000] {logging_mixin.py:190} INFO - [2025-02-04T14:54:40.896+0000] {dag.py:3239} INFO - Sync 1 DAGs
[2025-02-04T14:54:40.984+0000] {logging_mixin.py:190} INFO - [2025-02-04T14:54:40.984+0000] {dag.py:4180} INFO - Setting next_dagrun for example_short_circuit_operator to None, run_after=None
[2025-02-04T14:54:41.105+0000] {processor.py:208} INFO - Processing /home/airflow/.local/lib/python3.12/site-packages/airflow/example_dags/example_short_circuit_operator.py took 0.323 seconds
[2025-02-04T14:55:11.356+0000] {processor.py:186} INFO - Started process (PID=771) to work on /home/airflow/.local/lib/python3.12/site-packages/airflow/example_dags/example_short_circuit_operator.py
[2025-02-04T14:55:11.358+0000] {processor.py:914} INFO - Processing file /home/airflow/.local/lib/python3.12/site-packages/airflow/example_dags/example_short_circuit_operator.py for tasks to queue
[2025-02-04T14:55:11.363+0000] {logging_mixin.py:190} INFO - [2025-02-04T14:55:11.362+0000] {dagbag.py:588} INFO - Filling up the DagBag from /home/airflow/.local/lib/python3.12/site-packages/airflow/example_dags/example_short_circuit_operator.py
[2025-02-04T14:55:11.385+0000] {processor.py:925} INFO - DAG(s) 'example_short_circuit_operator' retrieved from /home/airflow/.local/lib/python3.12/site-packages/airflow/example_dags/example_short_circuit_operator.py
[2025-02-04T14:55:11.446+0000] {logging_mixin.py:190} INFO - [2025-02-04T14:55:11.444+0000] {dag.py:3239} INFO - Sync 1 DAGs
[2025-02-04T14:55:11.483+0000] {logging_mixin.py:190} INFO - [2025-02-04T14:55:11.482+0000] {dag.py:4180} INFO - Setting next_dagrun for example_short_circuit_operator to None, run_after=None
[2025-02-04T14:55:11.530+0000] {processor.py:208} INFO - Processing /home/airflow/.local/lib/python3.12/site-packages/airflow/example_dags/example_short_circuit_operator.py took 0.186 seconds
[2025-02-04T14:55:49.297+0000] {processor.py:186} INFO - Started process (PID=840) to work on /home/airflow/.local/lib/python3.12/site-packages/airflow/example_dags/example_short_circuit_operator.py
[2025-02-04T14:55:49.315+0000] {processor.py:914} INFO - Processing file /home/airflow/.local/lib/python3.12/site-packages/airflow/example_dags/example_short_circuit_operator.py for tasks to queue
[2025-02-04T14:55:49.321+0000] {logging_mixin.py:190} INFO - [2025-02-04T14:55:49.320+0000] {dagbag.py:588} INFO - Filling up the DagBag from /home/airflow/.local/lib/python3.12/site-packages/airflow/example_dags/example_short_circuit_operator.py
[2025-02-04T14:55:49.372+0000] {processor.py:925} INFO - DAG(s) 'example_short_circuit_operator' retrieved from /home/airflow/.local/lib/python3.12/site-packages/airflow/example_dags/example_short_circuit_operator.py
[2025-02-04T14:55:49.608+0000] {logging_mixin.py:190} INFO - [2025-02-04T14:55:49.607+0000] {dag.py:3239} INFO - Sync 1 DAGs
[2025-02-04T14:55:49.769+0000] {logging_mixin.py:190} INFO - [2025-02-04T14:55:49.768+0000] {dag.py:4180} INFO - Setting next_dagrun for example_short_circuit_operator to None, run_after=None
[2025-02-04T14:55:49.993+0000] {processor.py:208} INFO - Processing /home/airflow/.local/lib/python3.12/site-packages/airflow/example_dags/example_short_circuit_operator.py took 0.761 seconds
[2025-02-04T14:56:21.772+0000] {processor.py:186} INFO - Started process (PID=904) to work on /home/airflow/.local/lib/python3.12/site-packages/airflow/example_dags/example_short_circuit_operator.py
[2025-02-04T14:56:21.775+0000] {processor.py:914} INFO - Processing file /home/airflow/.local/lib/python3.12/site-packages/airflow/example_dags/example_short_circuit_operator.py for tasks to queue
[2025-02-04T14:56:21.779+0000] {logging_mixin.py:190} INFO - [2025-02-04T14:56:21.779+0000] {dagbag.py:588} INFO - Filling up the DagBag from /home/airflow/.local/lib/python3.12/site-packages/airflow/example_dags/example_short_circuit_operator.py
[2025-02-04T14:56:21.809+0000] {processor.py:925} INFO - DAG(s) 'example_short_circuit_operator' retrieved from /home/airflow/.local/lib/python3.12/site-packages/airflow/example_dags/example_short_circuit_operator.py
[2025-02-04T14:56:21.889+0000] {logging_mixin.py:190} INFO - [2025-02-04T14:56:21.888+0000] {dag.py:3239} INFO - Sync 1 DAGs
[2025-02-04T14:56:21.928+0000] {logging_mixin.py:190} INFO - [2025-02-04T14:56:21.927+0000] {dag.py:4180} INFO - Setting next_dagrun for example_short_circuit_operator to None, run_after=None
[2025-02-04T14:56:22.016+0000] {processor.py:208} INFO - Processing /home/airflow/.local/lib/python3.12/site-packages/airflow/example_dags/example_short_circuit_operator.py took 0.274 seconds
[2025-02-04T14:56:54.139+0000] {processor.py:186} INFO - Started process (PID=968) to work on /home/airflow/.local/lib/python3.12/site-packages/airflow/example_dags/example_short_circuit_operator.py
[2025-02-04T14:56:54.142+0000] {processor.py:914} INFO - Processing file /home/airflow/.local/lib/python3.12/site-packages/airflow/example_dags/example_short_circuit_operator.py for tasks to queue
[2025-02-04T14:56:54.147+0000] {logging_mixin.py:190} INFO - [2025-02-04T14:56:54.146+0000] {dagbag.py:588} INFO - Filling up the DagBag from /home/airflow/.local/lib/python3.12/site-packages/airflow/example_dags/example_short_circuit_operator.py
[2025-02-04T14:56:54.166+0000] {processor.py:925} INFO - DAG(s) 'example_short_circuit_operator' retrieved from /home/airflow/.local/lib/python3.12/site-packages/airflow/example_dags/example_short_circuit_operator.py
[2025-02-04T14:56:54.209+0000] {logging_mixin.py:190} INFO - [2025-02-04T14:56:54.208+0000] {dag.py:3239} INFO - Sync 1 DAGs
[2025-02-04T14:56:54.247+0000] {logging_mixin.py:190} INFO - [2025-02-04T14:56:54.246+0000] {dag.py:4180} INFO - Setting next_dagrun for example_short_circuit_operator to None, run_after=None
[2025-02-04T14:56:54.293+0000] {processor.py:208} INFO - Processing /home/airflow/.local/lib/python3.12/site-packages/airflow/example_dags/example_short_circuit_operator.py took 0.167 seconds
[2025-02-04T14:57:24.594+0000] {processor.py:186} INFO - Started process (PID=1032) to work on /home/airflow/.local/lib/python3.12/site-packages/airflow/example_dags/example_short_circuit_operator.py
[2025-02-04T14:57:24.596+0000] {processor.py:914} INFO - Processing file /home/airflow/.local/lib/python3.12/site-packages/airflow/example_dags/example_short_circuit_operator.py for tasks to queue
[2025-02-04T14:57:24.601+0000] {logging_mixin.py:190} INFO - [2025-02-04T14:57:24.600+0000] {dagbag.py:588} INFO - Filling up the DagBag from /home/airflow/.local/lib/python3.12/site-packages/airflow/example_dags/example_short_circuit_operator.py
[2025-02-04T14:57:24.616+0000] {processor.py:925} INFO - DAG(s) 'example_short_circuit_operator' retrieved from /home/airflow/.local/lib/python3.12/site-packages/airflow/example_dags/example_short_circuit_operator.py
[2025-02-04T14:57:24.652+0000] {logging_mixin.py:190} INFO - [2025-02-04T14:57:24.651+0000] {dag.py:3239} INFO - Sync 1 DAGs
[2025-02-04T14:57:24.677+0000] {logging_mixin.py:190} INFO - [2025-02-04T14:57:24.677+0000] {dag.py:4180} INFO - Setting next_dagrun for example_short_circuit_operator to None, run_after=None
[2025-02-04T14:57:24.720+0000] {processor.py:208} INFO - Processing /home/airflow/.local/lib/python3.12/site-packages/airflow/example_dags/example_short_circuit_operator.py took 0.139 seconds
[2025-02-04T14:57:57.401+0000] {processor.py:186} INFO - Started process (PID=1096) to work on /home/airflow/.local/lib/python3.12/site-packages/airflow/example_dags/example_short_circuit_operator.py
[2025-02-04T14:57:57.402+0000] {processor.py:914} INFO - Processing file /home/airflow/.local/lib/python3.12/site-packages/airflow/example_dags/example_short_circuit_operator.py for tasks to queue
[2025-02-04T14:57:57.407+0000] {logging_mixin.py:190} INFO - [2025-02-04T14:57:57.406+0000] {dagbag.py:588} INFO - Filling up the DagBag from /home/airflow/.local/lib/python3.12/site-packages/airflow/example_dags/example_short_circuit_operator.py
[2025-02-04T14:57:57.421+0000] {processor.py:925} INFO - DAG(s) 'example_short_circuit_operator' retrieved from /home/airflow/.local/lib/python3.12/site-packages/airflow/example_dags/example_short_circuit_operator.py
[2025-02-04T14:57:57.463+0000] {logging_mixin.py:190} INFO - [2025-02-04T14:57:57.463+0000] {dag.py:3239} INFO - Sync 1 DAGs
[2025-02-04T14:57:57.493+0000] {logging_mixin.py:190} INFO - [2025-02-04T14:57:57.493+0000] {dag.py:4180} INFO - Setting next_dagrun for example_short_circuit_operator to None, run_after=None
[2025-02-04T14:57:57.526+0000] {processor.py:208} INFO - Processing /home/airflow/.local/lib/python3.12/site-packages/airflow/example_dags/example_short_circuit_operator.py took 0.137 seconds
[2025-02-04T14:58:30.258+0000] {processor.py:186} INFO - Started process (PID=1161) to work on /home/airflow/.local/lib/python3.12/site-packages/airflow/example_dags/example_short_circuit_operator.py
[2025-02-04T14:58:30.261+0000] {processor.py:914} INFO - Processing file /home/airflow/.local/lib/python3.12/site-packages/airflow/example_dags/example_short_circuit_operator.py for tasks to queue
[2025-02-04T14:58:30.266+0000] {logging_mixin.py:190} INFO - [2025-02-04T14:58:30.265+0000] {dagbag.py:588} INFO - Filling up the DagBag from /home/airflow/.local/lib/python3.12/site-packages/airflow/example_dags/example_short_circuit_operator.py
[2025-02-04T14:58:30.289+0000] {processor.py:925} INFO - DAG(s) 'example_short_circuit_operator' retrieved from /home/airflow/.local/lib/python3.12/site-packages/airflow/example_dags/example_short_circuit_operator.py
[2025-02-04T14:58:30.359+0000] {logging_mixin.py:190} INFO - [2025-02-04T14:58:30.359+0000] {dag.py:3239} INFO - Sync 1 DAGs
[2025-02-04T14:58:30.391+0000] {logging_mixin.py:190} INFO - [2025-02-04T14:58:30.391+0000] {dag.py:4180} INFO - Setting next_dagrun for example_short_circuit_operator to None, run_after=None
[2025-02-04T14:58:30.429+0000] {processor.py:208} INFO - Processing /home/airflow/.local/lib/python3.12/site-packages/airflow/example_dags/example_short_circuit_operator.py took 0.183 seconds
[2025-02-04T14:59:01.823+0000] {processor.py:186} INFO - Started process (PID=1226) to work on /home/airflow/.local/lib/python3.12/site-packages/airflow/example_dags/example_short_circuit_operator.py
[2025-02-04T14:59:01.825+0000] {processor.py:914} INFO - Processing file /home/airflow/.local/lib/python3.12/site-packages/airflow/example_dags/example_short_circuit_operator.py for tasks to queue
[2025-02-04T14:59:01.830+0000] {logging_mixin.py:190} INFO - [2025-02-04T14:59:01.829+0000] {dagbag.py:588} INFO - Filling up the DagBag from /home/airflow/.local/lib/python3.12/site-packages/airflow/example_dags/example_short_circuit_operator.py
[2025-02-04T14:59:01.846+0000] {processor.py:925} INFO - DAG(s) 'example_short_circuit_operator' retrieved from /home/airflow/.local/lib/python3.12/site-packages/airflow/example_dags/example_short_circuit_operator.py
[2025-02-04T14:59:01.885+0000] {logging_mixin.py:190} INFO - [2025-02-04T14:59:01.884+0000] {dag.py:3239} INFO - Sync 1 DAGs
[2025-02-04T14:59:01.909+0000] {logging_mixin.py:190} INFO - [2025-02-04T14:59:01.909+0000] {dag.py:4180} INFO - Setting next_dagrun for example_short_circuit_operator to None, run_after=None
[2025-02-04T14:59:01.945+0000] {processor.py:208} INFO - Processing /home/airflow/.local/lib/python3.12/site-packages/airflow/example_dags/example_short_circuit_operator.py took 0.136 seconds
[2025-02-04T14:59:34.572+0000] {processor.py:186} INFO - Started process (PID=1290) to work on /home/airflow/.local/lib/python3.12/site-packages/airflow/example_dags/example_short_circuit_operator.py
[2025-02-04T14:59:34.575+0000] {processor.py:914} INFO - Processing file /home/airflow/.local/lib/python3.12/site-packages/airflow/example_dags/example_short_circuit_operator.py for tasks to queue
[2025-02-04T14:59:34.585+0000] {logging_mixin.py:190} INFO - [2025-02-04T14:59:34.582+0000] {dagbag.py:588} INFO - Filling up the DagBag from /home/airflow/.local/lib/python3.12/site-packages/airflow/example_dags/example_short_circuit_operator.py
[2025-02-04T14:59:34.630+0000] {processor.py:925} INFO - DAG(s) 'example_short_circuit_operator' retrieved from /home/airflow/.local/lib/python3.12/site-packages/airflow/example_dags/example_short_circuit_operator.py
[2025-02-04T14:59:34.726+0000] {logging_mixin.py:190} INFO - [2025-02-04T14:59:34.725+0000] {dag.py:3239} INFO - Sync 1 DAGs
[2025-02-04T14:59:34.779+0000] {logging_mixin.py:190} INFO - [2025-02-04T14:59:34.779+0000] {dag.py:4180} INFO - Setting next_dagrun for example_short_circuit_operator to None, run_after=None
[2025-02-04T14:59:35.258+0000] {processor.py:208} INFO - Processing /home/airflow/.local/lib/python3.12/site-packages/airflow/example_dags/example_short_circuit_operator.py took 0.295 seconds
[2025-02-04T15:00:06.609+0000] {processor.py:186} INFO - Started process (PID=1354) to work on /home/airflow/.local/lib/python3.12/site-packages/airflow/example_dags/example_short_circuit_operator.py
[2025-02-04T15:00:06.612+0000] {processor.py:914} INFO - Processing file /home/airflow/.local/lib/python3.12/site-packages/airflow/example_dags/example_short_circuit_operator.py for tasks to queue
[2025-02-04T15:00:06.621+0000] {logging_mixin.py:190} INFO - [2025-02-04T15:00:06.621+0000] {dagbag.py:588} INFO - Filling up the DagBag from /home/airflow/.local/lib/python3.12/site-packages/airflow/example_dags/example_short_circuit_operator.py
[2025-02-04T15:00:06.648+0000] {processor.py:925} INFO - DAG(s) 'example_short_circuit_operator' retrieved from /home/airflow/.local/lib/python3.12/site-packages/airflow/example_dags/example_short_circuit_operator.py
[2025-02-04T15:00:06.706+0000] {logging_mixin.py:190} INFO - [2025-02-04T15:00:06.706+0000] {dag.py:3239} INFO - Sync 1 DAGs
[2025-02-04T15:00:06.737+0000] {logging_mixin.py:190} INFO - [2025-02-04T15:00:06.736+0000] {dag.py:4180} INFO - Setting next_dagrun for example_short_circuit_operator to None, run_after=None
[2025-02-04T15:00:06.847+0000] {processor.py:208} INFO - Processing /home/airflow/.local/lib/python3.12/site-packages/airflow/example_dags/example_short_circuit_operator.py took 0.257 seconds
[2025-02-04T15:00:37.212+0000] {processor.py:186} INFO - Started process (PID=1418) to work on /home/airflow/.local/lib/python3.12/site-packages/airflow/example_dags/example_short_circuit_operator.py
[2025-02-04T15:00:37.215+0000] {processor.py:914} INFO - Processing file /home/airflow/.local/lib/python3.12/site-packages/airflow/example_dags/example_short_circuit_operator.py for tasks to queue
[2025-02-04T15:00:37.223+0000] {logging_mixin.py:190} INFO - [2025-02-04T15:00:37.222+0000] {dagbag.py:588} INFO - Filling up the DagBag from /home/airflow/.local/lib/python3.12/site-packages/airflow/example_dags/example_short_circuit_operator.py
[2025-02-04T15:00:37.255+0000] {processor.py:925} INFO - DAG(s) 'example_short_circuit_operator' retrieved from /home/airflow/.local/lib/python3.12/site-packages/airflow/example_dags/example_short_circuit_operator.py
[2025-02-04T15:00:37.302+0000] {logging_mixin.py:190} INFO - [2025-02-04T15:00:37.301+0000] {dag.py:3239} INFO - Sync 1 DAGs
[2025-02-04T15:00:37.834+0000] {logging_mixin.py:190} INFO - [2025-02-04T15:00:37.834+0000] {dag.py:4180} INFO - Setting next_dagrun for example_short_circuit_operator to None, run_after=None
[2025-02-04T15:00:37.862+0000] {processor.py:208} INFO - Processing /home/airflow/.local/lib/python3.12/site-packages/airflow/example_dags/example_short_circuit_operator.py took 0.162 seconds
[2025-02-04T15:01:09.681+0000] {processor.py:186} INFO - Started process (PID=1483) to work on /home/airflow/.local/lib/python3.12/site-packages/airflow/example_dags/example_short_circuit_operator.py
[2025-02-04T15:01:09.684+0000] {processor.py:914} INFO - Processing file /home/airflow/.local/lib/python3.12/site-packages/airflow/example_dags/example_short_circuit_operator.py for tasks to queue
[2025-02-04T15:01:09.688+0000] {logging_mixin.py:190} INFO - [2025-02-04T15:01:09.687+0000] {dagbag.py:588} INFO - Filling up the DagBag from /home/airflow/.local/lib/python3.12/site-packages/airflow/example_dags/example_short_circuit_operator.py
[2025-02-04T15:01:09.705+0000] {processor.py:925} INFO - DAG(s) 'example_short_circuit_operator' retrieved from /home/airflow/.local/lib/python3.12/site-packages/airflow/example_dags/example_short_circuit_operator.py
[2025-02-04T15:01:09.744+0000] {logging_mixin.py:190} INFO - [2025-02-04T15:01:09.743+0000] {dag.py:3239} INFO - Sync 1 DAGs
[2025-02-04T15:01:09.771+0000] {logging_mixin.py:190} INFO - [2025-02-04T15:01:09.770+0000] {dag.py:4180} INFO - Setting next_dagrun for example_short_circuit_operator to None, run_after=None
[2025-02-04T15:01:09.818+0000] {processor.py:208} INFO - Processing /home/airflow/.local/lib/python3.12/site-packages/airflow/example_dags/example_short_circuit_operator.py took 0.146 seconds
[2025-02-04T15:01:44.398+0000] {processor.py:186} INFO - Started process (PID=1547) to work on /home/airflow/.local/lib/python3.12/site-packages/airflow/example_dags/example_short_circuit_operator.py
[2025-02-04T15:01:44.400+0000] {processor.py:914} INFO - Processing file /home/airflow/.local/lib/python3.12/site-packages/airflow/example_dags/example_short_circuit_operator.py for tasks to queue
[2025-02-04T15:01:44.405+0000] {logging_mixin.py:190} INFO - [2025-02-04T15:01:44.404+0000] {dagbag.py:588} INFO - Filling up the DagBag from /home/airflow/.local/lib/python3.12/site-packages/airflow/example_dags/example_short_circuit_operator.py
[2025-02-04T15:01:44.420+0000] {processor.py:925} INFO - DAG(s) 'example_short_circuit_operator' retrieved from /home/airflow/.local/lib/python3.12/site-packages/airflow/example_dags/example_short_circuit_operator.py
[2025-02-04T15:01:44.483+0000] {logging_mixin.py:190} INFO - [2025-02-04T15:01:44.482+0000] {dag.py:3239} INFO - Sync 1 DAGs
[2025-02-04T15:01:44.527+0000] {logging_mixin.py:190} INFO - [2025-02-04T15:01:44.526+0000] {dag.py:4180} INFO - Setting next_dagrun for example_short_circuit_operator to None, run_after=None
[2025-02-04T15:01:44.580+0000] {processor.py:208} INFO - Processing /home/airflow/.local/lib/python3.12/site-packages/airflow/example_dags/example_short_circuit_operator.py took 0.194 seconds
