[2025-02-04T14:06:53.686+0000] {processor.py:186} INFO - Started process (PID=85) to work on /home/airflow/.local/lib/python3.12/site-packages/airflow/example_dags/example_bash_operator.py
[2025-02-04T14:06:53.689+0000] {processor.py:914} INFO - Processing file /home/airflow/.local/lib/python3.12/site-packages/airflow/example_dags/example_bash_operator.py for tasks to queue
[2025-02-04T14:06:53.695+0000] {logging_mixin.py:190} INFO - [2025-02-04T14:06:53.694+0000] {dagbag.py:588} INFO - Filling up the DagBag from /home/airflow/.local/lib/python3.12/site-packages/airflow/example_dags/example_bash_operator.py
[2025-02-04T14:06:53.741+0000] {processor.py:925} INFO - DAG(s) 'example_bash_operator' retrieved from /home/airflow/.local/lib/python3.12/site-packages/airflow/example_dags/example_bash_operator.py
[2025-02-04T14:06:54.609+0000] {logging_mixin.py:190} INFO - [2025-02-04T14:06:54.608+0000] {override.py:1911} INFO - Created Permission View: can delete on DAG:example_bash_operator
[2025-02-04T14:06:54.704+0000] {logging_mixin.py:190} INFO - [2025-02-04T14:06:54.699+0000] {override.py:1911} INFO - Created Permission View: can read on DAG:example_bash_operator
[2025-02-04T14:06:54.812+0000] {logging_mixin.py:190} INFO - [2025-02-04T14:06:54.812+0000] {override.py:1911} INFO - Created Permission View: can edit on DAG:example_bash_operator
[2025-02-04T14:06:54.901+0000] {logging_mixin.py:190} INFO - [2025-02-04T14:06:54.900+0000] {override.py:1911} INFO - Created Permission View: can delete on DAG Run:example_bash_operator
[2025-02-04T14:06:55.043+0000] {logging_mixin.py:190} INFO - [2025-02-04T14:06:55.042+0000] {override.py:1911} INFO - Created Permission View: menu access on DAG Run:example_bash_operator
[2025-02-04T14:06:55.087+0000] {logging_mixin.py:190} INFO - [2025-02-04T14:06:55.085+0000] {override.py:1911} INFO - Created Permission View: can read on DAG Run:example_bash_operator
[2025-02-04T14:06:55.125+0000] {logging_mixin.py:190} INFO - [2025-02-04T14:06:55.125+0000] {override.py:1911} INFO - Created Permission View: can create on DAG Run:example_bash_operator
[2025-02-04T14:06:55.127+0000] {logging_mixin.py:190} INFO - [2025-02-04T14:06:55.126+0000] {dag.py:3239} INFO - Sync 1 DAGs
[2025-02-04T14:06:55.194+0000] {logging_mixin.py:190} INFO - [2025-02-04T14:06:55.193+0000] {dag.py:3262} INFO - Creating ORM DAG for example_bash_operator
[2025-02-04T14:06:55.254+0000] {logging_mixin.py:190} INFO - [2025-02-04T14:06:55.253+0000] {dag.py:4180} INFO - Setting next_dagrun for example_bash_operator to 2025-02-03 00:00:00+00:00, run_after=2025-02-04 00:00:00+00:00
[2025-02-04T14:06:55.326+0000] {processor.py:208} INFO - Processing /home/airflow/.local/lib/python3.12/site-packages/airflow/example_dags/example_bash_operator.py took 1.664 seconds
[2025-02-04T14:08:23.019+0000] {processor.py:186} INFO - Started process (PID=154) to work on /home/airflow/.local/lib/python3.12/site-packages/airflow/example_dags/example_bash_operator.py
[2025-02-04T14:08:23.021+0000] {processor.py:914} INFO - Processing file /home/airflow/.local/lib/python3.12/site-packages/airflow/example_dags/example_bash_operator.py for tasks to queue
[2025-02-04T14:08:23.027+0000] {logging_mixin.py:190} INFO - [2025-02-04T14:08:23.026+0000] {dagbag.py:588} INFO - Filling up the DagBag from /home/airflow/.local/lib/python3.12/site-packages/airflow/example_dags/example_bash_operator.py
[2025-02-04T14:08:23.056+0000] {processor.py:925} INFO - DAG(s) 'example_bash_operator' retrieved from /home/airflow/.local/lib/python3.12/site-packages/airflow/example_dags/example_bash_operator.py
[2025-02-04T14:08:23.114+0000] {logging_mixin.py:190} INFO - [2025-02-04T14:08:23.113+0000] {dag.py:3239} INFO - Sync 1 DAGs
[2025-02-04T14:08:23.156+0000] {logging_mixin.py:190} INFO - [2025-02-04T14:08:23.156+0000] {dag.py:4180} INFO - Setting next_dagrun for example_bash_operator to 2025-02-03 00:00:00+00:00, run_after=2025-02-04 00:00:00+00:00
[2025-02-04T14:08:23.218+0000] {processor.py:208} INFO - Processing /home/airflow/.local/lib/python3.12/site-packages/airflow/example_dags/example_bash_operator.py took 0.215 seconds
[2025-02-04T14:08:56.143+0000] {processor.py:186} INFO - Started process (PID=218) to work on /home/airflow/.local/lib/python3.12/site-packages/airflow/example_dags/example_bash_operator.py
[2025-02-04T14:08:56.145+0000] {processor.py:914} INFO - Processing file /home/airflow/.local/lib/python3.12/site-packages/airflow/example_dags/example_bash_operator.py for tasks to queue
[2025-02-04T14:08:56.149+0000] {logging_mixin.py:190} INFO - [2025-02-04T14:08:56.148+0000] {dagbag.py:588} INFO - Filling up the DagBag from /home/airflow/.local/lib/python3.12/site-packages/airflow/example_dags/example_bash_operator.py
[2025-02-04T14:08:56.173+0000] {processor.py:925} INFO - DAG(s) 'example_bash_operator' retrieved from /home/airflow/.local/lib/python3.12/site-packages/airflow/example_dags/example_bash_operator.py
[2025-02-04T14:08:56.229+0000] {logging_mixin.py:190} INFO - [2025-02-04T14:08:56.229+0000] {dag.py:3239} INFO - Sync 1 DAGs
[2025-02-04T14:08:56.284+0000] {logging_mixin.py:190} INFO - [2025-02-04T14:08:56.283+0000] {dag.py:4180} INFO - Setting next_dagrun for example_bash_operator to 2025-02-03 00:00:00+00:00, run_after=2025-02-04 00:00:00+00:00
[2025-02-04T14:08:56.325+0000] {processor.py:208} INFO - Processing /home/airflow/.local/lib/python3.12/site-packages/airflow/example_dags/example_bash_operator.py took 0.194 seconds
[2025-02-04T14:09:29.175+0000] {processor.py:186} INFO - Started process (PID=282) to work on /home/airflow/.local/lib/python3.12/site-packages/airflow/example_dags/example_bash_operator.py
[2025-02-04T14:09:29.178+0000] {processor.py:914} INFO - Processing file /home/airflow/.local/lib/python3.12/site-packages/airflow/example_dags/example_bash_operator.py for tasks to queue
[2025-02-04T14:09:29.182+0000] {logging_mixin.py:190} INFO - [2025-02-04T14:09:29.182+0000] {dagbag.py:588} INFO - Filling up the DagBag from /home/airflow/.local/lib/python3.12/site-packages/airflow/example_dags/example_bash_operator.py
[2025-02-04T14:09:29.217+0000] {processor.py:925} INFO - DAG(s) 'example_bash_operator' retrieved from /home/airflow/.local/lib/python3.12/site-packages/airflow/example_dags/example_bash_operator.py
[2025-02-04T14:09:29.286+0000] {logging_mixin.py:190} INFO - [2025-02-04T14:09:29.285+0000] {dag.py:3239} INFO - Sync 1 DAGs
[2025-02-04T14:09:29.342+0000] {logging_mixin.py:190} INFO - [2025-02-04T14:09:29.342+0000] {dag.py:4180} INFO - Setting next_dagrun for example_bash_operator to 2025-02-03 00:00:00+00:00, run_after=2025-02-04 00:00:00+00:00
[2025-02-04T14:09:29.401+0000] {processor.py:208} INFO - Processing /home/airflow/.local/lib/python3.12/site-packages/airflow/example_dags/example_bash_operator.py took 0.242 seconds
[2025-02-04T14:10:00.231+0000] {processor.py:186} INFO - Started process (PID=345) to work on /home/airflow/.local/lib/python3.12/site-packages/airflow/example_dags/example_bash_operator.py
[2025-02-04T14:10:00.232+0000] {processor.py:914} INFO - Processing file /home/airflow/.local/lib/python3.12/site-packages/airflow/example_dags/example_bash_operator.py for tasks to queue
[2025-02-04T14:10:00.236+0000] {logging_mixin.py:190} INFO - [2025-02-04T14:10:00.236+0000] {dagbag.py:588} INFO - Filling up the DagBag from /home/airflow/.local/lib/python3.12/site-packages/airflow/example_dags/example_bash_operator.py
[2025-02-04T14:10:00.258+0000] {processor.py:925} INFO - DAG(s) 'example_bash_operator' retrieved from /home/airflow/.local/lib/python3.12/site-packages/airflow/example_dags/example_bash_operator.py
[2025-02-04T14:10:00.312+0000] {logging_mixin.py:190} INFO - [2025-02-04T14:10:00.312+0000] {dag.py:3239} INFO - Sync 1 DAGs
[2025-02-04T14:10:00.354+0000] {logging_mixin.py:190} INFO - [2025-02-04T14:10:00.354+0000] {dag.py:4180} INFO - Setting next_dagrun for example_bash_operator to 2025-02-03 00:00:00+00:00, run_after=2025-02-04 00:00:00+00:00
[2025-02-04T14:10:00.396+0000] {processor.py:208} INFO - Processing /home/airflow/.local/lib/python3.12/site-packages/airflow/example_dags/example_bash_operator.py took 0.174 seconds
[2025-02-04T14:10:45.186+0000] {processor.py:186} INFO - Started process (PID=414) to work on /home/airflow/.local/lib/python3.12/site-packages/airflow/example_dags/example_bash_operator.py
[2025-02-04T14:10:45.189+0000] {processor.py:914} INFO - Processing file /home/airflow/.local/lib/python3.12/site-packages/airflow/example_dags/example_bash_operator.py for tasks to queue
[2025-02-04T14:10:45.198+0000] {logging_mixin.py:190} INFO - [2025-02-04T14:10:45.196+0000] {dagbag.py:588} INFO - Filling up the DagBag from /home/airflow/.local/lib/python3.12/site-packages/airflow/example_dags/example_bash_operator.py
[2025-02-04T14:10:45.239+0000] {processor.py:925} INFO - DAG(s) 'example_bash_operator' retrieved from /home/airflow/.local/lib/python3.12/site-packages/airflow/example_dags/example_bash_operator.py
[2025-02-04T14:10:45.334+0000] {logging_mixin.py:190} INFO - [2025-02-04T14:10:45.334+0000] {dag.py:3239} INFO - Sync 1 DAGs
[2025-02-04T14:10:45.426+0000] {logging_mixin.py:190} INFO - [2025-02-04T14:10:45.425+0000] {dag.py:4180} INFO - Setting next_dagrun for example_bash_operator to 2025-02-03 00:00:00+00:00, run_after=2025-02-04 00:00:00+00:00
[2025-02-04T14:10:45.488+0000] {processor.py:208} INFO - Processing /home/airflow/.local/lib/python3.12/site-packages/airflow/example_dags/example_bash_operator.py took 0.353 seconds
[2025-02-04T14:11:18.970+0000] {processor.py:186} INFO - Started process (PID=478) to work on /home/airflow/.local/lib/python3.12/site-packages/airflow/example_dags/example_bash_operator.py
[2025-02-04T14:11:18.972+0000] {processor.py:914} INFO - Processing file /home/airflow/.local/lib/python3.12/site-packages/airflow/example_dags/example_bash_operator.py for tasks to queue
[2025-02-04T14:11:18.985+0000] {logging_mixin.py:190} INFO - [2025-02-04T14:11:18.984+0000] {dagbag.py:588} INFO - Filling up the DagBag from /home/airflow/.local/lib/python3.12/site-packages/airflow/example_dags/example_bash_operator.py
[2025-02-04T14:11:19.024+0000] {processor.py:925} INFO - DAG(s) 'example_bash_operator' retrieved from /home/airflow/.local/lib/python3.12/site-packages/airflow/example_dags/example_bash_operator.py
[2025-02-04T14:11:19.091+0000] {logging_mixin.py:190} INFO - [2025-02-04T14:11:19.090+0000] {dag.py:3239} INFO - Sync 1 DAGs
[2025-02-04T14:11:19.209+0000] {logging_mixin.py:190} INFO - [2025-02-04T14:11:19.209+0000] {dag.py:4180} INFO - Setting next_dagrun for example_bash_operator to 2025-02-03 00:00:00+00:00, run_after=2025-02-04 00:00:00+00:00
[2025-02-04T14:11:19.310+0000] {processor.py:208} INFO - Processing /home/airflow/.local/lib/python3.12/site-packages/airflow/example_dags/example_bash_operator.py took 0.363 seconds
[2025-02-04T14:17:08.944+0000] {processor.py:186} INFO - Started process (PID=542) to work on /home/airflow/.local/lib/python3.12/site-packages/airflow/example_dags/example_bash_operator.py
[2025-02-04T14:17:09.053+0000] {processor.py:914} INFO - Processing file /home/airflow/.local/lib/python3.12/site-packages/airflow/example_dags/example_bash_operator.py for tasks to queue
[2025-02-04T14:17:09.408+0000] {logging_mixin.py:190} INFO - [2025-02-04T14:17:09.272+0000] {dagbag.py:588} INFO - Filling up the DagBag from /home/airflow/.local/lib/python3.12/site-packages/airflow/example_dags/example_bash_operator.py
[2025-02-04T14:17:13.359+0000] {processor.py:925} INFO - DAG(s) 'example_bash_operator' retrieved from /home/airflow/.local/lib/python3.12/site-packages/airflow/example_dags/example_bash_operator.py
[2025-02-04T14:17:18.354+0000] {logging_mixin.py:190} INFO - [2025-02-04T14:17:18.353+0000] {dag.py:3239} INFO - Sync 1 DAGs
[2025-02-04T14:17:27.729+0000] {logging_mixin.py:190} INFO - [2025-02-04T14:17:27.728+0000] {process_utils.py:266} INFO - Waiting up to 5 seconds for processes to exit...
[2025-02-04T14:17:27.789+0000] {logging_mixin.py:190} INFO - [2025-02-04T14:17:27.789+0000] {process_utils.py:266} INFO - Waiting up to 5 seconds for processes to exit...
[2025-02-04T14:18:34.625+0000] {processor.py:186} INFO - Started process (PID=75) to work on /home/airflow/.local/lib/python3.12/site-packages/airflow/example_dags/example_bash_operator.py
[2025-02-04T14:18:34.627+0000] {processor.py:914} INFO - Processing file /home/airflow/.local/lib/python3.12/site-packages/airflow/example_dags/example_bash_operator.py for tasks to queue
[2025-02-04T14:18:34.632+0000] {logging_mixin.py:190} INFO - [2025-02-04T14:18:34.632+0000] {dagbag.py:588} INFO - Filling up the DagBag from /home/airflow/.local/lib/python3.12/site-packages/airflow/example_dags/example_bash_operator.py
[2025-02-04T14:18:34.659+0000] {processor.py:925} INFO - DAG(s) 'example_bash_operator' retrieved from /home/airflow/.local/lib/python3.12/site-packages/airflow/example_dags/example_bash_operator.py
[2025-02-04T14:18:34.733+0000] {logging_mixin.py:190} INFO - [2025-02-04T14:18:34.732+0000] {dag.py:3239} INFO - Sync 1 DAGs
[2025-02-04T14:18:34.814+0000] {logging_mixin.py:190} INFO - [2025-02-04T14:18:34.814+0000] {dag.py:4180} INFO - Setting next_dagrun for example_bash_operator to 2025-02-03 00:00:00+00:00, run_after=2025-02-04 00:00:00+00:00
[2025-02-04T14:18:34.860+0000] {processor.py:208} INFO - Processing /home/airflow/.local/lib/python3.12/site-packages/airflow/example_dags/example_bash_operator.py took 0.248 seconds
[2025-02-04T14:19:06.811+0000] {processor.py:186} INFO - Started process (PID=139) to work on /home/airflow/.local/lib/python3.12/site-packages/airflow/example_dags/example_bash_operator.py
[2025-02-04T14:19:06.816+0000] {processor.py:914} INFO - Processing file /home/airflow/.local/lib/python3.12/site-packages/airflow/example_dags/example_bash_operator.py for tasks to queue
[2025-02-04T14:19:06.824+0000] {logging_mixin.py:190} INFO - [2025-02-04T14:19:06.823+0000] {dagbag.py:588} INFO - Filling up the DagBag from /home/airflow/.local/lib/python3.12/site-packages/airflow/example_dags/example_bash_operator.py
[2025-02-04T14:19:06.870+0000] {processor.py:925} INFO - DAG(s) 'example_bash_operator' retrieved from /home/airflow/.local/lib/python3.12/site-packages/airflow/example_dags/example_bash_operator.py
[2025-02-04T14:19:06.994+0000] {logging_mixin.py:190} INFO - [2025-02-04T14:19:06.994+0000] {dag.py:3239} INFO - Sync 1 DAGs
[2025-02-04T14:19:07.042+0000] {logging_mixin.py:190} INFO - [2025-02-04T14:19:07.042+0000] {dag.py:4180} INFO - Setting next_dagrun for example_bash_operator to 2025-02-03 00:00:00+00:00, run_after=2025-02-04 00:00:00+00:00
[2025-02-04T14:19:07.075+0000] {processor.py:208} INFO - Processing /home/airflow/.local/lib/python3.12/site-packages/airflow/example_dags/example_bash_operator.py took 0.283 seconds
[2025-02-04T14:19:38.820+0000] {processor.py:186} INFO - Started process (PID=208) to work on /home/airflow/.local/lib/python3.12/site-packages/airflow/example_dags/example_bash_operator.py
[2025-02-04T14:19:38.823+0000] {processor.py:914} INFO - Processing file /home/airflow/.local/lib/python3.12/site-packages/airflow/example_dags/example_bash_operator.py for tasks to queue
[2025-02-04T14:19:38.826+0000] {logging_mixin.py:190} INFO - [2025-02-04T14:19:38.825+0000] {dagbag.py:588} INFO - Filling up the DagBag from /home/airflow/.local/lib/python3.12/site-packages/airflow/example_dags/example_bash_operator.py
[2025-02-04T14:19:38.860+0000] {processor.py:925} INFO - DAG(s) 'example_bash_operator' retrieved from /home/airflow/.local/lib/python3.12/site-packages/airflow/example_dags/example_bash_operator.py
[2025-02-04T14:19:38.906+0000] {logging_mixin.py:190} INFO - [2025-02-04T14:19:38.906+0000] {dag.py:3239} INFO - Sync 1 DAGs
[2025-02-04T14:19:39.012+0000] {logging_mixin.py:190} INFO - [2025-02-04T14:19:39.012+0000] {dag.py:4180} INFO - Setting next_dagrun for example_bash_operator to 2025-02-03 00:00:00+00:00, run_after=2025-02-04 00:00:00+00:00
[2025-02-04T14:19:39.061+0000] {processor.py:208} INFO - Processing /home/airflow/.local/lib/python3.12/site-packages/airflow/example_dags/example_bash_operator.py took 0.258 seconds
[2025-02-04T14:20:10.580+0000] {processor.py:186} INFO - Started process (PID=281) to work on /home/airflow/.local/lib/python3.12/site-packages/airflow/example_dags/example_bash_operator.py
[2025-02-04T14:20:10.582+0000] {processor.py:914} INFO - Processing file /home/airflow/.local/lib/python3.12/site-packages/airflow/example_dags/example_bash_operator.py for tasks to queue
[2025-02-04T14:20:10.584+0000] {logging_mixin.py:190} INFO - [2025-02-04T14:20:10.584+0000] {dagbag.py:588} INFO - Filling up the DagBag from /home/airflow/.local/lib/python3.12/site-packages/airflow/example_dags/example_bash_operator.py
[2025-02-04T14:20:10.612+0000] {processor.py:925} INFO - DAG(s) 'example_bash_operator' retrieved from /home/airflow/.local/lib/python3.12/site-packages/airflow/example_dags/example_bash_operator.py
[2025-02-04T14:20:10.667+0000] {logging_mixin.py:190} INFO - [2025-02-04T14:20:10.667+0000] {dag.py:3239} INFO - Sync 1 DAGs
[2025-02-04T14:20:10.718+0000] {logging_mixin.py:190} INFO - [2025-02-04T14:20:10.717+0000] {dag.py:4180} INFO - Setting next_dagrun for example_bash_operator to 2025-02-03 00:00:00+00:00, run_after=2025-02-04 00:00:00+00:00
[2025-02-04T14:20:10.751+0000] {processor.py:208} INFO - Processing /home/airflow/.local/lib/python3.12/site-packages/airflow/example_dags/example_bash_operator.py took 0.183 seconds
[2025-02-04T14:20:45.765+0000] {processor.py:186} INFO - Started process (PID=350) to work on /home/airflow/.local/lib/python3.12/site-packages/airflow/example_dags/example_bash_operator.py
[2025-02-04T14:20:45.767+0000] {processor.py:914} INFO - Processing file /home/airflow/.local/lib/python3.12/site-packages/airflow/example_dags/example_bash_operator.py for tasks to queue
[2025-02-04T14:20:45.770+0000] {logging_mixin.py:190} INFO - [2025-02-04T14:20:45.769+0000] {dagbag.py:588} INFO - Filling up the DagBag from /home/airflow/.local/lib/python3.12/site-packages/airflow/example_dags/example_bash_operator.py
[2025-02-04T14:20:46.361+0000] {processor.py:925} INFO - DAG(s) 'example_bash_operator' retrieved from /home/airflow/.local/lib/python3.12/site-packages/airflow/example_dags/example_bash_operator.py
[2025-02-04T14:20:46.528+0000] {logging_mixin.py:190} INFO - [2025-02-04T14:20:46.528+0000] {dag.py:3239} INFO - Sync 1 DAGs
[2025-02-04T14:20:46.689+0000] {logging_mixin.py:190} INFO - [2025-02-04T14:20:46.689+0000] {dag.py:4180} INFO - Setting next_dagrun for example_bash_operator to 2025-02-03 00:00:00+00:00, run_after=2025-02-04 00:00:00+00:00
[2025-02-04T14:20:46.810+0000] {processor.py:208} INFO - Processing /home/airflow/.local/lib/python3.12/site-packages/airflow/example_dags/example_bash_operator.py took 0.573 seconds
[2025-02-04T14:21:17.598+0000] {processor.py:186} INFO - Started process (PID=424) to work on /home/airflow/.local/lib/python3.12/site-packages/airflow/example_dags/example_bash_operator.py
[2025-02-04T14:21:17.600+0000] {processor.py:914} INFO - Processing file /home/airflow/.local/lib/python3.12/site-packages/airflow/example_dags/example_bash_operator.py for tasks to queue
[2025-02-04T14:21:17.602+0000] {logging_mixin.py:190} INFO - [2025-02-04T14:21:17.601+0000] {dagbag.py:588} INFO - Filling up the DagBag from /home/airflow/.local/lib/python3.12/site-packages/airflow/example_dags/example_bash_operator.py
[2025-02-04T14:21:17.621+0000] {processor.py:925} INFO - DAG(s) 'example_bash_operator' retrieved from /home/airflow/.local/lib/python3.12/site-packages/airflow/example_dags/example_bash_operator.py
[2025-02-04T14:21:17.690+0000] {logging_mixin.py:190} INFO - [2025-02-04T14:21:17.690+0000] {dag.py:3239} INFO - Sync 1 DAGs
[2025-02-04T14:21:17.729+0000] {logging_mixin.py:190} INFO - [2025-02-04T14:21:17.729+0000] {dag.py:4180} INFO - Setting next_dagrun for example_bash_operator to 2025-02-03 00:00:00+00:00, run_after=2025-02-04 00:00:00+00:00
[2025-02-04T14:21:17.757+0000] {processor.py:208} INFO - Processing /home/airflow/.local/lib/python3.12/site-packages/airflow/example_dags/example_bash_operator.py took 0.169 seconds
[2025-02-04T14:21:48.457+0000] {processor.py:186} INFO - Started process (PID=488) to work on /home/airflow/.local/lib/python3.12/site-packages/airflow/example_dags/example_bash_operator.py
[2025-02-04T14:21:48.462+0000] {processor.py:914} INFO - Processing file /home/airflow/.local/lib/python3.12/site-packages/airflow/example_dags/example_bash_operator.py for tasks to queue
[2025-02-04T14:21:48.466+0000] {logging_mixin.py:190} INFO - [2025-02-04T14:21:48.465+0000] {dagbag.py:588} INFO - Filling up the DagBag from /home/airflow/.local/lib/python3.12/site-packages/airflow/example_dags/example_bash_operator.py
[2025-02-04T14:21:48.521+0000] {processor.py:925} INFO - DAG(s) 'example_bash_operator' retrieved from /home/airflow/.local/lib/python3.12/site-packages/airflow/example_dags/example_bash_operator.py
[2025-02-04T14:21:48.644+0000] {logging_mixin.py:190} INFO - [2025-02-04T14:21:48.642+0000] {dag.py:3239} INFO - Sync 1 DAGs
[2025-02-04T14:21:48.751+0000] {logging_mixin.py:190} INFO - [2025-02-04T14:21:48.750+0000] {dag.py:4180} INFO - Setting next_dagrun for example_bash_operator to 2025-02-03 00:00:00+00:00, run_after=2025-02-04 00:00:00+00:00
[2025-02-04T14:21:48.817+0000] {processor.py:208} INFO - Processing /home/airflow/.local/lib/python3.12/site-packages/airflow/example_dags/example_bash_operator.py took 0.380 seconds
[2025-02-04T14:22:19.508+0000] {processor.py:186} INFO - Started process (PID=560) to work on /home/airflow/.local/lib/python3.12/site-packages/airflow/example_dags/example_bash_operator.py
[2025-02-04T14:22:19.511+0000] {processor.py:914} INFO - Processing file /home/airflow/.local/lib/python3.12/site-packages/airflow/example_dags/example_bash_operator.py for tasks to queue
[2025-02-04T14:22:19.513+0000] {logging_mixin.py:190} INFO - [2025-02-04T14:22:19.513+0000] {dagbag.py:588} INFO - Filling up the DagBag from /home/airflow/.local/lib/python3.12/site-packages/airflow/example_dags/example_bash_operator.py
[2025-02-04T14:22:19.538+0000] {processor.py:925} INFO - DAG(s) 'example_bash_operator' retrieved from /home/airflow/.local/lib/python3.12/site-packages/airflow/example_dags/example_bash_operator.py
[2025-02-04T14:22:19.602+0000] {logging_mixin.py:190} INFO - [2025-02-04T14:22:19.602+0000] {dag.py:3239} INFO - Sync 1 DAGs
[2025-02-04T14:22:19.663+0000] {logging_mixin.py:190} INFO - [2025-02-04T14:22:19.662+0000] {dag.py:4180} INFO - Setting next_dagrun for example_bash_operator to 2025-02-03 00:00:00+00:00, run_after=2025-02-04 00:00:00+00:00
[2025-02-04T14:22:19.702+0000] {processor.py:208} INFO - Processing /home/airflow/.local/lib/python3.12/site-packages/airflow/example_dags/example_bash_operator.py took 0.207 seconds
[2025-02-04T14:22:50.527+0000] {processor.py:186} INFO - Started process (PID=626) to work on /home/airflow/.local/lib/python3.12/site-packages/airflow/example_dags/example_bash_operator.py
[2025-02-04T14:22:50.529+0000] {processor.py:914} INFO - Processing file /home/airflow/.local/lib/python3.12/site-packages/airflow/example_dags/example_bash_operator.py for tasks to queue
[2025-02-04T14:22:50.531+0000] {logging_mixin.py:190} INFO - [2025-02-04T14:22:50.531+0000] {dagbag.py:588} INFO - Filling up the DagBag from /home/airflow/.local/lib/python3.12/site-packages/airflow/example_dags/example_bash_operator.py
[2025-02-04T14:22:50.556+0000] {processor.py:925} INFO - DAG(s) 'example_bash_operator' retrieved from /home/airflow/.local/lib/python3.12/site-packages/airflow/example_dags/example_bash_operator.py
[2025-02-04T14:22:50.620+0000] {logging_mixin.py:190} INFO - [2025-02-04T14:22:50.620+0000] {dag.py:3239} INFO - Sync 1 DAGs
[2025-02-04T14:22:50.718+0000] {logging_mixin.py:190} INFO - [2025-02-04T14:22:50.717+0000] {dag.py:4180} INFO - Setting next_dagrun for example_bash_operator to 2025-02-03 00:00:00+00:00, run_after=2025-02-04 00:00:00+00:00
[2025-02-04T14:22:50.779+0000] {processor.py:208} INFO - Processing /home/airflow/.local/lib/python3.12/site-packages/airflow/example_dags/example_bash_operator.py took 0.263 seconds
[2025-02-04T14:23:21.252+0000] {processor.py:186} INFO - Started process (PID=691) to work on /home/airflow/.local/lib/python3.12/site-packages/airflow/example_dags/example_bash_operator.py
[2025-02-04T14:23:21.253+0000] {processor.py:914} INFO - Processing file /home/airflow/.local/lib/python3.12/site-packages/airflow/example_dags/example_bash_operator.py for tasks to queue
[2025-02-04T14:23:21.255+0000] {logging_mixin.py:190} INFO - [2025-02-04T14:23:21.255+0000] {dagbag.py:588} INFO - Filling up the DagBag from /home/airflow/.local/lib/python3.12/site-packages/airflow/example_dags/example_bash_operator.py
[2025-02-04T14:23:21.280+0000] {processor.py:925} INFO - DAG(s) 'example_bash_operator' retrieved from /home/airflow/.local/lib/python3.12/site-packages/airflow/example_dags/example_bash_operator.py
[2025-02-04T14:23:21.325+0000] {logging_mixin.py:190} INFO - [2025-02-04T14:23:21.325+0000] {dag.py:3239} INFO - Sync 1 DAGs
[2025-02-04T14:23:21.371+0000] {logging_mixin.py:190} INFO - [2025-02-04T14:23:21.371+0000] {dag.py:4180} INFO - Setting next_dagrun for example_bash_operator to 2025-02-03 00:00:00+00:00, run_after=2025-02-04 00:00:00+00:00
[2025-02-04T14:23:21.406+0000] {processor.py:208} INFO - Processing /home/airflow/.local/lib/python3.12/site-packages/airflow/example_dags/example_bash_operator.py took 0.165 seconds
[2025-02-04T14:23:51.828+0000] {processor.py:186} INFO - Started process (PID=755) to work on /home/airflow/.local/lib/python3.12/site-packages/airflow/example_dags/example_bash_operator.py
[2025-02-04T14:23:51.830+0000] {processor.py:914} INFO - Processing file /home/airflow/.local/lib/python3.12/site-packages/airflow/example_dags/example_bash_operator.py for tasks to queue
[2025-02-04T14:23:51.832+0000] {logging_mixin.py:190} INFO - [2025-02-04T14:23:51.832+0000] {dagbag.py:588} INFO - Filling up the DagBag from /home/airflow/.local/lib/python3.12/site-packages/airflow/example_dags/example_bash_operator.py
[2025-02-04T14:23:51.863+0000] {processor.py:925} INFO - DAG(s) 'example_bash_operator' retrieved from /home/airflow/.local/lib/python3.12/site-packages/airflow/example_dags/example_bash_operator.py
[2025-02-04T14:23:51.917+0000] {logging_mixin.py:190} INFO - [2025-02-04T14:23:51.917+0000] {dag.py:3239} INFO - Sync 1 DAGs
[2025-02-04T14:23:51.962+0000] {logging_mixin.py:190} INFO - [2025-02-04T14:23:51.962+0000] {dag.py:4180} INFO - Setting next_dagrun for example_bash_operator to 2025-02-03 00:00:00+00:00, run_after=2025-02-04 00:00:00+00:00
[2025-02-04T14:23:52.007+0000] {processor.py:208} INFO - Processing /home/airflow/.local/lib/python3.12/site-packages/airflow/example_dags/example_bash_operator.py took 0.192 seconds
[2025-02-04T14:24:22.959+0000] {processor.py:186} INFO - Started process (PID=820) to work on /home/airflow/.local/lib/python3.12/site-packages/airflow/example_dags/example_bash_operator.py
[2025-02-04T14:24:22.961+0000] {processor.py:914} INFO - Processing file /home/airflow/.local/lib/python3.12/site-packages/airflow/example_dags/example_bash_operator.py for tasks to queue
[2025-02-04T14:24:22.963+0000] {logging_mixin.py:190} INFO - [2025-02-04T14:24:22.962+0000] {dagbag.py:588} INFO - Filling up the DagBag from /home/airflow/.local/lib/python3.12/site-packages/airflow/example_dags/example_bash_operator.py
[2025-02-04T14:24:22.997+0000] {processor.py:925} INFO - DAG(s) 'example_bash_operator' retrieved from /home/airflow/.local/lib/python3.12/site-packages/airflow/example_dags/example_bash_operator.py
[2025-02-04T14:24:23.102+0000] {logging_mixin.py:190} INFO - [2025-02-04T14:24:23.102+0000] {dag.py:3239} INFO - Sync 1 DAGs
[2025-02-04T14:24:23.263+0000] {logging_mixin.py:190} INFO - [2025-02-04T14:24:23.262+0000] {dag.py:4180} INFO - Setting next_dagrun for example_bash_operator to 2025-02-03 00:00:00+00:00, run_after=2025-02-04 00:00:00+00:00
[2025-02-04T14:24:23.399+0000] {processor.py:208} INFO - Processing /home/airflow/.local/lib/python3.12/site-packages/airflow/example_dags/example_bash_operator.py took 0.454 seconds
[2025-02-04T14:32:13.851+0000] {processor.py:186} INFO - Started process (PID=88) to work on /home/airflow/.local/lib/python3.12/site-packages/airflow/example_dags/example_bash_operator.py
[2025-02-04T14:32:13.855+0000] {processor.py:914} INFO - Processing file /home/airflow/.local/lib/python3.12/site-packages/airflow/example_dags/example_bash_operator.py for tasks to queue
[2025-02-04T14:32:13.867+0000] {logging_mixin.py:190} INFO - [2025-02-04T14:32:13.865+0000] {dagbag.py:588} INFO - Filling up the DagBag from /home/airflow/.local/lib/python3.12/site-packages/airflow/example_dags/example_bash_operator.py
[2025-02-04T14:32:13.933+0000] {processor.py:925} INFO - DAG(s) 'example_bash_operator' retrieved from /home/airflow/.local/lib/python3.12/site-packages/airflow/example_dags/example_bash_operator.py
[2025-02-04T14:32:14.465+0000] {logging_mixin.py:190} INFO - [2025-02-04T14:32:14.463+0000] {override.py:1911} INFO - Created Permission View: can delete on DAG:example_bash_operator
[2025-02-04T14:32:14.530+0000] {logging_mixin.py:190} INFO - [2025-02-04T14:32:14.526+0000] {override.py:1911} INFO - Created Permission View: can read on DAG:example_bash_operator
[2025-02-04T14:32:14.559+0000] {logging_mixin.py:190} INFO - [2025-02-04T14:32:14.559+0000] {override.py:1911} INFO - Created Permission View: can edit on DAG:example_bash_operator
[2025-02-04T14:32:14.589+0000] {logging_mixin.py:190} INFO - [2025-02-04T14:32:14.588+0000] {override.py:1911} INFO - Created Permission View: can create on DAG Run:example_bash_operator
[2025-02-04T14:32:15.024+0000] {logging_mixin.py:190} INFO - [2025-02-04T14:32:15.023+0000] {override.py:1911} INFO - Created Permission View: can delete on DAG Run:example_bash_operator
[2025-02-04T14:32:15.044+0000] {logging_mixin.py:190} INFO - [2025-02-04T14:32:15.044+0000] {override.py:1911} INFO - Created Permission View: can read on DAG Run:example_bash_operator
[2025-02-04T14:32:15.093+0000] {logging_mixin.py:190} INFO - [2025-02-04T14:32:15.090+0000] {override.py:1911} INFO - Created Permission View: menu access on DAG Run:example_bash_operator
[2025-02-04T14:32:15.108+0000] {logging_mixin.py:190} INFO - [2025-02-04T14:32:15.108+0000] {dag.py:3239} INFO - Sync 1 DAGs
[2025-02-04T14:32:15.176+0000] {logging_mixin.py:190} INFO - [2025-02-04T14:32:15.176+0000] {dag.py:3262} INFO - Creating ORM DAG for example_bash_operator
[2025-02-04T14:32:15.246+0000] {logging_mixin.py:190} INFO - [2025-02-04T14:32:15.246+0000] {dag.py:4180} INFO - Setting next_dagrun for example_bash_operator to 2025-02-03 00:00:00+00:00, run_after=2025-02-04 00:00:00+00:00
[2025-02-04T14:32:15.849+0000] {processor.py:208} INFO - Processing /home/airflow/.local/lib/python3.12/site-packages/airflow/example_dags/example_bash_operator.py took 1.111 seconds
[2025-02-04T14:33:11.232+0000] {processor.py:186} INFO - Started process (PID=152) to work on /home/airflow/.local/lib/python3.12/site-packages/airflow/example_dags/example_bash_operator.py
[2025-02-04T14:33:11.237+0000] {processor.py:914} INFO - Processing file /home/airflow/.local/lib/python3.12/site-packages/airflow/example_dags/example_bash_operator.py for tasks to queue
[2025-02-04T14:33:11.244+0000] {logging_mixin.py:190} INFO - [2025-02-04T14:33:11.243+0000] {dagbag.py:588} INFO - Filling up the DagBag from /home/airflow/.local/lib/python3.12/site-packages/airflow/example_dags/example_bash_operator.py
[2025-02-04T14:33:11.341+0000] {processor.py:925} INFO - DAG(s) 'example_bash_operator' retrieved from /home/airflow/.local/lib/python3.12/site-packages/airflow/example_dags/example_bash_operator.py
[2025-02-04T14:33:11.560+0000] {logging_mixin.py:190} INFO - [2025-02-04T14:33:11.559+0000] {dag.py:3239} INFO - Sync 1 DAGs
[2025-02-04T14:33:11.759+0000] {logging_mixin.py:190} INFO - [2025-02-04T14:33:11.759+0000] {dag.py:4180} INFO - Setting next_dagrun for example_bash_operator to 2025-02-03 00:00:00+00:00, run_after=2025-02-04 00:00:00+00:00
[2025-02-04T14:33:11.906+0000] {processor.py:208} INFO - Processing /home/airflow/.local/lib/python3.12/site-packages/airflow/example_dags/example_bash_operator.py took 0.737 seconds
[2025-02-04T14:33:42.180+0000] {processor.py:186} INFO - Started process (PID=216) to work on /home/airflow/.local/lib/python3.12/site-packages/airflow/example_dags/example_bash_operator.py
[2025-02-04T14:33:42.181+0000] {processor.py:914} INFO - Processing file /home/airflow/.local/lib/python3.12/site-packages/airflow/example_dags/example_bash_operator.py for tasks to queue
[2025-02-04T14:33:42.185+0000] {logging_mixin.py:190} INFO - [2025-02-04T14:33:42.184+0000] {dagbag.py:588} INFO - Filling up the DagBag from /home/airflow/.local/lib/python3.12/site-packages/airflow/example_dags/example_bash_operator.py
[2025-02-04T14:33:42.205+0000] {processor.py:925} INFO - DAG(s) 'example_bash_operator' retrieved from /home/airflow/.local/lib/python3.12/site-packages/airflow/example_dags/example_bash_operator.py
[2025-02-04T14:33:42.245+0000] {logging_mixin.py:190} INFO - [2025-02-04T14:33:42.245+0000] {dag.py:3239} INFO - Sync 1 DAGs
[2025-02-04T14:33:42.288+0000] {logging_mixin.py:190} INFO - [2025-02-04T14:33:42.287+0000] {dag.py:4180} INFO - Setting next_dagrun for example_bash_operator to 2025-02-03 00:00:00+00:00, run_after=2025-02-04 00:00:00+00:00
[2025-02-04T14:33:42.318+0000] {processor.py:208} INFO - Processing /home/airflow/.local/lib/python3.12/site-packages/airflow/example_dags/example_bash_operator.py took 0.150 seconds
[2025-02-04T14:34:12.748+0000] {processor.py:186} INFO - Started process (PID=279) to work on /home/airflow/.local/lib/python3.12/site-packages/airflow/example_dags/example_bash_operator.py
[2025-02-04T14:34:12.750+0000] {processor.py:914} INFO - Processing file /home/airflow/.local/lib/python3.12/site-packages/airflow/example_dags/example_bash_operator.py for tasks to queue
[2025-02-04T14:34:12.754+0000] {logging_mixin.py:190} INFO - [2025-02-04T14:34:12.753+0000] {dagbag.py:588} INFO - Filling up the DagBag from /home/airflow/.local/lib/python3.12/site-packages/airflow/example_dags/example_bash_operator.py
[2025-02-04T14:34:12.773+0000] {processor.py:925} INFO - DAG(s) 'example_bash_operator' retrieved from /home/airflow/.local/lib/python3.12/site-packages/airflow/example_dags/example_bash_operator.py
[2025-02-04T14:34:12.822+0000] {logging_mixin.py:190} INFO - [2025-02-04T14:34:12.822+0000] {dag.py:3239} INFO - Sync 1 DAGs
[2025-02-04T14:34:12.858+0000] {logging_mixin.py:190} INFO - [2025-02-04T14:34:12.858+0000] {dag.py:4180} INFO - Setting next_dagrun for example_bash_operator to 2025-02-03 00:00:00+00:00, run_after=2025-02-04 00:00:00+00:00
[2025-02-04T14:34:12.889+0000] {processor.py:208} INFO - Processing /home/airflow/.local/lib/python3.12/site-packages/airflow/example_dags/example_bash_operator.py took 0.150 seconds
[2025-02-04T14:34:43.044+0000] {processor.py:186} INFO - Started process (PID=342) to work on /home/airflow/.local/lib/python3.12/site-packages/airflow/example_dags/example_bash_operator.py
[2025-02-04T14:34:43.046+0000] {processor.py:914} INFO - Processing file /home/airflow/.local/lib/python3.12/site-packages/airflow/example_dags/example_bash_operator.py for tasks to queue
[2025-02-04T14:34:43.049+0000] {logging_mixin.py:190} INFO - [2025-02-04T14:34:43.049+0000] {dagbag.py:588} INFO - Filling up the DagBag from /home/airflow/.local/lib/python3.12/site-packages/airflow/example_dags/example_bash_operator.py
[2025-02-04T14:34:43.075+0000] {processor.py:925} INFO - DAG(s) 'example_bash_operator' retrieved from /home/airflow/.local/lib/python3.12/site-packages/airflow/example_dags/example_bash_operator.py
[2025-02-04T14:34:43.123+0000] {logging_mixin.py:190} INFO - [2025-02-04T14:34:43.122+0000] {dag.py:3239} INFO - Sync 1 DAGs
[2025-02-04T14:34:43.167+0000] {logging_mixin.py:190} INFO - [2025-02-04T14:34:43.167+0000] {dag.py:4180} INFO - Setting next_dagrun for example_bash_operator to 2025-02-03 00:00:00+00:00, run_after=2025-02-04 00:00:00+00:00
[2025-02-04T14:34:43.203+0000] {processor.py:208} INFO - Processing /home/airflow/.local/lib/python3.12/site-packages/airflow/example_dags/example_bash_operator.py took 0.167 seconds
[2025-02-04T14:35:13.587+0000] {processor.py:186} INFO - Started process (PID=406) to work on /home/airflow/.local/lib/python3.12/site-packages/airflow/example_dags/example_bash_operator.py
[2025-02-04T14:35:13.589+0000] {processor.py:914} INFO - Processing file /home/airflow/.local/lib/python3.12/site-packages/airflow/example_dags/example_bash_operator.py for tasks to queue
[2025-02-04T14:35:13.593+0000] {logging_mixin.py:190} INFO - [2025-02-04T14:35:13.592+0000] {dagbag.py:588} INFO - Filling up the DagBag from /home/airflow/.local/lib/python3.12/site-packages/airflow/example_dags/example_bash_operator.py
[2025-02-04T14:35:13.617+0000] {processor.py:925} INFO - DAG(s) 'example_bash_operator' retrieved from /home/airflow/.local/lib/python3.12/site-packages/airflow/example_dags/example_bash_operator.py
[2025-02-04T14:35:13.667+0000] {logging_mixin.py:190} INFO - [2025-02-04T14:35:13.666+0000] {dag.py:3239} INFO - Sync 1 DAGs
[2025-02-04T14:35:13.714+0000] {logging_mixin.py:190} INFO - [2025-02-04T14:35:13.713+0000] {dag.py:4180} INFO - Setting next_dagrun for example_bash_operator to 2025-02-03 00:00:00+00:00, run_after=2025-02-04 00:00:00+00:00
[2025-02-04T14:35:13.747+0000] {processor.py:208} INFO - Processing /home/airflow/.local/lib/python3.12/site-packages/airflow/example_dags/example_bash_operator.py took 0.171 seconds
[2025-02-04T14:35:45.145+0000] {processor.py:186} INFO - Started process (PID=470) to work on /home/airflow/.local/lib/python3.12/site-packages/airflow/example_dags/example_bash_operator.py
[2025-02-04T14:35:45.147+0000] {processor.py:914} INFO - Processing file /home/airflow/.local/lib/python3.12/site-packages/airflow/example_dags/example_bash_operator.py for tasks to queue
[2025-02-04T14:35:45.166+0000] {logging_mixin.py:190} INFO - [2025-02-04T14:35:45.166+0000] {dagbag.py:588} INFO - Filling up the DagBag from /home/airflow/.local/lib/python3.12/site-packages/airflow/example_dags/example_bash_operator.py
[2025-02-04T14:35:45.319+0000] {processor.py:925} INFO - DAG(s) 'example_bash_operator' retrieved from /home/airflow/.local/lib/python3.12/site-packages/airflow/example_dags/example_bash_operator.py
[2025-02-04T14:35:46.050+0000] {logging_mixin.py:190} INFO - [2025-02-04T14:35:46.050+0000] {dag.py:3239} INFO - Sync 1 DAGs
[2025-02-04T14:35:46.323+0000] {logging_mixin.py:190} INFO - [2025-02-04T14:35:46.310+0000] {dag.py:4180} INFO - Setting next_dagrun for example_bash_operator to 2025-02-03 00:00:00+00:00, run_after=2025-02-04 00:00:00+00:00
[2025-02-04T14:35:46.494+0000] {processor.py:208} INFO - Processing /home/airflow/.local/lib/python3.12/site-packages/airflow/example_dags/example_bash_operator.py took 1.386 seconds
[2025-02-04T14:36:21.243+0000] {processor.py:186} INFO - Started process (PID=539) to work on /home/airflow/.local/lib/python3.12/site-packages/airflow/example_dags/example_bash_operator.py
[2025-02-04T14:36:21.246+0000] {processor.py:914} INFO - Processing file /home/airflow/.local/lib/python3.12/site-packages/airflow/example_dags/example_bash_operator.py for tasks to queue
[2025-02-04T14:36:21.252+0000] {logging_mixin.py:190} INFO - [2025-02-04T14:36:21.252+0000] {dagbag.py:588} INFO - Filling up the DagBag from /home/airflow/.local/lib/python3.12/site-packages/airflow/example_dags/example_bash_operator.py
[2025-02-04T14:36:21.303+0000] {processor.py:925} INFO - DAG(s) 'example_bash_operator' retrieved from /home/airflow/.local/lib/python3.12/site-packages/airflow/example_dags/example_bash_operator.py
[2025-02-04T14:36:21.391+0000] {logging_mixin.py:190} INFO - [2025-02-04T14:36:21.390+0000] {dag.py:3239} INFO - Sync 1 DAGs
[2025-02-04T14:36:21.495+0000] {logging_mixin.py:190} INFO - [2025-02-04T14:36:21.485+0000] {dag.py:4180} INFO - Setting next_dagrun for example_bash_operator to 2025-02-03 00:00:00+00:00, run_after=2025-02-04 00:00:00+00:00
[2025-02-04T14:36:23.218+0000] {processor.py:208} INFO - Processing /home/airflow/.local/lib/python3.12/site-packages/airflow/example_dags/example_bash_operator.py took 1.096 seconds
[2025-02-04T14:36:54.775+0000] {processor.py:186} INFO - Started process (PID=603) to work on /home/airflow/.local/lib/python3.12/site-packages/airflow/example_dags/example_bash_operator.py
[2025-02-04T14:36:54.777+0000] {processor.py:914} INFO - Processing file /home/airflow/.local/lib/python3.12/site-packages/airflow/example_dags/example_bash_operator.py for tasks to queue
[2025-02-04T14:36:54.781+0000] {logging_mixin.py:190} INFO - [2025-02-04T14:36:54.781+0000] {dagbag.py:588} INFO - Filling up the DagBag from /home/airflow/.local/lib/python3.12/site-packages/airflow/example_dags/example_bash_operator.py
[2025-02-04T14:36:54.805+0000] {processor.py:925} INFO - DAG(s) 'example_bash_operator' retrieved from /home/airflow/.local/lib/python3.12/site-packages/airflow/example_dags/example_bash_operator.py
[2025-02-04T14:36:54.845+0000] {logging_mixin.py:190} INFO - [2025-02-04T14:36:54.845+0000] {dag.py:3239} INFO - Sync 1 DAGs
[2025-02-04T14:36:54.884+0000] {logging_mixin.py:190} INFO - [2025-02-04T14:36:54.883+0000] {dag.py:4180} INFO - Setting next_dagrun for example_bash_operator to 2025-02-03 00:00:00+00:00, run_after=2025-02-04 00:00:00+00:00
[2025-02-04T14:36:54.915+0000] {processor.py:208} INFO - Processing /home/airflow/.local/lib/python3.12/site-packages/airflow/example_dags/example_bash_operator.py took 0.153 seconds
[2025-02-04T14:37:25.246+0000] {processor.py:186} INFO - Started process (PID=666) to work on /home/airflow/.local/lib/python3.12/site-packages/airflow/example_dags/example_bash_operator.py
[2025-02-04T14:37:25.248+0000] {processor.py:914} INFO - Processing file /home/airflow/.local/lib/python3.12/site-packages/airflow/example_dags/example_bash_operator.py for tasks to queue
[2025-02-04T14:37:25.252+0000] {logging_mixin.py:190} INFO - [2025-02-04T14:37:25.251+0000] {dagbag.py:588} INFO - Filling up the DagBag from /home/airflow/.local/lib/python3.12/site-packages/airflow/example_dags/example_bash_operator.py
[2025-02-04T14:37:25.283+0000] {processor.py:925} INFO - DAG(s) 'example_bash_operator' retrieved from /home/airflow/.local/lib/python3.12/site-packages/airflow/example_dags/example_bash_operator.py
[2025-02-04T14:37:25.328+0000] {logging_mixin.py:190} INFO - [2025-02-04T14:37:25.327+0000] {dag.py:3239} INFO - Sync 1 DAGs
[2025-02-04T14:37:25.389+0000] {logging_mixin.py:190} INFO - [2025-02-04T14:37:25.389+0000] {dag.py:4180} INFO - Setting next_dagrun for example_bash_operator to 2025-02-03 00:00:00+00:00, run_after=2025-02-04 00:00:00+00:00
[2025-02-04T14:37:25.439+0000] {processor.py:208} INFO - Processing /home/airflow/.local/lib/python3.12/site-packages/airflow/example_dags/example_bash_operator.py took 0.203 seconds
[2025-02-04T14:37:57.339+0000] {processor.py:186} INFO - Started process (PID=728) to work on /home/airflow/.local/lib/python3.12/site-packages/airflow/example_dags/example_bash_operator.py
[2025-02-04T14:37:57.341+0000] {processor.py:914} INFO - Processing file /home/airflow/.local/lib/python3.12/site-packages/airflow/example_dags/example_bash_operator.py for tasks to queue
[2025-02-04T14:37:57.344+0000] {logging_mixin.py:190} INFO - [2025-02-04T14:37:57.344+0000] {dagbag.py:588} INFO - Filling up the DagBag from /home/airflow/.local/lib/python3.12/site-packages/airflow/example_dags/example_bash_operator.py
[2025-02-04T14:37:57.383+0000] {processor.py:925} INFO - DAG(s) 'example_bash_operator' retrieved from /home/airflow/.local/lib/python3.12/site-packages/airflow/example_dags/example_bash_operator.py
[2025-02-04T14:37:57.474+0000] {logging_mixin.py:190} INFO - [2025-02-04T14:37:57.474+0000] {dag.py:3239} INFO - Sync 1 DAGs
[2025-02-04T14:37:57.528+0000] {logging_mixin.py:190} INFO - [2025-02-04T14:37:57.527+0000] {dag.py:4180} INFO - Setting next_dagrun for example_bash_operator to 2025-02-03 00:00:00+00:00, run_after=2025-02-04 00:00:00+00:00
[2025-02-04T14:37:57.570+0000] {processor.py:208} INFO - Processing /home/airflow/.local/lib/python3.12/site-packages/airflow/example_dags/example_bash_operator.py took 0.241 seconds
[2025-02-04T14:38:27.980+0000] {processor.py:186} INFO - Started process (PID=787) to work on /home/airflow/.local/lib/python3.12/site-packages/airflow/example_dags/example_bash_operator.py
[2025-02-04T14:38:27.984+0000] {processor.py:914} INFO - Processing file /home/airflow/.local/lib/python3.12/site-packages/airflow/example_dags/example_bash_operator.py for tasks to queue
[2025-02-04T14:38:27.990+0000] {logging_mixin.py:190} INFO - [2025-02-04T14:38:27.989+0000] {dagbag.py:588} INFO - Filling up the DagBag from /home/airflow/.local/lib/python3.12/site-packages/airflow/example_dags/example_bash_operator.py
[2025-02-04T14:38:28.034+0000] {processor.py:925} INFO - DAG(s) 'example_bash_operator' retrieved from /home/airflow/.local/lib/python3.12/site-packages/airflow/example_dags/example_bash_operator.py
[2025-02-04T14:38:28.129+0000] {logging_mixin.py:190} INFO - [2025-02-04T14:38:28.129+0000] {dag.py:3239} INFO - Sync 1 DAGs
[2025-02-04T14:38:28.198+0000] {logging_mixin.py:190} INFO - [2025-02-04T14:38:28.198+0000] {dag.py:4180} INFO - Setting next_dagrun for example_bash_operator to 2025-02-03 00:00:00+00:00, run_after=2025-02-04 00:00:00+00:00
[2025-02-04T14:38:28.246+0000] {processor.py:208} INFO - Processing /home/airflow/.local/lib/python3.12/site-packages/airflow/example_dags/example_bash_operator.py took 0.280 seconds
[2025-02-04T14:39:00.241+0000] {processor.py:186} INFO - Started process (PID=847) to work on /home/airflow/.local/lib/python3.12/site-packages/airflow/example_dags/example_bash_operator.py
[2025-02-04T14:39:00.244+0000] {processor.py:914} INFO - Processing file /home/airflow/.local/lib/python3.12/site-packages/airflow/example_dags/example_bash_operator.py for tasks to queue
[2025-02-04T14:39:00.249+0000] {logging_mixin.py:190} INFO - [2025-02-04T14:39:00.248+0000] {dagbag.py:588} INFO - Filling up the DagBag from /home/airflow/.local/lib/python3.12/site-packages/airflow/example_dags/example_bash_operator.py
[2025-02-04T14:39:00.280+0000] {processor.py:925} INFO - DAG(s) 'example_bash_operator' retrieved from /home/airflow/.local/lib/python3.12/site-packages/airflow/example_dags/example_bash_operator.py
[2025-02-04T14:39:00.346+0000] {logging_mixin.py:190} INFO - [2025-02-04T14:39:00.345+0000] {dag.py:3239} INFO - Sync 1 DAGs
[2025-02-04T14:39:00.401+0000] {logging_mixin.py:190} INFO - [2025-02-04T14:39:00.400+0000] {dag.py:4180} INFO - Setting next_dagrun for example_bash_operator to 2025-02-03 00:00:00+00:00, run_after=2025-02-04 00:00:00+00:00
[2025-02-04T14:39:00.446+0000] {processor.py:208} INFO - Processing /home/airflow/.local/lib/python3.12/site-packages/airflow/example_dags/example_bash_operator.py took 0.220 seconds
[2025-02-04T14:39:30.510+0000] {processor.py:186} INFO - Started process (PID=912) to work on /home/airflow/.local/lib/python3.12/site-packages/airflow/example_dags/example_bash_operator.py
[2025-02-04T14:39:30.512+0000] {processor.py:914} INFO - Processing file /home/airflow/.local/lib/python3.12/site-packages/airflow/example_dags/example_bash_operator.py for tasks to queue
[2025-02-04T14:39:30.516+0000] {logging_mixin.py:190} INFO - [2025-02-04T14:39:30.515+0000] {dagbag.py:588} INFO - Filling up the DagBag from /home/airflow/.local/lib/python3.12/site-packages/airflow/example_dags/example_bash_operator.py
[2025-02-04T14:39:30.561+0000] {processor.py:925} INFO - DAG(s) 'example_bash_operator' retrieved from /home/airflow/.local/lib/python3.12/site-packages/airflow/example_dags/example_bash_operator.py
[2025-02-04T14:39:30.611+0000] {logging_mixin.py:190} INFO - [2025-02-04T14:39:30.610+0000] {dag.py:3239} INFO - Sync 1 DAGs
[2025-02-04T14:39:30.656+0000] {logging_mixin.py:190} INFO - [2025-02-04T14:39:30.656+0000] {dag.py:4180} INFO - Setting next_dagrun for example_bash_operator to 2025-02-03 00:00:00+00:00, run_after=2025-02-04 00:00:00+00:00
[2025-02-04T14:39:30.691+0000] {processor.py:208} INFO - Processing /home/airflow/.local/lib/python3.12/site-packages/airflow/example_dags/example_bash_operator.py took 0.190 seconds
[2025-02-04T14:40:02.413+0000] {processor.py:186} INFO - Started process (PID=972) to work on /home/airflow/.local/lib/python3.12/site-packages/airflow/example_dags/example_bash_operator.py
[2025-02-04T14:40:02.415+0000] {processor.py:914} INFO - Processing file /home/airflow/.local/lib/python3.12/site-packages/airflow/example_dags/example_bash_operator.py for tasks to queue
[2025-02-04T14:40:02.419+0000] {logging_mixin.py:190} INFO - [2025-02-04T14:40:02.419+0000] {dagbag.py:588} INFO - Filling up the DagBag from /home/airflow/.local/lib/python3.12/site-packages/airflow/example_dags/example_bash_operator.py
[2025-02-04T14:40:02.449+0000] {processor.py:925} INFO - DAG(s) 'example_bash_operator' retrieved from /home/airflow/.local/lib/python3.12/site-packages/airflow/example_dags/example_bash_operator.py
[2025-02-04T14:40:02.557+0000] {logging_mixin.py:190} INFO - [2025-02-04T14:40:02.557+0000] {dag.py:3239} INFO - Sync 1 DAGs
[2025-02-04T14:40:02.611+0000] {logging_mixin.py:190} INFO - [2025-02-04T14:40:02.611+0000] {dag.py:4180} INFO - Setting next_dagrun for example_bash_operator to 2025-02-03 00:00:00+00:00, run_after=2025-02-04 00:00:00+00:00
[2025-02-04T14:40:02.639+0000] {processor.py:208} INFO - Processing /home/airflow/.local/lib/python3.12/site-packages/airflow/example_dags/example_bash_operator.py took 0.245 seconds
[2025-02-04T14:40:34.254+0000] {processor.py:186} INFO - Started process (PID=1031) to work on /home/airflow/.local/lib/python3.12/site-packages/airflow/example_dags/example_bash_operator.py
[2025-02-04T14:40:34.256+0000] {processor.py:914} INFO - Processing file /home/airflow/.local/lib/python3.12/site-packages/airflow/example_dags/example_bash_operator.py for tasks to queue
[2025-02-04T14:40:34.261+0000] {logging_mixin.py:190} INFO - [2025-02-04T14:40:34.260+0000] {dagbag.py:588} INFO - Filling up the DagBag from /home/airflow/.local/lib/python3.12/site-packages/airflow/example_dags/example_bash_operator.py
[2025-02-04T14:40:34.288+0000] {processor.py:925} INFO - DAG(s) 'example_bash_operator' retrieved from /home/airflow/.local/lib/python3.12/site-packages/airflow/example_dags/example_bash_operator.py
[2025-02-04T14:40:34.375+0000] {logging_mixin.py:190} INFO - [2025-02-04T14:40:34.375+0000] {dag.py:3239} INFO - Sync 1 DAGs
[2025-02-04T14:40:34.493+0000] {logging_mixin.py:190} INFO - [2025-02-04T14:40:34.493+0000] {dag.py:4180} INFO - Setting next_dagrun for example_bash_operator to 2025-02-03 00:00:00+00:00, run_after=2025-02-04 00:00:00+00:00
[2025-02-04T14:40:34.529+0000] {processor.py:208} INFO - Processing /home/airflow/.local/lib/python3.12/site-packages/airflow/example_dags/example_bash_operator.py took 0.288 seconds
[2025-02-04T14:41:04.639+0000] {processor.py:186} INFO - Started process (PID=1092) to work on /home/airflow/.local/lib/python3.12/site-packages/airflow/example_dags/example_bash_operator.py
[2025-02-04T14:41:04.642+0000] {processor.py:914} INFO - Processing file /home/airflow/.local/lib/python3.12/site-packages/airflow/example_dags/example_bash_operator.py for tasks to queue
[2025-02-04T14:41:04.646+0000] {logging_mixin.py:190} INFO - [2025-02-04T14:41:04.646+0000] {dagbag.py:588} INFO - Filling up the DagBag from /home/airflow/.local/lib/python3.12/site-packages/airflow/example_dags/example_bash_operator.py
[2025-02-04T14:41:04.680+0000] {processor.py:925} INFO - DAG(s) 'example_bash_operator' retrieved from /home/airflow/.local/lib/python3.12/site-packages/airflow/example_dags/example_bash_operator.py
[2025-02-04T14:41:04.742+0000] {logging_mixin.py:190} INFO - [2025-02-04T14:41:04.742+0000] {dag.py:3239} INFO - Sync 1 DAGs
[2025-02-04T14:41:04.798+0000] {logging_mixin.py:190} INFO - [2025-02-04T14:41:04.797+0000] {dag.py:4180} INFO - Setting next_dagrun for example_bash_operator to 2025-02-03 00:00:00+00:00, run_after=2025-02-04 00:00:00+00:00
[2025-02-04T14:41:04.838+0000] {processor.py:208} INFO - Processing /home/airflow/.local/lib/python3.12/site-packages/airflow/example_dags/example_bash_operator.py took 0.214 seconds
[2025-02-04T14:41:36.402+0000] {processor.py:186} INFO - Started process (PID=1155) to work on /home/airflow/.local/lib/python3.12/site-packages/airflow/example_dags/example_bash_operator.py
[2025-02-04T14:41:36.415+0000] {processor.py:914} INFO - Processing file /home/airflow/.local/lib/python3.12/site-packages/airflow/example_dags/example_bash_operator.py for tasks to queue
[2025-02-04T14:41:36.421+0000] {logging_mixin.py:190} INFO - [2025-02-04T14:41:36.421+0000] {dagbag.py:588} INFO - Filling up the DagBag from /home/airflow/.local/lib/python3.12/site-packages/airflow/example_dags/example_bash_operator.py
[2025-02-04T14:41:36.510+0000] {processor.py:925} INFO - DAG(s) 'example_bash_operator' retrieved from /home/airflow/.local/lib/python3.12/site-packages/airflow/example_dags/example_bash_operator.py
[2025-02-04T14:41:36.647+0000] {logging_mixin.py:190} INFO - [2025-02-04T14:41:36.647+0000] {dag.py:3239} INFO - Sync 1 DAGs
[2025-02-04T14:41:36.756+0000] {logging_mixin.py:190} INFO - [2025-02-04T14:41:36.755+0000] {dag.py:4180} INFO - Setting next_dagrun for example_bash_operator to 2025-02-03 00:00:00+00:00, run_after=2025-02-04 00:00:00+00:00
[2025-02-04T14:41:36.891+0000] {processor.py:208} INFO - Processing /home/airflow/.local/lib/python3.12/site-packages/airflow/example_dags/example_bash_operator.py took 0.511 seconds
[2025-02-04T14:42:07.148+0000] {processor.py:186} INFO - Started process (PID=1219) to work on /home/airflow/.local/lib/python3.12/site-packages/airflow/example_dags/example_bash_operator.py
[2025-02-04T14:42:07.150+0000] {processor.py:914} INFO - Processing file /home/airflow/.local/lib/python3.12/site-packages/airflow/example_dags/example_bash_operator.py for tasks to queue
[2025-02-04T14:42:07.154+0000] {logging_mixin.py:190} INFO - [2025-02-04T14:42:07.153+0000] {dagbag.py:588} INFO - Filling up the DagBag from /home/airflow/.local/lib/python3.12/site-packages/airflow/example_dags/example_bash_operator.py
[2025-02-04T14:42:07.180+0000] {processor.py:925} INFO - DAG(s) 'example_bash_operator' retrieved from /home/airflow/.local/lib/python3.12/site-packages/airflow/example_dags/example_bash_operator.py
[2025-02-04T14:42:07.227+0000] {logging_mixin.py:190} INFO - [2025-02-04T14:42:07.227+0000] {dag.py:3239} INFO - Sync 1 DAGs
[2025-02-04T14:42:07.263+0000] {logging_mixin.py:190} INFO - [2025-02-04T14:42:07.263+0000] {dag.py:4180} INFO - Setting next_dagrun for example_bash_operator to 2025-02-03 00:00:00+00:00, run_after=2025-02-04 00:00:00+00:00
[2025-02-04T14:42:07.289+0000] {processor.py:208} INFO - Processing /home/airflow/.local/lib/python3.12/site-packages/airflow/example_dags/example_bash_operator.py took 0.149 seconds
[2025-02-04T14:42:37.980+0000] {processor.py:186} INFO - Started process (PID=1281) to work on /home/airflow/.local/lib/python3.12/site-packages/airflow/example_dags/example_bash_operator.py
[2025-02-04T14:42:37.982+0000] {processor.py:914} INFO - Processing file /home/airflow/.local/lib/python3.12/site-packages/airflow/example_dags/example_bash_operator.py for tasks to queue
[2025-02-04T14:42:37.988+0000] {logging_mixin.py:190} INFO - [2025-02-04T14:42:37.986+0000] {dagbag.py:588} INFO - Filling up the DagBag from /home/airflow/.local/lib/python3.12/site-packages/airflow/example_dags/example_bash_operator.py
[2025-02-04T14:42:38.021+0000] {processor.py:925} INFO - DAG(s) 'example_bash_operator' retrieved from /home/airflow/.local/lib/python3.12/site-packages/airflow/example_dags/example_bash_operator.py
[2025-02-04T14:42:38.083+0000] {logging_mixin.py:190} INFO - [2025-02-04T14:42:38.082+0000] {dag.py:3239} INFO - Sync 1 DAGs
[2025-02-04T14:42:38.139+0000] {logging_mixin.py:190} INFO - [2025-02-04T14:42:38.139+0000] {dag.py:4180} INFO - Setting next_dagrun for example_bash_operator to 2025-02-03 00:00:00+00:00, run_after=2025-02-04 00:00:00+00:00
[2025-02-04T14:42:38.180+0000] {processor.py:208} INFO - Processing /home/airflow/.local/lib/python3.12/site-packages/airflow/example_dags/example_bash_operator.py took 0.214 seconds
[2025-02-04T14:43:08.629+0000] {processor.py:186} INFO - Started process (PID=1345) to work on /home/airflow/.local/lib/python3.12/site-packages/airflow/example_dags/example_bash_operator.py
[2025-02-04T14:43:08.630+0000] {processor.py:914} INFO - Processing file /home/airflow/.local/lib/python3.12/site-packages/airflow/example_dags/example_bash_operator.py for tasks to queue
[2025-02-04T14:43:08.634+0000] {logging_mixin.py:190} INFO - [2025-02-04T14:43:08.633+0000] {dagbag.py:588} INFO - Filling up the DagBag from /home/airflow/.local/lib/python3.12/site-packages/airflow/example_dags/example_bash_operator.py
[2025-02-04T14:43:08.660+0000] {processor.py:925} INFO - DAG(s) 'example_bash_operator' retrieved from /home/airflow/.local/lib/python3.12/site-packages/airflow/example_dags/example_bash_operator.py
[2025-02-04T14:43:08.706+0000] {logging_mixin.py:190} INFO - [2025-02-04T14:43:08.706+0000] {dag.py:3239} INFO - Sync 1 DAGs
[2025-02-04T14:43:08.746+0000] {logging_mixin.py:190} INFO - [2025-02-04T14:43:08.745+0000] {dag.py:4180} INFO - Setting next_dagrun for example_bash_operator to 2025-02-03 00:00:00+00:00, run_after=2025-02-04 00:00:00+00:00
[2025-02-04T14:43:08.778+0000] {processor.py:208} INFO - Processing /home/airflow/.local/lib/python3.12/site-packages/airflow/example_dags/example_bash_operator.py took 0.159 seconds
[2025-02-04T14:43:39.194+0000] {processor.py:186} INFO - Started process (PID=1409) to work on /home/airflow/.local/lib/python3.12/site-packages/airflow/example_dags/example_bash_operator.py
[2025-02-04T14:43:39.196+0000] {processor.py:914} INFO - Processing file /home/airflow/.local/lib/python3.12/site-packages/airflow/example_dags/example_bash_operator.py for tasks to queue
[2025-02-04T14:43:39.201+0000] {logging_mixin.py:190} INFO - [2025-02-04T14:43:39.200+0000] {dagbag.py:588} INFO - Filling up the DagBag from /home/airflow/.local/lib/python3.12/site-packages/airflow/example_dags/example_bash_operator.py
[2025-02-04T14:43:39.234+0000] {processor.py:925} INFO - DAG(s) 'example_bash_operator' retrieved from /home/airflow/.local/lib/python3.12/site-packages/airflow/example_dags/example_bash_operator.py
[2025-02-04T14:43:39.288+0000] {logging_mixin.py:190} INFO - [2025-02-04T14:43:39.287+0000] {dag.py:3239} INFO - Sync 1 DAGs
[2025-02-04T14:43:39.329+0000] {logging_mixin.py:190} INFO - [2025-02-04T14:43:39.328+0000] {dag.py:4180} INFO - Setting next_dagrun for example_bash_operator to 2025-02-03 00:00:00+00:00, run_after=2025-02-04 00:00:00+00:00
[2025-02-04T14:43:39.362+0000] {processor.py:208} INFO - Processing /home/airflow/.local/lib/python3.12/site-packages/airflow/example_dags/example_bash_operator.py took 0.183 seconds
[2025-02-04T14:44:09.736+0000] {processor.py:186} INFO - Started process (PID=1473) to work on /home/airflow/.local/lib/python3.12/site-packages/airflow/example_dags/example_bash_operator.py
[2025-02-04T14:44:09.737+0000] {processor.py:914} INFO - Processing file /home/airflow/.local/lib/python3.12/site-packages/airflow/example_dags/example_bash_operator.py for tasks to queue
[2025-02-04T14:44:09.743+0000] {logging_mixin.py:190} INFO - [2025-02-04T14:44:09.742+0000] {dagbag.py:588} INFO - Filling up the DagBag from /home/airflow/.local/lib/python3.12/site-packages/airflow/example_dags/example_bash_operator.py
[2025-02-04T14:44:09.763+0000] {processor.py:925} INFO - DAG(s) 'example_bash_operator' retrieved from /home/airflow/.local/lib/python3.12/site-packages/airflow/example_dags/example_bash_operator.py
[2025-02-04T14:44:09.814+0000] {logging_mixin.py:190} INFO - [2025-02-04T14:44:09.814+0000] {dag.py:3239} INFO - Sync 1 DAGs
[2025-02-04T14:44:09.869+0000] {logging_mixin.py:190} INFO - [2025-02-04T14:44:09.868+0000] {dag.py:4180} INFO - Setting next_dagrun for example_bash_operator to 2025-02-03 00:00:00+00:00, run_after=2025-02-04 00:00:00+00:00
[2025-02-04T14:44:09.913+0000] {processor.py:208} INFO - Processing /home/airflow/.local/lib/python3.12/site-packages/airflow/example_dags/example_bash_operator.py took 0.189 seconds
[2025-02-04T14:44:39.992+0000] {processor.py:186} INFO - Started process (PID=1536) to work on /home/airflow/.local/lib/python3.12/site-packages/airflow/example_dags/example_bash_operator.py
[2025-02-04T14:44:39.994+0000] {processor.py:914} INFO - Processing file /home/airflow/.local/lib/python3.12/site-packages/airflow/example_dags/example_bash_operator.py for tasks to queue
[2025-02-04T14:44:39.999+0000] {logging_mixin.py:190} INFO - [2025-02-04T14:44:39.998+0000] {dagbag.py:588} INFO - Filling up the DagBag from /home/airflow/.local/lib/python3.12/site-packages/airflow/example_dags/example_bash_operator.py
[2025-02-04T14:44:40.031+0000] {processor.py:925} INFO - DAG(s) 'example_bash_operator' retrieved from /home/airflow/.local/lib/python3.12/site-packages/airflow/example_dags/example_bash_operator.py
[2025-02-04T14:44:40.114+0000] {logging_mixin.py:190} INFO - [2025-02-04T14:44:40.114+0000] {dag.py:3239} INFO - Sync 1 DAGs
[2025-02-04T14:44:40.206+0000] {logging_mixin.py:190} INFO - [2025-02-04T14:44:40.206+0000] {dag.py:4180} INFO - Setting next_dagrun for example_bash_operator to 2025-02-03 00:00:00+00:00, run_after=2025-02-04 00:00:00+00:00
[2025-02-04T14:44:40.249+0000] {processor.py:208} INFO - Processing /home/airflow/.local/lib/python3.12/site-packages/airflow/example_dags/example_bash_operator.py took 0.266 seconds
[2025-02-04T14:45:10.426+0000] {processor.py:186} INFO - Started process (PID=1600) to work on /home/airflow/.local/lib/python3.12/site-packages/airflow/example_dags/example_bash_operator.py
[2025-02-04T14:45:10.428+0000] {processor.py:914} INFO - Processing file /home/airflow/.local/lib/python3.12/site-packages/airflow/example_dags/example_bash_operator.py for tasks to queue
[2025-02-04T14:45:10.433+0000] {logging_mixin.py:190} INFO - [2025-02-04T14:45:10.432+0000] {dagbag.py:588} INFO - Filling up the DagBag from /home/airflow/.local/lib/python3.12/site-packages/airflow/example_dags/example_bash_operator.py
[2025-02-04T14:45:10.454+0000] {processor.py:925} INFO - DAG(s) 'example_bash_operator' retrieved from /home/airflow/.local/lib/python3.12/site-packages/airflow/example_dags/example_bash_operator.py
[2025-02-04T14:45:10.506+0000] {logging_mixin.py:190} INFO - [2025-02-04T14:45:10.506+0000] {dag.py:3239} INFO - Sync 1 DAGs
[2025-02-04T14:45:10.552+0000] {logging_mixin.py:190} INFO - [2025-02-04T14:45:10.551+0000] {dag.py:4180} INFO - Setting next_dagrun for example_bash_operator to 2025-02-03 00:00:00+00:00, run_after=2025-02-04 00:00:00+00:00
[2025-02-04T14:45:10.585+0000] {processor.py:208} INFO - Processing /home/airflow/.local/lib/python3.12/site-packages/airflow/example_dags/example_bash_operator.py took 0.168 seconds
[2025-02-04T14:45:42.461+0000] {processor.py:186} INFO - Started process (PID=1662) to work on /home/airflow/.local/lib/python3.12/site-packages/airflow/example_dags/example_bash_operator.py
[2025-02-04T14:45:42.464+0000] {processor.py:914} INFO - Processing file /home/airflow/.local/lib/python3.12/site-packages/airflow/example_dags/example_bash_operator.py for tasks to queue
[2025-02-04T14:45:42.469+0000] {logging_mixin.py:190} INFO - [2025-02-04T14:45:42.469+0000] {dagbag.py:588} INFO - Filling up the DagBag from /home/airflow/.local/lib/python3.12/site-packages/airflow/example_dags/example_bash_operator.py
[2025-02-04T14:45:42.526+0000] {processor.py:925} INFO - DAG(s) 'example_bash_operator' retrieved from /home/airflow/.local/lib/python3.12/site-packages/airflow/example_dags/example_bash_operator.py
[2025-02-04T14:45:42.650+0000] {logging_mixin.py:190} INFO - [2025-02-04T14:45:42.649+0000] {dag.py:3239} INFO - Sync 1 DAGs
[2025-02-04T14:45:42.748+0000] {logging_mixin.py:190} INFO - [2025-02-04T14:45:42.747+0000] {dag.py:4180} INFO - Setting next_dagrun for example_bash_operator to 2025-02-03 00:00:00+00:00, run_after=2025-02-04 00:00:00+00:00
[2025-02-04T14:45:42.830+0000] {processor.py:208} INFO - Processing /home/airflow/.local/lib/python3.12/site-packages/airflow/example_dags/example_bash_operator.py took 0.395 seconds
[2025-02-04T14:46:13.279+0000] {processor.py:186} INFO - Started process (PID=1724) to work on /home/airflow/.local/lib/python3.12/site-packages/airflow/example_dags/example_bash_operator.py
[2025-02-04T14:46:13.282+0000] {processor.py:914} INFO - Processing file /home/airflow/.local/lib/python3.12/site-packages/airflow/example_dags/example_bash_operator.py for tasks to queue
[2025-02-04T14:46:13.287+0000] {logging_mixin.py:190} INFO - [2025-02-04T14:46:13.286+0000] {dagbag.py:588} INFO - Filling up the DagBag from /home/airflow/.local/lib/python3.12/site-packages/airflow/example_dags/example_bash_operator.py
[2025-02-04T14:46:13.329+0000] {processor.py:925} INFO - DAG(s) 'example_bash_operator' retrieved from /home/airflow/.local/lib/python3.12/site-packages/airflow/example_dags/example_bash_operator.py
[2025-02-04T14:46:13.400+0000] {logging_mixin.py:190} INFO - [2025-02-04T14:46:13.399+0000] {dag.py:3239} INFO - Sync 1 DAGs
[2025-02-04T14:46:13.449+0000] {logging_mixin.py:190} INFO - [2025-02-04T14:46:13.449+0000] {dag.py:4180} INFO - Setting next_dagrun for example_bash_operator to 2025-02-03 00:00:00+00:00, run_after=2025-02-04 00:00:00+00:00
[2025-02-04T14:46:13.486+0000] {processor.py:208} INFO - Processing /home/airflow/.local/lib/python3.12/site-packages/airflow/example_dags/example_bash_operator.py took 0.223 seconds
[2025-02-04T14:49:07.807+0000] {processor.py:186} INFO - Started process (PID=77) to work on /home/airflow/.local/lib/python3.12/site-packages/airflow/example_dags/example_bash_operator.py
[2025-02-04T14:49:07.825+0000] {processor.py:914} INFO - Processing file /home/airflow/.local/lib/python3.12/site-packages/airflow/example_dags/example_bash_operator.py for tasks to queue
[2025-02-04T14:49:07.831+0000] {logging_mixin.py:190} INFO - [2025-02-04T14:49:07.831+0000] {dagbag.py:588} INFO - Filling up the DagBag from /home/airflow/.local/lib/python3.12/site-packages/airflow/example_dags/example_bash_operator.py
[2025-02-04T14:49:07.892+0000] {processor.py:925} INFO - DAG(s) 'example_bash_operator' retrieved from /home/airflow/.local/lib/python3.12/site-packages/airflow/example_dags/example_bash_operator.py
[2025-02-04T14:49:08.003+0000] {logging_mixin.py:190} INFO - [2025-02-04T14:49:08.002+0000] {dag.py:3239} INFO - Sync 1 DAGs
[2025-02-04T14:49:08.070+0000] {logging_mixin.py:190} INFO - [2025-02-04T14:49:08.070+0000] {dag.py:4180} INFO - Setting next_dagrun for example_bash_operator to 2025-02-03 00:00:00+00:00, run_after=2025-02-04 00:00:00+00:00
[2025-02-04T14:49:08.113+0000] {processor.py:208} INFO - Processing /home/airflow/.local/lib/python3.12/site-packages/airflow/example_dags/example_bash_operator.py took 0.319 seconds
[2025-02-04T14:49:48.084+0000] {processor.py:186} INFO - Started process (PID=141) to work on /home/airflow/.local/lib/python3.12/site-packages/airflow/example_dags/example_bash_operator.py
[2025-02-04T14:49:48.086+0000] {processor.py:914} INFO - Processing file /home/airflow/.local/lib/python3.12/site-packages/airflow/example_dags/example_bash_operator.py for tasks to queue
[2025-02-04T14:49:48.091+0000] {logging_mixin.py:190} INFO - [2025-02-04T14:49:48.091+0000] {dagbag.py:588} INFO - Filling up the DagBag from /home/airflow/.local/lib/python3.12/site-packages/airflow/example_dags/example_bash_operator.py
[2025-02-04T14:49:48.137+0000] {processor.py:925} INFO - DAG(s) 'example_bash_operator' retrieved from /home/airflow/.local/lib/python3.12/site-packages/airflow/example_dags/example_bash_operator.py
[2025-02-04T14:49:48.207+0000] {logging_mixin.py:190} INFO - [2025-02-04T14:49:48.206+0000] {dag.py:3239} INFO - Sync 1 DAGs
[2025-02-04T14:49:48.284+0000] {logging_mixin.py:190} INFO - [2025-02-04T14:49:48.283+0000] {dag.py:4180} INFO - Setting next_dagrun for example_bash_operator to 2025-02-03 00:00:00+00:00, run_after=2025-02-04 00:00:00+00:00
[2025-02-04T14:49:48.322+0000] {processor.py:208} INFO - Processing /home/airflow/.local/lib/python3.12/site-packages/airflow/example_dags/example_bash_operator.py took 0.256 seconds
[2025-02-04T14:50:23.035+0000] {processor.py:186} INFO - Started process (PID=206) to work on /home/airflow/.local/lib/python3.12/site-packages/airflow/example_dags/example_bash_operator.py
[2025-02-04T14:50:23.037+0000] {processor.py:914} INFO - Processing file /home/airflow/.local/lib/python3.12/site-packages/airflow/example_dags/example_bash_operator.py for tasks to queue
[2025-02-04T14:50:23.041+0000] {logging_mixin.py:190} INFO - [2025-02-04T14:50:23.040+0000] {dagbag.py:588} INFO - Filling up the DagBag from /home/airflow/.local/lib/python3.12/site-packages/airflow/example_dags/example_bash_operator.py
[2025-02-04T14:50:23.082+0000] {processor.py:925} INFO - DAG(s) 'example_bash_operator' retrieved from /home/airflow/.local/lib/python3.12/site-packages/airflow/example_dags/example_bash_operator.py
[2025-02-04T14:50:23.144+0000] {logging_mixin.py:190} INFO - [2025-02-04T14:50:23.144+0000] {dag.py:3239} INFO - Sync 1 DAGs
[2025-02-04T14:50:23.200+0000] {logging_mixin.py:190} INFO - [2025-02-04T14:50:23.200+0000] {dag.py:4180} INFO - Setting next_dagrun for example_bash_operator to 2025-02-03 00:00:00+00:00, run_after=2025-02-04 00:00:00+00:00
[2025-02-04T14:50:23.235+0000] {processor.py:208} INFO - Processing /home/airflow/.local/lib/python3.12/site-packages/airflow/example_dags/example_bash_operator.py took 0.214 seconds
[2025-02-04T14:50:57.020+0000] {processor.py:186} INFO - Started process (PID=270) to work on /home/airflow/.local/lib/python3.12/site-packages/airflow/example_dags/example_bash_operator.py
[2025-02-04T14:50:57.023+0000] {processor.py:914} INFO - Processing file /home/airflow/.local/lib/python3.12/site-packages/airflow/example_dags/example_bash_operator.py for tasks to queue
[2025-02-04T14:50:57.028+0000] {logging_mixin.py:190} INFO - [2025-02-04T14:50:57.028+0000] {dagbag.py:588} INFO - Filling up the DagBag from /home/airflow/.local/lib/python3.12/site-packages/airflow/example_dags/example_bash_operator.py
[2025-02-04T14:50:57.059+0000] {processor.py:925} INFO - DAG(s) 'example_bash_operator' retrieved from /home/airflow/.local/lib/python3.12/site-packages/airflow/example_dags/example_bash_operator.py
[2025-02-04T14:50:57.126+0000] {logging_mixin.py:190} INFO - [2025-02-04T14:50:57.125+0000] {dag.py:3239} INFO - Sync 1 DAGs
[2025-02-04T14:50:57.179+0000] {logging_mixin.py:190} INFO - [2025-02-04T14:50:57.179+0000] {dag.py:4180} INFO - Setting next_dagrun for example_bash_operator to 2025-02-03 00:00:00+00:00, run_after=2025-02-04 00:00:00+00:00
[2025-02-04T14:50:57.239+0000] {processor.py:208} INFO - Processing /home/airflow/.local/lib/python3.12/site-packages/airflow/example_dags/example_bash_operator.py took 0.233 seconds
[2025-02-04T14:51:28.663+0000] {processor.py:186} INFO - Started process (PID=334) to work on /home/airflow/.local/lib/python3.12/site-packages/airflow/example_dags/example_bash_operator.py
[2025-02-04T14:51:28.665+0000] {processor.py:914} INFO - Processing file /home/airflow/.local/lib/python3.12/site-packages/airflow/example_dags/example_bash_operator.py for tasks to queue
[2025-02-04T14:51:28.670+0000] {logging_mixin.py:190} INFO - [2025-02-04T14:51:28.669+0000] {dagbag.py:588} INFO - Filling up the DagBag from /home/airflow/.local/lib/python3.12/site-packages/airflow/example_dags/example_bash_operator.py
[2025-02-04T14:51:28.701+0000] {processor.py:925} INFO - DAG(s) 'example_bash_operator' retrieved from /home/airflow/.local/lib/python3.12/site-packages/airflow/example_dags/example_bash_operator.py
[2025-02-04T14:51:28.767+0000] {logging_mixin.py:190} INFO - [2025-02-04T14:51:28.766+0000] {dag.py:3239} INFO - Sync 1 DAGs
[2025-02-04T14:51:28.824+0000] {logging_mixin.py:190} INFO - [2025-02-04T14:51:28.824+0000] {dag.py:4180} INFO - Setting next_dagrun for example_bash_operator to 2025-02-03 00:00:00+00:00, run_after=2025-02-04 00:00:00+00:00
[2025-02-04T14:51:28.862+0000] {processor.py:208} INFO - Processing /home/airflow/.local/lib/python3.12/site-packages/airflow/example_dags/example_bash_operator.py took 0.214 seconds
[2025-02-04T14:52:13.991+0000] {processor.py:186} INFO - Started process (PID=403) to work on /home/airflow/.local/lib/python3.12/site-packages/airflow/example_dags/example_bash_operator.py
[2025-02-04T14:52:13.994+0000] {processor.py:914} INFO - Processing file /home/airflow/.local/lib/python3.12/site-packages/airflow/example_dags/example_bash_operator.py for tasks to queue
[2025-02-04T14:52:14.021+0000] {logging_mixin.py:190} INFO - [2025-02-04T14:52:14.020+0000] {dagbag.py:588} INFO - Filling up the DagBag from /home/airflow/.local/lib/python3.12/site-packages/airflow/example_dags/example_bash_operator.py
[2025-02-04T14:52:14.107+0000] {processor.py:925} INFO - DAG(s) 'example_bash_operator' retrieved from /home/airflow/.local/lib/python3.12/site-packages/airflow/example_dags/example_bash_operator.py
[2025-02-04T14:52:14.276+0000] {logging_mixin.py:190} INFO - [2025-02-04T14:52:14.275+0000] {dag.py:3239} INFO - Sync 1 DAGs
[2025-02-04T14:52:14.555+0000] {logging_mixin.py:190} INFO - [2025-02-04T14:52:14.554+0000] {dag.py:4180} INFO - Setting next_dagrun for example_bash_operator to 2025-02-03 00:00:00+00:00, run_after=2025-02-04 00:00:00+00:00
[2025-02-04T14:52:14.693+0000] {processor.py:208} INFO - Processing /home/airflow/.local/lib/python3.12/site-packages/airflow/example_dags/example_bash_operator.py took 0.736 seconds
[2025-02-04T14:52:48.326+0000] {processor.py:186} INFO - Started process (PID=468) to work on /home/airflow/.local/lib/python3.12/site-packages/airflow/example_dags/example_bash_operator.py
[2025-02-04T14:52:48.329+0000] {processor.py:914} INFO - Processing file /home/airflow/.local/lib/python3.12/site-packages/airflow/example_dags/example_bash_operator.py for tasks to queue
[2025-02-04T14:52:48.333+0000] {logging_mixin.py:190} INFO - [2025-02-04T14:52:48.332+0000] {dagbag.py:588} INFO - Filling up the DagBag from /home/airflow/.local/lib/python3.12/site-packages/airflow/example_dags/example_bash_operator.py
[2025-02-04T14:52:48.358+0000] {processor.py:925} INFO - DAG(s) 'example_bash_operator' retrieved from /home/airflow/.local/lib/python3.12/site-packages/airflow/example_dags/example_bash_operator.py
[2025-02-04T14:52:48.434+0000] {logging_mixin.py:190} INFO - [2025-02-04T14:52:48.434+0000] {dag.py:3239} INFO - Sync 1 DAGs
[2025-02-04T14:52:48.484+0000] {logging_mixin.py:190} INFO - [2025-02-04T14:52:48.483+0000] {dag.py:4180} INFO - Setting next_dagrun for example_bash_operator to 2025-02-03 00:00:00+00:00, run_after=2025-02-04 00:00:00+00:00
[2025-02-04T14:52:48.523+0000] {processor.py:208} INFO - Processing /home/airflow/.local/lib/python3.12/site-packages/airflow/example_dags/example_bash_operator.py took 0.209 seconds
[2025-02-04T14:53:20.732+0000] {processor.py:186} INFO - Started process (PID=537) to work on /home/airflow/.local/lib/python3.12/site-packages/airflow/example_dags/example_bash_operator.py
[2025-02-04T14:53:20.733+0000] {processor.py:914} INFO - Processing file /home/airflow/.local/lib/python3.12/site-packages/airflow/example_dags/example_bash_operator.py for tasks to queue
[2025-02-04T14:53:20.738+0000] {logging_mixin.py:190} INFO - [2025-02-04T14:53:20.737+0000] {dagbag.py:588} INFO - Filling up the DagBag from /home/airflow/.local/lib/python3.12/site-packages/airflow/example_dags/example_bash_operator.py
[2025-02-04T14:53:20.760+0000] {processor.py:925} INFO - DAG(s) 'example_bash_operator' retrieved from /home/airflow/.local/lib/python3.12/site-packages/airflow/example_dags/example_bash_operator.py
[2025-02-04T14:53:20.806+0000] {logging_mixin.py:190} INFO - [2025-02-04T14:53:20.806+0000] {dag.py:3239} INFO - Sync 1 DAGs
[2025-02-04T14:53:20.845+0000] {logging_mixin.py:190} INFO - [2025-02-04T14:53:20.845+0000] {dag.py:4180} INFO - Setting next_dagrun for example_bash_operator to 2025-02-03 00:00:00+00:00, run_after=2025-02-04 00:00:00+00:00
[2025-02-04T14:53:20.873+0000] {processor.py:208} INFO - Processing /home/airflow/.local/lib/python3.12/site-packages/airflow/example_dags/example_bash_operator.py took 0.152 seconds
[2025-02-04T14:53:52.115+0000] {processor.py:186} INFO - Started process (PID=602) to work on /home/airflow/.local/lib/python3.12/site-packages/airflow/example_dags/example_bash_operator.py
[2025-02-04T14:53:52.117+0000] {processor.py:914} INFO - Processing file /home/airflow/.local/lib/python3.12/site-packages/airflow/example_dags/example_bash_operator.py for tasks to queue
[2025-02-04T14:53:52.122+0000] {logging_mixin.py:190} INFO - [2025-02-04T14:53:52.122+0000] {dagbag.py:588} INFO - Filling up the DagBag from /home/airflow/.local/lib/python3.12/site-packages/airflow/example_dags/example_bash_operator.py
[2025-02-04T14:53:52.150+0000] {processor.py:925} INFO - DAG(s) 'example_bash_operator' retrieved from /home/airflow/.local/lib/python3.12/site-packages/airflow/example_dags/example_bash_operator.py
[2025-02-04T14:53:52.195+0000] {logging_mixin.py:190} INFO - [2025-02-04T14:53:52.194+0000] {dag.py:3239} INFO - Sync 1 DAGs
[2025-02-04T14:53:52.238+0000] {logging_mixin.py:190} INFO - [2025-02-04T14:53:52.237+0000] {dag.py:4180} INFO - Setting next_dagrun for example_bash_operator to 2025-02-03 00:00:00+00:00, run_after=2025-02-04 00:00:00+00:00
[2025-02-04T14:53:52.266+0000] {processor.py:208} INFO - Processing /home/airflow/.local/lib/python3.12/site-packages/airflow/example_dags/example_bash_operator.py took 0.162 seconds
[2025-02-04T14:54:25.945+0000] {processor.py:186} INFO - Started process (PID=670) to work on /home/airflow/.local/lib/python3.12/site-packages/airflow/example_dags/example_bash_operator.py
[2025-02-04T14:54:25.947+0000] {processor.py:914} INFO - Processing file /home/airflow/.local/lib/python3.12/site-packages/airflow/example_dags/example_bash_operator.py for tasks to queue
[2025-02-04T14:54:25.953+0000] {logging_mixin.py:190} INFO - [2025-02-04T14:54:25.952+0000] {dagbag.py:588} INFO - Filling up the DagBag from /home/airflow/.local/lib/python3.12/site-packages/airflow/example_dags/example_bash_operator.py
[2025-02-04T14:54:25.987+0000] {processor.py:925} INFO - DAG(s) 'example_bash_operator' retrieved from /home/airflow/.local/lib/python3.12/site-packages/airflow/example_dags/example_bash_operator.py
[2025-02-04T14:54:26.055+0000] {logging_mixin.py:190} INFO - [2025-02-04T14:54:26.055+0000] {dag.py:3239} INFO - Sync 1 DAGs
[2025-02-04T14:54:26.635+0000] {logging_mixin.py:190} INFO - [2025-02-04T14:54:26.634+0000] {dag.py:4180} INFO - Setting next_dagrun for example_bash_operator to 2025-02-03 00:00:00+00:00, run_after=2025-02-04 00:00:00+00:00
[2025-02-04T14:54:26.691+0000] {processor.py:208} INFO - Processing /home/airflow/.local/lib/python3.12/site-packages/airflow/example_dags/example_bash_operator.py took 0.255 seconds
[2025-02-04T14:54:56.887+0000] {processor.py:186} INFO - Started process (PID=737) to work on /home/airflow/.local/lib/python3.12/site-packages/airflow/example_dags/example_bash_operator.py
[2025-02-04T14:54:56.889+0000] {processor.py:914} INFO - Processing file /home/airflow/.local/lib/python3.12/site-packages/airflow/example_dags/example_bash_operator.py for tasks to queue
[2025-02-04T14:54:56.893+0000] {logging_mixin.py:190} INFO - [2025-02-04T14:54:56.893+0000] {dagbag.py:588} INFO - Filling up the DagBag from /home/airflow/.local/lib/python3.12/site-packages/airflow/example_dags/example_bash_operator.py
[2025-02-04T14:54:56.915+0000] {processor.py:925} INFO - DAG(s) 'example_bash_operator' retrieved from /home/airflow/.local/lib/python3.12/site-packages/airflow/example_dags/example_bash_operator.py
[2025-02-04T14:54:56.961+0000] {logging_mixin.py:190} INFO - [2025-02-04T14:54:56.960+0000] {dag.py:3239} INFO - Sync 1 DAGs
[2025-02-04T14:54:56.999+0000] {logging_mixin.py:190} INFO - [2025-02-04T14:54:56.999+0000] {dag.py:4180} INFO - Setting next_dagrun for example_bash_operator to 2025-02-03 00:00:00+00:00, run_after=2025-02-04 00:00:00+00:00
[2025-02-04T14:54:57.028+0000] {processor.py:208} INFO - Processing /home/airflow/.local/lib/python3.12/site-packages/airflow/example_dags/example_bash_operator.py took 0.150 seconds
[2025-02-04T14:55:28.589+0000] {processor.py:186} INFO - Started process (PID=805) to work on /home/airflow/.local/lib/python3.12/site-packages/airflow/example_dags/example_bash_operator.py
[2025-02-04T14:55:28.591+0000] {processor.py:914} INFO - Processing file /home/airflow/.local/lib/python3.12/site-packages/airflow/example_dags/example_bash_operator.py for tasks to queue
[2025-02-04T14:55:28.595+0000] {logging_mixin.py:190} INFO - [2025-02-04T14:55:28.594+0000] {dagbag.py:588} INFO - Filling up the DagBag from /home/airflow/.local/lib/python3.12/site-packages/airflow/example_dags/example_bash_operator.py
[2025-02-04T14:55:28.616+0000] {processor.py:925} INFO - DAG(s) 'example_bash_operator' retrieved from /home/airflow/.local/lib/python3.12/site-packages/airflow/example_dags/example_bash_operator.py
[2025-02-04T14:55:28.676+0000] {logging_mixin.py:190} INFO - [2025-02-04T14:55:28.675+0000] {dag.py:3239} INFO - Sync 1 DAGs
[2025-02-04T14:55:28.733+0000] {logging_mixin.py:190} INFO - [2025-02-04T14:55:28.732+0000] {dag.py:4180} INFO - Setting next_dagrun for example_bash_operator to 2025-02-03 00:00:00+00:00, run_after=2025-02-04 00:00:00+00:00
[2025-02-04T14:55:28.787+0000] {processor.py:208} INFO - Processing /home/airflow/.local/lib/python3.12/site-packages/airflow/example_dags/example_bash_operator.py took 0.208 seconds
[2025-02-04T14:56:03.364+0000] {processor.py:186} INFO - Started process (PID=867) to work on /home/airflow/.local/lib/python3.12/site-packages/airflow/example_dags/example_bash_operator.py
[2025-02-04T14:56:03.415+0000] {processor.py:914} INFO - Processing file /home/airflow/.local/lib/python3.12/site-packages/airflow/example_dags/example_bash_operator.py for tasks to queue
[2025-02-04T14:56:03.921+0000] {logging_mixin.py:190} INFO - [2025-02-04T14:56:03.920+0000] {dagbag.py:588} INFO - Filling up the DagBag from /home/airflow/.local/lib/python3.12/site-packages/airflow/example_dags/example_bash_operator.py
[2025-02-04T14:56:04.528+0000] {processor.py:925} INFO - DAG(s) 'example_bash_operator' retrieved from /home/airflow/.local/lib/python3.12/site-packages/airflow/example_dags/example_bash_operator.py
[2025-02-04T14:56:05.053+0000] {logging_mixin.py:190} INFO - [2025-02-04T14:56:05.041+0000] {dag.py:3239} INFO - Sync 1 DAGs
[2025-02-04T14:56:05.272+0000] {logging_mixin.py:190} INFO - [2025-02-04T14:56:05.272+0000] {dag.py:4180} INFO - Setting next_dagrun for example_bash_operator to 2025-02-03 00:00:00+00:00, run_after=2025-02-04 00:00:00+00:00
[2025-02-04T14:56:06.151+0000] {processor.py:208} INFO - Processing /home/airflow/.local/lib/python3.12/site-packages/airflow/example_dags/example_bash_operator.py took 2.842 seconds
[2025-02-04T14:56:36.943+0000] {processor.py:186} INFO - Started process (PID=930) to work on /home/airflow/.local/lib/python3.12/site-packages/airflow/example_dags/example_bash_operator.py
[2025-02-04T14:56:36.955+0000] {processor.py:914} INFO - Processing file /home/airflow/.local/lib/python3.12/site-packages/airflow/example_dags/example_bash_operator.py for tasks to queue
[2025-02-04T14:56:36.961+0000] {logging_mixin.py:190} INFO - [2025-02-04T14:56:36.960+0000] {dagbag.py:588} INFO - Filling up the DagBag from /home/airflow/.local/lib/python3.12/site-packages/airflow/example_dags/example_bash_operator.py
[2025-02-04T14:56:37.002+0000] {processor.py:925} INFO - DAG(s) 'example_bash_operator' retrieved from /home/airflow/.local/lib/python3.12/site-packages/airflow/example_dags/example_bash_operator.py
[2025-02-04T14:56:37.206+0000] {logging_mixin.py:190} INFO - [2025-02-04T14:56:37.206+0000] {dag.py:3239} INFO - Sync 1 DAGs
[2025-02-04T14:56:37.351+0000] {logging_mixin.py:190} INFO - [2025-02-04T14:56:37.350+0000] {dag.py:4180} INFO - Setting next_dagrun for example_bash_operator to 2025-02-03 00:00:00+00:00, run_after=2025-02-04 00:00:00+00:00
[2025-02-04T14:56:37.438+0000] {processor.py:208} INFO - Processing /home/airflow/.local/lib/python3.12/site-packages/airflow/example_dags/example_bash_operator.py took 0.519 seconds
[2025-02-04T14:57:07.930+0000] {processor.py:186} INFO - Started process (PID=994) to work on /home/airflow/.local/lib/python3.12/site-packages/airflow/example_dags/example_bash_operator.py
[2025-02-04T14:57:07.931+0000] {processor.py:914} INFO - Processing file /home/airflow/.local/lib/python3.12/site-packages/airflow/example_dags/example_bash_operator.py for tasks to queue
[2025-02-04T14:57:07.937+0000] {logging_mixin.py:190} INFO - [2025-02-04T14:57:07.936+0000] {dagbag.py:588} INFO - Filling up the DagBag from /home/airflow/.local/lib/python3.12/site-packages/airflow/example_dags/example_bash_operator.py
[2025-02-04T14:57:07.967+0000] {processor.py:925} INFO - DAG(s) 'example_bash_operator' retrieved from /home/airflow/.local/lib/python3.12/site-packages/airflow/example_dags/example_bash_operator.py
[2025-02-04T14:57:08.022+0000] {logging_mixin.py:190} INFO - [2025-02-04T14:57:08.021+0000] {dag.py:3239} INFO - Sync 1 DAGs
[2025-02-04T14:57:08.070+0000] {logging_mixin.py:190} INFO - [2025-02-04T14:57:08.070+0000] {dag.py:4180} INFO - Setting next_dagrun for example_bash_operator to 2025-02-03 00:00:00+00:00, run_after=2025-02-04 00:00:00+00:00
[2025-02-04T14:57:08.111+0000] {processor.py:208} INFO - Processing /home/airflow/.local/lib/python3.12/site-packages/airflow/example_dags/example_bash_operator.py took 0.194 seconds
[2025-02-04T14:57:38.193+0000] {processor.py:186} INFO - Started process (PID=1058) to work on /home/airflow/.local/lib/python3.12/site-packages/airflow/example_dags/example_bash_operator.py
[2025-02-04T14:57:38.195+0000] {processor.py:914} INFO - Processing file /home/airflow/.local/lib/python3.12/site-packages/airflow/example_dags/example_bash_operator.py for tasks to queue
[2025-02-04T14:57:38.199+0000] {logging_mixin.py:190} INFO - [2025-02-04T14:57:38.198+0000] {dagbag.py:588} INFO - Filling up the DagBag from /home/airflow/.local/lib/python3.12/site-packages/airflow/example_dags/example_bash_operator.py
[2025-02-04T14:57:38.218+0000] {processor.py:925} INFO - DAG(s) 'example_bash_operator' retrieved from /home/airflow/.local/lib/python3.12/site-packages/airflow/example_dags/example_bash_operator.py
[2025-02-04T14:57:38.263+0000] {logging_mixin.py:190} INFO - [2025-02-04T14:57:38.263+0000] {dag.py:3239} INFO - Sync 1 DAGs
[2025-02-04T14:57:38.313+0000] {logging_mixin.py:190} INFO - [2025-02-04T14:57:38.313+0000] {dag.py:4180} INFO - Setting next_dagrun for example_bash_operator to 2025-02-03 00:00:00+00:00, run_after=2025-02-04 00:00:00+00:00
[2025-02-04T14:57:38.349+0000] {processor.py:208} INFO - Processing /home/airflow/.local/lib/python3.12/site-packages/airflow/example_dags/example_bash_operator.py took 0.164 seconds
[2025-02-04T14:58:09.200+0000] {processor.py:186} INFO - Started process (PID=1122) to work on /home/airflow/.local/lib/python3.12/site-packages/airflow/example_dags/example_bash_operator.py
[2025-02-04T14:58:09.202+0000] {processor.py:914} INFO - Processing file /home/airflow/.local/lib/python3.12/site-packages/airflow/example_dags/example_bash_operator.py for tasks to queue
[2025-02-04T14:58:09.208+0000] {logging_mixin.py:190} INFO - [2025-02-04T14:58:09.207+0000] {dagbag.py:588} INFO - Filling up the DagBag from /home/airflow/.local/lib/python3.12/site-packages/airflow/example_dags/example_bash_operator.py
[2025-02-04T14:58:09.243+0000] {processor.py:925} INFO - DAG(s) 'example_bash_operator' retrieved from /home/airflow/.local/lib/python3.12/site-packages/airflow/example_dags/example_bash_operator.py
[2025-02-04T14:58:09.312+0000] {logging_mixin.py:190} INFO - [2025-02-04T14:58:09.311+0000] {dag.py:3239} INFO - Sync 1 DAGs
[2025-02-04T14:58:09.360+0000] {logging_mixin.py:190} INFO - [2025-02-04T14:58:09.360+0000] {dag.py:4180} INFO - Setting next_dagrun for example_bash_operator to 2025-02-03 00:00:00+00:00, run_after=2025-02-04 00:00:00+00:00
[2025-02-04T14:58:09.396+0000] {processor.py:208} INFO - Processing /home/airflow/.local/lib/python3.12/site-packages/airflow/example_dags/example_bash_operator.py took 0.216 seconds
[2025-02-04T14:58:40.263+0000] {processor.py:186} INFO - Started process (PID=1187) to work on /home/airflow/.local/lib/python3.12/site-packages/airflow/example_dags/example_bash_operator.py
[2025-02-04T14:58:40.264+0000] {processor.py:914} INFO - Processing file /home/airflow/.local/lib/python3.12/site-packages/airflow/example_dags/example_bash_operator.py for tasks to queue
[2025-02-04T14:58:40.269+0000] {logging_mixin.py:190} INFO - [2025-02-04T14:58:40.269+0000] {dagbag.py:588} INFO - Filling up the DagBag from /home/airflow/.local/lib/python3.12/site-packages/airflow/example_dags/example_bash_operator.py
[2025-02-04T14:58:40.291+0000] {processor.py:925} INFO - DAG(s) 'example_bash_operator' retrieved from /home/airflow/.local/lib/python3.12/site-packages/airflow/example_dags/example_bash_operator.py
[2025-02-04T14:58:40.343+0000] {logging_mixin.py:190} INFO - [2025-02-04T14:58:40.343+0000] {dag.py:3239} INFO - Sync 1 DAGs
[2025-02-04T14:58:40.388+0000] {logging_mixin.py:190} INFO - [2025-02-04T14:58:40.387+0000] {dag.py:4180} INFO - Setting next_dagrun for example_bash_operator to 2025-02-03 00:00:00+00:00, run_after=2025-02-04 00:00:00+00:00
[2025-02-04T14:58:40.424+0000] {processor.py:208} INFO - Processing /home/airflow/.local/lib/python3.12/site-packages/airflow/example_dags/example_bash_operator.py took 0.171 seconds
[2025-02-04T14:59:10.616+0000] {processor.py:186} INFO - Started process (PID=1253) to work on /home/airflow/.local/lib/python3.12/site-packages/airflow/example_dags/example_bash_operator.py
[2025-02-04T14:59:10.618+0000] {processor.py:914} INFO - Processing file /home/airflow/.local/lib/python3.12/site-packages/airflow/example_dags/example_bash_operator.py for tasks to queue
[2025-02-04T14:59:10.622+0000] {logging_mixin.py:190} INFO - [2025-02-04T14:59:10.621+0000] {dagbag.py:588} INFO - Filling up the DagBag from /home/airflow/.local/lib/python3.12/site-packages/airflow/example_dags/example_bash_operator.py
[2025-02-04T14:59:10.641+0000] {processor.py:925} INFO - DAG(s) 'example_bash_operator' retrieved from /home/airflow/.local/lib/python3.12/site-packages/airflow/example_dags/example_bash_operator.py
[2025-02-04T14:59:10.681+0000] {logging_mixin.py:190} INFO - [2025-02-04T14:59:10.680+0000] {dag.py:3239} INFO - Sync 1 DAGs
[2025-02-04T14:59:10.713+0000] {logging_mixin.py:190} INFO - [2025-02-04T14:59:10.712+0000] {dag.py:4180} INFO - Setting next_dagrun for example_bash_operator to 2025-02-03 00:00:00+00:00, run_after=2025-02-04 00:00:00+00:00
[2025-02-04T14:59:10.741+0000] {processor.py:208} INFO - Processing /home/airflow/.local/lib/python3.12/site-packages/airflow/example_dags/example_bash_operator.py took 0.134 seconds
[2025-02-04T14:59:41.385+0000] {processor.py:186} INFO - Started process (PID=1316) to work on /home/airflow/.local/lib/python3.12/site-packages/airflow/example_dags/example_bash_operator.py
[2025-02-04T14:59:41.386+0000] {processor.py:914} INFO - Processing file /home/airflow/.local/lib/python3.12/site-packages/airflow/example_dags/example_bash_operator.py for tasks to queue
[2025-02-04T14:59:41.391+0000] {logging_mixin.py:190} INFO - [2025-02-04T14:59:41.390+0000] {dagbag.py:588} INFO - Filling up the DagBag from /home/airflow/.local/lib/python3.12/site-packages/airflow/example_dags/example_bash_operator.py
[2025-02-04T14:59:41.421+0000] {processor.py:925} INFO - DAG(s) 'example_bash_operator' retrieved from /home/airflow/.local/lib/python3.12/site-packages/airflow/example_dags/example_bash_operator.py
[2025-02-04T14:59:41.476+0000] {logging_mixin.py:190} INFO - [2025-02-04T14:59:41.475+0000] {dag.py:3239} INFO - Sync 1 DAGs
[2025-02-04T14:59:41.529+0000] {logging_mixin.py:190} INFO - [2025-02-04T14:59:41.528+0000] {dag.py:4180} INFO - Setting next_dagrun for example_bash_operator to 2025-02-03 00:00:00+00:00, run_after=2025-02-04 00:00:00+00:00
[2025-02-04T14:59:41.567+0000] {processor.py:208} INFO - Processing /home/airflow/.local/lib/python3.12/site-packages/airflow/example_dags/example_bash_operator.py took 0.193 seconds
[2025-02-04T15:00:12.128+0000] {processor.py:186} INFO - Started process (PID=1380) to work on /home/airflow/.local/lib/python3.12/site-packages/airflow/example_dags/example_bash_operator.py
[2025-02-04T15:00:12.129+0000] {processor.py:914} INFO - Processing file /home/airflow/.local/lib/python3.12/site-packages/airflow/example_dags/example_bash_operator.py for tasks to queue
[2025-02-04T15:00:12.134+0000] {logging_mixin.py:190} INFO - [2025-02-04T15:00:12.134+0000] {dagbag.py:588} INFO - Filling up the DagBag from /home/airflow/.local/lib/python3.12/site-packages/airflow/example_dags/example_bash_operator.py
[2025-02-04T15:00:12.165+0000] {processor.py:925} INFO - DAG(s) 'example_bash_operator' retrieved from /home/airflow/.local/lib/python3.12/site-packages/airflow/example_dags/example_bash_operator.py
[2025-02-04T15:00:12.222+0000] {logging_mixin.py:190} INFO - [2025-02-04T15:00:12.221+0000] {dag.py:3239} INFO - Sync 1 DAGs
[2025-02-04T15:00:12.269+0000] {logging_mixin.py:190} INFO - [2025-02-04T15:00:12.268+0000] {dag.py:4180} INFO - Setting next_dagrun for example_bash_operator to 2025-02-03 00:00:00+00:00, run_after=2025-02-04 00:00:00+00:00
[2025-02-04T15:00:12.303+0000] {processor.py:208} INFO - Processing /home/airflow/.local/lib/python3.12/site-packages/airflow/example_dags/example_bash_operator.py took 0.189 seconds
[2025-02-04T15:00:42.844+0000] {processor.py:186} INFO - Started process (PID=1444) to work on /home/airflow/.local/lib/python3.12/site-packages/airflow/example_dags/example_bash_operator.py
[2025-02-04T15:00:42.846+0000] {processor.py:914} INFO - Processing file /home/airflow/.local/lib/python3.12/site-packages/airflow/example_dags/example_bash_operator.py for tasks to queue
[2025-02-04T15:00:42.851+0000] {logging_mixin.py:190} INFO - [2025-02-04T15:00:42.850+0000] {dagbag.py:588} INFO - Filling up the DagBag from /home/airflow/.local/lib/python3.12/site-packages/airflow/example_dags/example_bash_operator.py
[2025-02-04T15:00:42.880+0000] {processor.py:925} INFO - DAG(s) 'example_bash_operator' retrieved from /home/airflow/.local/lib/python3.12/site-packages/airflow/example_dags/example_bash_operator.py
[2025-02-04T15:00:42.921+0000] {logging_mixin.py:190} INFO - [2025-02-04T15:00:42.921+0000] {dag.py:3239} INFO - Sync 1 DAGs
[2025-02-04T15:00:42.957+0000] {logging_mixin.py:190} INFO - [2025-02-04T15:00:42.957+0000] {dag.py:4180} INFO - Setting next_dagrun for example_bash_operator to 2025-02-03 00:00:00+00:00, run_after=2025-02-04 00:00:00+00:00
[2025-02-04T15:00:42.986+0000] {processor.py:208} INFO - Processing /home/airflow/.local/lib/python3.12/site-packages/airflow/example_dags/example_bash_operator.py took 0.154 seconds
[2025-02-04T15:01:13.861+0000] {processor.py:186} INFO - Started process (PID=1509) to work on /home/airflow/.local/lib/python3.12/site-packages/airflow/example_dags/example_bash_operator.py
[2025-02-04T15:01:13.862+0000] {processor.py:914} INFO - Processing file /home/airflow/.local/lib/python3.12/site-packages/airflow/example_dags/example_bash_operator.py for tasks to queue
[2025-02-04T15:01:13.866+0000] {logging_mixin.py:190} INFO - [2025-02-04T15:01:13.866+0000] {dagbag.py:588} INFO - Filling up the DagBag from /home/airflow/.local/lib/python3.12/site-packages/airflow/example_dags/example_bash_operator.py
[2025-02-04T15:01:13.897+0000] {processor.py:925} INFO - DAG(s) 'example_bash_operator' retrieved from /home/airflow/.local/lib/python3.12/site-packages/airflow/example_dags/example_bash_operator.py
[2025-02-04T15:01:13.942+0000] {logging_mixin.py:190} INFO - [2025-02-04T15:01:13.941+0000] {dag.py:3239} INFO - Sync 1 DAGs
[2025-02-04T15:01:13.983+0000] {logging_mixin.py:190} INFO - [2025-02-04T15:01:13.982+0000] {dag.py:4180} INFO - Setting next_dagrun for example_bash_operator to 2025-02-03 00:00:00+00:00, run_after=2025-02-04 00:00:00+00:00
[2025-02-04T15:01:14.011+0000] {processor.py:208} INFO - Processing /home/airflow/.local/lib/python3.12/site-packages/airflow/example_dags/example_bash_operator.py took 0.161 seconds
[2025-02-04T15:01:46.696+0000] {processor.py:186} INFO - Started process (PID=1556) to work on /home/airflow/.local/lib/python3.12/site-packages/airflow/example_dags/example_bash_operator.py
[2025-02-04T15:01:46.699+0000] {processor.py:914} INFO - Processing file /home/airflow/.local/lib/python3.12/site-packages/airflow/example_dags/example_bash_operator.py for tasks to queue
[2025-02-04T15:01:46.714+0000] {logging_mixin.py:190} INFO - [2025-02-04T15:01:46.713+0000] {dagbag.py:588} INFO - Filling up the DagBag from /home/airflow/.local/lib/python3.12/site-packages/airflow/example_dags/example_bash_operator.py
[2025-02-04T15:01:46.802+0000] {processor.py:925} INFO - DAG(s) 'example_bash_operator' retrieved from /home/airflow/.local/lib/python3.12/site-packages/airflow/example_dags/example_bash_operator.py
[2025-02-04T15:01:46.946+0000] {logging_mixin.py:190} INFO - [2025-02-04T15:01:46.945+0000] {dag.py:3239} INFO - Sync 1 DAGs
[2025-02-04T15:01:47.047+0000] {logging_mixin.py:190} INFO - [2025-02-04T15:01:47.046+0000] {dag.py:4180} INFO - Setting next_dagrun for example_bash_operator to 2025-02-03 00:00:00+00:00, run_after=2025-02-04 00:00:00+00:00
[2025-02-04T15:01:47.116+0000] {processor.py:208} INFO - Processing /home/airflow/.local/lib/python3.12/site-packages/airflow/example_dags/example_bash_operator.py took 0.470 seconds
