[2025-02-04T14:07:02.216+0000] {processor.py:186} INFO - Started process (PID=89) to work on /home/airflow/.local/lib/python3.12/site-packages/airflow/example_dags/example_branch_operator.py
[2025-02-04T14:07:02.221+0000] {processor.py:914} INFO - Processing file /home/airflow/.local/lib/python3.12/site-packages/airflow/example_dags/example_branch_operator.py for tasks to queue
[2025-02-04T14:07:02.231+0000] {logging_mixin.py:190} INFO - [2025-02-04T14:07:02.230+0000] {dagbag.py:588} INFO - Filling up the DagBag from /home/airflow/.local/lib/python3.12/site-packages/airflow/example_dags/example_branch_operator.py
[2025-02-04T14:07:02.539+0000] {processor.py:925} INFO - DAG(s) 'example_branch_operator' retrieved from /home/airflow/.local/lib/python3.12/site-packages/airflow/example_dags/example_branch_operator.py
[2025-02-04T14:07:03.910+0000] {logging_mixin.py:190} INFO - [2025-02-04T14:07:03.908+0000] {override.py:1911} INFO - Created Permission View: can delete on DAG:example_branch_operator
[2025-02-04T14:07:04.008+0000] {logging_mixin.py:190} INFO - [2025-02-04T14:07:04.005+0000] {override.py:1911} INFO - Created Permission View: can read on DAG:example_branch_operator
[2025-02-04T14:07:04.156+0000] {logging_mixin.py:190} INFO - [2025-02-04T14:07:04.155+0000] {override.py:1911} INFO - Created Permission View: can edit on DAG:example_branch_operator
[2025-02-04T14:07:04.275+0000] {logging_mixin.py:190} INFO - [2025-02-04T14:07:04.275+0000] {override.py:1911} INFO - Created Permission View: can delete on DAG Run:example_branch_operator
[2025-02-04T14:07:04.349+0000] {logging_mixin.py:190} INFO - [2025-02-04T14:07:04.348+0000] {override.py:1911} INFO - Created Permission View: menu access on DAG Run:example_branch_operator
[2025-02-04T14:07:04.474+0000] {logging_mixin.py:190} INFO - [2025-02-04T14:07:04.472+0000] {override.py:1911} INFO - Created Permission View: can read on DAG Run:example_branch_operator
[2025-02-04T14:07:04.646+0000] {logging_mixin.py:190} INFO - [2025-02-04T14:07:04.645+0000] {override.py:1911} INFO - Created Permission View: can create on DAG Run:example_branch_operator
[2025-02-04T14:07:04.655+0000] {logging_mixin.py:190} INFO - [2025-02-04T14:07:04.654+0000] {dag.py:3239} INFO - Sync 1 DAGs
[2025-02-04T14:07:04.879+0000] {logging_mixin.py:190} INFO - [2025-02-04T14:07:04.877+0000] {dag.py:3262} INFO - Creating ORM DAG for example_branch_operator
[2025-02-04T14:07:05.127+0000] {logging_mixin.py:190} INFO - [2025-02-04T14:07:05.126+0000] {dag.py:4180} INFO - Setting next_dagrun for example_branch_operator to 2025-02-03 00:00:00+00:00, run_after=2025-02-04 00:00:00+00:00
[2025-02-04T14:07:05.392+0000] {processor.py:208} INFO - Processing /home/airflow/.local/lib/python3.12/site-packages/airflow/example_dags/example_branch_operator.py took 3.260 seconds
[2025-02-04T14:08:25.698+0000] {processor.py:186} INFO - Started process (PID=158) to work on /home/airflow/.local/lib/python3.12/site-packages/airflow/example_dags/example_branch_operator.py
[2025-02-04T14:08:25.700+0000] {processor.py:914} INFO - Processing file /home/airflow/.local/lib/python3.12/site-packages/airflow/example_dags/example_branch_operator.py for tasks to queue
[2025-02-04T14:08:25.705+0000] {logging_mixin.py:190} INFO - [2025-02-04T14:08:25.705+0000] {dagbag.py:588} INFO - Filling up the DagBag from /home/airflow/.local/lib/python3.12/site-packages/airflow/example_dags/example_branch_operator.py
[2025-02-04T14:08:25.748+0000] {processor.py:925} INFO - DAG(s) 'example_branch_operator' retrieved from /home/airflow/.local/lib/python3.12/site-packages/airflow/example_dags/example_branch_operator.py
[2025-02-04T14:08:25.828+0000] {logging_mixin.py:190} INFO - [2025-02-04T14:08:25.828+0000] {dag.py:3239} INFO - Sync 1 DAGs
[2025-02-04T14:08:25.900+0000] {logging_mixin.py:190} INFO - [2025-02-04T14:08:25.900+0000] {dag.py:4180} INFO - Setting next_dagrun for example_branch_operator to 2025-02-03 00:00:00+00:00, run_after=2025-02-04 00:00:00+00:00
[2025-02-04T14:08:26.017+0000] {processor.py:208} INFO - Processing /home/airflow/.local/lib/python3.12/site-packages/airflow/example_dags/example_branch_operator.py took 0.334 seconds
[2025-02-04T14:08:56.541+0000] {processor.py:186} INFO - Started process (PID=221) to work on /home/airflow/.local/lib/python3.12/site-packages/airflow/example_dags/example_branch_operator.py
[2025-02-04T14:08:56.545+0000] {processor.py:914} INFO - Processing file /home/airflow/.local/lib/python3.12/site-packages/airflow/example_dags/example_branch_operator.py for tasks to queue
[2025-02-04T14:08:56.550+0000] {logging_mixin.py:190} INFO - [2025-02-04T14:08:56.550+0000] {dagbag.py:588} INFO - Filling up the DagBag from /home/airflow/.local/lib/python3.12/site-packages/airflow/example_dags/example_branch_operator.py
[2025-02-04T14:08:56.590+0000] {processor.py:925} INFO - DAG(s) 'example_branch_operator' retrieved from /home/airflow/.local/lib/python3.12/site-packages/airflow/example_dags/example_branch_operator.py
[2025-02-04T14:08:56.643+0000] {logging_mixin.py:190} INFO - [2025-02-04T14:08:56.643+0000] {dag.py:3239} INFO - Sync 1 DAGs
[2025-02-04T14:08:56.745+0000] {logging_mixin.py:190} INFO - [2025-02-04T14:08:56.745+0000] {dag.py:4180} INFO - Setting next_dagrun for example_branch_operator to 2025-02-03 00:00:00+00:00, run_after=2025-02-04 00:00:00+00:00
[2025-02-04T14:08:56.784+0000] {processor.py:208} INFO - Processing /home/airflow/.local/lib/python3.12/site-packages/airflow/example_dags/example_branch_operator.py took 0.258 seconds
[2025-02-04T14:09:30.174+0000] {processor.py:186} INFO - Started process (PID=286) to work on /home/airflow/.local/lib/python3.12/site-packages/airflow/example_dags/example_branch_operator.py
[2025-02-04T14:09:30.176+0000] {processor.py:914} INFO - Processing file /home/airflow/.local/lib/python3.12/site-packages/airflow/example_dags/example_branch_operator.py for tasks to queue
[2025-02-04T14:09:30.181+0000] {logging_mixin.py:190} INFO - [2025-02-04T14:09:30.180+0000] {dagbag.py:588} INFO - Filling up the DagBag from /home/airflow/.local/lib/python3.12/site-packages/airflow/example_dags/example_branch_operator.py
[2025-02-04T14:09:30.218+0000] {processor.py:925} INFO - DAG(s) 'example_branch_operator' retrieved from /home/airflow/.local/lib/python3.12/site-packages/airflow/example_dags/example_branch_operator.py
[2025-02-04T14:09:30.279+0000] {logging_mixin.py:190} INFO - [2025-02-04T14:09:30.279+0000] {dag.py:3239} INFO - Sync 1 DAGs
[2025-02-04T14:09:30.332+0000] {logging_mixin.py:190} INFO - [2025-02-04T14:09:30.332+0000] {dag.py:4180} INFO - Setting next_dagrun for example_branch_operator to 2025-02-03 00:00:00+00:00, run_after=2025-02-04 00:00:00+00:00
[2025-02-04T14:09:30.374+0000] {processor.py:208} INFO - Processing /home/airflow/.local/lib/python3.12/site-packages/airflow/example_dags/example_branch_operator.py took 0.214 seconds
[2025-02-04T14:10:00.861+0000] {processor.py:186} INFO - Started process (PID=348) to work on /home/airflow/.local/lib/python3.12/site-packages/airflow/example_dags/example_branch_operator.py
[2025-02-04T14:10:00.863+0000] {processor.py:914} INFO - Processing file /home/airflow/.local/lib/python3.12/site-packages/airflow/example_dags/example_branch_operator.py for tasks to queue
[2025-02-04T14:10:00.868+0000] {logging_mixin.py:190} INFO - [2025-02-04T14:10:00.867+0000] {dagbag.py:588} INFO - Filling up the DagBag from /home/airflow/.local/lib/python3.12/site-packages/airflow/example_dags/example_branch_operator.py
[2025-02-04T14:10:00.895+0000] {processor.py:925} INFO - DAG(s) 'example_branch_operator' retrieved from /home/airflow/.local/lib/python3.12/site-packages/airflow/example_dags/example_branch_operator.py
[2025-02-04T14:10:00.949+0000] {logging_mixin.py:190} INFO - [2025-02-04T14:10:00.948+0000] {dag.py:3239} INFO - Sync 1 DAGs
[2025-02-04T14:10:00.992+0000] {logging_mixin.py:190} INFO - [2025-02-04T14:10:00.992+0000] {dag.py:4180} INFO - Setting next_dagrun for example_branch_operator to 2025-02-03 00:00:00+00:00, run_after=2025-02-04 00:00:00+00:00
[2025-02-04T14:10:01.025+0000] {processor.py:208} INFO - Processing /home/airflow/.local/lib/python3.12/site-packages/airflow/example_dags/example_branch_operator.py took 0.176 seconds
[2025-02-04T14:10:45.763+0000] {processor.py:186} INFO - Started process (PID=417) to work on /home/airflow/.local/lib/python3.12/site-packages/airflow/example_dags/example_branch_operator.py
[2025-02-04T14:10:45.766+0000] {processor.py:914} INFO - Processing file /home/airflow/.local/lib/python3.12/site-packages/airflow/example_dags/example_branch_operator.py for tasks to queue
[2025-02-04T14:10:45.781+0000] {logging_mixin.py:190} INFO - [2025-02-04T14:10:45.780+0000] {dagbag.py:588} INFO - Filling up the DagBag from /home/airflow/.local/lib/python3.12/site-packages/airflow/example_dags/example_branch_operator.py
[2025-02-04T14:10:45.838+0000] {processor.py:925} INFO - DAG(s) 'example_branch_operator' retrieved from /home/airflow/.local/lib/python3.12/site-packages/airflow/example_dags/example_branch_operator.py
[2025-02-04T14:10:45.909+0000] {logging_mixin.py:190} INFO - [2025-02-04T14:10:45.908+0000] {dag.py:3239} INFO - Sync 1 DAGs
[2025-02-04T14:10:45.965+0000] {logging_mixin.py:190} INFO - [2025-02-04T14:10:45.965+0000] {dag.py:4180} INFO - Setting next_dagrun for example_branch_operator to 2025-02-03 00:00:00+00:00, run_after=2025-02-04 00:00:00+00:00
[2025-02-04T14:10:46.014+0000] {processor.py:208} INFO - Processing /home/airflow/.local/lib/python3.12/site-packages/airflow/example_dags/example_branch_operator.py took 0.272 seconds
[2025-02-04T14:11:21.797+0000] {processor.py:186} INFO - Started process (PID=483) to work on /home/airflow/.local/lib/python3.12/site-packages/airflow/example_dags/example_branch_operator.py
[2025-02-04T14:11:21.799+0000] {processor.py:914} INFO - Processing file /home/airflow/.local/lib/python3.12/site-packages/airflow/example_dags/example_branch_operator.py for tasks to queue
[2025-02-04T14:11:21.804+0000] {logging_mixin.py:190} INFO - [2025-02-04T14:11:21.803+0000] {dagbag.py:588} INFO - Filling up the DagBag from /home/airflow/.local/lib/python3.12/site-packages/airflow/example_dags/example_branch_operator.py
[2025-02-04T14:11:21.868+0000] {processor.py:925} INFO - DAG(s) 'example_branch_operator' retrieved from /home/airflow/.local/lib/python3.12/site-packages/airflow/example_dags/example_branch_operator.py
[2025-02-04T14:11:21.959+0000] {logging_mixin.py:190} INFO - [2025-02-04T14:11:21.959+0000] {dag.py:3239} INFO - Sync 1 DAGs
[2025-02-04T14:11:22.016+0000] {logging_mixin.py:190} INFO - [2025-02-04T14:11:22.016+0000] {dag.py:4180} INFO - Setting next_dagrun for example_branch_operator to 2025-02-03 00:00:00+00:00, run_after=2025-02-04 00:00:00+00:00
[2025-02-04T14:11:22.068+0000] {processor.py:208} INFO - Processing /home/airflow/.local/lib/python3.12/site-packages/airflow/example_dags/example_branch_operator.py took 0.285 seconds
[2025-02-04T14:18:35.878+0000] {processor.py:186} INFO - Started process (PID=79) to work on /home/airflow/.local/lib/python3.12/site-packages/airflow/example_dags/example_branch_operator.py
[2025-02-04T14:18:35.881+0000] {processor.py:914} INFO - Processing file /home/airflow/.local/lib/python3.12/site-packages/airflow/example_dags/example_branch_operator.py for tasks to queue
[2025-02-04T14:18:35.888+0000] {logging_mixin.py:190} INFO - [2025-02-04T14:18:35.886+0000] {dagbag.py:588} INFO - Filling up the DagBag from /home/airflow/.local/lib/python3.12/site-packages/airflow/example_dags/example_branch_operator.py
[2025-02-04T14:18:35.928+0000] {processor.py:925} INFO - DAG(s) 'example_branch_operator' retrieved from /home/airflow/.local/lib/python3.12/site-packages/airflow/example_dags/example_branch_operator.py
[2025-02-04T14:18:36.275+0000] {logging_mixin.py:190} INFO - [2025-02-04T14:18:36.275+0000] {dag.py:3239} INFO - Sync 1 DAGs
[2025-02-04T14:18:36.318+0000] {logging_mixin.py:190} INFO - [2025-02-04T14:18:36.318+0000] {dag.py:4180} INFO - Setting next_dagrun for example_branch_operator to 2025-02-03 00:00:00+00:00, run_after=2025-02-04 00:00:00+00:00
[2025-02-04T14:18:36.454+0000] {processor.py:208} INFO - Processing /home/airflow/.local/lib/python3.12/site-packages/airflow/example_dags/example_branch_operator.py took 0.589 seconds
[2025-02-04T14:19:07.528+0000] {processor.py:186} INFO - Started process (PID=143) to work on /home/airflow/.local/lib/python3.12/site-packages/airflow/example_dags/example_branch_operator.py
[2025-02-04T14:19:07.530+0000] {processor.py:914} INFO - Processing file /home/airflow/.local/lib/python3.12/site-packages/airflow/example_dags/example_branch_operator.py for tasks to queue
[2025-02-04T14:19:07.534+0000] {logging_mixin.py:190} INFO - [2025-02-04T14:19:07.533+0000] {dagbag.py:588} INFO - Filling up the DagBag from /home/airflow/.local/lib/python3.12/site-packages/airflow/example_dags/example_branch_operator.py
[2025-02-04T14:19:07.562+0000] {processor.py:925} INFO - DAG(s) 'example_branch_operator' retrieved from /home/airflow/.local/lib/python3.12/site-packages/airflow/example_dags/example_branch_operator.py
[2025-02-04T14:19:07.614+0000] {logging_mixin.py:190} INFO - [2025-02-04T14:19:07.614+0000] {dag.py:3239} INFO - Sync 1 DAGs
[2025-02-04T14:19:07.656+0000] {logging_mixin.py:190} INFO - [2025-02-04T14:19:07.655+0000] {dag.py:4180} INFO - Setting next_dagrun for example_branch_operator to 2025-02-03 00:00:00+00:00, run_after=2025-02-04 00:00:00+00:00
[2025-02-04T14:19:07.686+0000] {processor.py:208} INFO - Processing /home/airflow/.local/lib/python3.12/site-packages/airflow/example_dags/example_branch_operator.py took 0.165 seconds
[2025-02-04T14:19:39.341+0000] {processor.py:186} INFO - Started process (PID=211) to work on /home/airflow/.local/lib/python3.12/site-packages/airflow/example_dags/example_branch_operator.py
[2025-02-04T14:19:39.343+0000] {processor.py:914} INFO - Processing file /home/airflow/.local/lib/python3.12/site-packages/airflow/example_dags/example_branch_operator.py for tasks to queue
[2025-02-04T14:19:39.346+0000] {logging_mixin.py:190} INFO - [2025-02-04T14:19:39.345+0000] {dagbag.py:588} INFO - Filling up the DagBag from /home/airflow/.local/lib/python3.12/site-packages/airflow/example_dags/example_branch_operator.py
[2025-02-04T14:19:39.379+0000] {processor.py:925} INFO - DAG(s) 'example_branch_operator' retrieved from /home/airflow/.local/lib/python3.12/site-packages/airflow/example_dags/example_branch_operator.py
[2025-02-04T14:19:39.433+0000] {logging_mixin.py:190} INFO - [2025-02-04T14:19:39.433+0000] {dag.py:3239} INFO - Sync 1 DAGs
[2025-02-04T14:19:39.485+0000] {logging_mixin.py:190} INFO - [2025-02-04T14:19:39.485+0000] {dag.py:4180} INFO - Setting next_dagrun for example_branch_operator to 2025-02-03 00:00:00+00:00, run_after=2025-02-04 00:00:00+00:00
[2025-02-04T14:19:39.524+0000] {processor.py:208} INFO - Processing /home/airflow/.local/lib/python3.12/site-packages/airflow/example_dags/example_branch_operator.py took 0.198 seconds
[2025-02-04T14:20:10.883+0000] {processor.py:186} INFO - Started process (PID=284) to work on /home/airflow/.local/lib/python3.12/site-packages/airflow/example_dags/example_branch_operator.py
[2025-02-04T14:20:10.885+0000] {processor.py:914} INFO - Processing file /home/airflow/.local/lib/python3.12/site-packages/airflow/example_dags/example_branch_operator.py for tasks to queue
[2025-02-04T14:20:10.887+0000] {logging_mixin.py:190} INFO - [2025-02-04T14:20:10.887+0000] {dagbag.py:588} INFO - Filling up the DagBag from /home/airflow/.local/lib/python3.12/site-packages/airflow/example_dags/example_branch_operator.py
[2025-02-04T14:20:10.944+0000] {processor.py:925} INFO - DAG(s) 'example_branch_operator' retrieved from /home/airflow/.local/lib/python3.12/site-packages/airflow/example_dags/example_branch_operator.py
[2025-02-04T14:20:10.995+0000] {logging_mixin.py:190} INFO - [2025-02-04T14:20:10.995+0000] {dag.py:3239} INFO - Sync 1 DAGs
[2025-02-04T14:20:11.046+0000] {logging_mixin.py:190} INFO - [2025-02-04T14:20:11.045+0000] {dag.py:4180} INFO - Setting next_dagrun for example_branch_operator to 2025-02-03 00:00:00+00:00, run_after=2025-02-04 00:00:00+00:00
[2025-02-04T14:20:11.085+0000] {processor.py:208} INFO - Processing /home/airflow/.local/lib/python3.12/site-packages/airflow/example_dags/example_branch_operator.py took 0.215 seconds
[2025-02-04T14:20:48.592+0000] {processor.py:186} INFO - Started process (PID=355) to work on /home/airflow/.local/lib/python3.12/site-packages/airflow/example_dags/example_branch_operator.py
[2025-02-04T14:20:48.595+0000] {processor.py:914} INFO - Processing file /home/airflow/.local/lib/python3.12/site-packages/airflow/example_dags/example_branch_operator.py for tasks to queue
[2025-02-04T14:20:48.598+0000] {logging_mixin.py:190} INFO - [2025-02-04T14:20:48.597+0000] {dagbag.py:588} INFO - Filling up the DagBag from /home/airflow/.local/lib/python3.12/site-packages/airflow/example_dags/example_branch_operator.py
[2025-02-04T14:20:48.679+0000] {processor.py:925} INFO - DAG(s) 'example_branch_operator' retrieved from /home/airflow/.local/lib/python3.12/site-packages/airflow/example_dags/example_branch_operator.py
[2025-02-04T14:20:48.791+0000] {logging_mixin.py:190} INFO - [2025-02-04T14:20:48.791+0000] {dag.py:3239} INFO - Sync 1 DAGs
[2025-02-04T14:20:48.922+0000] {logging_mixin.py:190} INFO - [2025-02-04T14:20:48.921+0000] {dag.py:4180} INFO - Setting next_dagrun for example_branch_operator to 2025-02-03 00:00:00+00:00, run_after=2025-02-04 00:00:00+00:00
[2025-02-04T14:20:48.997+0000] {processor.py:208} INFO - Processing /home/airflow/.local/lib/python3.12/site-packages/airflow/example_dags/example_branch_operator.py took 0.441 seconds
[2025-02-04T14:21:19.690+0000] {processor.py:186} INFO - Started process (PID=427) to work on /home/airflow/.local/lib/python3.12/site-packages/airflow/example_dags/example_branch_operator.py
[2025-02-04T14:21:19.696+0000] {processor.py:914} INFO - Processing file /home/airflow/.local/lib/python3.12/site-packages/airflow/example_dags/example_branch_operator.py for tasks to queue
[2025-02-04T14:21:19.712+0000] {logging_mixin.py:190} INFO - [2025-02-04T14:21:19.711+0000] {dagbag.py:588} INFO - Filling up the DagBag from /home/airflow/.local/lib/python3.12/site-packages/airflow/example_dags/example_branch_operator.py
[2025-02-04T14:21:19.766+0000] {processor.py:925} INFO - DAG(s) 'example_branch_operator' retrieved from /home/airflow/.local/lib/python3.12/site-packages/airflow/example_dags/example_branch_operator.py
[2025-02-04T14:21:19.823+0000] {logging_mixin.py:190} INFO - [2025-02-04T14:21:19.822+0000] {dag.py:3239} INFO - Sync 1 DAGs
[2025-02-04T14:21:19.873+0000] {logging_mixin.py:190} INFO - [2025-02-04T14:21:19.872+0000] {dag.py:4180} INFO - Setting next_dagrun for example_branch_operator to 2025-02-03 00:00:00+00:00, run_after=2025-02-04 00:00:00+00:00
[2025-02-04T14:21:19.905+0000] {processor.py:208} INFO - Processing /home/airflow/.local/lib/python3.12/site-packages/airflow/example_dags/example_branch_operator.py took 0.233 seconds
[2025-02-04T14:21:51.717+0000] {processor.py:186} INFO - Started process (PID=492) to work on /home/airflow/.local/lib/python3.12/site-packages/airflow/example_dags/example_branch_operator.py
[2025-02-04T14:21:51.720+0000] {processor.py:914} INFO - Processing file /home/airflow/.local/lib/python3.12/site-packages/airflow/example_dags/example_branch_operator.py for tasks to queue
[2025-02-04T14:21:51.734+0000] {logging_mixin.py:190} INFO - [2025-02-04T14:21:51.733+0000] {dagbag.py:588} INFO - Filling up the DagBag from /home/airflow/.local/lib/python3.12/site-packages/airflow/example_dags/example_branch_operator.py
[2025-02-04T14:21:51.925+0000] {processor.py:925} INFO - DAG(s) 'example_branch_operator' retrieved from /home/airflow/.local/lib/python3.12/site-packages/airflow/example_dags/example_branch_operator.py
[2025-02-04T14:21:52.123+0000] {logging_mixin.py:190} INFO - [2025-02-04T14:21:52.123+0000] {dag.py:3239} INFO - Sync 1 DAGs
[2025-02-04T14:21:52.265+0000] {logging_mixin.py:190} INFO - [2025-02-04T14:21:52.264+0000] {dag.py:4180} INFO - Setting next_dagrun for example_branch_operator to 2025-02-03 00:00:00+00:00, run_after=2025-02-04 00:00:00+00:00
[2025-02-04T14:21:52.313+0000] {processor.py:208} INFO - Processing /home/airflow/.local/lib/python3.12/site-packages/airflow/example_dags/example_branch_operator.py took 0.646 seconds
[2025-02-04T14:22:23.272+0000] {processor.py:186} INFO - Started process (PID=565) to work on /home/airflow/.local/lib/python3.12/site-packages/airflow/example_dags/example_branch_operator.py
[2025-02-04T14:22:23.276+0000] {processor.py:914} INFO - Processing file /home/airflow/.local/lib/python3.12/site-packages/airflow/example_dags/example_branch_operator.py for tasks to queue
[2025-02-04T14:22:23.284+0000] {logging_mixin.py:190} INFO - [2025-02-04T14:22:23.280+0000] {dagbag.py:588} INFO - Filling up the DagBag from /home/airflow/.local/lib/python3.12/site-packages/airflow/example_dags/example_branch_operator.py
[2025-02-04T14:22:23.367+0000] {processor.py:925} INFO - DAG(s) 'example_branch_operator' retrieved from /home/airflow/.local/lib/python3.12/site-packages/airflow/example_dags/example_branch_operator.py
[2025-02-04T14:22:23.476+0000] {logging_mixin.py:190} INFO - [2025-02-04T14:22:23.476+0000] {dag.py:3239} INFO - Sync 1 DAGs
[2025-02-04T14:22:23.543+0000] {logging_mixin.py:190} INFO - [2025-02-04T14:22:23.543+0000] {dag.py:4180} INFO - Setting next_dagrun for example_branch_operator to 2025-02-03 00:00:00+00:00, run_after=2025-02-04 00:00:00+00:00
[2025-02-04T14:22:23.584+0000] {processor.py:208} INFO - Processing /home/airflow/.local/lib/python3.12/site-packages/airflow/example_dags/example_branch_operator.py took 0.336 seconds
[2025-02-04T14:22:54.215+0000] {processor.py:186} INFO - Started process (PID=630) to work on /home/airflow/.local/lib/python3.12/site-packages/airflow/example_dags/example_branch_operator.py
[2025-02-04T14:22:54.217+0000] {processor.py:914} INFO - Processing file /home/airflow/.local/lib/python3.12/site-packages/airflow/example_dags/example_branch_operator.py for tasks to queue
[2025-02-04T14:22:54.221+0000] {logging_mixin.py:190} INFO - [2025-02-04T14:22:54.220+0000] {dagbag.py:588} INFO - Filling up the DagBag from /home/airflow/.local/lib/python3.12/site-packages/airflow/example_dags/example_branch_operator.py
[2025-02-04T14:22:54.256+0000] {processor.py:925} INFO - DAG(s) 'example_branch_operator' retrieved from /home/airflow/.local/lib/python3.12/site-packages/airflow/example_dags/example_branch_operator.py
[2025-02-04T14:22:54.305+0000] {logging_mixin.py:190} INFO - [2025-02-04T14:22:54.304+0000] {dag.py:3239} INFO - Sync 1 DAGs
[2025-02-04T14:22:54.346+0000] {logging_mixin.py:190} INFO - [2025-02-04T14:22:54.345+0000] {dag.py:4180} INFO - Setting next_dagrun for example_branch_operator to 2025-02-03 00:00:00+00:00, run_after=2025-02-04 00:00:00+00:00
[2025-02-04T14:22:54.383+0000] {processor.py:208} INFO - Processing /home/airflow/.local/lib/python3.12/site-packages/airflow/example_dags/example_branch_operator.py took 0.183 seconds
[2025-02-04T14:23:24.944+0000] {processor.py:186} INFO - Started process (PID=695) to work on /home/airflow/.local/lib/python3.12/site-packages/airflow/example_dags/example_branch_operator.py
[2025-02-04T14:23:24.948+0000] {processor.py:914} INFO - Processing file /home/airflow/.local/lib/python3.12/site-packages/airflow/example_dags/example_branch_operator.py for tasks to queue
[2025-02-04T14:23:24.954+0000] {logging_mixin.py:190} INFO - [2025-02-04T14:23:24.953+0000] {dagbag.py:588} INFO - Filling up the DagBag from /home/airflow/.local/lib/python3.12/site-packages/airflow/example_dags/example_branch_operator.py
[2025-02-04T14:23:25.031+0000] {processor.py:925} INFO - DAG(s) 'example_branch_operator' retrieved from /home/airflow/.local/lib/python3.12/site-packages/airflow/example_dags/example_branch_operator.py
[2025-02-04T14:23:25.134+0000] {logging_mixin.py:190} INFO - [2025-02-04T14:23:25.134+0000] {dag.py:3239} INFO - Sync 1 DAGs
[2025-02-04T14:23:25.212+0000] {logging_mixin.py:190} INFO - [2025-02-04T14:23:25.211+0000] {dag.py:4180} INFO - Setting next_dagrun for example_branch_operator to 2025-02-03 00:00:00+00:00, run_after=2025-02-04 00:00:00+00:00
[2025-02-04T14:23:25.257+0000] {processor.py:208} INFO - Processing /home/airflow/.local/lib/python3.12/site-packages/airflow/example_dags/example_branch_operator.py took 0.345 seconds
[2025-02-04T14:23:55.330+0000] {processor.py:186} INFO - Started process (PID=758) to work on /home/airflow/.local/lib/python3.12/site-packages/airflow/example_dags/example_branch_operator.py
[2025-02-04T14:23:55.331+0000] {processor.py:914} INFO - Processing file /home/airflow/.local/lib/python3.12/site-packages/airflow/example_dags/example_branch_operator.py for tasks to queue
[2025-02-04T14:23:55.333+0000] {logging_mixin.py:190} INFO - [2025-02-04T14:23:55.333+0000] {dagbag.py:588} INFO - Filling up the DagBag from /home/airflow/.local/lib/python3.12/site-packages/airflow/example_dags/example_branch_operator.py
[2025-02-04T14:23:55.365+0000] {processor.py:925} INFO - DAG(s) 'example_branch_operator' retrieved from /home/airflow/.local/lib/python3.12/site-packages/airflow/example_dags/example_branch_operator.py
[2025-02-04T14:23:55.440+0000] {logging_mixin.py:190} INFO - [2025-02-04T14:23:55.440+0000] {dag.py:3239} INFO - Sync 1 DAGs
[2025-02-04T14:23:55.508+0000] {logging_mixin.py:190} INFO - [2025-02-04T14:23:55.508+0000] {dag.py:4180} INFO - Setting next_dagrun for example_branch_operator to 2025-02-03 00:00:00+00:00, run_after=2025-02-04 00:00:00+00:00
[2025-02-04T14:23:55.538+0000] {processor.py:208} INFO - Processing /home/airflow/.local/lib/python3.12/site-packages/airflow/example_dags/example_branch_operator.py took 0.217 seconds
[2025-02-04T14:24:26.288+0000] {processor.py:186} INFO - Started process (PID=823) to work on /home/airflow/.local/lib/python3.12/site-packages/airflow/example_dags/example_branch_operator.py
[2025-02-04T14:24:26.303+0000] {processor.py:914} INFO - Processing file /home/airflow/.local/lib/python3.12/site-packages/airflow/example_dags/example_branch_operator.py for tasks to queue
[2025-02-04T14:24:26.360+0000] {logging_mixin.py:190} INFO - [2025-02-04T14:24:26.359+0000] {dagbag.py:588} INFO - Filling up the DagBag from /home/airflow/.local/lib/python3.12/site-packages/airflow/example_dags/example_branch_operator.py
[2025-02-04T14:24:26.551+0000] {processor.py:925} INFO - DAG(s) 'example_branch_operator' retrieved from /home/airflow/.local/lib/python3.12/site-packages/airflow/example_dags/example_branch_operator.py
[2025-02-04T14:24:26.978+0000] {logging_mixin.py:190} INFO - [2025-02-04T14:24:26.977+0000] {dag.py:3239} INFO - Sync 1 DAGs
[2025-02-04T14:24:27.236+0000] {logging_mixin.py:190} INFO - [2025-02-04T14:24:27.235+0000] {dag.py:4180} INFO - Setting next_dagrun for example_branch_operator to 2025-02-03 00:00:00+00:00, run_after=2025-02-04 00:00:00+00:00
[2025-02-04T14:24:27.401+0000] {processor.py:208} INFO - Processing /home/airflow/.local/lib/python3.12/site-packages/airflow/example_dags/example_branch_operator.py took 1.147 seconds
[2025-02-04T14:32:21.237+0000] {processor.py:186} INFO - Started process (PID=92) to work on /home/airflow/.local/lib/python3.12/site-packages/airflow/example_dags/example_branch_operator.py
[2025-02-04T14:32:21.251+0000] {processor.py:914} INFO - Processing file /home/airflow/.local/lib/python3.12/site-packages/airflow/example_dags/example_branch_operator.py for tasks to queue
[2025-02-04T14:32:21.301+0000] {logging_mixin.py:190} INFO - [2025-02-04T14:32:21.297+0000] {dagbag.py:588} INFO - Filling up the DagBag from /home/airflow/.local/lib/python3.12/site-packages/airflow/example_dags/example_branch_operator.py
[2025-02-04T14:32:22.030+0000] {processor.py:925} INFO - DAG(s) 'example_branch_operator' retrieved from /home/airflow/.local/lib/python3.12/site-packages/airflow/example_dags/example_branch_operator.py
[2025-02-04T14:32:23.321+0000] {logging_mixin.py:190} INFO - [2025-02-04T14:32:23.320+0000] {override.py:1911} INFO - Created Permission View: can delete on DAG:example_branch_operator
[2025-02-04T14:32:23.364+0000] {logging_mixin.py:190} INFO - [2025-02-04T14:32:23.363+0000] {override.py:1911} INFO - Created Permission View: can read on DAG:example_branch_operator
[2025-02-04T14:32:23.400+0000] {logging_mixin.py:190} INFO - [2025-02-04T14:32:23.400+0000] {override.py:1911} INFO - Created Permission View: can edit on DAG:example_branch_operator
[2025-02-04T14:32:23.466+0000] {logging_mixin.py:190} INFO - [2025-02-04T14:32:23.466+0000] {override.py:1911} INFO - Created Permission View: can create on DAG Run:example_branch_operator
[2025-02-04T14:32:23.498+0000] {logging_mixin.py:190} INFO - [2025-02-04T14:32:23.497+0000] {override.py:1911} INFO - Created Permission View: can delete on DAG Run:example_branch_operator
[2025-02-04T14:32:23.533+0000] {logging_mixin.py:190} INFO - [2025-02-04T14:32:23.533+0000] {override.py:1911} INFO - Created Permission View: can read on DAG Run:example_branch_operator
[2025-02-04T14:32:23.610+0000] {logging_mixin.py:190} INFO - [2025-02-04T14:32:23.609+0000] {override.py:1911} INFO - Created Permission View: menu access on DAG Run:example_branch_operator
[2025-02-04T14:32:23.611+0000] {logging_mixin.py:190} INFO - [2025-02-04T14:32:23.611+0000] {dag.py:3239} INFO - Sync 1 DAGs
[2025-02-04T14:32:23.716+0000] {logging_mixin.py:190} INFO - [2025-02-04T14:32:23.716+0000] {dag.py:3262} INFO - Creating ORM DAG for example_branch_operator
[2025-02-04T14:32:23.817+0000] {logging_mixin.py:190} INFO - [2025-02-04T14:32:23.817+0000] {dag.py:4180} INFO - Setting next_dagrun for example_branch_operator to 2025-02-03 00:00:00+00:00, run_after=2025-02-04 00:00:00+00:00
[2025-02-04T14:32:24.014+0000] {processor.py:208} INFO - Processing /home/airflow/.local/lib/python3.12/site-packages/airflow/example_dags/example_branch_operator.py took 2.868 seconds
[2025-02-04T14:33:13.096+0000] {processor.py:186} INFO - Started process (PID=162) to work on /home/airflow/.local/lib/python3.12/site-packages/airflow/example_dags/example_branch_operator.py
[2025-02-04T14:33:13.099+0000] {processor.py:914} INFO - Processing file /home/airflow/.local/lib/python3.12/site-packages/airflow/example_dags/example_branch_operator.py for tasks to queue
[2025-02-04T14:33:13.104+0000] {logging_mixin.py:190} INFO - [2025-02-04T14:33:13.103+0000] {dagbag.py:588} INFO - Filling up the DagBag from /home/airflow/.local/lib/python3.12/site-packages/airflow/example_dags/example_branch_operator.py
[2025-02-04T14:33:13.190+0000] {processor.py:925} INFO - DAG(s) 'example_branch_operator' retrieved from /home/airflow/.local/lib/python3.12/site-packages/airflow/example_dags/example_branch_operator.py
[2025-02-04T14:33:13.311+0000] {logging_mixin.py:190} INFO - [2025-02-04T14:33:13.301+0000] {dag.py:3239} INFO - Sync 1 DAGs
[2025-02-04T14:33:13.479+0000] {logging_mixin.py:190} INFO - [2025-02-04T14:33:13.479+0000] {dag.py:4180} INFO - Setting next_dagrun for example_branch_operator to 2025-02-03 00:00:00+00:00, run_after=2025-02-04 00:00:00+00:00
[2025-02-04T14:33:13.707+0000] {processor.py:208} INFO - Processing /home/airflow/.local/lib/python3.12/site-packages/airflow/example_dags/example_branch_operator.py took 0.641 seconds
[2025-02-04T14:33:44.119+0000] {processor.py:186} INFO - Started process (PID=225) to work on /home/airflow/.local/lib/python3.12/site-packages/airflow/example_dags/example_branch_operator.py
[2025-02-04T14:33:44.121+0000] {processor.py:914} INFO - Processing file /home/airflow/.local/lib/python3.12/site-packages/airflow/example_dags/example_branch_operator.py for tasks to queue
[2025-02-04T14:33:44.130+0000] {logging_mixin.py:190} INFO - [2025-02-04T14:33:44.129+0000] {dagbag.py:588} INFO - Filling up the DagBag from /home/airflow/.local/lib/python3.12/site-packages/airflow/example_dags/example_branch_operator.py
[2025-02-04T14:33:44.164+0000] {processor.py:925} INFO - DAG(s) 'example_branch_operator' retrieved from /home/airflow/.local/lib/python3.12/site-packages/airflow/example_dags/example_branch_operator.py
[2025-02-04T14:33:44.207+0000] {logging_mixin.py:190} INFO - [2025-02-04T14:33:44.207+0000] {dag.py:3239} INFO - Sync 1 DAGs
[2025-02-04T14:33:44.240+0000] {logging_mixin.py:190} INFO - [2025-02-04T14:33:44.240+0000] {dag.py:4180} INFO - Setting next_dagrun for example_branch_operator to 2025-02-03 00:00:00+00:00, run_after=2025-02-04 00:00:00+00:00
[2025-02-04T14:33:44.278+0000] {processor.py:208} INFO - Processing /home/airflow/.local/lib/python3.12/site-packages/airflow/example_dags/example_branch_operator.py took 0.173 seconds
[2025-02-04T14:34:14.971+0000] {processor.py:186} INFO - Started process (PID=283) to work on /home/airflow/.local/lib/python3.12/site-packages/airflow/example_dags/example_branch_operator.py
[2025-02-04T14:34:14.974+0000] {processor.py:914} INFO - Processing file /home/airflow/.local/lib/python3.12/site-packages/airflow/example_dags/example_branch_operator.py for tasks to queue
[2025-02-04T14:34:14.980+0000] {logging_mixin.py:190} INFO - [2025-02-04T14:34:14.979+0000] {dagbag.py:588} INFO - Filling up the DagBag from /home/airflow/.local/lib/python3.12/site-packages/airflow/example_dags/example_branch_operator.py
[2025-02-04T14:34:15.036+0000] {processor.py:925} INFO - DAG(s) 'example_branch_operator' retrieved from /home/airflow/.local/lib/python3.12/site-packages/airflow/example_dags/example_branch_operator.py
[2025-02-04T14:34:15.116+0000] {logging_mixin.py:190} INFO - [2025-02-04T14:34:15.116+0000] {dag.py:3239} INFO - Sync 1 DAGs
[2025-02-04T14:34:15.152+0000] {logging_mixin.py:190} INFO - [2025-02-04T14:34:15.152+0000] {dag.py:4180} INFO - Setting next_dagrun for example_branch_operator to 2025-02-03 00:00:00+00:00, run_after=2025-02-04 00:00:00+00:00
[2025-02-04T14:34:15.181+0000] {processor.py:208} INFO - Processing /home/airflow/.local/lib/python3.12/site-packages/airflow/example_dags/example_branch_operator.py took 0.230 seconds
[2025-02-04T14:34:45.496+0000] {processor.py:186} INFO - Started process (PID=347) to work on /home/airflow/.local/lib/python3.12/site-packages/airflow/example_dags/example_branch_operator.py
[2025-02-04T14:34:45.498+0000] {processor.py:914} INFO - Processing file /home/airflow/.local/lib/python3.12/site-packages/airflow/example_dags/example_branch_operator.py for tasks to queue
[2025-02-04T14:34:45.502+0000] {logging_mixin.py:190} INFO - [2025-02-04T14:34:45.501+0000] {dagbag.py:588} INFO - Filling up the DagBag from /home/airflow/.local/lib/python3.12/site-packages/airflow/example_dags/example_branch_operator.py
[2025-02-04T14:34:45.532+0000] {processor.py:925} INFO - DAG(s) 'example_branch_operator' retrieved from /home/airflow/.local/lib/python3.12/site-packages/airflow/example_dags/example_branch_operator.py
[2025-02-04T14:34:45.581+0000] {logging_mixin.py:190} INFO - [2025-02-04T14:34:45.581+0000] {dag.py:3239} INFO - Sync 1 DAGs
[2025-02-04T14:34:45.617+0000] {logging_mixin.py:190} INFO - [2025-02-04T14:34:45.616+0000] {dag.py:4180} INFO - Setting next_dagrun for example_branch_operator to 2025-02-03 00:00:00+00:00, run_after=2025-02-04 00:00:00+00:00
[2025-02-04T14:34:45.645+0000] {processor.py:208} INFO - Processing /home/airflow/.local/lib/python3.12/site-packages/airflow/example_dags/example_branch_operator.py took 0.159 seconds
[2025-02-04T14:35:17.176+0000] {processor.py:186} INFO - Started process (PID=417) to work on /home/airflow/.local/lib/python3.12/site-packages/airflow/example_dags/example_branch_operator.py
[2025-02-04T14:35:17.178+0000] {processor.py:914} INFO - Processing file /home/airflow/.local/lib/python3.12/site-packages/airflow/example_dags/example_branch_operator.py for tasks to queue
[2025-02-04T14:35:17.182+0000] {logging_mixin.py:190} INFO - [2025-02-04T14:35:17.181+0000] {dagbag.py:588} INFO - Filling up the DagBag from /home/airflow/.local/lib/python3.12/site-packages/airflow/example_dags/example_branch_operator.py
[2025-02-04T14:35:17.213+0000] {processor.py:925} INFO - DAG(s) 'example_branch_operator' retrieved from /home/airflow/.local/lib/python3.12/site-packages/airflow/example_dags/example_branch_operator.py
[2025-02-04T14:35:17.274+0000] {logging_mixin.py:190} INFO - [2025-02-04T14:35:17.274+0000] {dag.py:3239} INFO - Sync 1 DAGs
[2025-02-04T14:35:17.326+0000] {logging_mixin.py:190} INFO - [2025-02-04T14:35:17.325+0000] {dag.py:4180} INFO - Setting next_dagrun for example_branch_operator to 2025-02-03 00:00:00+00:00, run_after=2025-02-04 00:00:00+00:00
[2025-02-04T14:35:17.379+0000] {processor.py:208} INFO - Processing /home/airflow/.local/lib/python3.12/site-packages/airflow/example_dags/example_branch_operator.py took 0.212 seconds
[2025-02-04T14:35:53.957+0000] {processor.py:186} INFO - Started process (PID=480) to work on /home/airflow/.local/lib/python3.12/site-packages/airflow/example_dags/example_branch_operator.py
[2025-02-04T14:35:53.958+0000] {processor.py:914} INFO - Processing file /home/airflow/.local/lib/python3.12/site-packages/airflow/example_dags/example_branch_operator.py for tasks to queue
[2025-02-04T14:35:53.963+0000] {logging_mixin.py:190} INFO - [2025-02-04T14:35:53.963+0000] {dagbag.py:588} INFO - Filling up the DagBag from /home/airflow/.local/lib/python3.12/site-packages/airflow/example_dags/example_branch_operator.py
[2025-02-04T14:35:54.026+0000] {processor.py:925} INFO - DAG(s) 'example_branch_operator' retrieved from /home/airflow/.local/lib/python3.12/site-packages/airflow/example_dags/example_branch_operator.py
[2025-02-04T14:35:54.120+0000] {logging_mixin.py:190} INFO - [2025-02-04T14:35:54.120+0000] {dag.py:3239} INFO - Sync 1 DAGs
[2025-02-04T14:35:54.202+0000] {logging_mixin.py:190} INFO - [2025-02-04T14:35:54.202+0000] {dag.py:4180} INFO - Setting next_dagrun for example_branch_operator to 2025-02-03 00:00:00+00:00, run_after=2025-02-04 00:00:00+00:00
[2025-02-04T14:35:54.268+0000] {processor.py:208} INFO - Processing /home/airflow/.local/lib/python3.12/site-packages/airflow/example_dags/example_branch_operator.py took 0.326 seconds
[2025-02-04T14:36:37.545+0000] {processor.py:186} INFO - Started process (PID=545) to work on /home/airflow/.local/lib/python3.12/site-packages/airflow/example_dags/example_branch_operator.py
[2025-02-04T14:36:37.551+0000] {processor.py:914} INFO - Processing file /home/airflow/.local/lib/python3.12/site-packages/airflow/example_dags/example_branch_operator.py for tasks to queue
[2025-02-04T14:36:37.563+0000] {logging_mixin.py:190} INFO - [2025-02-04T14:36:37.562+0000] {dagbag.py:588} INFO - Filling up the DagBag from /home/airflow/.local/lib/python3.12/site-packages/airflow/example_dags/example_branch_operator.py
[2025-02-04T14:36:37.749+0000] {processor.py:925} INFO - DAG(s) 'example_branch_operator' retrieved from /home/airflow/.local/lib/python3.12/site-packages/airflow/example_dags/example_branch_operator.py
[2025-02-04T14:36:38.043+0000] {logging_mixin.py:190} INFO - [2025-02-04T14:36:38.042+0000] {dag.py:3239} INFO - Sync 1 DAGs
[2025-02-04T14:36:38.175+0000] {logging_mixin.py:190} INFO - [2025-02-04T14:36:38.175+0000] {dag.py:4180} INFO - Setting next_dagrun for example_branch_operator to 2025-02-03 00:00:00+00:00, run_after=2025-02-04 00:00:00+00:00
[2025-02-04T14:36:38.237+0000] {processor.py:208} INFO - Processing /home/airflow/.local/lib/python3.12/site-packages/airflow/example_dags/example_branch_operator.py took 0.739 seconds
[2025-02-04T14:37:09.422+0000] {processor.py:186} INFO - Started process (PID=609) to work on /home/airflow/.local/lib/python3.12/site-packages/airflow/example_dags/example_branch_operator.py
[2025-02-04T14:37:09.435+0000] {processor.py:914} INFO - Processing file /home/airflow/.local/lib/python3.12/site-packages/airflow/example_dags/example_branch_operator.py for tasks to queue
[2025-02-04T14:37:09.451+0000] {logging_mixin.py:190} INFO - [2025-02-04T14:37:09.441+0000] {dagbag.py:588} INFO - Filling up the DagBag from /home/airflow/.local/lib/python3.12/site-packages/airflow/example_dags/example_branch_operator.py
[2025-02-04T14:37:09.591+0000] {processor.py:925} INFO - DAG(s) 'example_branch_operator' retrieved from /home/airflow/.local/lib/python3.12/site-packages/airflow/example_dags/example_branch_operator.py
[2025-02-04T14:37:09.758+0000] {logging_mixin.py:190} INFO - [2025-02-04T14:37:09.758+0000] {dag.py:3239} INFO - Sync 1 DAGs
[2025-02-04T14:37:09.981+0000] {logging_mixin.py:190} INFO - [2025-02-04T14:37:09.981+0000] {dag.py:4180} INFO - Setting next_dagrun for example_branch_operator to 2025-02-03 00:00:00+00:00, run_after=2025-02-04 00:00:00+00:00
[2025-02-04T14:37:10.106+0000] {processor.py:208} INFO - Processing /home/airflow/.local/lib/python3.12/site-packages/airflow/example_dags/example_branch_operator.py took 0.732 seconds
[2025-02-04T14:37:46.899+0000] {processor.py:186} INFO - Started process (PID=673) to work on /home/airflow/.local/lib/python3.12/site-packages/airflow/example_dags/example_branch_operator.py
[2025-02-04T14:37:46.901+0000] {processor.py:914} INFO - Processing file /home/airflow/.local/lib/python3.12/site-packages/airflow/example_dags/example_branch_operator.py for tasks to queue
[2025-02-04T14:37:46.907+0000] {logging_mixin.py:190} INFO - [2025-02-04T14:37:46.906+0000] {dagbag.py:588} INFO - Filling up the DagBag from /home/airflow/.local/lib/python3.12/site-packages/airflow/example_dags/example_branch_operator.py
[2025-02-04T14:37:46.968+0000] {processor.py:925} INFO - DAG(s) 'example_branch_operator' retrieved from /home/airflow/.local/lib/python3.12/site-packages/airflow/example_dags/example_branch_operator.py
[2025-02-04T14:37:47.060+0000] {logging_mixin.py:190} INFO - [2025-02-04T14:37:47.060+0000] {dag.py:3239} INFO - Sync 1 DAGs
[2025-02-04T14:37:47.122+0000] {logging_mixin.py:190} INFO - [2025-02-04T14:37:47.122+0000] {dag.py:4180} INFO - Setting next_dagrun for example_branch_operator to 2025-02-03 00:00:00+00:00, run_after=2025-02-04 00:00:00+00:00
[2025-02-04T14:37:47.171+0000] {processor.py:208} INFO - Processing /home/airflow/.local/lib/python3.12/site-packages/airflow/example_dags/example_branch_operator.py took 0.287 seconds
[2025-02-04T14:38:18.133+0000] {processor.py:186} INFO - Started process (PID=737) to work on /home/airflow/.local/lib/python3.12/site-packages/airflow/example_dags/example_branch_operator.py
[2025-02-04T14:38:18.136+0000] {processor.py:914} INFO - Processing file /home/airflow/.local/lib/python3.12/site-packages/airflow/example_dags/example_branch_operator.py for tasks to queue
[2025-02-04T14:38:18.145+0000] {logging_mixin.py:190} INFO - [2025-02-04T14:38:18.143+0000] {dagbag.py:588} INFO - Filling up the DagBag from /home/airflow/.local/lib/python3.12/site-packages/airflow/example_dags/example_branch_operator.py
[2025-02-04T14:38:18.210+0000] {processor.py:925} INFO - DAG(s) 'example_branch_operator' retrieved from /home/airflow/.local/lib/python3.12/site-packages/airflow/example_dags/example_branch_operator.py
[2025-02-04T14:38:18.312+0000] {logging_mixin.py:190} INFO - [2025-02-04T14:38:18.312+0000] {dag.py:3239} INFO - Sync 1 DAGs
[2025-02-04T14:38:18.368+0000] {logging_mixin.py:190} INFO - [2025-02-04T14:38:18.368+0000] {dag.py:4180} INFO - Setting next_dagrun for example_branch_operator to 2025-02-03 00:00:00+00:00, run_after=2025-02-04 00:00:00+00:00
[2025-02-04T14:38:18.404+0000] {processor.py:208} INFO - Processing /home/airflow/.local/lib/python3.12/site-packages/airflow/example_dags/example_branch_operator.py took 0.296 seconds
[2025-02-04T14:38:50.523+0000] {processor.py:186} INFO - Started process (PID=801) to work on /home/airflow/.local/lib/python3.12/site-packages/airflow/example_dags/example_branch_operator.py
[2025-02-04T14:38:50.544+0000] {processor.py:914} INFO - Processing file /home/airflow/.local/lib/python3.12/site-packages/airflow/example_dags/example_branch_operator.py for tasks to queue
[2025-02-04T14:38:50.562+0000] {logging_mixin.py:190} INFO - [2025-02-04T14:38:50.562+0000] {dagbag.py:588} INFO - Filling up the DagBag from /home/airflow/.local/lib/python3.12/site-packages/airflow/example_dags/example_branch_operator.py
[2025-02-04T14:38:50.716+0000] {processor.py:925} INFO - DAG(s) 'example_branch_operator' retrieved from /home/airflow/.local/lib/python3.12/site-packages/airflow/example_dags/example_branch_operator.py
[2025-02-04T14:38:50.864+0000] {logging_mixin.py:190} INFO - [2025-02-04T14:38:50.863+0000] {dag.py:3239} INFO - Sync 1 DAGs
[2025-02-04T14:38:50.961+0000] {logging_mixin.py:190} INFO - [2025-02-04T14:38:50.959+0000] {dag.py:4180} INFO - Setting next_dagrun for example_branch_operator to 2025-02-03 00:00:00+00:00, run_after=2025-02-04 00:00:00+00:00
[2025-02-04T14:38:51.048+0000] {processor.py:208} INFO - Processing /home/airflow/.local/lib/python3.12/site-packages/airflow/example_dags/example_branch_operator.py took 0.563 seconds
[2025-02-04T14:39:21.245+0000] {processor.py:186} INFO - Started process (PID=865) to work on /home/airflow/.local/lib/python3.12/site-packages/airflow/example_dags/example_branch_operator.py
[2025-02-04T14:39:21.247+0000] {processor.py:914} INFO - Processing file /home/airflow/.local/lib/python3.12/site-packages/airflow/example_dags/example_branch_operator.py for tasks to queue
[2025-02-04T14:39:21.252+0000] {logging_mixin.py:190} INFO - [2025-02-04T14:39:21.251+0000] {dagbag.py:588} INFO - Filling up the DagBag from /home/airflow/.local/lib/python3.12/site-packages/airflow/example_dags/example_branch_operator.py
[2025-02-04T14:39:21.285+0000] {processor.py:925} INFO - DAG(s) 'example_branch_operator' retrieved from /home/airflow/.local/lib/python3.12/site-packages/airflow/example_dags/example_branch_operator.py
[2025-02-04T14:39:21.327+0000] {logging_mixin.py:190} INFO - [2025-02-04T14:39:21.327+0000] {dag.py:3239} INFO - Sync 1 DAGs
[2025-02-04T14:39:21.360+0000] {logging_mixin.py:190} INFO - [2025-02-04T14:39:21.359+0000] {dag.py:4180} INFO - Setting next_dagrun for example_branch_operator to 2025-02-03 00:00:00+00:00, run_after=2025-02-04 00:00:00+00:00
[2025-02-04T14:39:21.388+0000] {processor.py:208} INFO - Processing /home/airflow/.local/lib/python3.12/site-packages/airflow/example_dags/example_branch_operator.py took 0.155 seconds
[2025-02-04T14:39:51.601+0000] {processor.py:186} INFO - Started process (PID=929) to work on /home/airflow/.local/lib/python3.12/site-packages/airflow/example_dags/example_branch_operator.py
[2025-02-04T14:39:51.603+0000] {processor.py:914} INFO - Processing file /home/airflow/.local/lib/python3.12/site-packages/airflow/example_dags/example_branch_operator.py for tasks to queue
[2025-02-04T14:39:51.611+0000] {logging_mixin.py:190} INFO - [2025-02-04T14:39:51.611+0000] {dagbag.py:588} INFO - Filling up the DagBag from /home/airflow/.local/lib/python3.12/site-packages/airflow/example_dags/example_branch_operator.py
[2025-02-04T14:39:51.681+0000] {processor.py:925} INFO - DAG(s) 'example_branch_operator' retrieved from /home/airflow/.local/lib/python3.12/site-packages/airflow/example_dags/example_branch_operator.py
[2025-02-04T14:39:51.859+0000] {logging_mixin.py:190} INFO - [2025-02-04T14:39:51.858+0000] {dag.py:3239} INFO - Sync 1 DAGs
[2025-02-04T14:39:51.908+0000] {logging_mixin.py:190} INFO - [2025-02-04T14:39:51.908+0000] {dag.py:4180} INFO - Setting next_dagrun for example_branch_operator to 2025-02-03 00:00:00+00:00, run_after=2025-02-04 00:00:00+00:00
[2025-02-04T14:39:51.948+0000] {processor.py:208} INFO - Processing /home/airflow/.local/lib/python3.12/site-packages/airflow/example_dags/example_branch_operator.py took 0.362 seconds
[2025-02-04T14:40:22.693+0000] {processor.py:186} INFO - Started process (PID=993) to work on /home/airflow/.local/lib/python3.12/site-packages/airflow/example_dags/example_branch_operator.py
[2025-02-04T14:40:22.695+0000] {processor.py:914} INFO - Processing file /home/airflow/.local/lib/python3.12/site-packages/airflow/example_dags/example_branch_operator.py for tasks to queue
[2025-02-04T14:40:22.700+0000] {logging_mixin.py:190} INFO - [2025-02-04T14:40:22.699+0000] {dagbag.py:588} INFO - Filling up the DagBag from /home/airflow/.local/lib/python3.12/site-packages/airflow/example_dags/example_branch_operator.py
[2025-02-04T14:40:22.750+0000] {processor.py:925} INFO - DAG(s) 'example_branch_operator' retrieved from /home/airflow/.local/lib/python3.12/site-packages/airflow/example_dags/example_branch_operator.py
[2025-02-04T14:40:23.032+0000] {logging_mixin.py:190} INFO - [2025-02-04T14:40:23.032+0000] {dag.py:3239} INFO - Sync 1 DAGs
[2025-02-04T14:40:23.126+0000] {logging_mixin.py:190} INFO - [2025-02-04T14:40:23.125+0000] {dag.py:4180} INFO - Setting next_dagrun for example_branch_operator to 2025-02-03 00:00:00+00:00, run_after=2025-02-04 00:00:00+00:00
[2025-02-04T14:40:23.263+0000] {processor.py:208} INFO - Processing /home/airflow/.local/lib/python3.12/site-packages/airflow/example_dags/example_branch_operator.py took 0.583 seconds
[2025-02-04T14:40:54.066+0000] {processor.py:186} INFO - Started process (PID=1058) to work on /home/airflow/.local/lib/python3.12/site-packages/airflow/example_dags/example_branch_operator.py
[2025-02-04T14:40:54.069+0000] {processor.py:914} INFO - Processing file /home/airflow/.local/lib/python3.12/site-packages/airflow/example_dags/example_branch_operator.py for tasks to queue
[2025-02-04T14:40:54.075+0000] {logging_mixin.py:190} INFO - [2025-02-04T14:40:54.074+0000] {dagbag.py:588} INFO - Filling up the DagBag from /home/airflow/.local/lib/python3.12/site-packages/airflow/example_dags/example_branch_operator.py
[2025-02-04T14:40:54.134+0000] {processor.py:925} INFO - DAG(s) 'example_branch_operator' retrieved from /home/airflow/.local/lib/python3.12/site-packages/airflow/example_dags/example_branch_operator.py
[2025-02-04T14:40:54.251+0000] {logging_mixin.py:190} INFO - [2025-02-04T14:40:54.250+0000] {dag.py:3239} INFO - Sync 1 DAGs
[2025-02-04T14:40:54.306+0000] {logging_mixin.py:190} INFO - [2025-02-04T14:40:54.306+0000] {dag.py:4180} INFO - Setting next_dagrun for example_branch_operator to 2025-02-03 00:00:00+00:00, run_after=2025-02-04 00:00:00+00:00
[2025-02-04T14:40:54.351+0000] {processor.py:208} INFO - Processing /home/airflow/.local/lib/python3.12/site-packages/airflow/example_dags/example_branch_operator.py took 0.305 seconds
[2025-02-04T14:41:24.474+0000] {processor.py:186} INFO - Started process (PID=1122) to work on /home/airflow/.local/lib/python3.12/site-packages/airflow/example_dags/example_branch_operator.py
[2025-02-04T14:41:24.476+0000] {processor.py:914} INFO - Processing file /home/airflow/.local/lib/python3.12/site-packages/airflow/example_dags/example_branch_operator.py for tasks to queue
[2025-02-04T14:41:24.480+0000] {logging_mixin.py:190} INFO - [2025-02-04T14:41:24.479+0000] {dagbag.py:588} INFO - Filling up the DagBag from /home/airflow/.local/lib/python3.12/site-packages/airflow/example_dags/example_branch_operator.py
[2025-02-04T14:41:24.515+0000] {processor.py:925} INFO - DAG(s) 'example_branch_operator' retrieved from /home/airflow/.local/lib/python3.12/site-packages/airflow/example_dags/example_branch_operator.py
[2025-02-04T14:41:24.575+0000] {logging_mixin.py:190} INFO - [2025-02-04T14:41:24.574+0000] {dag.py:3239} INFO - Sync 1 DAGs
[2025-02-04T14:41:24.628+0000] {logging_mixin.py:190} INFO - [2025-02-04T14:41:24.628+0000] {dag.py:4180} INFO - Setting next_dagrun for example_branch_operator to 2025-02-03 00:00:00+00:00, run_after=2025-02-04 00:00:00+00:00
[2025-02-04T14:41:24.670+0000] {processor.py:208} INFO - Processing /home/airflow/.local/lib/python3.12/site-packages/airflow/example_dags/example_branch_operator.py took 0.206 seconds
[2025-02-04T14:41:54.770+0000] {processor.py:186} INFO - Started process (PID=1186) to work on /home/airflow/.local/lib/python3.12/site-packages/airflow/example_dags/example_branch_operator.py
[2025-02-04T14:41:54.772+0000] {processor.py:914} INFO - Processing file /home/airflow/.local/lib/python3.12/site-packages/airflow/example_dags/example_branch_operator.py for tasks to queue
[2025-02-04T14:41:54.776+0000] {logging_mixin.py:190} INFO - [2025-02-04T14:41:54.775+0000] {dagbag.py:588} INFO - Filling up the DagBag from /home/airflow/.local/lib/python3.12/site-packages/airflow/example_dags/example_branch_operator.py
[2025-02-04T14:41:54.804+0000] {processor.py:925} INFO - DAG(s) 'example_branch_operator' retrieved from /home/airflow/.local/lib/python3.12/site-packages/airflow/example_dags/example_branch_operator.py
[2025-02-04T14:41:54.858+0000] {logging_mixin.py:190} INFO - [2025-02-04T14:41:54.858+0000] {dag.py:3239} INFO - Sync 1 DAGs
[2025-02-04T14:41:54.900+0000] {logging_mixin.py:190} INFO - [2025-02-04T14:41:54.899+0000] {dag.py:4180} INFO - Setting next_dagrun for example_branch_operator to 2025-02-03 00:00:00+00:00, run_after=2025-02-04 00:00:00+00:00
[2025-02-04T14:41:54.939+0000] {processor.py:208} INFO - Processing /home/airflow/.local/lib/python3.12/site-packages/airflow/example_dags/example_branch_operator.py took 0.177 seconds
[2025-02-04T14:42:25.071+0000] {processor.py:186} INFO - Started process (PID=1250) to work on /home/airflow/.local/lib/python3.12/site-packages/airflow/example_dags/example_branch_operator.py
[2025-02-04T14:42:25.072+0000] {processor.py:914} INFO - Processing file /home/airflow/.local/lib/python3.12/site-packages/airflow/example_dags/example_branch_operator.py for tasks to queue
[2025-02-04T14:42:25.076+0000] {logging_mixin.py:190} INFO - [2025-02-04T14:42:25.076+0000] {dagbag.py:588} INFO - Filling up the DagBag from /home/airflow/.local/lib/python3.12/site-packages/airflow/example_dags/example_branch_operator.py
[2025-02-04T14:42:25.111+0000] {processor.py:925} INFO - DAG(s) 'example_branch_operator' retrieved from /home/airflow/.local/lib/python3.12/site-packages/airflow/example_dags/example_branch_operator.py
[2025-02-04T14:42:25.162+0000] {logging_mixin.py:190} INFO - [2025-02-04T14:42:25.162+0000] {dag.py:3239} INFO - Sync 1 DAGs
[2025-02-04T14:42:25.207+0000] {logging_mixin.py:190} INFO - [2025-02-04T14:42:25.206+0000] {dag.py:4180} INFO - Setting next_dagrun for example_branch_operator to 2025-02-03 00:00:00+00:00, run_after=2025-02-04 00:00:00+00:00
[2025-02-04T14:42:25.243+0000] {processor.py:208} INFO - Processing /home/airflow/.local/lib/python3.12/site-packages/airflow/example_dags/example_branch_operator.py took 0.181 seconds
[2025-02-04T14:42:55.466+0000] {processor.py:186} INFO - Started process (PID=1315) to work on /home/airflow/.local/lib/python3.12/site-packages/airflow/example_dags/example_branch_operator.py
[2025-02-04T14:42:55.468+0000] {processor.py:914} INFO - Processing file /home/airflow/.local/lib/python3.12/site-packages/airflow/example_dags/example_branch_operator.py for tasks to queue
[2025-02-04T14:42:55.472+0000] {logging_mixin.py:190} INFO - [2025-02-04T14:42:55.471+0000] {dagbag.py:588} INFO - Filling up the DagBag from /home/airflow/.local/lib/python3.12/site-packages/airflow/example_dags/example_branch_operator.py
[2025-02-04T14:42:55.502+0000] {processor.py:925} INFO - DAG(s) 'example_branch_operator' retrieved from /home/airflow/.local/lib/python3.12/site-packages/airflow/example_dags/example_branch_operator.py
[2025-02-04T14:42:55.553+0000] {logging_mixin.py:190} INFO - [2025-02-04T14:42:55.552+0000] {dag.py:3239} INFO - Sync 1 DAGs
[2025-02-04T14:42:55.595+0000] {logging_mixin.py:190} INFO - [2025-02-04T14:42:55.594+0000] {dag.py:4180} INFO - Setting next_dagrun for example_branch_operator to 2025-02-03 00:00:00+00:00, run_after=2025-02-04 00:00:00+00:00
[2025-02-04T14:42:55.630+0000] {processor.py:208} INFO - Processing /home/airflow/.local/lib/python3.12/site-packages/airflow/example_dags/example_branch_operator.py took 0.174 seconds
[2025-02-04T14:43:25.730+0000] {processor.py:186} INFO - Started process (PID=1379) to work on /home/airflow/.local/lib/python3.12/site-packages/airflow/example_dags/example_branch_operator.py
[2025-02-04T14:43:25.731+0000] {processor.py:914} INFO - Processing file /home/airflow/.local/lib/python3.12/site-packages/airflow/example_dags/example_branch_operator.py for tasks to queue
[2025-02-04T14:43:25.736+0000] {logging_mixin.py:190} INFO - [2025-02-04T14:43:25.735+0000] {dagbag.py:588} INFO - Filling up the DagBag from /home/airflow/.local/lib/python3.12/site-packages/airflow/example_dags/example_branch_operator.py
[2025-02-04T14:43:25.764+0000] {processor.py:925} INFO - DAG(s) 'example_branch_operator' retrieved from /home/airflow/.local/lib/python3.12/site-packages/airflow/example_dags/example_branch_operator.py
[2025-02-04T14:43:25.825+0000] {logging_mixin.py:190} INFO - [2025-02-04T14:43:25.824+0000] {dag.py:3239} INFO - Sync 1 DAGs
[2025-02-04T14:43:25.906+0000] {logging_mixin.py:190} INFO - [2025-02-04T14:43:25.905+0000] {dag.py:4180} INFO - Setting next_dagrun for example_branch_operator to 2025-02-03 00:00:00+00:00, run_after=2025-02-04 00:00:00+00:00
[2025-02-04T14:43:25.959+0000] {processor.py:208} INFO - Processing /home/airflow/.local/lib/python3.12/site-packages/airflow/example_dags/example_branch_operator.py took 0.237 seconds
[2025-02-04T14:43:56.073+0000] {processor.py:186} INFO - Started process (PID=1442) to work on /home/airflow/.local/lib/python3.12/site-packages/airflow/example_dags/example_branch_operator.py
[2025-02-04T14:43:56.080+0000] {processor.py:914} INFO - Processing file /home/airflow/.local/lib/python3.12/site-packages/airflow/example_dags/example_branch_operator.py for tasks to queue
[2025-02-04T14:43:56.085+0000] {logging_mixin.py:190} INFO - [2025-02-04T14:43:56.084+0000] {dagbag.py:588} INFO - Filling up the DagBag from /home/airflow/.local/lib/python3.12/site-packages/airflow/example_dags/example_branch_operator.py
[2025-02-04T14:43:56.162+0000] {processor.py:925} INFO - DAG(s) 'example_branch_operator' retrieved from /home/airflow/.local/lib/python3.12/site-packages/airflow/example_dags/example_branch_operator.py
[2025-02-04T14:43:56.306+0000] {logging_mixin.py:190} INFO - [2025-02-04T14:43:56.306+0000] {dag.py:3239} INFO - Sync 1 DAGs
[2025-02-04T14:43:56.368+0000] {logging_mixin.py:190} INFO - [2025-02-04T14:43:56.368+0000] {dag.py:4180} INFO - Setting next_dagrun for example_branch_operator to 2025-02-03 00:00:00+00:00, run_after=2025-02-04 00:00:00+00:00
[2025-02-04T14:43:56.419+0000] {processor.py:208} INFO - Processing /home/airflow/.local/lib/python3.12/site-packages/airflow/example_dags/example_branch_operator.py took 0.367 seconds
[2025-02-04T14:44:26.682+0000] {processor.py:186} INFO - Started process (PID=1506) to work on /home/airflow/.local/lib/python3.12/site-packages/airflow/example_dags/example_branch_operator.py
[2025-02-04T14:44:26.685+0000] {processor.py:914} INFO - Processing file /home/airflow/.local/lib/python3.12/site-packages/airflow/example_dags/example_branch_operator.py for tasks to queue
[2025-02-04T14:44:26.692+0000] {logging_mixin.py:190} INFO - [2025-02-04T14:44:26.691+0000] {dagbag.py:588} INFO - Filling up the DagBag from /home/airflow/.local/lib/python3.12/site-packages/airflow/example_dags/example_branch_operator.py
[2025-02-04T14:44:26.748+0000] {processor.py:925} INFO - DAG(s) 'example_branch_operator' retrieved from /home/airflow/.local/lib/python3.12/site-packages/airflow/example_dags/example_branch_operator.py
[2025-02-04T14:44:26.954+0000] {logging_mixin.py:190} INFO - [2025-02-04T14:44:26.953+0000] {dag.py:3239} INFO - Sync 1 DAGs
[2025-02-04T14:44:27.133+0000] {logging_mixin.py:190} INFO - [2025-02-04T14:44:27.133+0000] {dag.py:4180} INFO - Setting next_dagrun for example_branch_operator to 2025-02-03 00:00:00+00:00, run_after=2025-02-04 00:00:00+00:00
[2025-02-04T14:44:27.174+0000] {processor.py:208} INFO - Processing /home/airflow/.local/lib/python3.12/site-packages/airflow/example_dags/example_branch_operator.py took 0.504 seconds
[2025-02-04T14:44:57.824+0000] {processor.py:186} INFO - Started process (PID=1569) to work on /home/airflow/.local/lib/python3.12/site-packages/airflow/example_dags/example_branch_operator.py
[2025-02-04T14:44:57.825+0000] {processor.py:914} INFO - Processing file /home/airflow/.local/lib/python3.12/site-packages/airflow/example_dags/example_branch_operator.py for tasks to queue
[2025-02-04T14:44:57.830+0000] {logging_mixin.py:190} INFO - [2025-02-04T14:44:57.829+0000] {dagbag.py:588} INFO - Filling up the DagBag from /home/airflow/.local/lib/python3.12/site-packages/airflow/example_dags/example_branch_operator.py
[2025-02-04T14:44:57.866+0000] {processor.py:925} INFO - DAG(s) 'example_branch_operator' retrieved from /home/airflow/.local/lib/python3.12/site-packages/airflow/example_dags/example_branch_operator.py
[2025-02-04T14:44:57.922+0000] {logging_mixin.py:190} INFO - [2025-02-04T14:44:57.922+0000] {dag.py:3239} INFO - Sync 1 DAGs
[2025-02-04T14:44:57.975+0000] {logging_mixin.py:190} INFO - [2025-02-04T14:44:57.974+0000] {dag.py:4180} INFO - Setting next_dagrun for example_branch_operator to 2025-02-03 00:00:00+00:00, run_after=2025-02-04 00:00:00+00:00
[2025-02-04T14:44:58.018+0000] {processor.py:208} INFO - Processing /home/airflow/.local/lib/python3.12/site-packages/airflow/example_dags/example_branch_operator.py took 0.206 seconds
[2025-02-04T14:45:28.245+0000] {processor.py:186} INFO - Started process (PID=1633) to work on /home/airflow/.local/lib/python3.12/site-packages/airflow/example_dags/example_branch_operator.py
[2025-02-04T14:45:28.247+0000] {processor.py:914} INFO - Processing file /home/airflow/.local/lib/python3.12/site-packages/airflow/example_dags/example_branch_operator.py for tasks to queue
[2025-02-04T14:45:28.253+0000] {logging_mixin.py:190} INFO - [2025-02-04T14:45:28.252+0000] {dagbag.py:588} INFO - Filling up the DagBag from /home/airflow/.local/lib/python3.12/site-packages/airflow/example_dags/example_branch_operator.py
[2025-02-04T14:45:28.302+0000] {processor.py:925} INFO - DAG(s) 'example_branch_operator' retrieved from /home/airflow/.local/lib/python3.12/site-packages/airflow/example_dags/example_branch_operator.py
[2025-02-04T14:45:28.353+0000] {logging_mixin.py:190} INFO - [2025-02-04T14:45:28.353+0000] {dag.py:3239} INFO - Sync 1 DAGs
[2025-02-04T14:45:28.400+0000] {logging_mixin.py:190} INFO - [2025-02-04T14:45:28.399+0000] {dag.py:4180} INFO - Setting next_dagrun for example_branch_operator to 2025-02-03 00:00:00+00:00, run_after=2025-02-04 00:00:00+00:00
[2025-02-04T14:45:28.431+0000] {processor.py:208} INFO - Processing /home/airflow/.local/lib/python3.12/site-packages/airflow/example_dags/example_branch_operator.py took 0.202 seconds
[2025-02-04T14:45:58.967+0000] {processor.py:186} INFO - Started process (PID=1696) to work on /home/airflow/.local/lib/python3.12/site-packages/airflow/example_dags/example_branch_operator.py
[2025-02-04T14:45:58.970+0000] {processor.py:914} INFO - Processing file /home/airflow/.local/lib/python3.12/site-packages/airflow/example_dags/example_branch_operator.py for tasks to queue
[2025-02-04T14:45:58.979+0000] {logging_mixin.py:190} INFO - [2025-02-04T14:45:58.979+0000] {dagbag.py:588} INFO - Filling up the DagBag from /home/airflow/.local/lib/python3.12/site-packages/airflow/example_dags/example_branch_operator.py
[2025-02-04T14:45:59.100+0000] {processor.py:925} INFO - DAG(s) 'example_branch_operator' retrieved from /home/airflow/.local/lib/python3.12/site-packages/airflow/example_dags/example_branch_operator.py
[2025-02-04T14:45:59.329+0000] {logging_mixin.py:190} INFO - [2025-02-04T14:45:59.328+0000] {dag.py:3239} INFO - Sync 1 DAGs
[2025-02-04T14:45:59.451+0000] {logging_mixin.py:190} INFO - [2025-02-04T14:45:59.450+0000] {dag.py:4180} INFO - Setting next_dagrun for example_branch_operator to 2025-02-03 00:00:00+00:00, run_after=2025-02-04 00:00:00+00:00
[2025-02-04T14:45:59.532+0000] {processor.py:208} INFO - Processing /home/airflow/.local/lib/python3.12/site-packages/airflow/example_dags/example_branch_operator.py took 0.587 seconds
[2025-02-04T14:49:08.862+0000] {processor.py:186} INFO - Started process (PID=81) to work on /home/airflow/.local/lib/python3.12/site-packages/airflow/example_dags/example_branch_operator.py
[2025-02-04T14:49:08.864+0000] {processor.py:914} INFO - Processing file /home/airflow/.local/lib/python3.12/site-packages/airflow/example_dags/example_branch_operator.py for tasks to queue
[2025-02-04T14:49:08.869+0000] {logging_mixin.py:190} INFO - [2025-02-04T14:49:08.868+0000] {dagbag.py:588} INFO - Filling up the DagBag from /home/airflow/.local/lib/python3.12/site-packages/airflow/example_dags/example_branch_operator.py
[2025-02-04T14:49:08.919+0000] {processor.py:925} INFO - DAG(s) 'example_branch_operator' retrieved from /home/airflow/.local/lib/python3.12/site-packages/airflow/example_dags/example_branch_operator.py
[2025-02-04T14:49:09.508+0000] {logging_mixin.py:190} INFO - [2025-02-04T14:49:09.508+0000] {dag.py:3239} INFO - Sync 1 DAGs
[2025-02-04T14:49:09.641+0000] {logging_mixin.py:190} INFO - [2025-02-04T14:49:09.641+0000] {dag.py:4180} INFO - Setting next_dagrun for example_branch_operator to 2025-02-03 00:00:00+00:00, run_after=2025-02-04 00:00:00+00:00
[2025-02-04T14:49:09.737+0000] {processor.py:208} INFO - Processing /home/airflow/.local/lib/python3.12/site-packages/airflow/example_dags/example_branch_operator.py took 0.890 seconds
[2025-02-04T14:49:48.984+0000] {processor.py:186} INFO - Started process (PID=145) to work on /home/airflow/.local/lib/python3.12/site-packages/airflow/example_dags/example_branch_operator.py
[2025-02-04T14:49:48.990+0000] {processor.py:914} INFO - Processing file /home/airflow/.local/lib/python3.12/site-packages/airflow/example_dags/example_branch_operator.py for tasks to queue
[2025-02-04T14:49:49.032+0000] {logging_mixin.py:190} INFO - [2025-02-04T14:49:49.028+0000] {dagbag.py:588} INFO - Filling up the DagBag from /home/airflow/.local/lib/python3.12/site-packages/airflow/example_dags/example_branch_operator.py
[2025-02-04T14:49:49.107+0000] {processor.py:925} INFO - DAG(s) 'example_branch_operator' retrieved from /home/airflow/.local/lib/python3.12/site-packages/airflow/example_dags/example_branch_operator.py
[2025-02-04T14:49:49.235+0000] {logging_mixin.py:190} INFO - [2025-02-04T14:49:49.235+0000] {dag.py:3239} INFO - Sync 1 DAGs
[2025-02-04T14:49:49.301+0000] {logging_mixin.py:190} INFO - [2025-02-04T14:49:49.300+0000] {dag.py:4180} INFO - Setting next_dagrun for example_branch_operator to 2025-02-03 00:00:00+00:00, run_after=2025-02-04 00:00:00+00:00
[2025-02-04T14:49:49.359+0000] {processor.py:208} INFO - Processing /home/airflow/.local/lib/python3.12/site-packages/airflow/example_dags/example_branch_operator.py took 0.397 seconds
[2025-02-04T14:50:24.329+0000] {processor.py:186} INFO - Started process (PID=210) to work on /home/airflow/.local/lib/python3.12/site-packages/airflow/example_dags/example_branch_operator.py
[2025-02-04T14:50:24.331+0000] {processor.py:914} INFO - Processing file /home/airflow/.local/lib/python3.12/site-packages/airflow/example_dags/example_branch_operator.py for tasks to queue
[2025-02-04T14:50:24.336+0000] {logging_mixin.py:190} INFO - [2025-02-04T14:50:24.335+0000] {dagbag.py:588} INFO - Filling up the DagBag from /home/airflow/.local/lib/python3.12/site-packages/airflow/example_dags/example_branch_operator.py
[2025-02-04T14:50:24.375+0000] {processor.py:925} INFO - DAG(s) 'example_branch_operator' retrieved from /home/airflow/.local/lib/python3.12/site-packages/airflow/example_dags/example_branch_operator.py
[2025-02-04T14:50:24.494+0000] {logging_mixin.py:190} INFO - [2025-02-04T14:50:24.494+0000] {dag.py:3239} INFO - Sync 1 DAGs
[2025-02-04T14:50:24.600+0000] {logging_mixin.py:190} INFO - [2025-02-04T14:50:24.600+0000] {dag.py:4180} INFO - Setting next_dagrun for example_branch_operator to 2025-02-03 00:00:00+00:00, run_after=2025-02-04 00:00:00+00:00
[2025-02-04T14:50:24.691+0000] {processor.py:208} INFO - Processing /home/airflow/.local/lib/python3.12/site-packages/airflow/example_dags/example_branch_operator.py took 0.371 seconds
[2025-02-04T14:50:57.949+0000] {processor.py:186} INFO - Started process (PID=274) to work on /home/airflow/.local/lib/python3.12/site-packages/airflow/example_dags/example_branch_operator.py
[2025-02-04T14:50:57.952+0000] {processor.py:914} INFO - Processing file /home/airflow/.local/lib/python3.12/site-packages/airflow/example_dags/example_branch_operator.py for tasks to queue
[2025-02-04T14:50:57.956+0000] {logging_mixin.py:190} INFO - [2025-02-04T14:50:57.956+0000] {dagbag.py:588} INFO - Filling up the DagBag from /home/airflow/.local/lib/python3.12/site-packages/airflow/example_dags/example_branch_operator.py
[2025-02-04T14:50:57.998+0000] {processor.py:925} INFO - DAG(s) 'example_branch_operator' retrieved from /home/airflow/.local/lib/python3.12/site-packages/airflow/example_dags/example_branch_operator.py
[2025-02-04T14:50:58.072+0000] {logging_mixin.py:190} INFO - [2025-02-04T14:50:58.071+0000] {dag.py:3239} INFO - Sync 1 DAGs
[2025-02-04T14:50:58.128+0000] {logging_mixin.py:190} INFO - [2025-02-04T14:50:58.128+0000] {dag.py:4180} INFO - Setting next_dagrun for example_branch_operator to 2025-02-03 00:00:00+00:00, run_after=2025-02-04 00:00:00+00:00
[2025-02-04T14:50:58.175+0000] {processor.py:208} INFO - Processing /home/airflow/.local/lib/python3.12/site-packages/airflow/example_dags/example_branch_operator.py took 0.239 seconds
[2025-02-04T14:51:29.374+0000] {processor.py:186} INFO - Started process (PID=337) to work on /home/airflow/.local/lib/python3.12/site-packages/airflow/example_dags/example_branch_operator.py
[2025-02-04T14:51:29.377+0000] {processor.py:914} INFO - Processing file /home/airflow/.local/lib/python3.12/site-packages/airflow/example_dags/example_branch_operator.py for tasks to queue
[2025-02-04T14:51:29.383+0000] {logging_mixin.py:190} INFO - [2025-02-04T14:51:29.382+0000] {dagbag.py:588} INFO - Filling up the DagBag from /home/airflow/.local/lib/python3.12/site-packages/airflow/example_dags/example_branch_operator.py
[2025-02-04T14:51:29.510+0000] {processor.py:925} INFO - DAG(s) 'example_branch_operator' retrieved from /home/airflow/.local/lib/python3.12/site-packages/airflow/example_dags/example_branch_operator.py
[2025-02-04T14:51:29.714+0000] {logging_mixin.py:190} INFO - [2025-02-04T14:51:29.713+0000] {dag.py:3239} INFO - Sync 1 DAGs
[2025-02-04T14:51:29.779+0000] {logging_mixin.py:190} INFO - [2025-02-04T14:51:29.779+0000] {dag.py:4180} INFO - Setting next_dagrun for example_branch_operator to 2025-02-03 00:00:00+00:00, run_after=2025-02-04 00:00:00+00:00
[2025-02-04T14:51:29.840+0000] {processor.py:208} INFO - Processing /home/airflow/.local/lib/python3.12/site-packages/airflow/example_dags/example_branch_operator.py took 0.482 seconds
[2025-02-04T14:52:17.964+0000] {processor.py:186} INFO - Started process (PID=407) to work on /home/airflow/.local/lib/python3.12/site-packages/airflow/example_dags/example_branch_operator.py
[2025-02-04T14:52:17.997+0000] {processor.py:914} INFO - Processing file /home/airflow/.local/lib/python3.12/site-packages/airflow/example_dags/example_branch_operator.py for tasks to queue
[2025-02-04T14:52:18.063+0000] {logging_mixin.py:190} INFO - [2025-02-04T14:52:18.062+0000] {dagbag.py:588} INFO - Filling up the DagBag from /home/airflow/.local/lib/python3.12/site-packages/airflow/example_dags/example_branch_operator.py
[2025-02-04T14:52:18.206+0000] {processor.py:925} INFO - DAG(s) 'example_branch_operator' retrieved from /home/airflow/.local/lib/python3.12/site-packages/airflow/example_dags/example_branch_operator.py
[2025-02-04T14:52:18.404+0000] {logging_mixin.py:190} INFO - [2025-02-04T14:52:18.404+0000] {dag.py:3239} INFO - Sync 1 DAGs
[2025-02-04T14:52:18.785+0000] {logging_mixin.py:190} INFO - [2025-02-04T14:52:18.742+0000] {dag.py:4180} INFO - Setting next_dagrun for example_branch_operator to 2025-02-03 00:00:00+00:00, run_after=2025-02-04 00:00:00+00:00
[2025-02-04T14:52:18.964+0000] {processor.py:208} INFO - Processing /home/airflow/.local/lib/python3.12/site-packages/airflow/example_dags/example_branch_operator.py took 1.033 seconds
[2025-02-04T14:52:49.154+0000] {processor.py:186} INFO - Started process (PID=471) to work on /home/airflow/.local/lib/python3.12/site-packages/airflow/example_dags/example_branch_operator.py
[2025-02-04T14:52:49.155+0000] {processor.py:914} INFO - Processing file /home/airflow/.local/lib/python3.12/site-packages/airflow/example_dags/example_branch_operator.py for tasks to queue
[2025-02-04T14:52:49.159+0000] {logging_mixin.py:190} INFO - [2025-02-04T14:52:49.158+0000] {dagbag.py:588} INFO - Filling up the DagBag from /home/airflow/.local/lib/python3.12/site-packages/airflow/example_dags/example_branch_operator.py
[2025-02-04T14:52:49.207+0000] {processor.py:925} INFO - DAG(s) 'example_branch_operator' retrieved from /home/airflow/.local/lib/python3.12/site-packages/airflow/example_dags/example_branch_operator.py
[2025-02-04T14:52:49.327+0000] {logging_mixin.py:190} INFO - [2025-02-04T14:52:49.327+0000] {dag.py:3239} INFO - Sync 1 DAGs
[2025-02-04T14:52:49.363+0000] {logging_mixin.py:190} INFO - [2025-02-04T14:52:49.363+0000] {dag.py:4180} INFO - Setting next_dagrun for example_branch_operator to 2025-02-03 00:00:00+00:00, run_after=2025-02-04 00:00:00+00:00
[2025-02-04T14:52:49.392+0000] {processor.py:208} INFO - Processing /home/airflow/.local/lib/python3.12/site-packages/airflow/example_dags/example_branch_operator.py took 0.248 seconds
[2025-02-04T14:53:21.131+0000] {processor.py:186} INFO - Started process (PID=540) to work on /home/airflow/.local/lib/python3.12/site-packages/airflow/example_dags/example_branch_operator.py
[2025-02-04T14:53:21.132+0000] {processor.py:914} INFO - Processing file /home/airflow/.local/lib/python3.12/site-packages/airflow/example_dags/example_branch_operator.py for tasks to queue
[2025-02-04T14:53:21.136+0000] {logging_mixin.py:190} INFO - [2025-02-04T14:53:21.136+0000] {dagbag.py:588} INFO - Filling up the DagBag from /home/airflow/.local/lib/python3.12/site-packages/airflow/example_dags/example_branch_operator.py
[2025-02-04T14:53:21.162+0000] {processor.py:925} INFO - DAG(s) 'example_branch_operator' retrieved from /home/airflow/.local/lib/python3.12/site-packages/airflow/example_dags/example_branch_operator.py
[2025-02-04T14:53:21.205+0000] {logging_mixin.py:190} INFO - [2025-02-04T14:53:21.205+0000] {dag.py:3239} INFO - Sync 1 DAGs
[2025-02-04T14:53:21.241+0000] {logging_mixin.py:190} INFO - [2025-02-04T14:53:21.240+0000] {dag.py:4180} INFO - Setting next_dagrun for example_branch_operator to 2025-02-03 00:00:00+00:00, run_after=2025-02-04 00:00:00+00:00
[2025-02-04T14:53:21.271+0000] {processor.py:208} INFO - Processing /home/airflow/.local/lib/python3.12/site-packages/airflow/example_dags/example_branch_operator.py took 0.150 seconds
[2025-02-04T14:53:52.495+0000] {processor.py:186} INFO - Started process (PID=605) to work on /home/airflow/.local/lib/python3.12/site-packages/airflow/example_dags/example_branch_operator.py
[2025-02-04T14:53:52.497+0000] {processor.py:914} INFO - Processing file /home/airflow/.local/lib/python3.12/site-packages/airflow/example_dags/example_branch_operator.py for tasks to queue
[2025-02-04T14:53:52.501+0000] {logging_mixin.py:190} INFO - [2025-02-04T14:53:52.500+0000] {dagbag.py:588} INFO - Filling up the DagBag from /home/airflow/.local/lib/python3.12/site-packages/airflow/example_dags/example_branch_operator.py
[2025-02-04T14:53:52.532+0000] {processor.py:925} INFO - DAG(s) 'example_branch_operator' retrieved from /home/airflow/.local/lib/python3.12/site-packages/airflow/example_dags/example_branch_operator.py
[2025-02-04T14:53:52.587+0000] {logging_mixin.py:190} INFO - [2025-02-04T14:53:52.586+0000] {dag.py:3239} INFO - Sync 1 DAGs
[2025-02-04T14:53:52.649+0000] {logging_mixin.py:190} INFO - [2025-02-04T14:53:52.648+0000] {dag.py:4180} INFO - Setting next_dagrun for example_branch_operator to 2025-02-03 00:00:00+00:00, run_after=2025-02-04 00:00:00+00:00
[2025-02-04T14:53:52.699+0000] {processor.py:208} INFO - Processing /home/airflow/.local/lib/python3.12/site-packages/airflow/example_dags/example_branch_operator.py took 0.213 seconds
[2025-02-04T14:54:27.206+0000] {processor.py:186} INFO - Started process (PID=673) to work on /home/airflow/.local/lib/python3.12/site-packages/airflow/example_dags/example_branch_operator.py
[2025-02-04T14:54:27.208+0000] {processor.py:914} INFO - Processing file /home/airflow/.local/lib/python3.12/site-packages/airflow/example_dags/example_branch_operator.py for tasks to queue
[2025-02-04T14:54:27.213+0000] {logging_mixin.py:190} INFO - [2025-02-04T14:54:27.213+0000] {dagbag.py:588} INFO - Filling up the DagBag from /home/airflow/.local/lib/python3.12/site-packages/airflow/example_dags/example_branch_operator.py
[2025-02-04T14:54:27.298+0000] {processor.py:925} INFO - DAG(s) 'example_branch_operator' retrieved from /home/airflow/.local/lib/python3.12/site-packages/airflow/example_dags/example_branch_operator.py
[2025-02-04T14:54:27.389+0000] {logging_mixin.py:190} INFO - [2025-02-04T14:54:27.388+0000] {dag.py:3239} INFO - Sync 1 DAGs
[2025-02-04T14:54:27.445+0000] {logging_mixin.py:190} INFO - [2025-02-04T14:54:27.445+0000] {dag.py:4180} INFO - Setting next_dagrun for example_branch_operator to 2025-02-03 00:00:00+00:00, run_after=2025-02-04 00:00:00+00:00
[2025-02-04T14:54:27.477+0000] {processor.py:208} INFO - Processing /home/airflow/.local/lib/python3.12/site-packages/airflow/example_dags/example_branch_operator.py took 0.286 seconds
[2025-02-04T14:54:58.525+0000] {processor.py:186} INFO - Started process (PID=741) to work on /home/airflow/.local/lib/python3.12/site-packages/airflow/example_dags/example_branch_operator.py
[2025-02-04T14:54:58.551+0000] {processor.py:914} INFO - Processing file /home/airflow/.local/lib/python3.12/site-packages/airflow/example_dags/example_branch_operator.py for tasks to queue
[2025-02-04T14:54:58.568+0000] {logging_mixin.py:190} INFO - [2025-02-04T14:54:58.567+0000] {dagbag.py:588} INFO - Filling up the DagBag from /home/airflow/.local/lib/python3.12/site-packages/airflow/example_dags/example_branch_operator.py
[2025-02-04T14:54:58.682+0000] {processor.py:925} INFO - DAG(s) 'example_branch_operator' retrieved from /home/airflow/.local/lib/python3.12/site-packages/airflow/example_dags/example_branch_operator.py
[2025-02-04T14:54:58.781+0000] {logging_mixin.py:190} INFO - [2025-02-04T14:54:58.781+0000] {dag.py:3239} INFO - Sync 1 DAGs
[2025-02-04T14:54:58.859+0000] {logging_mixin.py:190} INFO - [2025-02-04T14:54:58.858+0000] {dag.py:4180} INFO - Setting next_dagrun for example_branch_operator to 2025-02-03 00:00:00+00:00, run_after=2025-02-04 00:00:00+00:00
[2025-02-04T14:54:58.931+0000] {processor.py:208} INFO - Processing /home/airflow/.local/lib/python3.12/site-packages/airflow/example_dags/example_branch_operator.py took 0.453 seconds
[2025-02-04T14:55:29.344+0000] {processor.py:186} INFO - Started process (PID=808) to work on /home/airflow/.local/lib/python3.12/site-packages/airflow/example_dags/example_branch_operator.py
[2025-02-04T14:55:29.345+0000] {processor.py:914} INFO - Processing file /home/airflow/.local/lib/python3.12/site-packages/airflow/example_dags/example_branch_operator.py for tasks to queue
[2025-02-04T14:55:29.350+0000] {logging_mixin.py:190} INFO - [2025-02-04T14:55:29.349+0000] {dagbag.py:588} INFO - Filling up the DagBag from /home/airflow/.local/lib/python3.12/site-packages/airflow/example_dags/example_branch_operator.py
[2025-02-04T14:55:29.385+0000] {processor.py:925} INFO - DAG(s) 'example_branch_operator' retrieved from /home/airflow/.local/lib/python3.12/site-packages/airflow/example_dags/example_branch_operator.py
[2025-02-04T14:55:29.459+0000] {logging_mixin.py:190} INFO - [2025-02-04T14:55:29.459+0000] {dag.py:3239} INFO - Sync 1 DAGs
[2025-02-04T14:55:29.507+0000] {logging_mixin.py:190} INFO - [2025-02-04T14:55:29.507+0000] {dag.py:4180} INFO - Setting next_dagrun for example_branch_operator to 2025-02-03 00:00:00+00:00, run_after=2025-02-04 00:00:00+00:00
[2025-02-04T14:55:29.570+0000] {processor.py:208} INFO - Processing /home/airflow/.local/lib/python3.12/site-packages/airflow/example_dags/example_branch_operator.py took 0.240 seconds
[2025-02-04T14:56:08.128+0000] {processor.py:186} INFO - Started process (PID=870) to work on /home/airflow/.local/lib/python3.12/site-packages/airflow/example_dags/example_branch_operator.py
[2025-02-04T14:56:08.141+0000] {processor.py:914} INFO - Processing file /home/airflow/.local/lib/python3.12/site-packages/airflow/example_dags/example_branch_operator.py for tasks to queue
[2025-02-04T14:56:08.173+0000] {logging_mixin.py:190} INFO - [2025-02-04T14:56:08.172+0000] {dagbag.py:588} INFO - Filling up the DagBag from /home/airflow/.local/lib/python3.12/site-packages/airflow/example_dags/example_branch_operator.py
[2025-02-04T14:56:08.367+0000] {processor.py:925} INFO - DAG(s) 'example_branch_operator' retrieved from /home/airflow/.local/lib/python3.12/site-packages/airflow/example_dags/example_branch_operator.py
[2025-02-04T14:56:08.591+0000] {logging_mixin.py:190} INFO - [2025-02-04T14:56:08.590+0000] {dag.py:3239} INFO - Sync 1 DAGs
[2025-02-04T14:56:08.750+0000] {logging_mixin.py:190} INFO - [2025-02-04T14:56:08.749+0000] {dag.py:4180} INFO - Setting next_dagrun for example_branch_operator to 2025-02-03 00:00:00+00:00, run_after=2025-02-04 00:00:00+00:00
[2025-02-04T14:56:08.849+0000] {processor.py:208} INFO - Processing /home/airflow/.local/lib/python3.12/site-packages/airflow/example_dags/example_branch_operator.py took 0.756 seconds
[2025-02-04T14:56:39.648+0000] {processor.py:186} INFO - Started process (PID=933) to work on /home/airflow/.local/lib/python3.12/site-packages/airflow/example_dags/example_branch_operator.py
[2025-02-04T14:56:39.650+0000] {processor.py:914} INFO - Processing file /home/airflow/.local/lib/python3.12/site-packages/airflow/example_dags/example_branch_operator.py for tasks to queue
[2025-02-04T14:56:39.654+0000] {logging_mixin.py:190} INFO - [2025-02-04T14:56:39.653+0000] {dagbag.py:588} INFO - Filling up the DagBag from /home/airflow/.local/lib/python3.12/site-packages/airflow/example_dags/example_branch_operator.py
[2025-02-04T14:56:39.705+0000] {processor.py:925} INFO - DAG(s) 'example_branch_operator' retrieved from /home/airflow/.local/lib/python3.12/site-packages/airflow/example_dags/example_branch_operator.py
[2025-02-04T14:56:39.795+0000] {logging_mixin.py:190} INFO - [2025-02-04T14:56:39.794+0000] {dag.py:3239} INFO - Sync 1 DAGs
[2025-02-04T14:56:39.939+0000] {logging_mixin.py:190} INFO - [2025-02-04T14:56:39.939+0000] {dag.py:4180} INFO - Setting next_dagrun for example_branch_operator to 2025-02-03 00:00:00+00:00, run_after=2025-02-04 00:00:00+00:00
[2025-02-04T14:56:39.996+0000] {processor.py:208} INFO - Processing /home/airflow/.local/lib/python3.12/site-packages/airflow/example_dags/example_branch_operator.py took 0.360 seconds
[2025-02-04T14:57:10.344+0000] {processor.py:186} INFO - Started process (PID=997) to work on /home/airflow/.local/lib/python3.12/site-packages/airflow/example_dags/example_branch_operator.py
[2025-02-04T14:57:10.346+0000] {processor.py:914} INFO - Processing file /home/airflow/.local/lib/python3.12/site-packages/airflow/example_dags/example_branch_operator.py for tasks to queue
[2025-02-04T14:57:10.354+0000] {logging_mixin.py:190} INFO - [2025-02-04T14:57:10.353+0000] {dagbag.py:588} INFO - Filling up the DagBag from /home/airflow/.local/lib/python3.12/site-packages/airflow/example_dags/example_branch_operator.py
[2025-02-04T14:57:10.423+0000] {processor.py:925} INFO - DAG(s) 'example_branch_operator' retrieved from /home/airflow/.local/lib/python3.12/site-packages/airflow/example_dags/example_branch_operator.py
[2025-02-04T14:57:10.505+0000] {logging_mixin.py:190} INFO - [2025-02-04T14:57:10.504+0000] {dag.py:3239} INFO - Sync 1 DAGs
[2025-02-04T14:57:10.573+0000] {logging_mixin.py:190} INFO - [2025-02-04T14:57:10.573+0000] {dag.py:4180} INFO - Setting next_dagrun for example_branch_operator to 2025-02-03 00:00:00+00:00, run_after=2025-02-04 00:00:00+00:00
[2025-02-04T14:57:10.613+0000] {processor.py:208} INFO - Processing /home/airflow/.local/lib/python3.12/site-packages/airflow/example_dags/example_branch_operator.py took 0.283 seconds
[2025-02-04T14:57:40.810+0000] {processor.py:186} INFO - Started process (PID=1062) to work on /home/airflow/.local/lib/python3.12/site-packages/airflow/example_dags/example_branch_operator.py
[2025-02-04T14:57:40.811+0000] {processor.py:914} INFO - Processing file /home/airflow/.local/lib/python3.12/site-packages/airflow/example_dags/example_branch_operator.py for tasks to queue
[2025-02-04T14:57:40.815+0000] {logging_mixin.py:190} INFO - [2025-02-04T14:57:40.814+0000] {dagbag.py:588} INFO - Filling up the DagBag from /home/airflow/.local/lib/python3.12/site-packages/airflow/example_dags/example_branch_operator.py
[2025-02-04T14:57:40.841+0000] {processor.py:925} INFO - DAG(s) 'example_branch_operator' retrieved from /home/airflow/.local/lib/python3.12/site-packages/airflow/example_dags/example_branch_operator.py
[2025-02-04T14:57:40.898+0000] {logging_mixin.py:190} INFO - [2025-02-04T14:57:40.897+0000] {dag.py:3239} INFO - Sync 1 DAGs
[2025-02-04T14:57:40.930+0000] {logging_mixin.py:190} INFO - [2025-02-04T14:57:40.929+0000] {dag.py:4180} INFO - Setting next_dagrun for example_branch_operator to 2025-02-03 00:00:00+00:00, run_after=2025-02-04 00:00:00+00:00
[2025-02-04T14:57:40.959+0000] {processor.py:208} INFO - Processing /home/airflow/.local/lib/python3.12/site-packages/airflow/example_dags/example_branch_operator.py took 0.158 seconds
[2025-02-04T14:58:11.486+0000] {processor.py:186} INFO - Started process (PID=1125) to work on /home/airflow/.local/lib/python3.12/site-packages/airflow/example_dags/example_branch_operator.py
[2025-02-04T14:58:11.488+0000] {processor.py:914} INFO - Processing file /home/airflow/.local/lib/python3.12/site-packages/airflow/example_dags/example_branch_operator.py for tasks to queue
[2025-02-04T14:58:11.491+0000] {logging_mixin.py:190} INFO - [2025-02-04T14:58:11.491+0000] {dagbag.py:588} INFO - Filling up the DagBag from /home/airflow/.local/lib/python3.12/site-packages/airflow/example_dags/example_branch_operator.py
[2025-02-04T14:58:11.529+0000] {processor.py:925} INFO - DAG(s) 'example_branch_operator' retrieved from /home/airflow/.local/lib/python3.12/site-packages/airflow/example_dags/example_branch_operator.py
[2025-02-04T14:58:11.579+0000] {logging_mixin.py:190} INFO - [2025-02-04T14:58:11.579+0000] {dag.py:3239} INFO - Sync 1 DAGs
[2025-02-04T14:58:11.621+0000] {logging_mixin.py:190} INFO - [2025-02-04T14:58:11.621+0000] {dag.py:4180} INFO - Setting next_dagrun for example_branch_operator to 2025-02-03 00:00:00+00:00, run_after=2025-02-04 00:00:00+00:00
[2025-02-04T14:58:11.647+0000] {processor.py:208} INFO - Processing /home/airflow/.local/lib/python3.12/site-packages/airflow/example_dags/example_branch_operator.py took 0.173 seconds
[2025-02-04T14:58:42.504+0000] {processor.py:186} INFO - Started process (PID=1190) to work on /home/airflow/.local/lib/python3.12/site-packages/airflow/example_dags/example_branch_operator.py
[2025-02-04T14:58:42.506+0000] {processor.py:914} INFO - Processing file /home/airflow/.local/lib/python3.12/site-packages/airflow/example_dags/example_branch_operator.py for tasks to queue
[2025-02-04T14:58:42.509+0000] {logging_mixin.py:190} INFO - [2025-02-04T14:58:42.509+0000] {dagbag.py:588} INFO - Filling up the DagBag from /home/airflow/.local/lib/python3.12/site-packages/airflow/example_dags/example_branch_operator.py
[2025-02-04T14:58:42.540+0000] {processor.py:925} INFO - DAG(s) 'example_branch_operator' retrieved from /home/airflow/.local/lib/python3.12/site-packages/airflow/example_dags/example_branch_operator.py
[2025-02-04T14:58:42.592+0000] {logging_mixin.py:190} INFO - [2025-02-04T14:58:42.591+0000] {dag.py:3239} INFO - Sync 1 DAGs
[2025-02-04T14:58:42.633+0000] {logging_mixin.py:190} INFO - [2025-02-04T14:58:42.633+0000] {dag.py:4180} INFO - Setting next_dagrun for example_branch_operator to 2025-02-03 00:00:00+00:00, run_after=2025-02-04 00:00:00+00:00
[2025-02-04T14:58:42.661+0000] {processor.py:208} INFO - Processing /home/airflow/.local/lib/python3.12/site-packages/airflow/example_dags/example_branch_operator.py took 0.166 seconds
[2025-02-04T14:59:12.828+0000] {processor.py:186} INFO - Started process (PID=1255) to work on /home/airflow/.local/lib/python3.12/site-packages/airflow/example_dags/example_branch_operator.py
[2025-02-04T14:59:12.830+0000] {processor.py:914} INFO - Processing file /home/airflow/.local/lib/python3.12/site-packages/airflow/example_dags/example_branch_operator.py for tasks to queue
[2025-02-04T14:59:12.834+0000] {logging_mixin.py:190} INFO - [2025-02-04T14:59:12.833+0000] {dagbag.py:588} INFO - Filling up the DagBag from /home/airflow/.local/lib/python3.12/site-packages/airflow/example_dags/example_branch_operator.py
[2025-02-04T14:59:12.870+0000] {processor.py:925} INFO - DAG(s) 'example_branch_operator' retrieved from /home/airflow/.local/lib/python3.12/site-packages/airflow/example_dags/example_branch_operator.py
[2025-02-04T14:59:12.917+0000] {logging_mixin.py:190} INFO - [2025-02-04T14:59:12.917+0000] {dag.py:3239} INFO - Sync 1 DAGs
[2025-02-04T14:59:12.956+0000] {logging_mixin.py:190} INFO - [2025-02-04T14:59:12.955+0000] {dag.py:4180} INFO - Setting next_dagrun for example_branch_operator to 2025-02-03 00:00:00+00:00, run_after=2025-02-04 00:00:00+00:00
[2025-02-04T14:59:12.986+0000] {processor.py:208} INFO - Processing /home/airflow/.local/lib/python3.12/site-packages/airflow/example_dags/example_branch_operator.py took 0.170 seconds
[2025-02-04T14:59:43.665+0000] {processor.py:186} INFO - Started process (PID=1319) to work on /home/airflow/.local/lib/python3.12/site-packages/airflow/example_dags/example_branch_operator.py
[2025-02-04T14:59:43.667+0000] {processor.py:914} INFO - Processing file /home/airflow/.local/lib/python3.12/site-packages/airflow/example_dags/example_branch_operator.py for tasks to queue
[2025-02-04T14:59:43.671+0000] {logging_mixin.py:190} INFO - [2025-02-04T14:59:43.671+0000] {dagbag.py:588} INFO - Filling up the DagBag from /home/airflow/.local/lib/python3.12/site-packages/airflow/example_dags/example_branch_operator.py
[2025-02-04T14:59:43.705+0000] {processor.py:925} INFO - DAG(s) 'example_branch_operator' retrieved from /home/airflow/.local/lib/python3.12/site-packages/airflow/example_dags/example_branch_operator.py
[2025-02-04T14:59:43.787+0000] {logging_mixin.py:190} INFO - [2025-02-04T14:59:43.786+0000] {dag.py:3239} INFO - Sync 1 DAGs
[2025-02-04T14:59:43.836+0000] {logging_mixin.py:190} INFO - [2025-02-04T14:59:43.836+0000] {dag.py:4180} INFO - Setting next_dagrun for example_branch_operator to 2025-02-03 00:00:00+00:00, run_after=2025-02-04 00:00:00+00:00
[2025-02-04T14:59:43.869+0000] {processor.py:208} INFO - Processing /home/airflow/.local/lib/python3.12/site-packages/airflow/example_dags/example_branch_operator.py took 0.216 seconds
[2025-02-04T15:00:14.426+0000] {processor.py:186} INFO - Started process (PID=1383) to work on /home/airflow/.local/lib/python3.12/site-packages/airflow/example_dags/example_branch_operator.py
[2025-02-04T15:00:14.428+0000] {processor.py:914} INFO - Processing file /home/airflow/.local/lib/python3.12/site-packages/airflow/example_dags/example_branch_operator.py for tasks to queue
[2025-02-04T15:00:14.435+0000] {logging_mixin.py:190} INFO - [2025-02-04T15:00:14.432+0000] {dagbag.py:588} INFO - Filling up the DagBag from /home/airflow/.local/lib/python3.12/site-packages/airflow/example_dags/example_branch_operator.py
[2025-02-04T15:00:14.502+0000] {processor.py:925} INFO - DAG(s) 'example_branch_operator' retrieved from /home/airflow/.local/lib/python3.12/site-packages/airflow/example_dags/example_branch_operator.py
[2025-02-04T15:00:14.576+0000] {logging_mixin.py:190} INFO - [2025-02-04T15:00:14.576+0000] {dag.py:3239} INFO - Sync 1 DAGs
[2025-02-04T15:00:14.624+0000] {logging_mixin.py:190} INFO - [2025-02-04T15:00:14.624+0000] {dag.py:4180} INFO - Setting next_dagrun for example_branch_operator to 2025-02-03 00:00:00+00:00, run_after=2025-02-04 00:00:00+00:00
[2025-02-04T15:00:14.651+0000] {processor.py:208} INFO - Processing /home/airflow/.local/lib/python3.12/site-packages/airflow/example_dags/example_branch_operator.py took 0.243 seconds
[2025-02-04T15:00:45.082+0000] {processor.py:186} INFO - Started process (PID=1447) to work on /home/airflow/.local/lib/python3.12/site-packages/airflow/example_dags/example_branch_operator.py
[2025-02-04T15:00:45.084+0000] {processor.py:914} INFO - Processing file /home/airflow/.local/lib/python3.12/site-packages/airflow/example_dags/example_branch_operator.py for tasks to queue
[2025-02-04T15:00:45.090+0000] {logging_mixin.py:190} INFO - [2025-02-04T15:00:45.089+0000] {dagbag.py:588} INFO - Filling up the DagBag from /home/airflow/.local/lib/python3.12/site-packages/airflow/example_dags/example_branch_operator.py
[2025-02-04T15:00:45.128+0000] {processor.py:925} INFO - DAG(s) 'example_branch_operator' retrieved from /home/airflow/.local/lib/python3.12/site-packages/airflow/example_dags/example_branch_operator.py
[2025-02-04T15:00:45.183+0000] {logging_mixin.py:190} INFO - [2025-02-04T15:00:45.183+0000] {dag.py:3239} INFO - Sync 1 DAGs
[2025-02-04T15:00:45.223+0000] {logging_mixin.py:190} INFO - [2025-02-04T15:00:45.223+0000] {dag.py:4180} INFO - Setting next_dagrun for example_branch_operator to 2025-02-03 00:00:00+00:00, run_after=2025-02-04 00:00:00+00:00
[2025-02-04T15:00:45.252+0000] {processor.py:208} INFO - Processing /home/airflow/.local/lib/python3.12/site-packages/airflow/example_dags/example_branch_operator.py took 0.183 seconds
[2025-02-04T15:01:15.319+0000] {processor.py:186} INFO - Started process (PID=1512) to work on /home/airflow/.local/lib/python3.12/site-packages/airflow/example_dags/example_branch_operator.py
[2025-02-04T15:01:15.321+0000] {processor.py:914} INFO - Processing file /home/airflow/.local/lib/python3.12/site-packages/airflow/example_dags/example_branch_operator.py for tasks to queue
[2025-02-04T15:01:15.325+0000] {logging_mixin.py:190} INFO - [2025-02-04T15:01:15.324+0000] {dagbag.py:588} INFO - Filling up the DagBag from /home/airflow/.local/lib/python3.12/site-packages/airflow/example_dags/example_branch_operator.py
[2025-02-04T15:01:15.367+0000] {processor.py:925} INFO - DAG(s) 'example_branch_operator' retrieved from /home/airflow/.local/lib/python3.12/site-packages/airflow/example_dags/example_branch_operator.py
[2025-02-04T15:01:15.469+0000] {logging_mixin.py:190} INFO - [2025-02-04T15:01:15.468+0000] {dag.py:3239} INFO - Sync 1 DAGs
[2025-02-04T15:01:15.541+0000] {logging_mixin.py:190} INFO - [2025-02-04T15:01:15.541+0000] {dag.py:4180} INFO - Setting next_dagrun for example_branch_operator to 2025-02-03 00:00:00+00:00, run_after=2025-02-04 00:00:00+00:00
[2025-02-04T15:01:15.578+0000] {processor.py:208} INFO - Processing /home/airflow/.local/lib/python3.12/site-packages/airflow/example_dags/example_branch_operator.py took 0.273 seconds
[2025-02-04T15:01:47.497+0000] {processor.py:186} INFO - Started process (PID=1559) to work on /home/airflow/.local/lib/python3.12/site-packages/airflow/example_dags/example_branch_operator.py
[2025-02-04T15:01:47.500+0000] {processor.py:914} INFO - Processing file /home/airflow/.local/lib/python3.12/site-packages/airflow/example_dags/example_branch_operator.py for tasks to queue
[2025-02-04T15:01:47.513+0000] {logging_mixin.py:190} INFO - [2025-02-04T15:01:47.512+0000] {dagbag.py:588} INFO - Filling up the DagBag from /home/airflow/.local/lib/python3.12/site-packages/airflow/example_dags/example_branch_operator.py
[2025-02-04T15:01:47.639+0000] {processor.py:925} INFO - DAG(s) 'example_branch_operator' retrieved from /home/airflow/.local/lib/python3.12/site-packages/airflow/example_dags/example_branch_operator.py
[2025-02-04T15:01:47.892+0000] {logging_mixin.py:190} INFO - [2025-02-04T15:01:47.892+0000] {dag.py:3239} INFO - Sync 1 DAGs
[2025-02-04T15:01:48.107+0000] {logging_mixin.py:190} INFO - [2025-02-04T15:01:48.106+0000] {dag.py:4180} INFO - Setting next_dagrun for example_branch_operator to 2025-02-03 00:00:00+00:00, run_after=2025-02-04 00:00:00+00:00
[2025-02-04T15:01:48.239+0000] {processor.py:208} INFO - Processing /home/airflow/.local/lib/python3.12/site-packages/airflow/example_dags/example_branch_operator.py took 0.770 seconds
