[2025-02-04T14:07:41.385+0000] {processor.py:186} INFO - Started process (PID=116) to work on /home/airflow/.local/lib/python3.12/site-packages/airflow/example_dags/tutorial_objectstorage.py
[2025-02-04T14:07:41.388+0000] {processor.py:914} INFO - Processing file /home/airflow/.local/lib/python3.12/site-packages/airflow/example_dags/tutorial_objectstorage.py for tasks to queue
[2025-02-04T14:07:41.406+0000] {logging_mixin.py:190} INFO - [2025-02-04T14:07:41.405+0000] {dagbag.py:588} INFO - Filling up the DagBag from /home/airflow/.local/lib/python3.12/site-packages/airflow/example_dags/tutorial_objectstorage.py
[2025-02-04T14:07:41.475+0000] {processor.py:925} INFO - DAG(s) 'tutorial_objectstorage' retrieved from /home/airflow/.local/lib/python3.12/site-packages/airflow/example_dags/tutorial_objectstorage.py
[2025-02-04T14:07:41.841+0000] {logging_mixin.py:190} INFO - [2025-02-04T14:07:41.840+0000] {override.py:1911} INFO - Created Permission View: can delete on DAG:tutorial_objectstorage
[2025-02-04T14:07:41.888+0000] {logging_mixin.py:190} INFO - [2025-02-04T14:07:41.888+0000] {override.py:1911} INFO - Created Permission View: can read on DAG:tutorial_objectstorage
[2025-02-04T14:07:41.911+0000] {logging_mixin.py:190} INFO - [2025-02-04T14:07:41.910+0000] {override.py:1911} INFO - Created Permission View: can edit on DAG:tutorial_objectstorage
[2025-02-04T14:07:41.938+0000] {logging_mixin.py:190} INFO - [2025-02-04T14:07:41.938+0000] {override.py:1911} INFO - Created Permission View: can delete on DAG Run:tutorial_objectstorage
[2025-02-04T14:07:41.959+0000] {logging_mixin.py:190} INFO - [2025-02-04T14:07:41.959+0000] {override.py:1911} INFO - Created Permission View: menu access on DAG Run:tutorial_objectstorage
[2025-02-04T14:07:41.985+0000] {logging_mixin.py:190} INFO - [2025-02-04T14:07:41.984+0000] {override.py:1911} INFO - Created Permission View: can read on DAG Run:tutorial_objectstorage
[2025-02-04T14:07:42.010+0000] {logging_mixin.py:190} INFO - [2025-02-04T14:07:42.009+0000] {override.py:1911} INFO - Created Permission View: can create on DAG Run:tutorial_objectstorage
[2025-02-04T14:07:42.012+0000] {logging_mixin.py:190} INFO - [2025-02-04T14:07:42.011+0000] {dag.py:3239} INFO - Sync 1 DAGs
[2025-02-04T14:07:42.069+0000] {logging_mixin.py:190} INFO - [2025-02-04T14:07:42.069+0000] {dag.py:3262} INFO - Creating ORM DAG for tutorial_objectstorage
[2025-02-04T14:07:42.073+0000] {logging_mixin.py:190} INFO - [2025-02-04T14:07:42.073+0000] {dag.py:4180} INFO - Setting next_dagrun for tutorial_objectstorage to None, run_after=None
[2025-02-04T14:07:42.146+0000] {processor.py:208} INFO - Processing /home/airflow/.local/lib/python3.12/site-packages/airflow/example_dags/tutorial_objectstorage.py took 0.782 seconds
[2025-02-04T14:08:33.652+0000] {processor.py:186} INFO - Started process (PID=185) to work on /home/airflow/.local/lib/python3.12/site-packages/airflow/example_dags/tutorial_objectstorage.py
[2025-02-04T14:08:33.655+0000] {processor.py:914} INFO - Processing file /home/airflow/.local/lib/python3.12/site-packages/airflow/example_dags/tutorial_objectstorage.py for tasks to queue
[2025-02-04T14:08:33.668+0000] {logging_mixin.py:190} INFO - [2025-02-04T14:08:33.667+0000] {dagbag.py:588} INFO - Filling up the DagBag from /home/airflow/.local/lib/python3.12/site-packages/airflow/example_dags/tutorial_objectstorage.py
[2025-02-04T14:08:33.708+0000] {processor.py:925} INFO - DAG(s) 'tutorial_objectstorage' retrieved from /home/airflow/.local/lib/python3.12/site-packages/airflow/example_dags/tutorial_objectstorage.py
[2025-02-04T14:08:33.806+0000] {logging_mixin.py:190} INFO - [2025-02-04T14:08:33.805+0000] {dag.py:3239} INFO - Sync 1 DAGs
[2025-02-04T14:08:33.858+0000] {logging_mixin.py:190} INFO - [2025-02-04T14:08:33.858+0000] {dag.py:4180} INFO - Setting next_dagrun for tutorial_objectstorage to None, run_after=None
[2025-02-04T14:08:33.960+0000] {processor.py:208} INFO - Processing /home/airflow/.local/lib/python3.12/site-packages/airflow/example_dags/tutorial_objectstorage.py took 0.343 seconds
[2025-02-04T14:09:04.608+0000] {processor.py:186} INFO - Started process (PID=249) to work on /home/airflow/.local/lib/python3.12/site-packages/airflow/example_dags/tutorial_objectstorage.py
[2025-02-04T14:09:04.611+0000] {processor.py:914} INFO - Processing file /home/airflow/.local/lib/python3.12/site-packages/airflow/example_dags/tutorial_objectstorage.py for tasks to queue
[2025-02-04T14:09:04.616+0000] {logging_mixin.py:190} INFO - [2025-02-04T14:09:04.615+0000] {dagbag.py:588} INFO - Filling up the DagBag from /home/airflow/.local/lib/python3.12/site-packages/airflow/example_dags/tutorial_objectstorage.py
[2025-02-04T14:09:04.631+0000] {processor.py:925} INFO - DAG(s) 'tutorial_objectstorage' retrieved from /home/airflow/.local/lib/python3.12/site-packages/airflow/example_dags/tutorial_objectstorage.py
[2025-02-04T14:09:04.675+0000] {logging_mixin.py:190} INFO - [2025-02-04T14:09:04.674+0000] {dag.py:3239} INFO - Sync 1 DAGs
[2025-02-04T14:09:04.708+0000] {logging_mixin.py:190} INFO - [2025-02-04T14:09:04.708+0000] {dag.py:4180} INFO - Setting next_dagrun for tutorial_objectstorage to None, run_after=None
[2025-02-04T14:09:04.774+0000] {processor.py:208} INFO - Processing /home/airflow/.local/lib/python3.12/site-packages/airflow/example_dags/tutorial_objectstorage.py took 0.175 seconds
[2025-02-04T14:09:35.372+0000] {processor.py:186} INFO - Started process (PID=312) to work on /home/airflow/.local/lib/python3.12/site-packages/airflow/example_dags/tutorial_objectstorage.py
[2025-02-04T14:09:35.375+0000] {processor.py:914} INFO - Processing file /home/airflow/.local/lib/python3.12/site-packages/airflow/example_dags/tutorial_objectstorage.py for tasks to queue
[2025-02-04T14:09:35.378+0000] {logging_mixin.py:190} INFO - [2025-02-04T14:09:35.378+0000] {dagbag.py:588} INFO - Filling up the DagBag from /home/airflow/.local/lib/python3.12/site-packages/airflow/example_dags/tutorial_objectstorage.py
[2025-02-04T14:09:35.392+0000] {processor.py:925} INFO - DAG(s) 'tutorial_objectstorage' retrieved from /home/airflow/.local/lib/python3.12/site-packages/airflow/example_dags/tutorial_objectstorage.py
[2025-02-04T14:09:35.419+0000] {logging_mixin.py:190} INFO - [2025-02-04T14:09:35.419+0000] {dag.py:3239} INFO - Sync 1 DAGs
[2025-02-04T14:09:35.462+0000] {logging_mixin.py:190} INFO - [2025-02-04T14:09:35.461+0000] {dag.py:4180} INFO - Setting next_dagrun for tutorial_objectstorage to None, run_after=None
[2025-02-04T14:09:35.542+0000] {processor.py:208} INFO - Processing /home/airflow/.local/lib/python3.12/site-packages/airflow/example_dags/tutorial_objectstorage.py took 0.184 seconds
[2025-02-04T14:10:06.388+0000] {processor.py:186} INFO - Started process (PID=376) to work on /home/airflow/.local/lib/python3.12/site-packages/airflow/example_dags/tutorial_objectstorage.py
[2025-02-04T14:10:06.389+0000] {processor.py:914} INFO - Processing file /home/airflow/.local/lib/python3.12/site-packages/airflow/example_dags/tutorial_objectstorage.py for tasks to queue
[2025-02-04T14:10:06.393+0000] {logging_mixin.py:190} INFO - [2025-02-04T14:10:06.393+0000] {dagbag.py:588} INFO - Filling up the DagBag from /home/airflow/.local/lib/python3.12/site-packages/airflow/example_dags/tutorial_objectstorage.py
[2025-02-04T14:10:06.407+0000] {processor.py:925} INFO - DAG(s) 'tutorial_objectstorage' retrieved from /home/airflow/.local/lib/python3.12/site-packages/airflow/example_dags/tutorial_objectstorage.py
[2025-02-04T14:10:06.436+0000] {logging_mixin.py:190} INFO - [2025-02-04T14:10:06.435+0000] {dag.py:3239} INFO - Sync 1 DAGs
[2025-02-04T14:10:06.456+0000] {logging_mixin.py:190} INFO - [2025-02-04T14:10:06.455+0000] {dag.py:4180} INFO - Setting next_dagrun for tutorial_objectstorage to None, run_after=None
[2025-02-04T14:10:06.491+0000] {processor.py:208} INFO - Processing /home/airflow/.local/lib/python3.12/site-packages/airflow/example_dags/tutorial_objectstorage.py took 0.113 seconds
[2025-02-04T14:10:51.630+0000] {processor.py:186} INFO - Started process (PID=440) to work on /home/airflow/.local/lib/python3.12/site-packages/airflow/example_dags/tutorial_objectstorage.py
[2025-02-04T14:10:51.632+0000] {processor.py:914} INFO - Processing file /home/airflow/.local/lib/python3.12/site-packages/airflow/example_dags/tutorial_objectstorage.py for tasks to queue
[2025-02-04T14:10:51.636+0000] {logging_mixin.py:190} INFO - [2025-02-04T14:10:51.636+0000] {dagbag.py:588} INFO - Filling up the DagBag from /home/airflow/.local/lib/python3.12/site-packages/airflow/example_dags/tutorial_objectstorage.py
[2025-02-04T14:10:51.652+0000] {processor.py:925} INFO - DAG(s) 'tutorial_objectstorage' retrieved from /home/airflow/.local/lib/python3.12/site-packages/airflow/example_dags/tutorial_objectstorage.py
[2025-02-04T14:10:51.688+0000] {logging_mixin.py:190} INFO - [2025-02-04T14:10:51.688+0000] {dag.py:3239} INFO - Sync 1 DAGs
[2025-02-04T14:10:51.726+0000] {logging_mixin.py:190} INFO - [2025-02-04T14:10:51.726+0000] {dag.py:4180} INFO - Setting next_dagrun for tutorial_objectstorage to None, run_after=None
[2025-02-04T14:10:51.773+0000] {processor.py:208} INFO - Processing /home/airflow/.local/lib/python3.12/site-packages/airflow/example_dags/tutorial_objectstorage.py took 0.155 seconds
[2025-02-04T14:11:27.645+0000] {processor.py:186} INFO - Started process (PID=504) to work on /home/airflow/.local/lib/python3.12/site-packages/airflow/example_dags/tutorial_objectstorage.py
[2025-02-04T14:11:27.647+0000] {processor.py:914} INFO - Processing file /home/airflow/.local/lib/python3.12/site-packages/airflow/example_dags/tutorial_objectstorage.py for tasks to queue
[2025-02-04T14:11:27.654+0000] {logging_mixin.py:190} INFO - [2025-02-04T14:11:27.653+0000] {dagbag.py:588} INFO - Filling up the DagBag from /home/airflow/.local/lib/python3.12/site-packages/airflow/example_dags/tutorial_objectstorage.py
[2025-02-04T14:11:27.685+0000] {processor.py:925} INFO - DAG(s) 'tutorial_objectstorage' retrieved from /home/airflow/.local/lib/python3.12/site-packages/airflow/example_dags/tutorial_objectstorage.py
[2025-02-04T14:11:27.758+0000] {logging_mixin.py:190} INFO - [2025-02-04T14:11:27.757+0000] {dag.py:3239} INFO - Sync 1 DAGs
[2025-02-04T14:11:27.805+0000] {logging_mixin.py:190} INFO - [2025-02-04T14:11:27.804+0000] {dag.py:4180} INFO - Setting next_dagrun for tutorial_objectstorage to None, run_after=None
[2025-02-04T14:11:27.925+0000] {processor.py:208} INFO - Processing /home/airflow/.local/lib/python3.12/site-packages/airflow/example_dags/tutorial_objectstorage.py took 0.308 seconds
[2025-02-04T14:18:40.641+0000] {processor.py:186} INFO - Started process (PID=102) to work on /home/airflow/.local/lib/python3.12/site-packages/airflow/example_dags/tutorial_objectstorage.py
[2025-02-04T14:18:40.644+0000] {processor.py:914} INFO - Processing file /home/airflow/.local/lib/python3.12/site-packages/airflow/example_dags/tutorial_objectstorage.py for tasks to queue
[2025-02-04T14:18:40.651+0000] {logging_mixin.py:190} INFO - [2025-02-04T14:18:40.650+0000] {dagbag.py:588} INFO - Filling up the DagBag from /home/airflow/.local/lib/python3.12/site-packages/airflow/example_dags/tutorial_objectstorage.py
[2025-02-04T14:18:40.681+0000] {processor.py:925} INFO - DAG(s) 'tutorial_objectstorage' retrieved from /home/airflow/.local/lib/python3.12/site-packages/airflow/example_dags/tutorial_objectstorage.py
[2025-02-04T14:18:40.836+0000] {logging_mixin.py:190} INFO - [2025-02-04T14:18:40.835+0000] {dag.py:3239} INFO - Sync 1 DAGs
[2025-02-04T14:18:40.884+0000] {logging_mixin.py:190} INFO - [2025-02-04T14:18:40.884+0000] {dag.py:4180} INFO - Setting next_dagrun for tutorial_objectstorage to None, run_after=None
[2025-02-04T14:18:40.944+0000] {processor.py:208} INFO - Processing /home/airflow/.local/lib/python3.12/site-packages/airflow/example_dags/tutorial_objectstorage.py took 0.322 seconds
[2025-02-04T14:19:11.389+0000] {processor.py:186} INFO - Started process (PID=165) to work on /home/airflow/.local/lib/python3.12/site-packages/airflow/example_dags/tutorial_objectstorage.py
[2025-02-04T14:19:11.406+0000] {processor.py:914} INFO - Processing file /home/airflow/.local/lib/python3.12/site-packages/airflow/example_dags/tutorial_objectstorage.py for tasks to queue
[2025-02-04T14:19:11.417+0000] {logging_mixin.py:190} INFO - [2025-02-04T14:19:11.416+0000] {dagbag.py:588} INFO - Filling up the DagBag from /home/airflow/.local/lib/python3.12/site-packages/airflow/example_dags/tutorial_objectstorage.py
[2025-02-04T14:19:11.449+0000] {processor.py:925} INFO - DAG(s) 'tutorial_objectstorage' retrieved from /home/airflow/.local/lib/python3.12/site-packages/airflow/example_dags/tutorial_objectstorage.py
[2025-02-04T14:19:11.498+0000] {logging_mixin.py:190} INFO - [2025-02-04T14:19:11.498+0000] {dag.py:3239} INFO - Sync 1 DAGs
[2025-02-04T14:19:11.530+0000] {logging_mixin.py:190} INFO - [2025-02-04T14:19:11.529+0000] {dag.py:4180} INFO - Setting next_dagrun for tutorial_objectstorage to None, run_after=None
[2025-02-04T14:19:11.571+0000] {processor.py:208} INFO - Processing /home/airflow/.local/lib/python3.12/site-packages/airflow/example_dags/tutorial_objectstorage.py took 0.208 seconds
[2025-02-04T14:19:44.896+0000] {processor.py:186} INFO - Started process (PID=236) to work on /home/airflow/.local/lib/python3.12/site-packages/airflow/example_dags/tutorial_objectstorage.py
[2025-02-04T14:19:44.908+0000] {processor.py:914} INFO - Processing file /home/airflow/.local/lib/python3.12/site-packages/airflow/example_dags/tutorial_objectstorage.py for tasks to queue
[2025-02-04T14:19:44.914+0000] {logging_mixin.py:190} INFO - [2025-02-04T14:19:44.913+0000] {dagbag.py:588} INFO - Filling up the DagBag from /home/airflow/.local/lib/python3.12/site-packages/airflow/example_dags/tutorial_objectstorage.py
[2025-02-04T14:19:44.961+0000] {processor.py:925} INFO - DAG(s) 'tutorial_objectstorage' retrieved from /home/airflow/.local/lib/python3.12/site-packages/airflow/example_dags/tutorial_objectstorage.py
[2025-02-04T14:19:45.007+0000] {logging_mixin.py:190} INFO - [2025-02-04T14:19:45.006+0000] {dag.py:3239} INFO - Sync 1 DAGs
[2025-02-04T14:19:45.042+0000] {logging_mixin.py:190} INFO - [2025-02-04T14:19:45.041+0000] {dag.py:4180} INFO - Setting next_dagrun for tutorial_objectstorage to None, run_after=None
[2025-02-04T14:19:45.078+0000] {processor.py:208} INFO - Processing /home/airflow/.local/lib/python3.12/site-packages/airflow/example_dags/tutorial_objectstorage.py took 0.204 seconds
[2025-02-04T14:20:15.691+0000] {processor.py:186} INFO - Started process (PID=306) to work on /home/airflow/.local/lib/python3.12/site-packages/airflow/example_dags/tutorial_objectstorage.py
[2025-02-04T14:20:15.693+0000] {processor.py:914} INFO - Processing file /home/airflow/.local/lib/python3.12/site-packages/airflow/example_dags/tutorial_objectstorage.py for tasks to queue
[2025-02-04T14:20:15.697+0000] {logging_mixin.py:190} INFO - [2025-02-04T14:20:15.696+0000] {dagbag.py:588} INFO - Filling up the DagBag from /home/airflow/.local/lib/python3.12/site-packages/airflow/example_dags/tutorial_objectstorage.py
[2025-02-04T14:20:15.717+0000] {processor.py:925} INFO - DAG(s) 'tutorial_objectstorage' retrieved from /home/airflow/.local/lib/python3.12/site-packages/airflow/example_dags/tutorial_objectstorage.py
[2025-02-04T14:20:15.753+0000] {logging_mixin.py:190} INFO - [2025-02-04T14:20:15.753+0000] {dag.py:3239} INFO - Sync 1 DAGs
[2025-02-04T14:20:15.804+0000] {logging_mixin.py:190} INFO - [2025-02-04T14:20:15.804+0000] {dag.py:4180} INFO - Setting next_dagrun for tutorial_objectstorage to None, run_after=None
[2025-02-04T14:20:15.848+0000] {processor.py:208} INFO - Processing /home/airflow/.local/lib/python3.12/site-packages/airflow/example_dags/tutorial_objectstorage.py took 0.169 seconds
[2025-02-04T14:20:53.773+0000] {processor.py:186} INFO - Started process (PID=376) to work on /home/airflow/.local/lib/python3.12/site-packages/airflow/example_dags/tutorial_objectstorage.py
[2025-02-04T14:20:53.775+0000] {processor.py:914} INFO - Processing file /home/airflow/.local/lib/python3.12/site-packages/airflow/example_dags/tutorial_objectstorage.py for tasks to queue
[2025-02-04T14:20:53.778+0000] {logging_mixin.py:190} INFO - [2025-02-04T14:20:53.777+0000] {dagbag.py:588} INFO - Filling up the DagBag from /home/airflow/.local/lib/python3.12/site-packages/airflow/example_dags/tutorial_objectstorage.py
[2025-02-04T14:20:53.843+0000] {processor.py:925} INFO - DAG(s) 'tutorial_objectstorage' retrieved from /home/airflow/.local/lib/python3.12/site-packages/airflow/example_dags/tutorial_objectstorage.py
[2025-02-04T14:20:53.921+0000] {logging_mixin.py:190} INFO - [2025-02-04T14:20:53.920+0000] {dag.py:3239} INFO - Sync 1 DAGs
[2025-02-04T14:20:53.960+0000] {logging_mixin.py:190} INFO - [2025-02-04T14:20:53.959+0000] {dag.py:4180} INFO - Setting next_dagrun for tutorial_objectstorage to None, run_after=None
[2025-02-04T14:20:54.020+0000] {processor.py:208} INFO - Processing /home/airflow/.local/lib/python3.12/site-packages/airflow/example_dags/tutorial_objectstorage.py took 0.265 seconds
[2025-02-04T14:21:25.040+0000] {processor.py:186} INFO - Started process (PID=449) to work on /home/airflow/.local/lib/python3.12/site-packages/airflow/example_dags/tutorial_objectstorage.py
[2025-02-04T14:21:25.042+0000] {processor.py:914} INFO - Processing file /home/airflow/.local/lib/python3.12/site-packages/airflow/example_dags/tutorial_objectstorage.py for tasks to queue
[2025-02-04T14:21:25.045+0000] {logging_mixin.py:190} INFO - [2025-02-04T14:21:25.044+0000] {dagbag.py:588} INFO - Filling up the DagBag from /home/airflow/.local/lib/python3.12/site-packages/airflow/example_dags/tutorial_objectstorage.py
[2025-02-04T14:21:25.075+0000] {processor.py:925} INFO - DAG(s) 'tutorial_objectstorage' retrieved from /home/airflow/.local/lib/python3.12/site-packages/airflow/example_dags/tutorial_objectstorage.py
[2025-02-04T14:21:25.129+0000] {logging_mixin.py:190} INFO - [2025-02-04T14:21:25.129+0000] {dag.py:3239} INFO - Sync 1 DAGs
[2025-02-04T14:21:25.160+0000] {logging_mixin.py:190} INFO - [2025-02-04T14:21:25.160+0000] {dag.py:4180} INFO - Setting next_dagrun for tutorial_objectstorage to None, run_after=None
[2025-02-04T14:21:25.199+0000] {processor.py:208} INFO - Processing /home/airflow/.local/lib/python3.12/site-packages/airflow/example_dags/tutorial_objectstorage.py took 0.173 seconds
[2025-02-04T14:21:56.807+0000] {processor.py:186} INFO - Started process (PID=514) to work on /home/airflow/.local/lib/python3.12/site-packages/airflow/example_dags/tutorial_objectstorage.py
[2025-02-04T14:21:56.813+0000] {processor.py:914} INFO - Processing file /home/airflow/.local/lib/python3.12/site-packages/airflow/example_dags/tutorial_objectstorage.py for tasks to queue
[2025-02-04T14:21:56.816+0000] {logging_mixin.py:190} INFO - [2025-02-04T14:21:56.815+0000] {dagbag.py:588} INFO - Filling up the DagBag from /home/airflow/.local/lib/python3.12/site-packages/airflow/example_dags/tutorial_objectstorage.py
[2025-02-04T14:21:56.836+0000] {processor.py:925} INFO - DAG(s) 'tutorial_objectstorage' retrieved from /home/airflow/.local/lib/python3.12/site-packages/airflow/example_dags/tutorial_objectstorage.py
[2025-02-04T14:21:56.887+0000] {logging_mixin.py:190} INFO - [2025-02-04T14:21:56.886+0000] {dag.py:3239} INFO - Sync 1 DAGs
[2025-02-04T14:21:56.923+0000] {logging_mixin.py:190} INFO - [2025-02-04T14:21:56.923+0000] {dag.py:4180} INFO - Setting next_dagrun for tutorial_objectstorage to None, run_after=None
[2025-02-04T14:21:56.964+0000] {processor.py:208} INFO - Processing /home/airflow/.local/lib/python3.12/site-packages/airflow/example_dags/tutorial_objectstorage.py took 0.174 seconds
[2025-02-04T14:22:28.364+0000] {processor.py:186} INFO - Started process (PID=587) to work on /home/airflow/.local/lib/python3.12/site-packages/airflow/example_dags/tutorial_objectstorage.py
[2025-02-04T14:22:28.366+0000] {processor.py:914} INFO - Processing file /home/airflow/.local/lib/python3.12/site-packages/airflow/example_dags/tutorial_objectstorage.py for tasks to queue
[2025-02-04T14:22:28.369+0000] {logging_mixin.py:190} INFO - [2025-02-04T14:22:28.368+0000] {dagbag.py:588} INFO - Filling up the DagBag from /home/airflow/.local/lib/python3.12/site-packages/airflow/example_dags/tutorial_objectstorage.py
[2025-02-04T14:22:28.404+0000] {processor.py:925} INFO - DAG(s) 'tutorial_objectstorage' retrieved from /home/airflow/.local/lib/python3.12/site-packages/airflow/example_dags/tutorial_objectstorage.py
[2025-02-04T14:22:28.488+0000] {logging_mixin.py:190} INFO - [2025-02-04T14:22:28.487+0000] {dag.py:3239} INFO - Sync 1 DAGs
[2025-02-04T14:22:28.550+0000] {logging_mixin.py:190} INFO - [2025-02-04T14:22:28.549+0000] {dag.py:4180} INFO - Setting next_dagrun for tutorial_objectstorage to None, run_after=None
[2025-02-04T14:22:28.709+0000] {processor.py:208} INFO - Processing /home/airflow/.local/lib/python3.12/site-packages/airflow/example_dags/tutorial_objectstorage.py took 0.394 seconds
[2025-02-04T14:23:00.329+0000] {processor.py:186} INFO - Started process (PID=655) to work on /home/airflow/.local/lib/python3.12/site-packages/airflow/example_dags/tutorial_objectstorage.py
[2025-02-04T14:23:00.331+0000] {processor.py:914} INFO - Processing file /home/airflow/.local/lib/python3.12/site-packages/airflow/example_dags/tutorial_objectstorage.py for tasks to queue
[2025-02-04T14:23:00.334+0000] {logging_mixin.py:190} INFO - [2025-02-04T14:23:00.334+0000] {dagbag.py:588} INFO - Filling up the DagBag from /home/airflow/.local/lib/python3.12/site-packages/airflow/example_dags/tutorial_objectstorage.py
[2025-02-04T14:23:00.358+0000] {processor.py:925} INFO - DAG(s) 'tutorial_objectstorage' retrieved from /home/airflow/.local/lib/python3.12/site-packages/airflow/example_dags/tutorial_objectstorage.py
[2025-02-04T14:23:00.403+0000] {logging_mixin.py:190} INFO - [2025-02-04T14:23:00.402+0000] {dag.py:3239} INFO - Sync 1 DAGs
[2025-02-04T14:23:00.431+0000] {logging_mixin.py:190} INFO - [2025-02-04T14:23:00.431+0000] {dag.py:4180} INFO - Setting next_dagrun for tutorial_objectstorage to None, run_after=None
[2025-02-04T14:23:00.466+0000] {processor.py:208} INFO - Processing /home/airflow/.local/lib/python3.12/site-packages/airflow/example_dags/tutorial_objectstorage.py took 0.156 seconds
[2025-02-04T14:23:31.190+0000] {processor.py:186} INFO - Started process (PID=719) to work on /home/airflow/.local/lib/python3.12/site-packages/airflow/example_dags/tutorial_objectstorage.py
[2025-02-04T14:23:31.192+0000] {processor.py:914} INFO - Processing file /home/airflow/.local/lib/python3.12/site-packages/airflow/example_dags/tutorial_objectstorage.py for tasks to queue
[2025-02-04T14:23:31.194+0000] {logging_mixin.py:190} INFO - [2025-02-04T14:23:31.193+0000] {dagbag.py:588} INFO - Filling up the DagBag from /home/airflow/.local/lib/python3.12/site-packages/airflow/example_dags/tutorial_objectstorage.py
[2025-02-04T14:23:31.211+0000] {processor.py:925} INFO - DAG(s) 'tutorial_objectstorage' retrieved from /home/airflow/.local/lib/python3.12/site-packages/airflow/example_dags/tutorial_objectstorage.py
[2025-02-04T14:23:31.242+0000] {logging_mixin.py:190} INFO - [2025-02-04T14:23:31.242+0000] {dag.py:3239} INFO - Sync 1 DAGs
[2025-02-04T14:23:31.267+0000] {logging_mixin.py:190} INFO - [2025-02-04T14:23:31.266+0000] {dag.py:4180} INFO - Setting next_dagrun for tutorial_objectstorage to None, run_after=None
[2025-02-04T14:23:31.298+0000] {processor.py:208} INFO - Processing /home/airflow/.local/lib/python3.12/site-packages/airflow/example_dags/tutorial_objectstorage.py took 0.119 seconds
[2025-02-04T14:24:01.434+0000] {processor.py:186} INFO - Started process (PID=782) to work on /home/airflow/.local/lib/python3.12/site-packages/airflow/example_dags/tutorial_objectstorage.py
[2025-02-04T14:24:01.436+0000] {processor.py:914} INFO - Processing file /home/airflow/.local/lib/python3.12/site-packages/airflow/example_dags/tutorial_objectstorage.py for tasks to queue
[2025-02-04T14:24:01.438+0000] {logging_mixin.py:190} INFO - [2025-02-04T14:24:01.438+0000] {dagbag.py:588} INFO - Filling up the DagBag from /home/airflow/.local/lib/python3.12/site-packages/airflow/example_dags/tutorial_objectstorage.py
[2025-02-04T14:24:01.458+0000] {processor.py:925} INFO - DAG(s) 'tutorial_objectstorage' retrieved from /home/airflow/.local/lib/python3.12/site-packages/airflow/example_dags/tutorial_objectstorage.py
[2025-02-04T14:24:01.499+0000] {logging_mixin.py:190} INFO - [2025-02-04T14:24:01.499+0000] {dag.py:3239} INFO - Sync 1 DAGs
[2025-02-04T14:24:01.522+0000] {logging_mixin.py:190} INFO - [2025-02-04T14:24:01.522+0000] {dag.py:4180} INFO - Setting next_dagrun for tutorial_objectstorage to None, run_after=None
[2025-02-04T14:24:01.556+0000] {processor.py:208} INFO - Processing /home/airflow/.local/lib/python3.12/site-packages/airflow/example_dags/tutorial_objectstorage.py took 0.133 seconds
[2025-02-04T14:24:44.082+0000] {processor.py:186} INFO - Started process (PID=855) to work on /home/airflow/.local/lib/python3.12/site-packages/airflow/example_dags/tutorial_objectstorage.py
[2025-02-04T14:24:44.095+0000] {processor.py:914} INFO - Processing file /home/airflow/.local/lib/python3.12/site-packages/airflow/example_dags/tutorial_objectstorage.py for tasks to queue
[2025-02-04T14:24:44.099+0000] {logging_mixin.py:190} INFO - [2025-02-04T14:24:44.098+0000] {dagbag.py:588} INFO - Filling up the DagBag from /home/airflow/.local/lib/python3.12/site-packages/airflow/example_dags/tutorial_objectstorage.py
[2025-02-04T14:24:44.137+0000] {processor.py:925} INFO - DAG(s) 'tutorial_objectstorage' retrieved from /home/airflow/.local/lib/python3.12/site-packages/airflow/example_dags/tutorial_objectstorage.py
[2025-02-04T14:24:44.268+0000] {logging_mixin.py:190} INFO - [2025-02-04T14:24:44.267+0000] {dag.py:3239} INFO - Sync 1 DAGs
[2025-02-04T14:24:44.319+0000] {logging_mixin.py:190} INFO - [2025-02-04T14:24:44.318+0000] {dag.py:4180} INFO - Setting next_dagrun for tutorial_objectstorage to None, run_after=None
[2025-02-04T14:24:44.373+0000] {processor.py:208} INFO - Processing /home/airflow/.local/lib/python3.12/site-packages/airflow/example_dags/tutorial_objectstorage.py took 0.308 seconds
[2025-02-04T14:32:55.138+0000] {processor.py:186} INFO - Started process (PID=120) to work on /home/airflow/.local/lib/python3.12/site-packages/airflow/example_dags/tutorial_objectstorage.py
[2025-02-04T14:32:55.144+0000] {processor.py:914} INFO - Processing file /home/airflow/.local/lib/python3.12/site-packages/airflow/example_dags/tutorial_objectstorage.py for tasks to queue
[2025-02-04T14:32:55.150+0000] {logging_mixin.py:190} INFO - [2025-02-04T14:32:55.149+0000] {dagbag.py:588} INFO - Filling up the DagBag from /home/airflow/.local/lib/python3.12/site-packages/airflow/example_dags/tutorial_objectstorage.py
[2025-02-04T14:32:55.190+0000] {processor.py:925} INFO - DAG(s) 'tutorial_objectstorage' retrieved from /home/airflow/.local/lib/python3.12/site-packages/airflow/example_dags/tutorial_objectstorage.py
[2025-02-04T14:32:55.556+0000] {logging_mixin.py:190} INFO - [2025-02-04T14:32:55.553+0000] {override.py:1911} INFO - Created Permission View: can delete on DAG:tutorial_objectstorage
[2025-02-04T14:32:55.586+0000] {logging_mixin.py:190} INFO - [2025-02-04T14:32:55.586+0000] {override.py:1911} INFO - Created Permission View: can read on DAG:tutorial_objectstorage
[2025-02-04T14:32:55.607+0000] {logging_mixin.py:190} INFO - [2025-02-04T14:32:55.606+0000] {override.py:1911} INFO - Created Permission View: can edit on DAG:tutorial_objectstorage
[2025-02-04T14:32:55.629+0000] {logging_mixin.py:190} INFO - [2025-02-04T14:32:55.628+0000] {override.py:1911} INFO - Created Permission View: can create on DAG Run:tutorial_objectstorage
[2025-02-04T14:32:55.648+0000] {logging_mixin.py:190} INFO - [2025-02-04T14:32:55.648+0000] {override.py:1911} INFO - Created Permission View: can delete on DAG Run:tutorial_objectstorage
[2025-02-04T14:32:55.669+0000] {logging_mixin.py:190} INFO - [2025-02-04T14:32:55.668+0000] {override.py:1911} INFO - Created Permission View: can read on DAG Run:tutorial_objectstorage
[2025-02-04T14:32:55.687+0000] {logging_mixin.py:190} INFO - [2025-02-04T14:32:55.686+0000] {override.py:1911} INFO - Created Permission View: menu access on DAG Run:tutorial_objectstorage
[2025-02-04T14:32:55.689+0000] {logging_mixin.py:190} INFO - [2025-02-04T14:32:55.688+0000] {dag.py:3239} INFO - Sync 1 DAGs
[2025-02-04T14:32:55.729+0000] {logging_mixin.py:190} INFO - [2025-02-04T14:32:55.728+0000] {dag.py:3262} INFO - Creating ORM DAG for tutorial_objectstorage
[2025-02-04T14:32:55.731+0000] {logging_mixin.py:190} INFO - [2025-02-04T14:32:55.731+0000] {dag.py:4180} INFO - Setting next_dagrun for tutorial_objectstorage to None, run_after=None
[2025-02-04T14:32:55.773+0000] {processor.py:208} INFO - Processing /home/airflow/.local/lib/python3.12/site-packages/airflow/example_dags/tutorial_objectstorage.py took 0.659 seconds
[2025-02-04T14:33:26.415+0000] {processor.py:186} INFO - Started process (PID=183) to work on /home/airflow/.local/lib/python3.12/site-packages/airflow/example_dags/tutorial_objectstorage.py
[2025-02-04T14:33:26.417+0000] {processor.py:914} INFO - Processing file /home/airflow/.local/lib/python3.12/site-packages/airflow/example_dags/tutorial_objectstorage.py for tasks to queue
[2025-02-04T14:33:26.422+0000] {logging_mixin.py:190} INFO - [2025-02-04T14:33:26.421+0000] {dagbag.py:588} INFO - Filling up the DagBag from /home/airflow/.local/lib/python3.12/site-packages/airflow/example_dags/tutorial_objectstorage.py
[2025-02-04T14:33:26.436+0000] {processor.py:925} INFO - DAG(s) 'tutorial_objectstorage' retrieved from /home/airflow/.local/lib/python3.12/site-packages/airflow/example_dags/tutorial_objectstorage.py
[2025-02-04T14:33:26.469+0000] {logging_mixin.py:190} INFO - [2025-02-04T14:33:26.469+0000] {dag.py:3239} INFO - Sync 1 DAGs
[2025-02-04T14:33:26.498+0000] {logging_mixin.py:190} INFO - [2025-02-04T14:33:26.498+0000] {dag.py:4180} INFO - Setting next_dagrun for tutorial_objectstorage to None, run_after=None
[2025-02-04T14:33:26.534+0000] {processor.py:208} INFO - Processing /home/airflow/.local/lib/python3.12/site-packages/airflow/example_dags/tutorial_objectstorage.py took 0.129 seconds
[2025-02-04T14:33:56.791+0000] {processor.py:186} INFO - Started process (PID=247) to work on /home/airflow/.local/lib/python3.12/site-packages/airflow/example_dags/tutorial_objectstorage.py
[2025-02-04T14:33:56.793+0000] {processor.py:914} INFO - Processing file /home/airflow/.local/lib/python3.12/site-packages/airflow/example_dags/tutorial_objectstorage.py for tasks to queue
[2025-02-04T14:33:56.798+0000] {logging_mixin.py:190} INFO - [2025-02-04T14:33:56.797+0000] {dagbag.py:588} INFO - Filling up the DagBag from /home/airflow/.local/lib/python3.12/site-packages/airflow/example_dags/tutorial_objectstorage.py
[2025-02-04T14:33:56.819+0000] {processor.py:925} INFO - DAG(s) 'tutorial_objectstorage' retrieved from /home/airflow/.local/lib/python3.12/site-packages/airflow/example_dags/tutorial_objectstorage.py
[2025-02-04T14:33:56.876+0000] {logging_mixin.py:190} INFO - [2025-02-04T14:33:56.876+0000] {dag.py:3239} INFO - Sync 1 DAGs
[2025-02-04T14:33:56.904+0000] {logging_mixin.py:190} INFO - [2025-02-04T14:33:56.904+0000] {dag.py:4180} INFO - Setting next_dagrun for tutorial_objectstorage to None, run_after=None
[2025-02-04T14:33:56.935+0000] {processor.py:208} INFO - Processing /home/airflow/.local/lib/python3.12/site-packages/airflow/example_dags/tutorial_objectstorage.py took 0.162 seconds
[2025-02-04T14:34:27.682+0000] {processor.py:186} INFO - Started process (PID=311) to work on /home/airflow/.local/lib/python3.12/site-packages/airflow/example_dags/tutorial_objectstorage.py
[2025-02-04T14:34:27.684+0000] {processor.py:914} INFO - Processing file /home/airflow/.local/lib/python3.12/site-packages/airflow/example_dags/tutorial_objectstorage.py for tasks to queue
[2025-02-04T14:34:27.690+0000] {logging_mixin.py:190} INFO - [2025-02-04T14:34:27.690+0000] {dagbag.py:588} INFO - Filling up the DagBag from /home/airflow/.local/lib/python3.12/site-packages/airflow/example_dags/tutorial_objectstorage.py
[2025-02-04T14:34:27.713+0000] {processor.py:925} INFO - DAG(s) 'tutorial_objectstorage' retrieved from /home/airflow/.local/lib/python3.12/site-packages/airflow/example_dags/tutorial_objectstorage.py
[2025-02-04T14:34:27.756+0000] {logging_mixin.py:190} INFO - [2025-02-04T14:34:27.755+0000] {dag.py:3239} INFO - Sync 1 DAGs
[2025-02-04T14:34:27.792+0000] {logging_mixin.py:190} INFO - [2025-02-04T14:34:27.792+0000] {dag.py:4180} INFO - Setting next_dagrun for tutorial_objectstorage to None, run_after=None
[2025-02-04T14:34:27.841+0000] {processor.py:208} INFO - Processing /home/airflow/.local/lib/python3.12/site-packages/airflow/example_dags/tutorial_objectstorage.py took 0.179 seconds
[2025-02-04T14:34:58.006+0000] {processor.py:186} INFO - Started process (PID=375) to work on /home/airflow/.local/lib/python3.12/site-packages/airflow/example_dags/tutorial_objectstorage.py
[2025-02-04T14:34:58.016+0000] {processor.py:914} INFO - Processing file /home/airflow/.local/lib/python3.12/site-packages/airflow/example_dags/tutorial_objectstorage.py for tasks to queue
[2025-02-04T14:34:58.024+0000] {logging_mixin.py:190} INFO - [2025-02-04T14:34:58.023+0000] {dagbag.py:588} INFO - Filling up the DagBag from /home/airflow/.local/lib/python3.12/site-packages/airflow/example_dags/tutorial_objectstorage.py
[2025-02-04T14:34:58.046+0000] {processor.py:925} INFO - DAG(s) 'tutorial_objectstorage' retrieved from /home/airflow/.local/lib/python3.12/site-packages/airflow/example_dags/tutorial_objectstorage.py
[2025-02-04T14:34:58.087+0000] {logging_mixin.py:190} INFO - [2025-02-04T14:34:58.086+0000] {dag.py:3239} INFO - Sync 1 DAGs
[2025-02-04T14:34:58.112+0000] {logging_mixin.py:190} INFO - [2025-02-04T14:34:58.112+0000] {dag.py:4180} INFO - Setting next_dagrun for tutorial_objectstorage to None, run_after=None
[2025-02-04T14:34:58.147+0000] {processor.py:208} INFO - Processing /home/airflow/.local/lib/python3.12/site-packages/airflow/example_dags/tutorial_objectstorage.py took 0.159 seconds
[2025-02-04T14:35:28.863+0000] {processor.py:186} INFO - Started process (PID=439) to work on /home/airflow/.local/lib/python3.12/site-packages/airflow/example_dags/tutorial_objectstorage.py
[2025-02-04T14:35:28.865+0000] {processor.py:914} INFO - Processing file /home/airflow/.local/lib/python3.12/site-packages/airflow/example_dags/tutorial_objectstorage.py for tasks to queue
[2025-02-04T14:35:28.877+0000] {logging_mixin.py:190} INFO - [2025-02-04T14:35:28.877+0000] {dagbag.py:588} INFO - Filling up the DagBag from /home/airflow/.local/lib/python3.12/site-packages/airflow/example_dags/tutorial_objectstorage.py
[2025-02-04T14:35:28.894+0000] {processor.py:925} INFO - DAG(s) 'tutorial_objectstorage' retrieved from /home/airflow/.local/lib/python3.12/site-packages/airflow/example_dags/tutorial_objectstorage.py
[2025-02-04T14:35:28.925+0000] {logging_mixin.py:190} INFO - [2025-02-04T14:35:28.925+0000] {dag.py:3239} INFO - Sync 1 DAGs
[2025-02-04T14:35:28.956+0000] {logging_mixin.py:190} INFO - [2025-02-04T14:35:28.956+0000] {dag.py:4180} INFO - Setting next_dagrun for tutorial_objectstorage to None, run_after=None
[2025-02-04T14:35:28.993+0000] {processor.py:208} INFO - Processing /home/airflow/.local/lib/python3.12/site-packages/airflow/example_dags/tutorial_objectstorage.py took 0.153 seconds
[2025-02-04T14:35:59.682+0000] {processor.py:186} INFO - Started process (PID=502) to work on /home/airflow/.local/lib/python3.12/site-packages/airflow/example_dags/tutorial_objectstorage.py
[2025-02-04T14:35:59.684+0000] {processor.py:914} INFO - Processing file /home/airflow/.local/lib/python3.12/site-packages/airflow/example_dags/tutorial_objectstorage.py for tasks to queue
[2025-02-04T14:35:59.717+0000] {logging_mixin.py:190} INFO - [2025-02-04T14:35:59.716+0000] {dagbag.py:588} INFO - Filling up the DagBag from /home/airflow/.local/lib/python3.12/site-packages/airflow/example_dags/tutorial_objectstorage.py
[2025-02-04T14:35:59.781+0000] {processor.py:925} INFO - DAG(s) 'tutorial_objectstorage' retrieved from /home/airflow/.local/lib/python3.12/site-packages/airflow/example_dags/tutorial_objectstorage.py
[2025-02-04T14:35:59.864+0000] {logging_mixin.py:190} INFO - [2025-02-04T14:35:59.864+0000] {dag.py:3239} INFO - Sync 1 DAGs
[2025-02-04T14:35:59.919+0000] {logging_mixin.py:190} INFO - [2025-02-04T14:35:59.919+0000] {dag.py:4180} INFO - Setting next_dagrun for tutorial_objectstorage to None, run_after=None
[2025-02-04T14:35:59.995+0000] {processor.py:208} INFO - Processing /home/airflow/.local/lib/python3.12/site-packages/airflow/example_dags/tutorial_objectstorage.py took 0.350 seconds
[2025-02-04T14:36:45.285+0000] {processor.py:186} INFO - Started process (PID=566) to work on /home/airflow/.local/lib/python3.12/site-packages/airflow/example_dags/tutorial_objectstorage.py
[2025-02-04T14:36:45.293+0000] {processor.py:914} INFO - Processing file /home/airflow/.local/lib/python3.12/site-packages/airflow/example_dags/tutorial_objectstorage.py for tasks to queue
[2025-02-04T14:36:45.297+0000] {logging_mixin.py:190} INFO - [2025-02-04T14:36:45.297+0000] {dagbag.py:588} INFO - Filling up the DagBag from /home/airflow/.local/lib/python3.12/site-packages/airflow/example_dags/tutorial_objectstorage.py
[2025-02-04T14:36:45.313+0000] {processor.py:925} INFO - DAG(s) 'tutorial_objectstorage' retrieved from /home/airflow/.local/lib/python3.12/site-packages/airflow/example_dags/tutorial_objectstorage.py
[2025-02-04T14:36:45.351+0000] {logging_mixin.py:190} INFO - [2025-02-04T14:36:45.351+0000] {dag.py:3239} INFO - Sync 1 DAGs
[2025-02-04T14:36:45.387+0000] {logging_mixin.py:190} INFO - [2025-02-04T14:36:45.387+0000] {dag.py:4180} INFO - Setting next_dagrun for tutorial_objectstorage to None, run_after=None
[2025-02-04T14:36:45.437+0000] {processor.py:208} INFO - Processing /home/airflow/.local/lib/python3.12/site-packages/airflow/example_dags/tutorial_objectstorage.py took 0.163 seconds
[2025-02-04T14:37:17.056+0000] {processor.py:186} INFO - Started process (PID=631) to work on /home/airflow/.local/lib/python3.12/site-packages/airflow/example_dags/tutorial_objectstorage.py
[2025-02-04T14:37:17.058+0000] {processor.py:914} INFO - Processing file /home/airflow/.local/lib/python3.12/site-packages/airflow/example_dags/tutorial_objectstorage.py for tasks to queue
[2025-02-04T14:37:17.063+0000] {logging_mixin.py:190} INFO - [2025-02-04T14:37:17.063+0000] {dagbag.py:588} INFO - Filling up the DagBag from /home/airflow/.local/lib/python3.12/site-packages/airflow/example_dags/tutorial_objectstorage.py
[2025-02-04T14:37:17.076+0000] {processor.py:925} INFO - DAG(s) 'tutorial_objectstorage' retrieved from /home/airflow/.local/lib/python3.12/site-packages/airflow/example_dags/tutorial_objectstorage.py
[2025-02-04T14:37:17.108+0000] {logging_mixin.py:190} INFO - [2025-02-04T14:37:17.107+0000] {dag.py:3239} INFO - Sync 1 DAGs
[2025-02-04T14:37:17.138+0000] {logging_mixin.py:190} INFO - [2025-02-04T14:37:17.138+0000] {dag.py:4180} INFO - Setting next_dagrun for tutorial_objectstorage to None, run_after=None
[2025-02-04T14:37:17.169+0000] {processor.py:208} INFO - Processing /home/airflow/.local/lib/python3.12/site-packages/airflow/example_dags/tutorial_objectstorage.py took 0.126 seconds
[2025-02-04T14:37:52.573+0000] {processor.py:186} INFO - Started process (PID=698) to work on /home/airflow/.local/lib/python3.12/site-packages/airflow/example_dags/tutorial_objectstorage.py
[2025-02-04T14:37:52.575+0000] {processor.py:914} INFO - Processing file /home/airflow/.local/lib/python3.12/site-packages/airflow/example_dags/tutorial_objectstorage.py for tasks to queue
[2025-02-04T14:37:52.582+0000] {logging_mixin.py:190} INFO - [2025-02-04T14:37:52.580+0000] {dagbag.py:588} INFO - Filling up the DagBag from /home/airflow/.local/lib/python3.12/site-packages/airflow/example_dags/tutorial_objectstorage.py
[2025-02-04T14:37:52.604+0000] {processor.py:925} INFO - DAG(s) 'tutorial_objectstorage' retrieved from /home/airflow/.local/lib/python3.12/site-packages/airflow/example_dags/tutorial_objectstorage.py
[2025-02-04T14:37:52.643+0000] {logging_mixin.py:190} INFO - [2025-02-04T14:37:52.642+0000] {dag.py:3239} INFO - Sync 1 DAGs
[2025-02-04T14:37:52.680+0000] {logging_mixin.py:190} INFO - [2025-02-04T14:37:52.680+0000] {dag.py:4180} INFO - Setting next_dagrun for tutorial_objectstorage to None, run_after=None
[2025-02-04T14:37:52.720+0000] {processor.py:208} INFO - Processing /home/airflow/.local/lib/python3.12/site-packages/airflow/example_dags/tutorial_objectstorage.py took 0.164 seconds
[2025-02-04T14:38:22.847+0000] {processor.py:186} INFO - Started process (PID=763) to work on /home/airflow/.local/lib/python3.12/site-packages/airflow/example_dags/tutorial_objectstorage.py
[2025-02-04T14:38:22.849+0000] {processor.py:914} INFO - Processing file /home/airflow/.local/lib/python3.12/site-packages/airflow/example_dags/tutorial_objectstorage.py for tasks to queue
[2025-02-04T14:38:22.854+0000] {logging_mixin.py:190} INFO - [2025-02-04T14:38:22.853+0000] {dagbag.py:588} INFO - Filling up the DagBag from /home/airflow/.local/lib/python3.12/site-packages/airflow/example_dags/tutorial_objectstorage.py
[2025-02-04T14:38:22.875+0000] {processor.py:925} INFO - DAG(s) 'tutorial_objectstorage' retrieved from /home/airflow/.local/lib/python3.12/site-packages/airflow/example_dags/tutorial_objectstorage.py
[2025-02-04T14:38:22.926+0000] {logging_mixin.py:190} INFO - [2025-02-04T14:38:22.926+0000] {dag.py:3239} INFO - Sync 1 DAGs
[2025-02-04T14:38:22.959+0000] {logging_mixin.py:190} INFO - [2025-02-04T14:38:22.959+0000] {dag.py:4180} INFO - Setting next_dagrun for tutorial_objectstorage to None, run_after=None
[2025-02-04T14:38:23.000+0000] {processor.py:208} INFO - Processing /home/airflow/.local/lib/python3.12/site-packages/airflow/example_dags/tutorial_objectstorage.py took 0.169 seconds
[2025-02-04T14:38:57.303+0000] {processor.py:186} INFO - Started process (PID=834) to work on /home/airflow/.local/lib/python3.12/site-packages/airflow/example_dags/tutorial_objectstorage.py
[2025-02-04T14:38:57.305+0000] {processor.py:914} INFO - Processing file /home/airflow/.local/lib/python3.12/site-packages/airflow/example_dags/tutorial_objectstorage.py for tasks to queue
[2025-02-04T14:38:57.309+0000] {logging_mixin.py:190} INFO - [2025-02-04T14:38:57.309+0000] {dagbag.py:588} INFO - Filling up the DagBag from /home/airflow/.local/lib/python3.12/site-packages/airflow/example_dags/tutorial_objectstorage.py
[2025-02-04T14:38:57.327+0000] {processor.py:925} INFO - DAG(s) 'tutorial_objectstorage' retrieved from /home/airflow/.local/lib/python3.12/site-packages/airflow/example_dags/tutorial_objectstorage.py
[2025-02-04T14:38:57.369+0000] {logging_mixin.py:190} INFO - [2025-02-04T14:38:57.368+0000] {dag.py:3239} INFO - Sync 1 DAGs
[2025-02-04T14:38:57.949+0000] {logging_mixin.py:190} INFO - [2025-02-04T14:38:57.948+0000] {dag.py:4180} INFO - Setting next_dagrun for tutorial_objectstorage to None, run_after=None
[2025-02-04T14:38:58.021+0000] {processor.py:208} INFO - Processing /home/airflow/.local/lib/python3.12/site-packages/airflow/example_dags/tutorial_objectstorage.py took 0.196 seconds
[2025-02-04T14:39:28.225+0000] {processor.py:186} INFO - Started process (PID=898) to work on /home/airflow/.local/lib/python3.12/site-packages/airflow/example_dags/tutorial_objectstorage.py
[2025-02-04T14:39:28.226+0000] {processor.py:914} INFO - Processing file /home/airflow/.local/lib/python3.12/site-packages/airflow/example_dags/tutorial_objectstorage.py for tasks to queue
[2025-02-04T14:39:28.230+0000] {logging_mixin.py:190} INFO - [2025-02-04T14:39:28.230+0000] {dagbag.py:588} INFO - Filling up the DagBag from /home/airflow/.local/lib/python3.12/site-packages/airflow/example_dags/tutorial_objectstorage.py
[2025-02-04T14:39:28.246+0000] {processor.py:925} INFO - DAG(s) 'tutorial_objectstorage' retrieved from /home/airflow/.local/lib/python3.12/site-packages/airflow/example_dags/tutorial_objectstorage.py
[2025-02-04T14:39:28.781+0000] {logging_mixin.py:190} INFO - [2025-02-04T14:39:28.781+0000] {dag.py:3239} INFO - Sync 1 DAGs
[2025-02-04T14:39:28.814+0000] {logging_mixin.py:190} INFO - [2025-02-04T14:39:28.814+0000] {dag.py:4180} INFO - Setting next_dagrun for tutorial_objectstorage to None, run_after=None
[2025-02-04T14:39:28.845+0000] {processor.py:208} INFO - Processing /home/airflow/.local/lib/python3.12/site-packages/airflow/example_dags/tutorial_objectstorage.py took 0.128 seconds
[2025-02-04T14:40:00.440+0000] {processor.py:186} INFO - Started process (PID=963) to work on /home/airflow/.local/lib/python3.12/site-packages/airflow/example_dags/tutorial_objectstorage.py
[2025-02-04T14:40:00.442+0000] {processor.py:914} INFO - Processing file /home/airflow/.local/lib/python3.12/site-packages/airflow/example_dags/tutorial_objectstorage.py for tasks to queue
[2025-02-04T14:40:00.445+0000] {logging_mixin.py:190} INFO - [2025-02-04T14:40:00.445+0000] {dagbag.py:588} INFO - Filling up the DagBag from /home/airflow/.local/lib/python3.12/site-packages/airflow/example_dags/tutorial_objectstorage.py
[2025-02-04T14:40:00.474+0000] {processor.py:925} INFO - DAG(s) 'tutorial_objectstorage' retrieved from /home/airflow/.local/lib/python3.12/site-packages/airflow/example_dags/tutorial_objectstorage.py
[2025-02-04T14:40:00.521+0000] {logging_mixin.py:190} INFO - [2025-02-04T14:40:00.520+0000] {dag.py:3239} INFO - Sync 1 DAGs
[2025-02-04T14:40:00.591+0000] {logging_mixin.py:190} INFO - [2025-02-04T14:40:00.591+0000] {dag.py:4180} INFO - Setting next_dagrun for tutorial_objectstorage to None, run_after=None
[2025-02-04T14:40:00.675+0000] {processor.py:208} INFO - Processing /home/airflow/.local/lib/python3.12/site-packages/airflow/example_dags/tutorial_objectstorage.py took 0.245 seconds
[2025-02-04T14:40:33.879+0000] {processor.py:186} INFO - Started process (PID=1028) to work on /home/airflow/.local/lib/python3.12/site-packages/airflow/example_dags/tutorial_objectstorage.py
[2025-02-04T14:40:33.881+0000] {processor.py:914} INFO - Processing file /home/airflow/.local/lib/python3.12/site-packages/airflow/example_dags/tutorial_objectstorage.py for tasks to queue
[2025-02-04T14:40:33.885+0000] {logging_mixin.py:190} INFO - [2025-02-04T14:40:33.885+0000] {dagbag.py:588} INFO - Filling up the DagBag from /home/airflow/.local/lib/python3.12/site-packages/airflow/example_dags/tutorial_objectstorage.py
[2025-02-04T14:40:33.903+0000] {processor.py:925} INFO - DAG(s) 'tutorial_objectstorage' retrieved from /home/airflow/.local/lib/python3.12/site-packages/airflow/example_dags/tutorial_objectstorage.py
[2025-02-04T14:40:33.941+0000] {logging_mixin.py:190} INFO - [2025-02-04T14:40:33.941+0000] {dag.py:3239} INFO - Sync 1 DAGs
[2025-02-04T14:40:33.979+0000] {logging_mixin.py:190} INFO - [2025-02-04T14:40:33.978+0000] {dag.py:4180} INFO - Setting next_dagrun for tutorial_objectstorage to None, run_after=None
[2025-02-04T14:40:34.051+0000] {processor.py:208} INFO - Processing /home/airflow/.local/lib/python3.12/site-packages/airflow/example_dags/tutorial_objectstorage.py took 0.183 seconds
[2025-02-04T14:41:04.904+0000] {processor.py:186} INFO - Started process (PID=1093) to work on /home/airflow/.local/lib/python3.12/site-packages/airflow/example_dags/tutorial_objectstorage.py
[2025-02-04T14:41:04.906+0000] {processor.py:914} INFO - Processing file /home/airflow/.local/lib/python3.12/site-packages/airflow/example_dags/tutorial_objectstorage.py for tasks to queue
[2025-02-04T14:41:04.913+0000] {logging_mixin.py:190} INFO - [2025-02-04T14:41:04.912+0000] {dagbag.py:588} INFO - Filling up the DagBag from /home/airflow/.local/lib/python3.12/site-packages/airflow/example_dags/tutorial_objectstorage.py
[2025-02-04T14:41:04.934+0000] {processor.py:925} INFO - DAG(s) 'tutorial_objectstorage' retrieved from /home/airflow/.local/lib/python3.12/site-packages/airflow/example_dags/tutorial_objectstorage.py
[2025-02-04T14:41:04.986+0000] {logging_mixin.py:190} INFO - [2025-02-04T14:41:04.986+0000] {dag.py:3239} INFO - Sync 1 DAGs
[2025-02-04T14:41:05.022+0000] {logging_mixin.py:190} INFO - [2025-02-04T14:41:05.021+0000] {dag.py:4180} INFO - Setting next_dagrun for tutorial_objectstorage to None, run_after=None
[2025-02-04T14:41:05.059+0000] {processor.py:208} INFO - Processing /home/airflow/.local/lib/python3.12/site-packages/airflow/example_dags/tutorial_objectstorage.py took 0.165 seconds
[2025-02-04T14:41:37.446+0000] {processor.py:186} INFO - Started process (PID=1158) to work on /home/airflow/.local/lib/python3.12/site-packages/airflow/example_dags/tutorial_objectstorage.py
[2025-02-04T14:41:37.449+0000] {processor.py:914} INFO - Processing file /home/airflow/.local/lib/python3.12/site-packages/airflow/example_dags/tutorial_objectstorage.py for tasks to queue
[2025-02-04T14:41:37.463+0000] {logging_mixin.py:190} INFO - [2025-02-04T14:41:37.462+0000] {dagbag.py:588} INFO - Filling up the DagBag from /home/airflow/.local/lib/python3.12/site-packages/airflow/example_dags/tutorial_objectstorage.py
[2025-02-04T14:41:37.497+0000] {processor.py:925} INFO - DAG(s) 'tutorial_objectstorage' retrieved from /home/airflow/.local/lib/python3.12/site-packages/airflow/example_dags/tutorial_objectstorage.py
[2025-02-04T14:41:37.571+0000] {logging_mixin.py:190} INFO - [2025-02-04T14:41:37.571+0000] {dag.py:3239} INFO - Sync 1 DAGs
[2025-02-04T14:41:37.627+0000] {logging_mixin.py:190} INFO - [2025-02-04T14:41:37.627+0000] {dag.py:4180} INFO - Setting next_dagrun for tutorial_objectstorage to None, run_after=None
[2025-02-04T14:41:37.703+0000] {processor.py:208} INFO - Processing /home/airflow/.local/lib/python3.12/site-packages/airflow/example_dags/tutorial_objectstorage.py took 0.276 seconds
[2025-02-04T14:42:08.159+0000] {processor.py:186} INFO - Started process (PID=1221) to work on /home/airflow/.local/lib/python3.12/site-packages/airflow/example_dags/tutorial_objectstorage.py
[2025-02-04T14:42:08.161+0000] {processor.py:914} INFO - Processing file /home/airflow/.local/lib/python3.12/site-packages/airflow/example_dags/tutorial_objectstorage.py for tasks to queue
[2025-02-04T14:42:08.164+0000] {logging_mixin.py:190} INFO - [2025-02-04T14:42:08.164+0000] {dagbag.py:588} INFO - Filling up the DagBag from /home/airflow/.local/lib/python3.12/site-packages/airflow/example_dags/tutorial_objectstorage.py
[2025-02-04T14:42:08.179+0000] {processor.py:925} INFO - DAG(s) 'tutorial_objectstorage' retrieved from /home/airflow/.local/lib/python3.12/site-packages/airflow/example_dags/tutorial_objectstorage.py
[2025-02-04T14:42:08.207+0000] {logging_mixin.py:190} INFO - [2025-02-04T14:42:08.207+0000] {dag.py:3239} INFO - Sync 1 DAGs
[2025-02-04T14:42:08.231+0000] {logging_mixin.py:190} INFO - [2025-02-04T14:42:08.230+0000] {dag.py:4180} INFO - Setting next_dagrun for tutorial_objectstorage to None, run_after=None
[2025-02-04T14:42:08.261+0000] {processor.py:208} INFO - Processing /home/airflow/.local/lib/python3.12/site-packages/airflow/example_dags/tutorial_objectstorage.py took 0.112 seconds
[2025-02-04T14:42:40.096+0000] {processor.py:186} INFO - Started process (PID=1285) to work on /home/airflow/.local/lib/python3.12/site-packages/airflow/example_dags/tutorial_objectstorage.py
[2025-02-04T14:42:40.099+0000] {processor.py:914} INFO - Processing file /home/airflow/.local/lib/python3.12/site-packages/airflow/example_dags/tutorial_objectstorage.py for tasks to queue
[2025-02-04T14:42:40.109+0000] {logging_mixin.py:190} INFO - [2025-02-04T14:42:40.108+0000] {dagbag.py:588} INFO - Filling up the DagBag from /home/airflow/.local/lib/python3.12/site-packages/airflow/example_dags/tutorial_objectstorage.py
[2025-02-04T14:42:40.154+0000] {processor.py:925} INFO - DAG(s) 'tutorial_objectstorage' retrieved from /home/airflow/.local/lib/python3.12/site-packages/airflow/example_dags/tutorial_objectstorage.py
[2025-02-04T14:42:40.225+0000] {logging_mixin.py:190} INFO - [2025-02-04T14:42:40.224+0000] {dag.py:3239} INFO - Sync 1 DAGs
[2025-02-04T14:42:40.277+0000] {logging_mixin.py:190} INFO - [2025-02-04T14:42:40.276+0000] {dag.py:4180} INFO - Setting next_dagrun for tutorial_objectstorage to None, run_after=None
[2025-02-04T14:42:40.343+0000] {processor.py:208} INFO - Processing /home/airflow/.local/lib/python3.12/site-packages/airflow/example_dags/tutorial_objectstorage.py took 0.274 seconds
[2025-02-04T14:43:10.929+0000] {processor.py:186} INFO - Started process (PID=1349) to work on /home/airflow/.local/lib/python3.12/site-packages/airflow/example_dags/tutorial_objectstorage.py
[2025-02-04T14:43:10.931+0000] {processor.py:914} INFO - Processing file /home/airflow/.local/lib/python3.12/site-packages/airflow/example_dags/tutorial_objectstorage.py for tasks to queue
[2025-02-04T14:43:10.936+0000] {logging_mixin.py:190} INFO - [2025-02-04T14:43:10.935+0000] {dagbag.py:588} INFO - Filling up the DagBag from /home/airflow/.local/lib/python3.12/site-packages/airflow/example_dags/tutorial_objectstorage.py
[2025-02-04T14:43:10.950+0000] {processor.py:925} INFO - DAG(s) 'tutorial_objectstorage' retrieved from /home/airflow/.local/lib/python3.12/site-packages/airflow/example_dags/tutorial_objectstorage.py
[2025-02-04T14:43:10.983+0000] {logging_mixin.py:190} INFO - [2025-02-04T14:43:10.983+0000] {dag.py:3239} INFO - Sync 1 DAGs
[2025-02-04T14:43:11.011+0000] {logging_mixin.py:190} INFO - [2025-02-04T14:43:11.011+0000] {dag.py:4180} INFO - Setting next_dagrun for tutorial_objectstorage to None, run_after=None
[2025-02-04T14:43:11.056+0000] {processor.py:208} INFO - Processing /home/airflow/.local/lib/python3.12/site-packages/airflow/example_dags/tutorial_objectstorage.py took 0.138 seconds
[2025-02-04T14:43:41.454+0000] {processor.py:186} INFO - Started process (PID=1412) to work on /home/airflow/.local/lib/python3.12/site-packages/airflow/example_dags/tutorial_objectstorage.py
[2025-02-04T14:43:41.455+0000] {processor.py:914} INFO - Processing file /home/airflow/.local/lib/python3.12/site-packages/airflow/example_dags/tutorial_objectstorage.py for tasks to queue
[2025-02-04T14:43:41.459+0000] {logging_mixin.py:190} INFO - [2025-02-04T14:43:41.458+0000] {dagbag.py:588} INFO - Filling up the DagBag from /home/airflow/.local/lib/python3.12/site-packages/airflow/example_dags/tutorial_objectstorage.py
[2025-02-04T14:43:41.473+0000] {processor.py:925} INFO - DAG(s) 'tutorial_objectstorage' retrieved from /home/airflow/.local/lib/python3.12/site-packages/airflow/example_dags/tutorial_objectstorage.py
[2025-02-04T14:43:41.500+0000] {logging_mixin.py:190} INFO - [2025-02-04T14:43:41.499+0000] {dag.py:3239} INFO - Sync 1 DAGs
[2025-02-04T14:43:41.520+0000] {logging_mixin.py:190} INFO - [2025-02-04T14:43:41.519+0000] {dag.py:4180} INFO - Setting next_dagrun for tutorial_objectstorage to None, run_after=None
[2025-02-04T14:43:41.546+0000] {processor.py:208} INFO - Processing /home/airflow/.local/lib/python3.12/site-packages/airflow/example_dags/tutorial_objectstorage.py took 0.102 seconds
[2025-02-04T14:44:11.895+0000] {processor.py:186} INFO - Started process (PID=1476) to work on /home/airflow/.local/lib/python3.12/site-packages/airflow/example_dags/tutorial_objectstorage.py
[2025-02-04T14:44:11.897+0000] {processor.py:914} INFO - Processing file /home/airflow/.local/lib/python3.12/site-packages/airflow/example_dags/tutorial_objectstorage.py for tasks to queue
[2025-02-04T14:44:11.902+0000] {logging_mixin.py:190} INFO - [2025-02-04T14:44:11.901+0000] {dagbag.py:588} INFO - Filling up the DagBag from /home/airflow/.local/lib/python3.12/site-packages/airflow/example_dags/tutorial_objectstorage.py
[2025-02-04T14:44:11.938+0000] {processor.py:925} INFO - DAG(s) 'tutorial_objectstorage' retrieved from /home/airflow/.local/lib/python3.12/site-packages/airflow/example_dags/tutorial_objectstorage.py
[2025-02-04T14:44:11.985+0000] {logging_mixin.py:190} INFO - [2025-02-04T14:44:11.984+0000] {dag.py:3239} INFO - Sync 1 DAGs
[2025-02-04T14:44:12.024+0000] {logging_mixin.py:190} INFO - [2025-02-04T14:44:12.023+0000] {dag.py:4180} INFO - Setting next_dagrun for tutorial_objectstorage to None, run_after=None
[2025-02-04T14:44:12.054+0000] {processor.py:208} INFO - Processing /home/airflow/.local/lib/python3.12/site-packages/airflow/example_dags/tutorial_objectstorage.py took 0.180 seconds
[2025-02-04T14:44:42.435+0000] {processor.py:186} INFO - Started process (PID=1540) to work on /home/airflow/.local/lib/python3.12/site-packages/airflow/example_dags/tutorial_objectstorage.py
[2025-02-04T14:44:42.438+0000] {processor.py:914} INFO - Processing file /home/airflow/.local/lib/python3.12/site-packages/airflow/example_dags/tutorial_objectstorage.py for tasks to queue
[2025-02-04T14:44:42.446+0000] {logging_mixin.py:190} INFO - [2025-02-04T14:44:42.443+0000] {dagbag.py:588} INFO - Filling up the DagBag from /home/airflow/.local/lib/python3.12/site-packages/airflow/example_dags/tutorial_objectstorage.py
[2025-02-04T14:44:42.477+0000] {processor.py:925} INFO - DAG(s) 'tutorial_objectstorage' retrieved from /home/airflow/.local/lib/python3.12/site-packages/airflow/example_dags/tutorial_objectstorage.py
[2025-02-04T14:44:42.557+0000] {logging_mixin.py:190} INFO - [2025-02-04T14:44:42.557+0000] {dag.py:3239} INFO - Sync 1 DAGs
[2025-02-04T14:44:42.646+0000] {logging_mixin.py:190} INFO - [2025-02-04T14:44:42.645+0000] {dag.py:4180} INFO - Setting next_dagrun for tutorial_objectstorage to None, run_after=None
[2025-02-04T14:44:42.721+0000] {processor.py:208} INFO - Processing /home/airflow/.local/lib/python3.12/site-packages/airflow/example_dags/tutorial_objectstorage.py took 0.302 seconds
[2025-02-04T14:45:12.937+0000] {processor.py:186} INFO - Started process (PID=1603) to work on /home/airflow/.local/lib/python3.12/site-packages/airflow/example_dags/tutorial_objectstorage.py
[2025-02-04T14:45:12.939+0000] {processor.py:914} INFO - Processing file /home/airflow/.local/lib/python3.12/site-packages/airflow/example_dags/tutorial_objectstorage.py for tasks to queue
[2025-02-04T14:45:12.943+0000] {logging_mixin.py:190} INFO - [2025-02-04T14:45:12.942+0000] {dagbag.py:588} INFO - Filling up the DagBag from /home/airflow/.local/lib/python3.12/site-packages/airflow/example_dags/tutorial_objectstorage.py
[2025-02-04T14:45:12.956+0000] {processor.py:925} INFO - DAG(s) 'tutorial_objectstorage' retrieved from /home/airflow/.local/lib/python3.12/site-packages/airflow/example_dags/tutorial_objectstorage.py
[2025-02-04T14:45:12.986+0000] {logging_mixin.py:190} INFO - [2025-02-04T14:45:12.986+0000] {dag.py:3239} INFO - Sync 1 DAGs
[2025-02-04T14:45:13.009+0000] {logging_mixin.py:190} INFO - [2025-02-04T14:45:13.008+0000] {dag.py:4180} INFO - Setting next_dagrun for tutorial_objectstorage to None, run_after=None
[2025-02-04T14:45:13.041+0000] {processor.py:208} INFO - Processing /home/airflow/.local/lib/python3.12/site-packages/airflow/example_dags/tutorial_objectstorage.py took 0.113 seconds
[2025-02-04T14:45:44.198+0000] {processor.py:186} INFO - Started process (PID=1667) to work on /home/airflow/.local/lib/python3.12/site-packages/airflow/example_dags/tutorial_objectstorage.py
[2025-02-04T14:45:44.222+0000] {processor.py:914} INFO - Processing file /home/airflow/.local/lib/python3.12/site-packages/airflow/example_dags/tutorial_objectstorage.py for tasks to queue
[2025-02-04T14:45:44.242+0000] {logging_mixin.py:190} INFO - [2025-02-04T14:45:44.241+0000] {dagbag.py:588} INFO - Filling up the DagBag from /home/airflow/.local/lib/python3.12/site-packages/airflow/example_dags/tutorial_objectstorage.py
[2025-02-04T14:45:44.317+0000] {processor.py:925} INFO - DAG(s) 'tutorial_objectstorage' retrieved from /home/airflow/.local/lib/python3.12/site-packages/airflow/example_dags/tutorial_objectstorage.py
[2025-02-04T14:45:44.426+0000] {logging_mixin.py:190} INFO - [2025-02-04T14:45:44.425+0000] {dag.py:3239} INFO - Sync 1 DAGs
[2025-02-04T14:45:44.530+0000] {logging_mixin.py:190} INFO - [2025-02-04T14:45:44.529+0000] {dag.py:4180} INFO - Setting next_dagrun for tutorial_objectstorage to None, run_after=None
[2025-02-04T14:45:44.673+0000] {processor.py:208} INFO - Processing /home/airflow/.local/lib/python3.12/site-packages/airflow/example_dags/tutorial_objectstorage.py took 0.499 seconds
[2025-02-04T14:46:14.951+0000] {processor.py:186} INFO - Started process (PID=1731) to work on /home/airflow/.local/lib/python3.12/site-packages/airflow/example_dags/tutorial_objectstorage.py
[2025-02-04T14:46:14.953+0000] {processor.py:914} INFO - Processing file /home/airflow/.local/lib/python3.12/site-packages/airflow/example_dags/tutorial_objectstorage.py for tasks to queue
[2025-02-04T14:46:14.957+0000] {logging_mixin.py:190} INFO - [2025-02-04T14:46:14.957+0000] {dagbag.py:588} INFO - Filling up the DagBag from /home/airflow/.local/lib/python3.12/site-packages/airflow/example_dags/tutorial_objectstorage.py
[2025-02-04T14:46:14.973+0000] {processor.py:925} INFO - DAG(s) 'tutorial_objectstorage' retrieved from /home/airflow/.local/lib/python3.12/site-packages/airflow/example_dags/tutorial_objectstorage.py
[2025-02-04T14:46:15.003+0000] {logging_mixin.py:190} INFO - [2025-02-04T14:46:15.002+0000] {dag.py:3239} INFO - Sync 1 DAGs
[2025-02-04T14:46:15.035+0000] {logging_mixin.py:190} INFO - [2025-02-04T14:46:15.034+0000] {dag.py:4180} INFO - Setting next_dagrun for tutorial_objectstorage to None, run_after=None
[2025-02-04T14:46:15.070+0000] {processor.py:208} INFO - Processing /home/airflow/.local/lib/python3.12/site-packages/airflow/example_dags/tutorial_objectstorage.py took 0.128 seconds
[2025-02-04T14:49:23.637+0000] {processor.py:186} INFO - Started process (PID=103) to work on /home/airflow/.local/lib/python3.12/site-packages/airflow/example_dags/tutorial_objectstorage.py
[2025-02-04T14:49:23.654+0000] {processor.py:914} INFO - Processing file /home/airflow/.local/lib/python3.12/site-packages/airflow/example_dags/tutorial_objectstorage.py for tasks to queue
[2025-02-04T14:49:23.675+0000] {logging_mixin.py:190} INFO - [2025-02-04T14:49:23.674+0000] {dagbag.py:588} INFO - Filling up the DagBag from /home/airflow/.local/lib/python3.12/site-packages/airflow/example_dags/tutorial_objectstorage.py
[2025-02-04T14:49:23.764+0000] {processor.py:925} INFO - DAG(s) 'tutorial_objectstorage' retrieved from /home/airflow/.local/lib/python3.12/site-packages/airflow/example_dags/tutorial_objectstorage.py
[2025-02-04T14:49:23.991+0000] {logging_mixin.py:190} INFO - [2025-02-04T14:49:23.990+0000] {dag.py:3239} INFO - Sync 1 DAGs
[2025-02-04T14:49:24.085+0000] {logging_mixin.py:190} INFO - [2025-02-04T14:49:24.085+0000] {dag.py:4180} INFO - Setting next_dagrun for tutorial_objectstorage to None, run_after=None
[2025-02-04T14:49:24.168+0000] {processor.py:208} INFO - Processing /home/airflow/.local/lib/python3.12/site-packages/airflow/example_dags/tutorial_objectstorage.py took 0.624 seconds
[2025-02-04T14:49:54.431+0000] {processor.py:186} INFO - Started process (PID=166) to work on /home/airflow/.local/lib/python3.12/site-packages/airflow/example_dags/tutorial_objectstorage.py
[2025-02-04T14:49:54.434+0000] {processor.py:914} INFO - Processing file /home/airflow/.local/lib/python3.12/site-packages/airflow/example_dags/tutorial_objectstorage.py for tasks to queue
[2025-02-04T14:49:54.458+0000] {logging_mixin.py:190} INFO - [2025-02-04T14:49:54.458+0000] {dagbag.py:588} INFO - Filling up the DagBag from /home/airflow/.local/lib/python3.12/site-packages/airflow/example_dags/tutorial_objectstorage.py
[2025-02-04T14:49:54.491+0000] {processor.py:925} INFO - DAG(s) 'tutorial_objectstorage' retrieved from /home/airflow/.local/lib/python3.12/site-packages/airflow/example_dags/tutorial_objectstorage.py
[2025-02-04T14:49:54.557+0000] {logging_mixin.py:190} INFO - [2025-02-04T14:49:54.556+0000] {dag.py:3239} INFO - Sync 1 DAGs
[2025-02-04T14:49:54.589+0000] {logging_mixin.py:190} INFO - [2025-02-04T14:49:54.589+0000] {dag.py:4180} INFO - Setting next_dagrun for tutorial_objectstorage to None, run_after=None
[2025-02-04T14:49:54.628+0000] {processor.py:208} INFO - Processing /home/airflow/.local/lib/python3.12/site-packages/airflow/example_dags/tutorial_objectstorage.py took 0.219 seconds
[2025-02-04T14:50:27.268+0000] {processor.py:186} INFO - Started process (PID=231) to work on /home/airflow/.local/lib/python3.12/site-packages/airflow/example_dags/tutorial_objectstorage.py
[2025-02-04T14:50:27.270+0000] {processor.py:914} INFO - Processing file /home/airflow/.local/lib/python3.12/site-packages/airflow/example_dags/tutorial_objectstorage.py for tasks to queue
[2025-02-04T14:50:27.274+0000] {logging_mixin.py:190} INFO - [2025-02-04T14:50:27.273+0000] {dagbag.py:588} INFO - Filling up the DagBag from /home/airflow/.local/lib/python3.12/site-packages/airflow/example_dags/tutorial_objectstorage.py
[2025-02-04T14:50:27.289+0000] {processor.py:925} INFO - DAG(s) 'tutorial_objectstorage' retrieved from /home/airflow/.local/lib/python3.12/site-packages/airflow/example_dags/tutorial_objectstorage.py
[2025-02-04T14:50:27.321+0000] {logging_mixin.py:190} INFO - [2025-02-04T14:50:27.321+0000] {dag.py:3239} INFO - Sync 1 DAGs
[2025-02-04T14:50:27.375+0000] {logging_mixin.py:190} INFO - [2025-02-04T14:50:27.375+0000] {dag.py:4180} INFO - Setting next_dagrun for tutorial_objectstorage to None, run_after=None
[2025-02-04T14:50:27.449+0000] {processor.py:208} INFO - Processing /home/airflow/.local/lib/python3.12/site-packages/airflow/example_dags/tutorial_objectstorage.py took 0.190 seconds
[2025-02-04T14:51:03.304+0000] {processor.py:186} INFO - Started process (PID=302) to work on /home/airflow/.local/lib/python3.12/site-packages/airflow/example_dags/tutorial_objectstorage.py
[2025-02-04T14:51:03.307+0000] {processor.py:914} INFO - Processing file /home/airflow/.local/lib/python3.12/site-packages/airflow/example_dags/tutorial_objectstorage.py for tasks to queue
[2025-02-04T14:51:03.312+0000] {logging_mixin.py:190} INFO - [2025-02-04T14:51:03.312+0000] {dagbag.py:588} INFO - Filling up the DagBag from /home/airflow/.local/lib/python3.12/site-packages/airflow/example_dags/tutorial_objectstorage.py
[2025-02-04T14:51:03.351+0000] {processor.py:925} INFO - DAG(s) 'tutorial_objectstorage' retrieved from /home/airflow/.local/lib/python3.12/site-packages/airflow/example_dags/tutorial_objectstorage.py
[2025-02-04T14:51:03.414+0000] {logging_mixin.py:190} INFO - [2025-02-04T14:51:03.413+0000] {dag.py:3239} INFO - Sync 1 DAGs
[2025-02-04T14:51:03.461+0000] {logging_mixin.py:190} INFO - [2025-02-04T14:51:03.461+0000] {dag.py:4180} INFO - Setting next_dagrun for tutorial_objectstorage to None, run_after=None
[2025-02-04T14:51:03.514+0000] {processor.py:208} INFO - Processing /home/airflow/.local/lib/python3.12/site-packages/airflow/example_dags/tutorial_objectstorage.py took 0.223 seconds
[2025-02-04T14:51:35.301+0000] {processor.py:186} INFO - Started process (PID=364) to work on /home/airflow/.local/lib/python3.12/site-packages/airflow/example_dags/tutorial_objectstorage.py
[2025-02-04T14:51:35.303+0000] {processor.py:914} INFO - Processing file /home/airflow/.local/lib/python3.12/site-packages/airflow/example_dags/tutorial_objectstorage.py for tasks to queue
[2025-02-04T14:51:35.319+0000] {logging_mixin.py:190} INFO - [2025-02-04T14:51:35.318+0000] {dagbag.py:588} INFO - Filling up the DagBag from /home/airflow/.local/lib/python3.12/site-packages/airflow/example_dags/tutorial_objectstorage.py
[2025-02-04T14:51:35.353+0000] {processor.py:925} INFO - DAG(s) 'tutorial_objectstorage' retrieved from /home/airflow/.local/lib/python3.12/site-packages/airflow/example_dags/tutorial_objectstorage.py
[2025-02-04T14:51:35.436+0000] {logging_mixin.py:190} INFO - [2025-02-04T14:51:35.435+0000] {dag.py:3239} INFO - Sync 1 DAGs
[2025-02-04T14:51:35.472+0000] {logging_mixin.py:190} INFO - [2025-02-04T14:51:35.472+0000] {dag.py:4180} INFO - Setting next_dagrun for tutorial_objectstorage to None, run_after=None
[2025-02-04T14:51:35.535+0000] {processor.py:208} INFO - Processing /home/airflow/.local/lib/python3.12/site-packages/airflow/example_dags/tutorial_objectstorage.py took 0.256 seconds
[2025-02-04T14:52:36.292+0000] {processor.py:186} INFO - Started process (PID=434) to work on /home/airflow/.local/lib/python3.12/site-packages/airflow/example_dags/tutorial_objectstorage.py
[2025-02-04T14:52:36.294+0000] {processor.py:914} INFO - Processing file /home/airflow/.local/lib/python3.12/site-packages/airflow/example_dags/tutorial_objectstorage.py for tasks to queue
[2025-02-04T14:52:36.309+0000] {logging_mixin.py:190} INFO - [2025-02-04T14:52:36.308+0000] {dagbag.py:588} INFO - Filling up the DagBag from /home/airflow/.local/lib/python3.12/site-packages/airflow/example_dags/tutorial_objectstorage.py
[2025-02-04T14:52:36.377+0000] {processor.py:925} INFO - DAG(s) 'tutorial_objectstorage' retrieved from /home/airflow/.local/lib/python3.12/site-packages/airflow/example_dags/tutorial_objectstorage.py
[2025-02-04T14:52:36.529+0000] {logging_mixin.py:190} INFO - [2025-02-04T14:52:36.529+0000] {dag.py:3239} INFO - Sync 1 DAGs
[2025-02-04T14:52:36.667+0000] {logging_mixin.py:190} INFO - [2025-02-04T14:52:36.665+0000] {dag.py:4180} INFO - Setting next_dagrun for tutorial_objectstorage to None, run_after=None
[2025-02-04T14:52:36.998+0000] {processor.py:208} INFO - Processing /home/airflow/.local/lib/python3.12/site-packages/airflow/example_dags/tutorial_objectstorage.py took 0.761 seconds
[2025-02-04T14:53:07.931+0000] {processor.py:186} INFO - Started process (PID=504) to work on /home/airflow/.local/lib/python3.12/site-packages/airflow/example_dags/tutorial_objectstorage.py
[2025-02-04T14:53:07.944+0000] {processor.py:914} INFO - Processing file /home/airflow/.local/lib/python3.12/site-packages/airflow/example_dags/tutorial_objectstorage.py for tasks to queue
[2025-02-04T14:53:07.951+0000] {logging_mixin.py:190} INFO - [2025-02-04T14:53:07.950+0000] {dagbag.py:588} INFO - Filling up the DagBag from /home/airflow/.local/lib/python3.12/site-packages/airflow/example_dags/tutorial_objectstorage.py
[2025-02-04T14:53:07.987+0000] {processor.py:925} INFO - DAG(s) 'tutorial_objectstorage' retrieved from /home/airflow/.local/lib/python3.12/site-packages/airflow/example_dags/tutorial_objectstorage.py
[2025-02-04T14:53:08.033+0000] {logging_mixin.py:190} INFO - [2025-02-04T14:53:08.032+0000] {dag.py:3239} INFO - Sync 1 DAGs
[2025-02-04T14:53:08.073+0000] {logging_mixin.py:190} INFO - [2025-02-04T14:53:08.073+0000] {dag.py:4180} INFO - Setting next_dagrun for tutorial_objectstorage to None, run_after=None
[2025-02-04T14:53:08.128+0000] {processor.py:208} INFO - Processing /home/airflow/.local/lib/python3.12/site-packages/airflow/example_dags/tutorial_objectstorage.py took 0.211 seconds
[2025-02-04T14:53:38.702+0000] {processor.py:186} INFO - Started process (PID=569) to work on /home/airflow/.local/lib/python3.12/site-packages/airflow/example_dags/tutorial_objectstorage.py
[2025-02-04T14:53:38.704+0000] {processor.py:914} INFO - Processing file /home/airflow/.local/lib/python3.12/site-packages/airflow/example_dags/tutorial_objectstorage.py for tasks to queue
[2025-02-04T14:53:38.707+0000] {logging_mixin.py:190} INFO - [2025-02-04T14:53:38.707+0000] {dagbag.py:588} INFO - Filling up the DagBag from /home/airflow/.local/lib/python3.12/site-packages/airflow/example_dags/tutorial_objectstorage.py
[2025-02-04T14:53:38.726+0000] {processor.py:925} INFO - DAG(s) 'tutorial_objectstorage' retrieved from /home/airflow/.local/lib/python3.12/site-packages/airflow/example_dags/tutorial_objectstorage.py
[2025-02-04T14:53:38.768+0000] {logging_mixin.py:190} INFO - [2025-02-04T14:53:38.768+0000] {dag.py:3239} INFO - Sync 1 DAGs
[2025-02-04T14:53:38.824+0000] {logging_mixin.py:190} INFO - [2025-02-04T14:53:38.823+0000] {dag.py:4180} INFO - Setting next_dagrun for tutorial_objectstorage to None, run_after=None
[2025-02-04T14:53:38.885+0000] {processor.py:208} INFO - Processing /home/airflow/.local/lib/python3.12/site-packages/airflow/example_dags/tutorial_objectstorage.py took 0.192 seconds
[2025-02-04T14:54:09.136+0000] {processor.py:186} INFO - Started process (PID=636) to work on /home/airflow/.local/lib/python3.12/site-packages/airflow/example_dags/tutorial_objectstorage.py
[2025-02-04T14:54:09.139+0000] {processor.py:914} INFO - Processing file /home/airflow/.local/lib/python3.12/site-packages/airflow/example_dags/tutorial_objectstorage.py for tasks to queue
[2025-02-04T14:54:09.144+0000] {logging_mixin.py:190} INFO - [2025-02-04T14:54:09.143+0000] {dagbag.py:588} INFO - Filling up the DagBag from /home/airflow/.local/lib/python3.12/site-packages/airflow/example_dags/tutorial_objectstorage.py
[2025-02-04T14:54:09.179+0000] {processor.py:925} INFO - DAG(s) 'tutorial_objectstorage' retrieved from /home/airflow/.local/lib/python3.12/site-packages/airflow/example_dags/tutorial_objectstorage.py
[2025-02-04T14:54:09.255+0000] {logging_mixin.py:190} INFO - [2025-02-04T14:54:09.255+0000] {dag.py:3239} INFO - Sync 1 DAGs
[2025-02-04T14:54:09.296+0000] {logging_mixin.py:190} INFO - [2025-02-04T14:54:09.295+0000] {dag.py:4180} INFO - Setting next_dagrun for tutorial_objectstorage to None, run_after=None
[2025-02-04T14:54:09.353+0000] {processor.py:208} INFO - Processing /home/airflow/.local/lib/python3.12/site-packages/airflow/example_dags/tutorial_objectstorage.py took 0.233 seconds
[2025-02-04T14:54:39.763+0000] {processor.py:186} INFO - Started process (PID=705) to work on /home/airflow/.local/lib/python3.12/site-packages/airflow/example_dags/tutorial_objectstorage.py
[2025-02-04T14:54:39.765+0000] {processor.py:914} INFO - Processing file /home/airflow/.local/lib/python3.12/site-packages/airflow/example_dags/tutorial_objectstorage.py for tasks to queue
[2025-02-04T14:54:39.768+0000] {logging_mixin.py:190} INFO - [2025-02-04T14:54:39.768+0000] {dagbag.py:588} INFO - Filling up the DagBag from /home/airflow/.local/lib/python3.12/site-packages/airflow/example_dags/tutorial_objectstorage.py
[2025-02-04T14:54:39.783+0000] {processor.py:925} INFO - DAG(s) 'tutorial_objectstorage' retrieved from /home/airflow/.local/lib/python3.12/site-packages/airflow/example_dags/tutorial_objectstorage.py
[2025-02-04T14:54:39.815+0000] {logging_mixin.py:190} INFO - [2025-02-04T14:54:39.815+0000] {dag.py:3239} INFO - Sync 1 DAGs
[2025-02-04T14:54:39.840+0000] {logging_mixin.py:190} INFO - [2025-02-04T14:54:39.840+0000] {dag.py:4180} INFO - Setting next_dagrun for tutorial_objectstorage to None, run_after=None
[2025-02-04T14:54:39.869+0000] {processor.py:208} INFO - Processing /home/airflow/.local/lib/python3.12/site-packages/airflow/example_dags/tutorial_objectstorage.py took 0.116 seconds
[2025-02-04T14:55:10.297+0000] {processor.py:186} INFO - Started process (PID=770) to work on /home/airflow/.local/lib/python3.12/site-packages/airflow/example_dags/tutorial_objectstorage.py
[2025-02-04T14:55:10.299+0000] {processor.py:914} INFO - Processing file /home/airflow/.local/lib/python3.12/site-packages/airflow/example_dags/tutorial_objectstorage.py for tasks to queue
[2025-02-04T14:55:10.304+0000] {logging_mixin.py:190} INFO - [2025-02-04T14:55:10.303+0000] {dagbag.py:588} INFO - Filling up the DagBag from /home/airflow/.local/lib/python3.12/site-packages/airflow/example_dags/tutorial_objectstorage.py
[2025-02-04T14:55:10.323+0000] {processor.py:925} INFO - DAG(s) 'tutorial_objectstorage' retrieved from /home/airflow/.local/lib/python3.12/site-packages/airflow/example_dags/tutorial_objectstorage.py
[2025-02-04T14:55:10.404+0000] {logging_mixin.py:190} INFO - [2025-02-04T14:55:10.404+0000] {dag.py:3239} INFO - Sync 1 DAGs
[2025-02-04T14:55:10.431+0000] {logging_mixin.py:190} INFO - [2025-02-04T14:55:10.431+0000] {dag.py:4180} INFO - Setting next_dagrun for tutorial_objectstorage to None, run_after=None
[2025-02-04T14:55:10.457+0000] {processor.py:208} INFO - Processing /home/airflow/.local/lib/python3.12/site-packages/airflow/example_dags/tutorial_objectstorage.py took 0.174 seconds
[2025-02-04T14:55:48.099+0000] {processor.py:186} INFO - Started process (PID=839) to work on /home/airflow/.local/lib/python3.12/site-packages/airflow/example_dags/tutorial_objectstorage.py
[2025-02-04T14:55:48.299+0000] {processor.py:914} INFO - Processing file /home/airflow/.local/lib/python3.12/site-packages/airflow/example_dags/tutorial_objectstorage.py for tasks to queue
[2025-02-04T14:55:48.335+0000] {logging_mixin.py:190} INFO - [2025-02-04T14:55:48.335+0000] {dagbag.py:588} INFO - Filling up the DagBag from /home/airflow/.local/lib/python3.12/site-packages/airflow/example_dags/tutorial_objectstorage.py
[2025-02-04T14:55:48.523+0000] {processor.py:925} INFO - DAG(s) 'tutorial_objectstorage' retrieved from /home/airflow/.local/lib/python3.12/site-packages/airflow/example_dags/tutorial_objectstorage.py
[2025-02-04T14:55:48.769+0000] {logging_mixin.py:190} INFO - [2025-02-04T14:55:48.769+0000] {dag.py:3239} INFO - Sync 1 DAGs
[2025-02-04T14:55:48.888+0000] {logging_mixin.py:190} INFO - [2025-02-04T14:55:48.888+0000] {dag.py:4180} INFO - Setting next_dagrun for tutorial_objectstorage to None, run_after=None
[2025-02-04T14:55:49.157+0000] {processor.py:208} INFO - Processing /home/airflow/.local/lib/python3.12/site-packages/airflow/example_dags/tutorial_objectstorage.py took 1.093 seconds
[2025-02-04T14:56:21.411+0000] {processor.py:186} INFO - Started process (PID=903) to work on /home/airflow/.local/lib/python3.12/site-packages/airflow/example_dags/tutorial_objectstorage.py
[2025-02-04T14:56:21.414+0000] {processor.py:914} INFO - Processing file /home/airflow/.local/lib/python3.12/site-packages/airflow/example_dags/tutorial_objectstorage.py for tasks to queue
[2025-02-04T14:56:21.424+0000] {logging_mixin.py:190} INFO - [2025-02-04T14:56:21.423+0000] {dagbag.py:588} INFO - Filling up the DagBag from /home/airflow/.local/lib/python3.12/site-packages/airflow/example_dags/tutorial_objectstorage.py
[2025-02-04T14:56:21.457+0000] {processor.py:925} INFO - DAG(s) 'tutorial_objectstorage' retrieved from /home/airflow/.local/lib/python3.12/site-packages/airflow/example_dags/tutorial_objectstorage.py
[2025-02-04T14:56:21.515+0000] {logging_mixin.py:190} INFO - [2025-02-04T14:56:21.515+0000] {dag.py:3239} INFO - Sync 1 DAGs
[2025-02-04T14:56:21.571+0000] {logging_mixin.py:190} INFO - [2025-02-04T14:56:21.571+0000] {dag.py:4180} INFO - Setting next_dagrun for tutorial_objectstorage to None, run_after=None
[2025-02-04T14:56:21.643+0000] {processor.py:208} INFO - Processing /home/airflow/.local/lib/python3.12/site-packages/airflow/example_dags/tutorial_objectstorage.py took 0.249 seconds
[2025-02-04T14:56:53.929+0000] {processor.py:186} INFO - Started process (PID=967) to work on /home/airflow/.local/lib/python3.12/site-packages/airflow/example_dags/tutorial_objectstorage.py
[2025-02-04T14:56:53.931+0000] {processor.py:914} INFO - Processing file /home/airflow/.local/lib/python3.12/site-packages/airflow/example_dags/tutorial_objectstorage.py for tasks to queue
[2025-02-04T14:56:53.946+0000] {logging_mixin.py:190} INFO - [2025-02-04T14:56:53.945+0000] {dagbag.py:588} INFO - Filling up the DagBag from /home/airflow/.local/lib/python3.12/site-packages/airflow/example_dags/tutorial_objectstorage.py
[2025-02-04T14:56:53.971+0000] {processor.py:925} INFO - DAG(s) 'tutorial_objectstorage' retrieved from /home/airflow/.local/lib/python3.12/site-packages/airflow/example_dags/tutorial_objectstorage.py
[2025-02-04T14:56:54.031+0000] {logging_mixin.py:190} INFO - [2025-02-04T14:56:54.031+0000] {dag.py:3239} INFO - Sync 1 DAGs
[2025-02-04T14:56:54.072+0000] {logging_mixin.py:190} INFO - [2025-02-04T14:56:54.072+0000] {dag.py:4180} INFO - Setting next_dagrun for tutorial_objectstorage to None, run_after=None
[2025-02-04T14:56:54.109+0000] {processor.py:208} INFO - Processing /home/airflow/.local/lib/python3.12/site-packages/airflow/example_dags/tutorial_objectstorage.py took 0.199 seconds
[2025-02-04T14:57:24.453+0000] {processor.py:186} INFO - Started process (PID=1031) to work on /home/airflow/.local/lib/python3.12/site-packages/airflow/example_dags/tutorial_objectstorage.py
[2025-02-04T14:57:24.455+0000] {processor.py:914} INFO - Processing file /home/airflow/.local/lib/python3.12/site-packages/airflow/example_dags/tutorial_objectstorage.py for tasks to queue
[2025-02-04T14:57:24.460+0000] {logging_mixin.py:190} INFO - [2025-02-04T14:57:24.460+0000] {dagbag.py:588} INFO - Filling up the DagBag from /home/airflow/.local/lib/python3.12/site-packages/airflow/example_dags/tutorial_objectstorage.py
[2025-02-04T14:57:24.482+0000] {processor.py:925} INFO - DAG(s) 'tutorial_objectstorage' retrieved from /home/airflow/.local/lib/python3.12/site-packages/airflow/example_dags/tutorial_objectstorage.py
[2025-02-04T14:57:24.513+0000] {logging_mixin.py:190} INFO - [2025-02-04T14:57:24.512+0000] {dag.py:3239} INFO - Sync 1 DAGs
[2025-02-04T14:57:24.535+0000] {logging_mixin.py:190} INFO - [2025-02-04T14:57:24.534+0000] {dag.py:4180} INFO - Setting next_dagrun for tutorial_objectstorage to None, run_after=None
[2025-02-04T14:57:24.564+0000] {processor.py:208} INFO - Processing /home/airflow/.local/lib/python3.12/site-packages/airflow/example_dags/tutorial_objectstorage.py took 0.131 seconds
[2025-02-04T14:57:57.350+0000] {processor.py:186} INFO - Started process (PID=1095) to work on /home/airflow/.local/lib/python3.12/site-packages/airflow/example_dags/tutorial_objectstorage.py
[2025-02-04T14:57:57.351+0000] {processor.py:914} INFO - Processing file /home/airflow/.local/lib/python3.12/site-packages/airflow/example_dags/tutorial_objectstorage.py for tasks to queue
[2025-02-04T14:57:57.356+0000] {logging_mixin.py:190} INFO - [2025-02-04T14:57:57.355+0000] {dagbag.py:588} INFO - Filling up the DagBag from /home/airflow/.local/lib/python3.12/site-packages/airflow/example_dags/tutorial_objectstorage.py
[2025-02-04T14:57:57.372+0000] {processor.py:925} INFO - DAG(s) 'tutorial_objectstorage' retrieved from /home/airflow/.local/lib/python3.12/site-packages/airflow/example_dags/tutorial_objectstorage.py
[2025-02-04T14:57:57.408+0000] {logging_mixin.py:190} INFO - [2025-02-04T14:57:57.408+0000] {dag.py:3239} INFO - Sync 1 DAGs
[2025-02-04T14:57:57.432+0000] {logging_mixin.py:190} INFO - [2025-02-04T14:57:57.431+0000] {dag.py:4180} INFO - Setting next_dagrun for tutorial_objectstorage to None, run_after=None
[2025-02-04T14:57:57.463+0000] {processor.py:208} INFO - Processing /home/airflow/.local/lib/python3.12/site-packages/airflow/example_dags/tutorial_objectstorage.py took 0.124 seconds
[2025-02-04T14:58:30.131+0000] {processor.py:186} INFO - Started process (PID=1160) to work on /home/airflow/.local/lib/python3.12/site-packages/airflow/example_dags/tutorial_objectstorage.py
[2025-02-04T14:58:30.133+0000] {processor.py:914} INFO - Processing file /home/airflow/.local/lib/python3.12/site-packages/airflow/example_dags/tutorial_objectstorage.py for tasks to queue
[2025-02-04T14:58:30.138+0000] {logging_mixin.py:190} INFO - [2025-02-04T14:58:30.137+0000] {dagbag.py:588} INFO - Filling up the DagBag from /home/airflow/.local/lib/python3.12/site-packages/airflow/example_dags/tutorial_objectstorage.py
[2025-02-04T14:58:30.157+0000] {processor.py:925} INFO - DAG(s) 'tutorial_objectstorage' retrieved from /home/airflow/.local/lib/python3.12/site-packages/airflow/example_dags/tutorial_objectstorage.py
[2025-02-04T14:58:30.194+0000] {logging_mixin.py:190} INFO - [2025-02-04T14:58:30.193+0000] {dag.py:3239} INFO - Sync 1 DAGs
[2025-02-04T14:58:30.225+0000] {logging_mixin.py:190} INFO - [2025-02-04T14:58:30.224+0000] {dag.py:4180} INFO - Setting next_dagrun for tutorial_objectstorage to None, run_after=None
[2025-02-04T14:58:30.271+0000] {processor.py:208} INFO - Processing /home/airflow/.local/lib/python3.12/site-packages/airflow/example_dags/tutorial_objectstorage.py took 0.153 seconds
[2025-02-04T14:59:01.704+0000] {processor.py:186} INFO - Started process (PID=1225) to work on /home/airflow/.local/lib/python3.12/site-packages/airflow/example_dags/tutorial_objectstorage.py
[2025-02-04T14:59:01.706+0000] {processor.py:914} INFO - Processing file /home/airflow/.local/lib/python3.12/site-packages/airflow/example_dags/tutorial_objectstorage.py for tasks to queue
[2025-02-04T14:59:01.710+0000] {logging_mixin.py:190} INFO - [2025-02-04T14:59:01.710+0000] {dagbag.py:588} INFO - Filling up the DagBag from /home/airflow/.local/lib/python3.12/site-packages/airflow/example_dags/tutorial_objectstorage.py
[2025-02-04T14:59:01.725+0000] {processor.py:925} INFO - DAG(s) 'tutorial_objectstorage' retrieved from /home/airflow/.local/lib/python3.12/site-packages/airflow/example_dags/tutorial_objectstorage.py
[2025-02-04T14:59:01.756+0000] {logging_mixin.py:190} INFO - [2025-02-04T14:59:01.755+0000] {dag.py:3239} INFO - Sync 1 DAGs
[2025-02-04T14:59:01.786+0000] {logging_mixin.py:190} INFO - [2025-02-04T14:59:01.786+0000] {dag.py:4180} INFO - Setting next_dagrun for tutorial_objectstorage to None, run_after=None
[2025-02-04T14:59:01.826+0000] {processor.py:208} INFO - Processing /home/airflow/.local/lib/python3.12/site-packages/airflow/example_dags/tutorial_objectstorage.py took 0.131 seconds
[2025-02-04T14:59:34.568+0000] {processor.py:186} INFO - Started process (PID=1289) to work on /home/airflow/.local/lib/python3.12/site-packages/airflow/example_dags/tutorial_objectstorage.py
[2025-02-04T14:59:34.572+0000] {processor.py:914} INFO - Processing file /home/airflow/.local/lib/python3.12/site-packages/airflow/example_dags/tutorial_objectstorage.py for tasks to queue
[2025-02-04T14:59:34.580+0000] {logging_mixin.py:190} INFO - [2025-02-04T14:59:34.579+0000] {dagbag.py:588} INFO - Filling up the DagBag from /home/airflow/.local/lib/python3.12/site-packages/airflow/example_dags/tutorial_objectstorage.py
[2025-02-04T14:59:34.613+0000] {processor.py:925} INFO - DAG(s) 'tutorial_objectstorage' retrieved from /home/airflow/.local/lib/python3.12/site-packages/airflow/example_dags/tutorial_objectstorage.py
[2025-02-04T14:59:34.685+0000] {logging_mixin.py:190} INFO - [2025-02-04T14:59:34.685+0000] {dag.py:3239} INFO - Sync 1 DAGs
[2025-02-04T14:59:34.746+0000] {logging_mixin.py:190} INFO - [2025-02-04T14:59:34.745+0000] {dag.py:4180} INFO - Setting next_dagrun for tutorial_objectstorage to None, run_after=None
[2025-02-04T14:59:35.232+0000] {processor.py:208} INFO - Processing /home/airflow/.local/lib/python3.12/site-packages/airflow/example_dags/tutorial_objectstorage.py took 0.278 seconds
[2025-02-04T15:00:06.610+0000] {processor.py:186} INFO - Started process (PID=1353) to work on /home/airflow/.local/lib/python3.12/site-packages/airflow/example_dags/tutorial_objectstorage.py
[2025-02-04T15:00:06.612+0000] {processor.py:914} INFO - Processing file /home/airflow/.local/lib/python3.12/site-packages/airflow/example_dags/tutorial_objectstorage.py for tasks to queue
[2025-02-04T15:00:06.621+0000] {logging_mixin.py:190} INFO - [2025-02-04T15:00:06.618+0000] {dagbag.py:588} INFO - Filling up the DagBag from /home/airflow/.local/lib/python3.12/site-packages/airflow/example_dags/tutorial_objectstorage.py
[2025-02-04T15:00:06.645+0000] {processor.py:925} INFO - DAG(s) 'tutorial_objectstorage' retrieved from /home/airflow/.local/lib/python3.12/site-packages/airflow/example_dags/tutorial_objectstorage.py
[2025-02-04T15:00:06.692+0000] {logging_mixin.py:190} INFO - [2025-02-04T15:00:06.692+0000] {dag.py:3239} INFO - Sync 1 DAGs
[2025-02-04T15:00:06.722+0000] {logging_mixin.py:190} INFO - [2025-02-04T15:00:06.721+0000] {dag.py:4180} INFO - Setting next_dagrun for tutorial_objectstorage to None, run_after=None
[2025-02-04T15:00:06.800+0000] {processor.py:208} INFO - Processing /home/airflow/.local/lib/python3.12/site-packages/airflow/example_dags/tutorial_objectstorage.py took 0.213 seconds
[2025-02-04T15:00:36.936+0000] {processor.py:186} INFO - Started process (PID=1417) to work on /home/airflow/.local/lib/python3.12/site-packages/airflow/example_dags/tutorial_objectstorage.py
[2025-02-04T15:00:36.938+0000] {processor.py:914} INFO - Processing file /home/airflow/.local/lib/python3.12/site-packages/airflow/example_dags/tutorial_objectstorage.py for tasks to queue
[2025-02-04T15:00:36.944+0000] {logging_mixin.py:190} INFO - [2025-02-04T15:00:36.943+0000] {dagbag.py:588} INFO - Filling up the DagBag from /home/airflow/.local/lib/python3.12/site-packages/airflow/example_dags/tutorial_objectstorage.py
[2025-02-04T15:00:36.966+0000] {processor.py:925} INFO - DAG(s) 'tutorial_objectstorage' retrieved from /home/airflow/.local/lib/python3.12/site-packages/airflow/example_dags/tutorial_objectstorage.py
[2025-02-04T15:00:37.005+0000] {logging_mixin.py:190} INFO - [2025-02-04T15:00:37.005+0000] {dag.py:3239} INFO - Sync 1 DAGs
[2025-02-04T15:00:37.071+0000] {logging_mixin.py:190} INFO - [2025-02-04T15:00:37.070+0000] {dag.py:4180} INFO - Setting next_dagrun for tutorial_objectstorage to None, run_after=None
[2025-02-04T15:00:37.098+0000] {processor.py:208} INFO - Processing /home/airflow/.local/lib/python3.12/site-packages/airflow/example_dags/tutorial_objectstorage.py took 0.219 seconds
[2025-02-04T15:01:09.510+0000] {processor.py:186} INFO - Started process (PID=1482) to work on /home/airflow/.local/lib/python3.12/site-packages/airflow/example_dags/tutorial_objectstorage.py
[2025-02-04T15:01:09.511+0000] {processor.py:914} INFO - Processing file /home/airflow/.local/lib/python3.12/site-packages/airflow/example_dags/tutorial_objectstorage.py for tasks to queue
[2025-02-04T15:01:09.515+0000] {logging_mixin.py:190} INFO - [2025-02-04T15:01:09.514+0000] {dagbag.py:588} INFO - Filling up the DagBag from /home/airflow/.local/lib/python3.12/site-packages/airflow/example_dags/tutorial_objectstorage.py
[2025-02-04T15:01:09.531+0000] {processor.py:925} INFO - DAG(s) 'tutorial_objectstorage' retrieved from /home/airflow/.local/lib/python3.12/site-packages/airflow/example_dags/tutorial_objectstorage.py
[2025-02-04T15:01:09.566+0000] {logging_mixin.py:190} INFO - [2025-02-04T15:01:09.566+0000] {dag.py:3239} INFO - Sync 1 DAGs
[2025-02-04T15:01:09.592+0000] {logging_mixin.py:190} INFO - [2025-02-04T15:01:09.591+0000] {dag.py:4180} INFO - Setting next_dagrun for tutorial_objectstorage to None, run_after=None
[2025-02-04T15:01:09.627+0000] {processor.py:208} INFO - Processing /home/airflow/.local/lib/python3.12/site-packages/airflow/example_dags/tutorial_objectstorage.py took 0.129 seconds
[2025-02-04T15:01:44.321+0000] {processor.py:186} INFO - Started process (PID=1546) to work on /home/airflow/.local/lib/python3.12/site-packages/airflow/example_dags/tutorial_objectstorage.py
[2025-02-04T15:01:44.323+0000] {processor.py:914} INFO - Processing file /home/airflow/.local/lib/python3.12/site-packages/airflow/example_dags/tutorial_objectstorage.py for tasks to queue
[2025-02-04T15:01:44.327+0000] {logging_mixin.py:190} INFO - [2025-02-04T15:01:44.326+0000] {dagbag.py:588} INFO - Filling up the DagBag from /home/airflow/.local/lib/python3.12/site-packages/airflow/example_dags/tutorial_objectstorage.py
[2025-02-04T15:01:44.347+0000] {processor.py:925} INFO - DAG(s) 'tutorial_objectstorage' retrieved from /home/airflow/.local/lib/python3.12/site-packages/airflow/example_dags/tutorial_objectstorage.py
[2025-02-04T15:01:44.384+0000] {logging_mixin.py:190} INFO - [2025-02-04T15:01:44.383+0000] {dag.py:3239} INFO - Sync 1 DAGs
[2025-02-04T15:01:44.414+0000] {logging_mixin.py:190} INFO - [2025-02-04T15:01:44.414+0000] {dag.py:4180} INFO - Setting next_dagrun for tutorial_objectstorage to None, run_after=None
[2025-02-04T15:01:44.461+0000] {processor.py:208} INFO - Processing /home/airflow/.local/lib/python3.12/site-packages/airflow/example_dags/tutorial_objectstorage.py took 0.153 seconds
