[2025-02-04T14:07:50.654+0000] {processor.py:186} INFO - Started process (PID=121) to work on /home/airflow/.local/lib/python3.12/site-packages/airflow/example_dags/tutorial.py
[2025-02-04T14:07:50.665+0000] {processor.py:914} INFO - Processing file /home/airflow/.local/lib/python3.12/site-packages/airflow/example_dags/tutorial.py for tasks to queue
[2025-02-04T14:07:50.678+0000] {logging_mixin.py:190} INFO - [2025-02-04T14:07:50.676+0000] {dagbag.py:588} INFO - Filling up the DagBag from /home/airflow/.local/lib/python3.12/site-packages/airflow/example_dags/tutorial.py
[2025-02-04T14:07:50.721+0000] {processor.py:925} INFO - DAG(s) 'tutorial' retrieved from /home/airflow/.local/lib/python3.12/site-packages/airflow/example_dags/tutorial.py
[2025-02-04T14:07:51.469+0000] {logging_mixin.py:190} INFO - [2025-02-04T14:07:51.468+0000] {override.py:1911} INFO - Created Permission View: can delete on DAG:tutorial
[2025-02-04T14:07:51.503+0000] {logging_mixin.py:190} INFO - [2025-02-04T14:07:51.501+0000] {override.py:1911} INFO - Created Permission View: can read on DAG:tutorial
[2025-02-04T14:07:51.530+0000] {logging_mixin.py:190} INFO - [2025-02-04T14:07:51.529+0000] {override.py:1911} INFO - Created Permission View: can edit on DAG:tutorial
[2025-02-04T14:07:51.554+0000] {logging_mixin.py:190} INFO - [2025-02-04T14:07:51.553+0000] {override.py:1911} INFO - Created Permission View: can delete on DAG Run:tutorial
[2025-02-04T14:07:51.575+0000] {logging_mixin.py:190} INFO - [2025-02-04T14:07:51.574+0000] {override.py:1911} INFO - Created Permission View: menu access on DAG Run:tutorial
[2025-02-04T14:07:51.606+0000] {logging_mixin.py:190} INFO - [2025-02-04T14:07:51.606+0000] {override.py:1911} INFO - Created Permission View: can read on DAG Run:tutorial
[2025-02-04T14:07:51.639+0000] {logging_mixin.py:190} INFO - [2025-02-04T14:07:51.637+0000] {override.py:1911} INFO - Created Permission View: can create on DAG Run:tutorial
[2025-02-04T14:07:51.640+0000] {logging_mixin.py:190} INFO - [2025-02-04T14:07:51.640+0000] {dag.py:3239} INFO - Sync 1 DAGs
[2025-02-04T14:07:51.756+0000] {logging_mixin.py:190} INFO - [2025-02-04T14:07:51.755+0000] {dag.py:3262} INFO - Creating ORM DAG for tutorial
[2025-02-04T14:07:52.040+0000] {logging_mixin.py:190} INFO - [2025-02-04T14:07:52.039+0000] {dag.py:4180} INFO - Setting next_dagrun for tutorial to 2025-02-03 00:00:00+00:00, run_after=2025-02-04 00:00:00+00:00
[2025-02-04T14:07:52.183+0000] {processor.py:208} INFO - Processing /home/airflow/.local/lib/python3.12/site-packages/airflow/example_dags/tutorial.py took 1.552 seconds
[2025-02-04T14:08:35.485+0000] {processor.py:186} INFO - Started process (PID=191) to work on /home/airflow/.local/lib/python3.12/site-packages/airflow/example_dags/tutorial.py
[2025-02-04T14:08:35.487+0000] {processor.py:914} INFO - Processing file /home/airflow/.local/lib/python3.12/site-packages/airflow/example_dags/tutorial.py for tasks to queue
[2025-02-04T14:08:35.493+0000] {logging_mixin.py:190} INFO - [2025-02-04T14:08:35.492+0000] {dagbag.py:588} INFO - Filling up the DagBag from /home/airflow/.local/lib/python3.12/site-packages/airflow/example_dags/tutorial.py
[2025-02-04T14:08:35.511+0000] {processor.py:925} INFO - DAG(s) 'tutorial' retrieved from /home/airflow/.local/lib/python3.12/site-packages/airflow/example_dags/tutorial.py
[2025-02-04T14:08:35.592+0000] {logging_mixin.py:190} INFO - [2025-02-04T14:08:35.591+0000] {dag.py:3239} INFO - Sync 1 DAGs
[2025-02-04T14:08:35.657+0000] {logging_mixin.py:190} INFO - [2025-02-04T14:08:35.656+0000] {dag.py:4180} INFO - Setting next_dagrun for tutorial to 2025-02-03 00:00:00+00:00, run_after=2025-02-04 00:00:00+00:00
[2025-02-04T14:08:35.720+0000] {processor.py:208} INFO - Processing /home/airflow/.local/lib/python3.12/site-packages/airflow/example_dags/tutorial.py took 0.247 seconds
[2025-02-04T14:09:06.557+0000] {processor.py:186} INFO - Started process (PID=254) to work on /home/airflow/.local/lib/python3.12/site-packages/airflow/example_dags/tutorial.py
[2025-02-04T14:09:06.564+0000] {processor.py:914} INFO - Processing file /home/airflow/.local/lib/python3.12/site-packages/airflow/example_dags/tutorial.py for tasks to queue
[2025-02-04T14:09:06.569+0000] {logging_mixin.py:190} INFO - [2025-02-04T14:09:06.568+0000] {dagbag.py:588} INFO - Filling up the DagBag from /home/airflow/.local/lib/python3.12/site-packages/airflow/example_dags/tutorial.py
[2025-02-04T14:09:06.593+0000] {processor.py:925} INFO - DAG(s) 'tutorial' retrieved from /home/airflow/.local/lib/python3.12/site-packages/airflow/example_dags/tutorial.py
[2025-02-04T14:09:06.636+0000] {logging_mixin.py:190} INFO - [2025-02-04T14:09:06.635+0000] {dag.py:3239} INFO - Sync 1 DAGs
[2025-02-04T14:09:06.708+0000] {logging_mixin.py:190} INFO - [2025-02-04T14:09:06.708+0000] {dag.py:4180} INFO - Setting next_dagrun for tutorial to 2025-02-03 00:00:00+00:00, run_after=2025-02-04 00:00:00+00:00
[2025-02-04T14:09:06.773+0000] {processor.py:208} INFO - Processing /home/airflow/.local/lib/python3.12/site-packages/airflow/example_dags/tutorial.py took 0.248 seconds
[2025-02-04T14:09:37.219+0000] {processor.py:186} INFO - Started process (PID=317) to work on /home/airflow/.local/lib/python3.12/site-packages/airflow/example_dags/tutorial.py
[2025-02-04T14:09:37.221+0000] {processor.py:914} INFO - Processing file /home/airflow/.local/lib/python3.12/site-packages/airflow/example_dags/tutorial.py for tasks to queue
[2025-02-04T14:09:37.226+0000] {logging_mixin.py:190} INFO - [2025-02-04T14:09:37.225+0000] {dagbag.py:588} INFO - Filling up the DagBag from /home/airflow/.local/lib/python3.12/site-packages/airflow/example_dags/tutorial.py
[2025-02-04T14:09:37.239+0000] {processor.py:925} INFO - DAG(s) 'tutorial' retrieved from /home/airflow/.local/lib/python3.12/site-packages/airflow/example_dags/tutorial.py
[2025-02-04T14:09:37.282+0000] {logging_mixin.py:190} INFO - [2025-02-04T14:09:37.282+0000] {dag.py:3239} INFO - Sync 1 DAGs
[2025-02-04T14:09:37.330+0000] {logging_mixin.py:190} INFO - [2025-02-04T14:09:37.329+0000] {dag.py:4180} INFO - Setting next_dagrun for tutorial to 2025-02-03 00:00:00+00:00, run_after=2025-02-04 00:00:00+00:00
[2025-02-04T14:09:37.361+0000] {processor.py:208} INFO - Processing /home/airflow/.local/lib/python3.12/site-packages/airflow/example_dags/tutorial.py took 0.160 seconds
[2025-02-04T14:10:08.114+0000] {processor.py:186} INFO - Started process (PID=381) to work on /home/airflow/.local/lib/python3.12/site-packages/airflow/example_dags/tutorial.py
[2025-02-04T14:10:08.116+0000] {processor.py:914} INFO - Processing file /home/airflow/.local/lib/python3.12/site-packages/airflow/example_dags/tutorial.py for tasks to queue
[2025-02-04T14:10:08.120+0000] {logging_mixin.py:190} INFO - [2025-02-04T14:10:08.119+0000] {dagbag.py:588} INFO - Filling up the DagBag from /home/airflow/.local/lib/python3.12/site-packages/airflow/example_dags/tutorial.py
[2025-02-04T14:10:08.135+0000] {processor.py:925} INFO - DAG(s) 'tutorial' retrieved from /home/airflow/.local/lib/python3.12/site-packages/airflow/example_dags/tutorial.py
[2025-02-04T14:10:08.169+0000] {logging_mixin.py:190} INFO - [2025-02-04T14:10:08.168+0000] {dag.py:3239} INFO - Sync 1 DAGs
[2025-02-04T14:10:08.207+0000] {logging_mixin.py:190} INFO - [2025-02-04T14:10:08.207+0000] {dag.py:4180} INFO - Setting next_dagrun for tutorial to 2025-02-03 00:00:00+00:00, run_after=2025-02-04 00:00:00+00:00
[2025-02-04T14:10:08.239+0000] {processor.py:208} INFO - Processing /home/airflow/.local/lib/python3.12/site-packages/airflow/example_dags/tutorial.py took 0.135 seconds
[2025-02-04T14:10:52.586+0000] {processor.py:186} INFO - Started process (PID=445) to work on /home/airflow/.local/lib/python3.12/site-packages/airflow/example_dags/tutorial.py
[2025-02-04T14:10:52.588+0000] {processor.py:914} INFO - Processing file /home/airflow/.local/lib/python3.12/site-packages/airflow/example_dags/tutorial.py for tasks to queue
[2025-02-04T14:10:52.597+0000] {logging_mixin.py:190} INFO - [2025-02-04T14:10:52.596+0000] {dagbag.py:588} INFO - Filling up the DagBag from /home/airflow/.local/lib/python3.12/site-packages/airflow/example_dags/tutorial.py
[2025-02-04T14:10:52.620+0000] {processor.py:925} INFO - DAG(s) 'tutorial' retrieved from /home/airflow/.local/lib/python3.12/site-packages/airflow/example_dags/tutorial.py
[2025-02-04T14:10:52.684+0000] {logging_mixin.py:190} INFO - [2025-02-04T14:10:52.683+0000] {dag.py:3239} INFO - Sync 1 DAGs
[2025-02-04T14:10:52.817+0000] {logging_mixin.py:190} INFO - [2025-02-04T14:10:52.816+0000] {dag.py:4180} INFO - Setting next_dagrun for tutorial to 2025-02-03 00:00:00+00:00, run_after=2025-02-04 00:00:00+00:00
[2025-02-04T14:10:52.918+0000] {processor.py:208} INFO - Processing /home/airflow/.local/lib/python3.12/site-packages/airflow/example_dags/tutorial.py took 0.347 seconds
[2025-02-04T14:11:30.535+0000] {processor.py:186} INFO - Started process (PID=513) to work on /home/airflow/.local/lib/python3.12/site-packages/airflow/example_dags/tutorial.py
[2025-02-04T14:11:30.537+0000] {processor.py:914} INFO - Processing file /home/airflow/.local/lib/python3.12/site-packages/airflow/example_dags/tutorial.py for tasks to queue
[2025-02-04T14:11:30.543+0000] {logging_mixin.py:190} INFO - [2025-02-04T14:11:30.542+0000] {dagbag.py:588} INFO - Filling up the DagBag from /home/airflow/.local/lib/python3.12/site-packages/airflow/example_dags/tutorial.py
[2025-02-04T14:11:30.564+0000] {processor.py:925} INFO - DAG(s) 'tutorial' retrieved from /home/airflow/.local/lib/python3.12/site-packages/airflow/example_dags/tutorial.py
[2025-02-04T14:11:30.622+0000] {logging_mixin.py:190} INFO - [2025-02-04T14:11:30.622+0000] {dag.py:3239} INFO - Sync 1 DAGs
[2025-02-04T14:11:30.726+0000] {logging_mixin.py:190} INFO - [2025-02-04T14:11:30.726+0000] {dag.py:4180} INFO - Setting next_dagrun for tutorial to 2025-02-03 00:00:00+00:00, run_after=2025-02-04 00:00:00+00:00
[2025-02-04T14:11:30.782+0000] {processor.py:208} INFO - Processing /home/airflow/.local/lib/python3.12/site-packages/airflow/example_dags/tutorial.py took 0.262 seconds
[2025-02-04T14:18:43.769+0000] {processor.py:186} INFO - Started process (PID=107) to work on /home/airflow/.local/lib/python3.12/site-packages/airflow/example_dags/tutorial.py
[2025-02-04T14:18:43.772+0000] {processor.py:914} INFO - Processing file /home/airflow/.local/lib/python3.12/site-packages/airflow/example_dags/tutorial.py for tasks to queue
[2025-02-04T14:18:43.777+0000] {logging_mixin.py:190} INFO - [2025-02-04T14:18:43.776+0000] {dagbag.py:588} INFO - Filling up the DagBag from /home/airflow/.local/lib/python3.12/site-packages/airflow/example_dags/tutorial.py
[2025-02-04T14:18:43.797+0000] {processor.py:925} INFO - DAG(s) 'tutorial' retrieved from /home/airflow/.local/lib/python3.12/site-packages/airflow/example_dags/tutorial.py
[2025-02-04T14:18:43.841+0000] {logging_mixin.py:190} INFO - [2025-02-04T14:18:43.841+0000] {dag.py:3239} INFO - Sync 1 DAGs
[2025-02-04T14:18:43.905+0000] {logging_mixin.py:190} INFO - [2025-02-04T14:18:43.905+0000] {dag.py:4180} INFO - Setting next_dagrun for tutorial to 2025-02-03 00:00:00+00:00, run_after=2025-02-04 00:00:00+00:00
[2025-02-04T14:18:43.969+0000] {processor.py:208} INFO - Processing /home/airflow/.local/lib/python3.12/site-packages/airflow/example_dags/tutorial.py took 0.210 seconds
[2025-02-04T14:19:15.115+0000] {processor.py:186} INFO - Started process (PID=171) to work on /home/airflow/.local/lib/python3.12/site-packages/airflow/example_dags/tutorial.py
[2025-02-04T14:19:15.119+0000] {processor.py:914} INFO - Processing file /home/airflow/.local/lib/python3.12/site-packages/airflow/example_dags/tutorial.py for tasks to queue
[2025-02-04T14:19:15.128+0000] {logging_mixin.py:190} INFO - [2025-02-04T14:19:15.128+0000] {dagbag.py:588} INFO - Filling up the DagBag from /home/airflow/.local/lib/python3.12/site-packages/airflow/example_dags/tutorial.py
[2025-02-04T14:19:15.159+0000] {processor.py:925} INFO - DAG(s) 'tutorial' retrieved from /home/airflow/.local/lib/python3.12/site-packages/airflow/example_dags/tutorial.py
[2025-02-04T14:19:15.222+0000] {logging_mixin.py:190} INFO - [2025-02-04T14:19:15.222+0000] {dag.py:3239} INFO - Sync 1 DAGs
[2025-02-04T14:19:15.279+0000] {logging_mixin.py:190} INFO - [2025-02-04T14:19:15.278+0000] {dag.py:4180} INFO - Setting next_dagrun for tutorial to 2025-02-03 00:00:00+00:00, run_after=2025-02-04 00:00:00+00:00
[2025-02-04T14:19:15.322+0000] {processor.py:208} INFO - Processing /home/airflow/.local/lib/python3.12/site-packages/airflow/example_dags/tutorial.py took 0.265 seconds
[2025-02-04T14:19:45.583+0000] {processor.py:186} INFO - Started process (PID=242) to work on /home/airflow/.local/lib/python3.12/site-packages/airflow/example_dags/tutorial.py
[2025-02-04T14:19:45.585+0000] {processor.py:914} INFO - Processing file /home/airflow/.local/lib/python3.12/site-packages/airflow/example_dags/tutorial.py for tasks to queue
[2025-02-04T14:19:45.587+0000] {logging_mixin.py:190} INFO - [2025-02-04T14:19:45.586+0000] {dagbag.py:588} INFO - Filling up the DagBag from /home/airflow/.local/lib/python3.12/site-packages/airflow/example_dags/tutorial.py
[2025-02-04T14:19:45.614+0000] {processor.py:925} INFO - DAG(s) 'tutorial' retrieved from /home/airflow/.local/lib/python3.12/site-packages/airflow/example_dags/tutorial.py
[2025-02-04T14:19:45.666+0000] {logging_mixin.py:190} INFO - [2025-02-04T14:19:45.666+0000] {dag.py:3239} INFO - Sync 1 DAGs
[2025-02-04T14:19:45.734+0000] {logging_mixin.py:190} INFO - [2025-02-04T14:19:45.734+0000] {dag.py:4180} INFO - Setting next_dagrun for tutorial to 2025-02-03 00:00:00+00:00, run_after=2025-02-04 00:00:00+00:00
[2025-02-04T14:19:45.769+0000] {processor.py:208} INFO - Processing /home/airflow/.local/lib/python3.12/site-packages/airflow/example_dags/tutorial.py took 0.196 seconds
[2025-02-04T14:20:16.461+0000] {processor.py:186} INFO - Started process (PID=311) to work on /home/airflow/.local/lib/python3.12/site-packages/airflow/example_dags/tutorial.py
[2025-02-04T14:20:16.463+0000] {processor.py:914} INFO - Processing file /home/airflow/.local/lib/python3.12/site-packages/airflow/example_dags/tutorial.py for tasks to queue
[2025-02-04T14:20:16.467+0000] {logging_mixin.py:190} INFO - [2025-02-04T14:20:16.466+0000] {dagbag.py:588} INFO - Filling up the DagBag from /home/airflow/.local/lib/python3.12/site-packages/airflow/example_dags/tutorial.py
[2025-02-04T14:20:16.480+0000] {processor.py:925} INFO - DAG(s) 'tutorial' retrieved from /home/airflow/.local/lib/python3.12/site-packages/airflow/example_dags/tutorial.py
[2025-02-04T14:20:16.515+0000] {logging_mixin.py:190} INFO - [2025-02-04T14:20:16.515+0000] {dag.py:3239} INFO - Sync 1 DAGs
[2025-02-04T14:20:16.569+0000] {logging_mixin.py:190} INFO - [2025-02-04T14:20:16.569+0000] {dag.py:4180} INFO - Setting next_dagrun for tutorial to 2025-02-03 00:00:00+00:00, run_after=2025-02-04 00:00:00+00:00
[2025-02-04T14:20:16.610+0000] {processor.py:208} INFO - Processing /home/airflow/.local/lib/python3.12/site-packages/airflow/example_dags/tutorial.py took 0.159 seconds
[2025-02-04T14:20:54.508+0000] {processor.py:186} INFO - Started process (PID=381) to work on /home/airflow/.local/lib/python3.12/site-packages/airflow/example_dags/tutorial.py
[2025-02-04T14:20:54.509+0000] {processor.py:914} INFO - Processing file /home/airflow/.local/lib/python3.12/site-packages/airflow/example_dags/tutorial.py for tasks to queue
[2025-02-04T14:20:54.511+0000] {logging_mixin.py:190} INFO - [2025-02-04T14:20:54.511+0000] {dagbag.py:588} INFO - Filling up the DagBag from /home/airflow/.local/lib/python3.12/site-packages/airflow/example_dags/tutorial.py
[2025-02-04T14:20:54.531+0000] {processor.py:925} INFO - DAG(s) 'tutorial' retrieved from /home/airflow/.local/lib/python3.12/site-packages/airflow/example_dags/tutorial.py
[2025-02-04T14:20:54.569+0000] {logging_mixin.py:190} INFO - [2025-02-04T14:20:54.569+0000] {dag.py:3239} INFO - Sync 1 DAGs
[2025-02-04T14:20:54.643+0000] {logging_mixin.py:190} INFO - [2025-02-04T14:20:54.642+0000] {dag.py:4180} INFO - Setting next_dagrun for tutorial to 2025-02-03 00:00:00+00:00, run_after=2025-02-04 00:00:00+00:00
[2025-02-04T14:20:54.693+0000] {processor.py:208} INFO - Processing /home/airflow/.local/lib/python3.12/site-packages/airflow/example_dags/tutorial.py took 0.196 seconds
[2025-02-04T14:21:25.683+0000] {processor.py:186} INFO - Started process (PID=454) to work on /home/airflow/.local/lib/python3.12/site-packages/airflow/example_dags/tutorial.py
[2025-02-04T14:21:25.684+0000] {processor.py:914} INFO - Processing file /home/airflow/.local/lib/python3.12/site-packages/airflow/example_dags/tutorial.py for tasks to queue
[2025-02-04T14:21:25.687+0000] {logging_mixin.py:190} INFO - [2025-02-04T14:21:25.686+0000] {dagbag.py:588} INFO - Filling up the DagBag from /home/airflow/.local/lib/python3.12/site-packages/airflow/example_dags/tutorial.py
[2025-02-04T14:21:25.709+0000] {processor.py:925} INFO - DAG(s) 'tutorial' retrieved from /home/airflow/.local/lib/python3.12/site-packages/airflow/example_dags/tutorial.py
[2025-02-04T14:21:25.792+0000] {logging_mixin.py:190} INFO - [2025-02-04T14:21:25.791+0000] {dag.py:3239} INFO - Sync 1 DAGs
[2025-02-04T14:21:25.933+0000] {logging_mixin.py:190} INFO - [2025-02-04T14:21:25.932+0000] {dag.py:4180} INFO - Setting next_dagrun for tutorial to 2025-02-03 00:00:00+00:00, run_after=2025-02-04 00:00:00+00:00
[2025-02-04T14:21:25.992+0000] {processor.py:208} INFO - Processing /home/airflow/.local/lib/python3.12/site-packages/airflow/example_dags/tutorial.py took 0.324 seconds
[2025-02-04T14:21:57.377+0000] {processor.py:186} INFO - Started process (PID=519) to work on /home/airflow/.local/lib/python3.12/site-packages/airflow/example_dags/tutorial.py
[2025-02-04T14:21:57.379+0000] {processor.py:914} INFO - Processing file /home/airflow/.local/lib/python3.12/site-packages/airflow/example_dags/tutorial.py for tasks to queue
[2025-02-04T14:21:57.383+0000] {logging_mixin.py:190} INFO - [2025-02-04T14:21:57.382+0000] {dagbag.py:588} INFO - Filling up the DagBag from /home/airflow/.local/lib/python3.12/site-packages/airflow/example_dags/tutorial.py
[2025-02-04T14:21:57.422+0000] {processor.py:925} INFO - DAG(s) 'tutorial' retrieved from /home/airflow/.local/lib/python3.12/site-packages/airflow/example_dags/tutorial.py
[2025-02-04T14:21:57.480+0000] {logging_mixin.py:190} INFO - [2025-02-04T14:21:57.479+0000] {dag.py:3239} INFO - Sync 1 DAGs
[2025-02-04T14:21:57.539+0000] {logging_mixin.py:190} INFO - [2025-02-04T14:21:57.539+0000] {dag.py:4180} INFO - Setting next_dagrun for tutorial to 2025-02-03 00:00:00+00:00, run_after=2025-02-04 00:00:00+00:00
[2025-02-04T14:21:57.576+0000] {processor.py:208} INFO - Processing /home/airflow/.local/lib/python3.12/site-packages/airflow/example_dags/tutorial.py took 0.231 seconds
[2025-02-04T14:22:30.017+0000] {processor.py:186} INFO - Started process (PID=592) to work on /home/airflow/.local/lib/python3.12/site-packages/airflow/example_dags/tutorial.py
[2025-02-04T14:22:30.019+0000] {processor.py:914} INFO - Processing file /home/airflow/.local/lib/python3.12/site-packages/airflow/example_dags/tutorial.py for tasks to queue
[2025-02-04T14:22:30.025+0000] {logging_mixin.py:190} INFO - [2025-02-04T14:22:30.022+0000] {dagbag.py:588} INFO - Filling up the DagBag from /home/airflow/.local/lib/python3.12/site-packages/airflow/example_dags/tutorial.py
[2025-02-04T14:22:30.054+0000] {processor.py:925} INFO - DAG(s) 'tutorial' retrieved from /home/airflow/.local/lib/python3.12/site-packages/airflow/example_dags/tutorial.py
[2025-02-04T14:22:30.118+0000] {logging_mixin.py:190} INFO - [2025-02-04T14:22:30.117+0000] {dag.py:3239} INFO - Sync 1 DAGs
[2025-02-04T14:22:30.196+0000] {logging_mixin.py:190} INFO - [2025-02-04T14:22:30.195+0000] {dag.py:4180} INFO - Setting next_dagrun for tutorial to 2025-02-03 00:00:00+00:00, run_after=2025-02-04 00:00:00+00:00
[2025-02-04T14:22:30.260+0000] {processor.py:208} INFO - Processing /home/airflow/.local/lib/python3.12/site-packages/airflow/example_dags/tutorial.py took 0.259 seconds
[2025-02-04T14:23:00.900+0000] {processor.py:186} INFO - Started process (PID=660) to work on /home/airflow/.local/lib/python3.12/site-packages/airflow/example_dags/tutorial.py
[2025-02-04T14:23:00.903+0000] {processor.py:914} INFO - Processing file /home/airflow/.local/lib/python3.12/site-packages/airflow/example_dags/tutorial.py for tasks to queue
[2025-02-04T14:23:00.906+0000] {logging_mixin.py:190} INFO - [2025-02-04T14:23:00.906+0000] {dagbag.py:588} INFO - Filling up the DagBag from /home/airflow/.local/lib/python3.12/site-packages/airflow/example_dags/tutorial.py
[2025-02-04T14:23:00.925+0000] {processor.py:925} INFO - DAG(s) 'tutorial' retrieved from /home/airflow/.local/lib/python3.12/site-packages/airflow/example_dags/tutorial.py
[2025-02-04T14:23:00.964+0000] {logging_mixin.py:190} INFO - [2025-02-04T14:23:00.964+0000] {dag.py:3239} INFO - Sync 1 DAGs
[2025-02-04T14:23:01.017+0000] {logging_mixin.py:190} INFO - [2025-02-04T14:23:01.016+0000] {dag.py:4180} INFO - Setting next_dagrun for tutorial to 2025-02-03 00:00:00+00:00, run_after=2025-02-04 00:00:00+00:00
[2025-02-04T14:23:01.054+0000] {processor.py:208} INFO - Processing /home/airflow/.local/lib/python3.12/site-packages/airflow/example_dags/tutorial.py took 0.165 seconds
[2025-02-04T14:23:31.753+0000] {processor.py:186} INFO - Started process (PID=724) to work on /home/airflow/.local/lib/python3.12/site-packages/airflow/example_dags/tutorial.py
[2025-02-04T14:23:31.754+0000] {processor.py:914} INFO - Processing file /home/airflow/.local/lib/python3.12/site-packages/airflow/example_dags/tutorial.py for tasks to queue
[2025-02-04T14:23:31.756+0000] {logging_mixin.py:190} INFO - [2025-02-04T14:23:31.756+0000] {dagbag.py:588} INFO - Filling up the DagBag from /home/airflow/.local/lib/python3.12/site-packages/airflow/example_dags/tutorial.py
[2025-02-04T14:23:31.771+0000] {processor.py:925} INFO - DAG(s) 'tutorial' retrieved from /home/airflow/.local/lib/python3.12/site-packages/airflow/example_dags/tutorial.py
[2025-02-04T14:23:31.802+0000] {logging_mixin.py:190} INFO - [2025-02-04T14:23:31.802+0000] {dag.py:3239} INFO - Sync 1 DAGs
[2025-02-04T14:23:31.844+0000] {logging_mixin.py:190} INFO - [2025-02-04T14:23:31.844+0000] {dag.py:4180} INFO - Setting next_dagrun for tutorial to 2025-02-03 00:00:00+00:00, run_after=2025-02-04 00:00:00+00:00
[2025-02-04T14:23:31.873+0000] {processor.py:208} INFO - Processing /home/airflow/.local/lib/python3.12/site-packages/airflow/example_dags/tutorial.py took 0.130 seconds
[2025-02-04T14:24:02.940+0000] {processor.py:186} INFO - Started process (PID=788) to work on /home/airflow/.local/lib/python3.12/site-packages/airflow/example_dags/tutorial.py
[2025-02-04T14:24:02.943+0000] {processor.py:914} INFO - Processing file /home/airflow/.local/lib/python3.12/site-packages/airflow/example_dags/tutorial.py for tasks to queue
[2025-02-04T14:24:02.946+0000] {logging_mixin.py:190} INFO - [2025-02-04T14:24:02.945+0000] {dagbag.py:588} INFO - Filling up the DagBag from /home/airflow/.local/lib/python3.12/site-packages/airflow/example_dags/tutorial.py
[2025-02-04T14:24:02.975+0000] {processor.py:925} INFO - DAG(s) 'tutorial' retrieved from /home/airflow/.local/lib/python3.12/site-packages/airflow/example_dags/tutorial.py
[2025-02-04T14:24:03.047+0000] {logging_mixin.py:190} INFO - [2025-02-04T14:24:03.047+0000] {dag.py:3239} INFO - Sync 1 DAGs
[2025-02-04T14:24:03.115+0000] {logging_mixin.py:190} INFO - [2025-02-04T14:24:03.115+0000] {dag.py:4180} INFO - Setting next_dagrun for tutorial to 2025-02-03 00:00:00+00:00, run_after=2025-02-04 00:00:00+00:00
[2025-02-04T14:24:03.161+0000] {processor.py:208} INFO - Processing /home/airflow/.local/lib/python3.12/site-packages/airflow/example_dags/tutorial.py took 0.242 seconds
[2025-02-04T14:32:57.707+0000] {processor.py:186} INFO - Started process (PID=125) to work on /home/airflow/.local/lib/python3.12/site-packages/airflow/example_dags/tutorial.py
[2025-02-04T14:32:57.709+0000] {processor.py:914} INFO - Processing file /home/airflow/.local/lib/python3.12/site-packages/airflow/example_dags/tutorial.py for tasks to queue
[2025-02-04T14:32:57.713+0000] {logging_mixin.py:190} INFO - [2025-02-04T14:32:57.713+0000] {dagbag.py:588} INFO - Filling up the DagBag from /home/airflow/.local/lib/python3.12/site-packages/airflow/example_dags/tutorial.py
[2025-02-04T14:32:57.735+0000] {processor.py:925} INFO - DAG(s) 'tutorial' retrieved from /home/airflow/.local/lib/python3.12/site-packages/airflow/example_dags/tutorial.py
[2025-02-04T14:32:58.040+0000] {logging_mixin.py:190} INFO - [2025-02-04T14:32:58.039+0000] {override.py:1911} INFO - Created Permission View: can delete on DAG:tutorial
[2025-02-04T14:32:58.065+0000] {logging_mixin.py:190} INFO - [2025-02-04T14:32:58.065+0000] {override.py:1911} INFO - Created Permission View: can read on DAG:tutorial
[2025-02-04T14:32:58.083+0000] {logging_mixin.py:190} INFO - [2025-02-04T14:32:58.082+0000] {override.py:1911} INFO - Created Permission View: can edit on DAG:tutorial
[2025-02-04T14:32:58.102+0000] {logging_mixin.py:190} INFO - [2025-02-04T14:32:58.102+0000] {override.py:1911} INFO - Created Permission View: can create on DAG Run:tutorial
[2025-02-04T14:32:58.121+0000] {logging_mixin.py:190} INFO - [2025-02-04T14:32:58.121+0000] {override.py:1911} INFO - Created Permission View: can delete on DAG Run:tutorial
[2025-02-04T14:32:58.140+0000] {logging_mixin.py:190} INFO - [2025-02-04T14:32:58.139+0000] {override.py:1911} INFO - Created Permission View: can read on DAG Run:tutorial
[2025-02-04T14:32:58.155+0000] {logging_mixin.py:190} INFO - [2025-02-04T14:32:58.154+0000] {override.py:1911} INFO - Created Permission View: menu access on DAG Run:tutorial
[2025-02-04T14:32:58.156+0000] {logging_mixin.py:190} INFO - [2025-02-04T14:32:58.156+0000] {dag.py:3239} INFO - Sync 1 DAGs
[2025-02-04T14:32:58.184+0000] {logging_mixin.py:190} INFO - [2025-02-04T14:32:58.184+0000] {dag.py:3262} INFO - Creating ORM DAG for tutorial
[2025-02-04T14:32:58.205+0000] {logging_mixin.py:190} INFO - [2025-02-04T14:32:58.204+0000] {dag.py:4180} INFO - Setting next_dagrun for tutorial to 2025-02-03 00:00:00+00:00, run_after=2025-02-04 00:00:00+00:00
[2025-02-04T14:32:58.245+0000] {processor.py:208} INFO - Processing /home/airflow/.local/lib/python3.12/site-packages/airflow/example_dags/tutorial.py took 0.551 seconds
[2025-02-04T14:33:28.469+0000] {processor.py:186} INFO - Started process (PID=189) to work on /home/airflow/.local/lib/python3.12/site-packages/airflow/example_dags/tutorial.py
[2025-02-04T14:33:28.471+0000] {processor.py:914} INFO - Processing file /home/airflow/.local/lib/python3.12/site-packages/airflow/example_dags/tutorial.py for tasks to queue
[2025-02-04T14:33:28.477+0000] {logging_mixin.py:190} INFO - [2025-02-04T14:33:28.476+0000] {dagbag.py:588} INFO - Filling up the DagBag from /home/airflow/.local/lib/python3.12/site-packages/airflow/example_dags/tutorial.py
[2025-02-04T14:33:28.496+0000] {processor.py:925} INFO - DAG(s) 'tutorial' retrieved from /home/airflow/.local/lib/python3.12/site-packages/airflow/example_dags/tutorial.py
[2025-02-04T14:33:28.544+0000] {logging_mixin.py:190} INFO - [2025-02-04T14:33:28.543+0000] {dag.py:3239} INFO - Sync 1 DAGs
[2025-02-04T14:33:28.598+0000] {logging_mixin.py:190} INFO - [2025-02-04T14:33:28.598+0000] {dag.py:4180} INFO - Setting next_dagrun for tutorial to 2025-02-03 00:00:00+00:00, run_after=2025-02-04 00:00:00+00:00
[2025-02-04T14:33:28.637+0000] {processor.py:208} INFO - Processing /home/airflow/.local/lib/python3.12/site-packages/airflow/example_dags/tutorial.py took 0.181 seconds
[2025-02-04T14:33:59.717+0000] {processor.py:186} INFO - Started process (PID=252) to work on /home/airflow/.local/lib/python3.12/site-packages/airflow/example_dags/tutorial.py
[2025-02-04T14:33:59.719+0000] {processor.py:914} INFO - Processing file /home/airflow/.local/lib/python3.12/site-packages/airflow/example_dags/tutorial.py for tasks to queue
[2025-02-04T14:33:59.729+0000] {logging_mixin.py:190} INFO - [2025-02-04T14:33:59.726+0000] {dagbag.py:588} INFO - Filling up the DagBag from /home/airflow/.local/lib/python3.12/site-packages/airflow/example_dags/tutorial.py
[2025-02-04T14:33:59.758+0000] {processor.py:925} INFO - DAG(s) 'tutorial' retrieved from /home/airflow/.local/lib/python3.12/site-packages/airflow/example_dags/tutorial.py
[2025-02-04T14:33:59.823+0000] {logging_mixin.py:190} INFO - [2025-02-04T14:33:59.822+0000] {dag.py:3239} INFO - Sync 1 DAGs
[2025-02-04T14:33:59.879+0000] {logging_mixin.py:190} INFO - [2025-02-04T14:33:59.879+0000] {dag.py:4180} INFO - Setting next_dagrun for tutorial to 2025-02-03 00:00:00+00:00, run_after=2025-02-04 00:00:00+00:00
[2025-02-04T14:33:59.945+0000] {processor.py:208} INFO - Processing /home/airflow/.local/lib/python3.12/site-packages/airflow/example_dags/tutorial.py took 0.252 seconds
[2025-02-04T14:34:30.514+0000] {processor.py:186} INFO - Started process (PID=316) to work on /home/airflow/.local/lib/python3.12/site-packages/airflow/example_dags/tutorial.py
[2025-02-04T14:34:30.516+0000] {processor.py:914} INFO - Processing file /home/airflow/.local/lib/python3.12/site-packages/airflow/example_dags/tutorial.py for tasks to queue
[2025-02-04T14:34:30.521+0000] {logging_mixin.py:190} INFO - [2025-02-04T14:34:30.521+0000] {dagbag.py:588} INFO - Filling up the DagBag from /home/airflow/.local/lib/python3.12/site-packages/airflow/example_dags/tutorial.py
[2025-02-04T14:34:30.552+0000] {processor.py:925} INFO - DAG(s) 'tutorial' retrieved from /home/airflow/.local/lib/python3.12/site-packages/airflow/example_dags/tutorial.py
[2025-02-04T14:34:30.643+0000] {logging_mixin.py:190} INFO - [2025-02-04T14:34:30.642+0000] {dag.py:3239} INFO - Sync 1 DAGs
[2025-02-04T14:34:30.687+0000] {logging_mixin.py:190} INFO - [2025-02-04T14:34:30.686+0000] {dag.py:4180} INFO - Setting next_dagrun for tutorial to 2025-02-03 00:00:00+00:00, run_after=2025-02-04 00:00:00+00:00
[2025-02-04T14:34:30.728+0000] {processor.py:208} INFO - Processing /home/airflow/.local/lib/python3.12/site-packages/airflow/example_dags/tutorial.py took 0.255 seconds
[2025-02-04T14:35:01.537+0000] {processor.py:186} INFO - Started process (PID=380) to work on /home/airflow/.local/lib/python3.12/site-packages/airflow/example_dags/tutorial.py
[2025-02-04T14:35:01.538+0000] {processor.py:914} INFO - Processing file /home/airflow/.local/lib/python3.12/site-packages/airflow/example_dags/tutorial.py for tasks to queue
[2025-02-04T14:35:01.543+0000] {logging_mixin.py:190} INFO - [2025-02-04T14:35:01.542+0000] {dagbag.py:588} INFO - Filling up the DagBag from /home/airflow/.local/lib/python3.12/site-packages/airflow/example_dags/tutorial.py
[2025-02-04T14:35:01.554+0000] {processor.py:925} INFO - DAG(s) 'tutorial' retrieved from /home/airflow/.local/lib/python3.12/site-packages/airflow/example_dags/tutorial.py
[2025-02-04T14:35:01.584+0000] {logging_mixin.py:190} INFO - [2025-02-04T14:35:01.583+0000] {dag.py:3239} INFO - Sync 1 DAGs
[2025-02-04T14:35:01.626+0000] {logging_mixin.py:190} INFO - [2025-02-04T14:35:01.626+0000] {dag.py:4180} INFO - Setting next_dagrun for tutorial to 2025-02-03 00:00:00+00:00, run_after=2025-02-04 00:00:00+00:00
[2025-02-04T14:35:01.662+0000] {processor.py:208} INFO - Processing /home/airflow/.local/lib/python3.12/site-packages/airflow/example_dags/tutorial.py took 0.135 seconds
[2025-02-04T14:35:32.462+0000] {processor.py:186} INFO - Started process (PID=444) to work on /home/airflow/.local/lib/python3.12/site-packages/airflow/example_dags/tutorial.py
[2025-02-04T14:35:32.463+0000] {processor.py:914} INFO - Processing file /home/airflow/.local/lib/python3.12/site-packages/airflow/example_dags/tutorial.py for tasks to queue
[2025-02-04T14:35:32.469+0000] {logging_mixin.py:190} INFO - [2025-02-04T14:35:32.468+0000] {dagbag.py:588} INFO - Filling up the DagBag from /home/airflow/.local/lib/python3.12/site-packages/airflow/example_dags/tutorial.py
[2025-02-04T14:35:32.485+0000] {processor.py:925} INFO - DAG(s) 'tutorial' retrieved from /home/airflow/.local/lib/python3.12/site-packages/airflow/example_dags/tutorial.py
[2025-02-04T14:35:32.523+0000] {logging_mixin.py:190} INFO - [2025-02-04T14:35:32.522+0000] {dag.py:3239} INFO - Sync 1 DAGs
[2025-02-04T14:35:32.559+0000] {logging_mixin.py:190} INFO - [2025-02-04T14:35:32.559+0000] {dag.py:4180} INFO - Setting next_dagrun for tutorial to 2025-02-03 00:00:00+00:00, run_after=2025-02-04 00:00:00+00:00
[2025-02-04T14:35:32.591+0000] {processor.py:208} INFO - Processing /home/airflow/.local/lib/python3.12/site-packages/airflow/example_dags/tutorial.py took 0.142 seconds
[2025-02-04T14:36:03.371+0000] {processor.py:186} INFO - Started process (PID=507) to work on /home/airflow/.local/lib/python3.12/site-packages/airflow/example_dags/tutorial.py
[2025-02-04T14:36:03.375+0000] {processor.py:914} INFO - Processing file /home/airflow/.local/lib/python3.12/site-packages/airflow/example_dags/tutorial.py for tasks to queue
[2025-02-04T14:36:03.380+0000] {logging_mixin.py:190} INFO - [2025-02-04T14:36:03.379+0000] {dagbag.py:588} INFO - Filling up the DagBag from /home/airflow/.local/lib/python3.12/site-packages/airflow/example_dags/tutorial.py
[2025-02-04T14:36:03.394+0000] {processor.py:925} INFO - DAG(s) 'tutorial' retrieved from /home/airflow/.local/lib/python3.12/site-packages/airflow/example_dags/tutorial.py
[2025-02-04T14:36:03.424+0000] {logging_mixin.py:190} INFO - [2025-02-04T14:36:03.424+0000] {dag.py:3239} INFO - Sync 1 DAGs
[2025-02-04T14:36:03.462+0000] {logging_mixin.py:190} INFO - [2025-02-04T14:36:03.462+0000] {dag.py:4180} INFO - Setting next_dagrun for tutorial to 2025-02-03 00:00:00+00:00, run_after=2025-02-04 00:00:00+00:00
[2025-02-04T14:36:03.495+0000] {processor.py:208} INFO - Processing /home/airflow/.local/lib/python3.12/site-packages/airflow/example_dags/tutorial.py took 0.133 seconds
[2025-02-04T14:36:45.899+0000] {processor.py:186} INFO - Started process (PID=571) to work on /home/airflow/.local/lib/python3.12/site-packages/airflow/example_dags/tutorial.py
[2025-02-04T14:36:45.901+0000] {processor.py:914} INFO - Processing file /home/airflow/.local/lib/python3.12/site-packages/airflow/example_dags/tutorial.py for tasks to queue
[2025-02-04T14:36:45.912+0000] {logging_mixin.py:190} INFO - [2025-02-04T14:36:45.912+0000] {dagbag.py:588} INFO - Filling up the DagBag from /home/airflow/.local/lib/python3.12/site-packages/airflow/example_dags/tutorial.py
[2025-02-04T14:36:45.935+0000] {processor.py:925} INFO - DAG(s) 'tutorial' retrieved from /home/airflow/.local/lib/python3.12/site-packages/airflow/example_dags/tutorial.py
[2025-02-04T14:36:45.996+0000] {logging_mixin.py:190} INFO - [2025-02-04T14:36:45.996+0000] {dag.py:3239} INFO - Sync 1 DAGs
[2025-02-04T14:36:46.090+0000] {logging_mixin.py:190} INFO - [2025-02-04T14:36:46.089+0000] {dag.py:4180} INFO - Setting next_dagrun for tutorial to 2025-02-03 00:00:00+00:00, run_after=2025-02-04 00:00:00+00:00
[2025-02-04T14:36:46.135+0000] {processor.py:208} INFO - Processing /home/airflow/.local/lib/python3.12/site-packages/airflow/example_dags/tutorial.py took 0.256 seconds
[2025-02-04T14:37:17.548+0000] {processor.py:186} INFO - Started process (PID=636) to work on /home/airflow/.local/lib/python3.12/site-packages/airflow/example_dags/tutorial.py
[2025-02-04T14:37:17.551+0000] {processor.py:914} INFO - Processing file /home/airflow/.local/lib/python3.12/site-packages/airflow/example_dags/tutorial.py for tasks to queue
[2025-02-04T14:37:17.560+0000] {logging_mixin.py:190} INFO - [2025-02-04T14:37:17.559+0000] {dagbag.py:588} INFO - Filling up the DagBag from /home/airflow/.local/lib/python3.12/site-packages/airflow/example_dags/tutorial.py
[2025-02-04T14:37:17.592+0000] {processor.py:925} INFO - DAG(s) 'tutorial' retrieved from /home/airflow/.local/lib/python3.12/site-packages/airflow/example_dags/tutorial.py
[2025-02-04T14:37:17.660+0000] {logging_mixin.py:190} INFO - [2025-02-04T14:37:17.659+0000] {dag.py:3239} INFO - Sync 1 DAGs
[2025-02-04T14:37:17.741+0000] {logging_mixin.py:190} INFO - [2025-02-04T14:37:17.740+0000] {dag.py:4180} INFO - Setting next_dagrun for tutorial to 2025-02-03 00:00:00+00:00, run_after=2025-02-04 00:00:00+00:00
[2025-02-04T14:37:17.792+0000] {processor.py:208} INFO - Processing /home/airflow/.local/lib/python3.12/site-packages/airflow/example_dags/tutorial.py took 0.257 seconds
[2025-02-04T14:37:53.480+0000] {processor.py:186} INFO - Started process (PID=710) to work on /home/airflow/.local/lib/python3.12/site-packages/airflow/example_dags/tutorial.py
[2025-02-04T14:37:53.484+0000] {processor.py:914} INFO - Processing file /home/airflow/.local/lib/python3.12/site-packages/airflow/example_dags/tutorial.py for tasks to queue
[2025-02-04T14:37:53.495+0000] {logging_mixin.py:190} INFO - [2025-02-04T14:37:53.494+0000] {dagbag.py:588} INFO - Filling up the DagBag from /home/airflow/.local/lib/python3.12/site-packages/airflow/example_dags/tutorial.py
[2025-02-04T14:37:53.522+0000] {processor.py:925} INFO - DAG(s) 'tutorial' retrieved from /home/airflow/.local/lib/python3.12/site-packages/airflow/example_dags/tutorial.py
[2025-02-04T14:37:53.580+0000] {logging_mixin.py:190} INFO - [2025-02-04T14:37:53.579+0000] {dag.py:3239} INFO - Sync 1 DAGs
[2025-02-04T14:37:53.646+0000] {logging_mixin.py:190} INFO - [2025-02-04T14:37:53.645+0000] {dag.py:4180} INFO - Setting next_dagrun for tutorial to 2025-02-03 00:00:00+00:00, run_after=2025-02-04 00:00:00+00:00
[2025-02-04T14:37:53.694+0000] {processor.py:208} INFO - Processing /home/airflow/.local/lib/python3.12/site-packages/airflow/example_dags/tutorial.py took 0.236 seconds
[2025-02-04T14:38:24.481+0000] {processor.py:186} INFO - Started process (PID=774) to work on /home/airflow/.local/lib/python3.12/site-packages/airflow/example_dags/tutorial.py
[2025-02-04T14:38:24.483+0000] {processor.py:914} INFO - Processing file /home/airflow/.local/lib/python3.12/site-packages/airflow/example_dags/tutorial.py for tasks to queue
[2025-02-04T14:38:24.487+0000] {logging_mixin.py:190} INFO - [2025-02-04T14:38:24.486+0000] {dagbag.py:588} INFO - Filling up the DagBag from /home/airflow/.local/lib/python3.12/site-packages/airflow/example_dags/tutorial.py
[2025-02-04T14:38:24.503+0000] {processor.py:925} INFO - DAG(s) 'tutorial' retrieved from /home/airflow/.local/lib/python3.12/site-packages/airflow/example_dags/tutorial.py
[2025-02-04T14:38:24.543+0000] {logging_mixin.py:190} INFO - [2025-02-04T14:38:24.543+0000] {dag.py:3239} INFO - Sync 1 DAGs
[2025-02-04T14:38:24.593+0000] {logging_mixin.py:190} INFO - [2025-02-04T14:38:24.593+0000] {dag.py:4180} INFO - Setting next_dagrun for tutorial to 2025-02-03 00:00:00+00:00, run_after=2025-02-04 00:00:00+00:00
[2025-02-04T14:38:24.629+0000] {processor.py:208} INFO - Processing /home/airflow/.local/lib/python3.12/site-packages/airflow/example_dags/tutorial.py took 0.161 seconds
[2025-02-04T14:38:58.836+0000] {processor.py:186} INFO - Started process (PID=839) to work on /home/airflow/.local/lib/python3.12/site-packages/airflow/example_dags/tutorial.py
[2025-02-04T14:38:58.838+0000] {processor.py:914} INFO - Processing file /home/airflow/.local/lib/python3.12/site-packages/airflow/example_dags/tutorial.py for tasks to queue
[2025-02-04T14:38:58.844+0000] {logging_mixin.py:190} INFO - [2025-02-04T14:38:58.843+0000] {dagbag.py:588} INFO - Filling up the DagBag from /home/airflow/.local/lib/python3.12/site-packages/airflow/example_dags/tutorial.py
[2025-02-04T14:38:58.860+0000] {processor.py:925} INFO - DAG(s) 'tutorial' retrieved from /home/airflow/.local/lib/python3.12/site-packages/airflow/example_dags/tutorial.py
[2025-02-04T14:38:58.901+0000] {logging_mixin.py:190} INFO - [2025-02-04T14:38:58.900+0000] {dag.py:3239} INFO - Sync 1 DAGs
[2025-02-04T14:38:58.950+0000] {logging_mixin.py:190} INFO - [2025-02-04T14:38:58.950+0000] {dag.py:4180} INFO - Setting next_dagrun for tutorial to 2025-02-03 00:00:00+00:00, run_after=2025-02-04 00:00:00+00:00
[2025-02-04T14:38:58.988+0000] {processor.py:208} INFO - Processing /home/airflow/.local/lib/python3.12/site-packages/airflow/example_dags/tutorial.py took 0.164 seconds
[2025-02-04T14:39:29.222+0000] {processor.py:186} INFO - Started process (PID=903) to work on /home/airflow/.local/lib/python3.12/site-packages/airflow/example_dags/tutorial.py
[2025-02-04T14:39:29.223+0000] {processor.py:914} INFO - Processing file /home/airflow/.local/lib/python3.12/site-packages/airflow/example_dags/tutorial.py for tasks to queue
[2025-02-04T14:39:29.228+0000] {logging_mixin.py:190} INFO - [2025-02-04T14:39:29.228+0000] {dagbag.py:588} INFO - Filling up the DagBag from /home/airflow/.local/lib/python3.12/site-packages/airflow/example_dags/tutorial.py
[2025-02-04T14:39:29.251+0000] {processor.py:925} INFO - DAG(s) 'tutorial' retrieved from /home/airflow/.local/lib/python3.12/site-packages/airflow/example_dags/tutorial.py
[2025-02-04T14:39:29.307+0000] {logging_mixin.py:190} INFO - [2025-02-04T14:39:29.306+0000] {dag.py:3239} INFO - Sync 1 DAGs
[2025-02-04T14:39:29.436+0000] {logging_mixin.py:190} INFO - [2025-02-04T14:39:29.435+0000] {dag.py:4180} INFO - Setting next_dagrun for tutorial to 2025-02-03 00:00:00+00:00, run_after=2025-02-04 00:00:00+00:00
[2025-02-04T14:39:29.529+0000] {processor.py:208} INFO - Processing /home/airflow/.local/lib/python3.12/site-packages/airflow/example_dags/tutorial.py took 0.319 seconds
[2025-02-04T14:40:01.544+0000] {processor.py:186} INFO - Started process (PID=968) to work on /home/airflow/.local/lib/python3.12/site-packages/airflow/example_dags/tutorial.py
[2025-02-04T14:40:01.546+0000] {processor.py:914} INFO - Processing file /home/airflow/.local/lib/python3.12/site-packages/airflow/example_dags/tutorial.py for tasks to queue
[2025-02-04T14:40:01.551+0000] {logging_mixin.py:190} INFO - [2025-02-04T14:40:01.550+0000] {dagbag.py:588} INFO - Filling up the DagBag from /home/airflow/.local/lib/python3.12/site-packages/airflow/example_dags/tutorial.py
[2025-02-04T14:40:01.568+0000] {processor.py:925} INFO - DAG(s) 'tutorial' retrieved from /home/airflow/.local/lib/python3.12/site-packages/airflow/example_dags/tutorial.py
[2025-02-04T14:40:01.617+0000] {logging_mixin.py:190} INFO - [2025-02-04T14:40:01.616+0000] {dag.py:3239} INFO - Sync 1 DAGs
[2025-02-04T14:40:01.702+0000] {logging_mixin.py:190} INFO - [2025-02-04T14:40:01.701+0000] {dag.py:4180} INFO - Setting next_dagrun for tutorial to 2025-02-03 00:00:00+00:00, run_after=2025-02-04 00:00:00+00:00
[2025-02-04T14:40:01.780+0000] {processor.py:208} INFO - Processing /home/airflow/.local/lib/python3.12/site-packages/airflow/example_dags/tutorial.py took 0.247 seconds
[2025-02-04T14:40:34.812+0000] {processor.py:186} INFO - Started process (PID=1035) to work on /home/airflow/.local/lib/python3.12/site-packages/airflow/example_dags/tutorial.py
[2025-02-04T14:40:34.814+0000] {processor.py:914} INFO - Processing file /home/airflow/.local/lib/python3.12/site-packages/airflow/example_dags/tutorial.py for tasks to queue
[2025-02-04T14:40:34.818+0000] {logging_mixin.py:190} INFO - [2025-02-04T14:40:34.817+0000] {dagbag.py:588} INFO - Filling up the DagBag from /home/airflow/.local/lib/python3.12/site-packages/airflow/example_dags/tutorial.py
[2025-02-04T14:40:34.832+0000] {processor.py:925} INFO - DAG(s) 'tutorial' retrieved from /home/airflow/.local/lib/python3.12/site-packages/airflow/example_dags/tutorial.py
[2025-02-04T14:40:34.869+0000] {logging_mixin.py:190} INFO - [2025-02-04T14:40:34.868+0000] {dag.py:3239} INFO - Sync 1 DAGs
[2025-02-04T14:40:34.906+0000] {logging_mixin.py:190} INFO - [2025-02-04T14:40:34.906+0000] {dag.py:4180} INFO - Setting next_dagrun for tutorial to 2025-02-03 00:00:00+00:00, run_after=2025-02-04 00:00:00+00:00
[2025-02-04T14:40:34.946+0000] {processor.py:208} INFO - Processing /home/airflow/.local/lib/python3.12/site-packages/airflow/example_dags/tutorial.py took 0.146 seconds
[2025-02-04T14:41:05.885+0000] {processor.py:186} INFO - Started process (PID=1099) to work on /home/airflow/.local/lib/python3.12/site-packages/airflow/example_dags/tutorial.py
[2025-02-04T14:41:05.890+0000] {processor.py:914} INFO - Processing file /home/airflow/.local/lib/python3.12/site-packages/airflow/example_dags/tutorial.py for tasks to queue
[2025-02-04T14:41:05.896+0000] {logging_mixin.py:190} INFO - [2025-02-04T14:41:05.895+0000] {dagbag.py:588} INFO - Filling up the DagBag from /home/airflow/.local/lib/python3.12/site-packages/airflow/example_dags/tutorial.py
[2025-02-04T14:41:05.924+0000] {processor.py:925} INFO - DAG(s) 'tutorial' retrieved from /home/airflow/.local/lib/python3.12/site-packages/airflow/example_dags/tutorial.py
[2025-02-04T14:41:05.970+0000] {logging_mixin.py:190} INFO - [2025-02-04T14:41:05.970+0000] {dag.py:3239} INFO - Sync 1 DAGs
[2025-02-04T14:41:06.017+0000] {logging_mixin.py:190} INFO - [2025-02-04T14:41:06.016+0000] {dag.py:4180} INFO - Setting next_dagrun for tutorial to 2025-02-03 00:00:00+00:00, run_after=2025-02-04 00:00:00+00:00
[2025-02-04T14:41:06.052+0000] {processor.py:208} INFO - Processing /home/airflow/.local/lib/python3.12/site-packages/airflow/example_dags/tutorial.py took 0.191 seconds
[2025-02-04T14:41:39.226+0000] {processor.py:186} INFO - Started process (PID=1163) to work on /home/airflow/.local/lib/python3.12/site-packages/airflow/example_dags/tutorial.py
[2025-02-04T14:41:39.228+0000] {processor.py:914} INFO - Processing file /home/airflow/.local/lib/python3.12/site-packages/airflow/example_dags/tutorial.py for tasks to queue
[2025-02-04T14:41:39.233+0000] {logging_mixin.py:190} INFO - [2025-02-04T14:41:39.232+0000] {dagbag.py:588} INFO - Filling up the DagBag from /home/airflow/.local/lib/python3.12/site-packages/airflow/example_dags/tutorial.py
[2025-02-04T14:41:39.252+0000] {processor.py:925} INFO - DAG(s) 'tutorial' retrieved from /home/airflow/.local/lib/python3.12/site-packages/airflow/example_dags/tutorial.py
[2025-02-04T14:41:39.296+0000] {logging_mixin.py:190} INFO - [2025-02-04T14:41:39.296+0000] {dag.py:3239} INFO - Sync 1 DAGs
[2025-02-04T14:41:39.375+0000] {logging_mixin.py:190} INFO - [2025-02-04T14:41:39.374+0000] {dag.py:4180} INFO - Setting next_dagrun for tutorial to 2025-02-03 00:00:00+00:00, run_after=2025-02-04 00:00:00+00:00
[2025-02-04T14:41:39.494+0000] {processor.py:208} INFO - Processing /home/airflow/.local/lib/python3.12/site-packages/airflow/example_dags/tutorial.py took 0.278 seconds
[2025-02-04T14:42:09.722+0000] {processor.py:186} INFO - Started process (PID=1227) to work on /home/airflow/.local/lib/python3.12/site-packages/airflow/example_dags/tutorial.py
[2025-02-04T14:42:09.724+0000] {processor.py:914} INFO - Processing file /home/airflow/.local/lib/python3.12/site-packages/airflow/example_dags/tutorial.py for tasks to queue
[2025-02-04T14:42:09.728+0000] {logging_mixin.py:190} INFO - [2025-02-04T14:42:09.727+0000] {dagbag.py:588} INFO - Filling up the DagBag from /home/airflow/.local/lib/python3.12/site-packages/airflow/example_dags/tutorial.py
[2025-02-04T14:42:09.742+0000] {processor.py:925} INFO - DAG(s) 'tutorial' retrieved from /home/airflow/.local/lib/python3.12/site-packages/airflow/example_dags/tutorial.py
[2025-02-04T14:42:09.785+0000] {logging_mixin.py:190} INFO - [2025-02-04T14:42:09.784+0000] {dag.py:3239} INFO - Sync 1 DAGs
[2025-02-04T14:42:09.899+0000] {logging_mixin.py:190} INFO - [2025-02-04T14:42:09.898+0000] {dag.py:4180} INFO - Setting next_dagrun for tutorial to 2025-02-03 00:00:00+00:00, run_after=2025-02-04 00:00:00+00:00
[2025-02-04T14:42:09.983+0000] {processor.py:208} INFO - Processing /home/airflow/.local/lib/python3.12/site-packages/airflow/example_dags/tutorial.py took 0.269 seconds
[2025-02-04T14:42:41.000+0000] {processor.py:186} INFO - Started process (PID=1290) to work on /home/airflow/.local/lib/python3.12/site-packages/airflow/example_dags/tutorial.py
[2025-02-04T14:42:41.010+0000] {processor.py:914} INFO - Processing file /home/airflow/.local/lib/python3.12/site-packages/airflow/example_dags/tutorial.py for tasks to queue
[2025-02-04T14:42:41.015+0000] {logging_mixin.py:190} INFO - [2025-02-04T14:42:41.015+0000] {dagbag.py:588} INFO - Filling up the DagBag from /home/airflow/.local/lib/python3.12/site-packages/airflow/example_dags/tutorial.py
[2025-02-04T14:42:41.038+0000] {processor.py:925} INFO - DAG(s) 'tutorial' retrieved from /home/airflow/.local/lib/python3.12/site-packages/airflow/example_dags/tutorial.py
[2025-02-04T14:42:41.087+0000] {logging_mixin.py:190} INFO - [2025-02-04T14:42:41.087+0000] {dag.py:3239} INFO - Sync 1 DAGs
[2025-02-04T14:42:41.158+0000] {logging_mixin.py:190} INFO - [2025-02-04T14:42:41.157+0000] {dag.py:4180} INFO - Setting next_dagrun for tutorial to 2025-02-03 00:00:00+00:00, run_after=2025-02-04 00:00:00+00:00
[2025-02-04T14:42:41.202+0000] {processor.py:208} INFO - Processing /home/airflow/.local/lib/python3.12/site-packages/airflow/example_dags/tutorial.py took 0.217 seconds
[2025-02-04T14:43:12.522+0000] {processor.py:186} INFO - Started process (PID=1354) to work on /home/airflow/.local/lib/python3.12/site-packages/airflow/example_dags/tutorial.py
[2025-02-04T14:43:12.523+0000] {processor.py:914} INFO - Processing file /home/airflow/.local/lib/python3.12/site-packages/airflow/example_dags/tutorial.py for tasks to queue
[2025-02-04T14:43:12.527+0000] {logging_mixin.py:190} INFO - [2025-02-04T14:43:12.526+0000] {dagbag.py:588} INFO - Filling up the DagBag from /home/airflow/.local/lib/python3.12/site-packages/airflow/example_dags/tutorial.py
[2025-02-04T14:43:12.543+0000] {processor.py:925} INFO - DAG(s) 'tutorial' retrieved from /home/airflow/.local/lib/python3.12/site-packages/airflow/example_dags/tutorial.py
[2025-02-04T14:43:12.574+0000] {logging_mixin.py:190} INFO - [2025-02-04T14:43:12.573+0000] {dag.py:3239} INFO - Sync 1 DAGs
[2025-02-04T14:43:12.617+0000] {logging_mixin.py:190} INFO - [2025-02-04T14:43:12.617+0000] {dag.py:4180} INFO - Setting next_dagrun for tutorial to 2025-02-03 00:00:00+00:00, run_after=2025-02-04 00:00:00+00:00
[2025-02-04T14:43:12.649+0000] {processor.py:208} INFO - Processing /home/airflow/.local/lib/python3.12/site-packages/airflow/example_dags/tutorial.py took 0.136 seconds
[2025-02-04T14:43:43.218+0000] {processor.py:186} INFO - Started process (PID=1418) to work on /home/airflow/.local/lib/python3.12/site-packages/airflow/example_dags/tutorial.py
[2025-02-04T14:43:43.219+0000] {processor.py:914} INFO - Processing file /home/airflow/.local/lib/python3.12/site-packages/airflow/example_dags/tutorial.py for tasks to queue
[2025-02-04T14:43:43.224+0000] {logging_mixin.py:190} INFO - [2025-02-04T14:43:43.223+0000] {dagbag.py:588} INFO - Filling up the DagBag from /home/airflow/.local/lib/python3.12/site-packages/airflow/example_dags/tutorial.py
[2025-02-04T14:43:43.237+0000] {processor.py:925} INFO - DAG(s) 'tutorial' retrieved from /home/airflow/.local/lib/python3.12/site-packages/airflow/example_dags/tutorial.py
[2025-02-04T14:43:43.270+0000] {logging_mixin.py:190} INFO - [2025-02-04T14:43:43.269+0000] {dag.py:3239} INFO - Sync 1 DAGs
[2025-02-04T14:43:43.313+0000] {logging_mixin.py:190} INFO - [2025-02-04T14:43:43.313+0000] {dag.py:4180} INFO - Setting next_dagrun for tutorial to 2025-02-03 00:00:00+00:00, run_after=2025-02-04 00:00:00+00:00
[2025-02-04T14:43:43.341+0000] {processor.py:208} INFO - Processing /home/airflow/.local/lib/python3.12/site-packages/airflow/example_dags/tutorial.py took 0.132 seconds
[2025-02-04T14:44:13.455+0000] {processor.py:186} INFO - Started process (PID=1481) to work on /home/airflow/.local/lib/python3.12/site-packages/airflow/example_dags/tutorial.py
[2025-02-04T14:44:13.456+0000] {processor.py:914} INFO - Processing file /home/airflow/.local/lib/python3.12/site-packages/airflow/example_dags/tutorial.py for tasks to queue
[2025-02-04T14:44:13.460+0000] {logging_mixin.py:190} INFO - [2025-02-04T14:44:13.459+0000] {dagbag.py:588} INFO - Filling up the DagBag from /home/airflow/.local/lib/python3.12/site-packages/airflow/example_dags/tutorial.py
[2025-02-04T14:44:13.471+0000] {processor.py:925} INFO - DAG(s) 'tutorial' retrieved from /home/airflow/.local/lib/python3.12/site-packages/airflow/example_dags/tutorial.py
[2025-02-04T14:44:13.499+0000] {logging_mixin.py:190} INFO - [2025-02-04T14:44:13.499+0000] {dag.py:3239} INFO - Sync 1 DAGs
[2025-02-04T14:44:13.530+0000] {logging_mixin.py:190} INFO - [2025-02-04T14:44:13.530+0000] {dag.py:4180} INFO - Setting next_dagrun for tutorial to 2025-02-03 00:00:00+00:00, run_after=2025-02-04 00:00:00+00:00
[2025-02-04T14:44:13.556+0000] {processor.py:208} INFO - Processing /home/airflow/.local/lib/python3.12/site-packages/airflow/example_dags/tutorial.py took 0.112 seconds
[2025-02-04T14:44:44.214+0000] {processor.py:186} INFO - Started process (PID=1545) to work on /home/airflow/.local/lib/python3.12/site-packages/airflow/example_dags/tutorial.py
[2025-02-04T14:44:44.216+0000] {processor.py:914} INFO - Processing file /home/airflow/.local/lib/python3.12/site-packages/airflow/example_dags/tutorial.py for tasks to queue
[2025-02-04T14:44:44.221+0000] {logging_mixin.py:190} INFO - [2025-02-04T14:44:44.220+0000] {dagbag.py:588} INFO - Filling up the DagBag from /home/airflow/.local/lib/python3.12/site-packages/airflow/example_dags/tutorial.py
[2025-02-04T14:44:44.278+0000] {processor.py:925} INFO - DAG(s) 'tutorial' retrieved from /home/airflow/.local/lib/python3.12/site-packages/airflow/example_dags/tutorial.py
[2025-02-04T14:44:44.340+0000] {logging_mixin.py:190} INFO - [2025-02-04T14:44:44.339+0000] {dag.py:3239} INFO - Sync 1 DAGs
[2025-02-04T14:44:44.385+0000] {logging_mixin.py:190} INFO - [2025-02-04T14:44:44.384+0000] {dag.py:4180} INFO - Setting next_dagrun for tutorial to 2025-02-03 00:00:00+00:00, run_after=2025-02-04 00:00:00+00:00
[2025-02-04T14:44:44.423+0000] {processor.py:208} INFO - Processing /home/airflow/.local/lib/python3.12/site-packages/airflow/example_dags/tutorial.py took 0.221 seconds
[2025-02-04T14:45:14.634+0000] {processor.py:186} INFO - Started process (PID=1609) to work on /home/airflow/.local/lib/python3.12/site-packages/airflow/example_dags/tutorial.py
[2025-02-04T14:45:14.635+0000] {processor.py:914} INFO - Processing file /home/airflow/.local/lib/python3.12/site-packages/airflow/example_dags/tutorial.py for tasks to queue
[2025-02-04T14:45:14.638+0000] {logging_mixin.py:190} INFO - [2025-02-04T14:45:14.638+0000] {dagbag.py:588} INFO - Filling up the DagBag from /home/airflow/.local/lib/python3.12/site-packages/airflow/example_dags/tutorial.py
[2025-02-04T14:45:14.650+0000] {processor.py:925} INFO - DAG(s) 'tutorial' retrieved from /home/airflow/.local/lib/python3.12/site-packages/airflow/example_dags/tutorial.py
[2025-02-04T14:45:14.680+0000] {logging_mixin.py:190} INFO - [2025-02-04T14:45:14.680+0000] {dag.py:3239} INFO - Sync 1 DAGs
[2025-02-04T14:45:14.713+0000] {logging_mixin.py:190} INFO - [2025-02-04T14:45:14.713+0000] {dag.py:4180} INFO - Setting next_dagrun for tutorial to 2025-02-03 00:00:00+00:00, run_after=2025-02-04 00:00:00+00:00
[2025-02-04T14:45:14.754+0000] {processor.py:208} INFO - Processing /home/airflow/.local/lib/python3.12/site-packages/airflow/example_dags/tutorial.py took 0.129 seconds
[2025-02-04T14:45:46.215+0000] {processor.py:186} INFO - Started process (PID=1673) to work on /home/airflow/.local/lib/python3.12/site-packages/airflow/example_dags/tutorial.py
[2025-02-04T14:45:46.217+0000] {processor.py:914} INFO - Processing file /home/airflow/.local/lib/python3.12/site-packages/airflow/example_dags/tutorial.py for tasks to queue
[2025-02-04T14:45:46.225+0000] {logging_mixin.py:190} INFO - [2025-02-04T14:45:46.224+0000] {dagbag.py:588} INFO - Filling up the DagBag from /home/airflow/.local/lib/python3.12/site-packages/airflow/example_dags/tutorial.py
[2025-02-04T14:45:46.251+0000] {processor.py:925} INFO - DAG(s) 'tutorial' retrieved from /home/airflow/.local/lib/python3.12/site-packages/airflow/example_dags/tutorial.py
[2025-02-04T14:45:46.365+0000] {logging_mixin.py:190} INFO - [2025-02-04T14:45:46.364+0000] {dag.py:3239} INFO - Sync 1 DAGs
[2025-02-04T14:45:46.427+0000] {logging_mixin.py:190} INFO - [2025-02-04T14:45:46.427+0000] {dag.py:4180} INFO - Setting next_dagrun for tutorial to 2025-02-03 00:00:00+00:00, run_after=2025-02-04 00:00:00+00:00
[2025-02-04T14:45:46.471+0000] {processor.py:208} INFO - Processing /home/airflow/.local/lib/python3.12/site-packages/airflow/example_dags/tutorial.py took 0.274 seconds
[2025-02-04T14:46:17.034+0000] {processor.py:186} INFO - Started process (PID=1736) to work on /home/airflow/.local/lib/python3.12/site-packages/airflow/example_dags/tutorial.py
[2025-02-04T14:46:17.058+0000] {processor.py:914} INFO - Processing file /home/airflow/.local/lib/python3.12/site-packages/airflow/example_dags/tutorial.py for tasks to queue
[2025-02-04T14:46:17.081+0000] {logging_mixin.py:190} INFO - [2025-02-04T14:46:17.080+0000] {dagbag.py:588} INFO - Filling up the DagBag from /home/airflow/.local/lib/python3.12/site-packages/airflow/example_dags/tutorial.py
[2025-02-04T14:46:17.196+0000] {processor.py:925} INFO - DAG(s) 'tutorial' retrieved from /home/airflow/.local/lib/python3.12/site-packages/airflow/example_dags/tutorial.py
[2025-02-04T14:46:17.968+0000] {logging_mixin.py:190} INFO - [2025-02-04T14:46:17.967+0000] {dag.py:3239} INFO - Sync 1 DAGs
[2025-02-04T14:46:24.975+0000] {logging_mixin.py:190} INFO - [2025-02-04T14:46:24.964+0000] {process_utils.py:266} INFO - Waiting up to 5 seconds for processes to exit...
[2025-02-04T14:49:26.705+0000] {processor.py:186} INFO - Started process (PID=114) to work on /home/airflow/.local/lib/python3.12/site-packages/airflow/example_dags/tutorial.py
[2025-02-04T14:49:26.709+0000] {processor.py:914} INFO - Processing file /home/airflow/.local/lib/python3.12/site-packages/airflow/example_dags/tutorial.py for tasks to queue
[2025-02-04T14:49:26.714+0000] {logging_mixin.py:190} INFO - [2025-02-04T14:49:26.714+0000] {dagbag.py:588} INFO - Filling up the DagBag from /home/airflow/.local/lib/python3.12/site-packages/airflow/example_dags/tutorial.py
[2025-02-04T14:49:26.732+0000] {processor.py:925} INFO - DAG(s) 'tutorial' retrieved from /home/airflow/.local/lib/python3.12/site-packages/airflow/example_dags/tutorial.py
[2025-02-04T14:49:26.784+0000] {logging_mixin.py:190} INFO - [2025-02-04T14:49:26.783+0000] {dag.py:3239} INFO - Sync 1 DAGs
[2025-02-04T14:49:26.840+0000] {logging_mixin.py:190} INFO - [2025-02-04T14:49:26.840+0000] {dag.py:4180} INFO - Setting next_dagrun for tutorial to 2025-02-03 00:00:00+00:00, run_after=2025-02-04 00:00:00+00:00
[2025-02-04T14:49:26.879+0000] {processor.py:208} INFO - Processing /home/airflow/.local/lib/python3.12/site-packages/airflow/example_dags/tutorial.py took 0.187 seconds
[2025-02-04T14:49:58.194+0000] {processor.py:186} INFO - Started process (PID=179) to work on /home/airflow/.local/lib/python3.12/site-packages/airflow/example_dags/tutorial.py
[2025-02-04T14:49:58.196+0000] {processor.py:914} INFO - Processing file /home/airflow/.local/lib/python3.12/site-packages/airflow/example_dags/tutorial.py for tasks to queue
[2025-02-04T14:49:58.201+0000] {logging_mixin.py:190} INFO - [2025-02-04T14:49:58.200+0000] {dagbag.py:588} INFO - Filling up the DagBag from /home/airflow/.local/lib/python3.12/site-packages/airflow/example_dags/tutorial.py
[2025-02-04T14:49:58.214+0000] {processor.py:925} INFO - DAG(s) 'tutorial' retrieved from /home/airflow/.local/lib/python3.12/site-packages/airflow/example_dags/tutorial.py
[2025-02-04T14:49:58.244+0000] {logging_mixin.py:190} INFO - [2025-02-04T14:49:58.243+0000] {dag.py:3239} INFO - Sync 1 DAGs
[2025-02-04T14:49:58.281+0000] {logging_mixin.py:190} INFO - [2025-02-04T14:49:58.281+0000] {dag.py:4180} INFO - Setting next_dagrun for tutorial to 2025-02-03 00:00:00+00:00, run_after=2025-02-04 00:00:00+00:00
[2025-02-04T14:49:58.312+0000] {processor.py:208} INFO - Processing /home/airflow/.local/lib/python3.12/site-packages/airflow/example_dags/tutorial.py took 0.129 seconds
[2025-02-04T14:50:29.012+0000] {processor.py:186} INFO - Started process (PID=242) to work on /home/airflow/.local/lib/python3.12/site-packages/airflow/example_dags/tutorial.py
[2025-02-04T14:50:29.013+0000] {processor.py:914} INFO - Processing file /home/airflow/.local/lib/python3.12/site-packages/airflow/example_dags/tutorial.py for tasks to queue
[2025-02-04T14:50:29.017+0000] {logging_mixin.py:190} INFO - [2025-02-04T14:50:29.017+0000] {dagbag.py:588} INFO - Filling up the DagBag from /home/airflow/.local/lib/python3.12/site-packages/airflow/example_dags/tutorial.py
[2025-02-04T14:50:29.030+0000] {processor.py:925} INFO - DAG(s) 'tutorial' retrieved from /home/airflow/.local/lib/python3.12/site-packages/airflow/example_dags/tutorial.py
[2025-02-04T14:50:29.074+0000] {logging_mixin.py:190} INFO - [2025-02-04T14:50:29.073+0000] {dag.py:3239} INFO - Sync 1 DAGs
[2025-02-04T14:50:29.140+0000] {logging_mixin.py:190} INFO - [2025-02-04T14:50:29.139+0000] {dag.py:4180} INFO - Setting next_dagrun for tutorial to 2025-02-03 00:00:00+00:00, run_after=2025-02-04 00:00:00+00:00
[2025-02-04T14:50:29.199+0000] {processor.py:208} INFO - Processing /home/airflow/.local/lib/python3.12/site-packages/airflow/example_dags/tutorial.py took 0.198 seconds
[2025-02-04T14:51:04.914+0000] {processor.py:186} INFO - Started process (PID=307) to work on /home/airflow/.local/lib/python3.12/site-packages/airflow/example_dags/tutorial.py
[2025-02-04T14:51:04.916+0000] {processor.py:914} INFO - Processing file /home/airflow/.local/lib/python3.12/site-packages/airflow/example_dags/tutorial.py for tasks to queue
[2025-02-04T14:51:04.921+0000] {logging_mixin.py:190} INFO - [2025-02-04T14:51:04.920+0000] {dagbag.py:588} INFO - Filling up the DagBag from /home/airflow/.local/lib/python3.12/site-packages/airflow/example_dags/tutorial.py
[2025-02-04T14:51:04.940+0000] {processor.py:925} INFO - DAG(s) 'tutorial' retrieved from /home/airflow/.local/lib/python3.12/site-packages/airflow/example_dags/tutorial.py
[2025-02-04T14:51:04.995+0000] {logging_mixin.py:190} INFO - [2025-02-04T14:51:04.994+0000] {dag.py:3239} INFO - Sync 1 DAGs
[2025-02-04T14:51:05.067+0000] {logging_mixin.py:190} INFO - [2025-02-04T14:51:05.066+0000] {dag.py:4180} INFO - Setting next_dagrun for tutorial to 2025-02-03 00:00:00+00:00, run_after=2025-02-04 00:00:00+00:00
[2025-02-04T14:51:05.136+0000] {processor.py:208} INFO - Processing /home/airflow/.local/lib/python3.12/site-packages/airflow/example_dags/tutorial.py took 0.238 seconds
[2025-02-04T14:51:36.824+0000] {processor.py:186} INFO - Started process (PID=370) to work on /home/airflow/.local/lib/python3.12/site-packages/airflow/example_dags/tutorial.py
[2025-02-04T14:51:36.827+0000] {processor.py:914} INFO - Processing file /home/airflow/.local/lib/python3.12/site-packages/airflow/example_dags/tutorial.py for tasks to queue
[2025-02-04T14:51:36.832+0000] {logging_mixin.py:190} INFO - [2025-02-04T14:51:36.831+0000] {dagbag.py:588} INFO - Filling up the DagBag from /home/airflow/.local/lib/python3.12/site-packages/airflow/example_dags/tutorial.py
[2025-02-04T14:51:36.859+0000] {processor.py:925} INFO - DAG(s) 'tutorial' retrieved from /home/airflow/.local/lib/python3.12/site-packages/airflow/example_dags/tutorial.py
[2025-02-04T14:51:36.935+0000] {logging_mixin.py:190} INFO - [2025-02-04T14:51:36.935+0000] {dag.py:3239} INFO - Sync 1 DAGs
[2025-02-04T14:51:37.022+0000] {logging_mixin.py:190} INFO - [2025-02-04T14:51:37.021+0000] {dag.py:4180} INFO - Setting next_dagrun for tutorial to 2025-02-03 00:00:00+00:00, run_after=2025-02-04 00:00:00+00:00
[2025-02-04T14:51:37.123+0000] {processor.py:208} INFO - Processing /home/airflow/.local/lib/python3.12/site-packages/airflow/example_dags/tutorial.py took 0.319 seconds
[2025-02-04T14:52:41.230+0000] {processor.py:186} INFO - Started process (PID=443) to work on /home/airflow/.local/lib/python3.12/site-packages/airflow/example_dags/tutorial.py
[2025-02-04T14:52:41.233+0000] {processor.py:914} INFO - Processing file /home/airflow/.local/lib/python3.12/site-packages/airflow/example_dags/tutorial.py for tasks to queue
[2025-02-04T14:52:41.238+0000] {logging_mixin.py:190} INFO - [2025-02-04T14:52:41.237+0000] {dagbag.py:588} INFO - Filling up the DagBag from /home/airflow/.local/lib/python3.12/site-packages/airflow/example_dags/tutorial.py
[2025-02-04T14:52:41.256+0000] {processor.py:925} INFO - DAG(s) 'tutorial' retrieved from /home/airflow/.local/lib/python3.12/site-packages/airflow/example_dags/tutorial.py
[2025-02-04T14:52:41.314+0000] {logging_mixin.py:190} INFO - [2025-02-04T14:52:41.313+0000] {dag.py:3239} INFO - Sync 1 DAGs
[2025-02-04T14:52:41.372+0000] {logging_mixin.py:190} INFO - [2025-02-04T14:52:41.371+0000] {dag.py:4180} INFO - Setting next_dagrun for tutorial to 2025-02-03 00:00:00+00:00, run_after=2025-02-04 00:00:00+00:00
[2025-02-04T14:52:41.412+0000] {processor.py:208} INFO - Processing /home/airflow/.local/lib/python3.12/site-packages/airflow/example_dags/tutorial.py took 0.196 seconds
[2025-02-04T14:53:11.487+0000] {processor.py:186} INFO - Started process (PID=511) to work on /home/airflow/.local/lib/python3.12/site-packages/airflow/example_dags/tutorial.py
[2025-02-04T14:53:11.489+0000] {processor.py:914} INFO - Processing file /home/airflow/.local/lib/python3.12/site-packages/airflow/example_dags/tutorial.py for tasks to queue
[2025-02-04T14:53:11.493+0000] {logging_mixin.py:190} INFO - [2025-02-04T14:53:11.492+0000] {dagbag.py:588} INFO - Filling up the DagBag from /home/airflow/.local/lib/python3.12/site-packages/airflow/example_dags/tutorial.py
[2025-02-04T14:53:11.507+0000] {processor.py:925} INFO - DAG(s) 'tutorial' retrieved from /home/airflow/.local/lib/python3.12/site-packages/airflow/example_dags/tutorial.py
[2025-02-04T14:53:11.540+0000] {logging_mixin.py:190} INFO - [2025-02-04T14:53:11.539+0000] {dag.py:3239} INFO - Sync 1 DAGs
[2025-02-04T14:53:11.579+0000] {logging_mixin.py:190} INFO - [2025-02-04T14:53:11.578+0000] {dag.py:4180} INFO - Setting next_dagrun for tutorial to 2025-02-03 00:00:00+00:00, run_after=2025-02-04 00:00:00+00:00
[2025-02-04T14:53:11.610+0000] {processor.py:208} INFO - Processing /home/airflow/.local/lib/python3.12/site-packages/airflow/example_dags/tutorial.py took 0.134 seconds
[2025-02-04T14:53:42.833+0000] {processor.py:186} INFO - Started process (PID=577) to work on /home/airflow/.local/lib/python3.12/site-packages/airflow/example_dags/tutorial.py
[2025-02-04T14:53:42.839+0000] {processor.py:914} INFO - Processing file /home/airflow/.local/lib/python3.12/site-packages/airflow/example_dags/tutorial.py for tasks to queue
[2025-02-04T14:53:42.845+0000] {logging_mixin.py:190} INFO - [2025-02-04T14:53:42.844+0000] {dagbag.py:588} INFO - Filling up the DagBag from /home/airflow/.local/lib/python3.12/site-packages/airflow/example_dags/tutorial.py
[2025-02-04T14:53:42.872+0000] {processor.py:925} INFO - DAG(s) 'tutorial' retrieved from /home/airflow/.local/lib/python3.12/site-packages/airflow/example_dags/tutorial.py
[2025-02-04T14:53:42.955+0000] {logging_mixin.py:190} INFO - [2025-02-04T14:53:42.954+0000] {dag.py:3239} INFO - Sync 1 DAGs
[2025-02-04T14:53:43.058+0000] {logging_mixin.py:190} INFO - [2025-02-04T14:53:43.057+0000] {dag.py:4180} INFO - Setting next_dagrun for tutorial to 2025-02-03 00:00:00+00:00, run_after=2025-02-04 00:00:00+00:00
[2025-02-04T14:53:43.234+0000] {processor.py:208} INFO - Processing /home/airflow/.local/lib/python3.12/site-packages/airflow/example_dags/tutorial.py took 0.419 seconds
[2025-02-04T14:54:14.058+0000] {processor.py:186} INFO - Started process (PID=643) to work on /home/airflow/.local/lib/python3.12/site-packages/airflow/example_dags/tutorial.py
[2025-02-04T14:54:14.060+0000] {processor.py:914} INFO - Processing file /home/airflow/.local/lib/python3.12/site-packages/airflow/example_dags/tutorial.py for tasks to queue
[2025-02-04T14:54:14.064+0000] {logging_mixin.py:190} INFO - [2025-02-04T14:54:14.064+0000] {dagbag.py:588} INFO - Filling up the DagBag from /home/airflow/.local/lib/python3.12/site-packages/airflow/example_dags/tutorial.py
[2025-02-04T14:54:14.079+0000] {processor.py:925} INFO - DAG(s) 'tutorial' retrieved from /home/airflow/.local/lib/python3.12/site-packages/airflow/example_dags/tutorial.py
[2025-02-04T14:54:14.126+0000] {logging_mixin.py:190} INFO - [2025-02-04T14:54:14.125+0000] {dag.py:3239} INFO - Sync 1 DAGs
[2025-02-04T14:54:14.218+0000] {logging_mixin.py:190} INFO - [2025-02-04T14:54:14.217+0000] {dag.py:4180} INFO - Setting next_dagrun for tutorial to 2025-02-03 00:00:00+00:00, run_after=2025-02-04 00:00:00+00:00
[2025-02-04T14:54:14.285+0000] {processor.py:208} INFO - Processing /home/airflow/.local/lib/python3.12/site-packages/airflow/example_dags/tutorial.py took 0.239 seconds
[2025-02-04T14:54:44.425+0000] {processor.py:186} INFO - Started process (PID=712) to work on /home/airflow/.local/lib/python3.12/site-packages/airflow/example_dags/tutorial.py
[2025-02-04T14:54:44.427+0000] {processor.py:914} INFO - Processing file /home/airflow/.local/lib/python3.12/site-packages/airflow/example_dags/tutorial.py for tasks to queue
[2025-02-04T14:54:44.431+0000] {logging_mixin.py:190} INFO - [2025-02-04T14:54:44.430+0000] {dagbag.py:588} INFO - Filling up the DagBag from /home/airflow/.local/lib/python3.12/site-packages/airflow/example_dags/tutorial.py
[2025-02-04T14:54:44.445+0000] {processor.py:925} INFO - DAG(s) 'tutorial' retrieved from /home/airflow/.local/lib/python3.12/site-packages/airflow/example_dags/tutorial.py
[2025-02-04T14:54:44.480+0000] {logging_mixin.py:190} INFO - [2025-02-04T14:54:44.479+0000] {dag.py:3239} INFO - Sync 1 DAGs
[2025-02-04T14:54:44.523+0000] {logging_mixin.py:190} INFO - [2025-02-04T14:54:44.523+0000] {dag.py:4180} INFO - Setting next_dagrun for tutorial to 2025-02-03 00:00:00+00:00, run_after=2025-02-04 00:00:00+00:00
[2025-02-04T14:54:44.576+0000] {processor.py:208} INFO - Processing /home/airflow/.local/lib/python3.12/site-packages/airflow/example_dags/tutorial.py took 0.161 seconds
[2025-02-04T14:55:15.319+0000] {processor.py:186} INFO - Started process (PID=777) to work on /home/airflow/.local/lib/python3.12/site-packages/airflow/example_dags/tutorial.py
[2025-02-04T14:55:15.327+0000] {processor.py:914} INFO - Processing file /home/airflow/.local/lib/python3.12/site-packages/airflow/example_dags/tutorial.py for tasks to queue
[2025-02-04T14:55:15.333+0000] {logging_mixin.py:190} INFO - [2025-02-04T14:55:15.332+0000] {dagbag.py:588} INFO - Filling up the DagBag from /home/airflow/.local/lib/python3.12/site-packages/airflow/example_dags/tutorial.py
[2025-02-04T14:55:15.358+0000] {processor.py:925} INFO - DAG(s) 'tutorial' retrieved from /home/airflow/.local/lib/python3.12/site-packages/airflow/example_dags/tutorial.py
[2025-02-04T14:55:15.398+0000] {logging_mixin.py:190} INFO - [2025-02-04T14:55:15.397+0000] {dag.py:3239} INFO - Sync 1 DAGs
[2025-02-04T14:55:15.455+0000] {logging_mixin.py:190} INFO - [2025-02-04T14:55:15.455+0000] {dag.py:4180} INFO - Setting next_dagrun for tutorial to 2025-02-03 00:00:00+00:00, run_after=2025-02-04 00:00:00+00:00
[2025-02-04T14:55:15.510+0000] {processor.py:208} INFO - Processing /home/airflow/.local/lib/python3.12/site-packages/airflow/example_dags/tutorial.py took 0.207 seconds
[2025-02-04T14:55:51.362+0000] {processor.py:186} INFO - Started process (PID=844) to work on /home/airflow/.local/lib/python3.12/site-packages/airflow/example_dags/tutorial.py
[2025-02-04T14:55:51.376+0000] {processor.py:914} INFO - Processing file /home/airflow/.local/lib/python3.12/site-packages/airflow/example_dags/tutorial.py for tasks to queue
[2025-02-04T14:55:51.384+0000] {logging_mixin.py:190} INFO - [2025-02-04T14:55:51.383+0000] {dagbag.py:588} INFO - Filling up the DagBag from /home/airflow/.local/lib/python3.12/site-packages/airflow/example_dags/tutorial.py
[2025-02-04T14:55:51.609+0000] {processor.py:925} INFO - DAG(s) 'tutorial' retrieved from /home/airflow/.local/lib/python3.12/site-packages/airflow/example_dags/tutorial.py
[2025-02-04T14:55:51.860+0000] {logging_mixin.py:190} INFO - [2025-02-04T14:55:51.859+0000] {dag.py:3239} INFO - Sync 1 DAGs
[2025-02-04T14:55:52.147+0000] {logging_mixin.py:190} INFO - [2025-02-04T14:55:52.147+0000] {dag.py:4180} INFO - Setting next_dagrun for tutorial to 2025-02-03 00:00:00+00:00, run_after=2025-02-04 00:00:00+00:00
[2025-02-04T14:55:52.307+0000] {processor.py:208} INFO - Processing /home/airflow/.local/lib/python3.12/site-packages/airflow/example_dags/tutorial.py took 1.065 seconds
[2025-02-04T14:56:22.689+0000] {processor.py:186} INFO - Started process (PID=908) to work on /home/airflow/.local/lib/python3.12/site-packages/airflow/example_dags/tutorial.py
[2025-02-04T14:56:22.692+0000] {processor.py:914} INFO - Processing file /home/airflow/.local/lib/python3.12/site-packages/airflow/example_dags/tutorial.py for tasks to queue
[2025-02-04T14:56:22.697+0000] {logging_mixin.py:190} INFO - [2025-02-04T14:56:22.696+0000] {dagbag.py:588} INFO - Filling up the DagBag from /home/airflow/.local/lib/python3.12/site-packages/airflow/example_dags/tutorial.py
[2025-02-04T14:56:22.713+0000] {processor.py:925} INFO - DAG(s) 'tutorial' retrieved from /home/airflow/.local/lib/python3.12/site-packages/airflow/example_dags/tutorial.py
[2025-02-04T14:56:22.750+0000] {logging_mixin.py:190} INFO - [2025-02-04T14:56:22.750+0000] {dag.py:3239} INFO - Sync 1 DAGs
[2025-02-04T14:56:22.799+0000] {logging_mixin.py:190} INFO - [2025-02-04T14:56:22.799+0000] {dag.py:4180} INFO - Setting next_dagrun for tutorial to 2025-02-03 00:00:00+00:00, run_after=2025-02-04 00:00:00+00:00
[2025-02-04T14:56:22.827+0000] {processor.py:208} INFO - Processing /home/airflow/.local/lib/python3.12/site-packages/airflow/example_dags/tutorial.py took 0.148 seconds
[2025-02-04T14:56:54.677+0000] {processor.py:186} INFO - Started process (PID=972) to work on /home/airflow/.local/lib/python3.12/site-packages/airflow/example_dags/tutorial.py
[2025-02-04T14:56:54.680+0000] {processor.py:914} INFO - Processing file /home/airflow/.local/lib/python3.12/site-packages/airflow/example_dags/tutorial.py for tasks to queue
[2025-02-04T14:56:54.685+0000] {logging_mixin.py:190} INFO - [2025-02-04T14:56:54.684+0000] {dagbag.py:588} INFO - Filling up the DagBag from /home/airflow/.local/lib/python3.12/site-packages/airflow/example_dags/tutorial.py
[2025-02-04T14:56:54.704+0000] {processor.py:925} INFO - DAG(s) 'tutorial' retrieved from /home/airflow/.local/lib/python3.12/site-packages/airflow/example_dags/tutorial.py
[2025-02-04T14:56:54.749+0000] {logging_mixin.py:190} INFO - [2025-02-04T14:56:54.749+0000] {dag.py:3239} INFO - Sync 1 DAGs
[2025-02-04T14:56:54.805+0000] {logging_mixin.py:190} INFO - [2025-02-04T14:56:54.804+0000] {dag.py:4180} INFO - Setting next_dagrun for tutorial to 2025-02-03 00:00:00+00:00, run_after=2025-02-04 00:00:00+00:00
[2025-02-04T14:56:54.850+0000] {processor.py:208} INFO - Processing /home/airflow/.local/lib/python3.12/site-packages/airflow/example_dags/tutorial.py took 0.184 seconds
[2025-02-04T14:57:24.974+0000] {processor.py:186} INFO - Started process (PID=1036) to work on /home/airflow/.local/lib/python3.12/site-packages/airflow/example_dags/tutorial.py
[2025-02-04T14:57:24.976+0000] {processor.py:914} INFO - Processing file /home/airflow/.local/lib/python3.12/site-packages/airflow/example_dags/tutorial.py for tasks to queue
[2025-02-04T14:57:24.981+0000] {logging_mixin.py:190} INFO - [2025-02-04T14:57:24.981+0000] {dagbag.py:588} INFO - Filling up the DagBag from /home/airflow/.local/lib/python3.12/site-packages/airflow/example_dags/tutorial.py
[2025-02-04T14:57:24.995+0000] {processor.py:925} INFO - DAG(s) 'tutorial' retrieved from /home/airflow/.local/lib/python3.12/site-packages/airflow/example_dags/tutorial.py
[2025-02-04T14:57:25.032+0000] {logging_mixin.py:190} INFO - [2025-02-04T14:57:25.032+0000] {dag.py:3239} INFO - Sync 1 DAGs
[2025-02-04T14:57:25.072+0000] {logging_mixin.py:190} INFO - [2025-02-04T14:57:25.072+0000] {dag.py:4180} INFO - Setting next_dagrun for tutorial to 2025-02-03 00:00:00+00:00, run_after=2025-02-04 00:00:00+00:00
[2025-02-04T14:57:25.101+0000] {processor.py:208} INFO - Processing /home/airflow/.local/lib/python3.12/site-packages/airflow/example_dags/tutorial.py took 0.143 seconds
[2025-02-04T14:57:57.755+0000] {processor.py:186} INFO - Started process (PID=1100) to work on /home/airflow/.local/lib/python3.12/site-packages/airflow/example_dags/tutorial.py
[2025-02-04T14:57:57.757+0000] {processor.py:914} INFO - Processing file /home/airflow/.local/lib/python3.12/site-packages/airflow/example_dags/tutorial.py for tasks to queue
[2025-02-04T14:57:57.762+0000] {logging_mixin.py:190} INFO - [2025-02-04T14:57:57.761+0000] {dagbag.py:588} INFO - Filling up the DagBag from /home/airflow/.local/lib/python3.12/site-packages/airflow/example_dags/tutorial.py
[2025-02-04T14:57:57.777+0000] {processor.py:925} INFO - DAG(s) 'tutorial' retrieved from /home/airflow/.local/lib/python3.12/site-packages/airflow/example_dags/tutorial.py
[2025-02-04T14:57:57.815+0000] {logging_mixin.py:190} INFO - [2025-02-04T14:57:57.815+0000] {dag.py:3239} INFO - Sync 1 DAGs
[2025-02-04T14:57:57.864+0000] {logging_mixin.py:190} INFO - [2025-02-04T14:57:57.864+0000] {dag.py:4180} INFO - Setting next_dagrun for tutorial to 2025-02-03 00:00:00+00:00, run_after=2025-02-04 00:00:00+00:00
[2025-02-04T14:57:57.898+0000] {processor.py:208} INFO - Processing /home/airflow/.local/lib/python3.12/site-packages/airflow/example_dags/tutorial.py took 0.152 seconds
[2025-02-04T14:58:30.799+0000] {processor.py:186} INFO - Started process (PID=1165) to work on /home/airflow/.local/lib/python3.12/site-packages/airflow/example_dags/tutorial.py
[2025-02-04T14:58:30.804+0000] {processor.py:914} INFO - Processing file /home/airflow/.local/lib/python3.12/site-packages/airflow/example_dags/tutorial.py for tasks to queue
[2025-02-04T14:58:30.825+0000] {logging_mixin.py:190} INFO - [2025-02-04T14:58:30.824+0000] {dagbag.py:588} INFO - Filling up the DagBag from /home/airflow/.local/lib/python3.12/site-packages/airflow/example_dags/tutorial.py
[2025-02-04T14:58:30.896+0000] {processor.py:925} INFO - DAG(s) 'tutorial' retrieved from /home/airflow/.local/lib/python3.12/site-packages/airflow/example_dags/tutorial.py
[2025-02-04T14:58:30.965+0000] {logging_mixin.py:190} INFO - [2025-02-04T14:58:30.964+0000] {dag.py:3239} INFO - Sync 1 DAGs
[2025-02-04T14:58:31.018+0000] {logging_mixin.py:190} INFO - [2025-02-04T14:58:31.018+0000] {dag.py:4180} INFO - Setting next_dagrun for tutorial to 2025-02-03 00:00:00+00:00, run_after=2025-02-04 00:00:00+00:00
[2025-02-04T14:58:31.056+0000] {processor.py:208} INFO - Processing /home/airflow/.local/lib/python3.12/site-packages/airflow/example_dags/tutorial.py took 0.295 seconds
[2025-02-04T14:59:02.166+0000] {processor.py:186} INFO - Started process (PID=1230) to work on /home/airflow/.local/lib/python3.12/site-packages/airflow/example_dags/tutorial.py
[2025-02-04T14:59:02.168+0000] {processor.py:914} INFO - Processing file /home/airflow/.local/lib/python3.12/site-packages/airflow/example_dags/tutorial.py for tasks to queue
[2025-02-04T14:59:02.171+0000] {logging_mixin.py:190} INFO - [2025-02-04T14:59:02.171+0000] {dagbag.py:588} INFO - Filling up the DagBag from /home/airflow/.local/lib/python3.12/site-packages/airflow/example_dags/tutorial.py
[2025-02-04T14:59:02.184+0000] {processor.py:925} INFO - DAG(s) 'tutorial' retrieved from /home/airflow/.local/lib/python3.12/site-packages/airflow/example_dags/tutorial.py
[2025-02-04T14:59:02.216+0000] {logging_mixin.py:190} INFO - [2025-02-04T14:59:02.216+0000] {dag.py:3239} INFO - Sync 1 DAGs
[2025-02-04T14:59:02.264+0000] {logging_mixin.py:190} INFO - [2025-02-04T14:59:02.264+0000] {dag.py:4180} INFO - Setting next_dagrun for tutorial to 2025-02-03 00:00:00+00:00, run_after=2025-02-04 00:00:00+00:00
[2025-02-04T14:59:02.298+0000] {processor.py:208} INFO - Processing /home/airflow/.local/lib/python3.12/site-packages/airflow/example_dags/tutorial.py took 0.142 seconds
[2025-02-04T14:59:36.533+0000] {processor.py:186} INFO - Started process (PID=1294) to work on /home/airflow/.local/lib/python3.12/site-packages/airflow/example_dags/tutorial.py
[2025-02-04T14:59:36.535+0000] {processor.py:914} INFO - Processing file /home/airflow/.local/lib/python3.12/site-packages/airflow/example_dags/tutorial.py for tasks to queue
[2025-02-04T14:59:36.539+0000] {logging_mixin.py:190} INFO - [2025-02-04T14:59:36.539+0000] {dagbag.py:588} INFO - Filling up the DagBag from /home/airflow/.local/lib/python3.12/site-packages/airflow/example_dags/tutorial.py
[2025-02-04T14:59:36.562+0000] {processor.py:925} INFO - DAG(s) 'tutorial' retrieved from /home/airflow/.local/lib/python3.12/site-packages/airflow/example_dags/tutorial.py
[2025-02-04T14:59:36.612+0000] {logging_mixin.py:190} INFO - [2025-02-04T14:59:36.612+0000] {dag.py:3239} INFO - Sync 1 DAGs
[2025-02-04T14:59:36.674+0000] {logging_mixin.py:190} INFO - [2025-02-04T14:59:36.673+0000] {dag.py:4180} INFO - Setting next_dagrun for tutorial to 2025-02-03 00:00:00+00:00, run_after=2025-02-04 00:00:00+00:00
[2025-02-04T14:59:36.741+0000] {processor.py:208} INFO - Processing /home/airflow/.local/lib/python3.12/site-packages/airflow/example_dags/tutorial.py took 0.223 seconds
[2025-02-04T15:00:07.220+0000] {processor.py:186} INFO - Started process (PID=1358) to work on /home/airflow/.local/lib/python3.12/site-packages/airflow/example_dags/tutorial.py
[2025-02-04T15:00:07.221+0000] {processor.py:914} INFO - Processing file /home/airflow/.local/lib/python3.12/site-packages/airflow/example_dags/tutorial.py for tasks to queue
[2025-02-04T15:00:07.225+0000] {logging_mixin.py:190} INFO - [2025-02-04T15:00:07.224+0000] {dagbag.py:588} INFO - Filling up the DagBag from /home/airflow/.local/lib/python3.12/site-packages/airflow/example_dags/tutorial.py
[2025-02-04T15:00:07.239+0000] {processor.py:925} INFO - DAG(s) 'tutorial' retrieved from /home/airflow/.local/lib/python3.12/site-packages/airflow/example_dags/tutorial.py
[2025-02-04T15:00:07.272+0000] {logging_mixin.py:190} INFO - [2025-02-04T15:00:07.272+0000] {dag.py:3239} INFO - Sync 1 DAGs
[2025-02-04T15:00:07.308+0000] {logging_mixin.py:190} INFO - [2025-02-04T15:00:07.307+0000] {dag.py:4180} INFO - Setting next_dagrun for tutorial to 2025-02-03 00:00:00+00:00, run_after=2025-02-04 00:00:00+00:00
[2025-02-04T15:00:07.343+0000] {processor.py:208} INFO - Processing /home/airflow/.local/lib/python3.12/site-packages/airflow/example_dags/tutorial.py took 0.132 seconds
[2025-02-04T15:00:38.130+0000] {processor.py:186} INFO - Started process (PID=1422) to work on /home/airflow/.local/lib/python3.12/site-packages/airflow/example_dags/tutorial.py
[2025-02-04T15:00:38.132+0000] {processor.py:914} INFO - Processing file /home/airflow/.local/lib/python3.12/site-packages/airflow/example_dags/tutorial.py for tasks to queue
[2025-02-04T15:00:38.138+0000] {logging_mixin.py:190} INFO - [2025-02-04T15:00:38.137+0000] {dagbag.py:588} INFO - Filling up the DagBag from /home/airflow/.local/lib/python3.12/site-packages/airflow/example_dags/tutorial.py
[2025-02-04T15:00:38.153+0000] {processor.py:925} INFO - DAG(s) 'tutorial' retrieved from /home/airflow/.local/lib/python3.12/site-packages/airflow/example_dags/tutorial.py
[2025-02-04T15:00:38.186+0000] {logging_mixin.py:190} INFO - [2025-02-04T15:00:38.185+0000] {dag.py:3239} INFO - Sync 1 DAGs
[2025-02-04T15:00:38.233+0000] {logging_mixin.py:190} INFO - [2025-02-04T15:00:38.233+0000] {dag.py:4180} INFO - Setting next_dagrun for tutorial to 2025-02-03 00:00:00+00:00, run_after=2025-02-04 00:00:00+00:00
[2025-02-04T15:00:38.278+0000] {processor.py:208} INFO - Processing /home/airflow/.local/lib/python3.12/site-packages/airflow/example_dags/tutorial.py took 0.163 seconds
[2025-02-04T15:01:10.565+0000] {processor.py:186} INFO - Started process (PID=1487) to work on /home/airflow/.local/lib/python3.12/site-packages/airflow/example_dags/tutorial.py
[2025-02-04T15:01:10.567+0000] {processor.py:914} INFO - Processing file /home/airflow/.local/lib/python3.12/site-packages/airflow/example_dags/tutorial.py for tasks to queue
[2025-02-04T15:01:10.572+0000] {logging_mixin.py:190} INFO - [2025-02-04T15:01:10.570+0000] {dagbag.py:588} INFO - Filling up the DagBag from /home/airflow/.local/lib/python3.12/site-packages/airflow/example_dags/tutorial.py
[2025-02-04T15:01:10.585+0000] {processor.py:925} INFO - DAG(s) 'tutorial' retrieved from /home/airflow/.local/lib/python3.12/site-packages/airflow/example_dags/tutorial.py
[2025-02-04T15:01:10.622+0000] {logging_mixin.py:190} INFO - [2025-02-04T15:01:10.621+0000] {dag.py:3239} INFO - Sync 1 DAGs
[2025-02-04T15:01:10.664+0000] {logging_mixin.py:190} INFO - [2025-02-04T15:01:10.663+0000] {dag.py:4180} INFO - Setting next_dagrun for tutorial to 2025-02-03 00:00:00+00:00, run_after=2025-02-04 00:00:00+00:00
[2025-02-04T15:01:10.696+0000] {processor.py:208} INFO - Processing /home/airflow/.local/lib/python3.12/site-packages/airflow/example_dags/tutorial.py took 0.142 seconds
[2025-02-04T15:01:44.866+0000] {processor.py:186} INFO - Started process (PID=1551) to work on /home/airflow/.local/lib/python3.12/site-packages/airflow/example_dags/tutorial.py
[2025-02-04T15:01:44.868+0000] {processor.py:914} INFO - Processing file /home/airflow/.local/lib/python3.12/site-packages/airflow/example_dags/tutorial.py for tasks to queue
[2025-02-04T15:01:44.872+0000] {logging_mixin.py:190} INFO - [2025-02-04T15:01:44.871+0000] {dagbag.py:588} INFO - Filling up the DagBag from /home/airflow/.local/lib/python3.12/site-packages/airflow/example_dags/tutorial.py
[2025-02-04T15:01:44.890+0000] {processor.py:925} INFO - DAG(s) 'tutorial' retrieved from /home/airflow/.local/lib/python3.12/site-packages/airflow/example_dags/tutorial.py
[2025-02-04T15:01:44.950+0000] {logging_mixin.py:190} INFO - [2025-02-04T15:01:44.949+0000] {dag.py:3239} INFO - Sync 1 DAGs
[2025-02-04T15:01:45.084+0000] {logging_mixin.py:190} INFO - [2025-02-04T15:01:45.084+0000] {dag.py:4180} INFO - Setting next_dagrun for tutorial to 2025-02-03 00:00:00+00:00, run_after=2025-02-04 00:00:00+00:00
[2025-02-04T15:01:45.351+0000] {processor.py:208} INFO - Processing /home/airflow/.local/lib/python3.12/site-packages/airflow/example_dags/tutorial.py took 0.497 seconds
