[2025-02-04T14:08:05.611+0000] {processor.py:186} INFO - Started process (PID=134) to work on /home/airflow/.local/lib/python3.12/site-packages/airflow/example_dags/tutorial_dag.py
[2025-02-04T14:08:05.621+0000] {processor.py:914} INFO - Processing file /home/airflow/.local/lib/python3.12/site-packages/airflow/example_dags/tutorial_dag.py for tasks to queue
[2025-02-04T14:08:05.645+0000] {logging_mixin.py:190} INFO - [2025-02-04T14:08:05.636+0000] {dagbag.py:588} INFO - Filling up the DagBag from /home/airflow/.local/lib/python3.12/site-packages/airflow/example_dags/tutorial_dag.py
[2025-02-04T14:08:05.712+0000] {processor.py:925} INFO - DAG(s) 'tutorial_dag' retrieved from /home/airflow/.local/lib/python3.12/site-packages/airflow/example_dags/tutorial_dag.py
[2025-02-04T14:08:06.679+0000] {logging_mixin.py:190} INFO - [2025-02-04T14:08:06.677+0000] {override.py:1911} INFO - Created Permission View: can delete on DAG:tutorial_dag
[2025-02-04T14:08:06.828+0000] {logging_mixin.py:190} INFO - [2025-02-04T14:08:06.828+0000] {override.py:1911} INFO - Created Permission View: can read on DAG:tutorial_dag
[2025-02-04T14:08:07.031+0000] {logging_mixin.py:190} INFO - [2025-02-04T14:08:07.030+0000] {override.py:1911} INFO - Created Permission View: can edit on DAG:tutorial_dag
[2025-02-04T14:08:07.268+0000] {logging_mixin.py:190} INFO - [2025-02-04T14:08:07.267+0000] {override.py:1911} INFO - Created Permission View: can delete on DAG Run:tutorial_dag
[2025-02-04T14:08:07.437+0000] {logging_mixin.py:190} INFO - [2025-02-04T14:08:07.433+0000] {override.py:1911} INFO - Created Permission View: menu access on DAG Run:tutorial_dag
[2025-02-04T14:08:07.543+0000] {logging_mixin.py:190} INFO - [2025-02-04T14:08:07.543+0000] {override.py:1911} INFO - Created Permission View: can read on DAG Run:tutorial_dag
[2025-02-04T14:08:07.708+0000] {logging_mixin.py:190} INFO - [2025-02-04T14:08:07.707+0000] {override.py:1911} INFO - Created Permission View: can create on DAG Run:tutorial_dag
[2025-02-04T14:08:07.720+0000] {logging_mixin.py:190} INFO - [2025-02-04T14:08:07.719+0000] {dag.py:3239} INFO - Sync 1 DAGs
[2025-02-04T14:08:08.404+0000] {logging_mixin.py:190} INFO - [2025-02-04T14:08:08.403+0000] {dag.py:3262} INFO - Creating ORM DAG for tutorial_dag
[2025-02-04T14:08:08.419+0000] {logging_mixin.py:190} INFO - [2025-02-04T14:08:08.419+0000] {dag.py:4180} INFO - Setting next_dagrun for tutorial_dag to None, run_after=None
[2025-02-04T14:08:08.599+0000] {processor.py:208} INFO - Processing /home/airflow/.local/lib/python3.12/site-packages/airflow/example_dags/tutorial_dag.py took 3.027 seconds
[2025-02-04T14:08:38.720+0000] {processor.py:186} INFO - Started process (PID=198) to work on /home/airflow/.local/lib/python3.12/site-packages/airflow/example_dags/tutorial_dag.py
[2025-02-04T14:08:38.722+0000] {processor.py:914} INFO - Processing file /home/airflow/.local/lib/python3.12/site-packages/airflow/example_dags/tutorial_dag.py for tasks to queue
[2025-02-04T14:08:38.727+0000] {logging_mixin.py:190} INFO - [2025-02-04T14:08:38.726+0000] {dagbag.py:588} INFO - Filling up the DagBag from /home/airflow/.local/lib/python3.12/site-packages/airflow/example_dags/tutorial_dag.py
[2025-02-04T14:08:38.741+0000] {processor.py:925} INFO - DAG(s) 'tutorial_dag' retrieved from /home/airflow/.local/lib/python3.12/site-packages/airflow/example_dags/tutorial_dag.py
[2025-02-04T14:08:38.772+0000] {logging_mixin.py:190} INFO - [2025-02-04T14:08:38.772+0000] {dag.py:3239} INFO - Sync 1 DAGs
[2025-02-04T14:08:38.795+0000] {logging_mixin.py:190} INFO - [2025-02-04T14:08:38.794+0000] {dag.py:4180} INFO - Setting next_dagrun for tutorial_dag to None, run_after=None
[2025-02-04T14:08:38.831+0000] {processor.py:208} INFO - Processing /home/airflow/.local/lib/python3.12/site-packages/airflow/example_dags/tutorial_dag.py took 0.121 seconds
[2025-02-04T14:09:09.538+0000] {processor.py:186} INFO - Started process (PID=262) to work on /home/airflow/.local/lib/python3.12/site-packages/airflow/example_dags/tutorial_dag.py
[2025-02-04T14:09:09.543+0000] {processor.py:914} INFO - Processing file /home/airflow/.local/lib/python3.12/site-packages/airflow/example_dags/tutorial_dag.py for tasks to queue
[2025-02-04T14:09:09.561+0000] {logging_mixin.py:190} INFO - [2025-02-04T14:09:09.561+0000] {dagbag.py:588} INFO - Filling up the DagBag from /home/airflow/.local/lib/python3.12/site-packages/airflow/example_dags/tutorial_dag.py
[2025-02-04T14:09:09.671+0000] {processor.py:925} INFO - DAG(s) 'tutorial_dag' retrieved from /home/airflow/.local/lib/python3.12/site-packages/airflow/example_dags/tutorial_dag.py
[2025-02-04T14:09:09.793+0000] {logging_mixin.py:190} INFO - [2025-02-04T14:09:09.792+0000] {dag.py:3239} INFO - Sync 1 DAGs
[2025-02-04T14:09:09.848+0000] {logging_mixin.py:190} INFO - [2025-02-04T14:09:09.848+0000] {dag.py:4180} INFO - Setting next_dagrun for tutorial_dag to None, run_after=None
[2025-02-04T14:09:09.914+0000] {processor.py:208} INFO - Processing /home/airflow/.local/lib/python3.12/site-packages/airflow/example_dags/tutorial_dag.py took 0.411 seconds
[2025-02-04T14:09:40.156+0000] {processor.py:186} INFO - Started process (PID=324) to work on /home/airflow/.local/lib/python3.12/site-packages/airflow/example_dags/tutorial_dag.py
[2025-02-04T14:09:40.159+0000] {processor.py:914} INFO - Processing file /home/airflow/.local/lib/python3.12/site-packages/airflow/example_dags/tutorial_dag.py for tasks to queue
[2025-02-04T14:09:40.163+0000] {logging_mixin.py:190} INFO - [2025-02-04T14:09:40.163+0000] {dagbag.py:588} INFO - Filling up the DagBag from /home/airflow/.local/lib/python3.12/site-packages/airflow/example_dags/tutorial_dag.py
[2025-02-04T14:09:40.174+0000] {processor.py:925} INFO - DAG(s) 'tutorial_dag' retrieved from /home/airflow/.local/lib/python3.12/site-packages/airflow/example_dags/tutorial_dag.py
[2025-02-04T14:09:40.202+0000] {logging_mixin.py:190} INFO - [2025-02-04T14:09:40.202+0000] {dag.py:3239} INFO - Sync 1 DAGs
[2025-02-04T14:09:40.222+0000] {logging_mixin.py:190} INFO - [2025-02-04T14:09:40.222+0000] {dag.py:4180} INFO - Setting next_dagrun for tutorial_dag to None, run_after=None
[2025-02-04T14:09:40.252+0000] {processor.py:208} INFO - Processing /home/airflow/.local/lib/python3.12/site-packages/airflow/example_dags/tutorial_dag.py took 0.105 seconds
[2025-02-04T14:10:10.803+0000] {processor.py:186} INFO - Started process (PID=388) to work on /home/airflow/.local/lib/python3.12/site-packages/airflow/example_dags/tutorial_dag.py
[2025-02-04T14:10:10.805+0000] {processor.py:914} INFO - Processing file /home/airflow/.local/lib/python3.12/site-packages/airflow/example_dags/tutorial_dag.py for tasks to queue
[2025-02-04T14:10:10.809+0000] {logging_mixin.py:190} INFO - [2025-02-04T14:10:10.808+0000] {dagbag.py:588} INFO - Filling up the DagBag from /home/airflow/.local/lib/python3.12/site-packages/airflow/example_dags/tutorial_dag.py
[2025-02-04T14:10:10.820+0000] {processor.py:925} INFO - DAG(s) 'tutorial_dag' retrieved from /home/airflow/.local/lib/python3.12/site-packages/airflow/example_dags/tutorial_dag.py
[2025-02-04T14:10:10.848+0000] {logging_mixin.py:190} INFO - [2025-02-04T14:10:10.847+0000] {dag.py:3239} INFO - Sync 1 DAGs
[2025-02-04T14:10:10.868+0000] {logging_mixin.py:190} INFO - [2025-02-04T14:10:10.868+0000] {dag.py:4180} INFO - Setting next_dagrun for tutorial_dag to None, run_after=None
[2025-02-04T14:10:10.900+0000] {processor.py:208} INFO - Processing /home/airflow/.local/lib/python3.12/site-packages/airflow/example_dags/tutorial_dag.py took 0.105 seconds
[2025-02-04T14:10:54.860+0000] {processor.py:186} INFO - Started process (PID=452) to work on /home/airflow/.local/lib/python3.12/site-packages/airflow/example_dags/tutorial_dag.py
[2025-02-04T14:10:54.863+0000] {processor.py:914} INFO - Processing file /home/airflow/.local/lib/python3.12/site-packages/airflow/example_dags/tutorial_dag.py for tasks to queue
[2025-02-04T14:10:54.868+0000] {logging_mixin.py:190} INFO - [2025-02-04T14:10:54.867+0000] {dagbag.py:588} INFO - Filling up the DagBag from /home/airflow/.local/lib/python3.12/site-packages/airflow/example_dags/tutorial_dag.py
[2025-02-04T14:10:54.900+0000] {processor.py:925} INFO - DAG(s) 'tutorial_dag' retrieved from /home/airflow/.local/lib/python3.12/site-packages/airflow/example_dags/tutorial_dag.py
[2025-02-04T14:10:55.020+0000] {logging_mixin.py:190} INFO - [2025-02-04T14:10:55.020+0000] {dag.py:3239} INFO - Sync 1 DAGs
[2025-02-04T14:10:55.078+0000] {logging_mixin.py:190} INFO - [2025-02-04T14:10:55.077+0000] {dag.py:4180} INFO - Setting next_dagrun for tutorial_dag to None, run_after=None
[2025-02-04T14:10:55.137+0000] {processor.py:208} INFO - Processing /home/airflow/.local/lib/python3.12/site-packages/airflow/example_dags/tutorial_dag.py took 0.297 seconds
[2025-02-04T14:11:34.164+0000] {processor.py:186} INFO - Started process (PID=520) to work on /home/airflow/.local/lib/python3.12/site-packages/airflow/example_dags/tutorial_dag.py
[2025-02-04T14:11:34.167+0000] {processor.py:914} INFO - Processing file /home/airflow/.local/lib/python3.12/site-packages/airflow/example_dags/tutorial_dag.py for tasks to queue
[2025-02-04T14:11:34.173+0000] {logging_mixin.py:190} INFO - [2025-02-04T14:11:34.172+0000] {dagbag.py:588} INFO - Filling up the DagBag from /home/airflow/.local/lib/python3.12/site-packages/airflow/example_dags/tutorial_dag.py
[2025-02-04T14:11:34.197+0000] {processor.py:925} INFO - DAG(s) 'tutorial_dag' retrieved from /home/airflow/.local/lib/python3.12/site-packages/airflow/example_dags/tutorial_dag.py
[2025-02-04T14:11:34.261+0000] {logging_mixin.py:190} INFO - [2025-02-04T14:11:34.260+0000] {dag.py:3239} INFO - Sync 1 DAGs
[2025-02-04T14:11:34.310+0000] {logging_mixin.py:190} INFO - [2025-02-04T14:11:34.310+0000] {dag.py:4180} INFO - Setting next_dagrun for tutorial_dag to None, run_after=None
[2025-02-04T14:11:34.364+0000] {processor.py:208} INFO - Processing /home/airflow/.local/lib/python3.12/site-packages/airflow/example_dags/tutorial_dag.py took 0.229 seconds
[2025-02-04T14:18:44.856+0000] {processor.py:186} INFO - Started process (PID=114) to work on /home/airflow/.local/lib/python3.12/site-packages/airflow/example_dags/tutorial_dag.py
[2025-02-04T14:18:44.858+0000] {processor.py:914} INFO - Processing file /home/airflow/.local/lib/python3.12/site-packages/airflow/example_dags/tutorial_dag.py for tasks to queue
[2025-02-04T14:18:44.863+0000] {logging_mixin.py:190} INFO - [2025-02-04T14:18:44.862+0000] {dagbag.py:588} INFO - Filling up the DagBag from /home/airflow/.local/lib/python3.12/site-packages/airflow/example_dags/tutorial_dag.py
[2025-02-04T14:18:44.889+0000] {processor.py:925} INFO - DAG(s) 'tutorial_dag' retrieved from /home/airflow/.local/lib/python3.12/site-packages/airflow/example_dags/tutorial_dag.py
[2025-02-04T14:18:44.959+0000] {logging_mixin.py:190} INFO - [2025-02-04T14:18:44.954+0000] {dag.py:3239} INFO - Sync 1 DAGs
[2025-02-04T14:18:45.016+0000] {logging_mixin.py:190} INFO - [2025-02-04T14:18:45.015+0000] {dag.py:4180} INFO - Setting next_dagrun for tutorial_dag to None, run_after=None
[2025-02-04T14:18:45.062+0000] {processor.py:208} INFO - Processing /home/airflow/.local/lib/python3.12/site-packages/airflow/example_dags/tutorial_dag.py took 0.219 seconds
[2025-02-04T14:19:17.113+0000] {processor.py:186} INFO - Started process (PID=178) to work on /home/airflow/.local/lib/python3.12/site-packages/airflow/example_dags/tutorial_dag.py
[2025-02-04T14:19:17.124+0000] {processor.py:914} INFO - Processing file /home/airflow/.local/lib/python3.12/site-packages/airflow/example_dags/tutorial_dag.py for tasks to queue
[2025-02-04T14:19:17.134+0000] {logging_mixin.py:190} INFO - [2025-02-04T14:19:17.133+0000] {dagbag.py:588} INFO - Filling up the DagBag from /home/airflow/.local/lib/python3.12/site-packages/airflow/example_dags/tutorial_dag.py
[2025-02-04T14:19:17.176+0000] {processor.py:925} INFO - DAG(s) 'tutorial_dag' retrieved from /home/airflow/.local/lib/python3.12/site-packages/airflow/example_dags/tutorial_dag.py
[2025-02-04T14:19:17.243+0000] {logging_mixin.py:190} INFO - [2025-02-04T14:19:17.243+0000] {dag.py:3239} INFO - Sync 1 DAGs
[2025-02-04T14:19:17.305+0000] {logging_mixin.py:190} INFO - [2025-02-04T14:19:17.302+0000] {dag.py:4180} INFO - Setting next_dagrun for tutorial_dag to None, run_after=None
[2025-02-04T14:19:17.366+0000] {processor.py:208} INFO - Processing /home/airflow/.local/lib/python3.12/site-packages/airflow/example_dags/tutorial_dag.py took 0.275 seconds
[2025-02-04T14:19:48.595+0000] {processor.py:186} INFO - Started process (PID=251) to work on /home/airflow/.local/lib/python3.12/site-packages/airflow/example_dags/tutorial_dag.py
[2025-02-04T14:19:48.597+0000] {processor.py:914} INFO - Processing file /home/airflow/.local/lib/python3.12/site-packages/airflow/example_dags/tutorial_dag.py for tasks to queue
[2025-02-04T14:19:48.600+0000] {logging_mixin.py:190} INFO - [2025-02-04T14:19:48.599+0000] {dagbag.py:588} INFO - Filling up the DagBag from /home/airflow/.local/lib/python3.12/site-packages/airflow/example_dags/tutorial_dag.py
[2025-02-04T14:19:48.620+0000] {processor.py:925} INFO - DAG(s) 'tutorial_dag' retrieved from /home/airflow/.local/lib/python3.12/site-packages/airflow/example_dags/tutorial_dag.py
[2025-02-04T14:19:48.659+0000] {logging_mixin.py:190} INFO - [2025-02-04T14:19:48.659+0000] {dag.py:3239} INFO - Sync 1 DAGs
[2025-02-04T14:19:48.713+0000] {logging_mixin.py:190} INFO - [2025-02-04T14:19:48.713+0000] {dag.py:4180} INFO - Setting next_dagrun for tutorial_dag to None, run_after=None
[2025-02-04T14:19:48.778+0000] {processor.py:208} INFO - Processing /home/airflow/.local/lib/python3.12/site-packages/airflow/example_dags/tutorial_dag.py took 0.203 seconds
[2025-02-04T14:20:19.764+0000] {processor.py:186} INFO - Started process (PID=320) to work on /home/airflow/.local/lib/python3.12/site-packages/airflow/example_dags/tutorial_dag.py
[2025-02-04T14:20:19.765+0000] {processor.py:914} INFO - Processing file /home/airflow/.local/lib/python3.12/site-packages/airflow/example_dags/tutorial_dag.py for tasks to queue
[2025-02-04T14:20:19.768+0000] {logging_mixin.py:190} INFO - [2025-02-04T14:20:19.767+0000] {dagbag.py:588} INFO - Filling up the DagBag from /home/airflow/.local/lib/python3.12/site-packages/airflow/example_dags/tutorial_dag.py
[2025-02-04T14:20:19.780+0000] {processor.py:925} INFO - DAG(s) 'tutorial_dag' retrieved from /home/airflow/.local/lib/python3.12/site-packages/airflow/example_dags/tutorial_dag.py
[2025-02-04T14:20:19.822+0000] {logging_mixin.py:190} INFO - [2025-02-04T14:20:19.821+0000] {dag.py:3239} INFO - Sync 1 DAGs
[2025-02-04T14:20:19.851+0000] {logging_mixin.py:190} INFO - [2025-02-04T14:20:19.850+0000] {dag.py:4180} INFO - Setting next_dagrun for tutorial_dag to None, run_after=None
[2025-02-04T14:20:19.894+0000] {processor.py:208} INFO - Processing /home/airflow/.local/lib/python3.12/site-packages/airflow/example_dags/tutorial_dag.py took 0.139 seconds
[2025-02-04T14:20:56.126+0000] {processor.py:186} INFO - Started process (PID=390) to work on /home/airflow/.local/lib/python3.12/site-packages/airflow/example_dags/tutorial_dag.py
[2025-02-04T14:20:56.127+0000] {processor.py:914} INFO - Processing file /home/airflow/.local/lib/python3.12/site-packages/airflow/example_dags/tutorial_dag.py for tasks to queue
[2025-02-04T14:20:56.130+0000] {logging_mixin.py:190} INFO - [2025-02-04T14:20:56.129+0000] {dagbag.py:588} INFO - Filling up the DagBag from /home/airflow/.local/lib/python3.12/site-packages/airflow/example_dags/tutorial_dag.py
[2025-02-04T14:20:56.148+0000] {processor.py:925} INFO - DAG(s) 'tutorial_dag' retrieved from /home/airflow/.local/lib/python3.12/site-packages/airflow/example_dags/tutorial_dag.py
[2025-02-04T14:20:56.179+0000] {logging_mixin.py:190} INFO - [2025-02-04T14:20:56.179+0000] {dag.py:3239} INFO - Sync 1 DAGs
[2025-02-04T14:20:56.206+0000] {logging_mixin.py:190} INFO - [2025-02-04T14:20:56.206+0000] {dag.py:4180} INFO - Setting next_dagrun for tutorial_dag to None, run_after=None
[2025-02-04T14:20:56.239+0000] {processor.py:208} INFO - Processing /home/airflow/.local/lib/python3.12/site-packages/airflow/example_dags/tutorial_dag.py took 0.124 seconds
[2025-02-04T14:21:27.395+0000] {processor.py:186} INFO - Started process (PID=462) to work on /home/airflow/.local/lib/python3.12/site-packages/airflow/example_dags/tutorial_dag.py
[2025-02-04T14:21:27.397+0000] {processor.py:914} INFO - Processing file /home/airflow/.local/lib/python3.12/site-packages/airflow/example_dags/tutorial_dag.py for tasks to queue
[2025-02-04T14:21:27.408+0000] {logging_mixin.py:190} INFO - [2025-02-04T14:21:27.407+0000] {dagbag.py:588} INFO - Filling up the DagBag from /home/airflow/.local/lib/python3.12/site-packages/airflow/example_dags/tutorial_dag.py
[2025-02-04T14:21:27.431+0000] {processor.py:925} INFO - DAG(s) 'tutorial_dag' retrieved from /home/airflow/.local/lib/python3.12/site-packages/airflow/example_dags/tutorial_dag.py
[2025-02-04T14:21:27.508+0000] {logging_mixin.py:190} INFO - [2025-02-04T14:21:27.508+0000] {dag.py:3239} INFO - Sync 1 DAGs
[2025-02-04T14:21:27.569+0000] {logging_mixin.py:190} INFO - [2025-02-04T14:21:27.569+0000] {dag.py:4180} INFO - Setting next_dagrun for tutorial_dag to None, run_after=None
[2025-02-04T14:21:27.631+0000] {processor.py:208} INFO - Processing /home/airflow/.local/lib/python3.12/site-packages/airflow/example_dags/tutorial_dag.py took 0.256 seconds
[2025-02-04T14:21:58.446+0000] {processor.py:186} INFO - Started process (PID=526) to work on /home/airflow/.local/lib/python3.12/site-packages/airflow/example_dags/tutorial_dag.py
[2025-02-04T14:21:58.448+0000] {processor.py:914} INFO - Processing file /home/airflow/.local/lib/python3.12/site-packages/airflow/example_dags/tutorial_dag.py for tasks to queue
[2025-02-04T14:21:58.451+0000] {logging_mixin.py:190} INFO - [2025-02-04T14:21:58.450+0000] {dagbag.py:588} INFO - Filling up the DagBag from /home/airflow/.local/lib/python3.12/site-packages/airflow/example_dags/tutorial_dag.py
[2025-02-04T14:21:58.466+0000] {processor.py:925} INFO - DAG(s) 'tutorial_dag' retrieved from /home/airflow/.local/lib/python3.12/site-packages/airflow/example_dags/tutorial_dag.py
[2025-02-04T14:21:58.504+0000] {logging_mixin.py:190} INFO - [2025-02-04T14:21:58.503+0000] {dag.py:3239} INFO - Sync 1 DAGs
[2025-02-04T14:21:58.548+0000] {logging_mixin.py:190} INFO - [2025-02-04T14:21:58.547+0000] {dag.py:4180} INFO - Setting next_dagrun for tutorial_dag to None, run_after=None
[2025-02-04T14:21:58.630+0000] {processor.py:208} INFO - Processing /home/airflow/.local/lib/python3.12/site-packages/airflow/example_dags/tutorial_dag.py took 0.195 seconds
[2025-02-04T14:22:31.229+0000] {processor.py:186} INFO - Started process (PID=605) to work on /home/airflow/.local/lib/python3.12/site-packages/airflow/example_dags/tutorial_dag.py
[2025-02-04T14:22:31.231+0000] {processor.py:914} INFO - Processing file /home/airflow/.local/lib/python3.12/site-packages/airflow/example_dags/tutorial_dag.py for tasks to queue
[2025-02-04T14:22:31.234+0000] {logging_mixin.py:190} INFO - [2025-02-04T14:22:31.233+0000] {dagbag.py:588} INFO - Filling up the DagBag from /home/airflow/.local/lib/python3.12/site-packages/airflow/example_dags/tutorial_dag.py
[2025-02-04T14:22:31.252+0000] {processor.py:925} INFO - DAG(s) 'tutorial_dag' retrieved from /home/airflow/.local/lib/python3.12/site-packages/airflow/example_dags/tutorial_dag.py
[2025-02-04T14:22:31.291+0000] {logging_mixin.py:190} INFO - [2025-02-04T14:22:31.291+0000] {dag.py:3239} INFO - Sync 1 DAGs
[2025-02-04T14:22:31.342+0000] {logging_mixin.py:190} INFO - [2025-02-04T14:22:31.340+0000] {dag.py:4180} INFO - Setting next_dagrun for tutorial_dag to None, run_after=None
[2025-02-04T14:22:31.390+0000] {processor.py:208} INFO - Processing /home/airflow/.local/lib/python3.12/site-packages/airflow/example_dags/tutorial_dag.py took 0.175 seconds
[2025-02-04T14:23:01.898+0000] {processor.py:186} INFO - Started process (PID=673) to work on /home/airflow/.local/lib/python3.12/site-packages/airflow/example_dags/tutorial_dag.py
[2025-02-04T14:23:01.900+0000] {processor.py:914} INFO - Processing file /home/airflow/.local/lib/python3.12/site-packages/airflow/example_dags/tutorial_dag.py for tasks to queue
[2025-02-04T14:23:01.902+0000] {logging_mixin.py:190} INFO - [2025-02-04T14:23:01.901+0000] {dagbag.py:588} INFO - Filling up the DagBag from /home/airflow/.local/lib/python3.12/site-packages/airflow/example_dags/tutorial_dag.py
[2025-02-04T14:23:01.914+0000] {processor.py:925} INFO - DAG(s) 'tutorial_dag' retrieved from /home/airflow/.local/lib/python3.12/site-packages/airflow/example_dags/tutorial_dag.py
[2025-02-04T14:23:01.948+0000] {logging_mixin.py:190} INFO - [2025-02-04T14:23:01.947+0000] {dag.py:3239} INFO - Sync 1 DAGs
[2025-02-04T14:23:01.984+0000] {logging_mixin.py:190} INFO - [2025-02-04T14:23:01.983+0000] {dag.py:4180} INFO - Setting next_dagrun for tutorial_dag to None, run_after=None
[2025-02-04T14:23:02.020+0000] {processor.py:208} INFO - Processing /home/airflow/.local/lib/python3.12/site-packages/airflow/example_dags/tutorial_dag.py took 0.131 seconds
[2025-02-04T14:23:32.455+0000] {processor.py:186} INFO - Started process (PID=731) to work on /home/airflow/.local/lib/python3.12/site-packages/airflow/example_dags/tutorial_dag.py
[2025-02-04T14:23:32.458+0000] {processor.py:914} INFO - Processing file /home/airflow/.local/lib/python3.12/site-packages/airflow/example_dags/tutorial_dag.py for tasks to queue
[2025-02-04T14:23:32.461+0000] {logging_mixin.py:190} INFO - [2025-02-04T14:23:32.460+0000] {dagbag.py:588} INFO - Filling up the DagBag from /home/airflow/.local/lib/python3.12/site-packages/airflow/example_dags/tutorial_dag.py
[2025-02-04T14:23:32.485+0000] {processor.py:925} INFO - DAG(s) 'tutorial_dag' retrieved from /home/airflow/.local/lib/python3.12/site-packages/airflow/example_dags/tutorial_dag.py
[2025-02-04T14:23:32.550+0000] {logging_mixin.py:190} INFO - [2025-02-04T14:23:32.550+0000] {dag.py:3239} INFO - Sync 1 DAGs
[2025-02-04T14:23:32.592+0000] {logging_mixin.py:190} INFO - [2025-02-04T14:23:32.592+0000] {dag.py:4180} INFO - Setting next_dagrun for tutorial_dag to None, run_after=None
[2025-02-04T14:23:32.631+0000] {processor.py:208} INFO - Processing /home/airflow/.local/lib/python3.12/site-packages/airflow/example_dags/tutorial_dag.py took 0.193 seconds
[2025-02-04T14:24:03.833+0000] {processor.py:186} INFO - Started process (PID=802) to work on /home/airflow/.local/lib/python3.12/site-packages/airflow/example_dags/tutorial_dag.py
[2025-02-04T14:24:03.835+0000] {processor.py:914} INFO - Processing file /home/airflow/.local/lib/python3.12/site-packages/airflow/example_dags/tutorial_dag.py for tasks to queue
[2025-02-04T14:24:03.838+0000] {logging_mixin.py:190} INFO - [2025-02-04T14:24:03.837+0000] {dagbag.py:588} INFO - Filling up the DagBag from /home/airflow/.local/lib/python3.12/site-packages/airflow/example_dags/tutorial_dag.py
[2025-02-04T14:24:03.855+0000] {processor.py:925} INFO - DAG(s) 'tutorial_dag' retrieved from /home/airflow/.local/lib/python3.12/site-packages/airflow/example_dags/tutorial_dag.py
[2025-02-04T14:24:03.895+0000] {logging_mixin.py:190} INFO - [2025-02-04T14:24:03.894+0000] {dag.py:3239} INFO - Sync 1 DAGs
[2025-02-04T14:24:03.924+0000] {logging_mixin.py:190} INFO - [2025-02-04T14:24:03.923+0000] {dag.py:4180} INFO - Setting next_dagrun for tutorial_dag to None, run_after=None
[2025-02-04T14:24:03.956+0000] {processor.py:208} INFO - Processing /home/airflow/.local/lib/python3.12/site-packages/airflow/example_dags/tutorial_dag.py took 0.136 seconds
[2025-02-04T14:33:00.562+0000] {processor.py:186} INFO - Started process (PID=132) to work on /home/airflow/.local/lib/python3.12/site-packages/airflow/example_dags/tutorial_dag.py
[2025-02-04T14:33:00.565+0000] {processor.py:914} INFO - Processing file /home/airflow/.local/lib/python3.12/site-packages/airflow/example_dags/tutorial_dag.py for tasks to queue
[2025-02-04T14:33:00.572+0000] {logging_mixin.py:190} INFO - [2025-02-04T14:33:00.571+0000] {dagbag.py:588} INFO - Filling up the DagBag from /home/airflow/.local/lib/python3.12/site-packages/airflow/example_dags/tutorial_dag.py
[2025-02-04T14:33:00.592+0000] {processor.py:925} INFO - DAG(s) 'tutorial_dag' retrieved from /home/airflow/.local/lib/python3.12/site-packages/airflow/example_dags/tutorial_dag.py
[2025-02-04T14:33:00.875+0000] {logging_mixin.py:190} INFO - [2025-02-04T14:33:00.874+0000] {override.py:1911} INFO - Created Permission View: can delete on DAG:tutorial_dag
[2025-02-04T14:33:00.897+0000] {logging_mixin.py:190} INFO - [2025-02-04T14:33:00.897+0000] {override.py:1911} INFO - Created Permission View: can read on DAG:tutorial_dag
[2025-02-04T14:33:00.915+0000] {logging_mixin.py:190} INFO - [2025-02-04T14:33:00.915+0000] {override.py:1911} INFO - Created Permission View: can edit on DAG:tutorial_dag
[2025-02-04T14:33:00.937+0000] {logging_mixin.py:190} INFO - [2025-02-04T14:33:00.936+0000] {override.py:1911} INFO - Created Permission View: can create on DAG Run:tutorial_dag
[2025-02-04T14:33:00.957+0000] {logging_mixin.py:190} INFO - [2025-02-04T14:33:00.957+0000] {override.py:1911} INFO - Created Permission View: can delete on DAG Run:tutorial_dag
[2025-02-04T14:33:00.979+0000] {logging_mixin.py:190} INFO - [2025-02-04T14:33:00.977+0000] {override.py:1911} INFO - Created Permission View: can read on DAG Run:tutorial_dag
[2025-02-04T14:33:01.001+0000] {logging_mixin.py:190} INFO - [2025-02-04T14:33:01.000+0000] {override.py:1911} INFO - Created Permission View: menu access on DAG Run:tutorial_dag
[2025-02-04T14:33:01.003+0000] {logging_mixin.py:190} INFO - [2025-02-04T14:33:01.002+0000] {dag.py:3239} INFO - Sync 1 DAGs
[2025-02-04T14:33:01.052+0000] {logging_mixin.py:190} INFO - [2025-02-04T14:33:01.051+0000] {dag.py:3262} INFO - Creating ORM DAG for tutorial_dag
[2025-02-04T14:33:01.054+0000] {logging_mixin.py:190} INFO - [2025-02-04T14:33:01.053+0000] {dag.py:4180} INFO - Setting next_dagrun for tutorial_dag to None, run_after=None
[2025-02-04T14:33:01.102+0000] {processor.py:208} INFO - Processing /home/airflow/.local/lib/python3.12/site-packages/airflow/example_dags/tutorial_dag.py took 0.558 seconds
[2025-02-04T14:33:31.499+0000] {processor.py:186} INFO - Started process (PID=196) to work on /home/airflow/.local/lib/python3.12/site-packages/airflow/example_dags/tutorial_dag.py
[2025-02-04T14:33:31.501+0000] {processor.py:914} INFO - Processing file /home/airflow/.local/lib/python3.12/site-packages/airflow/example_dags/tutorial_dag.py for tasks to queue
[2025-02-04T14:33:31.505+0000] {logging_mixin.py:190} INFO - [2025-02-04T14:33:31.505+0000] {dagbag.py:588} INFO - Filling up the DagBag from /home/airflow/.local/lib/python3.12/site-packages/airflow/example_dags/tutorial_dag.py
[2025-02-04T14:33:31.521+0000] {processor.py:925} INFO - DAG(s) 'tutorial_dag' retrieved from /home/airflow/.local/lib/python3.12/site-packages/airflow/example_dags/tutorial_dag.py
[2025-02-04T14:33:31.561+0000] {logging_mixin.py:190} INFO - [2025-02-04T14:33:31.560+0000] {dag.py:3239} INFO - Sync 1 DAGs
[2025-02-04T14:33:31.606+0000] {logging_mixin.py:190} INFO - [2025-02-04T14:33:31.605+0000] {dag.py:4180} INFO - Setting next_dagrun for tutorial_dag to None, run_after=None
[2025-02-04T14:33:31.653+0000] {processor.py:208} INFO - Processing /home/airflow/.local/lib/python3.12/site-packages/airflow/example_dags/tutorial_dag.py took 0.164 seconds
[2025-02-04T14:34:03.176+0000] {processor.py:186} INFO - Started process (PID=260) to work on /home/airflow/.local/lib/python3.12/site-packages/airflow/example_dags/tutorial_dag.py
[2025-02-04T14:34:03.178+0000] {processor.py:914} INFO - Processing file /home/airflow/.local/lib/python3.12/site-packages/airflow/example_dags/tutorial_dag.py for tasks to queue
[2025-02-04T14:34:03.183+0000] {logging_mixin.py:190} INFO - [2025-02-04T14:34:03.182+0000] {dagbag.py:588} INFO - Filling up the DagBag from /home/airflow/.local/lib/python3.12/site-packages/airflow/example_dags/tutorial_dag.py
[2025-02-04T14:34:03.199+0000] {processor.py:925} INFO - DAG(s) 'tutorial_dag' retrieved from /home/airflow/.local/lib/python3.12/site-packages/airflow/example_dags/tutorial_dag.py
[2025-02-04T14:34:03.237+0000] {logging_mixin.py:190} INFO - [2025-02-04T14:34:03.236+0000] {dag.py:3239} INFO - Sync 1 DAGs
[2025-02-04T14:34:03.274+0000] {logging_mixin.py:190} INFO - [2025-02-04T14:34:03.274+0000] {dag.py:4180} INFO - Setting next_dagrun for tutorial_dag to None, run_after=None
[2025-02-04T14:34:03.329+0000] {processor.py:208} INFO - Processing /home/airflow/.local/lib/python3.12/site-packages/airflow/example_dags/tutorial_dag.py took 0.178 seconds
[2025-02-04T14:34:34.293+0000] {processor.py:186} INFO - Started process (PID=324) to work on /home/airflow/.local/lib/python3.12/site-packages/airflow/example_dags/tutorial_dag.py
[2025-02-04T14:34:34.295+0000] {processor.py:914} INFO - Processing file /home/airflow/.local/lib/python3.12/site-packages/airflow/example_dags/tutorial_dag.py for tasks to queue
[2025-02-04T14:34:34.307+0000] {logging_mixin.py:190} INFO - [2025-02-04T14:34:34.302+0000] {dagbag.py:588} INFO - Filling up the DagBag from /home/airflow/.local/lib/python3.12/site-packages/airflow/example_dags/tutorial_dag.py
[2025-02-04T14:34:34.337+0000] {processor.py:925} INFO - DAG(s) 'tutorial_dag' retrieved from /home/airflow/.local/lib/python3.12/site-packages/airflow/example_dags/tutorial_dag.py
[2025-02-04T14:34:34.370+0000] {logging_mixin.py:190} INFO - [2025-02-04T14:34:34.369+0000] {dag.py:3239} INFO - Sync 1 DAGs
[2025-02-04T14:34:34.395+0000] {logging_mixin.py:190} INFO - [2025-02-04T14:34:34.394+0000] {dag.py:4180} INFO - Setting next_dagrun for tutorial_dag to None, run_after=None
[2025-02-04T14:34:34.429+0000] {processor.py:208} INFO - Processing /home/airflow/.local/lib/python3.12/site-packages/airflow/example_dags/tutorial_dag.py took 0.147 seconds
[2025-02-04T14:35:05.386+0000] {processor.py:186} INFO - Started process (PID=388) to work on /home/airflow/.local/lib/python3.12/site-packages/airflow/example_dags/tutorial_dag.py
[2025-02-04T14:35:05.387+0000] {processor.py:914} INFO - Processing file /home/airflow/.local/lib/python3.12/site-packages/airflow/example_dags/tutorial_dag.py for tasks to queue
[2025-02-04T14:35:05.397+0000] {logging_mixin.py:190} INFO - [2025-02-04T14:35:05.396+0000] {dagbag.py:588} INFO - Filling up the DagBag from /home/airflow/.local/lib/python3.12/site-packages/airflow/example_dags/tutorial_dag.py
[2025-02-04T14:35:05.412+0000] {processor.py:925} INFO - DAG(s) 'tutorial_dag' retrieved from /home/airflow/.local/lib/python3.12/site-packages/airflow/example_dags/tutorial_dag.py
[2025-02-04T14:35:05.461+0000] {logging_mixin.py:190} INFO - [2025-02-04T14:35:05.461+0000] {dag.py:3239} INFO - Sync 1 DAGs
[2025-02-04T14:35:05.495+0000] {logging_mixin.py:190} INFO - [2025-02-04T14:35:05.494+0000] {dag.py:4180} INFO - Setting next_dagrun for tutorial_dag to None, run_after=None
[2025-02-04T14:35:05.548+0000] {processor.py:208} INFO - Processing /home/airflow/.local/lib/python3.12/site-packages/airflow/example_dags/tutorial_dag.py took 0.176 seconds
[2025-02-04T14:35:36.000+0000] {processor.py:186} INFO - Started process (PID=451) to work on /home/airflow/.local/lib/python3.12/site-packages/airflow/example_dags/tutorial_dag.py
[2025-02-04T14:35:36.002+0000] {processor.py:914} INFO - Processing file /home/airflow/.local/lib/python3.12/site-packages/airflow/example_dags/tutorial_dag.py for tasks to queue
[2025-02-04T14:35:36.008+0000] {logging_mixin.py:190} INFO - [2025-02-04T14:35:36.007+0000] {dagbag.py:588} INFO - Filling up the DagBag from /home/airflow/.local/lib/python3.12/site-packages/airflow/example_dags/tutorial_dag.py
[2025-02-04T14:35:36.025+0000] {processor.py:925} INFO - DAG(s) 'tutorial_dag' retrieved from /home/airflow/.local/lib/python3.12/site-packages/airflow/example_dags/tutorial_dag.py
[2025-02-04T14:35:36.064+0000] {logging_mixin.py:190} INFO - [2025-02-04T14:35:36.063+0000] {dag.py:3239} INFO - Sync 1 DAGs
[2025-02-04T14:35:36.088+0000] {logging_mixin.py:190} INFO - [2025-02-04T14:35:36.087+0000] {dag.py:4180} INFO - Setting next_dagrun for tutorial_dag to None, run_after=None
[2025-02-04T14:35:36.127+0000] {processor.py:208} INFO - Processing /home/airflow/.local/lib/python3.12/site-packages/airflow/example_dags/tutorial_dag.py took 0.151 seconds
[2025-02-04T14:36:07.204+0000] {processor.py:186} INFO - Started process (PID=514) to work on /home/airflow/.local/lib/python3.12/site-packages/airflow/example_dags/tutorial_dag.py
[2025-02-04T14:36:07.208+0000] {processor.py:914} INFO - Processing file /home/airflow/.local/lib/python3.12/site-packages/airflow/example_dags/tutorial_dag.py for tasks to queue
[2025-02-04T14:36:07.223+0000] {logging_mixin.py:190} INFO - [2025-02-04T14:36:07.222+0000] {dagbag.py:588} INFO - Filling up the DagBag from /home/airflow/.local/lib/python3.12/site-packages/airflow/example_dags/tutorial_dag.py
[2025-02-04T14:36:07.264+0000] {processor.py:925} INFO - DAG(s) 'tutorial_dag' retrieved from /home/airflow/.local/lib/python3.12/site-packages/airflow/example_dags/tutorial_dag.py
[2025-02-04T14:36:07.413+0000] {logging_mixin.py:190} INFO - [2025-02-04T14:36:07.412+0000] {dag.py:3239} INFO - Sync 1 DAGs
[2025-02-04T14:36:07.499+0000] {logging_mixin.py:190} INFO - [2025-02-04T14:36:07.498+0000] {dag.py:4180} INFO - Setting next_dagrun for tutorial_dag to None, run_after=None
[2025-02-04T14:36:07.574+0000] {processor.py:208} INFO - Processing /home/airflow/.local/lib/python3.12/site-packages/airflow/example_dags/tutorial_dag.py took 0.407 seconds
[2025-02-04T14:36:47.119+0000] {processor.py:186} INFO - Started process (PID=581) to work on /home/airflow/.local/lib/python3.12/site-packages/airflow/example_dags/tutorial_dag.py
[2025-02-04T14:36:47.121+0000] {processor.py:914} INFO - Processing file /home/airflow/.local/lib/python3.12/site-packages/airflow/example_dags/tutorial_dag.py for tasks to queue
[2025-02-04T14:36:47.124+0000] {logging_mixin.py:190} INFO - [2025-02-04T14:36:47.124+0000] {dagbag.py:588} INFO - Filling up the DagBag from /home/airflow/.local/lib/python3.12/site-packages/airflow/example_dags/tutorial_dag.py
[2025-02-04T14:36:47.135+0000] {processor.py:925} INFO - DAG(s) 'tutorial_dag' retrieved from /home/airflow/.local/lib/python3.12/site-packages/airflow/example_dags/tutorial_dag.py
[2025-02-04T14:36:47.165+0000] {logging_mixin.py:190} INFO - [2025-02-04T14:36:47.165+0000] {dag.py:3239} INFO - Sync 1 DAGs
[2025-02-04T14:36:47.186+0000] {logging_mixin.py:190} INFO - [2025-02-04T14:36:47.186+0000] {dag.py:4180} INFO - Setting next_dagrun for tutorial_dag to None, run_after=None
[2025-02-04T14:36:47.223+0000] {processor.py:208} INFO - Processing /home/airflow/.local/lib/python3.12/site-packages/airflow/example_dags/tutorial_dag.py took 0.112 seconds
[2025-02-04T14:37:18.603+0000] {processor.py:186} INFO - Started process (PID=646) to work on /home/airflow/.local/lib/python3.12/site-packages/airflow/example_dags/tutorial_dag.py
[2025-02-04T14:37:18.605+0000] {processor.py:914} INFO - Processing file /home/airflow/.local/lib/python3.12/site-packages/airflow/example_dags/tutorial_dag.py for tasks to queue
[2025-02-04T14:37:18.610+0000] {logging_mixin.py:190} INFO - [2025-02-04T14:37:18.610+0000] {dagbag.py:588} INFO - Filling up the DagBag from /home/airflow/.local/lib/python3.12/site-packages/airflow/example_dags/tutorial_dag.py
[2025-02-04T14:37:18.627+0000] {processor.py:925} INFO - DAG(s) 'tutorial_dag' retrieved from /home/airflow/.local/lib/python3.12/site-packages/airflow/example_dags/tutorial_dag.py
[2025-02-04T14:37:18.664+0000] {logging_mixin.py:190} INFO - [2025-02-04T14:37:18.663+0000] {dag.py:3239} INFO - Sync 1 DAGs
[2025-02-04T14:37:18.688+0000] {logging_mixin.py:190} INFO - [2025-02-04T14:37:18.688+0000] {dag.py:4180} INFO - Setting next_dagrun for tutorial_dag to None, run_after=None
[2025-02-04T14:37:18.735+0000] {processor.py:208} INFO - Processing /home/airflow/.local/lib/python3.12/site-packages/airflow/example_dags/tutorial_dag.py took 0.141 seconds
[2025-02-04T14:37:54.763+0000] {processor.py:186} INFO - Started process (PID=717) to work on /home/airflow/.local/lib/python3.12/site-packages/airflow/example_dags/tutorial_dag.py
[2025-02-04T14:37:54.768+0000] {processor.py:914} INFO - Processing file /home/airflow/.local/lib/python3.12/site-packages/airflow/example_dags/tutorial_dag.py for tasks to queue
[2025-02-04T14:37:54.774+0000] {logging_mixin.py:190} INFO - [2025-02-04T14:37:54.773+0000] {dagbag.py:588} INFO - Filling up the DagBag from /home/airflow/.local/lib/python3.12/site-packages/airflow/example_dags/tutorial_dag.py
[2025-02-04T14:37:54.796+0000] {processor.py:925} INFO - DAG(s) 'tutorial_dag' retrieved from /home/airflow/.local/lib/python3.12/site-packages/airflow/example_dags/tutorial_dag.py
[2025-02-04T14:37:55.271+0000] {logging_mixin.py:190} INFO - [2025-02-04T14:37:55.271+0000] {dag.py:3239} INFO - Sync 1 DAGs
[2025-02-04T14:37:55.312+0000] {logging_mixin.py:190} INFO - [2025-02-04T14:37:55.311+0000] {dag.py:4180} INFO - Setting next_dagrun for tutorial_dag to None, run_after=None
[2025-02-04T14:37:55.360+0000] {processor.py:208} INFO - Processing /home/airflow/.local/lib/python3.12/site-packages/airflow/example_dags/tutorial_dag.py took 0.206 seconds
[2025-02-04T14:38:25.463+0000] {processor.py:186} INFO - Started process (PID=781) to work on /home/airflow/.local/lib/python3.12/site-packages/airflow/example_dags/tutorial_dag.py
[2025-02-04T14:38:25.465+0000] {processor.py:914} INFO - Processing file /home/airflow/.local/lib/python3.12/site-packages/airflow/example_dags/tutorial_dag.py for tasks to queue
[2025-02-04T14:38:25.470+0000] {logging_mixin.py:190} INFO - [2025-02-04T14:38:25.470+0000] {dagbag.py:588} INFO - Filling up the DagBag from /home/airflow/.local/lib/python3.12/site-packages/airflow/example_dags/tutorial_dag.py
[2025-02-04T14:38:25.493+0000] {processor.py:925} INFO - DAG(s) 'tutorial_dag' retrieved from /home/airflow/.local/lib/python3.12/site-packages/airflow/example_dags/tutorial_dag.py
[2025-02-04T14:38:25.547+0000] {logging_mixin.py:190} INFO - [2025-02-04T14:38:25.546+0000] {dag.py:3239} INFO - Sync 1 DAGs
[2025-02-04T14:38:25.594+0000] {logging_mixin.py:190} INFO - [2025-02-04T14:38:25.594+0000] {dag.py:4180} INFO - Setting next_dagrun for tutorial_dag to None, run_after=None
[2025-02-04T14:38:25.651+0000] {processor.py:208} INFO - Processing /home/airflow/.local/lib/python3.12/site-packages/airflow/example_dags/tutorial_dag.py took 0.203 seconds
[2025-02-04T14:39:00.032+0000] {processor.py:186} INFO - Started process (PID=846) to work on /home/airflow/.local/lib/python3.12/site-packages/airflow/example_dags/tutorial_dag.py
[2025-02-04T14:39:00.034+0000] {processor.py:914} INFO - Processing file /home/airflow/.local/lib/python3.12/site-packages/airflow/example_dags/tutorial_dag.py for tasks to queue
[2025-02-04T14:39:00.041+0000] {logging_mixin.py:190} INFO - [2025-02-04T14:39:00.041+0000] {dagbag.py:588} INFO - Filling up the DagBag from /home/airflow/.local/lib/python3.12/site-packages/airflow/example_dags/tutorial_dag.py
[2025-02-04T14:39:00.062+0000] {processor.py:925} INFO - DAG(s) 'tutorial_dag' retrieved from /home/airflow/.local/lib/python3.12/site-packages/airflow/example_dags/tutorial_dag.py
[2025-02-04T14:39:00.106+0000] {logging_mixin.py:190} INFO - [2025-02-04T14:39:00.106+0000] {dag.py:3239} INFO - Sync 1 DAGs
[2025-02-04T14:39:00.131+0000] {logging_mixin.py:190} INFO - [2025-02-04T14:39:00.131+0000] {dag.py:4180} INFO - Setting next_dagrun for tutorial_dag to None, run_after=None
[2025-02-04T14:39:00.165+0000] {processor.py:208} INFO - Processing /home/airflow/.local/lib/python3.12/site-packages/airflow/example_dags/tutorial_dag.py took 0.159 seconds
[2025-02-04T14:39:30.323+0000] {processor.py:186} INFO - Started process (PID=910) to work on /home/airflow/.local/lib/python3.12/site-packages/airflow/example_dags/tutorial_dag.py
[2025-02-04T14:39:30.324+0000] {processor.py:914} INFO - Processing file /home/airflow/.local/lib/python3.12/site-packages/airflow/example_dags/tutorial_dag.py for tasks to queue
[2025-02-04T14:39:30.329+0000] {logging_mixin.py:190} INFO - [2025-02-04T14:39:30.328+0000] {dagbag.py:588} INFO - Filling up the DagBag from /home/airflow/.local/lib/python3.12/site-packages/airflow/example_dags/tutorial_dag.py
[2025-02-04T14:39:30.342+0000] {processor.py:925} INFO - DAG(s) 'tutorial_dag' retrieved from /home/airflow/.local/lib/python3.12/site-packages/airflow/example_dags/tutorial_dag.py
[2025-02-04T14:39:30.377+0000] {logging_mixin.py:190} INFO - [2025-02-04T14:39:30.376+0000] {dag.py:3239} INFO - Sync 1 DAGs
[2025-02-04T14:39:30.420+0000] {logging_mixin.py:190} INFO - [2025-02-04T14:39:30.420+0000] {dag.py:4180} INFO - Setting next_dagrun for tutorial_dag to None, run_after=None
[2025-02-04T14:39:30.454+0000] {processor.py:208} INFO - Processing /home/airflow/.local/lib/python3.12/site-packages/airflow/example_dags/tutorial_dag.py took 0.140 seconds
[2025-02-04T14:40:03.293+0000] {processor.py:186} INFO - Started process (PID=977) to work on /home/airflow/.local/lib/python3.12/site-packages/airflow/example_dags/tutorial_dag.py
[2025-02-04T14:40:03.296+0000] {processor.py:914} INFO - Processing file /home/airflow/.local/lib/python3.12/site-packages/airflow/example_dags/tutorial_dag.py for tasks to queue
[2025-02-04T14:40:03.305+0000] {logging_mixin.py:190} INFO - [2025-02-04T14:40:03.304+0000] {dagbag.py:588} INFO - Filling up the DagBag from /home/airflow/.local/lib/python3.12/site-packages/airflow/example_dags/tutorial_dag.py
[2025-02-04T14:40:03.342+0000] {processor.py:925} INFO - DAG(s) 'tutorial_dag' retrieved from /home/airflow/.local/lib/python3.12/site-packages/airflow/example_dags/tutorial_dag.py
[2025-02-04T14:40:03.415+0000] {logging_mixin.py:190} INFO - [2025-02-04T14:40:03.415+0000] {dag.py:3239} INFO - Sync 1 DAGs
[2025-02-04T14:40:03.447+0000] {logging_mixin.py:190} INFO - [2025-02-04T14:40:03.447+0000] {dag.py:4180} INFO - Setting next_dagrun for tutorial_dag to None, run_after=None
[2025-02-04T14:40:03.488+0000] {processor.py:208} INFO - Processing /home/airflow/.local/lib/python3.12/site-packages/airflow/example_dags/tutorial_dag.py took 0.231 seconds
[2025-02-04T14:40:36.065+0000] {processor.py:186} INFO - Started process (PID=1042) to work on /home/airflow/.local/lib/python3.12/site-packages/airflow/example_dags/tutorial_dag.py
[2025-02-04T14:40:36.066+0000] {processor.py:914} INFO - Processing file /home/airflow/.local/lib/python3.12/site-packages/airflow/example_dags/tutorial_dag.py for tasks to queue
[2025-02-04T14:40:36.070+0000] {logging_mixin.py:190} INFO - [2025-02-04T14:40:36.069+0000] {dagbag.py:588} INFO - Filling up the DagBag from /home/airflow/.local/lib/python3.12/site-packages/airflow/example_dags/tutorial_dag.py
[2025-02-04T14:40:36.083+0000] {processor.py:925} INFO - DAG(s) 'tutorial_dag' retrieved from /home/airflow/.local/lib/python3.12/site-packages/airflow/example_dags/tutorial_dag.py
[2025-02-04T14:40:36.116+0000] {logging_mixin.py:190} INFO - [2025-02-04T14:40:36.116+0000] {dag.py:3239} INFO - Sync 1 DAGs
[2025-02-04T14:40:36.142+0000] {logging_mixin.py:190} INFO - [2025-02-04T14:40:36.141+0000] {dag.py:4180} INFO - Setting next_dagrun for tutorial_dag to None, run_after=None
[2025-02-04T14:40:36.174+0000] {processor.py:208} INFO - Processing /home/airflow/.local/lib/python3.12/site-packages/airflow/example_dags/tutorial_dag.py took 0.120 seconds
[2025-02-04T14:41:06.707+0000] {processor.py:186} INFO - Started process (PID=1106) to work on /home/airflow/.local/lib/python3.12/site-packages/airflow/example_dags/tutorial_dag.py
[2025-02-04T14:41:06.709+0000] {processor.py:914} INFO - Processing file /home/airflow/.local/lib/python3.12/site-packages/airflow/example_dags/tutorial_dag.py for tasks to queue
[2025-02-04T14:41:06.712+0000] {logging_mixin.py:190} INFO - [2025-02-04T14:41:06.712+0000] {dagbag.py:588} INFO - Filling up the DagBag from /home/airflow/.local/lib/python3.12/site-packages/airflow/example_dags/tutorial_dag.py
[2025-02-04T14:41:06.732+0000] {processor.py:925} INFO - DAG(s) 'tutorial_dag' retrieved from /home/airflow/.local/lib/python3.12/site-packages/airflow/example_dags/tutorial_dag.py
[2025-02-04T14:41:06.774+0000] {logging_mixin.py:190} INFO - [2025-02-04T14:41:06.774+0000] {dag.py:3239} INFO - Sync 1 DAGs
[2025-02-04T14:41:06.806+0000] {logging_mixin.py:190} INFO - [2025-02-04T14:41:06.806+0000] {dag.py:4180} INFO - Setting next_dagrun for tutorial_dag to None, run_after=None
[2025-02-04T14:41:06.842+0000] {processor.py:208} INFO - Processing /home/airflow/.local/lib/python3.12/site-packages/airflow/example_dags/tutorial_dag.py took 0.145 seconds
[2025-02-04T14:41:40.522+0000] {processor.py:186} INFO - Started process (PID=1170) to work on /home/airflow/.local/lib/python3.12/site-packages/airflow/example_dags/tutorial_dag.py
[2025-02-04T14:41:40.524+0000] {processor.py:914} INFO - Processing file /home/airflow/.local/lib/python3.12/site-packages/airflow/example_dags/tutorial_dag.py for tasks to queue
[2025-02-04T14:41:40.534+0000] {logging_mixin.py:190} INFO - [2025-02-04T14:41:40.533+0000] {dagbag.py:588} INFO - Filling up the DagBag from /home/airflow/.local/lib/python3.12/site-packages/airflow/example_dags/tutorial_dag.py
[2025-02-04T14:41:40.557+0000] {processor.py:925} INFO - DAG(s) 'tutorial_dag' retrieved from /home/airflow/.local/lib/python3.12/site-packages/airflow/example_dags/tutorial_dag.py
[2025-02-04T14:41:40.637+0000] {logging_mixin.py:190} INFO - [2025-02-04T14:41:40.637+0000] {dag.py:3239} INFO - Sync 1 DAGs
[2025-02-04T14:41:40.668+0000] {logging_mixin.py:190} INFO - [2025-02-04T14:41:40.668+0000] {dag.py:4180} INFO - Setting next_dagrun for tutorial_dag to None, run_after=None
[2025-02-04T14:41:40.704+0000] {processor.py:208} INFO - Processing /home/airflow/.local/lib/python3.12/site-packages/airflow/example_dags/tutorial_dag.py took 0.199 seconds
[2025-02-04T14:42:11.097+0000] {processor.py:186} INFO - Started process (PID=1234) to work on /home/airflow/.local/lib/python3.12/site-packages/airflow/example_dags/tutorial_dag.py
[2025-02-04T14:42:11.099+0000] {processor.py:914} INFO - Processing file /home/airflow/.local/lib/python3.12/site-packages/airflow/example_dags/tutorial_dag.py for tasks to queue
[2025-02-04T14:42:11.103+0000] {logging_mixin.py:190} INFO - [2025-02-04T14:42:11.103+0000] {dagbag.py:588} INFO - Filling up the DagBag from /home/airflow/.local/lib/python3.12/site-packages/airflow/example_dags/tutorial_dag.py
[2025-02-04T14:42:11.118+0000] {processor.py:925} INFO - DAG(s) 'tutorial_dag' retrieved from /home/airflow/.local/lib/python3.12/site-packages/airflow/example_dags/tutorial_dag.py
[2025-02-04T14:42:11.157+0000] {logging_mixin.py:190} INFO - [2025-02-04T14:42:11.156+0000] {dag.py:3239} INFO - Sync 1 DAGs
[2025-02-04T14:42:11.188+0000] {logging_mixin.py:190} INFO - [2025-02-04T14:42:11.188+0000] {dag.py:4180} INFO - Setting next_dagrun for tutorial_dag to None, run_after=None
[2025-02-04T14:42:11.230+0000] {processor.py:208} INFO - Processing /home/airflow/.local/lib/python3.12/site-packages/airflow/example_dags/tutorial_dag.py took 0.144 seconds
[2025-02-04T14:42:43.196+0000] {processor.py:186} INFO - Started process (PID=1298) to work on /home/airflow/.local/lib/python3.12/site-packages/airflow/example_dags/tutorial_dag.py
[2025-02-04T14:42:43.197+0000] {processor.py:914} INFO - Processing file /home/airflow/.local/lib/python3.12/site-packages/airflow/example_dags/tutorial_dag.py for tasks to queue
[2025-02-04T14:42:43.202+0000] {logging_mixin.py:190} INFO - [2025-02-04T14:42:43.202+0000] {dagbag.py:588} INFO - Filling up the DagBag from /home/airflow/.local/lib/python3.12/site-packages/airflow/example_dags/tutorial_dag.py
[2025-02-04T14:42:43.223+0000] {processor.py:925} INFO - DAG(s) 'tutorial_dag' retrieved from /home/airflow/.local/lib/python3.12/site-packages/airflow/example_dags/tutorial_dag.py
[2025-02-04T14:42:43.268+0000] {logging_mixin.py:190} INFO - [2025-02-04T14:42:43.268+0000] {dag.py:3239} INFO - Sync 1 DAGs
[2025-02-04T14:42:43.320+0000] {logging_mixin.py:190} INFO - [2025-02-04T14:42:43.319+0000] {dag.py:4180} INFO - Setting next_dagrun for tutorial_dag to None, run_after=None
[2025-02-04T14:42:43.382+0000] {processor.py:208} INFO - Processing /home/airflow/.local/lib/python3.12/site-packages/airflow/example_dags/tutorial_dag.py took 0.202 seconds
[2025-02-04T14:43:13.465+0000] {processor.py:186} INFO - Started process (PID=1362) to work on /home/airflow/.local/lib/python3.12/site-packages/airflow/example_dags/tutorial_dag.py
[2025-02-04T14:43:13.467+0000] {processor.py:914} INFO - Processing file /home/airflow/.local/lib/python3.12/site-packages/airflow/example_dags/tutorial_dag.py for tasks to queue
[2025-02-04T14:43:13.470+0000] {logging_mixin.py:190} INFO - [2025-02-04T14:43:13.470+0000] {dagbag.py:588} INFO - Filling up the DagBag from /home/airflow/.local/lib/python3.12/site-packages/airflow/example_dags/tutorial_dag.py
[2025-02-04T14:43:13.484+0000] {processor.py:925} INFO - DAG(s) 'tutorial_dag' retrieved from /home/airflow/.local/lib/python3.12/site-packages/airflow/example_dags/tutorial_dag.py
[2025-02-04T14:43:13.515+0000] {logging_mixin.py:190} INFO - [2025-02-04T14:43:13.514+0000] {dag.py:3239} INFO - Sync 1 DAGs
[2025-02-04T14:43:13.541+0000] {logging_mixin.py:190} INFO - [2025-02-04T14:43:13.541+0000] {dag.py:4180} INFO - Setting next_dagrun for tutorial_dag to None, run_after=None
[2025-02-04T14:43:13.569+0000] {processor.py:208} INFO - Processing /home/airflow/.local/lib/python3.12/site-packages/airflow/example_dags/tutorial_dag.py took 0.113 seconds
[2025-02-04T14:43:44.384+0000] {processor.py:186} INFO - Started process (PID=1425) to work on /home/airflow/.local/lib/python3.12/site-packages/airflow/example_dags/tutorial_dag.py
[2025-02-04T14:43:44.386+0000] {processor.py:914} INFO - Processing file /home/airflow/.local/lib/python3.12/site-packages/airflow/example_dags/tutorial_dag.py for tasks to queue
[2025-02-04T14:43:44.390+0000] {logging_mixin.py:190} INFO - [2025-02-04T14:43:44.390+0000] {dagbag.py:588} INFO - Filling up the DagBag from /home/airflow/.local/lib/python3.12/site-packages/airflow/example_dags/tutorial_dag.py
[2025-02-04T14:43:44.405+0000] {processor.py:925} INFO - DAG(s) 'tutorial_dag' retrieved from /home/airflow/.local/lib/python3.12/site-packages/airflow/example_dags/tutorial_dag.py
[2025-02-04T14:43:44.440+0000] {logging_mixin.py:190} INFO - [2025-02-04T14:43:44.440+0000] {dag.py:3239} INFO - Sync 1 DAGs
[2025-02-04T14:43:44.463+0000] {logging_mixin.py:190} INFO - [2025-02-04T14:43:44.463+0000] {dag.py:4180} INFO - Setting next_dagrun for tutorial_dag to None, run_after=None
[2025-02-04T14:43:44.494+0000] {processor.py:208} INFO - Processing /home/airflow/.local/lib/python3.12/site-packages/airflow/example_dags/tutorial_dag.py took 0.121 seconds
[2025-02-04T14:44:15.344+0000] {processor.py:186} INFO - Started process (PID=1489) to work on /home/airflow/.local/lib/python3.12/site-packages/airflow/example_dags/tutorial_dag.py
[2025-02-04T14:44:15.346+0000] {processor.py:914} INFO - Processing file /home/airflow/.local/lib/python3.12/site-packages/airflow/example_dags/tutorial_dag.py for tasks to queue
[2025-02-04T14:44:15.350+0000] {logging_mixin.py:190} INFO - [2025-02-04T14:44:15.349+0000] {dagbag.py:588} INFO - Filling up the DagBag from /home/airflow/.local/lib/python3.12/site-packages/airflow/example_dags/tutorial_dag.py
[2025-02-04T14:44:15.361+0000] {processor.py:925} INFO - DAG(s) 'tutorial_dag' retrieved from /home/airflow/.local/lib/python3.12/site-packages/airflow/example_dags/tutorial_dag.py
[2025-02-04T14:44:15.396+0000] {logging_mixin.py:190} INFO - [2025-02-04T14:44:15.396+0000] {dag.py:3239} INFO - Sync 1 DAGs
[2025-02-04T14:44:15.439+0000] {logging_mixin.py:190} INFO - [2025-02-04T14:44:15.439+0000] {dag.py:4180} INFO - Setting next_dagrun for tutorial_dag to None, run_after=None
[2025-02-04T14:44:15.481+0000] {processor.py:208} INFO - Processing /home/airflow/.local/lib/python3.12/site-packages/airflow/example_dags/tutorial_dag.py took 0.146 seconds
[2025-02-04T14:44:46.815+0000] {processor.py:186} INFO - Started process (PID=1553) to work on /home/airflow/.local/lib/python3.12/site-packages/airflow/example_dags/tutorial_dag.py
[2025-02-04T14:44:46.817+0000] {processor.py:914} INFO - Processing file /home/airflow/.local/lib/python3.12/site-packages/airflow/example_dags/tutorial_dag.py for tasks to queue
[2025-02-04T14:44:46.831+0000] {logging_mixin.py:190} INFO - [2025-02-04T14:44:46.831+0000] {dagbag.py:588} INFO - Filling up the DagBag from /home/airflow/.local/lib/python3.12/site-packages/airflow/example_dags/tutorial_dag.py
[2025-02-04T14:44:46.855+0000] {processor.py:925} INFO - DAG(s) 'tutorial_dag' retrieved from /home/airflow/.local/lib/python3.12/site-packages/airflow/example_dags/tutorial_dag.py
[2025-02-04T14:44:46.905+0000] {logging_mixin.py:190} INFO - [2025-02-04T14:44:46.904+0000] {dag.py:3239} INFO - Sync 1 DAGs
[2025-02-04T14:44:46.933+0000] {logging_mixin.py:190} INFO - [2025-02-04T14:44:46.933+0000] {dag.py:4180} INFO - Setting next_dagrun for tutorial_dag to None, run_after=None
[2025-02-04T14:44:46.972+0000] {processor.py:208} INFO - Processing /home/airflow/.local/lib/python3.12/site-packages/airflow/example_dags/tutorial_dag.py took 0.176 seconds
[2025-02-04T14:45:17.520+0000] {processor.py:186} INFO - Started process (PID=1616) to work on /home/airflow/.local/lib/python3.12/site-packages/airflow/example_dags/tutorial_dag.py
[2025-02-04T14:45:17.521+0000] {processor.py:914} INFO - Processing file /home/airflow/.local/lib/python3.12/site-packages/airflow/example_dags/tutorial_dag.py for tasks to queue
[2025-02-04T14:45:17.525+0000] {logging_mixin.py:190} INFO - [2025-02-04T14:45:17.525+0000] {dagbag.py:588} INFO - Filling up the DagBag from /home/airflow/.local/lib/python3.12/site-packages/airflow/example_dags/tutorial_dag.py
[2025-02-04T14:45:17.541+0000] {processor.py:925} INFO - DAG(s) 'tutorial_dag' retrieved from /home/airflow/.local/lib/python3.12/site-packages/airflow/example_dags/tutorial_dag.py
[2025-02-04T14:45:17.576+0000] {logging_mixin.py:190} INFO - [2025-02-04T14:45:17.575+0000] {dag.py:3239} INFO - Sync 1 DAGs
[2025-02-04T14:45:17.603+0000] {logging_mixin.py:190} INFO - [2025-02-04T14:45:17.603+0000] {dag.py:4180} INFO - Setting next_dagrun for tutorial_dag to None, run_after=None
[2025-02-04T14:45:17.634+0000] {processor.py:208} INFO - Processing /home/airflow/.local/lib/python3.12/site-packages/airflow/example_dags/tutorial_dag.py took 0.126 seconds
[2025-02-04T14:45:48.105+0000] {processor.py:186} INFO - Started process (PID=1680) to work on /home/airflow/.local/lib/python3.12/site-packages/airflow/example_dags/tutorial_dag.py
[2025-02-04T14:45:48.108+0000] {processor.py:914} INFO - Processing file /home/airflow/.local/lib/python3.12/site-packages/airflow/example_dags/tutorial_dag.py for tasks to queue
[2025-02-04T14:45:48.114+0000] {logging_mixin.py:190} INFO - [2025-02-04T14:45:48.113+0000] {dagbag.py:588} INFO - Filling up the DagBag from /home/airflow/.local/lib/python3.12/site-packages/airflow/example_dags/tutorial_dag.py
[2025-02-04T14:45:48.135+0000] {processor.py:925} INFO - DAG(s) 'tutorial_dag' retrieved from /home/airflow/.local/lib/python3.12/site-packages/airflow/example_dags/tutorial_dag.py
[2025-02-04T14:45:48.182+0000] {logging_mixin.py:190} INFO - [2025-02-04T14:45:48.182+0000] {dag.py:3239} INFO - Sync 1 DAGs
[2025-02-04T14:45:48.221+0000] {logging_mixin.py:190} INFO - [2025-02-04T14:45:48.220+0000] {dag.py:4180} INFO - Setting next_dagrun for tutorial_dag to None, run_after=None
[2025-02-04T14:45:48.268+0000] {processor.py:208} INFO - Processing /home/airflow/.local/lib/python3.12/site-packages/airflow/example_dags/tutorial_dag.py took 0.183 seconds
[2025-02-04T14:49:27.932+0000] {processor.py:186} INFO - Started process (PID=121) to work on /home/airflow/.local/lib/python3.12/site-packages/airflow/example_dags/tutorial_dag.py
[2025-02-04T14:49:27.937+0000] {processor.py:914} INFO - Processing file /home/airflow/.local/lib/python3.12/site-packages/airflow/example_dags/tutorial_dag.py for tasks to queue
[2025-02-04T14:49:27.947+0000] {logging_mixin.py:190} INFO - [2025-02-04T14:49:27.947+0000] {dagbag.py:588} INFO - Filling up the DagBag from /home/airflow/.local/lib/python3.12/site-packages/airflow/example_dags/tutorial_dag.py
[2025-02-04T14:49:27.970+0000] {processor.py:925} INFO - DAG(s) 'tutorial_dag' retrieved from /home/airflow/.local/lib/python3.12/site-packages/airflow/example_dags/tutorial_dag.py
[2025-02-04T14:49:28.040+0000] {logging_mixin.py:190} INFO - [2025-02-04T14:49:28.039+0000] {dag.py:3239} INFO - Sync 1 DAGs
[2025-02-04T14:49:28.073+0000] {logging_mixin.py:190} INFO - [2025-02-04T14:49:28.073+0000] {dag.py:4180} INFO - Setting next_dagrun for tutorial_dag to None, run_after=None
[2025-02-04T14:49:28.125+0000] {processor.py:208} INFO - Processing /home/airflow/.local/lib/python3.12/site-packages/airflow/example_dags/tutorial_dag.py took 0.214 seconds
[2025-02-04T14:49:59.316+0000] {processor.py:186} INFO - Started process (PID=186) to work on /home/airflow/.local/lib/python3.12/site-packages/airflow/example_dags/tutorial_dag.py
[2025-02-04T14:49:59.319+0000] {processor.py:914} INFO - Processing file /home/airflow/.local/lib/python3.12/site-packages/airflow/example_dags/tutorial_dag.py for tasks to queue
[2025-02-04T14:49:59.324+0000] {logging_mixin.py:190} INFO - [2025-02-04T14:49:59.323+0000] {dagbag.py:588} INFO - Filling up the DagBag from /home/airflow/.local/lib/python3.12/site-packages/airflow/example_dags/tutorial_dag.py
[2025-02-04T14:49:59.342+0000] {processor.py:925} INFO - DAG(s) 'tutorial_dag' retrieved from /home/airflow/.local/lib/python3.12/site-packages/airflow/example_dags/tutorial_dag.py
[2025-02-04T14:49:59.383+0000] {logging_mixin.py:190} INFO - [2025-02-04T14:49:59.383+0000] {dag.py:3239} INFO - Sync 1 DAGs
[2025-02-04T14:49:59.418+0000] {logging_mixin.py:190} INFO - [2025-02-04T14:49:59.417+0000] {dag.py:4180} INFO - Setting next_dagrun for tutorial_dag to None, run_after=None
[2025-02-04T14:49:59.454+0000] {processor.py:208} INFO - Processing /home/airflow/.local/lib/python3.12/site-packages/airflow/example_dags/tutorial_dag.py took 0.150 seconds
[2025-02-04T14:50:31.172+0000] {processor.py:186} INFO - Started process (PID=250) to work on /home/airflow/.local/lib/python3.12/site-packages/airflow/example_dags/tutorial_dag.py
[2025-02-04T14:50:31.184+0000] {processor.py:914} INFO - Processing file /home/airflow/.local/lib/python3.12/site-packages/airflow/example_dags/tutorial_dag.py for tasks to queue
[2025-02-04T14:50:31.200+0000] {logging_mixin.py:190} INFO - [2025-02-04T14:50:31.199+0000] {dagbag.py:588} INFO - Filling up the DagBag from /home/airflow/.local/lib/python3.12/site-packages/airflow/example_dags/tutorial_dag.py
[2025-02-04T14:50:31.247+0000] {processor.py:925} INFO - DAG(s) 'tutorial_dag' retrieved from /home/airflow/.local/lib/python3.12/site-packages/airflow/example_dags/tutorial_dag.py
[2025-02-04T14:50:31.398+0000] {logging_mixin.py:190} INFO - [2025-02-04T14:50:31.397+0000] {dag.py:3239} INFO - Sync 1 DAGs
[2025-02-04T14:50:31.468+0000] {logging_mixin.py:190} INFO - [2025-02-04T14:50:31.467+0000] {dag.py:4180} INFO - Setting next_dagrun for tutorial_dag to None, run_after=None
[2025-02-04T14:50:31.514+0000] {processor.py:208} INFO - Processing /home/airflow/.local/lib/python3.12/site-packages/airflow/example_dags/tutorial_dag.py took 0.366 seconds
[2025-02-04T14:51:06.007+0000] {processor.py:186} INFO - Started process (PID=314) to work on /home/airflow/.local/lib/python3.12/site-packages/airflow/example_dags/tutorial_dag.py
[2025-02-04T14:51:06.009+0000] {processor.py:914} INFO - Processing file /home/airflow/.local/lib/python3.12/site-packages/airflow/example_dags/tutorial_dag.py for tasks to queue
[2025-02-04T14:51:06.016+0000] {logging_mixin.py:190} INFO - [2025-02-04T14:51:06.015+0000] {dagbag.py:588} INFO - Filling up the DagBag from /home/airflow/.local/lib/python3.12/site-packages/airflow/example_dags/tutorial_dag.py
[2025-02-04T14:51:06.034+0000] {processor.py:925} INFO - DAG(s) 'tutorial_dag' retrieved from /home/airflow/.local/lib/python3.12/site-packages/airflow/example_dags/tutorial_dag.py
[2025-02-04T14:51:06.077+0000] {logging_mixin.py:190} INFO - [2025-02-04T14:51:06.076+0000] {dag.py:3239} INFO - Sync 1 DAGs
[2025-02-04T14:51:06.135+0000] {logging_mixin.py:190} INFO - [2025-02-04T14:51:06.134+0000] {dag.py:4180} INFO - Setting next_dagrun for tutorial_dag to None, run_after=None
[2025-02-04T14:51:06.176+0000] {processor.py:208} INFO - Processing /home/airflow/.local/lib/python3.12/site-packages/airflow/example_dags/tutorial_dag.py took 0.182 seconds
[2025-02-04T14:51:50.463+0000] {processor.py:186} INFO - Started process (PID=380) to work on /home/airflow/.local/lib/python3.12/site-packages/airflow/example_dags/tutorial_dag.py
[2025-02-04T14:51:50.466+0000] {processor.py:914} INFO - Processing file /home/airflow/.local/lib/python3.12/site-packages/airflow/example_dags/tutorial_dag.py for tasks to queue
[2025-02-04T14:51:50.482+0000] {logging_mixin.py:190} INFO - [2025-02-04T14:51:50.481+0000] {dagbag.py:588} INFO - Filling up the DagBag from /home/airflow/.local/lib/python3.12/site-packages/airflow/example_dags/tutorial_dag.py
[2025-02-04T14:51:51.013+0000] {processor.py:925} INFO - DAG(s) 'tutorial_dag' retrieved from /home/airflow/.local/lib/python3.12/site-packages/airflow/example_dags/tutorial_dag.py
[2025-02-04T14:51:51.806+0000] {logging_mixin.py:190} INFO - [2025-02-04T14:51:51.806+0000] {dag.py:3239} INFO - Sync 1 DAGs
[2025-02-04T14:51:51.950+0000] {logging_mixin.py:190} INFO - [2025-02-04T14:51:51.950+0000] {dag.py:4180} INFO - Setting next_dagrun for tutorial_dag to None, run_after=None
[2025-02-04T14:51:52.251+0000] {processor.py:208} INFO - Processing /home/airflow/.local/lib/python3.12/site-packages/airflow/example_dags/tutorial_dag.py took 0.896 seconds
[2025-02-04T14:52:43.663+0000] {processor.py:186} INFO - Started process (PID=450) to work on /home/airflow/.local/lib/python3.12/site-packages/airflow/example_dags/tutorial_dag.py
[2025-02-04T14:52:43.670+0000] {processor.py:914} INFO - Processing file /home/airflow/.local/lib/python3.12/site-packages/airflow/example_dags/tutorial_dag.py for tasks to queue
[2025-02-04T14:52:43.675+0000] {logging_mixin.py:190} INFO - [2025-02-04T14:52:43.674+0000] {dagbag.py:588} INFO - Filling up the DagBag from /home/airflow/.local/lib/python3.12/site-packages/airflow/example_dags/tutorial_dag.py
[2025-02-04T14:52:43.693+0000] {processor.py:925} INFO - DAG(s) 'tutorial_dag' retrieved from /home/airflow/.local/lib/python3.12/site-packages/airflow/example_dags/tutorial_dag.py
[2025-02-04T14:52:43.760+0000] {logging_mixin.py:190} INFO - [2025-02-04T14:52:43.759+0000] {dag.py:3239} INFO - Sync 1 DAGs
[2025-02-04T14:52:43.814+0000] {logging_mixin.py:190} INFO - [2025-02-04T14:52:43.814+0000] {dag.py:4180} INFO - Setting next_dagrun for tutorial_dag to None, run_after=None
[2025-02-04T14:52:43.937+0000] {processor.py:208} INFO - Processing /home/airflow/.local/lib/python3.12/site-packages/airflow/example_dags/tutorial_dag.py took 0.285 seconds
[2025-02-04T14:53:14.682+0000] {processor.py:186} INFO - Started process (PID=519) to work on /home/airflow/.local/lib/python3.12/site-packages/airflow/example_dags/tutorial_dag.py
[2025-02-04T14:53:14.684+0000] {processor.py:914} INFO - Processing file /home/airflow/.local/lib/python3.12/site-packages/airflow/example_dags/tutorial_dag.py for tasks to queue
[2025-02-04T14:53:14.688+0000] {logging_mixin.py:190} INFO - [2025-02-04T14:53:14.687+0000] {dagbag.py:588} INFO - Filling up the DagBag from /home/airflow/.local/lib/python3.12/site-packages/airflow/example_dags/tutorial_dag.py
[2025-02-04T14:53:14.702+0000] {processor.py:925} INFO - DAG(s) 'tutorial_dag' retrieved from /home/airflow/.local/lib/python3.12/site-packages/airflow/example_dags/tutorial_dag.py
[2025-02-04T14:53:14.735+0000] {logging_mixin.py:190} INFO - [2025-02-04T14:53:14.735+0000] {dag.py:3239} INFO - Sync 1 DAGs
[2025-02-04T14:53:14.770+0000] {logging_mixin.py:190} INFO - [2025-02-04T14:53:14.770+0000] {dag.py:4180} INFO - Setting next_dagrun for tutorial_dag to None, run_after=None
[2025-02-04T14:53:14.815+0000] {processor.py:208} INFO - Processing /home/airflow/.local/lib/python3.12/site-packages/airflow/example_dags/tutorial_dag.py took 0.142 seconds
[2025-02-04T14:53:45.067+0000] {processor.py:186} INFO - Started process (PID=584) to work on /home/airflow/.local/lib/python3.12/site-packages/airflow/example_dags/tutorial_dag.py
[2025-02-04T14:53:45.071+0000] {processor.py:914} INFO - Processing file /home/airflow/.local/lib/python3.12/site-packages/airflow/example_dags/tutorial_dag.py for tasks to queue
[2025-02-04T14:53:45.082+0000] {logging_mixin.py:190} INFO - [2025-02-04T14:53:45.076+0000] {dagbag.py:588} INFO - Filling up the DagBag from /home/airflow/.local/lib/python3.12/site-packages/airflow/example_dags/tutorial_dag.py
[2025-02-04T14:53:45.108+0000] {processor.py:925} INFO - DAG(s) 'tutorial_dag' retrieved from /home/airflow/.local/lib/python3.12/site-packages/airflow/example_dags/tutorial_dag.py
[2025-02-04T14:53:45.168+0000] {logging_mixin.py:190} INFO - [2025-02-04T14:53:45.167+0000] {dag.py:3239} INFO - Sync 1 DAGs
[2025-02-04T14:53:45.194+0000] {logging_mixin.py:190} INFO - [2025-02-04T14:53:45.194+0000] {dag.py:4180} INFO - Setting next_dagrun for tutorial_dag to None, run_after=None
[2025-02-04T14:53:45.236+0000] {processor.py:208} INFO - Processing /home/airflow/.local/lib/python3.12/site-packages/airflow/example_dags/tutorial_dag.py took 0.195 seconds
[2025-02-04T14:54:15.607+0000] {processor.py:186} INFO - Started process (PID=650) to work on /home/airflow/.local/lib/python3.12/site-packages/airflow/example_dags/tutorial_dag.py
[2025-02-04T14:54:15.609+0000] {processor.py:914} INFO - Processing file /home/airflow/.local/lib/python3.12/site-packages/airflow/example_dags/tutorial_dag.py for tasks to queue
[2025-02-04T14:54:15.613+0000] {logging_mixin.py:190} INFO - [2025-02-04T14:54:15.613+0000] {dagbag.py:588} INFO - Filling up the DagBag from /home/airflow/.local/lib/python3.12/site-packages/airflow/example_dags/tutorial_dag.py
[2025-02-04T14:54:15.627+0000] {processor.py:925} INFO - DAG(s) 'tutorial_dag' retrieved from /home/airflow/.local/lib/python3.12/site-packages/airflow/example_dags/tutorial_dag.py
[2025-02-04T14:54:15.658+0000] {logging_mixin.py:190} INFO - [2025-02-04T14:54:15.657+0000] {dag.py:3239} INFO - Sync 1 DAGs
[2025-02-04T14:54:15.684+0000] {logging_mixin.py:190} INFO - [2025-02-04T14:54:15.683+0000] {dag.py:4180} INFO - Setting next_dagrun for tutorial_dag to None, run_after=None
[2025-02-04T14:54:15.723+0000] {processor.py:208} INFO - Processing /home/airflow/.local/lib/python3.12/site-packages/airflow/example_dags/tutorial_dag.py took 0.126 seconds
[2025-02-04T14:54:46.075+0000] {processor.py:186} INFO - Started process (PID=719) to work on /home/airflow/.local/lib/python3.12/site-packages/airflow/example_dags/tutorial_dag.py
[2025-02-04T14:54:46.076+0000] {processor.py:914} INFO - Processing file /home/airflow/.local/lib/python3.12/site-packages/airflow/example_dags/tutorial_dag.py for tasks to queue
[2025-02-04T14:54:46.080+0000] {logging_mixin.py:190} INFO - [2025-02-04T14:54:46.080+0000] {dagbag.py:588} INFO - Filling up the DagBag from /home/airflow/.local/lib/python3.12/site-packages/airflow/example_dags/tutorial_dag.py
[2025-02-04T14:54:46.095+0000] {processor.py:925} INFO - DAG(s) 'tutorial_dag' retrieved from /home/airflow/.local/lib/python3.12/site-packages/airflow/example_dags/tutorial_dag.py
[2025-02-04T14:54:46.128+0000] {logging_mixin.py:190} INFO - [2025-02-04T14:54:46.127+0000] {dag.py:3239} INFO - Sync 1 DAGs
[2025-02-04T14:54:46.157+0000] {logging_mixin.py:190} INFO - [2025-02-04T14:54:46.156+0000] {dag.py:4180} INFO - Setting next_dagrun for tutorial_dag to None, run_after=None
[2025-02-04T14:54:46.253+0000] {processor.py:208} INFO - Processing /home/airflow/.local/lib/python3.12/site-packages/airflow/example_dags/tutorial_dag.py took 0.189 seconds
[2025-02-04T14:55:16.989+0000] {processor.py:186} INFO - Started process (PID=784) to work on /home/airflow/.local/lib/python3.12/site-packages/airflow/example_dags/tutorial_dag.py
[2025-02-04T14:55:16.991+0000] {processor.py:914} INFO - Processing file /home/airflow/.local/lib/python3.12/site-packages/airflow/example_dags/tutorial_dag.py for tasks to queue
[2025-02-04T14:55:16.995+0000] {logging_mixin.py:190} INFO - [2025-02-04T14:55:16.995+0000] {dagbag.py:588} INFO - Filling up the DagBag from /home/airflow/.local/lib/python3.12/site-packages/airflow/example_dags/tutorial_dag.py
[2025-02-04T14:55:17.011+0000] {processor.py:925} INFO - DAG(s) 'tutorial_dag' retrieved from /home/airflow/.local/lib/python3.12/site-packages/airflow/example_dags/tutorial_dag.py
[2025-02-04T14:55:17.055+0000] {logging_mixin.py:190} INFO - [2025-02-04T14:55:17.055+0000] {dag.py:3239} INFO - Sync 1 DAGs
[2025-02-04T14:55:17.111+0000] {logging_mixin.py:190} INFO - [2025-02-04T14:55:17.110+0000] {dag.py:4180} INFO - Setting next_dagrun for tutorial_dag to None, run_after=None
[2025-02-04T14:55:17.154+0000] {processor.py:208} INFO - Processing /home/airflow/.local/lib/python3.12/site-packages/airflow/example_dags/tutorial_dag.py took 0.179 seconds
[2025-02-04T14:55:55.622+0000] {processor.py:186} INFO - Started process (PID=851) to work on /home/airflow/.local/lib/python3.12/site-packages/airflow/example_dags/tutorial_dag.py
[2025-02-04T14:55:55.649+0000] {processor.py:914} INFO - Processing file /home/airflow/.local/lib/python3.12/site-packages/airflow/example_dags/tutorial_dag.py for tasks to queue
[2025-02-04T14:55:55.674+0000] {logging_mixin.py:190} INFO - [2025-02-04T14:55:55.673+0000] {dagbag.py:588} INFO - Filling up the DagBag from /home/airflow/.local/lib/python3.12/site-packages/airflow/example_dags/tutorial_dag.py
[2025-02-04T14:55:55.726+0000] {processor.py:925} INFO - DAG(s) 'tutorial_dag' retrieved from /home/airflow/.local/lib/python3.12/site-packages/airflow/example_dags/tutorial_dag.py
[2025-02-04T14:55:55.851+0000] {logging_mixin.py:190} INFO - [2025-02-04T14:55:55.849+0000] {dag.py:3239} INFO - Sync 1 DAGs
[2025-02-04T14:55:56.005+0000] {logging_mixin.py:190} INFO - [2025-02-04T14:55:56.004+0000] {dag.py:4180} INFO - Setting next_dagrun for tutorial_dag to None, run_after=None
[2025-02-04T14:55:56.165+0000] {processor.py:208} INFO - Processing /home/airflow/.local/lib/python3.12/site-packages/airflow/example_dags/tutorial_dag.py took 0.603 seconds
[2025-02-04T14:56:27.007+0000] {processor.py:186} INFO - Started process (PID=915) to work on /home/airflow/.local/lib/python3.12/site-packages/airflow/example_dags/tutorial_dag.py
[2025-02-04T14:56:27.009+0000] {processor.py:914} INFO - Processing file /home/airflow/.local/lib/python3.12/site-packages/airflow/example_dags/tutorial_dag.py for tasks to queue
[2025-02-04T14:56:27.026+0000] {logging_mixin.py:190} INFO - [2025-02-04T14:56:27.025+0000] {dagbag.py:588} INFO - Filling up the DagBag from /home/airflow/.local/lib/python3.12/site-packages/airflow/example_dags/tutorial_dag.py
[2025-02-04T14:56:27.108+0000] {processor.py:925} INFO - DAG(s) 'tutorial_dag' retrieved from /home/airflow/.local/lib/python3.12/site-packages/airflow/example_dags/tutorial_dag.py
[2025-02-04T14:56:27.179+0000] {logging_mixin.py:190} INFO - [2025-02-04T14:56:27.178+0000] {dag.py:3239} INFO - Sync 1 DAGs
[2025-02-04T14:56:27.245+0000] {logging_mixin.py:190} INFO - [2025-02-04T14:56:27.244+0000] {dag.py:4180} INFO - Setting next_dagrun for tutorial_dag to None, run_after=None
[2025-02-04T14:56:27.356+0000] {processor.py:208} INFO - Processing /home/airflow/.local/lib/python3.12/site-packages/airflow/example_dags/tutorial_dag.py took 0.424 seconds
[2025-02-04T14:56:57.519+0000] {processor.py:186} INFO - Started process (PID=979) to work on /home/airflow/.local/lib/python3.12/site-packages/airflow/example_dags/tutorial_dag.py
[2025-02-04T14:56:57.520+0000] {processor.py:914} INFO - Processing file /home/airflow/.local/lib/python3.12/site-packages/airflow/example_dags/tutorial_dag.py for tasks to queue
[2025-02-04T14:56:57.524+0000] {logging_mixin.py:190} INFO - [2025-02-04T14:56:57.523+0000] {dagbag.py:588} INFO - Filling up the DagBag from /home/airflow/.local/lib/python3.12/site-packages/airflow/example_dags/tutorial_dag.py
[2025-02-04T14:56:57.534+0000] {processor.py:925} INFO - DAG(s) 'tutorial_dag' retrieved from /home/airflow/.local/lib/python3.12/site-packages/airflow/example_dags/tutorial_dag.py
[2025-02-04T14:56:57.562+0000] {logging_mixin.py:190} INFO - [2025-02-04T14:56:57.562+0000] {dag.py:3239} INFO - Sync 1 DAGs
[2025-02-04T14:56:57.582+0000] {logging_mixin.py:190} INFO - [2025-02-04T14:56:57.581+0000] {dag.py:4180} INFO - Setting next_dagrun for tutorial_dag to None, run_after=None
[2025-02-04T14:56:57.611+0000] {processor.py:208} INFO - Processing /home/airflow/.local/lib/python3.12/site-packages/airflow/example_dags/tutorial_dag.py took 0.101 seconds
[2025-02-04T14:57:27.830+0000] {processor.py:186} INFO - Started process (PID=1043) to work on /home/airflow/.local/lib/python3.12/site-packages/airflow/example_dags/tutorial_dag.py
[2025-02-04T14:57:27.831+0000] {processor.py:914} INFO - Processing file /home/airflow/.local/lib/python3.12/site-packages/airflow/example_dags/tutorial_dag.py for tasks to queue
[2025-02-04T14:57:27.835+0000] {logging_mixin.py:190} INFO - [2025-02-04T14:57:27.834+0000] {dagbag.py:588} INFO - Filling up the DagBag from /home/airflow/.local/lib/python3.12/site-packages/airflow/example_dags/tutorial_dag.py
[2025-02-04T14:57:27.845+0000] {processor.py:925} INFO - DAG(s) 'tutorial_dag' retrieved from /home/airflow/.local/lib/python3.12/site-packages/airflow/example_dags/tutorial_dag.py
[2025-02-04T14:57:27.874+0000] {logging_mixin.py:190} INFO - [2025-02-04T14:57:27.874+0000] {dag.py:3239} INFO - Sync 1 DAGs
[2025-02-04T14:57:27.894+0000] {logging_mixin.py:190} INFO - [2025-02-04T14:57:27.894+0000] {dag.py:4180} INFO - Setting next_dagrun for tutorial_dag to None, run_after=None
[2025-02-04T14:57:27.921+0000] {processor.py:208} INFO - Processing /home/airflow/.local/lib/python3.12/site-packages/airflow/example_dags/tutorial_dag.py took 0.100 seconds
[2025-02-04T14:57:58.590+0000] {processor.py:186} INFO - Started process (PID=1107) to work on /home/airflow/.local/lib/python3.12/site-packages/airflow/example_dags/tutorial_dag.py
[2025-02-04T14:57:58.591+0000] {processor.py:914} INFO - Processing file /home/airflow/.local/lib/python3.12/site-packages/airflow/example_dags/tutorial_dag.py for tasks to queue
[2025-02-04T14:57:58.595+0000] {logging_mixin.py:190} INFO - [2025-02-04T14:57:58.594+0000] {dagbag.py:588} INFO - Filling up the DagBag from /home/airflow/.local/lib/python3.12/site-packages/airflow/example_dags/tutorial_dag.py
[2025-02-04T14:57:58.609+0000] {processor.py:925} INFO - DAG(s) 'tutorial_dag' retrieved from /home/airflow/.local/lib/python3.12/site-packages/airflow/example_dags/tutorial_dag.py
[2025-02-04T14:57:58.650+0000] {logging_mixin.py:190} INFO - [2025-02-04T14:57:58.650+0000] {dag.py:3239} INFO - Sync 1 DAGs
[2025-02-04T14:57:58.690+0000] {logging_mixin.py:190} INFO - [2025-02-04T14:57:58.689+0000] {dag.py:4180} INFO - Setting next_dagrun for tutorial_dag to None, run_after=None
[2025-02-04T14:57:58.731+0000] {processor.py:208} INFO - Processing /home/airflow/.local/lib/python3.12/site-packages/airflow/example_dags/tutorial_dag.py took 0.152 seconds
[2025-02-04T14:58:31.695+0000] {processor.py:186} INFO - Started process (PID=1172) to work on /home/airflow/.local/lib/python3.12/site-packages/airflow/example_dags/tutorial_dag.py
[2025-02-04T14:58:31.697+0000] {processor.py:914} INFO - Processing file /home/airflow/.local/lib/python3.12/site-packages/airflow/example_dags/tutorial_dag.py for tasks to queue
[2025-02-04T14:58:31.704+0000] {logging_mixin.py:190} INFO - [2025-02-04T14:58:31.704+0000] {dagbag.py:588} INFO - Filling up the DagBag from /home/airflow/.local/lib/python3.12/site-packages/airflow/example_dags/tutorial_dag.py
[2025-02-04T14:58:31.721+0000] {processor.py:925} INFO - DAG(s) 'tutorial_dag' retrieved from /home/airflow/.local/lib/python3.12/site-packages/airflow/example_dags/tutorial_dag.py
[2025-02-04T14:58:31.774+0000] {logging_mixin.py:190} INFO - [2025-02-04T14:58:31.774+0000] {dag.py:3239} INFO - Sync 1 DAGs
[2025-02-04T14:58:31.810+0000] {logging_mixin.py:190} INFO - [2025-02-04T14:58:31.809+0000] {dag.py:4180} INFO - Setting next_dagrun for tutorial_dag to None, run_after=None
[2025-02-04T14:58:31.850+0000] {processor.py:208} INFO - Processing /home/airflow/.local/lib/python3.12/site-packages/airflow/example_dags/tutorial_dag.py took 0.169 seconds
[2025-02-04T14:59:02.841+0000] {processor.py:186} INFO - Started process (PID=1237) to work on /home/airflow/.local/lib/python3.12/site-packages/airflow/example_dags/tutorial_dag.py
[2025-02-04T14:59:02.843+0000] {processor.py:914} INFO - Processing file /home/airflow/.local/lib/python3.12/site-packages/airflow/example_dags/tutorial_dag.py for tasks to queue
[2025-02-04T14:59:02.847+0000] {logging_mixin.py:190} INFO - [2025-02-04T14:59:02.846+0000] {dagbag.py:588} INFO - Filling up the DagBag from /home/airflow/.local/lib/python3.12/site-packages/airflow/example_dags/tutorial_dag.py
[2025-02-04T14:59:02.858+0000] {processor.py:925} INFO - DAG(s) 'tutorial_dag' retrieved from /home/airflow/.local/lib/python3.12/site-packages/airflow/example_dags/tutorial_dag.py
[2025-02-04T14:59:02.889+0000] {logging_mixin.py:190} INFO - [2025-02-04T14:59:02.888+0000] {dag.py:3239} INFO - Sync 1 DAGs
[2025-02-04T14:59:02.912+0000] {logging_mixin.py:190} INFO - [2025-02-04T14:59:02.912+0000] {dag.py:4180} INFO - Setting next_dagrun for tutorial_dag to None, run_after=None
[2025-02-04T14:59:02.946+0000] {processor.py:208} INFO - Processing /home/airflow/.local/lib/python3.12/site-packages/airflow/example_dags/tutorial_dag.py took 0.117 seconds
[2025-02-04T14:59:37.817+0000] {processor.py:186} INFO - Started process (PID=1301) to work on /home/airflow/.local/lib/python3.12/site-packages/airflow/example_dags/tutorial_dag.py
[2025-02-04T14:59:37.820+0000] {processor.py:914} INFO - Processing file /home/airflow/.local/lib/python3.12/site-packages/airflow/example_dags/tutorial_dag.py for tasks to queue
[2025-02-04T14:59:37.824+0000] {logging_mixin.py:190} INFO - [2025-02-04T14:59:37.823+0000] {dagbag.py:588} INFO - Filling up the DagBag from /home/airflow/.local/lib/python3.12/site-packages/airflow/example_dags/tutorial_dag.py
[2025-02-04T14:59:37.838+0000] {processor.py:925} INFO - DAG(s) 'tutorial_dag' retrieved from /home/airflow/.local/lib/python3.12/site-packages/airflow/example_dags/tutorial_dag.py
[2025-02-04T14:59:37.874+0000] {logging_mixin.py:190} INFO - [2025-02-04T14:59:37.873+0000] {dag.py:3239} INFO - Sync 1 DAGs
[2025-02-04T14:59:37.901+0000] {logging_mixin.py:190} INFO - [2025-02-04T14:59:37.901+0000] {dag.py:4180} INFO - Setting next_dagrun for tutorial_dag to None, run_after=None
[2025-02-04T14:59:37.939+0000] {processor.py:208} INFO - Processing /home/airflow/.local/lib/python3.12/site-packages/airflow/example_dags/tutorial_dag.py took 0.135 seconds
[2025-02-04T15:00:08.152+0000] {processor.py:186} INFO - Started process (PID=1365) to work on /home/airflow/.local/lib/python3.12/site-packages/airflow/example_dags/tutorial_dag.py
[2025-02-04T15:00:08.153+0000] {processor.py:914} INFO - Processing file /home/airflow/.local/lib/python3.12/site-packages/airflow/example_dags/tutorial_dag.py for tasks to queue
[2025-02-04T15:00:08.157+0000] {logging_mixin.py:190} INFO - [2025-02-04T15:00:08.157+0000] {dagbag.py:588} INFO - Filling up the DagBag from /home/airflow/.local/lib/python3.12/site-packages/airflow/example_dags/tutorial_dag.py
[2025-02-04T15:00:08.168+0000] {processor.py:925} INFO - DAG(s) 'tutorial_dag' retrieved from /home/airflow/.local/lib/python3.12/site-packages/airflow/example_dags/tutorial_dag.py
[2025-02-04T15:00:08.204+0000] {logging_mixin.py:190} INFO - [2025-02-04T15:00:08.204+0000] {dag.py:3239} INFO - Sync 1 DAGs
[2025-02-04T15:00:08.257+0000] {logging_mixin.py:190} INFO - [2025-02-04T15:00:08.257+0000] {dag.py:4180} INFO - Setting next_dagrun for tutorial_dag to None, run_after=None
[2025-02-04T15:00:08.332+0000] {processor.py:208} INFO - Processing /home/airflow/.local/lib/python3.12/site-packages/airflow/example_dags/tutorial_dag.py took 0.189 seconds
[2025-02-04T15:00:39.407+0000] {processor.py:186} INFO - Started process (PID=1430) to work on /home/airflow/.local/lib/python3.12/site-packages/airflow/example_dags/tutorial_dag.py
[2025-02-04T15:00:39.409+0000] {processor.py:914} INFO - Processing file /home/airflow/.local/lib/python3.12/site-packages/airflow/example_dags/tutorial_dag.py for tasks to queue
[2025-02-04T15:00:39.413+0000] {logging_mixin.py:190} INFO - [2025-02-04T15:00:39.412+0000] {dagbag.py:588} INFO - Filling up the DagBag from /home/airflow/.local/lib/python3.12/site-packages/airflow/example_dags/tutorial_dag.py
[2025-02-04T15:00:39.429+0000] {processor.py:925} INFO - DAG(s) 'tutorial_dag' retrieved from /home/airflow/.local/lib/python3.12/site-packages/airflow/example_dags/tutorial_dag.py
[2025-02-04T15:00:39.470+0000] {logging_mixin.py:190} INFO - [2025-02-04T15:00:39.469+0000] {dag.py:3239} INFO - Sync 1 DAGs
[2025-02-04T15:00:39.500+0000] {logging_mixin.py:190} INFO - [2025-02-04T15:00:39.499+0000] {dag.py:4180} INFO - Setting next_dagrun for tutorial_dag to None, run_after=None
[2025-02-04T15:00:39.537+0000] {processor.py:208} INFO - Processing /home/airflow/.local/lib/python3.12/site-packages/airflow/example_dags/tutorial_dag.py took 0.143 seconds
[2025-02-04T15:01:11.565+0000] {processor.py:186} INFO - Started process (PID=1496) to work on /home/airflow/.local/lib/python3.12/site-packages/airflow/example_dags/tutorial_dag.py
[2025-02-04T15:01:11.569+0000] {processor.py:914} INFO - Processing file /home/airflow/.local/lib/python3.12/site-packages/airflow/example_dags/tutorial_dag.py for tasks to queue
[2025-02-04T15:01:11.575+0000] {logging_mixin.py:190} INFO - [2025-02-04T15:01:11.574+0000] {dagbag.py:588} INFO - Filling up the DagBag from /home/airflow/.local/lib/python3.12/site-packages/airflow/example_dags/tutorial_dag.py
[2025-02-04T15:01:11.593+0000] {processor.py:925} INFO - DAG(s) 'tutorial_dag' retrieved from /home/airflow/.local/lib/python3.12/site-packages/airflow/example_dags/tutorial_dag.py
[2025-02-04T15:01:11.631+0000] {logging_mixin.py:190} INFO - [2025-02-04T15:01:11.630+0000] {dag.py:3239} INFO - Sync 1 DAGs
[2025-02-04T15:01:11.658+0000] {logging_mixin.py:190} INFO - [2025-02-04T15:01:11.658+0000] {dag.py:4180} INFO - Setting next_dagrun for tutorial_dag to None, run_after=None
[2025-02-04T15:01:11.693+0000] {processor.py:208} INFO - Processing /home/airflow/.local/lib/python3.12/site-packages/airflow/example_dags/tutorial_dag.py took 0.138 seconds
